============================================================
   Tang Dynasty, V5.6.71036
      Copyright (c) 2012-2023 Anlogic Inc.
   Executable = D:/Anlogic/TD5.6.2/bin/td.exe
   Built at =   20:34:38 Mar 21 2023
   Run by =     15597
   Run Date =   Sun Nov 12 00:07:58 2023

   Run on =     XR097-DELL-G7
============================================================
RUN-1002 : start command "open_project FOC_Controller.prj"
RUN-1001 : Print Global Property
RUN-1001 : ---------------------------------------------------------------
RUN-1001 :        Parameters        |  Settings  |  Default Values  |  Note  
RUN-1001 : ---------------------------------------------------------------
RUN-1001 :          message         |  standard  |     standard     |        
RUN-1001 :   mixed_pack_place_flow  |     on     |        on        |        
RUN-1001 :        qor_monitor       |    off     |       off        |        
RUN-1001 :        syn_ip_flow       |    off     |       off        |        
RUN-1001 :          thread          |    auto    |       auto       |        
RUN-1001 : ---------------------------------------------------------------
RUN-1001 : Print Design Property
RUN-1001 : --------------------------------------------------------------
RUN-1001 :        Parameters       |  Settings  |  Default Values  |  Note  
RUN-1001 : --------------------------------------------------------------
RUN-1001 :   default_reg_initial   |    auto    |       auto       |        
RUN-1001 :        infer_add        |     on     |        on        |        
RUN-1001 :        infer_fsm        |    off     |       off        |        
RUN-1001 :        infer_mult       |     on     |        on        |        
RUN-1001 :        infer_ram        |     on     |        on        |        
RUN-1001 :        infer_reg        |     on     |        on        |        
RUN-1001 :   infer_reg_init_value  |     on     |        on        |        
RUN-1001 :        infer_rom        |     on     |        on        |        
RUN-1001 :      infer_shifter      |     on     |        on        |        
RUN-1001 : --------------------------------------------------------------
RUN-1001 : Print Rtl Property
RUN-1001 : --------------------------------------------------------------
RUN-1001 :        Parameters       |  Settings  |  Default Values  |  Note  
RUN-1001 : --------------------------------------------------------------
RUN-1001 :       compress_add      |   ripple   |      ripple      |        
RUN-1001 :        elf_sload        |    off     |       off        |        
RUN-1001 :       fix_undriven      |     0      |        0         |        
RUN-1001 :         flatten         |    off     |       off        |        
RUN-1001 :       gate_sharing      |     on     |        on        |        
RUN-1001 :    hdl_warning_level    |   normal   |      normal      |        
RUN-1001 :   impl_internal_tribuf  |     on     |        on        |        
RUN-1001 :      impl_set_reset     |     on     |        on        |        
RUN-1001 :        infer_gsr        |    off     |       off        |        
RUN-1001 :      keep_hierarchy     |    auto    |       auto       |        
RUN-1001 :        max_fanout       |    9999    |       9999       |        
RUN-1001 :      max_oh2bin_len     |     10     |        10        |        
RUN-1001 :       merge_equal       |     on     |        on        |        
RUN-1001 :       merge_equiv       |     on     |        on        |        
RUN-1001 :        merge_mux        |    off     |       off        |        
RUN-1001 :     min_control_set     |     8      |        8         |        
RUN-1001 :      min_ripple_len     |    auto    |       auto       |        
RUN-1001 :       oh2bin_ratio      |    0.08    |       0.08       |        
RUN-1001 :     opt_adder_fanout    |     on     |        on        |        
RUN-1001 :        opt_arith        |     on     |        on        |        
RUN-1001 :       opt_big_gate      |    off     |       off        |        
RUN-1001 :        opt_const        |     on     |        on        |        
RUN-1001 :      opt_const_mult     |     on     |        on        |        
RUN-1001 :       opt_lessthan      |     on     |        on        |        
RUN-1001 :         opt_mux         |    off     |       off        |        
RUN-1001 :         opt_ram         |    high    |       high       |        
RUN-1001 :      rtl_sim_model      |    off     |       off        |        
RUN-1001 :         seq_syn         |     on     |        on        |        
RUN-1001 : --------------------------------------------------------------
HDL-1007 : analyze verilog file ../../al_ip/pll.v
HDL-1007 : undeclared symbol 'open', assumed default net type 'wire' in ../../al_ip/pll.v(88)
HDL-1007 : analyze verilog file ../../al_ip/MCU.v
HDL-1007 : analyze verilog file ../../RTL/adc_ad7928.v
HDL-1007 : analyze verilog file ../../RTL/foc/cartesian2polar.v
HDL-1007 : analyze verilog file ../../RTL/foc/clark_tr.v
HDL-1007 : analyze verilog file ../../RTL/foc/foc_top.v
HDL-1007 : analyze verilog file ../../RTL/foc/hold_detect.v
HDL-1007 : analyze verilog file ../../RTL/foc/park_tr.v
HDL-1007 : analyze verilog file ../../RTL/foc/pi_controller.v
HDL-1007 : analyze verilog file ../../RTL/foc/sincos.v
HDL-1007 : analyze verilog file ../../RTL/foc/svpwm.v
HDL-1007 : analyze verilog file ../../RTL/fpga_top.v
HDL-1007 : analyze verilog file ../../RTL/i2c_register_read.v
HDL-1007 : analyze verilog file ../../TOP.v
HDL-1007 : analyze verilog file ../../AS5600_sensor.v
HDL-1007 : analyze verilog file ../../ahb_foc_controller.v
RUN-1001 : Project manager successfully analyzed 16 source files.
RUN-1002 : start command "import_device sf1_6.db -package SF1S60CG121I"
ARC-1001 : Device Initialization.
ARC-1001 : -------------------------------------------------
ARC-1001 :       OPTION       |      IO       |   SETTING   
ARC-1001 : -------------------------------------------------
ARC-1001 :        done        |      B4       |    gpio    
ARC-1001 :        initn       |      A5       |    gpio    
ARC-1001 :       jtagen       |      B7       |    gpio    
ARC-1001 :      programn      |      B5       |  dedicate  
ARC-1001 :   tdi/tms/tck/tdo  |  C4/A6/A7/C5  |  dedicate  
ARC-1001 : -------------------------------------------------
ARC-1004 : Device setting, marked 5 dedicate IOs in total.
RUN-1002 : start command "import_db ../syn_1/FOC_Controller_gate.db"
RUN-1001 : Importing database generated by Tang Dynasty, V5.6.71036.
RUN-1001 : Database version number 46146.
RUN-1001 : Import flow parameters
RUN-1001 : Import IO constraints
RUN-1001 : Import Inst constraints
RUN-1001 : Import design success TD_VERSION=5.6.71036 , DB_VERSION=46146
RUN-1003 : finish command "import_db ../syn_1/FOC_Controller_gate.db" in  1.364591s wall, 0.546875s user + 0.000000s system = 0.546875s CPU (40.1%)

RUN-1004 : used memory is 250 MB, reserved memory is 225 MB, peak memory is 253 MB
RUN-1002 : start command "place"
RUN-1001 : Open license file D:/Anlogic/TD5.6.2/license/Anlogic.lic
RUN-1001 : Print Global Property
RUN-1001 : ---------------------------------------------------------------
RUN-1001 :        Parameters        |  Settings  |  Default Values  |  Note  
RUN-1001 : ---------------------------------------------------------------
RUN-1001 :          message         |  standard  |     standard     |        
RUN-1001 :   mixed_pack_place_flow  |     on     |        on        |        
RUN-1001 :        qor_monitor       |    off     |       off        |        
RUN-1001 :        syn_ip_flow       |    off     |       off        |        
RUN-1001 :          thread          |     32     |       auto       |   *    
RUN-1001 : ---------------------------------------------------------------
RUN-1002 : start command "set_param place effort high"
RUN-1002 : start command "set_param place opt_timing ultra"
RUN-1001 : Print Place Property
RUN-1001 : --------------------------------------------------------------
RUN-1001 :        Parameters       |  Settings  |  Default Values  |  Note  
RUN-1001 : --------------------------------------------------------------
RUN-1001 :      detailed_place     |     on     |        on        |        
RUN-1001 :          effort         |    high    |      medium      |   *    
RUN-1001 :         fix_hold        |    off     |       off        |        
RUN-1001 :       legalization      |    ori     |       ori        |        
RUN-1001 :      new_spreading      |     on     |        on        |        
RUN-1001 :        opt_timing       |   ultra    |      medium      |   *    
RUN-1001 :   post_clock_route_opt  |    off     |       off        |        
RUN-1001 :       pr_strategy       |     1      |        1         |        
RUN-1001 :        relaxation       |    1.00    |       1.00       |        
RUN-1001 :         retiming        |    off     |       off        |        
RUN-1001 : --------------------------------------------------------------
PHY-3001 : Placer runs in 32 thread(s) with high effort.
RUN-1002 : start command "legalize_phy_inst"
SYN-1011 : Flatten model fpga_top
SYN-5055 WARNING: The kept net u_mcu/hsize_int[2] will be merged to another kept net u_ahb_foc_controller/I_ahb_hsize[2]
SYN-5055 WARNING: The kept net u_mcu/hsize_int[1] will be merged to another kept net u_ahb_foc_controller/I_ahb_hsize[1]
SYN-5055 WARNING: The kept net u_mcu/hsize_int[0] will be merged to another kept net u_ahb_foc_controller/I_ahb_hsize[0]
SYN-5055 WARNING: The kept net u_mcu/hrdata[31] will be merged to another kept net u_ahb_foc_controller/O_ahb_hrdata[31]
SYN-5055 WARNING: The kept net u_mcu/hrdata[30] will be merged to another kept net u_ahb_foc_controller/O_ahb_hrdata[30]
SYN-5055 WARNING: The kept net u_mcu/hrdata[29] will be merged to another kept net u_ahb_foc_controller/O_ahb_hrdata[29]
SYN-5055 WARNING: The kept net u_mcu/hrdata[28] will be merged to another kept net u_ahb_foc_controller/O_ahb_hrdata[28]
SYN-5055 WARNING: The kept net u_mcu/hrdata[27] will be merged to another kept net u_ahb_foc_controller/O_ahb_hrdata[27]
SYN-5055 WARNING: The kept net u_mcu/hrdata[26] will be merged to another kept net u_ahb_foc_controller/O_ahb_hrdata[26]
SYN-5055 WARNING: The kept net u_mcu/hrdata[25] will be merged to another kept net u_ahb_foc_controller/O_ahb_hrdata[25]
SYN-5055 Similar messages will be suppressed.
RUN-1002 : start command "phys_opt -simplify_lut"
SYN-4016 : Net u_mcu/hclk driven by BUFG (1124 clock/control pins, 1 other pins).
SYN-4027 : Net u_ahb_foc_controller/u_foc_controller/u_adc_ad7928/clk is clkc1 of pll u_pll/pll_inst.
SYN-4019 : Net I_clk_25m_dup_1 is refclk of pll u_pll/pll_inst.
SYN-4020 : Net I_clk_25m_dup_1 is fbclk of pll u_pll/pll_inst.
SYN-4024 : Net "u_ahb_foc_controller/u_foc_controller/S_angle_velocity_clk" drives clk pins.
SYN-4024 : Net "u_ahb_foc_controller/u_foc_controller/S_angle_position_clk" drives clk pins.
SYN-4024 : Net "u_ahb_foc_controller/u_foc_controller/u_foc_top/O_init_done" drives clk pins.
SYN-4025 : Tag rtl::Net I_clk_25m_dup_1 as clock net
SYN-4025 : Tag rtl::Net u_ahb_foc_controller/u_foc_controller/S_angle_position_clk as clock net
SYN-4025 : Tag rtl::Net u_ahb_foc_controller/u_foc_controller/S_angle_velocity_clk as clock net
SYN-4025 : Tag rtl::Net u_ahb_foc_controller/u_foc_controller/u_adc_ad7928/clk as clock net
SYN-4025 : Tag rtl::Net u_ahb_foc_controller/u_foc_controller/u_foc_top/O_init_done as clock net
SYN-4025 : Tag rtl::Net u_mcu/hclk as clock net
SYN-4026 : Tagged 6 rtl::Net as clock net
SYN-4015 : Create BUFG instance for clk Net u_ahb_foc_controller/u_foc_controller/S_angle_velocity_clk to drive 156 clock pins.
SYN-4015 : Create BUFG instance for clk Net u_ahb_foc_controller/u_foc_controller/S_angle_position_clk to drive 24 clock pins.
SYN-4015 : Create BUFG instance for clk Net u_ahb_foc_controller/u_foc_controller/u_foc_top/O_init_done to drive 12 clock pins.
PHY-1001 : Populate physical database on model fpga_top.
RUN-1001 : There are total 6598 instances
RUN-0007 : 2957 luts, 2440 seqs, 755 mslices, 387 lslices, 27 pads, 11 brams, 10 dsps
RUN-1001 : There are total 9610 nets
RUN-6004 WARNING: There are 3 nets with only 1 pin.
RUN-1001 : 7529 nets have 2 pins
RUN-1001 : 1533 nets have [3 - 5] pins
RUN-1001 : 170 nets have [6 - 10] pins
RUN-1001 : 241 nets have [11 - 20] pins
RUN-1001 : 121 nets have [21 - 99] pins
RUN-1001 : 13 nets have 100+ pins
RUN-1001 : Report Control nets information:
RUN-1001 : DFF Distribution
RUN-1001 : ----------------------------------
RUN-1001 :   CE   |  SSR  |  ASR  |  DFF Count  
RUN-1001 : ----------------------------------
RUN-1001 :   No   |  No   |  No   |     75      
RUN-1001 :   No   |  No   |  Yes  |     570     
RUN-1001 :   No   |  Yes  |  No   |      9      
RUN-1001 :   Yes  |  No   |  No   |     57      
RUN-1001 :   Yes  |  No   |  Yes  |    1729     
RUN-1001 :   Yes  |  Yes  |  No   |      0      
RUN-1001 : ----------------------------------
RUN-0007 : Control Group Statistic
RUN-0007 : ---------------------------
RUN-0007 :   #CLK  |  #CE  |  #SSR/ASR  
RUN-0007 : ---------------------------
RUN-0007 :    5    |  65   |     4      
RUN-0007 : ---------------------------
RUN-0007 : Control Set = 73
PHY-3001 : Initial placement ...
PHY-3001 : design contains 6594 instances, 2957 luts, 2440 seqs, 1142 slices, 167 macros(1142 instances: 755 mslices 387 lslices)
PHY-3001 : Huge net u_ahb_foc_controller/u_foc_controller/mux1_syn_2[0] with 1634 pins
PHY-0007 : Cell area utilization is 89%
PHY-3001 : Global placement ...
PHY-3001 : Initial: Len = 1.27891e+06
PHY-3001 : Run with size of 3
PHY-3001 : Cell area utilization is 89%
PHY-3001 : :::0::: Try harder cell spreading with beta_ = 0
PHY-3002 : Step(1): len = 805677, overlap = 224.781
PHY-3002 : Step(2): len = 742981, overlap = 261.469
PHY-3002 : Step(3): len = 528545, overlap = 356.969
PHY-3002 : Step(4): len = 523951, overlap = 362.688
PHY-3002 : Step(5): len = 382849, overlap = 389.906
PHY-3002 : Step(6): len = 367394, overlap = 390.812
PHY-3002 : Step(7): len = 336219, overlap = 405.719
PHY-3002 : Step(8): len = 299221, overlap = 420.125
PHY-3002 : Step(9): len = 260388, overlap = 441.875
PHY-3002 : Step(10): len = 233349, overlap = 465.75
PHY-3002 : Step(11): len = 215514, overlap = 476.562
PHY-3002 : Step(12): len = 202517, overlap = 487.781
PHY-3002 : Step(13): len = 192456, overlap = 504.844
PHY-3002 : Step(14): len = 176012, overlap = 517.156
PHY-3002 : Step(15): len = 165625, overlap = 525.281
PHY-3002 : Step(16): len = 160142, overlap = 533
PHY-3001 : :::1::: Try harder cell spreading with beta_ = 4.04838e-06
PHY-3002 : Step(17): len = 157215, overlap = 518.844
PHY-3002 : Step(18): len = 158772, overlap = 516.75
PHY-3002 : Step(19): len = 175415, overlap = 482.156
PHY-3002 : Step(20): len = 183133, overlap = 466.781
PHY-3002 : Step(21): len = 175508, overlap = 459.312
PHY-3002 : Step(22): len = 175226, overlap = 461.719
PHY-3002 : Step(23): len = 163902, overlap = 464.656
PHY-3002 : Step(24): len = 159461, overlap = 446.781
PHY-3002 : Step(25): len = 159454, overlap = 435.781
PHY-3002 : Step(26): len = 155392, overlap = 429.156
PHY-3002 : Step(27): len = 155084, overlap = 425.531
PHY-3002 : Step(28): len = 152742, overlap = 425.188
PHY-3002 : Step(29): len = 152567, overlap = 418.344
PHY-3002 : Step(30): len = 149064, overlap = 416.25
PHY-3002 : Step(31): len = 147693, overlap = 405.781
PHY-3002 : Step(32): len = 147426, overlap = 402.469
PHY-3002 : Step(33): len = 144586, overlap = 406.531
PHY-3002 : Step(34): len = 143909, overlap = 411.25
PHY-3002 : Step(35): len = 143901, overlap = 407.969
PHY-3001 : :::2::: Try harder cell spreading with beta_ = 8.09676e-06
PHY-3002 : Step(36): len = 143550, overlap = 400.312
PHY-3002 : Step(37): len = 143775, overlap = 403.438
PHY-3002 : Step(38): len = 143966, overlap = 403.812
PHY-3001 : :::3::: Try harder cell spreading with beta_ = 1.31006e-05
PHY-3002 : Step(39): len = 146783, overlap = 403.281
PHY-3002 : Step(40): len = 147279, overlap = 403.406
PHY-3002 : Step(41): len = 148764, overlap = 397.031
PHY-3002 : Step(42): len = 150337, overlap = 397.438
PHY-3002 : Step(43): len = 158099, overlap = 376.625
PHY-3002 : Step(44): len = 165880, overlap = 356.688
PHY-3002 : Step(45): len = 167716, overlap = 345.125
PHY-3002 : Step(46): len = 168085, overlap = 343.719
PHY-3002 : Step(47): len = 168428, overlap = 347.75
PHY-3002 : Step(48): len = 164937, overlap = 345.906
PHY-3002 : Step(49): len = 163028, overlap = 351.938
PHY-3002 : Step(50): len = 160612, overlap = 349.188
PHY-3002 : Step(51): len = 160575, overlap = 347.281
PHY-3002 : Step(52): len = 160403, overlap = 345.906
PHY-3002 : Step(53): len = 159813, overlap = 341.969
PHY-3001 : :::4::: Try harder cell spreading with beta_ = 2.62011e-05
PHY-3002 : Step(54): len = 161078, overlap = 338.562
PHY-3002 : Step(55): len = 161435, overlap = 338.906
PHY-3002 : Step(56): len = 161691, overlap = 338.562
PHY-3001 : :::5::: Try harder cell spreading with beta_ = 4.3449e-05
PHY-3002 : Step(57): len = 163058, overlap = 338.531
PHY-3002 : Step(58): len = 163206, overlap = 338.188
PHY-3002 : Step(59): len = 164043, overlap = 334.844
PHY-3001 : :::6::: Try harder cell spreading with beta_ = 7.03005e-05
PHY-3002 : Step(60): len = 170467, overlap = 331.25
PHY-3002 : Step(61): len = 173876, overlap = 332.125
PHY-3002 : Step(62): len = 178390, overlap = 316.594
PHY-3002 : Step(63): len = 180781, overlap = 297.969
PHY-3002 : Step(64): len = 181916, overlap = 286.594
PHY-3002 : Step(65): len = 184138, overlap = 278.594
PHY-3002 : Step(66): len = 185190, overlap = 276.625
PHY-3002 : Step(67): len = 187360, overlap = 269.781
PHY-3002 : Step(68): len = 190005, overlap = 259.688
PHY-3002 : Step(69): len = 189552, overlap = 247.531
PHY-3002 : Step(70): len = 189985, overlap = 236.438
PHY-3002 : Step(71): len = 191762, overlap = 225.844
PHY-3002 : Step(72): len = 193317, overlap = 219.188
PHY-3002 : Step(73): len = 191979, overlap = 203.906
PHY-3002 : Step(74): len = 190941, overlap = 205.344
PHY-3002 : Step(75): len = 190706, overlap = 201
PHY-3001 : :::7::: Try harder cell spreading with beta_ = 0.000140601
PHY-3002 : Step(76): len = 193230, overlap = 201.406
PHY-3002 : Step(77): len = 193488, overlap = 200.781
PHY-3002 : Step(78): len = 193714, overlap = 199.719
PHY-3001 : Legalization ...
PHY-3001 : End legalization;  0.033589s wall, 0.000000s user + 0.000000s system = 0.000000s CPU (n/a%)

PHY-3001 : Detailed place not supported.
PHY-3001 : Run with size of 3
PHY-3001 : Cell area utilization is 92%
PHY-3001 : Analyzing congestion ...
RUN-1001 : Generating global routing grids ...
RUN-1001 : Building simple global routing graph ...
PHY-1001 : Generate routing nets ...
PHY-1001 : Reuse net number 0/9610.
PHY-1001 : Global iterations in 32 thread ...
PHY-1002 : len = 249864, over cnt = 1257(11%), over = 8319, worst = 43
PHY-1001 : End global iterations;  0.601542s wall, 0.250000s user + 0.015625s system = 0.265625s CPU (44.2%)

PHY-1001 : Congestion index: top1 = 106.67, top5 = 89.82, top10 = 80.42, top15 = 74.58.
PHY-3001 : End congestion estimation;  0.706206s wall, 0.265625s user + 0.015625s system = 0.281250s CPU (39.8%)

PHY-3001 : Update density targets...
PHY-3001 : Update congestion history...
PHY-3001 : :::0::: Try harder cell spreading with beta_ = 3.5786e-06
PHY-3002 : Step(79): len = 200508, overlap = 242.625
PHY-3002 : Step(80): len = 198357, overlap = 254
PHY-3002 : Step(81): len = 192741, overlap = 293.781
PHY-3002 : Step(82): len = 184106, overlap = 309.188
PHY-3002 : Step(83): len = 176635, overlap = 320.562
PHY-3002 : Step(84): len = 170640, overlap = 333.844
PHY-3002 : Step(85): len = 166658, overlap = 358.531
PHY-3002 : Step(86): len = 166067, overlap = 364.688
PHY-3002 : Step(87): len = 161901, overlap = 374.344
PHY-3002 : Step(88): len = 156921, overlap = 395.438
PHY-3002 : Step(89): len = 154742, overlap = 399.781
PHY-3002 : Step(90): len = 155218, overlap = 417.281
PHY-3002 : Step(91): len = 154544, overlap = 417.625
PHY-3001 : :::1::: Try harder cell spreading with beta_ = 7.15721e-06
PHY-3002 : Step(92): len = 157640, overlap = 396.531
PHY-3002 : Step(93): len = 161374, overlap = 391.062
PHY-3002 : Step(94): len = 163695, overlap = 329.156
PHY-3002 : Step(95): len = 166033, overlap = 306.969
PHY-3002 : Step(96): len = 164847, overlap = 300.031
PHY-3002 : Step(97): len = 163986, overlap = 283.594
PHY-3002 : Step(98): len = 163427, overlap = 279.562
PHY-3002 : Step(99): len = 164409, overlap = 288.812
PHY-3002 : Step(100): len = 165485, overlap = 290.75
PHY-3001 : :::2::: Try harder cell spreading with beta_ = 1.43144e-05
PHY-3002 : Step(101): len = 167433, overlap = 296.469
PHY-3002 : Step(102): len = 169311, overlap = 299.156
PHY-3002 : Step(103): len = 172986, overlap = 286.312
PHY-3002 : Step(104): len = 175289, overlap = 286.5
PHY-3002 : Step(105): len = 176151, overlap = 278.625
PHY-3002 : Step(106): len = 176697, overlap = 269.938
PHY-3002 : Step(107): len = 175712, overlap = 257.188
PHY-3002 : Step(108): len = 174322, overlap = 251.656
PHY-3002 : Step(109): len = 174044, overlap = 251.281
PHY-3001 : :::3::: Try harder cell spreading with beta_ = 2.86288e-05
PHY-3002 : Step(110): len = 176520, overlap = 233.875
PHY-3002 : Step(111): len = 178088, overlap = 231.594
PHY-3002 : Step(112): len = 179978, overlap = 229.156
PHY-3002 : Step(113): len = 181983, overlap = 227.312
PHY-3002 : Step(114): len = 183101, overlap = 215.438
PHY-3001 : :::4::: Try harder cell spreading with beta_ = 5.72577e-05
PHY-3002 : Step(115): len = 186004, overlap = 208.906
PHY-3002 : Step(116): len = 190500, overlap = 207.344
PHY-3002 : Step(117): len = 193488, overlap = 203.375
PHY-3002 : Step(118): len = 194989, overlap = 182
PHY-3002 : Step(119): len = 195894, overlap = 180.781
PHY-3001 : :::5::: Try harder cell spreading with beta_ = 0.000114515
PHY-3002 : Step(120): len = 198324, overlap = 179.156
PHY-3002 : Step(121): len = 199188, overlap = 181.188
PHY-3002 : Step(122): len = 200674, overlap = 174.344
PHY-3002 : Step(123): len = 202508, overlap = 162.562
PHY-3002 : Step(124): len = 205067, overlap = 153.656
PHY-3002 : Step(125): len = 208332, overlap = 157.969
PHY-3002 : Step(126): len = 208626, overlap = 153.906
PHY-3002 : Step(127): len = 208226, overlap = 153.406
PHY-3002 : Step(128): len = 206712, overlap = 154.094
PHY-3002 : Step(129): len = 205214, overlap = 157.219
PHY-3002 : Step(130): len = 205026, overlap = 150.938
PHY-3001 : :::6::: Try harder cell spreading with beta_ = 0.000220109
PHY-3002 : Step(131): len = 206212, overlap = 149.594
PHY-3002 : Step(132): len = 209031, overlap = 146.75
PHY-3002 : Step(133): len = 211681, overlap = 145.938
PHY-3002 : Step(134): len = 212392, overlap = 138.531
PHY-3002 : Step(135): len = 212930, overlap = 128.906
PHY-3002 : Step(136): len = 213484, overlap = 125.156
PHY-3001 : :::7::: Try harder cell spreading with beta_ = 0.000428919
PHY-3002 : Step(137): len = 214702, overlap = 131.938
PHY-3002 : Step(138): len = 215737, overlap = 130.594
PHY-3002 : Step(139): len = 217411, overlap = 130.344
PHY-3001 : Run with size of 1
PHY-3001 : Cell area utilization is 92%
PHY-3001 : Analyzing congestion ...
RUN-1001 : Generating global routing grids ...
PHY-1001 : Generate routing nets ...
PHY-1001 : Reuse net number 50/9610.
PHY-1001 : Global iterations in 32 thread ...
PHY-1002 : len = 249208, over cnt = 1277(11%), over = 7073, worst = 40
PHY-1001 : End global iterations;  0.580174s wall, 0.234375s user + 0.000000s system = 0.234375s CPU (40.4%)

PHY-1001 : Congestion index: top1 = 106.74, top5 = 84.88, top10 = 73.68, top15 = 67.06.
PHY-3001 : End congestion estimation;  0.686335s wall, 0.265625s user + 0.000000s system = 0.265625s CPU (38.7%)

PHY-3001 : Update density targets...
PHY-3001 : Update congestion history...
PHY-3001 : :::0::: Try harder cell spreading with beta_ = 3.9437e-05
PHY-3002 : Step(140): len = 219641, overlap = 283.531
PHY-3002 : Step(141): len = 216207, overlap = 248.438
PHY-3002 : Step(142): len = 210601, overlap = 230.469
PHY-3002 : Step(143): len = 207129, overlap = 263
PHY-3002 : Step(144): len = 203950, overlap = 262.719
PHY-3002 : Step(145): len = 200091, overlap = 266.719
PHY-3002 : Step(146): len = 196865, overlap = 266.25
PHY-3002 : Step(147): len = 194011, overlap = 249.812
PHY-3002 : Step(148): len = 191620, overlap = 284.156
PHY-3002 : Step(149): len = 189595, overlap = 276.531
PHY-3002 : Step(150): len = 186596, overlap = 279.781
PHY-3002 : Step(151): len = 184798, overlap = 287.594
PHY-3002 : Step(152): len = 183482, overlap = 279.375
PHY-3001 : :::1::: Try harder cell spreading with beta_ = 7.8874e-05
PHY-3002 : Step(153): len = 186145, overlap = 261.5
PHY-3002 : Step(154): len = 189038, overlap = 251.25
PHY-3002 : Step(155): len = 190589, overlap = 240.25
PHY-3002 : Step(156): len = 190174, overlap = 235.688
PHY-3002 : Step(157): len = 190080, overlap = 237.562
PHY-3002 : Step(158): len = 189542, overlap = 241.188
PHY-3001 : :::2::: Try harder cell spreading with beta_ = 0.000157748
PHY-3002 : Step(159): len = 191838, overlap = 232.531
PHY-3002 : Step(160): len = 193539, overlap = 226.344
PHY-3002 : Step(161): len = 195462, overlap = 220.312
PHY-3002 : Step(162): len = 196880, overlap = 226.625
PHY-3002 : Step(163): len = 198807, overlap = 223.25
PHY-3002 : Step(164): len = 199941, overlap = 215.125
PHY-3002 : Step(165): len = 200154, overlap = 199.781
PHY-3001 : :::3::: Try harder cell spreading with beta_ = 0.000315496
PHY-3002 : Step(166): len = 201183, overlap = 201.969
PHY-3002 : Step(167): len = 202837, overlap = 200.125
PHY-3001 : :::4::: Try harder cell spreading with beta_ = 0.000510472
PHY-3002 : Step(168): len = 203532, overlap = 197.906
PHY-3002 : Step(169): len = 206607, overlap = 193.125
PHY-3002 : Step(170): len = 210991, overlap = 176.438
PHY-3002 : Step(171): len = 212666, overlap = 184.719
PHY-3002 : Step(172): len = 213610, overlap = 192.438
PHY-3002 : Step(173): len = 214073, overlap = 186.719
PHY-3002 : Step(174): len = 214130, overlap = 182.938
PHY-3002 : Step(175): len = 214235, overlap = 179.25
PHY-3002 : Step(176): len = 214539, overlap = 174.125
PHY-3001 : :::5::: Try harder cell spreading with beta_ = 0.000877763
PHY-3002 : Step(177): len = 214909, overlap = 177.406
PHY-3002 : Step(178): len = 216073, overlap = 175.594
PHY-3001 : :::6::: Try harder cell spreading with beta_ = 0.00142022
PHY-3002 : Step(179): len = 216461, overlap = 172.781
PHY-3002 : Step(180): len = 218117, overlap = 171.5
PHY-3002 : Step(181): len = 219847, overlap = 165.594
PHY-3002 : Step(182): len = 220782, overlap = 163.281
PHY-3002 : Step(183): len = 221268, overlap = 159.688
PHY-3002 : Step(184): len = 221720, overlap = 161.406
PHY-3002 : Step(185): len = 222253, overlap = 163.562
PHY-3002 : Step(186): len = 223169, overlap = 158.875
PHY-3002 : Step(187): len = 223788, overlap = 160.594
PHY-3002 : Step(188): len = 224396, overlap = 162.906
PHY-3002 : Step(189): len = 224773, overlap = 155.656
PHY-3002 : Step(190): len = 224949, overlap = 156.938
PHY-3001 : Detailed place not supported.
OPT-1001 : Start physical optimization ...
OPT-1001 : Total overflow 156.94 peak overflow 1.53
OPT-1001 : Start high-fanout net optimization ...
OPT-1001 : Update timing in global mode
PHY-1001 : Start incremental global routing, caller is place ...
RUN-1001 : Generating global routing grids ...
PHY-1001 : Generate routing nets ...
PHY-1001 : Reuse net number 415/9610.
PHY-1001 : Global iterations in 32 thread ...
PHY-1002 : len = 265816, over cnt = 1529(13%), over = 6614, worst = 22
PHY-1001 : End global iterations;  0.520964s wall, 0.187500s user + 0.000000s system = 0.187500s CPU (36.0%)

PHY-1001 : Congestion index: top1 = 87.57, top5 = 75.53, top10 = 68.13, top15 = 63.73.
PHY-1001 : End incremental global routing;  0.621600s wall, 0.203125s user + 0.000000s system = 0.203125s CPU (32.7%)

RUN-1002 : start command "start_timer -report"
TMR-5001 WARNING: No sdc constraints found while initiating timer.
TMR-2505 : Start building timing graph for model fpga_top.
TMR-2506 : Build timing graph completely. Port num: 21, tpin num: 35086, tnet num: 9606, tinst num: 6594, tnode num: 44728, tedge num: 63075.
TMR-2508 : Levelizing timing graph completed, there are 45 levels in total.
TMR-2501 : Timing graph initialized successfully.
OPT-1001 : End timing update;  0.703212s wall, 0.234375s user + 0.015625s system = 0.250000s CPU (35.6%)

OPT-1001 : 0 high-fanout net processed.
OPT-1001 : End high-fanout net optimization;  1.488278s wall, 0.484375s user + 0.015625s system = 0.500000s CPU (33.6%)

OPT-1001 : Current memory(MB): used = 383, reserve = 360, peak = 383.
OPT-1001 : End physical optimization;  1.575706s wall, 0.515625s user + 0.015625s system = 0.531250s CPU (33.7%)

PHY-3001 : Start packing ...
SYN-4007 : Packing 0 MUX to BLE ...
SYN-4008 : Packed 0 MUX and 0 SEQ to BLE.
SYN-4007 : Packing 2957 LUT to BLE ...
SYN-4008 : Packed 2957 LUT and 716 SEQ to BLE.
SYN-4003 : Packing 1724 remaining SEQ's ...
SYN-4005 : Packed 1679 SEQ with LUT/SLICE
SYN-4006 : 737 single LUT's are left
SYN-4006 : 45 single SEQ's are left
SYN-4011 : Packing model "fpga_top" (AL_USER_NORMAL) with 3002/4273 primitive instances ...
PHY-3001 : End packing;  2.222725s wall, 0.578125s user + 0.078125s system = 0.656250s CPU (29.5%)

PHY-1001 : Populate physical database on model fpga_top.
RUN-1001 : There are total 2811 instances
RUN-1001 : 1376 mslices, 1376 lslices, 27 pads, 11 brams, 10 dsps
RUN-1001 : There are total 9008 nets
RUN-6004 WARNING: There are 3 nets with only 1 pin.
RUN-1001 : 6929 nets have 2 pins
RUN-1001 : 1540 nets have [3 - 5] pins
RUN-1001 : 180 nets have [6 - 10] pins
RUN-1001 : 246 nets have [11 - 20] pins
RUN-1001 : 100 nets have [21 - 99] pins
RUN-1001 : 10 nets have 100+ pins
PHY-3001 : design contains 2807 instances, 2752 slices, 167 macros(1142 instances: 755 mslices 387 lslices)
PHY-3001 : Cell area utilization is 95%
PHY-3001 : After packing: Len = 256041, Over = 204.5
PHY-3001 : Run with size of 1
PHY-3001 : Cell area utilization is 95%
PHY-3001 : Analyzing congestion ...
RUN-1001 : Generating global routing grids ...
PHY-1001 : Generate routing nets ...
PHY-1001 : Reuse net number 4876/9008.
PHY-1001 : Global iterations in 32 thread ...
PHY-1002 : len = 306688, over cnt = 1588(14%), over = 4542, worst = 20
PHY-1002 : len = 335456, over cnt = 1292(11%), over = 2473, worst = 15
PHY-1002 : len = 361184, over cnt = 735(6%), over = 1099, worst = 9
PHY-1002 : len = 383560, over cnt = 172(1%), over = 179, worst = 2
PHY-1002 : len = 397904, over cnt = 16(0%), over = 16, worst = 1
PHY-1001 : End global iterations;  2.245426s wall, 0.859375s user + 0.015625s system = 0.875000s CPU (39.0%)

PHY-1001 : Congestion index: top1 = 73.61, top5 = 67.55, top10 = 64.24, top15 = 61.86.
PHY-3001 : End congestion estimation;  2.369256s wall, 0.906250s user + 0.015625s system = 0.921875s CPU (38.9%)

PHY-3001 : Update density targets...
PHY-3001 : Update congestion history...
PHY-3001 : :::0::: Try harder cell spreading with beta_ = 3.28348e-05
PHY-3002 : Step(191): len = 234313, overlap = 232.75
PHY-3002 : Step(192): len = 229435, overlap = 234.25
PHY-3002 : Step(193): len = 225742, overlap = 238
PHY-3002 : Step(194): len = 223074, overlap = 240.75
PHY-3002 : Step(195): len = 219189, overlap = 228.75
PHY-3002 : Step(196): len = 216643, overlap = 232
PHY-3002 : Step(197): len = 215156, overlap = 240.25
PHY-3002 : Step(198): len = 213251, overlap = 246.5
PHY-3001 : :::1::: Try harder cell spreading with beta_ = 6.56696e-05
PHY-3002 : Step(199): len = 219591, overlap = 222.5
PHY-3002 : Step(200): len = 222718, overlap = 218.75
PHY-3002 : Step(201): len = 224722, overlap = 207.25
PHY-3002 : Step(202): len = 225579, overlap = 210.25
PHY-3002 : Step(203): len = 226294, overlap = 208.25
PHY-3001 : :::2::: Try harder cell spreading with beta_ = 0.000122759
PHY-3002 : Step(204): len = 230060, overlap = 205.5
PHY-3002 : Step(205): len = 232900, overlap = 197.5
PHY-3002 : Step(206): len = 236488, overlap = 189.5
PHY-3001 : :::3::: Try harder cell spreading with beta_ = 0.000245519
PHY-3002 : Step(207): len = 237602, overlap = 188.75
PHY-3002 : Step(208): len = 242840, overlap = 176.75
PHY-3002 : Step(209): len = 248844, overlap = 182
PHY-3002 : Step(210): len = 250020, overlap = 176.75
PHY-3002 : Step(211): len = 250319, overlap = 173.25
PHY-3002 : Step(212): len = 249893, overlap = 172.25
PHY-3002 : Step(213): len = 249682, overlap = 171.75
PHY-3002 : Step(214): len = 249824, overlap = 168.5
PHY-3001 : :::4::: Try harder cell spreading with beta_ = 0.000410243
PHY-3002 : Step(215): len = 252453, overlap = 162.75
PHY-3002 : Step(216): len = 255034, overlap = 163.25
PHY-3002 : Step(217): len = 257543, overlap = 164
PHY-3002 : Step(218): len = 259305, overlap = 163.5
PHY-3002 : Step(219): len = 260340, overlap = 162.75
PHY-3002 : Step(220): len = 260804, overlap = 163
PHY-3002 : Step(221): len = 261072, overlap = 164
PHY-3001 : :::5::: Try harder cell spreading with beta_ = 0.000728945
PHY-3002 : Step(222): len = 262688, overlap = 159.25
PHY-3002 : Step(223): len = 264797, overlap = 158
PHY-3002 : Step(224): len = 266135, overlap = 161.75
PHY-3001 : Legalization ...
PHY-3001 : End legalization;  0.402763s wall, 0.078125s user + 0.125000s system = 0.203125s CPU (50.4%)

PHY-3001 : Trial Legalized: Len = 382521
PHY-3001 : Run with size of 1
PHY-3001 : Cell area utilization is 95%
PHY-3001 : Analyzing congestion ...
RUN-1001 : Generating global routing grids ...
PHY-1001 : Generate routing nets ...
PHY-1001 : Reuse net number 449/9008.
PHY-1001 : Global iterations in 32 thread ...
PHY-1002 : len = 452648, over cnt = 1916(17%), over = 3923, worst = 8
PHY-1002 : len = 473144, over cnt = 1578(14%), over = 2438, worst = 8
PHY-1002 : len = 502520, over cnt = 898(8%), over = 1069, worst = 8
PHY-1002 : len = 528064, over cnt = 234(2%), over = 239, worst = 2
PHY-1002 : len = 549152, over cnt = 15(0%), over = 15, worst = 1
PHY-1001 : End global iterations;  2.883574s wall, 1.250000s user + 0.000000s system = 1.250000s CPU (43.3%)

PHY-1001 : Congestion index: top1 = 78.19, top5 = 73.87, top10 = 71.50, top15 = 69.71.
PHY-3001 : End congestion estimation;  3.029277s wall, 1.312500s user + 0.015625s system = 1.328125s CPU (43.8%)

PHY-3001 : Update density targets...
PHY-3001 : Update congestion history...
PHY-3001 : :::0::: Try harder cell spreading with beta_ = 0.000344773
PHY-3002 : Step(225): len = 350139, overlap = 98.75
PHY-3002 : Step(226): len = 322942, overlap = 151.75
PHY-3002 : Step(227): len = 316709, overlap = 136
PHY-3002 : Step(228): len = 311411, overlap = 132.5
PHY-3002 : Step(229): len = 305348, overlap = 131.5
PHY-3002 : Step(230): len = 299929, overlap = 127.25
PHY-3002 : Step(231): len = 295835, overlap = 128.5
PHY-3002 : Step(232): len = 292590, overlap = 125.75
PHY-3002 : Step(233): len = 289935, overlap = 122
PHY-3002 : Step(234): len = 288031, overlap = 120.25
PHY-3002 : Step(235): len = 286559, overlap = 120
PHY-3002 : Step(236): len = 285239, overlap = 120.25
PHY-3002 : Step(237): len = 283955, overlap = 122
PHY-3002 : Step(238): len = 283085, overlap = 118.75
PHY-3001 : :::1::: Try harder cell spreading with beta_ = 0.000593411
PHY-3002 : Step(239): len = 284093, overlap = 117.25
PHY-3002 : Step(240): len = 285078, overlap = 114.75
PHY-3002 : Step(241): len = 285608, overlap = 112
PHY-3001 : :::2::: Try harder cell spreading with beta_ = 0.00100312
PHY-3002 : Step(242): len = 286272, overlap = 111.75
PHY-3002 : Step(243): len = 287735, overlap = 108.75
PHY-3001 : Legalization ...
PHY-3001 : End legalization;  0.122658s wall, 0.000000s user + 0.000000s system = 0.000000s CPU (n/a%)

PHY-3001 : Legalized: Len = 349366, Over = 0
PHY-3001 : Spreading special nets. 111 overflows in 930 tiles.
PHY-3001 : End spreading;  0.051483s wall, 0.000000s user + 0.000000s system = 0.000000s CPU (n/a%)

PHY-3001 : 209 instances has been re-located, deltaX = 136, deltaY = 198, maxDist = 7.
PHY-3001 : Detailed place not supported.
PHY-3001 : Final: Len = 356188, Over = 0
RUN-1003 : finish command "place" in  30.803839s wall, 9.062500s user + 1.953125s system = 11.015625s CPU (35.8%)

RUN-1004 : used memory is 321 MB, reserved memory is 297 MB, peak memory is 468 MB
RUN-1002 : start command "export_db FOC_Controller_place.db"
RUN-1001 : Exported /
RUN-1001 : Exported flow parameters
RUN-1001 : Exported libs
RUN-1001 : Exported entities
RUN-1001 : Exported ports
RUN-1001 : Exported pins
RUN-1001 : Exported instances
RUN-1001 : Exported nets
RUN-1001 : Exported buses
RUN-1001 : Exported models
RUN-1001 : Exported congestions
RUN-1001 : Exported violations
RUN-1001 : Exported IO constraints
RUN-1001 : Exported Inst constraints
RUN-1003 : finish command "export_db FOC_Controller_place.db" in  1.313812s wall, 1.015625s user + 0.031250s system = 1.046875s CPU (79.7%)

RUN-1004 : used memory is 331 MB, reserved memory is 313 MB, peak memory is 468 MB
RUN-1002 : start command "route"
RUN-1001 : Open license file D:/Anlogic/TD5.6.2/license/Anlogic.lic
RUN-1001 : Print Global Property
RUN-1001 : ---------------------------------------------------------------
RUN-1001 :        Parameters        |  Settings  |  Default Values  |  Note  
RUN-1001 : ---------------------------------------------------------------
RUN-1001 :          message         |  standard  |     standard     |        
RUN-1001 :   mixed_pack_place_flow  |     on     |        on        |        
RUN-1001 :        qor_monitor       |    off     |       off        |        
RUN-1001 :        syn_ip_flow       |    off     |       off        |        
RUN-1001 :          thread          |     32     |       auto       |   *    
RUN-1001 : ---------------------------------------------------------------
RUN-1002 : start command "set_param route effort high"
RUN-1002 : start command "set_param route opt_timing high"
RUN-1001 : Print Route Property
RUN-1001 : -------------------------------------------------------
RUN-1001 :    Parameters    |  Settings  |  Default Values  |  Note  
RUN-1001 : -------------------------------------------------------
RUN-1001 :      effort      |    high    |      medium      |   *    
RUN-1001 :     fix_hold     |    off     |       off        |        
RUN-1001 :    opt_timing    |    high    |      medium      |   *    
RUN-1001 :   phy_sim_model  |    off     |       off        |        
RUN-1001 :     priority     |   timing   |      timing      |        
RUN-1001 :     swap_pin     |     on     |        on        |        
RUN-1001 : -------------------------------------------------------
PHY-1001 : Route runs in 32 thread(s)
RUN-1001 : There are total 2811 instances
RUN-1001 : 1376 mslices, 1376 lslices, 27 pads, 11 brams, 10 dsps
RUN-1001 : There are total 9008 nets
RUN-6004 WARNING: There are 3 nets with only 1 pin.
RUN-1001 : 6929 nets have 2 pins
RUN-1001 : 1540 nets have [3 - 5] pins
RUN-1001 : 180 nets have [6 - 10] pins
RUN-1001 : 246 nets have [11 - 20] pins
RUN-1001 : 100 nets have [21 - 99] pins
RUN-1001 : 10 nets have 100+ pins
RUN-1002 : start command "start_timer -report"
TMR-5001 WARNING: No sdc constraints found while initiating timer.
TMR-2505 : Start building timing graph for model fpga_top.
TMR-2506 : Build timing graph completely. Port num: 21, tpin num: 30977, tnet num: 9004, tinst num: 2807, tnode num: 37748, tedge num: 57481.
TMR-2508 : Levelizing timing graph completed, there are 43 levels in total.
TMR-2501 : Timing graph initialized successfully.
PHY-1001 : 1376 mslices, 1376 lslices, 27 pads, 11 brams, 10 dsps
TMR-2503 : Start to update net delay, extr mode = 3.
TMR-2504 : Update delay of 9004 nets completely.
TMR-2502 : Annotate delay completely, extr mode = 3.
TMR-3002 : No user constraint, initiate default constraint.
TMR-1501 : Assign derive clock DeriveClock to 3038 clock pins, and constraint 6769 relative nodes.
TMR-3003 : Constraints initiated successfully.
TMR-3501 : Forward propagation: start to calculate arrival time...
TMR-3502 : Backward propagation: start to calculate required time...
TMR-3503 : Timing propagation completes.
PHY-1001 : Start global routing, caller is route ...
RUN-1001 : Generating global routing grids ...
PHY-1001 : Generate routing nets ...
PHY-1001 : Global iterations in 32 thread ...
PHY-1002 : len = 416608, over cnt = 1846(16%), over = 3762, worst = 8
PHY-1002 : len = 439440, over cnt = 1455(13%), over = 2237, worst = 8
PHY-1002 : len = 475216, over cnt = 639(5%), over = 681, worst = 3
PHY-1002 : len = 489824, over cnt = 226(2%), over = 228, worst = 2
PHY-1002 : len = 507856, over cnt = 27(0%), over = 27, worst = 1
PHY-1001 : End global iterations;  3.277906s wall, 1.000000s user + 0.046875s system = 1.046875s CPU (31.9%)

PHY-1001 : Congestion index: top1 = 77.29, top5 = 72.68, top10 = 69.76, top15 = 68.08.
PHY-1001 : End global routing;  3.435800s wall, 1.046875s user + 0.046875s system = 1.093750s CPU (31.8%)

PHY-1001 : Start detail routing ...
PHY-1001 : Current memory(MB): used = 489, reserve = 469, peak = 489.
PHY-1001 : Detailed router is running in normal mode.
PHY-1001 : Generate detailed routing grids ...
PHY-1001 : Generate nets ...
PHY-1001 : net I_clk_25m_dup_1 will be routed on clock mesh
PHY-5010 WARNING: Net u_ahb_foc_controller/I_ahb_hsize[2] is skipped due to 0 input or output
PHY-5010 WARNING: Net u_ahb_foc_controller/I_ahb_hsize[1] is skipped due to 0 input or output
PHY-5010 WARNING: Net u_ahb_foc_controller/I_ahb_hsize[0] is skipped due to 0 input or output
PHY-1001 : clock net u_mcu/hclk will be merged with clock u_pll/clk0_buf
PHY-1001 : clock net u_ahb_foc_controller/u_foc_controller/S_angle_position_clk_syn_4 will be merged with clock u_ahb_foc_controller/u_foc_controller/S_angle_position_clk
PHY-1001 : clock net u_ahb_foc_controller/u_foc_controller/S_angle_velocity_clk_syn_4 will be merged with clock u_ahb_foc_controller/u_foc_controller/S_angle_velocity_clk
PHY-1001 : net u_ahb_foc_controller/u_foc_controller/u_adc_ad7928/clk will be routed on clock mesh
PHY-1001 : clock net u_ahb_foc_controller/u_foc_controller/u_foc_top/O_init_done_syn_6 will be merged with clock u_ahb_foc_controller/u_foc_controller/u_foc_top/O_init_done
PHY-5010 WARNING: Net u_ahb_foc_controller/I_ahb_hsize[2] is skipped due to 0 input or output
PHY-5010 WARNING: Net u_ahb_foc_controller/I_ahb_hsize[1] is skipped due to 0 input or output
PHY-5010 WARNING: Net u_ahb_foc_controller/I_ahb_hsize[0] is skipped due to 0 input or output
PHY-1001 : Current memory(MB): used = 556, reserve = 538, peak = 556.
PHY-1001 : End build detailed router design. 2.200405s wall, 0.859375s user + 0.031250s system = 0.890625s CPU (40.5%)

PHY-1001 : Detail Route in high effort ...
PHY-1001 : ===== Detail Route Phase 1 =====
PHY-1001 : Clock net routing.....
PHY-1001 : Routed 0% nets.
PHY-1022 : len = 80856, over cnt = 0(0%), over = 0, worst = 0, crit = 0
PHY-1001 : End initial clock net routed; 0.867191s wall, 0.406250s user + 0.000000s system = 0.406250s CPU (46.8%)

PHY-1001 : Current memory(MB): used = 569, reserve = 550, peak = 569.
PHY-1001 : End phase 1; 0.869125s wall, 0.406250s user + 0.000000s system = 0.406250s CPU (46.7%)

PHY-1001 : ===== Detail Route Phase 2 =====
PHY-1001 : Initial routing.....
PHY-1001 : Routed 52% nets.
PHY-1001 : Routed 58% nets.
PHY-1001 : Routed 65% nets.
PHY-1001 : Routed 74% nets.
PHY-1001 : Routed 88% nets.
PHY-1022 : len = 1.00578e+06, over cnt = 2295(1%), over = 2310, worst = 2, crit = 0
PHY-1001 : Current memory(MB): used = 572, reserve = 553, peak = 572.
PHY-1001 : End initial routed; 15.353975s wall, 6.062500s user + 0.281250s system = 6.343750s CPU (41.3%)

PHY-1001 : Current memory(MB): used = 572, reserve = 553, peak = 572.
PHY-1001 : End phase 2; 15.354042s wall, 6.062500s user + 0.281250s system = 6.343750s CPU (41.3%)

PHY-1001 : ===== Detail Route Phase 3 =====
PHY-1001 : Ripup-reroute.....
PHY-1001 : ===== DR Iter 1 =====
PHY-1022 : len = 908568, over cnt = 981(0%), over = 981, worst = 1, crit = 0
PHY-1001 : End DR Iter 1; 9.621405s wall, 3.968750s user + 0.015625s system = 3.984375s CPU (41.4%)

PHY-1001 : ===== DR Iter 2 =====
PHY-1022 : len = 927392, over cnt = 592(0%), over = 592, worst = 1, crit = 0
PHY-1001 : End DR Iter 2; 5.484535s wall, 2.125000s user + 0.031250s system = 2.156250s CPU (39.3%)

PHY-1001 : ===== DR Iter 3 =====
PHY-1022 : len = 947000, over cnt = 407(0%), over = 407, worst = 1, crit = 0
PHY-1001 : End DR Iter 3; 6.028825s wall, 2.421875s user + 0.000000s system = 2.421875s CPU (40.2%)

PHY-1001 : ===== DR Iter 4 =====
PHY-1022 : len = 968744, over cnt = 259(0%), over = 259, worst = 1, crit = 0
PHY-1001 : End DR Iter 4; 12.153365s wall, 4.296875s user + 0.031250s system = 4.328125s CPU (35.6%)

PHY-1001 : ===== DR Iter 5 =====
PHY-1022 : len = 982464, over cnt = 198(0%), over = 198, worst = 1, crit = 0
PHY-1001 : End DR Iter 5; 17.179537s wall, 6.140625s user + 0.046875s system = 6.187500s CPU (36.0%)

PHY-1001 : ===== DR Iter 6 =====
PHY-1022 : len = 987088, over cnt = 170(0%), over = 170, worst = 1, crit = 0
PHY-1001 : End DR Iter 6; 20.128295s wall, 7.843750s user + 0.109375s system = 7.953125s CPU (39.5%)

PHY-1001 : ===== DR Iter 7 =====
PHY-1022 : len = 989840, over cnt = 172(0%), over = 172, worst = 1, crit = 0
PHY-1001 : End DR Iter 7; 21.682777s wall, 8.234375s user + 0.125000s system = 8.359375s CPU (38.6%)

PHY-1001 : ===== DR Iter 8 =====
PHY-1022 : len = 991168, over cnt = 159(0%), over = 159, worst = 1, crit = 0
PHY-1001 : End DR Iter 8; 21.457738s wall, 7.984375s user + 0.062500s system = 8.046875s CPU (37.5%)

PHY-1001 : ===== DR Iter 9 =====
PHY-1022 : len = 992424, over cnt = 161(0%), over = 161, worst = 1, crit = 0
PHY-1001 : End DR Iter 9; 20.488801s wall, 8.375000s user + 0.093750s system = 8.468750s CPU (41.3%)

PHY-1001 : ===== DR Iter 10 =====
PHY-1022 : len = 992928, over cnt = 159(0%), over = 159, worst = 1, crit = 0
PHY-1001 : End DR Iter 10; 22.506480s wall, 8.578125s user + 0.109375s system = 8.687500s CPU (38.6%)

PHY-1001 : Switch mode......
PHY-1001 : ===== DR Iter 11 =====
PHY-1022 : len = 992168, over cnt = 176(0%), over = 176, worst = 1, crit = 0
PHY-1001 : End DR Iter 11; 0.563449s wall, 0.140625s user + 0.000000s system = 0.140625s CPU (25.0%)

PHY-1001 : ==== DR Iter 12 ====
PHY-1022 : len = 990608, over cnt = 102(0%), over = 102, worst = 1, crit = 0
PHY-1001 : End DR Iter 12; 1.895484s wall, 0.921875s user + 0.000000s system = 0.921875s CPU (48.6%)

PHY-1001 : ==== DR Iter 13 ====
PHY-1022 : len = 993072, over cnt = 83(0%), over = 83, worst = 1, crit = 0
PHY-1001 : End DR Iter 13; 2.980135s wall, 1.296875s user + 0.046875s system = 1.343750s CPU (45.1%)

PHY-1001 : ==== DR Iter 14 ====
PHY-1022 : len = 1.00016e+06, over cnt = 44(0%), over = 44, worst = 1, crit = 0
PHY-1001 : End DR Iter 14; 2.717071s wall, 1.046875s user + 0.015625s system = 1.062500s CPU (39.1%)

PHY-1001 : ==== DR Iter 15 ====
PHY-1022 : len = 1.0016e+06, over cnt = 37(0%), over = 37, worst = 1, crit = 0
PHY-1001 : End DR Iter 15; 3.475998s wall, 1.484375s user + 0.015625s system = 1.500000s CPU (43.2%)

PHY-1001 : ===== DR Iter 16 =====
PHY-1022 : len = 1.00148e+06, over cnt = 50(0%), over = 50, worst = 1, crit = 0
PHY-1001 : End DR Iter 16; 0.156459s wall, 0.125000s user + 0.000000s system = 0.125000s CPU (79.9%)

PHY-1001 : ==== DR Iter 17 ====
PHY-1022 : len = 1.0005e+06, over cnt = 44(0%), over = 44, worst = 1, crit = 0
PHY-1001 : End DR Iter 17; 0.544961s wall, 0.171875s user + 0.000000s system = 0.171875s CPU (31.5%)

PHY-1001 : ==== DR Iter 18 ====
PHY-1022 : len = 1.00407e+06, over cnt = 23(0%), over = 23, worst = 1, crit = 0
PHY-1001 : End DR Iter 18; 0.833144s wall, 0.296875s user + 0.000000s system = 0.296875s CPU (35.6%)

PHY-1001 : ==== DR Iter 19 ====
PHY-1022 : len = 1.00602e+06, over cnt = 11(0%), over = 11, worst = 1, crit = 0
PHY-1001 : End DR Iter 19; 0.831802s wall, 0.265625s user + 0.000000s system = 0.265625s CPU (31.9%)

PHY-1001 : ==== DR Iter 20 ====
PHY-1022 : len = 1.00766e+06, over cnt = 6(0%), over = 6, worst = 1, crit = 0
PHY-1001 : End DR Iter 20; 0.681186s wall, 0.250000s user + 0.000000s system = 0.250000s CPU (36.7%)

PHY-1001 : ==== DR Iter 21 ====
PHY-1022 : len = 1.00818e+06, over cnt = 4(0%), over = 4, worst = 1, crit = 0
PHY-1001 : End DR Iter 21; 0.513332s wall, 0.296875s user + 0.000000s system = 0.296875s CPU (57.8%)

PHY-1001 : ===== DR Iter 22 =====
PHY-1022 : len = 1.00802e+06, over cnt = 5(0%), over = 5, worst = 1, crit = 0
PHY-1001 : End DR Iter 22; 0.076891s wall, 0.046875s user + 0.000000s system = 0.046875s CPU (61.0%)

PHY-1001 : ==== DR Iter 23 ====
PHY-1022 : len = 1.00789e+06, over cnt = 4(0%), over = 4, worst = 1, crit = 0
PHY-1001 : End DR Iter 23; 0.142761s wall, 0.000000s user + 0.000000s system = 0.000000s CPU (n/a%)

PHY-1001 : ==== DR Iter 24 ====
PHY-1022 : len = 1.00794e+06, over cnt = 4(0%), over = 4, worst = 1, crit = 0
PHY-1001 : End DR Iter 24; 0.320200s wall, 0.078125s user + 0.000000s system = 0.078125s CPU (24.4%)

PHY-1001 : ==== DR Iter 25 ====
PHY-1022 : len = 1.00809e+06, over cnt = 3(0%), over = 3, worst = 1, crit = 0
PHY-1001 : End DR Iter 25; 0.372812s wall, 0.171875s user + 0.000000s system = 0.171875s CPU (46.1%)

PHY-1001 : ==== DR Iter 26 ====
PHY-1022 : len = 1.00833e+06, over cnt = 3(0%), over = 3, worst = 1, crit = 0
PHY-1001 : End DR Iter 26; 0.320248s wall, 0.125000s user + 0.000000s system = 0.125000s CPU (39.0%)

PHY-1001 : ==== DR Iter 27 ====
PHY-1022 : len = 1.00875e+06, over cnt = 1(0%), over = 1, worst = 1, crit = 0
PHY-1001 : End DR Iter 27; 0.207493s wall, 0.078125s user + 0.000000s system = 0.078125s CPU (37.7%)

PHY-1001 : ==== DR Iter 28 ====
PHY-1022 : len = 1.00878e+06, over cnt = 1(0%), over = 1, worst = 1, crit = 0
PHY-1001 : End DR Iter 28; 0.153509s wall, 0.062500s user + 0.000000s system = 0.062500s CPU (40.7%)

PHY-1001 : ===== DR Iter 29 =====
PHY-1022 : len = 1.00878e+06, over cnt = 2(0%), over = 2, worst = 1, crit = 0
PHY-1001 : End DR Iter 29; 0.079588s wall, 0.031250s user + 0.000000s system = 0.031250s CPU (39.3%)

PHY-1001 : ==== DR Iter 30 ====
PHY-1022 : len = 1.0088e+06, over cnt = 1(0%), over = 1, worst = 1, crit = 0
PHY-1001 : End DR Iter 30; 0.105245s wall, 0.062500s user + 0.000000s system = 0.062500s CPU (59.4%)

PHY-1001 : ==== DR Iter 31 ====
PHY-1022 : len = 1.00883e+06, over cnt = 1(0%), over = 1, worst = 1, crit = 0
PHY-1001 : End DR Iter 31; 0.115682s wall, 0.046875s user + 0.000000s system = 0.046875s CPU (40.5%)

PHY-1001 : ==== DR Iter 32 ====
PHY-1022 : len = 1.00883e+06, over cnt = 1(0%), over = 1, worst = 1, crit = 0
PHY-1001 : End DR Iter 32; 0.081578s wall, 0.062500s user + 0.000000s system = 0.062500s CPU (76.6%)

PHY-1001 : ==== DR Iter 33 ====
PHY-1022 : len = 1.0088e+06, over cnt = 1(0%), over = 1, worst = 1, crit = 0
PHY-1001 : End DR Iter 33; 0.155346s wall, 0.062500s user + 0.000000s system = 0.062500s CPU (40.2%)

PHY-1001 : ==== DR Iter 34 ====
PHY-1022 : len = 1.0088e+06, over cnt = 1(0%), over = 1, worst = 1, crit = 0
PHY-1001 : End DR Iter 34; 0.155442s wall, 0.031250s user + 0.000000s system = 0.031250s CPU (20.1%)

PHY-1001 : ==== DR Iter 35 ====
PHY-1022 : len = 1.00882e+06, over cnt = 1(0%), over = 1, worst = 1, crit = 0
PHY-1001 : End DR Iter 35; 0.161399s wall, 0.046875s user + 0.000000s system = 0.046875s CPU (29.0%)

PHY-1001 : ==== DR Iter 36 ====
PHY-1022 : len = 1.0088e+06, over cnt = 1(0%), over = 1, worst = 1, crit = 0
PHY-1001 : End DR Iter 36; 0.158339s wall, 0.062500s user + 0.000000s system = 0.062500s CPU (39.5%)

PHY-1001 : ===== DR Iter 37 =====
PHY-1022 : len = 1.00885e+06, over cnt = 1(0%), over = 1, worst = 1, crit = 0
PHY-1001 : End DR Iter 37; 0.078949s wall, 0.015625s user + 0.000000s system = 0.015625s CPU (19.8%)

PHY-1001 : ==== DR Iter 38 ====
PHY-1022 : len = 1.00882e+06, over cnt = 1(0%), over = 1, worst = 1, crit = 0
PHY-1001 : End DR Iter 38; 0.098689s wall, 0.062500s user + 0.000000s system = 0.062500s CPU (63.3%)

PHY-1001 : ==== DR Iter 39 ====
PHY-1022 : len = 1.00883e+06, over cnt = 1(0%), over = 1, worst = 1, crit = 0
PHY-1001 : End DR Iter 39; 0.144978s wall, 0.031250s user + 0.000000s system = 0.031250s CPU (21.6%)

PHY-1001 : ==== DR Iter 40 ====
PHY-1022 : len = 1.00883e+06, over cnt = 1(0%), over = 1, worst = 1, crit = 0
PHY-1001 : End DR Iter 40; 0.079440s wall, 0.031250s user + 0.000000s system = 0.031250s CPU (39.3%)

PHY-1001 : ==== DR Iter 41 ====
PHY-1022 : len = 1.00886e+06, over cnt = 1(0%), over = 1, worst = 1, crit = 0
PHY-1001 : End DR Iter 41; 0.133558s wall, 0.046875s user + 0.000000s system = 0.046875s CPU (35.1%)

PHY-1001 : ==== DR Iter 42 ====
PHY-1022 : len = 1.00899e+06, over cnt = 1(0%), over = 1, worst = 1, crit = 0
PHY-1001 : End DR Iter 42; 0.166879s wall, 0.031250s user + 0.000000s system = 0.031250s CPU (18.7%)

PHY-1001 : ==== DR Iter 43 ====
PHY-1022 : len = 1.00903e+06, over cnt = 1(0%), over = 1, worst = 1, crit = 0
PHY-1001 : End DR Iter 43; 0.171232s wall, 0.078125s user + 0.000000s system = 0.078125s CPU (45.6%)

PHY-1001 : ==== DR Iter 44 ====
PHY-1022 : len = 1.00911e+06, over cnt = 1(0%), over = 1, worst = 1, crit = 0
PHY-1001 : End DR Iter 44; 0.150905s wall, 0.062500s user + 0.015625s system = 0.078125s CPU (51.8%)

PHY-1001 : ==== DR Iter 45 ====
PHY-1022 : len = 1.00913e+06, over cnt = 1(0%), over = 1, worst = 1, crit = 0
PHY-1001 : End DR Iter 45; 0.164498s wall, 0.062500s user + 0.000000s system = 0.062500s CPU (38.0%)

PHY-1001 : ===== DR Iter 46 =====
PHY-1022 : len = 1.00918e+06, over cnt = 1(0%), over = 1, worst = 1, crit = 0
PHY-1001 : End DR Iter 46; 0.083150s wall, 0.046875s user + 0.000000s system = 0.046875s CPU (56.4%)

PHY-1001 : ==== DR Iter 47 ====
PHY-1022 : len = 1.00911e+06, over cnt = 1(0%), over = 1, worst = 1, crit = 0
PHY-1001 : End DR Iter 47; 0.086204s wall, 0.015625s user + 0.000000s system = 0.015625s CPU (18.1%)

PHY-1001 : ==== DR Iter 48 ====
PHY-1022 : len = 1.00911e+06, over cnt = 1(0%), over = 1, worst = 1, crit = 0
PHY-1001 : End DR Iter 48; 0.075437s wall, 0.031250s user + 0.000000s system = 0.031250s CPU (41.4%)

PHY-1001 : ==== DR Iter 49 ====
PHY-1022 : len = 1.00916e+06, over cnt = 0(0%), over = 0, worst = 0, crit = 0
PHY-1001 : End DR Iter 49; 0.077302s wall, 0.000000s user + 0.000000s system = 0.000000s CPU (n/a%)

PHY-1001 : Commit to database.....
PHY-5014 WARNING: Detail route doesn't find pib for u_pll/pll_inst.frac_offset_valid[0]
PHY-5014 WARNING: Detail route doesn't find pib for u_pll/pll_inst.dsm_refclk[0]
PHY-5014 WARNING: Detail route doesn't find pib for u_pll/pll_inst.ssc_en[0]
PHY-5014 WARNING: Detail route doesn't find pib for u_pll/pll_inst.dsm_rst[0]
PHY-1001 : 447 feed throughs used by 296 nets
PHY-1001 : End commit to database; 1.377427s wall, 0.515625s user + 0.015625s system = 0.531250s CPU (38.6%)

PHY-1001 : Current memory(MB): used = 595, reserve = 603, peak = 595.
PHY-1001 : End phase 3; 177.525114s wall, 68.281250s user + 0.734375s system = 69.015625s CPU (38.9%)

PHY-1003 : Routed, final wirelength = 1.00916e+06
PHY-1001 : Current memory(MB): used = 597, reserve = 605, peak = 597.
PHY-1001 : End export database. 0.024431s wall, 0.000000s user + 0.000000s system = 0.000000s CPU (n/a%)

PHY-1001 : End detail routing;  196.199737s wall, 75.687500s user + 1.046875s system = 76.734375s CPU (39.1%)

RUN-1003 : finish command "route" in  200.884264s wall, 77.328125s user + 1.125000s system = 78.453125s CPU (39.1%)

RUN-1004 : used memory is 495 MB, reserved memory is 485 MB, peak memory is 597 MB
RUN-1002 : start command "report_area -io_info -file FOC_Controller_phy.area"
RUN-1001 : standard
***Report Model: fpga_top Device: SF1S60CG121I***

IO Statistics
#IO                        21
  #input                   10
  #output                  10
  #inout                    1

Utilization Statistics
#lut                     5261   out of   5824   90.33%
#reg                     2664   out of   5824   45.74%
#le                      5306
  #lut only              2642   out of   5306   49.79%
  #reg only                45   out of   5306    0.85%
  #lut&reg               2619   out of   5306   49.36%
#dsp                       10   out of     10  100.00%
#bram                      11   out of     26   42.31%
  #bram9k                  11
  #fifo9k                   0
#hard-ip                    1
  #mcu                      1   out of      1  100.00%
  #dsc                      0   out of      1    0.00%
  #dsi                      0   out of      2    0.00%
  #psram controller         0   out of      2    0.00%
#pad                       21   out of     55   38.18%
  #ireg                     2
  #oreg                     7
  #treg                     0
#pll                        1   out of      2   50.00%
#gclk                       4   out of     16   25.00%

Clock Resource Statistics
Index     ClockNet                                                       Type               DriverType         Driver                                                                      Fanout
#1        u_ahb_foc_controller/u_foc_controller/u_adc_ad7928/clk         GCLK               pll                u_pll/pll_inst.clkc1                                                        768
#2        u_pll/clk0_buf                                                 GCLK               pll                u_pll/pll_inst.clkc0                                                        654
#3        u_ahb_foc_controller/u_foc_controller/S_angle_velocity_clk     GCLK               lslice             u_ahb_foc_controller/u_foc_controller/S_angle_velocity_clk_reg_syn_23.q1    81
#4        u_ahb_foc_controller/u_foc_controller/S_angle_position_clk     GCLK               mslice             u_ahb_foc_controller/u_foc_controller/S_angle_position_clk_reg_syn_19.q1    14
#5        u_ahb_foc_controller/u_foc_controller/u_foc_top/O_init_done    GCLK               lslice             u_ahb_foc_controller/u_foc_controller/u_adc_ad7928/nfirst_reg_syn_12.q0     8
#6        I_clk_25m_dup_1                                                GCLK               io                 I_clk_25m_syn_2.di                                                          1


Detailed IO Report

     Name       Direction    Location    IOStandard    DriveStrength    PullType    PackReg  
  I_clk_25m       INPUT         D7        LVCMOS18          N/A          PULLUP      NONE    
   I_hall_u       INPUT        G10        LVCMOS18          N/A          PULLUP      NONE    
   I_hall_v       INPUT        H11        LVCMOS18          N/A          PULLUP      NONE    
   I_hall_w       INPUT        H10        LVCMOS18          N/A          PULLUP      NONE    
  I_jtag_tck      INPUT         C7        LVCMOS18          N/A          PULLUP      NONE    
  I_jtag_tdi      INPUT         D5        LVCMOS18          N/A          PULLUP      NONE    
  I_jtag_tms      INPUT         D6        LVCMOS18          N/A          PULLUP      NONE    
    I_rstn        INPUT         J2        LVCMOS18          N/A          PULLUP      NONE    
  I_spi_miso      INPUT         B9        LVCMOS18          N/A          PULLUP      IREG    
  I_uart_rx       INPUT         E4        LVCMOS18          N/A          PULLUP      NONE    
  O_i2c_scl      OUTPUT         G3        LVCMOS18           8            NONE       OREG    
  O_jtag_tdo     OUTPUT         C6        LVCMOS18           8            NONE       NONE    
   O_pwm_a       OUTPUT        C10        LVCMOS18           8            NONE       OREG    
   O_pwm_b       OUTPUT        C11        LVCMOS18           8            NONE       OREG    
   O_pwm_c       OUTPUT        E11        LVCMOS18           8            NONE       OREG    
   O_pwm_en      OUTPUT        F11        LVCMOS18           8            NONE       NONE    
  O_spi_mosi     OUTPUT         B8        LVCMOS18           8            NONE       OREG    
  O_spi_sck      OUTPUT         A9        LVCMOS18           8            NONE       OREG    
   O_spi_ss      OUTPUT         A8        LVCMOS18           8            NONE       OREG    
  O_uart_tx      OUTPUT         A4        LVCMOS18           8            NONE       NONE    
  IO_i2c_sda      INOUT         H3        LVCMOS18           8           PULLUP      IREG    
  hold_n_io3     OUTPUT        S6_1       LVCMOS18           8            NONE       NONE    
   mosi_io0       INOUT        S6_5       LVCMOS18           8           PULLUP      NONE    

Report Hierarchy Area:
+---------------------------------------------------------------------------------------------------+
|Instance                  |Module             |le     |lut     |ripple  |seq     |bram    |dsp     |
+---------------------------------------------------------------------------------------------------+
|top                       |fpga_top           |5306   |4119    |1142    |2673    |11      |10      |
|  u_ahb_foc_controller    |ahb_foc_controller |5305   |4118    |1142    |2664    |11      |10      |
|    u_foc_controller      |foc_controller     |4256   |3114    |1142    |1626    |11      |10      |
|      u_adc_ad7928        |adc_ad7928         |128    |106     |22      |73      |0       |0       |
|      u_as5600_encoder    |as5600_encoder     |162    |108     |54      |78      |0       |0       |
|        u_as5600_read     |i2c_register_read  |74     |60      |14      |57      |0       |0       |
|      u_foc_top           |foc_top            |3663   |2654    |1009    |1272    |11      |10      |
|        u_adc_sn_ctrl     |hold_detect        |19     |15      |4       |8       |0       |0       |
|        u_cartesian2polar |cartesian2polar    |463    |366     |97      |221     |8       |0       |
|        u_clark_tr        |clark_tr           |186    |105     |81      |112     |0       |0       |
|        u_id_pi           |pi_controller      |598    |395     |203     |233     |0       |4       |
|        u_iq_pi           |pi_controller      |596    |393     |203     |232     |0       |4       |
|        u_park_tr         |park_tr            |1078   |853     |225     |163     |2       |2       |
|          u_sincos        |sincos             |112    |103     |9       |79      |2       |0       |
|        u_svpwm           |svpwm              |600    |442     |158     |210     |1       |0       |
|  u_mcu                   |MCU                |0      |0       |0       |0       |0       |0       |
|  u_pll                   |pll                |0      |0       |0       |0       |0       |0       |
+---------------------------------------------------------------------------------------------------+


DataNet Average Fanout:

   Index     Fanout     Nets  
    #1          1       6906  
    #2          2       1269  
    #3          3       201   
    #4          4        69   
    #5        5-10      200   
    #6        11-50     315   
    #7       51-100      8    
    #8       101-500     4    
    #9        >500       2    
  Average     2.28            

RUN-1002 : start command "export_db FOC_Controller_pr.db"
RUN-1001 : Exported /
RUN-1001 : Exported flow parameters
RUN-1001 : Exported libs
RUN-1001 : Exported entities
RUN-1001 : Exported ports
RUN-1001 : Exported pins
RUN-1001 : Exported instances
RUN-1001 : Exported nets
RUN-1001 : Exported buses
RUN-1001 : Exported models
RUN-1001 : Exported congestions
RUN-1001 : Exported violations
RUN-1001 : Exported IO constraints
RUN-1001 : Exported Inst constraints
RUN-1003 : finish command "export_db FOC_Controller_pr.db" in  1.512120s wall, 1.265625s user + 0.015625s system = 1.281250s CPU (84.7%)

RUN-1004 : used memory is 501 MB, reserved memory is 493 MB, peak memory is 597 MB
RUN-1002 : start command "export_bid FOC_Controller_inst.bid"
PRG-1000 : <!-- HMAC is: 4c3688dcb4cfc4d03cf4648c74d0e086248280867b8a4a9ac408206bf75d40fa -->
RUN-1002 : start command "bitgen -bit FOC_Controller.bit"
BIT-1003 : Start to generate bitstream. 
BIT-1002 : Init instances with 32 threads.
BIT-1002 : Init instances completely, inst num: 2807
BIT-1002 : Init pips with 32 threads.
BIT-1002 : Init pips completely, net num: 9008, pip num: 77586
BIT-1002 : Init feedthrough with 32 threads.
BIT-1002 : Init feedthrough completely, num: 447
BIT-1003 : Multithreading accelaration with 32 threads.
BIT-1003 : Generate bitstream completely, there are 1140 valid insts, and 213907 bits set as '1'.
BIT-1004 : the usercode register value: 00000000110101010000000000000000
BIT-1004 : Generate bits file FOC_Controller.bit.
RUN-1003 : finish command "bitgen -bit FOC_Controller.bit" in  6.170653s wall, 52.000000s user + 0.468750s system = 52.468750s CPU (850.3%)

RUN-1004 : used memory is 524 MB, reserved memory is 514 MB, peak memory is 770 MB
RUN-1002 : start command "backup_run_log run.log ../.logs/phy_1/td_20231112_000758.log"
RUN-1001 : Backing up run's log file succeed.
