============================================================
   Tang Dynasty, V5.6.71036
      Copyright (c) 2012-2023 Anlogic Inc.
   Executable = D:/Anlogic/TD5.6.2/bin/td.exe
   Built at =   20:34:38 Mar 21 2023
   Run by =     15597
   Run Date =   Fri Nov 10 02:32:18 2023

   Run on =     XR097-DELL-G7
============================================================
RUN-1002 : start command "open_project FOC_Controller.prj"
RUN-1001 : Print Global Property
RUN-1001 : ---------------------------------------------------------------
RUN-1001 :        Parameters        |  Settings  |  Default Values  |  Note  
RUN-1001 : ---------------------------------------------------------------
RUN-1001 :          message         |  standard  |     standard     |        
RUN-1001 :   mixed_pack_place_flow  |     on     |        on        |        
RUN-1001 :        qor_monitor       |    off     |       off        |        
RUN-1001 :        syn_ip_flow       |    off     |       off        |        
RUN-1001 :          thread          |    auto    |       auto       |        
RUN-1001 : ---------------------------------------------------------------
RUN-1001 : Print Design Property
RUN-1001 : --------------------------------------------------------------
RUN-1001 :        Parameters       |  Settings  |  Default Values  |  Note  
RUN-1001 : --------------------------------------------------------------
RUN-1001 :   default_reg_initial   |    auto    |       auto       |        
RUN-1001 :        infer_add        |     on     |        on        |        
RUN-1001 :        infer_fsm        |    off     |       off        |        
RUN-1001 :        infer_mult       |     on     |        on        |        
RUN-1001 :        infer_ram        |     on     |        on        |        
RUN-1001 :        infer_reg        |     on     |        on        |        
RUN-1001 :   infer_reg_init_value  |     on     |        on        |        
RUN-1001 :        infer_rom        |     on     |        on        |        
RUN-1001 :      infer_shifter      |     on     |        on        |        
RUN-1001 : --------------------------------------------------------------
RUN-1001 : Print Rtl Property
RUN-1001 : --------------------------------------------------------------
RUN-1001 :        Parameters       |  Settings  |  Default Values  |  Note  
RUN-1001 : --------------------------------------------------------------
RUN-1001 :       compress_add      |   ripple   |      ripple      |        
RUN-1001 :        elf_sload        |    off     |       off        |        
RUN-1001 :       fix_undriven      |     0      |        0         |        
RUN-1001 :         flatten         |    off     |       off        |        
RUN-1001 :       gate_sharing      |     on     |        on        |        
RUN-1001 :    hdl_warning_level    |   normal   |      normal      |        
RUN-1001 :   impl_internal_tribuf  |     on     |        on        |        
RUN-1001 :      impl_set_reset     |     on     |        on        |        
RUN-1001 :        infer_gsr        |    off     |       off        |        
RUN-1001 :      keep_hierarchy     |    auto    |       auto       |        
RUN-1001 :        max_fanout       |    9999    |       9999       |        
RUN-1001 :      max_oh2bin_len     |     10     |        10        |        
RUN-1001 :       merge_equal       |     on     |        on        |        
RUN-1001 :       merge_equiv       |     on     |        on        |        
RUN-1001 :        merge_mux        |    off     |       off        |        
RUN-1001 :     min_control_set     |     8      |        8         |        
RUN-1001 :      min_ripple_len     |    auto    |       auto       |        
RUN-1001 :       oh2bin_ratio      |    0.08    |       0.08       |        
RUN-1001 :     opt_adder_fanout    |     on     |        on        |        
RUN-1001 :        opt_arith        |     on     |        on        |        
RUN-1001 :       opt_big_gate      |    off     |       off        |        
RUN-1001 :        opt_const        |     on     |        on        |        
RUN-1001 :      opt_const_mult     |     on     |        on        |        
RUN-1001 :       opt_lessthan      |     on     |        on        |        
RUN-1001 :         opt_mux         |    off     |       off        |        
RUN-1001 :         opt_ram         |    high    |       high       |        
RUN-1001 :      rtl_sim_model      |    off     |       off        |        
RUN-1001 :         seq_syn         |     on     |        on        |        
RUN-1001 : --------------------------------------------------------------
HDL-1007 : analyze verilog file ../../al_ip/divider_gate.v
HDL-1007 : undeclared symbol 'open_n2', assumed default net type 'wire' in ../../al_ip/divider_gate.v(209)
HDL-1007 : undeclared symbol 'open_n3', assumed default net type 'wire' in ../../al_ip/divider_gate.v(216)
HDL-1007 : undeclared symbol 'open_n4', assumed default net type 'wire' in ../../al_ip/divider_gate.v(223)
HDL-1007 : undeclared symbol 'open_n5', assumed default net type 'wire' in ../../al_ip/divider_gate.v(230)
HDL-1007 : undeclared symbol 'open_n6', assumed default net type 'wire' in ../../al_ip/divider_gate.v(237)
HDL-1007 : undeclared symbol 'open_n7', assumed default net type 'wire' in ../../al_ip/divider_gate.v(244)
HDL-1007 : undeclared symbol 'open_n8', assumed default net type 'wire' in ../../al_ip/divider_gate.v(251)
HDL-1007 : undeclared symbol 'open_n9', assumed default net type 'wire' in ../../al_ip/divider_gate.v(258)
HDL-1007 : undeclared symbol 'open_n10', assumed default net type 'wire' in ../../al_ip/divider_gate.v(265)
HDL-1007 : undeclared symbol 'open_n11', assumed default net type 'wire' in ../../al_ip/divider_gate.v(272)
HDL-1007 : undeclared symbol 'open_n12', assumed default net type 'wire' in ../../al_ip/divider_gate.v(279)
HDL-1007 : undeclared symbol 'open_n13', assumed default net type 'wire' in ../../al_ip/divider_gate.v(286)
HDL-1007 : undeclared symbol 'open_n14', assumed default net type 'wire' in ../../al_ip/divider_gate.v(293)
HDL-1007 : undeclared symbol 'open_n15', assumed default net type 'wire' in ../../al_ip/divider_gate.v(300)
HDL-1007 : undeclared symbol 'open_n16', assumed default net type 'wire' in ../../al_ip/divider_gate.v(307)
HDL-1007 : undeclared symbol 'open_n17', assumed default net type 'wire' in ../../al_ip/divider_gate.v(314)
HDL-1007 : undeclared symbol 'open_n18', assumed default net type 'wire' in ../../al_ip/divider_gate.v(321)
HDL-1007 : undeclared symbol 'open_n19', assumed default net type 'wire' in ../../al_ip/divider_gate.v(328)
HDL-1007 : undeclared symbol 'open_n20', assumed default net type 'wire' in ../../al_ip/divider_gate.v(335)
HDL-1007 : undeclared symbol 'open_n21', assumed default net type 'wire' in ../../al_ip/divider_gate.v(342)
HDL-1007 : undeclared symbol 'open_n22', assumed default net type 'wire' in ../../al_ip/divider_gate.v(349)
HDL-1007 : undeclared symbol 'open_n23', assumed default net type 'wire' in ../../al_ip/divider_gate.v(356)
HDL-1007 : undeclared symbol 'open_n24', assumed default net type 'wire' in ../../al_ip/divider_gate.v(363)
HDL-1007 : undeclared symbol 'open_n25', assumed default net type 'wire' in ../../al_ip/divider_gate.v(370)
HDL-1007 : undeclared symbol 'open_n26', assumed default net type 'wire' in ../../al_ip/divider_gate.v(377)
HDL-1007 : undeclared symbol 'open_n29', assumed default net type 'wire' in ../../al_ip/divider_gate.v(1424)
HDL-1007 : undeclared symbol 'open_n30', assumed default net type 'wire' in ../../al_ip/divider_gate.v(1431)
HDL-1007 : analyze verilog file ../../RTL/adc_ad7928.v
HDL-1007 : analyze verilog file ../../RTL/foc/cartesian2polar.v
HDL-1007 : analyze verilog file ../../RTL/foc/clark_tr.v
HDL-1007 : analyze verilog file ../../RTL/foc/foc_top.v
HDL-1007 : analyze verilog file ../../RTL/foc/hold_detect.v
HDL-1007 : analyze verilog file ../../RTL/foc/park_tr.v
HDL-1007 : analyze verilog file ../../RTL/foc/pi_controller.v
HDL-1007 : analyze verilog file ../../RTL/foc/sincos.v
HDL-1007 : analyze verilog file ../../RTL/foc/svpwm.v
HDL-1007 : analyze verilog file ../../RTL/fpga_top.v
HDL-1007 : undeclared symbol 'S_idq_update', assumed default net type 'wire' in ../../RTL/fpga_top.v(180)
HDL-1007 : analyze verilog file ../../RTL/i2c_register_read.v
HDL-1007 : analyze verilog file ../../hall_sensor.v
HDL-1007 : analyze verilog file ../../AS5600_sensor.v
HDL-1007 : analyze verilog file ../../ahb_foc_controller.v
RUN-1001 : Project manager successfully analyzed 15 source files.
RUN-1002 : start command "import_device sf1_6.db -package SF1S60CG121I"
ARC-1001 : Device Initialization.
ARC-1001 : -------------------------------------------------
ARC-1001 :       OPTION       |      IO       |   SETTING   
ARC-1001 : -------------------------------------------------
ARC-1001 :        done        |      B4       |    gpio    
ARC-1001 :        initn       |      A5       |    gpio    
ARC-1001 :       jtagen       |      B7       |    gpio    
ARC-1001 :      programn      |      B5       |  dedicate  
ARC-1001 :   tdi/tms/tck/tdo  |  C4/A6/A7/C5  |  dedicate  
ARC-1001 : -------------------------------------------------
ARC-1004 : Device setting, marked 5 dedicate IOs in total.
RUN-1002 : start command "elaborate -top ahb_foc_controller"
RUN-1001 : Print Design Property
RUN-1001 : --------------------------------------------------------------
RUN-1001 :        Parameters       |  Settings  |  Default Values  |  Note  
RUN-1001 : --------------------------------------------------------------
RUN-1001 :   default_reg_initial   |    auto    |       auto       |        
RUN-1001 :        infer_add        |     on     |        on        |        
RUN-1001 :        infer_fsm        |    off     |       off        |        
RUN-1001 :        infer_mult       |     on     |        on        |        
RUN-1001 :        infer_ram        |     on     |        on        |        
RUN-1001 :        infer_reg        |     on     |        on        |        
RUN-1001 :   infer_reg_init_value  |     on     |        on        |        
RUN-1001 :        infer_rom        |     on     |        on        |        
RUN-1001 :      infer_shifter      |     on     |        on        |        
RUN-1001 : --------------------------------------------------------------
RUN-1001 : Print Rtl Property
RUN-1001 : --------------------------------------------------------------
RUN-1001 :        Parameters       |  Settings  |  Default Values  |  Note  
RUN-1001 : --------------------------------------------------------------
RUN-1001 :       compress_add      |   ripple   |      ripple      |        
RUN-1001 :        elf_sload        |    off     |       off        |        
RUN-1001 :       fix_undriven      |     0      |        0         |        
RUN-1001 :         flatten         |    off     |       off        |        
RUN-1001 :       gate_sharing      |     on     |        on        |        
RUN-1001 :    hdl_warning_level    |   normal   |      normal      |        
RUN-1001 :   impl_internal_tribuf  |     on     |        on        |        
RUN-1001 :      impl_set_reset     |     on     |        on        |        
RUN-1001 :        infer_gsr        |    off     |       off        |        
RUN-1001 :      keep_hierarchy     |    auto    |       auto       |        
RUN-1001 :        max_fanout       |    9999    |       9999       |        
RUN-1001 :      max_oh2bin_len     |     10     |        10        |        
RUN-1001 :       merge_equal       |     on     |        on        |        
RUN-1001 :       merge_equiv       |     on     |        on        |        
RUN-1001 :        merge_mux        |    off     |       off        |        
RUN-1001 :     min_control_set     |     8      |        8         |        
RUN-1001 :      min_ripple_len     |    auto    |       auto       |        
RUN-1001 :       oh2bin_ratio      |    0.08    |       0.08       |        
RUN-1001 :     opt_adder_fanout    |     on     |        on        |        
RUN-1001 :        opt_arith        |     on     |        on        |        
RUN-1001 :       opt_big_gate      |    off     |       off        |        
RUN-1001 :        opt_const        |     on     |        on        |        
RUN-1001 :      opt_const_mult     |     on     |        on        |        
RUN-1001 :       opt_lessthan      |     on     |        on        |        
RUN-1001 :         opt_mux         |    off     |       off        |        
RUN-1001 :         opt_ram         |    high    |       high       |        
RUN-1001 :      rtl_sim_model      |    off     |       off        |        
RUN-1001 :         seq_syn         |     on     |        on        |        
RUN-1001 : --------------------------------------------------------------
RUN-1001 : Print Global Property
RUN-1001 : ---------------------------------------------------------------
RUN-1001 :        Parameters        |  Settings  |  Default Values  |  Note  
RUN-1001 : ---------------------------------------------------------------
RUN-1001 :          message         |  standard  |     standard     |        
RUN-1001 :   mixed_pack_place_flow  |     on     |        on        |        
RUN-1001 :        qor_monitor       |    off     |       off        |        
RUN-1001 :        syn_ip_flow       |    off     |       off        |        
RUN-1001 :          thread          |    auto    |       auto       |        
RUN-1001 : ---------------------------------------------------------------
RUN-1001 : Print Design Property
RUN-1001 : --------------------------------------------------------------
RUN-1001 :        Parameters       |  Settings  |  Default Values  |  Note  
RUN-1001 : --------------------------------------------------------------
RUN-1001 :   default_reg_initial   |    auto    |       auto       |        
RUN-1001 :        infer_add        |     on     |        on        |        
RUN-1001 :        infer_fsm        |    off     |       off        |        
RUN-1001 :        infer_mult       |     on     |        on        |        
RUN-1001 :        infer_ram        |     on     |        on        |        
RUN-1001 :        infer_reg        |     on     |        on        |        
RUN-1001 :   infer_reg_init_value  |     on     |        on        |        
RUN-1001 :        infer_rom        |     on     |        on        |        
RUN-1001 :      infer_shifter      |     on     |        on        |        
RUN-1001 : --------------------------------------------------------------
HDL-1007 : elaborate module ahb_foc_controller in ../../ahb_foc_controller.v(1)
HDL-1007 : elaborate module foc_controller in ../../RTL/fpga_top.v(6)
HDL-1007 : elaborate module as5600_encoder in ../../AS5600_sensor.v(1)
HDL-1007 : elaborate module i2c_register_read(CLK_DIV=16'b01010) in ../../RTL/i2c_register_read.v(9)
HDL-1007 : elaborate module hall_encoder in ../../hall_sensor.v(1)
HDL-5007 WARNING: port 'b' is not connected on this instance in ../../al_ip/divider_gate.v(205)
HDL-5007 WARNING: port 'b' is not connected on this instance in ../../al_ip/divider_gate.v(1420)
HDL-1007 : elaborate module Divider in ../../al_ip/divider_gate.v(5)
HDL-1007 : elaborate module AL_MAP_LUT4(INIT=16'b01000000000,EQN="(D*~C*~B*A)") in D:/Anlogic/TD5.6.2/arch/al_lmacro.v(24)
HDL-1007 : elaborate module AL_MAP_LUT2(INIT=4'b01,EQN="(~B*~A)") in D:/Anlogic/TD5.6.2/arch/al_lmacro.v(48)
HDL-1007 : elaborate module AL_MAP_LUT5(INIT=32'b11001111110011111100111111001101,EQN="~(~B*~(~C*~(~E*~D*A)))") in D:/Anlogic/TD5.6.2/arch/al_lmacro.v(13)
HDL-1007 : elaborate module AL_MAP_LUT3(INIT=8'b010100,EQN="(~A*(C@B))") in D:/Anlogic/TD5.6.2/arch/al_lmacro.v(36)
HDL-1007 : elaborate module AL_MAP_LUT5(INIT=32'b010010000100000001001000010010,EQN="(~B*(A*~(C)*~((E*~D))+~(A)*C*~((E*~D))+~(A)*C*(E*~D)))") in D:/Anlogic/TD5.6.2/arch/al_lmacro.v(13)
HDL-1007 : elaborate module AL_MAP_LUT4(INIT=16'b01001100100000,EQN="(~B*(D@(C*A)))") in D:/Anlogic/TD5.6.2/arch/al_lmacro.v(24)
HDL-1007 : elaborate module AL_MAP_LUT2(INIT=4'b1000,EQN="(B*A)") in D:/Anlogic/TD5.6.2/arch/al_lmacro.v(48)
HDL-1007 : elaborate module AL_MAP_LUT5(INIT=32'b010011001100010010000000000000,EQN="(~B*(A*C*D*~(E)+~(A)*~(C)*~(D)*E+~(A)*C*~(D)*E+A*C*~(D)*E+~(A)*~(C)*D*E+A*~(C)*D*E+~(A)*C*D*E))") in D:/Anlogic/TD5.6.2/arch/al_lmacro.v(13)
HDL-1007 : elaborate module AL_MAP_LUT3(INIT=8'b10111000,EQN="(C*~(A)*~(B)+C*A*~(B)+~(C)*A*B+C*A*B)") in D:/Anlogic/TD5.6.2/arch/al_lmacro.v(36)
HDL-1007 : elaborate module AL_DFF_0 in D:/Anlogic/TD5.6.2/arch/al_lmacro.v(206)
HDL-1007 : elaborate module AL_MAP_ADDER(ALUTYPE="A_LE_B_CARRY") in D:/Anlogic/TD5.6.2/arch/al_lmacro.v(72)
HDL-1007 : elaborate module AL_MAP_ADDER(ALUTYPE="A_LE_B") in D:/Anlogic/TD5.6.2/arch/al_lmacro.v(72)
HDL-1007 : elaborate module AL_MAP_LUT5(INIT=32'b10111011101110001000101110001000,EQN="((D*~(E)*~(C)+D*E*~(C)+~(D)*E*C+D*E*C)*~(A)*~(B)+(D*~(E)*~(C)+D*E*~(C)+~(D)*E*C+D*E*C)*A*~(B)+~((D*~(E)*~(C)+D*E*~(C)+~(D)*E*C+D*E*C))*A*B+(D*~(E)*~(C)+D*E*~(C)+~(D)*E*C+D*E*C)*A*B)") in D:/Anlogic/TD5.6.2/arch/al_lmacro.v(13)
HDL-1007 : elaborate module AL_MAP_ADDER(ALUTYPE="SUB") in D:/Anlogic/TD5.6.2/arch/al_lmacro.v(72)
HDL-1007 : elaborate module AL_MAP_ADDER(ALUTYPE="SUB_CARRY") in D:/Anlogic/TD5.6.2/arch/al_lmacro.v(72)
HDL-5007 WARNING: input port 'b' is not connected on this instance in ../../al_ip/divider_gate.v(207)
HDL-5007 WARNING: input port 'b' is not connected on this instance in ../../al_ip/divider_gate.v(1422)
HDL-1007 : elaborate module adc_ad7928(CH_CNT=3'b010,CH0=3'b01,CH1=3'b010,CH2=3'b011) in ../../RTL/adc_ad7928.v(11)
HDL-1007 : elaborate module foc_top(INIT_CYCLES=20000000,SAMPLE_DELAY=9'b01010000) in ../../RTL/foc/foc_top.v(11)
HDL-1007 : elaborate module clark_tr in ../../RTL/foc/clark_tr.v(9)
HDL-1007 : elaborate module park_tr in ../../RTL/foc/park_tr.v(9)
HDL-1007 : elaborate module sincos in ../../RTL/foc/sincos.v(11)
HDL-1007 : elaborate module pi_controller in ../../RTL/foc/pi_controller.v(9)
HDL-1007 : elaborate module cartesian2polar in ../../RTL/foc/cartesian2polar.v(9)
HDL-1007 : elaborate module svpwm in ../../RTL/foc/svpwm.v(13)
HDL-1007 : elaborate module hold_detect(SAMPLE_DELAY=16'b01010000) in ../../RTL/foc/hold_detect.v(9)
HDL-5007 WARNING: actual bit length 32 differs from formal bit length 1 for port 'O_init_done' in ../../ahb_foc_controller.v(401)
HDL-5007 WARNING: actual bit length 32 differs from formal bit length 16 for port 'O_current_id' in ../../ahb_foc_controller.v(402)
HDL-5007 WARNING: actual bit length 32 differs from formal bit length 16 for port 'O_current_iq' in ../../ahb_foc_controller.v(403)
HDL-5007 WARNING: actual bit length 32 differs from formal bit length 12 for port 'O_angle_ele' in ../../ahb_foc_controller.v(406)
HDL-5007 WARNING: actual bit length 32 differs from formal bit length 12 for port 'O_angle_mec' in ../../ahb_foc_controller.v(407)
HDL-5007 WARNING: actual bit length 32 differs from formal bit length 3 for port 'O_hall_step' in ../../ahb_foc_controller.v(408)
HDL-5007 WARNING: actual bit length 32 differs from formal bit length 16 for port 'O_current_ia' in ../../ahb_foc_controller.v(409)
HDL-5007 WARNING: actual bit length 32 differs from formal bit length 16 for port 'O_current_ib' in ../../ahb_foc_controller.v(410)
HDL-5007 WARNING: actual bit length 32 differs from formal bit length 16 for port 'O_current_ic' in ../../ahb_foc_controller.v(411)
HDL-5007 WARNING: actual bit length 32 differs from formal bit length 12 for port 'O_voltage_vr_rho' in ../../ahb_foc_controller.v(412)
HDL-5007 Similar messages will be suppressed.
HDL-1200 : Current top model is ahb_foc_controller
HDL-1100 : Inferred 0 RAMs.
RUN-1002 : start command "export_db FOC_Controller_elaborate.db"
RUN-1001 : Exported /
RUN-1001 : Exported flow parameters
RUN-1001 : Exported libs
RUN-1001 : Exported entities
RUN-1001 : Exported ports
RUN-1001 : Exported pins
RUN-1001 : Exported instances
RUN-1001 : Exported nets
RUN-1001 : Exported buses
RUN-1001 : Exported models
RUN-1001 : Exported congestions
RUN-1001 : Exported violations
RUN-1001 : Exported IO constraints
RUN-1001 : Exported Inst constraints
RUN-1002 : start command "read_adc"
USR-1002 : read_adc file_name -trans <string> -help
USR-6010 WARNING: ADC constraints: top model pin IO_i2c_sda has no constraint.
USR-6010 WARNING: ADC constraints: top model pin I_ahb_clk has no constraint.
USR-6010 WARNING: ADC constraints: top model pin I_ahb_haddr[31] has no constraint.
USR-6010 WARNING: ADC constraints: top model pin I_ahb_haddr[30] has no constraint.
USR-6010 WARNING: ADC constraints: top model pin I_ahb_haddr[29] has no constraint.
USR-6010 WARNING: ADC constraints: top model pin I_ahb_haddr[28] has no constraint.
USR-6010 WARNING: ADC constraints: top model pin I_ahb_haddr[27] has no constraint.
USR-6010 WARNING: ADC constraints: top model pin I_ahb_haddr[26] has no constraint.
USR-6010 WARNING: ADC constraints: top model pin I_ahb_haddr[25] has no constraint.
USR-6010 WARNING: ADC constraints: top model pin I_ahb_haddr[24] has no constraint.
USR-6010 Similar messages will be suppressed.
RUN-1002 : start command "optimize_rtl"
RUN-1001 : Open license file D:/Anlogic/TD5.6.2/license/Anlogic.lic
RUN-1001 : Print Global Property
RUN-1001 : ---------------------------------------------------------------
RUN-1001 :        Parameters        |  Settings  |  Default Values  |  Note  
RUN-1001 : ---------------------------------------------------------------
RUN-1001 :          message         |  standard  |     standard     |        
RUN-1001 :   mixed_pack_place_flow  |     on     |        on        |        
RUN-1001 :        qor_monitor       |    off     |       off        |        
RUN-1001 :        syn_ip_flow       |    off     |       off        |        
RUN-1001 :          thread          |    auto    |       auto       |        
RUN-1001 : ---------------------------------------------------------------
RUN-1001 : Print Rtl Property
RUN-1001 : --------------------------------------------------------------
RUN-1001 :        Parameters       |  Settings  |  Default Values  |  Note  
RUN-1001 : --------------------------------------------------------------
RUN-1001 :       compress_add      |   ripple   |      ripple      |        
RUN-1001 :        elf_sload        |    off     |       off        |        
RUN-1001 :       fix_undriven      |     0      |        0         |        
RUN-1001 :         flatten         |    off     |       off        |        
RUN-1001 :       gate_sharing      |     on     |        on        |        
RUN-1001 :    hdl_warning_level    |   normal   |      normal      |        
RUN-1001 :   impl_internal_tribuf  |     on     |        on        |        
RUN-1001 :      impl_set_reset     |     on     |        on        |        
RUN-1001 :        infer_gsr        |    off     |       off        |        
RUN-1001 :      keep_hierarchy     |    auto    |       auto       |        
RUN-1001 :        max_fanout       |    9999    |       9999       |        
RUN-1001 :      max_oh2bin_len     |     10     |        10        |        
RUN-1001 :       merge_equal       |     on     |        on        |        
RUN-1001 :       merge_equiv       |     on     |        on        |        
RUN-1001 :        merge_mux        |    off     |       off        |        
RUN-1001 :     min_control_set     |     8      |        8         |        
RUN-1001 :      min_ripple_len     |    auto    |       auto       |        
RUN-1001 :       oh2bin_ratio      |    0.08    |       0.08       |        
RUN-1001 :     opt_adder_fanout    |     on     |        on        |        
RUN-1001 :        opt_arith        |     on     |        on        |        
RUN-1001 :       opt_big_gate      |    off     |       off        |        
RUN-1001 :        opt_const        |     on     |        on        |        
RUN-1001 :      opt_const_mult     |     on     |        on        |        
RUN-1001 :       opt_lessthan      |     on     |        on        |        
RUN-1001 :         opt_mux         |    off     |       off        |        
RUN-1001 :         opt_ram         |    high    |       high       |        
RUN-1001 :      rtl_sim_model      |    off     |       off        |        
RUN-1001 :         seq_syn         |     on     |        on        |        
RUN-1001 : --------------------------------------------------------------
SYN-1012 : SanityCheck: Model "ahb_foc_controller"
SYN-1012 : SanityCheck: Model "foc_controller"
SYN-1012 : SanityCheck: Model "adc_ad7928(CH_CNT=3'b010,CH0=3'b01,CH1=3'b010,CH2=3'b011)"
SYN-1012 : SanityCheck: Model "as5600_encoder"
SYN-1012 : SanityCheck: Model "i2c_register_read(CLK_DIV=16'b01010)"
SYN-1012 : SanityCheck: Model "foc_top(INIT_CYCLES=20000000,SAMPLE_DELAY=9'b01010000)"
SYN-1012 : SanityCheck: Model "hold_detect(SAMPLE_DELAY=16'b01010000)"
SYN-1012 : SanityCheck: Model "cartesian2polar"
SYN-1012 : SanityCheck: Model "clark_tr"
SYN-1012 : SanityCheck: Model "pi_controller"
SYN-1012 : SanityCheck: Model "park_tr"
SYN-1012 : SanityCheck: Model "sincos"
SYN-1012 : SanityCheck: Model "svpwm"
SYN-1012 : SanityCheck: Model "hall_encoder"
SYN-1012 : SanityCheck: Model "Divider"
SYN-1012 : SanityCheck: Model "AL_DFF_0"
SYN-1043 : Mark i2c_register_read(CLK_DIV=16'b01010) as IO macro for instance sda_i
SYN-1043 : Mark as5600_encoder as IO macro for instance u_as5600_read
SYN-1043 : Mark foc_controller as IO macro for instance u_as5600_encoder
SYN-1011 : Flatten model ahb_foc_controller
SYN-1032 : 13795/931 useful/useless nets, 1729/98 useful/useless insts
SYN-1016 : Merged 280 instances.
SYN-1035 : Inferred 4 ROM(s)
SYN-1032 : 11707/2713 useful/useless nets, 1173/237 useful/useless insts
SYN-1016 : Merged 820 instances.
SYN-5011 WARNING: Undriven pin: model "ahb_foc_controller" / inst "u_foc_controller/u_foc_top/mux5_syn_26" in ../../RTL/foc/foc_top.v(198) / pin "i1"
SYN-5011 WARNING: Undriven pin: model "ahb_foc_controller" / inst "u_foc_controller/u_foc_top/u_cartesian2polar/mux4_syn_1" in ../../RTL/foc/cartesian2polar.v(94) / pin "addrb[11]"
SYN-5011 WARNING: Undriven pin: model "ahb_foc_controller" / inst "u_foc_controller/u_foc_top/u_cartesian2polar/mux4_syn_1" in ../../RTL/foc/cartesian2polar.v(94) / pin "addrb[10]"
SYN-5011 WARNING: Undriven pin: model "ahb_foc_controller" / inst "u_foc_controller/u_foc_top/u_cartesian2polar/mux4_syn_1" in ../../RTL/foc/cartesian2polar.v(94) / pin "addrb[9]"
SYN-5011 WARNING: Undriven pin: model "ahb_foc_controller" / inst "u_foc_controller/u_foc_top/u_cartesian2polar/mux4_syn_1" in ../../RTL/foc/cartesian2polar.v(94) / pin "addrb[8]"
SYN-5011 WARNING: Undriven pin: model "ahb_foc_controller" / inst "u_foc_controller/u_foc_top/u_cartesian2polar/mux4_syn_1" in ../../RTL/foc/cartesian2polar.v(94) / pin "addrb[7]"
SYN-5011 WARNING: Undriven pin: model "ahb_foc_controller" / inst "u_foc_controller/u_foc_top/u_cartesian2polar/mux4_syn_1" in ../../RTL/foc/cartesian2polar.v(94) / pin "addrb[6]"
SYN-5011 WARNING: Undriven pin: model "ahb_foc_controller" / inst "u_foc_controller/u_foc_top/u_cartesian2polar/mux4_syn_1" in ../../RTL/foc/cartesian2polar.v(94) / pin "addrb[5]"
SYN-5011 WARNING: Undriven pin: model "ahb_foc_controller" / inst "u_foc_controller/u_foc_top/u_cartesian2polar/mux4_syn_1" in ../../RTL/foc/cartesian2polar.v(94) / pin "addrb[4]"
SYN-5011 WARNING: Undriven pin: model "ahb_foc_controller" / inst "u_foc_controller/u_foc_top/u_cartesian2polar/mux4_syn_1" in ../../RTL/foc/cartesian2polar.v(94) / pin "addrb[3]"
SYN-5011 Similar messages will be suppressed.
SYN-5013 WARNING: Undriven net: model "ahb_foc_controller" / net "O_ahb_hresp[1]_syn_2" in ../../ahb_foc_controller.v(15)
SYN-5014 WARNING: the net's pin: pin "i" in ../../ahb_foc_controller.v(15)
SYN-5013 WARNING: Undriven net: model "ahb_foc_controller" / net "O_ahb_hresp[0]_syn_2" in ../../ahb_foc_controller.v(15)
SYN-5014 WARNING: the net's pin: pin "i" in ../../ahb_foc_controller.v(15)
SYN-5013 WARNING: Undriven net: model "ahb_foc_controller" / net "S_position[8]" in ../../ahb_foc_controller.v(102)
SYN-5014 WARNING: the net's pin: pin "d" in ../../ahb_foc_controller.v(269)
SYN-5025 WARNING: Using 0 for all undriven pins and nets
SYN-1032 : 10804/286 useful/useless nets, 9279/386 useful/useless insts
SYN-1014 : Optimize round 1
SYN-1017 : Remove 4 const input seq instances
SYN-1002 :     reg1_syn_14
SYN-1002 :     reg28_syn_10
SYN-1002 :     u_foc_controller/u_adc_ad7928/reg2_syn_8
SYN-1002 :     u_foc_controller/u_foc_top/u_clark_tr/reg0_syn_2
SYN-1019 : Optimized 7 mux instances.
SYN-1021 : Optimized 958 onehot mux instances.
SYN-1020 : Optimized 1196 distributor mux.
SYN-1001 : Optimize 15 less-than instances
SYN-1019 : Optimized 6 mux instances.
SYN-1016 : Merged 1787 instances.
SYN-1015 : Optimize round 1, 7188 better
SYN-1014 : Optimize round 2
SYN-1032 : 7807/84 useful/useless nets, 6282/1376 useful/useless insts
SYN-1017 : Remove 4 const input seq instances
SYN-1002 :     u_foc_controller/u_foc_top/u_id_pi/reg0_syn_10
SYN-1002 :     u_foc_controller/u_foc_top/u_svpwm/reg11_syn_12
SYN-1002 :     u_foc_controller/u_hall_encoder/reg2_syn_12
SYN-1002 :     u_foc_controller/u_foc_top/u_id_pi/reg1_syn_10
SYN-1015 : Optimize round 2, 1444 better
SYN-3008 : Optimized 2 const1 DFF(s)
SYN-3003 : Optimized 1 equivalent DFF(s)
SYN-3003 : Optimized 1 equivalent DFF(s)
SYN-3003 : Optimized 1 equivalent DFF(s)
SYN-3003 : Optimized 1 equivalent DFF(s)
SYN-3003 : Optimized 3 equivalent DFF(s)
SYN-3004 : Optimized 21 const0 DFF(s)
SYN-1032 : 7707/95 useful/useless nets, 6199/48 useful/useless insts
SYN-1014 : Optimize round 1
SYN-1019 : Optimized 8 mux instances.
SYN-1016 : Merged 12 instances.
SYN-1015 : Optimize round 1, 51 better
SYN-1014 : Optimize round 2
SYN-1032 : 7670/18 useful/useless nets, 6175/0 useful/useless insts
SYN-1015 : Optimize round 2, 4 better
SYN-1014 : Optimize round 3
SYN-1015 : Optimize round 3, 0 better
RUN-1003 : finish command "optimize_rtl" in  6.948740s wall, 2.062500s user + 0.234375s system = 2.296875s CPU (33.1%)

RUN-1004 : used memory is 221 MB, reserved memory is 193 MB, peak memory is 240 MB
RUN-1002 : start command "report_area -file FOC_Controller_rtl.area"
RUN-1001 : standard
***Report Model: ahb_foc_controller Device: SF1S60CG121I***

IO Statistics
#IO                       129
  #input                   85
  #output                  43
  #inout                    1

Gate Statistics
#Basic gates             3566
  #and                    304
  #nand                     0
  #or                     136
  #nor                      0
  #xor                      0
  #xnor                     0
  #buf                      0
  #not                     92
  #bufif1                   1
  #MX21                   200
  #FADD                     0
  #DFF                   2833
  #LATCH                    0
#MACRO_ADD                133
#MACRO_EQ                  60
#MACRO_MULT                13
#MACRO_MUX               2284
#MACRO_OTHERS               4

LUT Statistics
#Total_luts                75
  #lut4                    10
  #lut5                    21
  #lut6                     0
  #lut5_mx41                0
  #lut4_alu1b              44

Report Hierarchy Area:
+--------------------------------------------------------------------+
|Instance                |Module             |gates  |seq    |macros |
+--------------------------------------------------------------------+
|top                     |ahb_foc_controller |733    |2833   |210    |
|  u_foc_controller      |foc_controller     |549    |1872   |185    |
|    u_adc_ad7928        |adc_ad7928         |69     |76     |11     |
|    u_as5600_encoder    |as5600_encoder     |77     |73     |28     |
|      u_as5600_read     |i2c_register_read  |77     |61     |24     |
|    u_foc_top           |foc_top            |372    |1229   |118    |
|      u_adc_sn_ctrl     |hold_detect        |7      |10     |3      |
|      u_cartesian2polar |cartesian2polar    |38     |189    |22     |
|      u_clark_tr        |clark_tr           |0      |128    |11     |
|      u_id_pi           |pi_controller      |12     |179    |13     |
|      u_iq_pi           |pi_controller      |12     |173    |13     |
|      u_park_tr         |park_tr            |14     |250    |16     |
|        u_sincos        |sincos             |14     |88     |10     |
|      u_svpwm           |svpwm              |284    |207    |30     |
|    u_hall_encoder      |hall_encoder       |30     |494    |28     |
|      u_divider         |Divider            |0      |71     |0      |
+--------------------------------------------------------------------+

RUN-1002 : start command "export_db FOC_Controller_rtl.db"
RUN-1001 : Exported /
RUN-1001 : Exported flow parameters
RUN-1001 : Exported libs
RUN-1001 : Exported entities
RUN-1001 : Exported ports
RUN-1001 : Exported pins
RUN-1001 : Exported instances
RUN-1001 : Exported nets
RUN-1001 : Exported buses
RUN-1001 : Exported models
RUN-1001 : Exported congestions
RUN-1001 : Exported violations
RUN-1001 : Exported IO constraints
RUN-1001 : Exported Inst constraints
RUN-1002 : start command "optimize_gate -maparea FOC_Controller_gate.area"
RUN-1001 : Open license file D:/Anlogic/TD5.6.2/license/Anlogic.lic
RUN-1001 : Print Global Property
RUN-1001 : ---------------------------------------------------------------
RUN-1001 :        Parameters        |  Settings  |  Default Values  |  Note  
RUN-1001 : ---------------------------------------------------------------
RUN-1001 :          message         |  standard  |     standard     |        
RUN-1001 :   mixed_pack_place_flow  |     on     |        on        |        
RUN-1001 :        qor_monitor       |    off     |       off        |        
RUN-1001 :        syn_ip_flow       |    off     |       off        |        
RUN-1001 :          thread          |    auto    |       auto       |        
RUN-1001 : ---------------------------------------------------------------
RUN-1001 : Print Gate Property
RUN-1001 : ------------------------------------------------------------------
RUN-1001 :          Parameters         |  Settings  |  Default Values  |  Note  
RUN-1001 : ------------------------------------------------------------------
RUN-1001 :         cascade_dsp         |    off     |       off        |        
RUN-1001 :         cascade_eram        |    off     |       off        |        
RUN-1001 :        gate_sim_model       |    off     |       off        |        
RUN-1001 :        map_sim_model        |    off     |       off        |        
RUN-1001 :         map_strategy        |     1      |        1         |        
RUN-1001 :           opt_area          |   medium   |      medium      |        
RUN-1001 :          opt_timing         |    auto    |       auto       |        
RUN-1001 :         pack_effort         |   medium   |      medium      |        
RUN-1001 :      pack_lslice_ripple     |     on     |        on        |        
RUN-1001 :   pack_lslice_ripple_ratio  |    0.5     |       0.5        |        
RUN-1001 :        pack_seq_in_io       |    auto    |       auto       |        
RUN-1001 :        ph1_mux_ratio        |    1.0     |       1.0        |        
RUN-1001 :            report           |  standard  |     standard     |        
RUN-1001 :           retiming          |    off     |       off        |        
RUN-1001 : ------------------------------------------------------------------
SYN-8226 ERROR: Design's pad number: 121, exceeds the limit of device pad number: 55.
RUN-1002 : start command "backup_run_log run.log ../.logs/syn_1/td_20231110_023218.log"
