============================================================
   Tang Dynasty, V5.6.71036
      Copyright (c) 2012-2023 Anlogic Inc.
   Executable = D:/Anlogic/TD5.6.2/bin/td.exe
   Built at =   20:34:38 Mar 21 2023
   Run by =     15597
   Run Date =   Sun Nov  5 20:33:02 2023

   Run on =     XR097-DELL-G7
============================================================
RUN-1002 : start command "open_project FOC_Controller.prj"
RUN-1001 : Print Global Property
RUN-1001 : ---------------------------------------------------------------
RUN-1001 :        Parameters        |  Settings  |  Default Values  |  Note  
RUN-1001 : ---------------------------------------------------------------
RUN-1001 :          message         |  standard  |     standard     |        
RUN-1001 :   mixed_pack_place_flow  |     on     |        on        |        
RUN-1001 :        qor_monitor       |    off     |       off        |        
RUN-1001 :        syn_ip_flow       |    off     |       off        |        
RUN-1001 :          thread          |    auto    |       auto       |        
RUN-1001 : ---------------------------------------------------------------
RUN-1001 : Print Design Property
RUN-1001 : --------------------------------------------------------------
RUN-1001 :        Parameters       |  Settings  |  Default Values  |  Note  
RUN-1001 : --------------------------------------------------------------
RUN-1001 :   default_reg_initial   |    auto    |       auto       |        
RUN-1001 :        infer_add        |     on     |        on        |        
RUN-1001 :        infer_fsm        |    off     |       off        |        
RUN-1001 :        infer_mult       |     on     |        on        |        
RUN-1001 :        infer_ram        |     on     |        on        |        
RUN-1001 :        infer_reg        |     on     |        on        |        
RUN-1001 :   infer_reg_init_value  |     on     |        on        |        
RUN-1001 :        infer_rom        |     on     |        on        |        
RUN-1001 :      infer_shifter      |     on     |        on        |        
RUN-1001 : --------------------------------------------------------------
RUN-1001 : Print Rtl Property
RUN-1001 : --------------------------------------------------------------
RUN-1001 :        Parameters       |  Settings  |  Default Values  |  Note  
RUN-1001 : --------------------------------------------------------------
RUN-1001 :       compress_add      |   ripple   |      ripple      |        
RUN-1001 :        elf_sload        |    off     |       off        |        
RUN-1001 :       fix_undriven      |     0      |        0         |        
RUN-1001 :         flatten         |    off     |       off        |        
RUN-1001 :       gate_sharing      |     on     |        on        |        
RUN-1001 :    hdl_warning_level    |   normal   |      normal      |        
RUN-1001 :   impl_internal_tribuf  |     on     |        on        |        
RUN-1001 :      impl_set_reset     |     on     |        on        |        
RUN-1001 :        infer_gsr        |    off     |       off        |        
RUN-1001 :      keep_hierarchy     |    auto    |       auto       |        
RUN-1001 :        max_fanout       |    9999    |       9999       |        
RUN-1001 :      max_oh2bin_len     |     10     |        10        |        
RUN-1001 :       merge_equal       |     on     |        on        |        
RUN-1001 :       merge_equiv       |     on     |        on        |        
RUN-1001 :        merge_mux        |    off     |       off        |        
RUN-1001 :     min_control_set     |     8      |        8         |        
RUN-1001 :      min_ripple_len     |    auto    |       auto       |        
RUN-1001 :       oh2bin_ratio      |    0.08    |       0.08       |        
RUN-1001 :     opt_adder_fanout    |     on     |        on        |        
RUN-1001 :        opt_arith        |     on     |        on        |        
RUN-1001 :       opt_big_gate      |    off     |       off        |        
RUN-1001 :        opt_const        |     on     |        on        |        
RUN-1001 :      opt_const_mult     |     on     |        on        |        
RUN-1001 :       opt_lessthan      |     on     |        on        |        
RUN-1001 :         opt_mux         |    off     |       off        |        
RUN-1001 :         opt_ram         |    high    |       high       |        
RUN-1001 :      rtl_sim_model      |    off     |       off        |        
RUN-1001 :         seq_syn         |     on     |        on        |        
RUN-1001 : --------------------------------------------------------------
HDL-1007 : analyze verilog file ../../al_ip/pll.v
HDL-1007 : undeclared symbol 'open', assumed default net type 'wire' in ../../al_ip/pll.v(96)
HDL-1007 : analyze verilog file ../../al_ip/MCU.v
HDL-1007 : analyze verilog file ../../hall_sensor.v
HDL-5007 WARNING: redeclaration of ANSI port 'lost' is not allowed in ../../hall_sensor.v(40)
HDL-1007 : analyze verilog file ../../shift_filter.v
HDL-1007 : analyze verilog file ../../ahb2hall_sensor.v
HDL-1007 : analyze verilog file ../../TOP.v
HDL-1007 : undeclared symbol 'S_sys_clk_40m', assumed default net type 'wire' in ../../TOP.v(26)
RUN-1001 : Project manager successfully analyzed 6 source files.
RUN-1002 : start command "import_device sf1_6.db -package SF1S60CG121I"
ARC-1001 : Device Initialization.
ARC-1001 : -------------------------------------------------
ARC-1001 :       OPTION       |      IO       |   SETTING   
ARC-1001 : -------------------------------------------------
ARC-1001 :        done        |      B4       |    gpio    
ARC-1001 :        initn       |      A5       |    gpio    
ARC-1001 :       jtagen       |      B7       |    gpio    
ARC-1001 :      programn      |      B5       |  dedicate  
ARC-1001 :   tdi/tms/tck/tdo  |  C4/A6/A7/C5  |  dedicate  
ARC-1001 : -------------------------------------------------
ARC-1004 : Device setting, marked 5 dedicate IOs in total.
RUN-1002 : start command "elaborate -top TOP"
RUN-1001 : Print Design Property
RUN-1001 : --------------------------------------------------------------
RUN-1001 :        Parameters       |  Settings  |  Default Values  |  Note  
RUN-1001 : --------------------------------------------------------------
RUN-1001 :   default_reg_initial   |    auto    |       auto       |        
RUN-1001 :        infer_add        |     on     |        on        |        
RUN-1001 :        infer_fsm        |    off     |       off        |        
RUN-1001 :        infer_mult       |     on     |        on        |        
RUN-1001 :        infer_ram        |     on     |        on        |        
RUN-1001 :        infer_reg        |     on     |        on        |        
RUN-1001 :   infer_reg_init_value  |     on     |        on        |        
RUN-1001 :        infer_rom        |     on     |        on        |        
RUN-1001 :      infer_shifter      |     on     |        on        |        
RUN-1001 : --------------------------------------------------------------
RUN-1001 : Print Rtl Property
RUN-1001 : --------------------------------------------------------------
RUN-1001 :        Parameters       |  Settings  |  Default Values  |  Note  
RUN-1001 : --------------------------------------------------------------
RUN-1001 :       compress_add      |   ripple   |      ripple      |        
RUN-1001 :        elf_sload        |    off     |       off        |        
RUN-1001 :       fix_undriven      |     0      |        0         |        
RUN-1001 :         flatten         |    off     |       off        |        
RUN-1001 :       gate_sharing      |     on     |        on        |        
RUN-1001 :    hdl_warning_level    |   normal   |      normal      |        
RUN-1001 :   impl_internal_tribuf  |     on     |        on        |        
RUN-1001 :      impl_set_reset     |     on     |        on        |        
RUN-1001 :        infer_gsr        |    off     |       off        |        
RUN-1001 :      keep_hierarchy     |    auto    |       auto       |        
RUN-1001 :        max_fanout       |    9999    |       9999       |        
RUN-1001 :      max_oh2bin_len     |     10     |        10        |        
RUN-1001 :       merge_equal       |     on     |        on        |        
RUN-1001 :       merge_equiv       |     on     |        on        |        
RUN-1001 :        merge_mux        |    off     |       off        |        
RUN-1001 :     min_control_set     |     8      |        8         |        
RUN-1001 :      min_ripple_len     |    auto    |       auto       |        
RUN-1001 :       oh2bin_ratio      |    0.08    |       0.08       |        
RUN-1001 :     opt_adder_fanout    |     on     |        on        |        
RUN-1001 :        opt_arith        |     on     |        on        |        
RUN-1001 :       opt_big_gate      |    off     |       off        |        
RUN-1001 :        opt_const        |     on     |        on        |        
RUN-1001 :      opt_const_mult     |     on     |        on        |        
RUN-1001 :       opt_lessthan      |     on     |        on        |        
RUN-1001 :         opt_mux         |    off     |       off        |        
RUN-1001 :         opt_ram         |    high    |       high       |        
RUN-1001 :      rtl_sim_model      |    off     |       off        |        
RUN-1001 :         seq_syn         |     on     |        on        |        
RUN-1001 : --------------------------------------------------------------
RUN-1001 : Print Global Property
RUN-1001 : ---------------------------------------------------------------
RUN-1001 :        Parameters        |  Settings  |  Default Values  |  Note  
RUN-1001 : ---------------------------------------------------------------
RUN-1001 :          message         |  standard  |     standard     |        
RUN-1001 :   mixed_pack_place_flow  |     on     |        on        |        
RUN-1001 :        qor_monitor       |    off     |       off        |        
RUN-1001 :        syn_ip_flow       |    off     |       off        |        
RUN-1001 :          thread          |    auto    |       auto       |        
RUN-1001 : ---------------------------------------------------------------
RUN-1001 : Print Design Property
RUN-1001 : --------------------------------------------------------------
RUN-1001 :        Parameters       |  Settings  |  Default Values  |  Note  
RUN-1001 : --------------------------------------------------------------
RUN-1001 :   default_reg_initial   |    auto    |       auto       |        
RUN-1001 :        infer_add        |     on     |        on        |        
RUN-1001 :        infer_fsm        |    off     |       off        |        
RUN-1001 :        infer_mult       |     on     |        on        |        
RUN-1001 :        infer_ram        |     on     |        on        |        
RUN-1001 :        infer_reg        |     on     |        on        |        
RUN-1001 :   infer_reg_init_value  |     on     |        on        |        
RUN-1001 :        infer_rom        |     on     |        on        |        
RUN-1001 :      infer_shifter      |     on     |        on        |        
RUN-1001 : --------------------------------------------------------------
HDL-1007 : port 'extlock' remains unconnected for this instance in ../../TOP.v(22)
HDL-1007 : port 'mtip' remains unconnected for this instance in ../../TOP.v(42)
HDL-1007 : elaborate module TOP in ../../TOP.v(1)
HDL-1007 : elaborate module pll in ../../al_ip/pll.v(23)
HDL-1007 : elaborate module SF1_LOGIC_BUFG in D:/Anlogic/TD5.6.2/arch/sf1_macro.v(8)
HDL-1007 : elaborate module SF1_PHY_PLL(FIN="25.000",FBCLK_DIV=4,CLKC0_DIV=7,CLKC1_DIV=19,CLKC0_ENABLE="ENABLE",CLKC1_ENABLE="ENABLE",FEEDBK_PATH="CLKC0_EXT",STDBY_ENABLE="DISABLE",CLKC0_CPHASE=6,CLKC1_CPHASE=18,GMC_GAIN=2,GMC_TEST=9,ICP_CURRENT=9,KVCO=2,LPF_CAPACITOR=1,LPF_RESISTOR=8,SYNC_ENABLE="DISABLE",OFFSET_MODE="EXT",CLKC0_DUTY=0.5,CLKC1_DUTY=0.5,CLKC0_DUTY_INT=4,CLKC1_DUTY_INT=10) in D:/Anlogic/TD5.6.2/arch/sf1_macro.v(1354)
HDL-1007 : elaborate module MCU in ../../al_ip/MCU.v(14)
HDL-1007 : elaborate module SF1_LOGIC_MCU(RESET_VECTOR=32'b011100000000000000000) in D:/Anlogic/TD5.6.2/arch/sf1_macro.v(453)
HDL-1007 : elaborate module SF1_LOGIC_MCU_JTAG in D:/Anlogic/TD5.6.2/arch/sf1_macro.v(78)
HDL-1007 : elaborate module SF1_LOGIC_IOTRIBUF in D:/Anlogic/TD5.6.2/arch/sf1_macro.v(584)
HDL-1007 : elaborate module SF1_LOGIC_IOBUF in D:/Anlogic/TD5.6.2/arch/sf1_macro.v(574)
HDL-1007 : elaborate module SF1_PHY_INTFLASH in D:/Anlogic/TD5.6.2/arch/sf1_macro.v(978)
HDL-1007 : elaborate module ahb2hall_sensor in ../../ahb2hall_sensor.v(1)
HDL-1007 : elaborate module hall_sensor in ../../hall_sensor.v(1)
HDL-1007 : elaborate module shift_filter in ../../shift_filter.v(1)
HDL-5007 WARNING: actual bit length 32 differs from formal bit length 1 for port 'rst' in ../../ahb2hall_sensor.v(163)
HDL-5007 WARNING: net 'angle_e_o[31]' does not have a driver in ../../ahb2hall_sensor.v(37)
HDL-5007 WARNING: net 'error[31]' does not have a driver in ../../ahb2hall_sensor.v(38)
HDL-5007 WARNING: net 'lost[31]' does not have a driver in ../../ahb2hall_sensor.v(39)
HDL-5007 WARNING: input port 'nmi' remains unconnected for this instance in ../../TOP.v(42)
HDL-1200 : Current top model is TOP
HDL-1100 : Inferred 0 RAMs.
RUN-1002 : start command "export_db FOC_Controller_elaborate.db"
RUN-1001 : Exported /
RUN-1001 : Exported flow parameters
RUN-1001 : Exported libs
RUN-1001 : Exported entities
RUN-1001 : Exported ports
RUN-1001 : Exported pins
RUN-1001 : Exported instances
RUN-1001 : Exported nets
RUN-1001 : Exported buses
RUN-1001 : Exported models
RUN-1001 : Exported congestions
RUN-1001 : Exported violations
RUN-1001 : Exported IO constraints
RUN-1001 : Exported Inst constraints
RUN-1002 : start command "read_adc ../../adc.adc"
RUN-1002 : start command "set_pin_assignment  I_clk_25m   LOCATION = D7; IOSTANDARD = LVCMOS18; PULLTYPE = PULLUP; "
RUN-1002 : start command "set_pin_assignment  I_hall_u   LOCATION = C10; IOSTANDARD = LVCMOS33; PULLTYPE = PULLUP; "
RUN-1002 : start command "set_pin_assignment  I_hall_v   LOCATION = C11; IOSTANDARD = LVCMOS33; PULLTYPE = PULLUP; "
RUN-1002 : start command "set_pin_assignment  I_hall_w   LOCATION = E11; IOSTANDARD = LVCMOS33; PULLTYPE = PULLUP; "
RUN-1002 : start command "set_pin_assignment  I_jtag_tck   LOCATION = C7; IOSTANDARD = LVCMOS18; PULLTYPE = PULLUP; "
RUN-1002 : start command "set_pin_assignment  I_jtag_tdi   LOCATION = D5; IOSTANDARD = LVCMOS18; PULLTYPE = PULLUP; "
RUN-1002 : start command "set_pin_assignment  I_jtag_tms   LOCATION = D6; IOSTANDARD = LVCMOS18; PULLTYPE = PULLUP; "
RUN-1002 : start command "set_pin_assignment  I_rst_n   LOCATION = J2; IOSTANDARD = LVCMOS18; PULLTYPE = PULLUP; "
RUN-1002 : start command "set_pin_assignment  I_uart_rx   LOCATION = E4; IOSTANDARD = LVCMOS18; PULLTYPE = PULLUP; "
RUN-1002 : start command "set_pin_assignment  O_jtag_tdo   LOCATION = C6; IOSTANDARD = LVCMOS18; DRIVESTRENGTH = 8; PULLTYPE = NONE; "
RUN-1002 : start command "set_pin_assignment  O_uart_tx   LOCATION = A4; IOSTANDARD = LVCMOS18; DRIVESTRENGTH = 8; PULLTYPE = NONE; "
RUN-1001 : Starting of IO setups legality check.
RUN-1001 : Starting of IO setups legality check.
RUN-1001 : Starting of IO vref setups legality check.
RUN-1002 : start command "optimize_rtl"
RUN-1001 : Open license file D:/Anlogic/TD5.6.2/license/Anlogic.lic
RUN-1001 : Print Global Property
RUN-1001 : ---------------------------------------------------------------
RUN-1001 :        Parameters        |  Settings  |  Default Values  |  Note  
RUN-1001 : ---------------------------------------------------------------
RUN-1001 :          message         |  standard  |     standard     |        
RUN-1001 :   mixed_pack_place_flow  |     on     |        on        |        
RUN-1001 :        qor_monitor       |    off     |       off        |        
RUN-1001 :        syn_ip_flow       |    off     |       off        |        
RUN-1001 :          thread          |    auto    |       auto       |        
RUN-1001 : ---------------------------------------------------------------
RUN-1001 : Print Rtl Property
RUN-1001 : --------------------------------------------------------------
RUN-1001 :        Parameters       |  Settings  |  Default Values  |  Note  
RUN-1001 : --------------------------------------------------------------
RUN-1001 :       compress_add      |   ripple   |      ripple      |        
RUN-1001 :        elf_sload        |    off     |       off        |        
RUN-1001 :       fix_undriven      |     0      |        0         |        
RUN-1001 :         flatten         |    off     |       off        |        
RUN-1001 :       gate_sharing      |     on     |        on        |        
RUN-1001 :    hdl_warning_level    |   normal   |      normal      |        
RUN-1001 :   impl_internal_tribuf  |     on     |        on        |        
RUN-1001 :      impl_set_reset     |     on     |        on        |        
RUN-1001 :        infer_gsr        |    off     |       off        |        
RUN-1001 :      keep_hierarchy     |    auto    |       auto       |        
RUN-1001 :        max_fanout       |    9999    |       9999       |        
RUN-1001 :      max_oh2bin_len     |     10     |        10        |        
RUN-1001 :       merge_equal       |     on     |        on        |        
RUN-1001 :       merge_equiv       |     on     |        on        |        
RUN-1001 :        merge_mux        |    off     |       off        |        
RUN-1001 :     min_control_set     |     8      |        8         |        
RUN-1001 :      min_ripple_len     |    auto    |       auto       |        
RUN-1001 :       oh2bin_ratio      |    0.08    |       0.08       |        
RUN-1001 :     opt_adder_fanout    |     on     |        on        |        
RUN-1001 :        opt_arith        |     on     |        on        |        
RUN-1001 :       opt_big_gate      |    off     |       off        |        
RUN-1001 :        opt_const        |     on     |        on        |        
RUN-1001 :      opt_const_mult     |     on     |        on        |        
RUN-1001 :       opt_lessthan      |     on     |        on        |        
RUN-1001 :         opt_mux         |    off     |       off        |        
RUN-1001 :         opt_ram         |    high    |       high       |        
RUN-1001 :      rtl_sim_model      |    off     |       off        |        
RUN-1001 :         seq_syn         |     on     |        on        |        
RUN-1001 : --------------------------------------------------------------
SYN-1012 : SanityCheck: Model "TOP"
SYN-1012 : SanityCheck: Model "ahb2hall_sensor"
SYN-1012 : SanityCheck: Model "hall_sensor"
SYN-1012 : SanityCheck: Model "shift_filter"
SYN-1012 : SanityCheck: Model "MCU"
SYN-1012 : SanityCheck: Model "pll"
SYN-1043 : Mark pll as IO macro for instance bufg_feedback
SYN-1043 : Mark MCU as IO macro for instance u4
SYN-1011 : Flatten model TOP
SYN-1032 : 1991/171 useful/useless nets, 397/8 useful/useless insts
SYN-1016 : Merged 85 instances.
SYN-1032 : 1897/95 useful/useless nets, 231/13 useful/useless insts
SYN-1016 : Merged 165 instances.
SYN-5013 WARNING: Undriven net: model "TOP" / net "u_ahb_hall_sensor/O_ahb_hresp[1]_syn_3" in ../../ahb2hall_sensor.v(14)
SYN-5014 WARNING: the net's pin: pin "i" in ../../ahb2hall_sensor.v(14)
SYN-5013 WARNING: Undriven net: model "TOP" / net "u_ahb_hall_sensor/O_ahb_hresp[0]_syn_3" in ../../ahb2hall_sensor.v(14)
SYN-5014 WARNING: the net's pin: pin "i" in ../../ahb2hall_sensor.v(14)
SYN-5013 WARNING: Undriven net: model "TOP" / net "u_ahb_hall_sensor/angle_e_o[31]" in ../../ahb2hall_sensor.v(37)
SYN-5014 WARNING: the net's pin: pin "i3" in ../../ahb2hall_sensor.v(138)
SYN-5013 WARNING: Undriven net: model "TOP" / net "u_ahb_hall_sensor/angle_e_o[30]" in ../../ahb2hall_sensor.v(37)
SYN-5014 WARNING: the net's pin: pin "i3" in ../../ahb2hall_sensor.v(138)
SYN-5013 WARNING: Undriven net: model "TOP" / net "u_ahb_hall_sensor/angle_e_o[29]" in ../../ahb2hall_sensor.v(37)
SYN-5014 WARNING: the net's pin: pin "i3" in ../../ahb2hall_sensor.v(138)
SYN-5013 WARNING: Undriven net: model "TOP" / net "u_ahb_hall_sensor/angle_e_o[28]" in ../../ahb2hall_sensor.v(37)
SYN-5014 WARNING: the net's pin: pin "i3" in ../../ahb2hall_sensor.v(138)
SYN-5013 WARNING: Undriven net: model "TOP" / net "u_ahb_hall_sensor/angle_e_o[27]" in ../../ahb2hall_sensor.v(37)
SYN-5014 WARNING: the net's pin: pin "i3" in ../../ahb2hall_sensor.v(138)
SYN-5013 WARNING: Undriven net: model "TOP" / net "u_ahb_hall_sensor/angle_e_o[26]" in ../../ahb2hall_sensor.v(37)
SYN-5014 WARNING: the net's pin: pin "i3" in ../../ahb2hall_sensor.v(138)
SYN-5013 WARNING: Undriven net: model "TOP" / net "u_ahb_hall_sensor/angle_e_o[25]" in ../../ahb2hall_sensor.v(37)
SYN-5014 WARNING: the net's pin: pin "i3" in ../../ahb2hall_sensor.v(138)
SYN-5013 WARNING: Undriven net: model "TOP" / net "u_ahb_hall_sensor/angle_e_o[24]" in ../../ahb2hall_sensor.v(37)
SYN-5014 WARNING: the net's pin: pin "i3" in ../../ahb2hall_sensor.v(138)
SYN-5013 WARNING: Undriven net: model "TOP" / net "u_ahb_hall_sensor/angle_e_o[23]" in ../../ahb2hall_sensor.v(37)
SYN-5014 WARNING: the net's pin: pin "i3" in ../../ahb2hall_sensor.v(138)
SYN-5013 WARNING: Undriven net: model "TOP" / net "u_ahb_hall_sensor/angle_e_o[22]" in ../../ahb2hall_sensor.v(37)
SYN-5014 WARNING: the net's pin: pin "i3" in ../../ahb2hall_sensor.v(138)
SYN-5013 WARNING: Undriven net: model "TOP" / net "u_ahb_hall_sensor/angle_e_o[21]" in ../../ahb2hall_sensor.v(37)
SYN-5014 WARNING: the net's pin: pin "i3" in ../../ahb2hall_sensor.v(138)
SYN-5013 WARNING: Undriven net: model "TOP" / net "u_ahb_hall_sensor/angle_e_o[20]" in ../../ahb2hall_sensor.v(37)
SYN-5014 WARNING: the net's pin: pin "i3" in ../../ahb2hall_sensor.v(138)
SYN-5013 WARNING: Undriven net: model "TOP" / net "u_ahb_hall_sensor/angle_e_o[19]" in ../../ahb2hall_sensor.v(37)
SYN-5014 WARNING: the net's pin: pin "i3" in ../../ahb2hall_sensor.v(138)
SYN-5013 WARNING: Undriven net: model "TOP" / net "u_ahb_hall_sensor/angle_e_o[18]" in ../../ahb2hall_sensor.v(37)
SYN-5014 WARNING: the net's pin: pin "i3" in ../../ahb2hall_sensor.v(138)
SYN-5013 WARNING: Undriven net: model "TOP" / net "u_ahb_hall_sensor/angle_e_o[17]" in ../../ahb2hall_sensor.v(37)
SYN-5014 WARNING: the net's pin: pin "i3" in ../../ahb2hall_sensor.v(138)
SYN-5013 WARNING: Undriven net: model "TOP" / net "u_ahb_hall_sensor/angle_e_o[16]" in ../../ahb2hall_sensor.v(37)
SYN-5014 WARNING: the net's pin: pin "i3" in ../../ahb2hall_sensor.v(138)
SYN-5013 WARNING: Undriven net: model "TOP" / net "u_ahb_hall_sensor/angle_e_o[15]" in ../../ahb2hall_sensor.v(37)
SYN-5014 WARNING: the net's pin: pin "i3" in ../../ahb2hall_sensor.v(138)
SYN-5013 WARNING: Undriven net: model "TOP" / net "u_ahb_hall_sensor/angle_e_o[14]" in ../../ahb2hall_sensor.v(37)
SYN-5014 WARNING: the net's pin: pin "i3" in ../../ahb2hall_sensor.v(138)
SYN-5013 WARNING: Undriven net: model "TOP" / net "u_ahb_hall_sensor/angle_e_o[13]" in ../../ahb2hall_sensor.v(37)
SYN-5014 WARNING: the net's pin: pin "i3" in ../../ahb2hall_sensor.v(138)
SYN-5013 WARNING: Undriven net: model "TOP" / net "u_ahb_hall_sensor/angle_e_o[12]" in ../../ahb2hall_sensor.v(37)
SYN-5014 WARNING: the net's pin: pin "i3" in ../../ahb2hall_sensor.v(138)
SYN-5013 WARNING: Undriven net: model "TOP" / net "u_ahb_hall_sensor/error[31]" in ../../ahb2hall_sensor.v(38)
SYN-5014 WARNING: the net's pin: pin "i2" in ../../ahb2hall_sensor.v(138)
SYN-5013 WARNING: Undriven net: model "TOP" / net "u_ahb_hall_sensor/error[30]" in ../../ahb2hall_sensor.v(38)
SYN-5014 WARNING: the net's pin: pin "i2" in ../../ahb2hall_sensor.v(138)
SYN-5013 WARNING: Undriven net: model "TOP" / net "u_ahb_hall_sensor/error[29]" in ../../ahb2hall_sensor.v(38)
SYN-5014 WARNING: the net's pin: pin "i2" in ../../ahb2hall_sensor.v(138)
SYN-5013 WARNING: Undriven net: model "TOP" / net "u_ahb_hall_sensor/error[28]" in ../../ahb2hall_sensor.v(38)
SYN-5014 WARNING: the net's pin: pin "i2" in ../../ahb2hall_sensor.v(138)
SYN-5013 WARNING: Undriven net: model "TOP" / net "u_ahb_hall_sensor/error[27]" in ../../ahb2hall_sensor.v(38)
SYN-5014 WARNING: the net's pin: pin "i2" in ../../ahb2hall_sensor.v(138)
SYN-5013 WARNING: Undriven net: model "TOP" / net "u_ahb_hall_sensor/error[26]" in ../../ahb2hall_sensor.v(38)
SYN-5014 WARNING: the net's pin: pin "i2" in ../../ahb2hall_sensor.v(138)
SYN-5013 WARNING: Undriven net: model "TOP" / net "u_ahb_hall_sensor/error[25]" in ../../ahb2hall_sensor.v(38)
SYN-5014 WARNING: the net's pin: pin "i2" in ../../ahb2hall_sensor.v(138)
SYN-5013 WARNING: Undriven net: model "TOP" / net "u_ahb_hall_sensor/error[24]" in ../../ahb2hall_sensor.v(38)
SYN-5014 WARNING: the net's pin: pin "i2" in ../../ahb2hall_sensor.v(138)
SYN-5013 WARNING: Undriven net: model "TOP" / net "u_ahb_hall_sensor/error[23]" in ../../ahb2hall_sensor.v(38)
SYN-5014 WARNING: the net's pin: pin "i2" in ../../ahb2hall_sensor.v(138)
SYN-5013 WARNING: Undriven net: model "TOP" / net "u_ahb_hall_sensor/error[22]" in ../../ahb2hall_sensor.v(38)
SYN-5014 WARNING: the net's pin: pin "i2" in ../../ahb2hall_sensor.v(138)
SYN-5013 WARNING: Undriven net: model "TOP" / net "u_ahb_hall_sensor/error[21]" in ../../ahb2hall_sensor.v(38)
SYN-5014 WARNING: the net's pin: pin "i2" in ../../ahb2hall_sensor.v(138)
SYN-5013 WARNING: Undriven net: model "TOP" / net "u_ahb_hall_sensor/error[20]" in ../../ahb2hall_sensor.v(38)
SYN-5014 WARNING: the net's pin: pin "i2" in ../../ahb2hall_sensor.v(138)
SYN-5013 WARNING: Undriven net: model "TOP" / net "u_ahb_hall_sensor/error[19]" in ../../ahb2hall_sensor.v(38)
SYN-5014 WARNING: the net's pin: pin "i2" in ../../ahb2hall_sensor.v(138)
SYN-5013 WARNING: Undriven net: model "TOP" / net "u_ahb_hall_sensor/error[18]" in ../../ahb2hall_sensor.v(38)
SYN-5014 WARNING: the net's pin: pin "i2" in ../../ahb2hall_sensor.v(138)
SYN-5013 WARNING: Undriven net: model "TOP" / net "u_ahb_hall_sensor/error[17]" in ../../ahb2hall_sensor.v(38)
SYN-5014 WARNING: the net's pin: pin "i2" in ../../ahb2hall_sensor.v(138)
SYN-5013 WARNING: Undriven net: model "TOP" / net "u_ahb_hall_sensor/error[16]" in ../../ahb2hall_sensor.v(38)
SYN-5014 WARNING: the net's pin: pin "i2" in ../../ahb2hall_sensor.v(138)
SYN-5013 WARNING: Undriven net: model "TOP" / net "u_ahb_hall_sensor/error[15]" in ../../ahb2hall_sensor.v(38)
SYN-5014 WARNING: the net's pin: pin "i2" in ../../ahb2hall_sensor.v(138)
SYN-5013 WARNING: Undriven net: model "TOP" / net "u_ahb_hall_sensor/error[14]" in ../../ahb2hall_sensor.v(38)
SYN-5014 WARNING: the net's pin: pin "i2" in ../../ahb2hall_sensor.v(138)
SYN-5013 WARNING: Undriven net: model "TOP" / net "u_ahb_hall_sensor/error[13]" in ../../ahb2hall_sensor.v(38)
SYN-5014 WARNING: the net's pin: pin "i2" in ../../ahb2hall_sensor.v(138)
SYN-5013 WARNING: Undriven net: model "TOP" / net "u_ahb_hall_sensor/error[12]" in ../../ahb2hall_sensor.v(38)
SYN-5014 WARNING: the net's pin: pin "i2" in ../../ahb2hall_sensor.v(138)
SYN-5013 WARNING: Undriven net: model "TOP" / net "u_ahb_hall_sensor/error[11]" in ../../ahb2hall_sensor.v(38)
SYN-5014 WARNING: the net's pin: pin "i2" in ../../ahb2hall_sensor.v(138)
SYN-5013 WARNING: Undriven net: model "TOP" / net "u_ahb_hall_sensor/error[10]" in ../../ahb2hall_sensor.v(38)
SYN-5014 WARNING: the net's pin: pin "i2" in ../../ahb2hall_sensor.v(138)
SYN-5013 WARNING: Undriven net: model "TOP" / net "u_ahb_hall_sensor/error[9]" in ../../ahb2hall_sensor.v(38)
SYN-5014 WARNING: the net's pin: pin "i2" in ../../ahb2hall_sensor.v(138)
SYN-5013 WARNING: Undriven net: model "TOP" / net "u_ahb_hall_sensor/error[8]" in ../../ahb2hall_sensor.v(38)
SYN-5014 WARNING: the net's pin: pin "i2" in ../../ahb2hall_sensor.v(138)
SYN-5013 WARNING: Undriven net: model "TOP" / net "u_ahb_hall_sensor/error[7]" in ../../ahb2hall_sensor.v(38)
SYN-5014 WARNING: the net's pin: pin "i2" in ../../ahb2hall_sensor.v(138)
SYN-5013 WARNING: Undriven net: model "TOP" / net "u_ahb_hall_sensor/error[6]" in ../../ahb2hall_sensor.v(38)
SYN-5014 WARNING: the net's pin: pin "i2" in ../../ahb2hall_sensor.v(138)
SYN-5013 WARNING: Undriven net: model "TOP" / net "u_ahb_hall_sensor/error[5]" in ../../ahb2hall_sensor.v(38)
SYN-5014 WARNING: the net's pin: pin "i2" in ../../ahb2hall_sensor.v(138)
SYN-5013 WARNING: Undriven net: model "TOP" / net "u_ahb_hall_sensor/error[4]" in ../../ahb2hall_sensor.v(38)
SYN-5014 WARNING: the net's pin: pin "i2" in ../../ahb2hall_sensor.v(138)
SYN-5013 WARNING: Undriven net: model "TOP" / net "u_ahb_hall_sensor/error[3]" in ../../ahb2hall_sensor.v(38)
SYN-5014 WARNING: the net's pin: pin "i2" in ../../ahb2hall_sensor.v(138)
SYN-5013 WARNING: Undriven net: model "TOP" / net "u_ahb_hall_sensor/error[2]" in ../../ahb2hall_sensor.v(38)
SYN-5014 WARNING: the net's pin: pin "i2" in ../../ahb2hall_sensor.v(138)
SYN-5013 WARNING: Undriven net: model "TOP" / net "u_ahb_hall_sensor/error[1]" in ../../ahb2hall_sensor.v(38)
SYN-5014 WARNING: the net's pin: pin "i2" in ../../ahb2hall_sensor.v(138)
SYN-5013 WARNING: Undriven net: model "TOP" / net "u_ahb_hall_sensor/lost[31]" in ../../ahb2hall_sensor.v(39)
SYN-5014 WARNING: the net's pin: pin "i1" in ../../ahb2hall_sensor.v(138)
SYN-5013 WARNING: Undriven net: model "TOP" / net "u_ahb_hall_sensor/lost[30]" in ../../ahb2hall_sensor.v(39)
SYN-5014 WARNING: the net's pin: pin "i1" in ../../ahb2hall_sensor.v(138)
SYN-5013 WARNING: Undriven net: model "TOP" / net "u_ahb_hall_sensor/lost[29]" in ../../ahb2hall_sensor.v(39)
SYN-5014 WARNING: the net's pin: pin "i1" in ../../ahb2hall_sensor.v(138)
SYN-5013 WARNING: Undriven net: model "TOP" / net "u_ahb_hall_sensor/lost[28]" in ../../ahb2hall_sensor.v(39)
SYN-5014 WARNING: the net's pin: pin "i1" in ../../ahb2hall_sensor.v(138)
SYN-5013 WARNING: Undriven net: model "TOP" / net "u_ahb_hall_sensor/lost[27]" in ../../ahb2hall_sensor.v(39)
SYN-5014 WARNING: the net's pin: pin "i1" in ../../ahb2hall_sensor.v(138)
SYN-5013 WARNING: Undriven net: model "TOP" / net "u_ahb_hall_sensor/lost[26]" in ../../ahb2hall_sensor.v(39)
SYN-5014 WARNING: the net's pin: pin "i1" in ../../ahb2hall_sensor.v(138)
SYN-5013 WARNING: Undriven net: model "TOP" / net "u_ahb_hall_sensor/lost[25]" in ../../ahb2hall_sensor.v(39)
SYN-5014 WARNING: the net's pin: pin "i1" in ../../ahb2hall_sensor.v(138)
SYN-5013 WARNING: Undriven net: model "TOP" / net "u_ahb_hall_sensor/lost[24]" in ../../ahb2hall_sensor.v(39)
SYN-5014 WARNING: the net's pin: pin "i1" in ../../ahb2hall_sensor.v(138)
SYN-5013 WARNING: Undriven net: model "TOP" / net "u_ahb_hall_sensor/lost[23]" in ../../ahb2hall_sensor.v(39)
SYN-5014 WARNING: the net's pin: pin "i1" in ../../ahb2hall_sensor.v(138)
SYN-5013 WARNING: Undriven net: model "TOP" / net "u_ahb_hall_sensor/lost[22]" in ../../ahb2hall_sensor.v(39)
SYN-5014 WARNING: the net's pin: pin "i1" in ../../ahb2hall_sensor.v(138)
SYN-5013 WARNING: Undriven net: model "TOP" / net "u_ahb_hall_sensor/lost[21]" in ../../ahb2hall_sensor.v(39)
SYN-5014 WARNING: the net's pin: pin "i1" in ../../ahb2hall_sensor.v(138)
SYN-5013 WARNING: Undriven net: model "TOP" / net "u_ahb_hall_sensor/lost[20]" in ../../ahb2hall_sensor.v(39)
SYN-5014 WARNING: the net's pin: pin "i1" in ../../ahb2hall_sensor.v(138)
SYN-5013 WARNING: Undriven net: model "TOP" / net "u_ahb_hall_sensor/lost[19]" in ../../ahb2hall_sensor.v(39)
SYN-5014 WARNING: the net's pin: pin "i1" in ../../ahb2hall_sensor.v(138)
SYN-5013 WARNING: Undriven net: model "TOP" / net "u_ahb_hall_sensor/lost[18]" in ../../ahb2hall_sensor.v(39)
SYN-5014 WARNING: the net's pin: pin "i1" in ../../ahb2hall_sensor.v(138)
SYN-5013 WARNING: Undriven net: model "TOP" / net "u_ahb_hall_sensor/lost[17]" in ../../ahb2hall_sensor.v(39)
SYN-5014 WARNING: the net's pin: pin "i1" in ../../ahb2hall_sensor.v(138)
SYN-5013 WARNING: Undriven net: model "TOP" / net "u_ahb_hall_sensor/lost[16]" in ../../ahb2hall_sensor.v(39)
SYN-5014 WARNING: the net's pin: pin "i1" in ../../ahb2hall_sensor.v(138)
SYN-5013 WARNING: Undriven net: model "TOP" / net "u_ahb_hall_sensor/lost[15]" in ../../ahb2hall_sensor.v(39)
SYN-5014 WARNING: the net's pin: pin "i1" in ../../ahb2hall_sensor.v(138)
SYN-5013 WARNING: Undriven net: model "TOP" / net "u_ahb_hall_sensor/lost[14]" in ../../ahb2hall_sensor.v(39)
SYN-5014 WARNING: the net's pin: pin "i1" in ../../ahb2hall_sensor.v(138)
SYN-5013 WARNING: Undriven net: model "TOP" / net "u_ahb_hall_sensor/lost[13]" in ../../ahb2hall_sensor.v(39)
SYN-5014 WARNING: the net's pin: pin "i1" in ../../ahb2hall_sensor.v(138)
SYN-5013 WARNING: Undriven net: model "TOP" / net "u_ahb_hall_sensor/lost[12]" in ../../ahb2hall_sensor.v(39)
SYN-5014 WARNING: the net's pin: pin "i1" in ../../ahb2hall_sensor.v(138)
SYN-5013 WARNING: Undriven net: model "TOP" / net "u_ahb_hall_sensor/lost[11]" in ../../ahb2hall_sensor.v(39)
SYN-5014 WARNING: the net's pin: pin "i1" in ../../ahb2hall_sensor.v(138)
SYN-5013 WARNING: Undriven net: model "TOP" / net "u_ahb_hall_sensor/lost[10]" in ../../ahb2hall_sensor.v(39)
SYN-5014 WARNING: the net's pin: pin "i1" in ../../ahb2hall_sensor.v(138)
SYN-5013 WARNING: Undriven net: model "TOP" / net "u_ahb_hall_sensor/lost[9]" in ../../ahb2hall_sensor.v(39)
SYN-5014 WARNING: the net's pin: pin "i1" in ../../ahb2hall_sensor.v(138)
SYN-5013 WARNING: Undriven net: model "TOP" / net "u_ahb_hall_sensor/lost[8]" in ../../ahb2hall_sensor.v(39)
SYN-5014 WARNING: the net's pin: pin "i1" in ../../ahb2hall_sensor.v(138)
SYN-5013 WARNING: Undriven net: model "TOP" / net "u_ahb_hall_sensor/lost[7]" in ../../ahb2hall_sensor.v(39)
SYN-5014 WARNING: the net's pin: pin "i1" in ../../ahb2hall_sensor.v(138)
SYN-5013 WARNING: Undriven net: model "TOP" / net "u_ahb_hall_sensor/lost[6]" in ../../ahb2hall_sensor.v(39)
SYN-5014 WARNING: the net's pin: pin "i1" in ../../ahb2hall_sensor.v(138)
SYN-5013 WARNING: Undriven net: model "TOP" / net "u_ahb_hall_sensor/lost[5]" in ../../ahb2hall_sensor.v(39)
SYN-5014 WARNING: the net's pin: pin "i1" in ../../ahb2hall_sensor.v(138)
SYN-5013 WARNING: Undriven net: model "TOP" / net "u_ahb_hall_sensor/lost[4]" in ../../ahb2hall_sensor.v(39)
SYN-5014 WARNING: the net's pin: pin "i1" in ../../ahb2hall_sensor.v(138)
SYN-5013 WARNING: Undriven net: model "TOP" / net "u_ahb_hall_sensor/lost[3]" in ../../ahb2hall_sensor.v(39)
SYN-5014 WARNING: the net's pin: pin "i1" in ../../ahb2hall_sensor.v(138)
SYN-5013 WARNING: Undriven net: model "TOP" / net "u_ahb_hall_sensor/lost[2]" in ../../ahb2hall_sensor.v(39)
SYN-5014 WARNING: the net's pin: pin "i1" in ../../ahb2hall_sensor.v(138)
SYN-5013 WARNING: Undriven net: model "TOP" / net "u_ahb_hall_sensor/lost[1]" in ../../ahb2hall_sensor.v(39)
SYN-5014 WARNING: the net's pin: pin "i1" in ../../ahb2hall_sensor.v(138)
SYN-5013 WARNING: Undriven net: model "TOP" / net "u_mcu/apb_prdata_down[31]" in ../../al_ip/MCU.v(78)
SYN-5014 WARNING: the net's pin: pin "apb_prdata[31]" in ../../al_ip/MCU.v(126)
SYN-5013 WARNING: Undriven net: model "TOP" / net "u_mcu/apb_prdata_down[30]" in ../../al_ip/MCU.v(78)
SYN-5014 WARNING: the net's pin: pin "apb_prdata[30]" in ../../al_ip/MCU.v(126)
SYN-5013 WARNING: Undriven net: model "TOP" / net "u_mcu/apb_prdata_down[29]" in ../../al_ip/MCU.v(78)
SYN-5014 WARNING: the net's pin: pin "apb_prdata[29]" in ../../al_ip/MCU.v(126)
SYN-5013 WARNING: Undriven net: model "TOP" / net "u_mcu/apb_prdata_down[28]" in ../../al_ip/MCU.v(78)
SYN-5014 WARNING: the net's pin: pin "apb_prdata[28]" in ../../al_ip/MCU.v(126)
SYN-5013 WARNING: Undriven net: model "TOP" / net "u_mcu/apb_prdata_down[27]" in ../../al_ip/MCU.v(78)
SYN-5014 WARNING: the net's pin: pin "apb_prdata[27]" in ../../al_ip/MCU.v(126)
SYN-5013 WARNING: Undriven net: model "TOP" / net "u_mcu/apb_prdata_down[26]" in ../../al_ip/MCU.v(78)
SYN-5014 WARNING: the net's pin: pin "apb_prdata[26]" in ../../al_ip/MCU.v(126)
SYN-5013 WARNING: Undriven net: model "TOP" / net "u_mcu/apb_prdata_down[25]" in ../../al_ip/MCU.v(78)
SYN-5014 WARNING: the net's pin: pin "apb_prdata[25]" in ../../al_ip/MCU.v(126)
SYN-5013 WARNING: Undriven net: model "TOP" / net "u_mcu/apb_prdata_down[24]" in ../../al_ip/MCU.v(78)
SYN-5014 WARNING: the net's pin: pin "apb_prdata[24]" in ../../al_ip/MCU.v(126)
SYN-5013 WARNING: Undriven net: model "TOP" / net "u_mcu/apb_prdata_down[23]" in ../../al_ip/MCU.v(78)
SYN-5014 WARNING: the net's pin: pin "apb_prdata[23]" in ../../al_ip/MCU.v(126)
SYN-5013 WARNING: Undriven net: model "TOP" / net "u_mcu/apb_prdata_down[22]" in ../../al_ip/MCU.v(78)
SYN-5014 WARNING: the net's pin: pin "apb_prdata[22]" in ../../al_ip/MCU.v(126)
SYN-5013 WARNING: Undriven net: model "TOP" / net "u_mcu/apb_prdata_down[21]" in ../../al_ip/MCU.v(78)
SYN-5014 WARNING: the net's pin: pin "apb_prdata[21]" in ../../al_ip/MCU.v(126)
SYN-5013 WARNING: Undriven net: model "TOP" / net "u_mcu/apb_prdata_down[20]" in ../../al_ip/MCU.v(78)
SYN-5014 WARNING: the net's pin: pin "apb_prdata[20]" in ../../al_ip/MCU.v(126)
SYN-5013 WARNING: Undriven net: model "TOP" / net "u_mcu/apb_prdata_down[19]" in ../../al_ip/MCU.v(78)
SYN-5014 WARNING: the net's pin: pin "apb_prdata[19]" in ../../al_ip/MCU.v(126)
SYN-5013 WARNING: Undriven net: model "TOP" / net "u_mcu/apb_prdata_down[18]" in ../../al_ip/MCU.v(78)
SYN-5014 WARNING: the net's pin: pin "apb_prdata[18]" in ../../al_ip/MCU.v(126)
SYN-5013 WARNING: Undriven net: model "TOP" / net "u_mcu/apb_prdata_down[17]" in ../../al_ip/MCU.v(78)
SYN-5014 WARNING: the net's pin: pin "apb_prdata[17]" in ../../al_ip/MCU.v(126)
SYN-5013 WARNING: Undriven net: model "TOP" / net "u_mcu/apb_prdata_down[16]" in ../../al_ip/MCU.v(78)
SYN-5014 WARNING: the net's pin: pin "apb_prdata[16]" in ../../al_ip/MCU.v(126)
SYN-5013 WARNING: Undriven net: model "TOP" / net "u_mcu/apb_prdata_down[15]" in ../../al_ip/MCU.v(78)
SYN-5014 WARNING: the net's pin: pin "apb_prdata[15]" in ../../al_ip/MCU.v(126)
SYN-5013 WARNING: Undriven net: model "TOP" / net "u_mcu/apb_prdata_down[14]" in ../../al_ip/MCU.v(78)
SYN-5014 WARNING: the net's pin: pin "apb_prdata[14]" in ../../al_ip/MCU.v(126)
SYN-5013 WARNING: Undriven net: model "TOP" / net "u_mcu/apb_prdata_down[13]" in ../../al_ip/MCU.v(78)
SYN-5014 WARNING: the net's pin: pin "apb_prdata[13]" in ../../al_ip/MCU.v(126)
SYN-5013 WARNING: Undriven net: model "TOP" / net "u_mcu/apb_prdata_down[12]" in ../../al_ip/MCU.v(78)
SYN-5014 WARNING: the net's pin: pin "apb_prdata[12]" in ../../al_ip/MCU.v(126)
SYN-5013 WARNING: Undriven net: model "TOP" / net "u_mcu/apb_prdata_down[11]" in ../../al_ip/MCU.v(78)
SYN-5014 WARNING: the net's pin: pin "apb_prdata[11]" in ../../al_ip/MCU.v(126)
SYN-5013 WARNING: Undriven net: model "TOP" / net "u_mcu/apb_prdata_down[10]" in ../../al_ip/MCU.v(78)
SYN-5014 WARNING: the net's pin: pin "apb_prdata[10]" in ../../al_ip/MCU.v(126)
SYN-5013 WARNING: Undriven net: model "TOP" / net "u_mcu/apb_prdata_down[9]" in ../../al_ip/MCU.v(78)
SYN-5014 WARNING: the net's pin: pin "apb_prdata[9]" in ../../al_ip/MCU.v(126)
SYN-5013 WARNING: Undriven net: model "TOP" / net "u_mcu/apb_prdata_down[8]" in ../../al_ip/MCU.v(78)
SYN-5014 WARNING: the net's pin: pin "apb_prdata[8]" in ../../al_ip/MCU.v(126)
SYN-5013 WARNING: Undriven net: model "TOP" / net "u_mcu/apb_prdata_down[7]" in ../../al_ip/MCU.v(78)
SYN-5014 WARNING: the net's pin: pin "apb_prdata[7]" in ../../al_ip/MCU.v(126)
SYN-5013 WARNING: Undriven net: model "TOP" / net "u_mcu/apb_prdata_down[6]" in ../../al_ip/MCU.v(78)
SYN-5014 WARNING: the net's pin: pin "apb_prdata[6]" in ../../al_ip/MCU.v(126)
SYN-5013 WARNING: Undriven net: model "TOP" / net "u_mcu/apb_prdata_down[5]" in ../../al_ip/MCU.v(78)
SYN-5014 WARNING: the net's pin: pin "apb_prdata[5]" in ../../al_ip/MCU.v(126)
SYN-5013 WARNING: Undriven net: model "TOP" / net "u_mcu/apb_prdata_down[4]" in ../../al_ip/MCU.v(78)
SYN-5014 WARNING: the net's pin: pin "apb_prdata[4]" in ../../al_ip/MCU.v(126)
SYN-5013 WARNING: Undriven net: model "TOP" / net "u_mcu/apb_prdata_down[3]" in ../../al_ip/MCU.v(78)
SYN-5014 WARNING: the net's pin: pin "apb_prdata[3]" in ../../al_ip/MCU.v(126)
SYN-5013 WARNING: Undriven net: model "TOP" / net "u_mcu/apb_prdata_down[2]" in ../../al_ip/MCU.v(78)
SYN-5014 WARNING: the net's pin: pin "apb_prdata[2]" in ../../al_ip/MCU.v(126)
SYN-5013 WARNING: Undriven net: model "TOP" / net "u_mcu/apb_prdata_down[1]" in ../../al_ip/MCU.v(78)
SYN-5014 WARNING: the net's pin: pin "apb_prdata[1]" in ../../al_ip/MCU.v(126)
SYN-5013 WARNING: Undriven net: model "TOP" / net "u_mcu/apb_prdata_down[0]" in ../../al_ip/MCU.v(78)
SYN-5014 WARNING: the net's pin: pin "apb_prdata[0]" in ../../al_ip/MCU.v(126)
SYN-5013 WARNING: Undriven net: model "TOP" / net "u_mcu/clic_irq[15]" in ../../al_ip/MCU.v(75)
SYN-5014 WARNING: the net's pin: pin "clic_irq[15]" in ../../al_ip/MCU.v(126)
SYN-5013 WARNING: Undriven net: model "TOP" / net "u_mcu/clic_irq[14]" in ../../al_ip/MCU.v(75)
SYN-5014 WARNING: the net's pin: pin "clic_irq[14]" in ../../al_ip/MCU.v(126)
SYN-5013 WARNING: Undriven net: model "TOP" / net "u_mcu/clic_irq[13]" in ../../al_ip/MCU.v(75)
SYN-5014 WARNING: the net's pin: pin "clic_irq[13]" in ../../al_ip/MCU.v(126)
SYN-5013 WARNING: Undriven net: model "TOP" / net "u_mcu/clic_irq[12]" in ../../al_ip/MCU.v(75)
SYN-5014 WARNING: the net's pin: pin "clic_irq[12]" in ../../al_ip/MCU.v(126)
SYN-5013 WARNING: Undriven net: model "TOP" / net "u_mcu/clic_irq[11]" in ../../al_ip/MCU.v(75)
SYN-5014 WARNING: the net's pin: pin "clic_irq[11]" in ../../al_ip/MCU.v(126)
SYN-5013 WARNING: Undriven net: model "TOP" / net "u_mcu/clic_irq[10]" in ../../al_ip/MCU.v(75)
SYN-5014 WARNING: the net's pin: pin "clic_irq[10]" in ../../al_ip/MCU.v(126)
SYN-5013 WARNING: Undriven net: model "TOP" / net "u_mcu/clic_irq[9]" in ../../al_ip/MCU.v(75)
SYN-5014 WARNING: the net's pin: pin "clic_irq[9]" in ../../al_ip/MCU.v(126)
SYN-5013 WARNING: Undriven net: model "TOP" / net "u_mcu/clic_irq[8]" in ../../al_ip/MCU.v(75)
SYN-5014 WARNING: the net's pin: pin "clic_irq[8]" in ../../al_ip/MCU.v(126)
SYN-5013 WARNING: Undriven net: model "TOP" / net "u_mcu/clic_irq[7]" in ../../al_ip/MCU.v(75)
SYN-5014 WARNING: the net's pin: pin "clic_irq[7]" in ../../al_ip/MCU.v(126)
SYN-5013 WARNING: Undriven net: model "TOP" / net "u_mcu/clic_irq[6]" in ../../al_ip/MCU.v(75)
SYN-5014 WARNING: the net's pin: pin "clic_irq[6]" in ../../al_ip/MCU.v(126)
SYN-5013 WARNING: Undriven net: model "TOP" / net "u_mcu/clic_irq[5]" in ../../al_ip/MCU.v(75)
SYN-5014 WARNING: the net's pin: pin "clic_irq[5]" in ../../al_ip/MCU.v(126)
SYN-5013 WARNING: Undriven net: model "TOP" / net "u_mcu/clic_irq[4]" in ../../al_ip/MCU.v(75)
SYN-5014 WARNING: the net's pin: pin "clic_irq[4]" in ../../al_ip/MCU.v(126)
SYN-5013 WARNING: Undriven net: model "TOP" / net "u_mcu/clic_irq[3]" in ../../al_ip/MCU.v(75)
SYN-5014 WARNING: the net's pin: pin "clic_irq[3]" in ../../al_ip/MCU.v(126)
SYN-5013 WARNING: Undriven net: model "TOP" / net "u_mcu/clic_irq[2]" in ../../al_ip/MCU.v(75)
SYN-5014 WARNING: the net's pin: pin "clic_irq[2]" in ../../al_ip/MCU.v(126)
SYN-5013 WARNING: Undriven net: model "TOP" / net "u_mcu/clic_irq[1]" in ../../al_ip/MCU.v(75)
SYN-5014 WARNING: the net's pin: pin "clic_irq[1]" in ../../al_ip/MCU.v(126)
SYN-5013 WARNING: Undriven net: model "TOP" / net "u_mcu/clic_irq[0]" in ../../al_ip/MCU.v(75)
SYN-5014 WARNING: the net's pin: pin "clic_irq[0]" in ../../al_ip/MCU.v(126)
SYN-5013 WARNING: Undriven net: model "TOP" / net "u_mcu/apb_pready_down" in ../../al_ip/MCU.v(85)
SYN-5014 WARNING: the net's pin: pin "apb_pready_i" in ../../al_ip/MCU.v(126)
SYN-5013 WARNING: Undriven net: model "TOP" / net "u_mcu/apb_pslverr_down" in ../../al_ip/MCU.v(84)
SYN-5014 WARNING: the net's pin: pin "apb_pslverr_i" in ../../al_ip/MCU.v(126)
SYN-5013 WARNING: Undriven net: model "TOP" / net "u_mcu/nmi" in ../../al_ip/MCU.v(74)
SYN-5014 WARNING: the net's pin: pin "nmi" in ../../al_ip/MCU.v(126)
SYN-5025 WARNING: Using 0 for all undriven pins and nets
SYN-1032 : 1482/122 useful/useless nets, 1203/103 useful/useless insts
SYN-1014 : Optimize round 1
SYN-1021 : Optimized 78 onehot mux instances.
SYN-1020 : Optimized 82 distributor mux.
SYN-1001 : Optimize 1 less-than instances
SYN-1016 : Merged 309 instances.
SYN-1015 : Optimize round 1, 1257 better
SYN-1014 : Optimize round 2
SYN-1044 : Optimized 2 inv instances.
SYN-1032 : 1254/9 useful/useless nets, 975/199 useful/useless insts
SYN-1015 : Optimize round 2, 208 better
SYN-1014 : Optimize round 1
SYN-1015 : Optimize round 1, 0 better
RUN-1002 : start command "report_area -file FOC_Controller_rtl.area"
RUN-1001 : standard
***Report Model: TOP Device: SF1S60CG121I***

IO Statistics
#IO                        11
  #input                    9
  #output                   2
  #inout                    0

Gate Statistics
#Basic gates              622
  #and                     16
  #nand                     0
  #or                      15
  #nor                      0
  #xor                      0
  #xnor                     0
  #buf                      0
  #not                     20
  #bufif1                   0
  #MX21                    44
  #FADD                     0
  #DFF                    527
  #LATCH                    0
#MACRO_ADD                 12
#MACRO_EQ                   9
#MACRO_MULT                 1
#MACRO_MUX                244
#MACRO_OTHERS               7

Report Hierarchy Area:
+-------------------------------------------------------------+
|Instance            |Module          |gates  |seq    |macros |
+-------------------------------------------------------------+
|top                 |TOP             |95     |527    |29     |
|  u_ahb_hall_sensor |ahb2hall_sensor |94     |527    |22     |
|    hall_sendor_u1  |hall_sensor     |47     |396    |20     |
|      filter_inst   |shift_filter    |0      |288    |2      |
|  u_mcu             |MCU             |0      |0      |6      |
|  u_pll             |pll             |0      |0      |1      |
+-------------------------------------------------------------+

RUN-1002 : start command "export_db FOC_Controller_rtl.db"
RUN-1001 : Exported /
RUN-1001 : Exported flow parameters
RUN-1001 : Exported libs
RUN-1001 : Exported entities
RUN-1001 : Exported ports
RUN-1001 : Exported pins
RUN-1001 : Exported instances
RUN-1001 : Exported nets
RUN-1001 : Exported buses
RUN-1001 : Exported models
RUN-1001 : Exported congestions
RUN-1001 : Exported violations
RUN-1001 : Exported IO constraints
RUN-1001 : Exported Inst constraints
RUN-1002 : start command "optimize_gate -maparea FOC_Controller_gate.area"
RUN-1001 : Open license file D:/Anlogic/TD5.6.2/license/Anlogic.lic
RUN-1001 : Print Global Property
RUN-1001 : ---------------------------------------------------------------
RUN-1001 :        Parameters        |  Settings  |  Default Values  |  Note  
RUN-1001 : ---------------------------------------------------------------
RUN-1001 :          message         |  standard  |     standard     |        
RUN-1001 :   mixed_pack_place_flow  |     on     |        on        |        
RUN-1001 :        qor_monitor       |    off     |       off        |        
RUN-1001 :        syn_ip_flow       |    off     |       off        |        
RUN-1001 :          thread          |    auto    |       auto       |        
RUN-1001 : ---------------------------------------------------------------
RUN-1001 : Print Gate Property
RUN-1001 : ------------------------------------------------------------------
RUN-1001 :          Parameters         |  Settings  |  Default Values  |  Note  
RUN-1001 : ------------------------------------------------------------------
RUN-1001 :         cascade_dsp         |    off     |       off        |        
RUN-1001 :         cascade_eram        |    off     |       off        |        
RUN-1001 :        gate_sim_model       |    off     |       off        |        
RUN-1001 :        map_sim_model        |    off     |       off        |        
RUN-1001 :         map_strategy        |     1      |        1         |        
RUN-1001 :           opt_area          |   medium   |      medium      |        
RUN-1001 :          opt_timing         |    auto    |       auto       |        
RUN-1001 :         pack_effort         |   medium   |      medium      |        
RUN-1001 :      pack_lslice_ripple     |     on     |        on        |        
RUN-1001 :   pack_lslice_ripple_ratio  |    0.5     |       0.5        |        
RUN-1001 :        pack_seq_in_io       |    auto    |       auto       |        
RUN-1001 :        ph1_mux_ratio        |    1.0     |       1.0        |        
RUN-1001 :            report           |  standard  |     standard     |        
RUN-1001 :           retiming          |    off     |       off        |        
RUN-1001 : ------------------------------------------------------------------
SYN-2002 : SF1_PHY_INTFLASH instance u_mcu/SF1_PHY_INTFLASH_inst.
SYN-2001 : Map 17 IOs to PADs
SYN-1032 : 1259/6 useful/useless nets, 985/2 useful/useless insts
RUN-1002 : start command "update_pll_param -module TOP"
SYN-2501 : Processed 0 LOGIC_BUF instances.
SYN-2501 : 1 BUFG to GCLK
SYN-2501 : 1 MCU_JTAG to CONFIG
SYN-2571 : Map 1 macro multiplier
SYN-2571 : Optimize after map_dsp, round 1
SYN-1032 : 1292/11 useful/useless nets, 987/0 useful/useless insts
SYN-2571 : Optimize after map_dsp, round 1, 11 better
SYN-2571 : Optimize after map_dsp, round 2
SYN-2571 : Optimize after map_dsp, round 2, 0 better
SYN-2501 : Optimize round 1
SYN-1016 : Merged 11 instances.
SYN-2501 : Optimize round 1, 39 better
SYN-2501 : Optimize round 2
SYN-2501 : Optimize round 2, 0 better
SYN-2501 : Map 13 macro adder
SYN-3001 : Mapper mapped 7 instances into 1 LUTs, name keeping = 100%.
SYN-3001 : Mapper mapped 7 instances into 1 LUTs, name keeping = 100%.
SYN-3001 : Mapper mapped 7 instances into 1 LUTs, name keeping = 100%.
SYN-3001 : Mapper mapped 7 instances into 1 LUTs, name keeping = 100%.
SYN-3001 : Mapper mapped 7 instances into 1 LUTs, name keeping = 100%.
SYN-3001 : Mapper mapped 7 instances into 1 LUTs, name keeping = 100%.
SYN-3001 : Mapper mapped 7 instances into 1 LUTs, name keeping = 100%.
SYN-3001 : Mapper mapped 7 instances into 1 LUTs, name keeping = 100%.
SYN-3001 : Mapper mapped 7 instances into 1 LUTs, name keeping = 100%.
SYN-2501 : Inferred 8 ROM instances
SYN-1019 : Optimized 144 mux instances.
SYN-1016 : Merged 136 instances.
SYN-1032 : 1874/4 useful/useless nets, 1587/0 useful/useless insts
SYN-3001 : Running gate level optimization.
SYN-2581 : Mapping with K=5, #lut = 206 (3.67), #lev = 3 (2.83)
SYN-2551 : Post LUT mapping optimization.
SYN-2581 : Mapping with K=5, #lut = 205 (3.61), #lev = 3 (2.83)
SYN-3001 : Logic optimization runtime opt =   0.03 sec, map =   0.00 sec
SYN-3001 : Mapper mapped 689 instances into 206 LUTs, name keeping = 66%.
RUN-1002 : start command "report_area -file FOC_Controller_gate.area"
RUN-1001 : standard
***Report Model: TOP Device: SF1S60CG121I***

IO Statistics
#IO                        11
  #input                    9
  #output                   2
  #inout                    0

LUT Statistics
#Total_luts               478
  #lut4                   180
  #lut5                    34
  #lut6                     0
  #lut5_mx41                0
  #lut4_alu1b             264

Utilization Statistics
#lut                      478   out of   5824    8.21%
#reg                      527   out of   5824    9.05%
#le                         0
#dsp                        2   out of     10   20.00%
#bram                       0   out of     26    0.00%
  #bram9k                   0
  #fifo9k                   0
#hard-ip                    1
  #mcu                      1   out of      1  100.00%
  #dsc                      0   out of      1    0.00%
  #dsi                      0   out of      2    0.00%
  #psram controller         0   out of      2    0.00%
#pad                       11   out of     55   20.00%
  #ireg                     0
  #oreg                     0
  #treg                     0
#pll                        1   out of      2   50.00%

Report Hierarchy Area:
+----------------------------------------------------------------------------------+
|Instance            |Module          |lut     |ripple  |seq     |bram    |dsp     |
+----------------------------------------------------------------------------------+
|top                 |TOP             |214     |264     |527     |0       |2       |
|  u_ahb_hall_sensor |ahb2hall_sensor |214     |251     |527     |0       |2       |
|    hall_sendor_u1  |hall_sensor     |118     |251     |396     |0       |2       |
|      filter_inst   |shift_filter    |0       |33      |288     |0       |0       |
|  u_mcu             |MCU             |0       |0       |0       |0       |0       |
|  u_pll             |pll             |0       |0       |0       |0       |0       |
+----------------------------------------------------------------------------------+

SYN-1001 : Packing model "TOP" ...
SYN-4010 : Pack lib has 65 rtl pack models with 28 top pack blocks
SYN-1014 : Optimize round 1
SYN-1015 : Optimize round 1, 0 better
SYN-4002 : Packing 527 DFF/LATCH to SEQ ...
SYN-4009 : Pack 4 carry chain into lslice
SYN-4007 : Packing 132 adder to BLE ...
SYN-4008 : Packed 132 adder and 57 SEQ to BLE.
SYN-4007 : Packing 0 gate4 to BLE ...
SYN-4008 : Packed 0 gate4 and 0 SEQ to BLE.
SYN-4012 : Packed 0 FxMUX
RUN-1002 : start command "legalize_phy_inst"
SYN-1011 : Flatten model TOP
SYN-5044 CRITICAL-WARNING: The net's pin: pin "apb_prdata[31]" in ../../al_ip/MCU.v(126) is connected to a constant net, which can not be set to hardwire. It will disconnect.
SYN-5044 CRITICAL-WARNING: The net's pin: pin "apb_prdata[30]" in ../../al_ip/MCU.v(126) is connected to a constant net, which can not be set to hardwire. It will disconnect.
SYN-5044 CRITICAL-WARNING: The net's pin: pin "apb_prdata[29]" in ../../al_ip/MCU.v(126) is connected to a constant net, which can not be set to hardwire. It will disconnect.
SYN-5044 CRITICAL-WARNING: The net's pin: pin "apb_prdata[28]" in ../../al_ip/MCU.v(126) is connected to a constant net, which can not be set to hardwire. It will disconnect.
SYN-5044 CRITICAL-WARNING: The net's pin: pin "apb_prdata[27]" in ../../al_ip/MCU.v(126) is connected to a constant net, which can not be set to hardwire. It will disconnect.
SYN-5044 CRITICAL-WARNING: The net's pin: pin "apb_prdata[26]" in ../../al_ip/MCU.v(126) is connected to a constant net, which can not be set to hardwire. It will disconnect.
SYN-5044 CRITICAL-WARNING: The net's pin: pin "apb_prdata[25]" in ../../al_ip/MCU.v(126) is connected to a constant net, which can not be set to hardwire. It will disconnect.
SYN-5044 CRITICAL-WARNING: The net's pin: pin "apb_prdata[24]" in ../../al_ip/MCU.v(126) is connected to a constant net, which can not be set to hardwire. It will disconnect.
SYN-5044 CRITICAL-WARNING: The net's pin: pin "apb_prdata[23]" in ../../al_ip/MCU.v(126) is connected to a constant net, which can not be set to hardwire. It will disconnect.
SYN-5044 CRITICAL-WARNING: The net's pin: pin "apb_prdata[22]" in ../../al_ip/MCU.v(126) is connected to a constant net, which can not be set to hardwire. It will disconnect.
SYN-5044 Similar messages will be suppressed.
RUN-1002 : start command "export_db FOC_Controller_gate.db"
RUN-1001 : Exported /
RUN-1001 : Exported flow parameters
RUN-1001 : Exported libs
RUN-1001 : Exported entities
RUN-1001 : Exported ports
RUN-1001 : Exported pins
RUN-1001 : Exported instances
RUN-1001 : Exported nets
RUN-1001 : Exported buses
RUN-1001 : Exported models
RUN-1001 : Exported congestions
RUN-1001 : Exported violations
RUN-1001 : Exported IO constraints
RUN-1001 : Exported Inst constraints
RUN-1002 : start command "backup_run_log run.log ../.logs/syn_1/td_20231105_203302.log"
