============================================================
   Tang Dynasty, V5.6.71036
      Copyright (c) 2012-2023 Anlogic Inc.
   Executable = D:/Anlogic/TD5.6.2/bin/td.exe
   Built at =   20:34:38 Mar 21 2023
   Run by =     15597
   Run Date =   Tue Nov  7 00:11:32 2023

   Run on =     XR097-DELL-G7
============================================================
RUN-1002 : start command "open_project FOC_Controller.prj"
RUN-1001 : Print Global Property
RUN-1001 : ---------------------------------------------------------------
RUN-1001 :        Parameters        |  Settings  |  Default Values  |  Note  
RUN-1001 : ---------------------------------------------------------------
RUN-1001 :          message         |  standard  |     standard     |        
RUN-1001 :   mixed_pack_place_flow  |     on     |        on        |        
RUN-1001 :        qor_monitor       |    off     |       off        |        
RUN-1001 :        syn_ip_flow       |    off     |       off        |        
RUN-1001 :          thread          |    auto    |       auto       |        
RUN-1001 : ---------------------------------------------------------------
RUN-1001 : Print Design Property
RUN-1001 : --------------------------------------------------------------
RUN-1001 :        Parameters       |  Settings  |  Default Values  |  Note  
RUN-1001 : --------------------------------------------------------------
RUN-1001 :   default_reg_initial   |    auto    |       auto       |        
RUN-1001 :        infer_add        |     on     |        on        |        
RUN-1001 :        infer_fsm        |    off     |       off        |        
RUN-1001 :        infer_mult       |     on     |        on        |        
RUN-1001 :        infer_ram        |     on     |        on        |        
RUN-1001 :        infer_reg        |     on     |        on        |        
RUN-1001 :   infer_reg_init_value  |     on     |        on        |        
RUN-1001 :        infer_rom        |     on     |        on        |        
RUN-1001 :      infer_shifter      |     on     |        on        |        
RUN-1001 : --------------------------------------------------------------
RUN-1001 : Print Rtl Property
RUN-1001 : --------------------------------------------------------------
RUN-1001 :        Parameters       |  Settings  |  Default Values  |  Note  
RUN-1001 : --------------------------------------------------------------
RUN-1001 :       compress_add      |   ripple   |      ripple      |        
RUN-1001 :        elf_sload        |    off     |       off        |        
RUN-1001 :       fix_undriven      |     0      |        0         |        
RUN-1001 :         flatten         |    off     |       off        |        
RUN-1001 :       gate_sharing      |     on     |        on        |        
RUN-1001 :    hdl_warning_level    |   normal   |      normal      |        
RUN-1001 :   impl_internal_tribuf  |     on     |        on        |        
RUN-1001 :      impl_set_reset     |     on     |        on        |        
RUN-1001 :        infer_gsr        |    off     |       off        |        
RUN-1001 :      keep_hierarchy     |    auto    |       auto       |        
RUN-1001 :        max_fanout       |    9999    |       9999       |        
RUN-1001 :      max_oh2bin_len     |     10     |        10        |        
RUN-1001 :       merge_equal       |     on     |        on        |        
RUN-1001 :       merge_equiv       |     on     |        on        |        
RUN-1001 :        merge_mux        |    off     |       off        |        
RUN-1001 :     min_control_set     |     8      |        8         |        
RUN-1001 :      min_ripple_len     |    auto    |       auto       |        
RUN-1001 :       oh2bin_ratio      |    0.08    |       0.08       |        
RUN-1001 :     opt_adder_fanout    |     on     |        on        |        
RUN-1001 :        opt_arith        |     on     |        on        |        
RUN-1001 :       opt_big_gate      |    off     |       off        |        
RUN-1001 :        opt_const        |     on     |        on        |        
RUN-1001 :      opt_const_mult     |     on     |        on        |        
RUN-1001 :       opt_lessthan      |     on     |        on        |        
RUN-1001 :         opt_mux         |    off     |       off        |        
RUN-1001 :         opt_ram         |    high    |       high       |        
RUN-1001 :      rtl_sim_model      |    off     |       off        |        
RUN-1001 :         seq_syn         |     on     |        on        |        
RUN-1001 : --------------------------------------------------------------
HDL-1007 : analyze verilog file ../../RTL/adc_ad7928.v
HDL-1007 : analyze verilog file ../../RTL/fpga_top.v
HDL-1007 : analyze verilog file ../../RTL/i2c_register_read.v
HDL-1007 : analyze verilog file ../../RTL/uart_monitor.v
RUN-1001 : Project manager successfully analyzed 4 source files.
RUN-1002 : start command "import_device sf1_6.db -package SF1S60CG121I"
ARC-1001 : Device Initialization.
ARC-1001 : -------------------------------------------------
ARC-1001 :       OPTION       |      IO       |   SETTING   
ARC-1001 : -------------------------------------------------
ARC-1001 :        done        |      B4       |    gpio    
ARC-1001 :        initn       |      A5       |    gpio    
ARC-1001 :       jtagen       |      B7       |    gpio    
ARC-1001 :      programn      |      B5       |  dedicate  
ARC-1001 :   tdi/tms/tck/tdo  |  C4/A6/A7/C5  |  dedicate  
ARC-1001 : -------------------------------------------------
ARC-1004 : Device setting, marked 5 dedicate IOs in total.
RUN-1002 : start command "elaborate -top TOP"
RUN-1001 : Print Design Property
RUN-1001 : --------------------------------------------------------------
RUN-1001 :        Parameters       |  Settings  |  Default Values  |  Note  
RUN-1001 : --------------------------------------------------------------
RUN-1001 :   default_reg_initial   |    auto    |       auto       |        
RUN-1001 :        infer_add        |     on     |        on        |        
RUN-1001 :        infer_fsm        |    off     |       off        |        
RUN-1001 :        infer_mult       |     on     |        on        |        
RUN-1001 :        infer_ram        |     on     |        on        |        
RUN-1001 :        infer_reg        |     on     |        on        |        
RUN-1001 :   infer_reg_init_value  |     on     |        on        |        
RUN-1001 :        infer_rom        |     on     |        on        |        
RUN-1001 :      infer_shifter      |     on     |        on        |        
RUN-1001 : --------------------------------------------------------------
RUN-1001 : Print Rtl Property
RUN-1001 : --------------------------------------------------------------
RUN-1001 :        Parameters       |  Settings  |  Default Values  |  Note  
RUN-1001 : --------------------------------------------------------------
RUN-1001 :       compress_add      |   ripple   |      ripple      |        
RUN-1001 :        elf_sload        |    off     |       off        |        
RUN-1001 :       fix_undriven      |     0      |        0         |        
RUN-1001 :         flatten         |    off     |       off        |        
RUN-1001 :       gate_sharing      |     on     |        on        |        
RUN-1001 :    hdl_warning_level    |   normal   |      normal      |        
RUN-1001 :   impl_internal_tribuf  |     on     |        on        |        
RUN-1001 :      impl_set_reset     |     on     |        on        |        
RUN-1001 :        infer_gsr        |    off     |       off        |        
RUN-1001 :      keep_hierarchy     |    auto    |       auto       |        
RUN-1001 :        max_fanout       |    9999    |       9999       |        
RUN-1001 :      max_oh2bin_len     |     10     |        10        |        
RUN-1001 :       merge_equal       |     on     |        on        |        
RUN-1001 :       merge_equiv       |     on     |        on        |        
RUN-1001 :        merge_mux        |    off     |       off        |        
RUN-1001 :     min_control_set     |     8      |        8         |        
RUN-1001 :      min_ripple_len     |    auto    |       auto       |        
RUN-1001 :       oh2bin_ratio      |    0.08    |       0.08       |        
RUN-1001 :     opt_adder_fanout    |     on     |        on        |        
RUN-1001 :        opt_arith        |     on     |        on        |        
RUN-1001 :       opt_big_gate      |    off     |       off        |        
RUN-1001 :        opt_const        |     on     |        on        |        
RUN-1001 :      opt_const_mult     |     on     |        on        |        
RUN-1001 :       opt_lessthan      |     on     |        on        |        
RUN-1001 :         opt_mux         |    off     |       off        |        
RUN-1001 :         opt_ram         |    high    |       high       |        
RUN-1001 :      rtl_sim_model      |    off     |       off        |        
RUN-1001 :         seq_syn         |     on     |        on        |        
RUN-1001 : --------------------------------------------------------------
RUN-1001 : Print Global Property
RUN-1001 : ---------------------------------------------------------------
RUN-1001 :        Parameters        |  Settings  |  Default Values  |  Note  
RUN-1001 : ---------------------------------------------------------------
RUN-1001 :          message         |  standard  |     standard     |        
RUN-1001 :   mixed_pack_place_flow  |     on     |        on        |        
RUN-1001 :        qor_monitor       |    off     |       off        |        
RUN-1001 :        syn_ip_flow       |    off     |       off        |        
RUN-1001 :          thread          |    auto    |       auto       |        
RUN-1001 : ---------------------------------------------------------------
RUN-1001 : Print Design Property
RUN-1001 : --------------------------------------------------------------
RUN-1001 :        Parameters       |  Settings  |  Default Values  |  Note  
RUN-1001 : --------------------------------------------------------------
RUN-1001 :   default_reg_initial   |    auto    |       auto       |        
RUN-1001 :        infer_add        |     on     |        on        |        
RUN-1001 :        infer_fsm        |    off     |       off        |        
RUN-1001 :        infer_mult       |     on     |        on        |        
RUN-1001 :        infer_ram        |     on     |        on        |        
RUN-1001 :        infer_reg        |     on     |        on        |        
RUN-1001 :   infer_reg_init_value  |     on     |        on        |        
RUN-1001 :        infer_rom        |     on     |        on        |        
RUN-1001 :      infer_shifter      |     on     |        on        |        
RUN-1001 : --------------------------------------------------------------
HDL-1007 : elaborate module TOP in ../../RTL/fpga_top.v(11)
HDL-1007 : elaborate module i2c_register_read(CLK_DIV=16'b01010) in ../../RTL/i2c_register_read.v(9)
HDL-1007 : elaborate module adc_ad7928(CH_CNT=3'b010,CH0=3'b01,CH1=3'b010,CH2=3'b011) in ../../RTL/adc_ad7928.v(11)
HDL-1007 : elaborate module uart_monitor(CLK_DIV=16'b011011001) in ../../RTL/uart_monitor.v(9)
HDL-5007 WARNING: net 'sn_adc' does not have a driver in ../../RTL/fpga_top.v(39)
HDL-5007 WARNING: net 'id[15]' does not have a driver in ../../RTL/fpga_top.v(46)
HDL-5007 WARNING: net 'iq[15]' does not have a driver in ../../RTL/fpga_top.v(47)
HDL-5001 WARNING: Contains anonymous inst(s) and/or net(s) that have not been renamed
HDL-1200 : Current top model is TOP
HDL-1100 : Inferred 0 RAMs.
RUN-1002 : start command "export_db FOC_Controller_elaborate.db"
RUN-1001 : Exported /
RUN-1001 : Exported flow parameters
RUN-1001 : Exported libs
RUN-1001 : Exported entities
RUN-1001 : Exported ports
RUN-1001 : Exported pins
RUN-1001 : Exported instances
RUN-1001 : Exported nets
RUN-1001 : Exported buses
RUN-1001 : Exported models
RUN-1001 : Exported congestions
RUN-1001 : Exported violations
RUN-1001 : Exported IO constraints
RUN-1001 : Exported Inst constraints
RUN-1002 : start command "read_adc ../../foc.adc"
RUN-1002 : start command "set_pin_assignment  clk_25m   LOCATION = D7; IOSTANDARD = LVCMOS18; PULLTYPE = PULLUP; "
RUN-1002 : start command "set_pin_assignment  i2c_scl   LOCATION = G3; IOSTANDARD = LVCMOS18; DRIVESTRENGTH = 8; PULLTYPE = NONE; "
RUN-1002 : start command "set_pin_assignment  i2c_sda   LOCATION = H3; IOSTANDARD = LVCMOS18; DRIVESTRENGTH = 8; PULLTYPE = PULLUP; "
RUN-1002 : start command "set_pin_assignment  led0   LOCATION = J5; IOSTANDARD = LVCMOS18; DRIVESTRENGTH = 8; PULLTYPE = NONE; "
RUN-1002 : start command "set_pin_assignment  pwm_a   LOCATION = C10; IOSTANDARD = LVCMOS18; DRIVESTRENGTH = 8; PULLTYPE = NONE; "
RUN-1002 : start command "set_pin_assignment  pwm_b   LOCATION = C11; IOSTANDARD = LVCMOS18; DRIVESTRENGTH = 8; PULLTYPE = NONE; "
RUN-1002 : start command "set_pin_assignment  pwm_c   LOCATION = E11; IOSTANDARD = LVCMOS18; DRIVESTRENGTH = 8; PULLTYPE = NONE; "
RUN-1002 : start command "set_pin_assignment  pwm_en   LOCATION = F11; IOSTANDARD = LVCMOS18; DRIVESTRENGTH = 8; PULLTYPE = NONE; "
RUN-1002 : start command "set_pin_assignment  rstn   LOCATION = J2; IOSTANDARD = LVCMOS18; PULLTYPE = NONE; "
RUN-1002 : start command "set_pin_assignment  spi_miso   LOCATION = B9; IOSTANDARD = LVCMOS18; PULLTYPE = PULLUP; "
RUN-1002 : start command "set_pin_assignment  spi_mosi   LOCATION = B8; IOSTANDARD = LVCMOS18; DRIVESTRENGTH = 8; PULLTYPE = NONE; "
RUN-1002 : start command "set_pin_assignment  spi_sck   LOCATION = A9; IOSTANDARD = LVCMOS18; DRIVESTRENGTH = 8; PULLTYPE = NONE; "
RUN-1002 : start command "set_pin_assignment  spi_ss   LOCATION = A8; IOSTANDARD = LVCMOS18; DRIVESTRENGTH = 8; PULLTYPE = NONE; "
RUN-1002 : start command "set_pin_assignment  uart_tx   LOCATION = A4; IOSTANDARD = LVCMOS18; DRIVESTRENGTH = 8; PULLTYPE = NONE; "
RUN-1001 : Starting of IO setups legality check.
RUN-1001 : Starting of IO setups legality check.
RUN-1001 : Starting of IO vref setups legality check.
RUN-1002 : start command "optimize_rtl"
RUN-1001 : Open license file D:/Anlogic/TD5.6.2/license/Anlogic.lic
RUN-1001 : Print Global Property
RUN-1001 : ---------------------------------------------------------------
RUN-1001 :        Parameters        |  Settings  |  Default Values  |  Note  
RUN-1001 : ---------------------------------------------------------------
RUN-1001 :          message         |  standard  |     standard     |        
RUN-1001 :   mixed_pack_place_flow  |     on     |        on        |        
RUN-1001 :        qor_monitor       |    off     |       off        |        
RUN-1001 :        syn_ip_flow       |    off     |       off        |        
RUN-1001 :          thread          |    auto    |       auto       |        
RUN-1001 : ---------------------------------------------------------------
RUN-1001 : Print Rtl Property
RUN-1001 : --------------------------------------------------------------
RUN-1001 :        Parameters       |  Settings  |  Default Values  |  Note  
RUN-1001 : --------------------------------------------------------------
RUN-1001 :       compress_add      |   ripple   |      ripple      |        
RUN-1001 :        elf_sload        |    off     |       off        |        
RUN-1001 :       fix_undriven      |     0      |        0         |        
RUN-1001 :         flatten         |    off     |       off        |        
RUN-1001 :       gate_sharing      |     on     |        on        |        
RUN-1001 :    hdl_warning_level    |   normal   |      normal      |        
RUN-1001 :   impl_internal_tribuf  |     on     |        on        |        
RUN-1001 :      impl_set_reset     |     on     |        on        |        
RUN-1001 :        infer_gsr        |    off     |       off        |        
RUN-1001 :      keep_hierarchy     |    auto    |       auto       |        
RUN-1001 :        max_fanout       |    9999    |       9999       |        
RUN-1001 :      max_oh2bin_len     |     10     |        10        |        
RUN-1001 :       merge_equal       |     on     |        on        |        
RUN-1001 :       merge_equiv       |     on     |        on        |        
RUN-1001 :        merge_mux        |    off     |       off        |        
RUN-1001 :     min_control_set     |     8      |        8         |        
RUN-1001 :      min_ripple_len     |    auto    |       auto       |        
RUN-1001 :       oh2bin_ratio      |    0.08    |       0.08       |        
RUN-1001 :     opt_adder_fanout    |     on     |        on        |        
RUN-1001 :        opt_arith        |     on     |        on        |        
RUN-1001 :       opt_big_gate      |    off     |       off        |        
RUN-1001 :        opt_const        |     on     |        on        |        
RUN-1001 :      opt_const_mult     |     on     |        on        |        
RUN-1001 :       opt_lessthan      |     on     |        on        |        
RUN-1001 :         opt_mux         |    off     |       off        |        
RUN-1001 :         opt_ram         |    high    |       high       |        
RUN-1001 :      rtl_sim_model      |    off     |       off        |        
RUN-1001 :         seq_syn         |     on     |        on        |        
RUN-1001 : --------------------------------------------------------------
SYN-1012 : SanityCheck: Model "TOP"
SYN-1012 : SanityCheck: Model "adc_ad7928(CH_CNT=3'b010,CH0=3'b01,CH1=3'b010,CH2=3'b011)"
SYN-1012 : SanityCheck: Model "i2c_register_read(CLK_DIV=16'b01010)"
SYN-1012 : SanityCheck: Model "uart_monitor(CLK_DIV=16'b011011001)"
SYN-1043 : Mark i2c_register_read(CLK_DIV=16'b01010) as IO macro for instance sda_i
SYN-1011 : Flatten model TOP
SYN-1032 : 2449/1257 useful/useless nets, 1021/176 useful/useless insts
SYN-1001 : Optimize 33 less-than instances
SYN-1016 : Merged 386 instances.
SYN-1032 : 1083/779 useful/useless nets, 312/304 useful/useless insts
SYN-1016 : Merged 122 instances.
SYN-5013 WARNING: Undriven net: model "TOP" / net "u_adc_ad7928/i_sn_adc" in ../../RTL/adc_ad7928.v(30)
SYN-5014 WARNING: the net's pin: pin "sel" in ../../RTL/adc_ad7928.v(91)
SYN-5014 WARNING: the net's pin: pin "sel" in ../../RTL/adc_ad7928.v(91)
SYN-5014 WARNING: the net's pin: pin "sel" in ../../RTL/adc_ad7928.v(91)
SYN-5014 WARNING: the net's pin: pin "sel" in ../../RTL/adc_ad7928.v(91)
SYN-5014 WARNING: the net's pin: pin "sel" in ../../RTL/adc_ad7928.v(91)
SYN-5014 WARNING: the net's pin: pin "sel" in ../../RTL/adc_ad7928.v(91)
SYN-5014 WARNING: the net's pin: pin "sel" in ../../RTL/adc_ad7928.v(91)
SYN-5014 WARNING: the net's pin: pin "sel" in ../../RTL/adc_ad7928.v(91)
SYN-5014 WARNING: the net's pin: pin "sel" in ../../RTL/adc_ad7928.v(91)
SYN-5014 WARNING: the net's pin: pin "sel" in ../../RTL/adc_ad7928.v(91)
SYN-5014 Similar messages will be suppressed.
SYN-5013 WARNING: Undriven net: model "TOP" / net "u_uart_monitor/i_val0[8]" in ../../RTL/uart_monitor.v(15)
SYN-5014 WARNING: the net's pin: pin "i0" in ../../RTL/uart_monitor.v(78)
SYN-5013 WARNING: Undriven net: model "TOP" / net "u_uart_monitor/i_val0[6]" in ../../RTL/uart_monitor.v(15)
SYN-5014 WARNING: the net's pin: pin "i0" in ../../RTL/uart_monitor.v(78)
SYN-5013 WARNING: Undriven net: model "TOP" / net "u_uart_monitor/i_val0[3]" in ../../RTL/uart_monitor.v(15)
SYN-5014 WARNING: the net's pin: pin "i0" in ../../RTL/uart_monitor.v(78)
SYN-5013 WARNING: Undriven net: model "TOP" / net "u_uart_monitor/i_val0[0]" in ../../RTL/uart_monitor.v(15)
SYN-5014 WARNING: the net's pin: pin "i0" in ../../RTL/uart_monitor.v(78)
SYN-5013 WARNING: Undriven net: model "TOP" / net "u_uart_monitor/i_val2[8]" in ../../RTL/uart_monitor.v(17)
SYN-5014 WARNING: the net's pin: pin "i2" in ../../RTL/uart_monitor.v(78)
SYN-5013 WARNING: Undriven net: model "TOP" / net "u_uart_monitor/i_val2[6]" in ../../RTL/uart_monitor.v(17)
SYN-5014 WARNING: the net's pin: pin "i2" in ../../RTL/uart_monitor.v(78)
SYN-5013 WARNING: Undriven net: model "TOP" / net "u_uart_monitor/i_val2[3]" in ../../RTL/uart_monitor.v(17)
SYN-5014 WARNING: the net's pin: pin "i2" in ../../RTL/uart_monitor.v(78)
SYN-5013 WARNING: Undriven net: model "TOP" / net "u_uart_monitor/i_val2[0]" in ../../RTL/uart_monitor.v(17)
SYN-5014 WARNING: the net's pin: pin "i2" in ../../RTL/uart_monitor.v(78)
SYN-5025 WARNING: Using 0 for all undriven pins and nets
SYN-1032 : 938/30 useful/useless nets, 820/73 useful/useless insts
SYN-1014 : Optimize round 1
SYN-1017 : Remove 1 const input seq instances
SYN-1002 :     reg1_syn_2
SYN-1019 : Optimized 15 mux instances.
SYN-1021 : Optimized 32 onehot mux instances.
SYN-1020 : Optimized 109 distributor mux.
SYN-1001 : Optimize 11 less-than instances
SYN-1019 : Optimized 19 mux instances.
SYN-1016 : Merged 358 instances.
SYN-1015 : Optimize round 1, 860 better
SYN-1014 : Optimize round 2
SYN-1044 : Optimized 1 inv instances.
SYN-1032 : 799/21 useful/useless nets, 688/200 useful/useless insts
SYN-1017 : Remove 9 const input seq instances
SYN-1002 :     u_uart_monitor/reg10_syn_13
SYN-1002 :     u_uart_monitor/reg2_syn_2
SYN-1002 :     u_uart_monitor/reg6_syn_48
SYN-1002 :     u_uart_monitor/reg7_syn_2
SYN-1002 :     u_uart_monitor/reg6_syn_40
SYN-1002 :     u_uart_monitor/reg6_syn_32
SYN-1002 :     u_uart_monitor/reg6_syn_24
SYN-1002 :     u_uart_monitor/reg6_syn_16
SYN-1002 :     u_uart_monitor/reg6_syn_8
SYN-1019 : Optimized 1 mux instances.
SYN-1020 : Optimized 3 distributor mux.
SYN-1016 : Merged 2 instances.
SYN-1015 : Optimize round 2, 245 better
SYN-1032 : 783/2 useful/useless nets, 672/7 useful/useless insts
SYN-3003 : Optimized 1 equivalent DFF(s)
SYN-3003 : Optimized 1 equivalent DFF(s)
SYN-3004 : Optimized 11 const0 DFF(s)
SYN-3003 : Optimized 1 equivalent DFF(s)
SYN-3008 : Optimized 2 const1 DFF(s)
SYN-1032 : 721/62 useful/useless nets, 623/33 useful/useless insts
SYN-1014 : Optimize round 1
SYN-1016 : Merged 11 instances.
SYN-1015 : Optimize round 1, 52 better
SYN-1014 : Optimize round 2
SYN-1032 : 708/33 useful/useless nets, 618/0 useful/useless insts
SYN-1019 : Optimized 3 mux instances.
SYN-1015 : Optimize round 2, 33 better
SYN-1014 : Optimize round 3
SYN-1032 : 701/6 useful/useless nets, 612/0 useful/useless insts
SYN-1019 : Optimized 3 mux instances.
SYN-1015 : Optimize round 3, 9 better
SYN-1014 : Optimize round 4
SYN-1032 : 692/6 useful/useless nets, 604/0 useful/useless insts
SYN-1019 : Optimized 1 mux instances.
SYN-1015 : Optimize round 4, 9 better
SYN-1014 : Optimize round 5
SYN-1032 : 685/5 useful/useless nets, 598/0 useful/useless insts
SYN-1019 : Optimized 1 mux instances.
SYN-1015 : Optimize round 5, 9 better
SYN-1014 : Optimize round 6
SYN-1032 : 678/5 useful/useless nets, 592/0 useful/useless insts
SYN-1019 : Optimized 1 mux instances.
SYN-1015 : Optimize round 6, 9 better
SYN-1014 : Optimize round 7
SYN-1032 : 670/5 useful/useless nets, 585/1 useful/useless insts
SYN-1019 : Optimized 1 mux instances.
SYN-1016 : Merged 1 instances.
SYN-1015 : Optimize round 7, 9 better
SYN-1014 : Optimize round 8
SYN-1032 : 666/2 useful/useless nets, 581/1 useful/useless insts
SYN-1019 : Optimized 3 mux instances.
SYN-1016 : Merged 1 instances.
SYN-1015 : Optimize round 8, 9 better
SYN-1032 : 659/0 useful/useless nets, 576/1 useful/useless insts
RUN-1002 : start command "report_area -file FOC_Controller_rtl.area"
RUN-1001 : standard
***Report Model: TOP Device: SF1S60CG121I***

IO Statistics
#IO                        14
  #input                    3
  #output                  10
  #inout                    1

Gate Statistics
#Basic gates              359
  #and                     26
  #nand                     0
  #or                       5
  #nor                      0
  #xor                      0
  #xnor                     0
  #buf                      0
  #not                     31
  #bufif1                   1
  #MX21                   121
  #FADD                     0
  #DFF                    175
  #LATCH                    0
#MACRO_ADD                 45
#MACRO_EQ                  23
#MACRO_MUX                147

Report Hierarchy Area:
+------------------------------------------------------------+
|Instance         |Module            |gates  |seq    |macros |
+------------------------------------------------------------+
|top              |TOP               |184    |175    |68     |
|  u_adc_ad7928   |adc_ad7928        |53     |26     |9      |
|  u_as5600_read  |i2c_register_read |66     |36     |23     |
|  u_uart_monitor |uart_monitor      |64     |86     |35     |
+------------------------------------------------------------+

RUN-1002 : start command "export_db FOC_Controller_rtl.db"
RUN-1001 : Exported /
RUN-1001 : Exported flow parameters
RUN-1001 : Exported libs
RUN-1001 : Exported entities
RUN-1001 : Exported ports
RUN-1001 : Exported pins
RUN-1001 : Exported instances
RUN-1001 : Exported nets
RUN-1001 : Exported buses
RUN-1001 : Exported models
RUN-1001 : Exported congestions
RUN-1001 : Exported violations
RUN-1001 : Exported IO constraints
RUN-1001 : Exported Inst constraints
RUN-1002 : start command "optimize_gate -maparea FOC_Controller_gate.area"
RUN-1001 : Open license file D:/Anlogic/TD5.6.2/license/Anlogic.lic
RUN-1001 : Print Global Property
RUN-1001 : ---------------------------------------------------------------
RUN-1001 :        Parameters        |  Settings  |  Default Values  |  Note  
RUN-1001 : ---------------------------------------------------------------
RUN-1001 :          message         |  standard  |     standard     |        
RUN-1001 :   mixed_pack_place_flow  |     on     |        on        |        
RUN-1001 :        qor_monitor       |    off     |       off        |        
RUN-1001 :        syn_ip_flow       |    off     |       off        |        
RUN-1001 :          thread          |    auto    |       auto       |        
RUN-1001 : ---------------------------------------------------------------
RUN-1001 : Print Gate Property
RUN-1001 : ------------------------------------------------------------------
RUN-1001 :          Parameters         |  Settings  |  Default Values  |  Note  
RUN-1001 : ------------------------------------------------------------------
RUN-1001 :         cascade_dsp         |    off     |       off        |        
RUN-1001 :         cascade_eram        |    off     |       off        |        
RUN-1001 :        gate_sim_model       |    off     |       off        |        
RUN-1001 :        map_sim_model        |    off     |       off        |        
RUN-1001 :         map_strategy        |     1      |        1         |        
RUN-1001 :           opt_area          |   medium   |      medium      |        
RUN-1001 :          opt_timing         |    auto    |       auto       |        
RUN-1001 :         pack_effort         |   medium   |      medium      |        
RUN-1001 :      pack_lslice_ripple     |     on     |        on        |        
RUN-1001 :   pack_lslice_ripple_ratio  |    0.5     |       0.5        |        
RUN-1001 :        pack_seq_in_io       |    auto    |       auto       |        
RUN-1001 :        ph1_mux_ratio        |    1.0     |       1.0        |        
RUN-1001 :            report           |  standard  |     standard     |        
RUN-1001 :           retiming          |    off     |       off        |        
RUN-1001 : ------------------------------------------------------------------
SYN-2001 : Map 14 IOs to PADs
SYN-1032 : 669/4 useful/useless nets, 586/4 useful/useless insts
RUN-1002 : start command "update_pll_param -module TOP"
SYN-2501 : Processed 0 LOGIC_BUF instances.
SYN-2571 : Optimize after map_dsp, round 1
SYN-2571 : Optimize after map_dsp, round 1, 0 better
SYN-1001 : Throwback 29 control mux instances
SYN-2501 : Optimize round 1
SYN-1032 : 798/17 useful/useless nets, 716/0 useful/useless insts
SYN-1016 : Merged 16 instances.
SYN-2501 : Optimize round 1, 139 better
SYN-2501 : Optimize round 2
SYN-2501 : Optimize round 2, 0 better
SYN-2501 : Map 44 macro adder
SYN-3001 : Mapper mapped 7 instances into 1 LUTs, name keeping = 100%.
SYN-3001 : Mapper mapped 7 instances into 1 LUTs, name keeping = 100%.
SYN-2501 : Inferred 2 ROM instances
SYN-1019 : Optimized 24 mux instances.
SYN-1016 : Merged 56 instances.
SYN-1032 : 1133/21 useful/useless nets, 1048/3 useful/useless insts
SYN-3001 : Running gate level optimization.
SYN-2581 : Mapping with K=5, #lut = 217 (3.69), #lev = 4 (2.84)
SYN-2551 : Post LUT mapping optimization.
SYN-2581 : Mapping with K=5, #lut = 212 (3.67), #lev = 4 (3.04)
SYN-3001 : Logic optimization runtime opt =   0.03 sec, map =   0.00 sec
SYN-3001 : Mapper mapped 627 instances into 213 LUTs, name keeping = 59%.
RUN-1002 : start command "report_area -file FOC_Controller_gate.area"
RUN-1001 : standard
***Report Model: TOP Device: SF1S60CG121I***

IO Statistics
#IO                        14
  #input                    3
  #output                  10
  #inout                    1

LUT Statistics
#Total_luts               445
  #lut4                   170
  #lut5                    45
  #lut6                     0
  #lut5_mx41                0
  #lut4_alu1b             230

Utilization Statistics
#lut                      445   out of   5824    7.64%
#reg                      172   out of   5824    2.95%
#le                         0
#dsp                        0   out of     10    0.00%
#bram                       0   out of     26    0.00%
  #bram9k                   0
  #fifo9k                   0
#hard-ip                    0
  #mcu                      0   out of      1    0.00%
  #dsc                      0   out of      1    0.00%
  #dsi                      0   out of      2    0.00%
  #psram controller         0   out of      2    0.00%
#pad                       14   out of     55   25.45%
  #ireg                     0
  #oreg                     7
  #treg                     1
#pll                        0   out of      2    0.00%

Report Hierarchy Area:
+---------------------------------------------------------------------------------+
|Instance         |Module            |lut     |ripple  |seq     |bram    |dsp     |
+---------------------------------------------------------------------------------+
|top              |TOP               |215     |230     |180     |0       |0       |
|  u_adc_ad7928   |adc_ad7928        |40      |7       |24      |0       |0       |
|  u_as5600_read  |i2c_register_read |79      |160     |36      |0       |0       |
|  u_uart_monitor |uart_monitor      |95      |21      |85      |0       |0       |
+---------------------------------------------------------------------------------+

SYN-1001 : Packing model "TOP" ...
SYN-4010 : Pack lib has 65 rtl pack models with 28 top pack blocks
SYN-1014 : Optimize round 1
SYN-1015 : Optimize round 1, 0 better
SYN-4002 : Packing 172 DFF/LATCH to SEQ ...
SYN-4009 : Pack 4 carry chain into lslice
SYN-4007 : Packing 169 adder to BLE ...
SYN-4008 : Packed 169 adder and 0 SEQ to BLE.
SYN-4007 : Packing 0 gate4 to BLE ...
SYN-4008 : Packed 0 gate4 and 0 SEQ to BLE.
SYN-4012 : Packed 0 FxMUX
RUN-1002 : start command "legalize_phy_inst"
SYN-1011 : Flatten model TOP
RUN-1002 : start command "export_db FOC_Controller_gate.db"
RUN-1001 : Exported /
RUN-1001 : Exported flow parameters
RUN-1001 : Exported libs
RUN-1001 : Exported entities
RUN-1001 : Exported ports
RUN-1001 : Exported pins
RUN-1001 : Exported instances
RUN-1001 : Exported nets
RUN-1001 : Exported buses
RUN-1001 : Exported models
RUN-1001 : Exported congestions
RUN-1001 : Exported violations
RUN-1001 : Exported IO constraints
RUN-1001 : Exported Inst constraints
RUN-1002 : start command "backup_run_log run.log ../.logs/syn_1/td_20231107_001132.log"
