============================================================
   Tang Dynasty, V5.6.71036
      Copyright (c) 2012-2023 Anlogic Inc.
   Executable = D:/Anlogic/TD5.6.2/bin/td.exe
   Built at =   20:34:38 Mar 21 2023
   Run by =     15597
   Run Date =   Fri Nov 10 16:04:50 2023

   Run on =     XR097-DELL-G7
============================================================
RUN-1002 : start command "open_project FOC_Controller.prj"
RUN-1001 : Print Global Property
RUN-1001 : ---------------------------------------------------------------
RUN-1001 :        Parameters        |  Settings  |  Default Values  |  Note  
RUN-1001 : ---------------------------------------------------------------
RUN-1001 :          message         |  standard  |     standard     |        
RUN-1001 :   mixed_pack_place_flow  |     on     |        on        |        
RUN-1001 :        qor_monitor       |    off     |       off        |        
RUN-1001 :        syn_ip_flow       |    off     |       off        |        
RUN-1001 :          thread          |    auto    |       auto       |        
RUN-1001 : ---------------------------------------------------------------
RUN-1001 : Print Design Property
RUN-1001 : --------------------------------------------------------------
RUN-1001 :        Parameters       |  Settings  |  Default Values  |  Note  
RUN-1001 : --------------------------------------------------------------
RUN-1001 :   default_reg_initial   |    auto    |       auto       |        
RUN-1001 :        infer_add        |     on     |        on        |        
RUN-1001 :        infer_fsm        |    off     |       off        |        
RUN-1001 :        infer_mult       |     on     |        on        |        
RUN-1001 :        infer_ram        |     on     |        on        |        
RUN-1001 :        infer_reg        |     on     |        on        |        
RUN-1001 :   infer_reg_init_value  |     on     |        on        |        
RUN-1001 :        infer_rom        |     on     |        on        |        
RUN-1001 :      infer_shifter      |     on     |        on        |        
RUN-1001 : --------------------------------------------------------------
RUN-1001 : Print Rtl Property
RUN-1001 : --------------------------------------------------------------
RUN-1001 :        Parameters       |  Settings  |  Default Values  |  Note  
RUN-1001 : --------------------------------------------------------------
RUN-1001 :       compress_add      |   ripple   |      ripple      |        
RUN-1001 :        elf_sload        |    off     |       off        |        
RUN-1001 :       fix_undriven      |     0      |        0         |        
RUN-1001 :         flatten         |    off     |       off        |        
RUN-1001 :       gate_sharing      |     on     |        on        |        
RUN-1001 :    hdl_warning_level    |   normal   |      normal      |        
RUN-1001 :   impl_internal_tribuf  |     on     |        on        |        
RUN-1001 :      impl_set_reset     |     on     |        on        |        
RUN-1001 :        infer_gsr        |    off     |       off        |        
RUN-1001 :      keep_hierarchy     |    auto    |       auto       |        
RUN-1001 :        max_fanout       |    9999    |       9999       |        
RUN-1001 :      max_oh2bin_len     |     10     |        10        |        
RUN-1001 :       merge_equal       |     on     |        on        |        
RUN-1001 :       merge_equiv       |     on     |        on        |        
RUN-1001 :        merge_mux        |    off     |       off        |        
RUN-1001 :     min_control_set     |     8      |        8         |        
RUN-1001 :      min_ripple_len     |    auto    |       auto       |        
RUN-1001 :       oh2bin_ratio      |    0.08    |       0.08       |        
RUN-1001 :     opt_adder_fanout    |     on     |        on        |        
RUN-1001 :        opt_arith        |     on     |        on        |        
RUN-1001 :       opt_big_gate      |    off     |       off        |        
RUN-1001 :        opt_const        |     on     |        on        |        
RUN-1001 :      opt_const_mult     |     on     |        on        |        
RUN-1001 :       opt_lessthan      |     on     |        on        |        
RUN-1001 :         opt_mux         |    off     |       off        |        
RUN-1001 :         opt_ram         |    high    |       high       |        
RUN-1001 :      rtl_sim_model      |    off     |       off        |        
RUN-1001 :         seq_syn         |     on     |        on        |        
RUN-1001 : --------------------------------------------------------------
HDL-1007 : analyze verilog file ../../al_ip/pll.v
HDL-1007 : undeclared symbol 'open', assumed default net type 'wire' in ../../al_ip/pll.v(88)
HDL-1007 : analyze verilog file ../../al_ip/MCU.v
HDL-1007 : analyze verilog file ../../al_ip/divider_gate.v
HDL-1007 : undeclared symbol 'open_n2', assumed default net type 'wire' in ../../al_ip/divider_gate.v(209)
HDL-1007 : undeclared symbol 'open_n3', assumed default net type 'wire' in ../../al_ip/divider_gate.v(216)
HDL-1007 : undeclared symbol 'open_n4', assumed default net type 'wire' in ../../al_ip/divider_gate.v(223)
HDL-1007 : undeclared symbol 'open_n5', assumed default net type 'wire' in ../../al_ip/divider_gate.v(230)
HDL-1007 : undeclared symbol 'open_n6', assumed default net type 'wire' in ../../al_ip/divider_gate.v(237)
HDL-1007 : undeclared symbol 'open_n7', assumed default net type 'wire' in ../../al_ip/divider_gate.v(244)
HDL-1007 : undeclared symbol 'open_n8', assumed default net type 'wire' in ../../al_ip/divider_gate.v(251)
HDL-1007 : undeclared symbol 'open_n9', assumed default net type 'wire' in ../../al_ip/divider_gate.v(258)
HDL-1007 : undeclared symbol 'open_n10', assumed default net type 'wire' in ../../al_ip/divider_gate.v(265)
HDL-1007 : undeclared symbol 'open_n11', assumed default net type 'wire' in ../../al_ip/divider_gate.v(272)
HDL-1007 : undeclared symbol 'open_n12', assumed default net type 'wire' in ../../al_ip/divider_gate.v(279)
HDL-1007 : undeclared symbol 'open_n13', assumed default net type 'wire' in ../../al_ip/divider_gate.v(286)
HDL-1007 : undeclared symbol 'open_n14', assumed default net type 'wire' in ../../al_ip/divider_gate.v(293)
HDL-1007 : undeclared symbol 'open_n15', assumed default net type 'wire' in ../../al_ip/divider_gate.v(300)
HDL-1007 : undeclared symbol 'open_n16', assumed default net type 'wire' in ../../al_ip/divider_gate.v(307)
HDL-1007 : undeclared symbol 'open_n17', assumed default net type 'wire' in ../../al_ip/divider_gate.v(314)
HDL-1007 : undeclared symbol 'open_n18', assumed default net type 'wire' in ../../al_ip/divider_gate.v(321)
HDL-1007 : undeclared symbol 'open_n19', assumed default net type 'wire' in ../../al_ip/divider_gate.v(328)
HDL-1007 : undeclared symbol 'open_n20', assumed default net type 'wire' in ../../al_ip/divider_gate.v(335)
HDL-1007 : undeclared symbol 'open_n21', assumed default net type 'wire' in ../../al_ip/divider_gate.v(342)
HDL-1007 : undeclared symbol 'open_n22', assumed default net type 'wire' in ../../al_ip/divider_gate.v(349)
HDL-1007 : undeclared symbol 'open_n23', assumed default net type 'wire' in ../../al_ip/divider_gate.v(356)
HDL-1007 : undeclared symbol 'open_n24', assumed default net type 'wire' in ../../al_ip/divider_gate.v(363)
HDL-1007 : undeclared symbol 'open_n25', assumed default net type 'wire' in ../../al_ip/divider_gate.v(370)
HDL-1007 : undeclared symbol 'open_n26', assumed default net type 'wire' in ../../al_ip/divider_gate.v(377)
HDL-1007 : undeclared symbol 'open_n29', assumed default net type 'wire' in ../../al_ip/divider_gate.v(1424)
HDL-1007 : undeclared symbol 'open_n30', assumed default net type 'wire' in ../../al_ip/divider_gate.v(1431)
HDL-1007 : analyze verilog file ../../RTL/adc_ad7928.v
HDL-1007 : analyze verilog file ../../RTL/foc/cartesian2polar.v
HDL-1007 : analyze verilog file ../../RTL/foc/clark_tr.v
HDL-1007 : analyze verilog file ../../RTL/foc/foc_top.v
HDL-1007 : undeclared symbol 'S_current_id_kp', assumed default net type 'wire' in ../../RTL/foc/foc_top.v(167)
HDL-1007 : undeclared symbol 'S_current_id_ki', assumed default net type 'wire' in ../../RTL/foc/foc_top.v(168)
HDL-1007 : undeclared symbol 'S_id_pi_vd', assumed default net type 'wire' in ../../RTL/foc/foc_top.v(172)
HDL-1007 : undeclared symbol 'S_current_id_fg', assumed default net type 'wire' in ../../RTL/foc/foc_top.v(178)
HDL-1007 : undeclared symbol 'S_id_ff_vd', assumed default net type 'wire' in ../../RTL/foc/foc_top.v(181)
HDL-1007 : undeclared symbol 'S_current_iq_kp', assumed default net type 'wire' in ../../RTL/foc/foc_top.v(196)
HDL-1007 : undeclared symbol 'S_current_iq_ki', assumed default net type 'wire' in ../../RTL/foc/foc_top.v(197)
HDL-1007 : undeclared symbol 'S_iq_pi_vd', assumed default net type 'wire' in ../../RTL/foc/foc_top.v(201)
HDL-1007 : undeclared symbol 'S_current_iq_fg', assumed default net type 'wire' in ../../RTL/foc/foc_top.v(207)
HDL-1007 : undeclared symbol 'S_iq_ff_vd', assumed default net type 'wire' in ../../RTL/foc/foc_top.v(210)
HDL-1007 : analyze verilog file ../../RTL/foc/hold_detect.v
HDL-1007 : analyze verilog file ../../RTL/foc/park_tr.v
HDL-1007 : analyze verilog file ../../RTL/foc/pi_controller.v
HDL-1007 : analyze verilog file ../../RTL/foc/sincos.v
HDL-1007 : analyze verilog file ../../RTL/foc/svpwm.v
HDL-1007 : analyze verilog file ../../RTL/fpga_top.v
HDL-1007 : analyze verilog file ../../RTL/i2c_register_read.v
HDL-1007 : analyze verilog file ../../hall_sensor.v
HDL-1007 : analyze verilog file ../../TOP.v
HDL-1007 : analyze verilog file ../../AS5600_sensor.v
HDL-1007 : analyze verilog file ../../ahb_foc_controller.v
HDL-1007 : analyze verilog file ../../feed_forward_controller.v
RUN-1001 : Project manager successfully analyzed 19 source files.
RUN-1002 : start command "import_device sf1_6.db -package SF1S60CG121I"
ARC-1001 : Device Initialization.
ARC-1001 : -------------------------------------------------
ARC-1001 :       OPTION       |      IO       |   SETTING   
ARC-1001 : -------------------------------------------------
ARC-1001 :        done        |      B4       |    gpio    
ARC-1001 :        initn       |      A5       |    gpio    
ARC-1001 :       jtagen       |      B7       |    gpio    
ARC-1001 :      programn      |      B5       |  dedicate  
ARC-1001 :   tdi/tms/tck/tdo  |  C4/A6/A7/C5  |  dedicate  
ARC-1001 : -------------------------------------------------
ARC-1004 : Device setting, marked 5 dedicate IOs in total.
RUN-1002 : start command "elaborate -top fpga_top"
RUN-1001 : Print Design Property
RUN-1001 : --------------------------------------------------------------
RUN-1001 :        Parameters       |  Settings  |  Default Values  |  Note  
RUN-1001 : --------------------------------------------------------------
RUN-1001 :   default_reg_initial   |    auto    |       auto       |        
RUN-1001 :        infer_add        |     on     |        on        |        
RUN-1001 :        infer_fsm        |    off     |       off        |        
RUN-1001 :        infer_mult       |     on     |        on        |        
RUN-1001 :        infer_ram        |     on     |        on        |        
RUN-1001 :        infer_reg        |     on     |        on        |        
RUN-1001 :   infer_reg_init_value  |     on     |        on        |        
RUN-1001 :        infer_rom        |     on     |        on        |        
RUN-1001 :      infer_shifter      |     on     |        on        |        
RUN-1001 : --------------------------------------------------------------
RUN-1001 : Print Rtl Property
RUN-1001 : --------------------------------------------------------------
RUN-1001 :        Parameters       |  Settings  |  Default Values  |  Note  
RUN-1001 : --------------------------------------------------------------
RUN-1001 :       compress_add      |   ripple   |      ripple      |        
RUN-1001 :        elf_sload        |    off     |       off        |        
RUN-1001 :       fix_undriven      |     0      |        0         |        
RUN-1001 :         flatten         |    off     |       off        |        
RUN-1001 :       gate_sharing      |     on     |        on        |        
RUN-1001 :    hdl_warning_level    |   normal   |      normal      |        
RUN-1001 :   impl_internal_tribuf  |     on     |        on        |        
RUN-1001 :      impl_set_reset     |     on     |        on        |        
RUN-1001 :        infer_gsr        |    off     |       off        |        
RUN-1001 :      keep_hierarchy     |    auto    |       auto       |        
RUN-1001 :        max_fanout       |    9999    |       9999       |        
RUN-1001 :      max_oh2bin_len     |     10     |        10        |        
RUN-1001 :       merge_equal       |     on     |        on        |        
RUN-1001 :       merge_equiv       |     on     |        on        |        
RUN-1001 :        merge_mux        |    off     |       off        |        
RUN-1001 :     min_control_set     |     8      |        8         |        
RUN-1001 :      min_ripple_len     |    auto    |       auto       |        
RUN-1001 :       oh2bin_ratio      |    0.08    |       0.08       |        
RUN-1001 :     opt_adder_fanout    |     on     |        on        |        
RUN-1001 :        opt_arith        |     on     |        on        |        
RUN-1001 :       opt_big_gate      |    off     |       off        |        
RUN-1001 :        opt_const        |     on     |        on        |        
RUN-1001 :      opt_const_mult     |     on     |        on        |        
RUN-1001 :       opt_lessthan      |     on     |        on        |        
RUN-1001 :         opt_mux         |    off     |       off        |        
RUN-1001 :         opt_ram         |    high    |       high       |        
RUN-1001 :      rtl_sim_model      |    off     |       off        |        
RUN-1001 :         seq_syn         |     on     |        on        |        
RUN-1001 : --------------------------------------------------------------
RUN-1001 : Print Global Property
RUN-1001 : ---------------------------------------------------------------
RUN-1001 :        Parameters        |  Settings  |  Default Values  |  Note  
RUN-1001 : ---------------------------------------------------------------
RUN-1001 :          message         |  standard  |     standard     |        
RUN-1001 :   mixed_pack_place_flow  |     on     |        on        |        
RUN-1001 :        qor_monitor       |    off     |       off        |        
RUN-1001 :        syn_ip_flow       |    off     |       off        |        
RUN-1001 :          thread          |    auto    |       auto       |        
RUN-1001 : ---------------------------------------------------------------
RUN-1001 : Print Design Property
RUN-1001 : --------------------------------------------------------------
RUN-1001 :        Parameters       |  Settings  |  Default Values  |  Note  
RUN-1001 : --------------------------------------------------------------
RUN-1001 :   default_reg_initial   |    auto    |       auto       |        
RUN-1001 :        infer_add        |     on     |        on        |        
RUN-1001 :        infer_fsm        |    off     |       off        |        
RUN-1001 :        infer_mult       |     on     |        on        |        
RUN-1001 :        infer_ram        |     on     |        on        |        
RUN-1001 :        infer_reg        |     on     |        on        |        
RUN-1001 :   infer_reg_init_value  |     on     |        on        |        
RUN-1001 :        infer_rom        |     on     |        on        |        
RUN-1001 :      infer_shifter      |     on     |        on        |        
RUN-1001 : --------------------------------------------------------------
HDL-1007 : port 'mtip' remains unconnected for this instance in ../../TOP.v(59)
HDL-1007 : elaborate module fpga_top in ../../TOP.v(1)
HDL-1007 : elaborate module pll in ../../al_ip/pll.v(23)
HDL-1007 : elaborate module SF1_LOGIC_BUFG in D:/Anlogic/TD5.6.2/arch/sf1_macro.v(8)
HDL-1007 : elaborate module SF1_PHY_PLL(FIN="25.000",FBCLK_DIV=4,CLKC0_DIV=10,CLKC1_DIV=25,CLKC0_ENABLE="ENABLE",CLKC1_ENABLE="ENABLE",FEEDBK_PATH="CLKC0_EXT",STDBY_ENABLE="DISABLE",CLKC0_CPHASE=9,CLKC1_CPHASE=24,GMC_GAIN=2,GMC_TEST=9,ICP_CURRENT=9,KVCO=2,LPF_CAPACITOR=1,LPF_RESISTOR=8,SYNC_ENABLE="DISABLE",OFFSET_MODE="EXT",CLKC0_DUTY=0.5,CLKC1_DUTY=0.5,CLKC0_DUTY_INT=5,CLKC1_DUTY_INT=13) in D:/Anlogic/TD5.6.2/arch/sf1_macro.v(1354)
HDL-1007 : elaborate module MCU in ../../al_ip/MCU.v(14)
HDL-1007 : elaborate module SF1_LOGIC_MCU(RESET_VECTOR=32'b011100000000000000000) in D:/Anlogic/TD5.6.2/arch/sf1_macro.v(453)
HDL-1007 : elaborate module SF1_LOGIC_MCU_JTAG in D:/Anlogic/TD5.6.2/arch/sf1_macro.v(78)
HDL-1007 : elaborate module SF1_LOGIC_IOTRIBUF in D:/Anlogic/TD5.6.2/arch/sf1_macro.v(584)
HDL-1007 : elaborate module SF1_LOGIC_IOBUF in D:/Anlogic/TD5.6.2/arch/sf1_macro.v(574)
HDL-1007 : elaborate module SF1_PHY_INTFLASH in D:/Anlogic/TD5.6.2/arch/sf1_macro.v(978)
HDL-1007 : elaborate module ahb_foc_controller in ../../ahb_foc_controller.v(1)
HDL-1007 : elaborate module foc_controller in ../../RTL/fpga_top.v(6)
HDL-1007 : elaborate module as5600_encoder in ../../AS5600_sensor.v(1)
HDL-1007 : elaborate module i2c_register_read(CLK_DIV=16'b01010) in ../../RTL/i2c_register_read.v(9)
HDL-1007 : elaborate module hall_encoder in ../../hall_sensor.v(1)
HDL-5007 WARNING: port 'b' is not connected on this instance in ../../al_ip/divider_gate.v(205)
HDL-5007 WARNING: port 'b' is not connected on this instance in ../../al_ip/divider_gate.v(1420)
HDL-1007 : elaborate module Divider in ../../al_ip/divider_gate.v(5)
HDL-1007 : elaborate module AL_MAP_LUT4(INIT=16'b01000000000,EQN="(D*~C*~B*A)") in D:/Anlogic/TD5.6.2/arch/al_lmacro.v(24)
HDL-1007 : elaborate module AL_MAP_LUT2(INIT=4'b01,EQN="(~B*~A)") in D:/Anlogic/TD5.6.2/arch/al_lmacro.v(48)
HDL-1007 : elaborate module AL_MAP_LUT5(INIT=32'b11001111110011111100111111001101,EQN="~(~B*~(~C*~(~E*~D*A)))") in D:/Anlogic/TD5.6.2/arch/al_lmacro.v(13)
HDL-1007 : elaborate module AL_MAP_LUT3(INIT=8'b010100,EQN="(~A*(C@B))") in D:/Anlogic/TD5.6.2/arch/al_lmacro.v(36)
HDL-1007 : elaborate module AL_MAP_LUT5(INIT=32'b010010000100000001001000010010,EQN="(~B*(A*~(C)*~((E*~D))+~(A)*C*~((E*~D))+~(A)*C*(E*~D)))") in D:/Anlogic/TD5.6.2/arch/al_lmacro.v(13)
HDL-1007 : elaborate module AL_MAP_LUT4(INIT=16'b01001100100000,EQN="(~B*(D@(C*A)))") in D:/Anlogic/TD5.6.2/arch/al_lmacro.v(24)
HDL-1007 : elaborate module AL_MAP_LUT2(INIT=4'b1000,EQN="(B*A)") in D:/Anlogic/TD5.6.2/arch/al_lmacro.v(48)
HDL-1007 : elaborate module AL_MAP_LUT5(INIT=32'b010011001100010010000000000000,EQN="(~B*(A*C*D*~(E)+~(A)*~(C)*~(D)*E+~(A)*C*~(D)*E+A*C*~(D)*E+~(A)*~(C)*D*E+A*~(C)*D*E+~(A)*C*D*E))") in D:/Anlogic/TD5.6.2/arch/al_lmacro.v(13)
HDL-1007 : elaborate module AL_MAP_LUT3(INIT=8'b10111000,EQN="(C*~(A)*~(B)+C*A*~(B)+~(C)*A*B+C*A*B)") in D:/Anlogic/TD5.6.2/arch/al_lmacro.v(36)
HDL-1007 : elaborate module AL_DFF_0 in D:/Anlogic/TD5.6.2/arch/al_lmacro.v(206)
HDL-1007 : elaborate module AL_MAP_ADDER(ALUTYPE="A_LE_B_CARRY") in D:/Anlogic/TD5.6.2/arch/al_lmacro.v(72)
HDL-1007 : elaborate module AL_MAP_ADDER(ALUTYPE="A_LE_B") in D:/Anlogic/TD5.6.2/arch/al_lmacro.v(72)
HDL-1007 : elaborate module AL_MAP_LUT5(INIT=32'b10111011101110001000101110001000,EQN="((D*~(E)*~(C)+D*E*~(C)+~(D)*E*C+D*E*C)*~(A)*~(B)+(D*~(E)*~(C)+D*E*~(C)+~(D)*E*C+D*E*C)*A*~(B)+~((D*~(E)*~(C)+D*E*~(C)+~(D)*E*C+D*E*C))*A*B+(D*~(E)*~(C)+D*E*~(C)+~(D)*E*C+D*E*C)*A*B)") in D:/Anlogic/TD5.6.2/arch/al_lmacro.v(13)
HDL-1007 : elaborate module AL_MAP_ADDER(ALUTYPE="SUB") in D:/Anlogic/TD5.6.2/arch/al_lmacro.v(72)
HDL-1007 : elaborate module AL_MAP_ADDER(ALUTYPE="SUB_CARRY") in D:/Anlogic/TD5.6.2/arch/al_lmacro.v(72)
HDL-5007 WARNING: input port 'b' is not connected on this instance in ../../al_ip/divider_gate.v(207)
HDL-5007 WARNING: input port 'b' is not connected on this instance in ../../al_ip/divider_gate.v(1422)
HDL-1007 : elaborate module adc_ad7928(CH_CNT=3'b010,CH0=3'b01,CH1=3'b010,CH2=3'b011) in ../../RTL/adc_ad7928.v(11)
HDL-1007 : elaborate module foc_top(INIT_CYCLES=20000000,MAX_AMP=9'b110000000,SAMPLE_DELAY=9'b01111000) in ../../RTL/foc/foc_top.v(1)
HDL-1007 : elaborate module clark_tr in ../../RTL/foc/clark_tr.v(9)
HDL-1007 : elaborate module park_tr in ../../RTL/foc/park_tr.v(9)
HDL-1007 : elaborate module sincos in ../../RTL/foc/sincos.v(11)
HDL-1007 : elaborate module pi_controller in ../../RTL/foc/pi_controller.v(9)
HDL-5007 WARNING: actual bit length 16 differs from formal bit length 31 for port 'i_Kp' in ../../RTL/foc/foc_top.v(167)
HDL-5007 WARNING: actual bit length 16 differs from formal bit length 31 for port 'i_Ki' in ../../RTL/foc/foc_top.v(168)
HDL-5007 WARNING: actual bit length 1 differs from formal bit length 16 for port 'o_value' in ../../RTL/foc/foc_top.v(172)
HDL-1007 : elaborate module feed_forward_controller in ../../feed_forward_controller.v(1)
HDL-5007 WARNING: actual bit length 16 differs from formal bit length 31 for port 'i_Kg' in ../../RTL/foc/foc_top.v(178)
HDL-5007 WARNING: actual bit length 1 differs from formal bit length 16 for port 'o_value' in ../../RTL/foc/foc_top.v(181)
HDL-5007 WARNING: actual bit length 16 differs from formal bit length 31 for port 'i_Kp' in ../../RTL/foc/foc_top.v(196)
HDL-5007 WARNING: actual bit length 16 differs from formal bit length 31 for port 'i_Ki' in ../../RTL/foc/foc_top.v(197)
HDL-5007 WARNING: actual bit length 1 differs from formal bit length 16 for port 'o_value' in ../../RTL/foc/foc_top.v(201)
HDL-5007 WARNING: actual bit length 16 differs from formal bit length 31 for port 'i_Kg' in ../../RTL/foc/foc_top.v(207)
HDL-5007 WARNING: actual bit length 1 differs from formal bit length 16 for port 'o_value' in ../../RTL/foc/foc_top.v(210)
HDL-1007 : elaborate module cartesian2polar in ../../RTL/foc/cartesian2polar.v(9)
HDL-1007 : elaborate module svpwm in ../../RTL/foc/svpwm.v(13)
HDL-1007 : elaborate module hold_detect(SAMPLE_DELAY=16'b01111000) in ../../RTL/foc/hold_detect.v(9)
HDL-5007 WARNING: net 'S_current_id_kp' does not have a driver in ../../RTL/foc/foc_top.v(167)
HDL-5007 WARNING: net 'S_current_id_ki' does not have a driver in ../../RTL/foc/foc_top.v(168)
HDL-5007 WARNING: net 'S_current_id_fg' does not have a driver in ../../RTL/foc/foc_top.v(178)
HDL-5007 WARNING: net 'S_current_iq_kp' does not have a driver in ../../RTL/foc/foc_top.v(196)
HDL-5007 WARNING: net 'S_current_iq_ki' does not have a driver in ../../RTL/foc/foc_top.v(197)
HDL-5007 WARNING: net 'S_current_iq_fg' does not have a driver in ../../RTL/foc/foc_top.v(207)
HDL-5007 WARNING: actual bit length 32 differs from formal bit length 16 for port 'I_current_id_kp' in ../../RTL/fpga_top.v(183)
HDL-5007 WARNING: actual bit length 32 differs from formal bit length 16 for port 'I_current_id_ki' in ../../RTL/fpga_top.v(184)
HDL-5007 WARNING: actual bit length 32 differs from formal bit length 16 for port 'I_current_id_fg' in ../../RTL/fpga_top.v(185)
HDL-5007 WARNING: actual bit length 32 differs from formal bit length 16 for port 'I_current_iq_kp' in ../../RTL/fpga_top.v(186)
HDL-5007 Similar messages will be suppressed.
HDL-1200 : Current top model is fpga_top
HDL-1100 : Inferred 0 RAMs.
RUN-1002 : start command "export_db FOC_Controller_elaborate.db"
RUN-1001 : Exported /
RUN-1001 : Exported flow parameters
RUN-1001 : Exported libs
RUN-1001 : Exported entities
RUN-1001 : Exported ports
RUN-1001 : Exported pins
RUN-1001 : Exported instances
RUN-1001 : Exported nets
RUN-1001 : Exported buses
RUN-1001 : Exported models
RUN-1001 : Exported congestions
RUN-1001 : Exported violations
RUN-1001 : Exported IO constraints
RUN-1001 : Exported Inst constraints
RUN-1002 : start command "read_adc ../../TOP.adc"
RUN-1002 : start command "set_pin_assignment  IO_i2c_sda   LOCATION = H3; IOSTANDARD = LVCMOS18; DRIVESTRENGTH = 8; PULLTYPE = PULLUP; "
RUN-1002 : start command "set_pin_assignment  I_clk_25m   LOCATION = D7; IOSTANDARD = LVCMOS18; PULLTYPE = PULLUP; "
RUN-1002 : start command "set_pin_assignment  I_hall_u   LOCATION = G10; IOSTANDARD = LVCMOS18; PULLTYPE = PULLUP; "
RUN-1002 : start command "set_pin_assignment  I_hall_v   LOCATION = H11; IOSTANDARD = LVCMOS18; PULLTYPE = PULLUP; "
RUN-1002 : start command "set_pin_assignment  I_hall_w   LOCATION = H10; IOSTANDARD = LVCMOS18; PULLTYPE = PULLUP; "
RUN-1002 : start command "set_pin_assignment  I_jtag_tck   LOCATION = C7; IOSTANDARD = LVCMOS18; PULLTYPE = PULLUP; "
RUN-1002 : start command "set_pin_assignment  I_jtag_tdi   LOCATION = D5; IOSTANDARD = LVCMOS18; PULLTYPE = PULLUP; "
RUN-1002 : start command "set_pin_assignment  I_jtag_tms   LOCATION = D6; IOSTANDARD = LVCMOS18; PULLTYPE = PULLUP; "
RUN-1002 : start command "set_pin_assignment  I_rstn   LOCATION = J2; IOSTANDARD = LVCMOS18; PULLTYPE = PULLUP; "
RUN-1002 : start command "set_pin_assignment  I_spi_miso   LOCATION = B9; IOSTANDARD = LVCMOS18; PULLTYPE = PULLUP; "
RUN-1002 : start command "set_pin_assignment  I_uart_rx   LOCATION = E4; IOSTANDARD = LVCMOS18; PULLTYPE = PULLUP; "
RUN-1002 : start command "set_pin_assignment  O_i2c_scl   LOCATION = G3; IOSTANDARD = LVCMOS18; DRIVESTRENGTH = 8; PULLTYPE = NONE; "
RUN-1002 : start command "set_pin_assignment  O_jtag_tdo   LOCATION = C6; IOSTANDARD = LVCMOS18; DRIVESTRENGTH = 8; PULLTYPE = NONE; "
RUN-1002 : start command "set_pin_assignment  O_pwm_a   LOCATION = C10; IOSTANDARD = LVCMOS18; DRIVESTRENGTH = 8; PULLTYPE = NONE; "
RUN-1002 : start command "set_pin_assignment  O_pwm_b   LOCATION = C11; IOSTANDARD = LVCMOS18; DRIVESTRENGTH = 8; PULLTYPE = NONE; "
RUN-1002 : start command "set_pin_assignment  O_pwm_c   LOCATION = E11; IOSTANDARD = LVCMOS18; DRIVESTRENGTH = 8; PULLTYPE = NONE; "
RUN-1002 : start command "set_pin_assignment  O_pwm_en   LOCATION = F11; IOSTANDARD = LVCMOS18; DRIVESTRENGTH = 8; PULLTYPE = NONE; "
RUN-1002 : start command "set_pin_assignment  O_spi_mosi   LOCATION = B8; IOSTANDARD = LVCMOS18; DRIVESTRENGTH = 8; PULLTYPE = NONE; "
RUN-1002 : start command "set_pin_assignment  O_spi_sck   LOCATION = A9; IOSTANDARD = LVCMOS18; DRIVESTRENGTH = 8; PULLTYPE = NONE; "
RUN-1002 : start command "set_pin_assignment  O_spi_ss   LOCATION = A8; IOSTANDARD = LVCMOS18; DRIVESTRENGTH = 8; PULLTYPE = NONE; "
RUN-1002 : start command "set_pin_assignment  O_uart_tx   LOCATION = A4; IOSTANDARD = LVCMOS18; DRIVESTRENGTH = 8; PULLTYPE = NONE; "
RUN-1001 : Starting of IO setups legality check.
RUN-1001 : Starting of IO setups legality check.
RUN-1001 : Starting of IO vref setups legality check.
RUN-1002 : start command "optimize_rtl"
RUN-1001 : Open license file D:/Anlogic/TD5.6.2/license/Anlogic.lic
RUN-1001 : Print Global Property
RUN-1001 : ---------------------------------------------------------------
RUN-1001 :        Parameters        |  Settings  |  Default Values  |  Note  
RUN-1001 : ---------------------------------------------------------------
RUN-1001 :          message         |  standard  |     standard     |        
RUN-1001 :   mixed_pack_place_flow  |     on     |        on        |        
RUN-1001 :        qor_monitor       |    off     |       off        |        
RUN-1001 :        syn_ip_flow       |    off     |       off        |        
RUN-1001 :          thread          |    auto    |       auto       |        
RUN-1001 : ---------------------------------------------------------------
RUN-1001 : Print Rtl Property
RUN-1001 : --------------------------------------------------------------
RUN-1001 :        Parameters       |  Settings  |  Default Values  |  Note  
RUN-1001 : --------------------------------------------------------------
RUN-1001 :       compress_add      |   ripple   |      ripple      |        
RUN-1001 :        elf_sload        |    off     |       off        |        
RUN-1001 :       fix_undriven      |     0      |        0         |        
RUN-1001 :         flatten         |    off     |       off        |        
RUN-1001 :       gate_sharing      |     on     |        on        |        
RUN-1001 :    hdl_warning_level    |   normal   |      normal      |        
RUN-1001 :   impl_internal_tribuf  |     on     |        on        |        
RUN-1001 :      impl_set_reset     |     on     |        on        |        
RUN-1001 :        infer_gsr        |    off     |       off        |        
RUN-1001 :      keep_hierarchy     |    auto    |       auto       |        
RUN-1001 :        max_fanout       |    9999    |       9999       |        
RUN-1001 :      max_oh2bin_len     |     10     |        10        |        
RUN-1001 :       merge_equal       |     on     |        on        |        
RUN-1001 :       merge_equiv       |     on     |        on        |        
RUN-1001 :        merge_mux        |    off     |       off        |        
RUN-1001 :     min_control_set     |     8      |        8         |        
RUN-1001 :      min_ripple_len     |    auto    |       auto       |        
RUN-1001 :       oh2bin_ratio      |    0.08    |       0.08       |        
RUN-1001 :     opt_adder_fanout    |     on     |        on        |        
RUN-1001 :        opt_arith        |     on     |        on        |        
RUN-1001 :       opt_big_gate      |    off     |       off        |        
RUN-1001 :        opt_const        |     on     |        on        |        
RUN-1001 :      opt_const_mult     |     on     |        on        |        
RUN-1001 :       opt_lessthan      |     on     |        on        |        
RUN-1001 :         opt_mux         |    off     |       off        |        
RUN-1001 :         opt_ram         |    high    |       high       |        
RUN-1001 :      rtl_sim_model      |    off     |       off        |        
RUN-1001 :         seq_syn         |     on     |        on        |        
RUN-1001 : --------------------------------------------------------------
SYN-1012 : SanityCheck: Model "fpga_top"
SYN-1012 : SanityCheck: Model "ahb_foc_controller"
SYN-1012 : SanityCheck: Model "foc_controller"
SYN-1012 : SanityCheck: Model "adc_ad7928(CH_CNT=3'b010,CH0=3'b01,CH1=3'b010,CH2=3'b011)"
SYN-1012 : SanityCheck: Model "as5600_encoder"
SYN-1012 : SanityCheck: Model "i2c_register_read(CLK_DIV=16'b01010)"
SYN-1012 : SanityCheck: Model "foc_top(INIT_CYCLES=20000000,MAX_AMP=9'b110000000,SAMPLE_DELAY=9'b01111000)"
SYN-1012 : SanityCheck: Model "hold_detect(SAMPLE_DELAY=16'b01111000)"
SYN-1012 : SanityCheck: Model "cartesian2polar"
SYN-1012 : SanityCheck: Model "clark_tr"
SYN-1012 : SanityCheck: Model "feed_forward_controller"
SYN-1012 : SanityCheck: Model "pi_controller"
SYN-1012 : SanityCheck: Model "park_tr"
SYN-1012 : SanityCheck: Model "sincos"
SYN-1012 : SanityCheck: Model "svpwm"
SYN-1012 : SanityCheck: Model "hall_encoder"
SYN-1012 : SanityCheck: Model "Divider"
SYN-1012 : SanityCheck: Model "AL_DFF_0"
SYN-1012 : SanityCheck: Model "MCU"
SYN-1012 : SanityCheck: Model "pll"
SYN-1043 : Mark pll as IO macro for instance bufg_feedback
SYN-1043 : Mark MCU as IO macro for instance u4
SYN-1043 : Mark i2c_register_read(CLK_DIV=16'b01010) as IO macro for instance sda_i
SYN-1043 : Mark as5600_encoder as IO macro for instance u_as5600_read
SYN-1043 : Mark foc_controller as IO macro for instance u_as5600_encoder
SYN-1043 : Mark ahb_foc_controller as IO macro for instance u_foc_controller
SYN-1011 : Flatten model fpga_top
SYN-1032 : 12169/3713 useful/useless nets, 1693/268 useful/useless insts
SYN-1016 : Merged 329 instances.
SYN-1035 : Inferred 4 ROM(s)
SYN-1032 : 10660/2748 useful/useless nets, 1170/253 useful/useless insts
SYN-1016 : Merged 887 instances.
SYN-5011 WARNING: Undriven pin: model "fpga_top" / inst "u_ahb_foc_controller/u_foc_controller/u_foc_top/mux15_syn_26" in ../../RTL/foc/foc_top.v(250) / pin "i1"
SYN-5011 WARNING: Undriven pin: model "fpga_top" / inst "u_ahb_foc_controller/u_foc_controller/u_foc_top/u_cartesian2polar/mux4_syn_1" in ../../RTL/foc/cartesian2polar.v(94) / pin "addrb[11]"
SYN-5011 WARNING: Undriven pin: model "fpga_top" / inst "u_ahb_foc_controller/u_foc_controller/u_foc_top/u_cartesian2polar/mux4_syn_1" in ../../RTL/foc/cartesian2polar.v(94) / pin "addrb[10]"
SYN-5011 WARNING: Undriven pin: model "fpga_top" / inst "u_ahb_foc_controller/u_foc_controller/u_foc_top/u_cartesian2polar/mux4_syn_1" in ../../RTL/foc/cartesian2polar.v(94) / pin "addrb[9]"
SYN-5011 WARNING: Undriven pin: model "fpga_top" / inst "u_ahb_foc_controller/u_foc_controller/u_foc_top/u_cartesian2polar/mux4_syn_1" in ../../RTL/foc/cartesian2polar.v(94) / pin "addrb[8]"
SYN-5011 WARNING: Undriven pin: model "fpga_top" / inst "u_ahb_foc_controller/u_foc_controller/u_foc_top/u_cartesian2polar/mux4_syn_1" in ../../RTL/foc/cartesian2polar.v(94) / pin "addrb[7]"
SYN-5011 WARNING: Undriven pin: model "fpga_top" / inst "u_ahb_foc_controller/u_foc_controller/u_foc_top/u_cartesian2polar/mux4_syn_1" in ../../RTL/foc/cartesian2polar.v(94) / pin "addrb[6]"
SYN-5011 WARNING: Undriven pin: model "fpga_top" / inst "u_ahb_foc_controller/u_foc_controller/u_foc_top/u_cartesian2polar/mux4_syn_1" in ../../RTL/foc/cartesian2polar.v(94) / pin "addrb[5]"
SYN-5011 WARNING: Undriven pin: model "fpga_top" / inst "u_ahb_foc_controller/u_foc_controller/u_foc_top/u_cartesian2polar/mux4_syn_1" in ../../RTL/foc/cartesian2polar.v(94) / pin "addrb[4]"
SYN-5011 WARNING: Undriven pin: model "fpga_top" / inst "u_ahb_foc_controller/u_foc_controller/u_foc_top/u_cartesian2polar/mux4_syn_1" in ../../RTL/foc/cartesian2polar.v(94) / pin "addrb[3]"
SYN-5011 Similar messages will be suppressed.
SYN-5013 WARNING: Undriven net: model "fpga_top" / net "u_ahb_foc_controller/O_ahb_hresp[1]_syn_3" in ../../ahb_foc_controller.v(15)
SYN-5014 WARNING: the net's pin: pin "i" in ../../ahb_foc_controller.v(15)
SYN-5013 WARNING: Undriven net: model "fpga_top" / net "u_ahb_foc_controller/O_ahb_hresp[0]_syn_3" in ../../ahb_foc_controller.v(15)
SYN-5014 WARNING: the net's pin: pin "i" in ../../ahb_foc_controller.v(15)
SYN-5013 WARNING: Undriven net: model "fpga_top" / net "u_ahb_foc_controller/u_foc_controller/u_foc_top/S_current_id_aim[15]" in ../../RTL/foc/foc_top.v(66)
SYN-5014 WARNING: the net's pin: pin "i0" in ../../RTL/foc/foc_top.v(169)
SYN-5013 WARNING: Undriven net: model "fpga_top" / net "u_ahb_foc_controller/u_foc_controller/u_foc_top/S_current_id_aim[14]" in ../../RTL/foc/foc_top.v(66)
SYN-5014 WARNING: the net's pin: pin "i0" in ../../RTL/foc/foc_top.v(169)
SYN-5013 WARNING: Undriven net: model "fpga_top" / net "u_ahb_foc_controller/u_foc_controller/u_foc_top/S_current_id_aim[13]" in ../../RTL/foc/foc_top.v(66)
SYN-5014 WARNING: the net's pin: pin "i0" in ../../RTL/foc/foc_top.v(169)
SYN-5013 WARNING: Undriven net: model "fpga_top" / net "u_ahb_foc_controller/u_foc_controller/u_foc_top/S_current_id_aim[12]" in ../../RTL/foc/foc_top.v(66)
SYN-5014 WARNING: the net's pin: pin "i0" in ../../RTL/foc/foc_top.v(169)
SYN-5013 WARNING: Undriven net: model "fpga_top" / net "u_ahb_foc_controller/u_foc_controller/u_foc_top/S_current_id_aim[11]" in ../../RTL/foc/foc_top.v(66)
SYN-5014 WARNING: the net's pin: pin "i0" in ../../RTL/foc/foc_top.v(169)
SYN-5013 WARNING: Undriven net: model "fpga_top" / net "u_ahb_foc_controller/u_foc_controller/u_foc_top/S_current_id_aim[10]" in ../../RTL/foc/foc_top.v(66)
SYN-5014 WARNING: the net's pin: pin "i0" in ../../RTL/foc/foc_top.v(169)
SYN-5013 WARNING: Undriven net: model "fpga_top" / net "u_ahb_foc_controller/u_foc_controller/u_foc_top/S_current_id_aim[9]" in ../../RTL/foc/foc_top.v(66)
SYN-5014 WARNING: the net's pin: pin "i0" in ../../RTL/foc/foc_top.v(169)
SYN-5013 WARNING: Undriven net: model "fpga_top" / net "u_ahb_foc_controller/u_foc_controller/u_foc_top/S_current_id_aim[8]" in ../../RTL/foc/foc_top.v(66)
SYN-5014 WARNING: the net's pin: pin "d" in ../../ahb_foc_controller.v(281)
SYN-5014 WARNING: the net's pin: pin "i0" in ../../RTL/foc/foc_top.v(169)
SYN-5013 WARNING: Undriven net: model "fpga_top" / net "u_ahb_foc_controller/u_foc_controller/u_foc_top/S_current_id_aim[7]" in ../../RTL/foc/foc_top.v(66)
SYN-5014 WARNING: the net's pin: pin "i0" in ../../RTL/foc/foc_top.v(169)
SYN-5013 WARNING: Undriven net: model "fpga_top" / net "u_ahb_foc_controller/u_foc_controller/u_foc_top/S_current_id_aim[6]" in ../../RTL/foc/foc_top.v(66)
SYN-5014 WARNING: the net's pin: pin "i0" in ../../RTL/foc/foc_top.v(169)
SYN-5013 WARNING: Undriven net: model "fpga_top" / net "u_ahb_foc_controller/u_foc_controller/u_foc_top/S_current_id_aim[5]" in ../../RTL/foc/foc_top.v(66)
SYN-5014 WARNING: the net's pin: pin "i0" in ../../RTL/foc/foc_top.v(169)
SYN-5013 WARNING: Undriven net: model "fpga_top" / net "u_ahb_foc_controller/u_foc_controller/u_foc_top/S_current_id_aim[4]" in ../../RTL/foc/foc_top.v(66)
SYN-5014 WARNING: the net's pin: pin "i0" in ../../RTL/foc/foc_top.v(169)
SYN-5013 WARNING: Undriven net: model "fpga_top" / net "u_ahb_foc_controller/u_foc_controller/u_foc_top/S_current_id_aim[3]" in ../../RTL/foc/foc_top.v(66)
SYN-5014 WARNING: the net's pin: pin "i0" in ../../RTL/foc/foc_top.v(169)
SYN-5013 WARNING: Undriven net: model "fpga_top" / net "u_ahb_foc_controller/u_foc_controller/u_foc_top/S_current_id_aim[2]" in ../../RTL/foc/foc_top.v(66)
SYN-5014 WARNING: the net's pin: pin "i0" in ../../RTL/foc/foc_top.v(169)
SYN-5013 WARNING: Undriven net: model "fpga_top" / net "u_ahb_foc_controller/u_foc_controller/u_foc_top/S_current_id_aim[1]" in ../../RTL/foc/foc_top.v(66)
SYN-5014 WARNING: the net's pin: pin "i0" in ../../RTL/foc/foc_top.v(169)
SYN-5013 WARNING: Undriven net: model "fpga_top" / net "u_ahb_foc_controller/u_foc_controller/u_foc_top/S_current_id_aim[0]" in ../../RTL/foc/foc_top.v(66)
SYN-5014 WARNING: the net's pin: pin "i0" in ../../RTL/foc/foc_top.v(169)
SYN-5013 WARNING: Undriven net: model "fpga_top" / net "u_ahb_foc_controller/u_foc_controller/u_foc_top/S_current_iq_aim[15]" in ../../RTL/foc/foc_top.v(67)
SYN-5014 WARNING: the net's pin: pin "i0" in ../../RTL/foc/foc_top.v(198)
SYN-5013 WARNING: Undriven net: model "fpga_top" / net "u_ahb_foc_controller/u_foc_controller/u_foc_top/S_current_iq_aim[14]" in ../../RTL/foc/foc_top.v(67)
SYN-5014 WARNING: the net's pin: pin "i0" in ../../RTL/foc/foc_top.v(198)
SYN-5013 WARNING: Undriven net: model "fpga_top" / net "u_ahb_foc_controller/u_foc_controller/u_foc_top/S_current_iq_aim[13]" in ../../RTL/foc/foc_top.v(67)
SYN-5014 WARNING: the net's pin: pin "i0" in ../../RTL/foc/foc_top.v(198)
SYN-5013 WARNING: Undriven net: model "fpga_top" / net "u_ahb_foc_controller/u_foc_controller/u_foc_top/S_current_iq_aim[12]" in ../../RTL/foc/foc_top.v(67)
SYN-5014 WARNING: the net's pin: pin "i0" in ../../RTL/foc/foc_top.v(198)
SYN-5013 WARNING: Undriven net: model "fpga_top" / net "u_ahb_foc_controller/u_foc_controller/u_foc_top/S_current_iq_aim[11]" in ../../RTL/foc/foc_top.v(67)
SYN-5014 WARNING: the net's pin: pin "i0" in ../../RTL/foc/foc_top.v(198)
SYN-5013 WARNING: Undriven net: model "fpga_top" / net "u_ahb_foc_controller/u_foc_controller/u_foc_top/S_current_iq_aim[10]" in ../../RTL/foc/foc_top.v(67)
SYN-5014 WARNING: the net's pin: pin "i0" in ../../RTL/foc/foc_top.v(198)
SYN-5013 WARNING: Undriven net: model "fpga_top" / net "u_ahb_foc_controller/u_foc_controller/u_foc_top/S_current_iq_aim[9]" in ../../RTL/foc/foc_top.v(67)
SYN-5014 WARNING: the net's pin: pin "i0" in ../../RTL/foc/foc_top.v(198)
SYN-5013 WARNING: Undriven net: model "fpga_top" / net "u_ahb_foc_controller/u_foc_controller/u_foc_top/S_current_iq_aim[8]" in ../../RTL/foc/foc_top.v(67)
SYN-5014 WARNING: the net's pin: pin "i0" in ../../RTL/foc/foc_top.v(198)
SYN-5013 WARNING: Undriven net: model "fpga_top" / net "u_ahb_foc_controller/u_foc_controller/u_foc_top/S_current_iq_aim[7]" in ../../RTL/foc/foc_top.v(67)
SYN-5014 WARNING: the net's pin: pin "i0" in ../../RTL/foc/foc_top.v(198)
SYN-5013 WARNING: Undriven net: model "fpga_top" / net "u_ahb_foc_controller/u_foc_controller/u_foc_top/S_current_iq_aim[6]" in ../../RTL/foc/foc_top.v(67)
SYN-5014 WARNING: the net's pin: pin "i0" in ../../RTL/foc/foc_top.v(198)
SYN-5013 WARNING: Undriven net: model "fpga_top" / net "u_ahb_foc_controller/u_foc_controller/u_foc_top/S_current_iq_aim[5]" in ../../RTL/foc/foc_top.v(67)
SYN-5014 WARNING: the net's pin: pin "i0" in ../../RTL/foc/foc_top.v(198)
SYN-5013 WARNING: Undriven net: model "fpga_top" / net "u_ahb_foc_controller/u_foc_controller/u_foc_top/S_current_iq_aim[4]" in ../../RTL/foc/foc_top.v(67)
SYN-5014 WARNING: the net's pin: pin "i0" in ../../RTL/foc/foc_top.v(198)
SYN-5013 WARNING: Undriven net: model "fpga_top" / net "u_ahb_foc_controller/u_foc_controller/u_foc_top/S_current_iq_aim[3]" in ../../RTL/foc/foc_top.v(67)
SYN-5014 WARNING: the net's pin: pin "i0" in ../../RTL/foc/foc_top.v(198)
SYN-5013 WARNING: Undriven net: model "fpga_top" / net "u_ahb_foc_controller/u_foc_controller/u_foc_top/S_current_iq_aim[2]" in ../../RTL/foc/foc_top.v(67)
SYN-5014 WARNING: the net's pin: pin "i0" in ../../RTL/foc/foc_top.v(198)
SYN-5013 WARNING: Undriven net: model "fpga_top" / net "u_ahb_foc_controller/u_foc_controller/u_foc_top/S_current_iq_aim[1]" in ../../RTL/foc/foc_top.v(67)
SYN-5014 WARNING: the net's pin: pin "i0" in ../../RTL/foc/foc_top.v(198)
SYN-5013 WARNING: Undriven net: model "fpga_top" / net "u_ahb_foc_controller/u_foc_controller/u_foc_top/S_current_iq_aim[0]" in ../../RTL/foc/foc_top.v(67)
SYN-5014 WARNING: the net's pin: pin "i0" in ../../RTL/foc/foc_top.v(198)
SYN-5013 WARNING: Undriven net: model "fpga_top" / net "u_ahb_foc_controller/u_foc_controller/u_foc_top/S_current_id_fg" in ../../RTL/foc/foc_top.v(178)
SYN-5014 WARNING: the net's pin: pin "i0" in ../../RTL/foc/foc_top.v(178)
SYN-5013 WARNING: Undriven net: model "fpga_top" / net "u_ahb_foc_controller/u_foc_controller/u_foc_top/S_current_iq_fg" in ../../RTL/foc/foc_top.v(207)
SYN-5014 WARNING: the net's pin: pin "i0" in ../../RTL/foc/foc_top.v(207)
SYN-5013 WARNING: Undriven net: model "fpga_top" / net "u_mcu/apb_prdata_down[31]" in ../../al_ip/MCU.v(78)
SYN-5014 WARNING: the net's pin: pin "apb_prdata[31]" in ../../al_ip/MCU.v(126)
SYN-5013 WARNING: Undriven net: model "fpga_top" / net "u_mcu/apb_prdata_down[30]" in ../../al_ip/MCU.v(78)
SYN-5014 WARNING: the net's pin: pin "apb_prdata[30]" in ../../al_ip/MCU.v(126)
SYN-5013 WARNING: Undriven net: model "fpga_top" / net "u_mcu/apb_prdata_down[29]" in ../../al_ip/MCU.v(78)
SYN-5014 WARNING: the net's pin: pin "apb_prdata[29]" in ../../al_ip/MCU.v(126)
SYN-5013 WARNING: Undriven net: model "fpga_top" / net "u_mcu/apb_prdata_down[28]" in ../../al_ip/MCU.v(78)
SYN-5014 WARNING: the net's pin: pin "apb_prdata[28]" in ../../al_ip/MCU.v(126)
SYN-5013 WARNING: Undriven net: model "fpga_top" / net "u_mcu/apb_prdata_down[27]" in ../../al_ip/MCU.v(78)
SYN-5014 WARNING: the net's pin: pin "apb_prdata[27]" in ../../al_ip/MCU.v(126)
SYN-5013 WARNING: Undriven net: model "fpga_top" / net "u_mcu/apb_prdata_down[26]" in ../../al_ip/MCU.v(78)
SYN-5014 WARNING: the net's pin: pin "apb_prdata[26]" in ../../al_ip/MCU.v(126)
SYN-5013 WARNING: Undriven net: model "fpga_top" / net "u_mcu/apb_prdata_down[25]" in ../../al_ip/MCU.v(78)
SYN-5014 WARNING: the net's pin: pin "apb_prdata[25]" in ../../al_ip/MCU.v(126)
SYN-5013 WARNING: Undriven net: model "fpga_top" / net "u_mcu/apb_prdata_down[24]" in ../../al_ip/MCU.v(78)
SYN-5014 WARNING: the net's pin: pin "apb_prdata[24]" in ../../al_ip/MCU.v(126)
SYN-5013 WARNING: Undriven net: model "fpga_top" / net "u_mcu/apb_prdata_down[23]" in ../../al_ip/MCU.v(78)
SYN-5014 WARNING: the net's pin: pin "apb_prdata[23]" in ../../al_ip/MCU.v(126)
SYN-5013 WARNING: Undriven net: model "fpga_top" / net "u_mcu/apb_prdata_down[22]" in ../../al_ip/MCU.v(78)
SYN-5014 WARNING: the net's pin: pin "apb_prdata[22]" in ../../al_ip/MCU.v(126)
SYN-5013 WARNING: Undriven net: model "fpga_top" / net "u_mcu/apb_prdata_down[21]" in ../../al_ip/MCU.v(78)
SYN-5014 WARNING: the net's pin: pin "apb_prdata[21]" in ../../al_ip/MCU.v(126)
SYN-5013 WARNING: Undriven net: model "fpga_top" / net "u_mcu/apb_prdata_down[20]" in ../../al_ip/MCU.v(78)
SYN-5014 WARNING: the net's pin: pin "apb_prdata[20]" in ../../al_ip/MCU.v(126)
SYN-5013 WARNING: Undriven net: model "fpga_top" / net "u_mcu/apb_prdata_down[19]" in ../../al_ip/MCU.v(78)
SYN-5014 WARNING: the net's pin: pin "apb_prdata[19]" in ../../al_ip/MCU.v(126)
SYN-5013 WARNING: Undriven net: model "fpga_top" / net "u_mcu/apb_prdata_down[18]" in ../../al_ip/MCU.v(78)
SYN-5014 WARNING: the net's pin: pin "apb_prdata[18]" in ../../al_ip/MCU.v(126)
SYN-5013 WARNING: Undriven net: model "fpga_top" / net "u_mcu/apb_prdata_down[17]" in ../../al_ip/MCU.v(78)
SYN-5014 WARNING: the net's pin: pin "apb_prdata[17]" in ../../al_ip/MCU.v(126)
SYN-5013 WARNING: Undriven net: model "fpga_top" / net "u_mcu/apb_prdata_down[16]" in ../../al_ip/MCU.v(78)
SYN-5014 WARNING: the net's pin: pin "apb_prdata[16]" in ../../al_ip/MCU.v(126)
SYN-5013 WARNING: Undriven net: model "fpga_top" / net "u_mcu/apb_prdata_down[15]" in ../../al_ip/MCU.v(78)
SYN-5014 WARNING: the net's pin: pin "apb_prdata[15]" in ../../al_ip/MCU.v(126)
SYN-5013 WARNING: Undriven net: model "fpga_top" / net "u_mcu/apb_prdata_down[14]" in ../../al_ip/MCU.v(78)
SYN-5014 WARNING: the net's pin: pin "apb_prdata[14]" in ../../al_ip/MCU.v(126)
SYN-5013 WARNING: Undriven net: model "fpga_top" / net "u_mcu/apb_prdata_down[13]" in ../../al_ip/MCU.v(78)
SYN-5014 WARNING: the net's pin: pin "apb_prdata[13]" in ../../al_ip/MCU.v(126)
SYN-5013 WARNING: Undriven net: model "fpga_top" / net "u_mcu/apb_prdata_down[12]" in ../../al_ip/MCU.v(78)
SYN-5014 WARNING: the net's pin: pin "apb_prdata[12]" in ../../al_ip/MCU.v(126)
SYN-5013 WARNING: Undriven net: model "fpga_top" / net "u_mcu/apb_prdata_down[11]" in ../../al_ip/MCU.v(78)
SYN-5014 WARNING: the net's pin: pin "apb_prdata[11]" in ../../al_ip/MCU.v(126)
SYN-5013 WARNING: Undriven net: model "fpga_top" / net "u_mcu/apb_prdata_down[10]" in ../../al_ip/MCU.v(78)
SYN-5014 WARNING: the net's pin: pin "apb_prdata[10]" in ../../al_ip/MCU.v(126)
SYN-5013 WARNING: Undriven net: model "fpga_top" / net "u_mcu/apb_prdata_down[9]" in ../../al_ip/MCU.v(78)
SYN-5014 WARNING: the net's pin: pin "apb_prdata[9]" in ../../al_ip/MCU.v(126)
SYN-5013 WARNING: Undriven net: model "fpga_top" / net "u_mcu/apb_prdata_down[8]" in ../../al_ip/MCU.v(78)
SYN-5014 WARNING: the net's pin: pin "apb_prdata[8]" in ../../al_ip/MCU.v(126)
SYN-5013 WARNING: Undriven net: model "fpga_top" / net "u_mcu/apb_prdata_down[7]" in ../../al_ip/MCU.v(78)
SYN-5014 WARNING: the net's pin: pin "apb_prdata[7]" in ../../al_ip/MCU.v(126)
SYN-5013 WARNING: Undriven net: model "fpga_top" / net "u_mcu/apb_prdata_down[6]" in ../../al_ip/MCU.v(78)
SYN-5014 WARNING: the net's pin: pin "apb_prdata[6]" in ../../al_ip/MCU.v(126)
SYN-5013 WARNING: Undriven net: model "fpga_top" / net "u_mcu/apb_prdata_down[5]" in ../../al_ip/MCU.v(78)
SYN-5014 WARNING: the net's pin: pin "apb_prdata[5]" in ../../al_ip/MCU.v(126)
SYN-5013 WARNING: Undriven net: model "fpga_top" / net "u_mcu/apb_prdata_down[4]" in ../../al_ip/MCU.v(78)
SYN-5014 WARNING: the net's pin: pin "apb_prdata[4]" in ../../al_ip/MCU.v(126)
SYN-5013 WARNING: Undriven net: model "fpga_top" / net "u_mcu/apb_prdata_down[3]" in ../../al_ip/MCU.v(78)
SYN-5014 WARNING: the net's pin: pin "apb_prdata[3]" in ../../al_ip/MCU.v(126)
SYN-5013 WARNING: Undriven net: model "fpga_top" / net "u_mcu/apb_prdata_down[2]" in ../../al_ip/MCU.v(78)
SYN-5014 WARNING: the net's pin: pin "apb_prdata[2]" in ../../al_ip/MCU.v(126)
SYN-5013 WARNING: Undriven net: model "fpga_top" / net "u_mcu/apb_prdata_down[1]" in ../../al_ip/MCU.v(78)
SYN-5014 WARNING: the net's pin: pin "apb_prdata[1]" in ../../al_ip/MCU.v(126)
SYN-5013 WARNING: Undriven net: model "fpga_top" / net "u_mcu/apb_prdata_down[0]" in ../../al_ip/MCU.v(78)
SYN-5014 WARNING: the net's pin: pin "apb_prdata[0]" in ../../al_ip/MCU.v(126)
SYN-5013 WARNING: Undriven net: model "fpga_top" / net "u_mcu/clic_irq[15]" in ../../al_ip/MCU.v(75)
SYN-5014 WARNING: the net's pin: pin "clic_irq[15]" in ../../al_ip/MCU.v(126)
SYN-5013 WARNING: Undriven net: model "fpga_top" / net "u_mcu/clic_irq[14]" in ../../al_ip/MCU.v(75)
SYN-5014 WARNING: the net's pin: pin "clic_irq[14]" in ../../al_ip/MCU.v(126)
SYN-5013 WARNING: Undriven net: model "fpga_top" / net "u_mcu/clic_irq[13]" in ../../al_ip/MCU.v(75)
SYN-5014 WARNING: the net's pin: pin "clic_irq[13]" in ../../al_ip/MCU.v(126)
SYN-5013 WARNING: Undriven net: model "fpga_top" / net "u_mcu/clic_irq[12]" in ../../al_ip/MCU.v(75)
SYN-5014 WARNING: the net's pin: pin "clic_irq[12]" in ../../al_ip/MCU.v(126)
SYN-5013 WARNING: Undriven net: model "fpga_top" / net "u_mcu/clic_irq[11]" in ../../al_ip/MCU.v(75)
SYN-5014 WARNING: the net's pin: pin "clic_irq[11]" in ../../al_ip/MCU.v(126)
SYN-5013 WARNING: Undriven net: model "fpga_top" / net "u_mcu/clic_irq[10]" in ../../al_ip/MCU.v(75)
SYN-5014 WARNING: the net's pin: pin "clic_irq[10]" in ../../al_ip/MCU.v(126)
SYN-5013 WARNING: Undriven net: model "fpga_top" / net "u_mcu/clic_irq[9]" in ../../al_ip/MCU.v(75)
SYN-5014 WARNING: the net's pin: pin "clic_irq[9]" in ../../al_ip/MCU.v(126)
SYN-5013 WARNING: Undriven net: model "fpga_top" / net "u_mcu/clic_irq[8]" in ../../al_ip/MCU.v(75)
SYN-5014 WARNING: the net's pin: pin "clic_irq[8]" in ../../al_ip/MCU.v(126)
SYN-5013 WARNING: Undriven net: model "fpga_top" / net "u_mcu/clic_irq[7]" in ../../al_ip/MCU.v(75)
SYN-5014 WARNING: the net's pin: pin "clic_irq[7]" in ../../al_ip/MCU.v(126)
SYN-5013 WARNING: Undriven net: model "fpga_top" / net "u_mcu/clic_irq[6]" in ../../al_ip/MCU.v(75)
SYN-5014 WARNING: the net's pin: pin "clic_irq[6]" in ../../al_ip/MCU.v(126)
SYN-5013 WARNING: Undriven net: model "fpga_top" / net "u_mcu/clic_irq[5]" in ../../al_ip/MCU.v(75)
SYN-5014 WARNING: the net's pin: pin "clic_irq[5]" in ../../al_ip/MCU.v(126)
SYN-5013 WARNING: Undriven net: model "fpga_top" / net "u_mcu/clic_irq[4]" in ../../al_ip/MCU.v(75)
SYN-5014 WARNING: the net's pin: pin "clic_irq[4]" in ../../al_ip/MCU.v(126)
SYN-5013 WARNING: Undriven net: model "fpga_top" / net "u_mcu/clic_irq[3]" in ../../al_ip/MCU.v(75)
SYN-5014 WARNING: the net's pin: pin "clic_irq[3]" in ../../al_ip/MCU.v(126)
SYN-5013 WARNING: Undriven net: model "fpga_top" / net "u_mcu/clic_irq[2]" in ../../al_ip/MCU.v(75)
SYN-5014 WARNING: the net's pin: pin "clic_irq[2]" in ../../al_ip/MCU.v(126)
SYN-5013 WARNING: Undriven net: model "fpga_top" / net "u_mcu/clic_irq[1]" in ../../al_ip/MCU.v(75)
SYN-5014 WARNING: the net's pin: pin "clic_irq[1]" in ../../al_ip/MCU.v(126)
SYN-5013 WARNING: Undriven net: model "fpga_top" / net "u_mcu/clic_irq[0]" in ../../al_ip/MCU.v(75)
SYN-5014 WARNING: the net's pin: pin "clic_irq[0]" in ../../al_ip/MCU.v(126)
SYN-5013 WARNING: Undriven net: model "fpga_top" / net "u_mcu/apb_pready_down" in ../../al_ip/MCU.v(85)
SYN-5014 WARNING: the net's pin: pin "apb_pready_i" in ../../al_ip/MCU.v(126)
SYN-5013 WARNING: Undriven net: model "fpga_top" / net "u_mcu/apb_pslverr_down" in ../../al_ip/MCU.v(84)
SYN-5014 WARNING: the net's pin: pin "apb_pslverr_i" in ../../al_ip/MCU.v(126)
SYN-5013 WARNING: Undriven net: model "fpga_top" / net "u_mcu/nmi" in ../../al_ip/MCU.v(74)
SYN-5014 WARNING: the net's pin: pin "nmi" in ../../al_ip/MCU.v(126)
SYN-5025 WARNING: Using 0 for all undriven pins and nets
SYN-1032 : 9672/259 useful/useless nets, 8434/403 useful/useless insts
SYN-1014 : Optimize round 1
SYN-1017 : Remove 4 const input seq instances
SYN-1002 :     u_ahb_foc_controller/reg1_syn_14
SYN-1002 :     u_ahb_foc_controller/reg22_syn_10
SYN-1002 :     u_ahb_foc_controller/u_foc_controller/u_adc_ad7928/reg2_syn_8
SYN-1002 :     u_ahb_foc_controller/u_foc_controller/u_foc_top/u_clark_tr/reg0_syn_2
SYN-1019 : Optimized 6 mux instances.
SYN-1021 : Optimized 958 onehot mux instances.
SYN-1020 : Optimized 1188 distributor mux.
SYN-1001 : Optimize 15 less-than instances
SYN-1019 : Optimized 4 mux instances.
SYN-1016 : Merged 1721 instances.
SYN-1015 : Optimize round 1, 8216 better
SYN-1014 : Optimize round 2
SYN-1044 : Optimized 2 inv instances.
SYN-1032 : 7065/86 useful/useless nets, 5827/1322 useful/useless insts
SYN-1017 : Remove 2 const input seq instances
SYN-1002 :     u_ahb_foc_controller/u_foc_controller/u_foc_top/u_svpwm/reg11_syn_12
SYN-1002 :     u_ahb_foc_controller/u_foc_controller/u_hall_encoder/reg2_syn_12
SYN-1019 : Optimized 1 mux instances.
SYN-1016 : Merged 16 instances.
SYN-1015 : Optimize round 2, 1408 better
SYN-1032 : 7054/0 useful/useless nets, 5816/9 useful/useless insts
SYN-3008 : Optimized 2 const1 DFF(s)
SYN-3003 : Optimized 1 equivalent DFF(s)
SYN-3003 : Optimized 1 equivalent DFF(s)
SYN-3003 : Optimized 1 equivalent DFF(s)
SYN-3003 : Optimized 1 equivalent DFF(s)
SYN-3003 : Optimized 3 equivalent DFF(s)
SYN-3004 : Optimized 21 const0 DFF(s)
SYN-1032 : 6959/95 useful/useless nets, 5738/48 useful/useless insts
SYN-1014 : Optimize round 1
SYN-1044 : Optimized 1 inv instances.
SYN-1032 : 6958/1 useful/useless nets, 5737/0 useful/useless insts
SYN-1015 : Optimize round 1, 16 better
SYN-1014 : Optimize round 2
SYN-1032 : 6957/6 useful/useless nets, 5737/0 useful/useless insts
SYN-1015 : Optimize round 2, 0 better
RUN-1003 : finish command "optimize_rtl" in  6.147113s wall, 2.453125s user + 0.234375s system = 2.687500s CPU (43.7%)

RUN-1004 : used memory is 209 MB, reserved memory is 181 MB, peak memory is 247 MB
RUN-1002 : start command "report_area -file FOC_Controller_rtl.area"
RUN-1001 : standard
***Report Model: fpga_top Device: SF1S60CG121I***

IO Statistics
#IO                        21
  #input                   10
  #output                  10
  #inout                    1

Gate Statistics
#Basic gates             3264
  #and                    285
  #nand                     0
  #or                     137
  #nor                      0
  #xor                      0
  #xnor                     0
  #buf                      0
  #not                     79
  #bufif1                   1
  #MX21                   187
  #FADD                     0
  #DFF                   2575
  #LATCH                    0
#MACRO_ADD                117
#MACRO_EQ                  62
#MACRO_MULT                11
#MACRO_MUX               2116
#MACRO_OTHERS              11

LUT Statistics
#Total_luts                75
  #lut4                    10
  #lut5                    21
  #lut6                     0
  #lut5_mx41                0
  #lut4_alu1b              44

Report Hierarchy Area:
+---------------------------------------------------------------------------+
|Instance                  |Module                  |gates  |seq    |macros |
+---------------------------------------------------------------------------+
|top                       |fpga_top                |689    |2575   |201    |
|  u_ahb_foc_controller    |ahb_foc_controller      |688    |2575   |194    |
|    u_foc_controller      |foc_controller          |523    |1522   |169    |
|      u_adc_ad7928        |adc_ad7928              |69     |76     |11     |
|      u_as5600_encoder    |as5600_encoder          |77     |73     |28     |
|        u_as5600_read     |i2c_register_read       |77     |61     |24     |
|      u_foc_top           |foc_top                 |346    |879    |102    |
|        u_adc_sn_ctrl     |hold_detect             |5      |10     |3      |
|        u_cartesian2polar |cartesian2polar         |38     |189    |24     |
|        u_clark_tr        |clark_tr                |0      |128    |11     |
|        u_id_feed_forward |feed_forward_controller |0      |1      |3      |
|        u_iq_feed_forward |feed_forward_controller |0      |1      |3      |
|        u_park_tr         |park_tr                 |14     |250    |16     |
|          u_sincos        |sincos                  |14     |88     |10     |
|        u_svpwm           |svpwm                   |284    |207    |30     |
|      u_hall_encoder      |hall_encoder            |30     |494    |28     |
|        u_divider         |Divider                 |0      |71     |0      |
|  u_mcu                   |MCU                     |0      |0      |6      |
|  u_pll                   |pll                     |0      |0      |1      |
+---------------------------------------------------------------------------+

RUN-1002 : start command "export_db FOC_Controller_rtl.db"
RUN-1001 : Exported /
RUN-1001 : Exported flow parameters
RUN-1001 : Exported libs
RUN-1001 : Exported entities
RUN-1001 : Exported ports
RUN-1001 : Exported pins
RUN-1001 : Exported instances
RUN-1001 : Exported nets
RUN-1001 : Exported buses
RUN-1001 : Exported models
RUN-1001 : Exported congestions
RUN-1001 : Exported violations
RUN-1001 : Exported IO constraints
RUN-1001 : Exported Inst constraints
RUN-1002 : start command "optimize_gate -maparea FOC_Controller_gate.area"
RUN-1001 : Open license file D:/Anlogic/TD5.6.2/license/Anlogic.lic
RUN-1001 : Print Global Property
RUN-1001 : ---------------------------------------------------------------
RUN-1001 :        Parameters        |  Settings  |  Default Values  |  Note  
RUN-1001 : ---------------------------------------------------------------
RUN-1001 :          message         |  standard  |     standard     |        
RUN-1001 :   mixed_pack_place_flow  |     on     |        on        |        
RUN-1001 :        qor_monitor       |    off     |       off        |        
RUN-1001 :        syn_ip_flow       |    off     |       off        |        
RUN-1001 :          thread          |    auto    |       auto       |        
RUN-1001 : ---------------------------------------------------------------
RUN-1001 : Print Gate Property
RUN-1001 : ------------------------------------------------------------------
RUN-1001 :          Parameters         |  Settings  |  Default Values  |  Note  
RUN-1001 : ------------------------------------------------------------------
RUN-1001 :         cascade_dsp         |    off     |       off        |        
RUN-1001 :         cascade_eram        |    off     |       off        |        
RUN-1001 :        gate_sim_model       |    off     |       off        |        
RUN-1001 :        map_sim_model        |    off     |       off        |        
RUN-1001 :         map_strategy        |     1      |        1         |        
RUN-1001 :           opt_area          |   medium   |      medium      |        
RUN-1001 :          opt_timing         |    auto    |       auto       |        
RUN-1001 :         pack_effort         |   medium   |      medium      |        
RUN-1001 :      pack_lslice_ripple     |     on     |        on        |        
RUN-1001 :   pack_lslice_ripple_ratio  |    0.5     |       0.5        |        
RUN-1001 :        pack_seq_in_io       |    auto    |       auto       |        
RUN-1001 :        ph1_mux_ratio        |    1.0     |       1.0        |        
RUN-1001 :            report           |  standard  |     standard     |        
RUN-1001 :           retiming          |    off     |       off        |        
RUN-1001 : ------------------------------------------------------------------
SYN-2002 : SF1_PHY_INTFLASH instance u_mcu/SF1_PHY_INTFLASH_inst.
SYN-2001 : Map 27 IOs to PADs
SYN-1032 : 6970/8 useful/useless nets, 5754/5 useful/useless insts
RUN-1002 : start command "update_pll_param -module fpga_top"
SYN-2501 : Processed 0 LOGIC_BUF instances.
SYN-2501 : 1 BUFG to GCLK
SYN-2501 : 1 MCU_JTAG to CONFIG
SYN-2512 : LOGIC BRAM "u_ahb_foc_controller/u_foc_controller/u_foc_top/u_cartesian2polar/mux4_syn_1"
SYN-2512 : LOGIC BRAM "u_ahb_foc_controller/u_foc_controller/u_foc_top/u_cartesian2polar/mux5_syn_1"
SYN-2512 : LOGIC BRAM "u_ahb_foc_controller/u_foc_controller/u_foc_top/u_park_tr/u_sincos/mux21_syn_1"
SYN-2512 : LOGIC BRAM "u_ahb_foc_controller/u_foc_controller/u_foc_top/u_svpwm/mux54_syn_1"
SYN-2571 : Map 11 macro multiplier
SYN-2571 : Optimize after map_dsp, round 1
SYN-1032 : 7065/65 useful/useless nets, 5812/2 useful/useless insts
SYN-1016 : Merged 9 instances.
SYN-2571 : Optimize after map_dsp, round 1, 46 better
SYN-2571 : Optimize after map_dsp, round 2
SYN-2571 : Optimize after map_dsp, round 2, 0 better
SYN-2571 : Map 1 macro multiplier
SYN-2571 : Map 1 macro multiplier
SYN-1001 : Throwback 23 control mux instances
SYN-2501 : Optimize round 1
SYN-1032 : 8031/213 useful/useless nets, 6810/213 useful/useless insts
SYN-1016 : Merged 892 instances.
SYN-2501 : Optimize round 1, 2219 better
SYN-2501 : Optimize round 2
SYN-2501 : Optimize round 2, 0 better
SYN-2501 : Map 118 macro adder
SYN-3001 : Mapper mapped 7 instances into 1 LUTs, name keeping = 100%.
SYN-3001 : Mapper mapped 7 instances into 1 LUTs, name keeping = 100%.
SYN-3001 : Mapper mapped 7 instances into 1 LUTs, name keeping = 100%.
SYN-3001 : Mapper mapped 7 instances into 1 LUTs, name keeping = 100%.
SYN-3001 : Mapper mapped 7 instances into 1 LUTs, name keeping = 100%.
SYN-3001 : Mapper mapped 7 instances into 1 LUTs, name keeping = 100%.
SYN-3001 : Mapper mapped 7 instances into 1 LUTs, name keeping = 100%.
SYN-3001 : Mapper mapped 7 instances into 1 LUTs, name keeping = 100%.
SYN-3001 : Mapper mapped 7 instances into 1 LUTs, name keeping = 100%.
SYN-3001 : Mapper mapped 7 instances into 1 LUTs, name keeping = 100%.
SYN-3001 : Mapper mapped 7 instances into 1 LUTs, name keeping = 100%.
SYN-3001 : Mapper mapped 7 instances into 1 LUTs, name keeping = 100%.
SYN-3001 : Mapper mapped 7 instances into 1 LUTs, name keeping = 100%.
SYN-3001 : Mapper mapped 7 instances into 1 LUTs, name keeping = 100%.
SYN-3001 : Mapper mapped 7 instances into 1 LUTs, name keeping = 100%.
SYN-3001 : Mapper mapped 7 instances into 1 LUTs, name keeping = 100%.
SYN-3001 : Mapper mapped 7 instances into 1 LUTs, name keeping = 100%.
SYN-3001 : Mapper mapped 7 instances into 1 LUTs, name keeping = 100%.
SYN-3001 : Mapper mapped 7 instances into 1 LUTs, name keeping = 100%.
SYN-2501 : Inferred 18 ROM instances
SYN-1019 : Optimized 118 mux instances.
SYN-1016 : Merged 106 instances.
SYN-1032 : 8981/90 useful/useless nets, 7761/7 useful/useless insts
SYN-3001 : Running gate level optimization.
SYN-2581 : Mapping with K=5, #lut = 1747 (3.83), #lev = 5 (2.77)
SYN-2551 : Post LUT mapping optimization.
SYN-2581 : Mapping with K=5, #lut = 1747 (3.83), #lev = 5 (2.77)
SYN-3001 : Logic optimization runtime opt =   0.39 sec, map =   0.00 sec
SYN-3001 : Mapper mapped 3476 instances into 1750 LUTs, name keeping = 62%.
RUN-1002 : start command "report_area -file FOC_Controller_gate.area"
RUN-1001 : standard
***Report Model: fpga_top Device: SF1S60CG121I***

IO Statistics
#IO                        21
  #input                   10
  #output                  10
  #inout                    1

LUT Statistics
#Total_luts              3545
  #lut4                  1280
  #lut5                   519
  #lut6                     0
  #lut5_mx41                0
  #lut4_alu1b            1746

Utilization Statistics
#lut                     3545   out of   5824   60.87%
#reg                     2362   out of   5824   40.56%
#le                         0
#dsp                       10   out of     10  100.00%
#bram                      11   out of     26   42.31%
  #bram9k                  11
  #fifo9k                   0
#hard-ip                    1
  #mcu                      1   out of      1  100.00%
  #dsc                      0   out of      1    0.00%
  #dsi                      0   out of      2    0.00%
  #psram controller         0   out of      2    0.00%
#pad                       21   out of     55   38.18%
  #ireg                     1
  #oreg                     8
  #treg                     1
#pll                        1   out of      2   50.00%

Report Hierarchy Area:
+------------------------------------------------------------------------------------------------+
|Instance                  |Module                  |lut     |ripple  |seq     |bram    |dsp     |
+------------------------------------------------------------------------------------------------+
|top                       |fpga_top                |1799    |1746    |2372    |11      |10      |
|  u_ahb_foc_controller    |ahb_foc_controller      |1798    |1531    |2362    |11      |10      |
|    u_foc_controller      |foc_controller          |1012    |1531    |1309    |11      |10      |
|      u_adc_ad7928        |adc_ad7928              |49      |91      |74      |0       |0       |
|      u_as5600_encoder    |as5600_encoder          |93      |186     |73      |0       |1       |
|        u_as5600_read     |i2c_register_read       |81      |160     |61      |0       |0       |
|      u_foc_top           |foc_top                 |687     |850     |668     |11      |8       |
|        u_adc_sn_ctrl     |hold_detect             |12      |8       |10      |0       |0       |
|        u_cartesian2polar |cartesian2polar         |314     |195     |182     |8       |1       |
|        u_clark_tr        |clark_tr                |0       |140     |96      |0       |0       |
|        u_id_feed_forward |feed_forward_controller |17      |100     |1       |0       |1       |
|        u_id_pi           |pi_controller           |1       |0       |0       |0       |0       |
|        u_iq_feed_forward |feed_forward_controller |17      |100     |1       |0       |1       |
|        u_iq_pi           |pi_controller           |1       |0       |0       |0       |0       |
|        u_park_tr         |park_tr                 |104     |125     |90      |2       |4       |
|          u_sincos        |sincos                  |104     |59      |56      |2       |0       |
|        u_svpwm           |svpwm                   |156     |116     |195     |1       |1       |
|      u_hall_encoder      |hall_encoder            |183     |404     |494     |0       |1       |
|        u_divider         |Divider                 |31      |44      |71      |0       |0       |
|  u_mcu                   |MCU                     |0       |0       |0       |0       |0       |
|  u_pll                   |pll                     |0       |0       |0       |0       |0       |
+------------------------------------------------------------------------------------------------+

SYN-1001 : Packing model "fpga_top" ...
SYN-4010 : Pack lib has 65 rtl pack models with 28 top pack blocks
SYN-1014 : Optimize round 1
SYN-1015 : Optimize round 1, 0 better
SYN-4002 : Packing 2362 DFF/LATCH to SEQ ...
SYN-4009 : Pack 50 carry chain into lslice
SYN-4007 : Packing 869 adder to BLE ...
SYN-4008 : Packed 869 adder and 21 SEQ to BLE.
SYN-4007 : Packing 0 gate4 to BLE ...
SYN-4008 : Packed 0 gate4 and 0 SEQ to BLE.
SYN-4012 : Packed 0 FxMUX
RUN-1003 : finish command "optimize_gate -maparea FOC_Controller_gate.area" in  3.764503s wall, 1.609375s user + 0.031250s system = 1.640625s CPU (43.6%)

RUN-1004 : used memory is 232 MB, reserved memory is 200 MB, peak memory is 281 MB
RUN-1002 : start command "legalize_phy_inst"
SYN-1011 : Flatten model fpga_top
SYN-5044 CRITICAL-WARNING: The net's pin: pin "apb_prdata[31]" in ../../al_ip/MCU.v(126) is connected to a constant net, which can not be set to hardwire. It will disconnect.
SYN-5044 CRITICAL-WARNING: The net's pin: pin "apb_prdata[30]" in ../../al_ip/MCU.v(126) is connected to a constant net, which can not be set to hardwire. It will disconnect.
SYN-5044 CRITICAL-WARNING: The net's pin: pin "apb_prdata[29]" in ../../al_ip/MCU.v(126) is connected to a constant net, which can not be set to hardwire. It will disconnect.
SYN-5044 CRITICAL-WARNING: The net's pin: pin "apb_prdata[28]" in ../../al_ip/MCU.v(126) is connected to a constant net, which can not be set to hardwire. It will disconnect.
SYN-5044 CRITICAL-WARNING: The net's pin: pin "apb_prdata[27]" in ../../al_ip/MCU.v(126) is connected to a constant net, which can not be set to hardwire. It will disconnect.
SYN-5044 CRITICAL-WARNING: The net's pin: pin "apb_prdata[26]" in ../../al_ip/MCU.v(126) is connected to a constant net, which can not be set to hardwire. It will disconnect.
SYN-5044 CRITICAL-WARNING: The net's pin: pin "apb_prdata[25]" in ../../al_ip/MCU.v(126) is connected to a constant net, which can not be set to hardwire. It will disconnect.
SYN-5044 CRITICAL-WARNING: The net's pin: pin "apb_prdata[24]" in ../../al_ip/MCU.v(126) is connected to a constant net, which can not be set to hardwire. It will disconnect.
SYN-5044 CRITICAL-WARNING: The net's pin: pin "apb_prdata[23]" in ../../al_ip/MCU.v(126) is connected to a constant net, which can not be set to hardwire. It will disconnect.
SYN-5044 CRITICAL-WARNING: The net's pin: pin "apb_prdata[22]" in ../../al_ip/MCU.v(126) is connected to a constant net, which can not be set to hardwire. It will disconnect.
SYN-5044 Similar messages will be suppressed.
RUN-1002 : start command "export_db FOC_Controller_gate.db"
RUN-1001 : Exported /
RUN-1001 : Exported flow parameters
RUN-1001 : Exported libs
RUN-1001 : Exported entities
RUN-1001 : Exported ports
RUN-1001 : Exported pins
RUN-1001 : Exported instances
RUN-1001 : Exported nets
RUN-1001 : Exported buses
RUN-1001 : Exported models
RUN-1001 : Exported congestions
RUN-1001 : Exported violations
RUN-1001 : Exported IO constraints
RUN-1001 : Exported Inst constraints
RUN-1002 : start command "backup_run_log run.log ../.logs/syn_1/td_20231110_160450.log"
