============================================================
   Tang Dynasty, V5.6.71036
      Copyright (c) 2012-2023 Anlogic Inc.
   Executable = D:/Anlogic/TD5.6.2/bin/td.exe
   Built at =   20:34:38 Mar 21 2023
   Run by =     15597
   Run Date =   Wed Nov  8 20:17:47 2023

   Run on =     XR097-DELL-G7
============================================================
RUN-1002 : start command "open_project FOC_Controller.prj"
RUN-1001 : Print Global Property
RUN-1001 : ---------------------------------------------------------------
RUN-1001 :        Parameters        |  Settings  |  Default Values  |  Note  
RUN-1001 : ---------------------------------------------------------------
RUN-1001 :          message         |  standard  |     standard     |        
RUN-1001 :   mixed_pack_place_flow  |     on     |        on        |        
RUN-1001 :        qor_monitor       |    off     |       off        |        
RUN-1001 :        syn_ip_flow       |    off     |       off        |        
RUN-1001 :          thread          |    auto    |       auto       |        
RUN-1001 : ---------------------------------------------------------------
RUN-1001 : Print Design Property
RUN-1001 : --------------------------------------------------------------
RUN-1001 :        Parameters       |  Settings  |  Default Values  |  Note  
RUN-1001 : --------------------------------------------------------------
RUN-1001 :   default_reg_initial   |    auto    |       auto       |        
RUN-1001 :        infer_add        |     on     |        on        |        
RUN-1001 :        infer_fsm        |    off     |       off        |        
RUN-1001 :        infer_mult       |     on     |        on        |        
RUN-1001 :        infer_ram        |     on     |        on        |        
RUN-1001 :        infer_reg        |     on     |        on        |        
RUN-1001 :   infer_reg_init_value  |     on     |        on        |        
RUN-1001 :        infer_rom        |     on     |        on        |        
RUN-1001 :      infer_shifter      |     on     |        on        |        
RUN-1001 : --------------------------------------------------------------
RUN-1001 : Print Rtl Property
RUN-1001 : --------------------------------------------------------------
RUN-1001 :        Parameters       |  Settings  |  Default Values  |  Note  
RUN-1001 : --------------------------------------------------------------
RUN-1001 :       compress_add      |   ripple   |      ripple      |        
RUN-1001 :        elf_sload        |    off     |       off        |        
RUN-1001 :       fix_undriven      |     0      |        0         |        
RUN-1001 :         flatten         |    off     |       off        |        
RUN-1001 :       gate_sharing      |     on     |        on        |        
RUN-1001 :    hdl_warning_level    |   normal   |      normal      |        
RUN-1001 :   impl_internal_tribuf  |     on     |        on        |        
RUN-1001 :      impl_set_reset     |     on     |        on        |        
RUN-1001 :        infer_gsr        |    off     |       off        |        
RUN-1001 :      keep_hierarchy     |    auto    |       auto       |        
RUN-1001 :        max_fanout       |    9999    |       9999       |        
RUN-1001 :      max_oh2bin_len     |     10     |        10        |        
RUN-1001 :       merge_equal       |     on     |        on        |        
RUN-1001 :       merge_equiv       |     on     |        on        |        
RUN-1001 :        merge_mux        |    off     |       off        |        
RUN-1001 :     min_control_set     |     8      |        8         |        
RUN-1001 :      min_ripple_len     |    auto    |       auto       |        
RUN-1001 :       oh2bin_ratio      |    0.08    |       0.08       |        
RUN-1001 :     opt_adder_fanout    |     on     |        on        |        
RUN-1001 :        opt_arith        |     on     |        on        |        
RUN-1001 :       opt_big_gate      |    off     |       off        |        
RUN-1001 :        opt_const        |     on     |        on        |        
RUN-1001 :      opt_const_mult     |     on     |        on        |        
RUN-1001 :       opt_lessthan      |     on     |        on        |        
RUN-1001 :         opt_mux         |    off     |       off        |        
RUN-1001 :         opt_ram         |    high    |       high       |        
RUN-1001 :      rtl_sim_model      |    off     |       off        |        
RUN-1001 :         seq_syn         |     on     |        on        |        
RUN-1001 : --------------------------------------------------------------
HDL-1007 : analyze verilog file ../../al_ip/pll.v
HDL-1007 : undeclared symbol 'open', assumed default net type 'wire' in ../../al_ip/pll.v(88)
HDL-1007 : analyze verilog file ../../RTL/uart_monitor.v
HDL-1007 : analyze verilog file ../../TOP_test.v
HDL-1007 : undeclared symbol 'S_id_aim', assumed default net type 'wire' in ../../TOP_test.v(132)
HDL-1007 : undeclared symbol 'S_iq_aim', assumed default net type 'wire' in ../../TOP_test.v(134)
RUN-1001 : Project manager successfully analyzed 3 source files.
RUN-1002 : start command "import_device sf1_6.db -package SF1S60CG121I"
ARC-1001 : Device Initialization.
ARC-1001 : -------------------------------------------------
ARC-1001 :       OPTION       |      IO       |   SETTING   
ARC-1001 : -------------------------------------------------
ARC-1001 :        done        |      B4       |    gpio    
ARC-1001 :        initn       |      A5       |    gpio    
ARC-1001 :       jtagen       |      B7       |    gpio    
ARC-1001 :      programn      |      B5       |  dedicate  
ARC-1001 :   tdi/tms/tck/tdo  |  C4/A6/A7/C5  |  dedicate  
ARC-1001 : -------------------------------------------------
ARC-1004 : Device setting, marked 5 dedicate IOs in total.
RUN-1002 : start command "elaborate -top TOP_test"
RUN-1001 : Print Design Property
RUN-1001 : --------------------------------------------------------------
RUN-1001 :        Parameters       |  Settings  |  Default Values  |  Note  
RUN-1001 : --------------------------------------------------------------
RUN-1001 :   default_reg_initial   |    auto    |       auto       |        
RUN-1001 :        infer_add        |     on     |        on        |        
RUN-1001 :        infer_fsm        |    off     |       off        |        
RUN-1001 :        infer_mult       |     on     |        on        |        
RUN-1001 :        infer_ram        |     on     |        on        |        
RUN-1001 :        infer_reg        |     on     |        on        |        
RUN-1001 :   infer_reg_init_value  |     on     |        on        |        
RUN-1001 :        infer_rom        |     on     |        on        |        
RUN-1001 :      infer_shifter      |     on     |        on        |        
RUN-1001 : --------------------------------------------------------------
RUN-1001 : Print Rtl Property
RUN-1001 : --------------------------------------------------------------
RUN-1001 :        Parameters       |  Settings  |  Default Values  |  Note  
RUN-1001 : --------------------------------------------------------------
RUN-1001 :       compress_add      |   ripple   |      ripple      |        
RUN-1001 :        elf_sload        |    off     |       off        |        
RUN-1001 :       fix_undriven      |     0      |        0         |        
RUN-1001 :         flatten         |    off     |       off        |        
RUN-1001 :       gate_sharing      |     on     |        on        |        
RUN-1001 :    hdl_warning_level    |   normal   |      normal      |        
RUN-1001 :   impl_internal_tribuf  |     on     |        on        |        
RUN-1001 :      impl_set_reset     |     on     |        on        |        
RUN-1001 :        infer_gsr        |    off     |       off        |        
RUN-1001 :      keep_hierarchy     |    auto    |       auto       |        
RUN-1001 :        max_fanout       |    9999    |       9999       |        
RUN-1001 :      max_oh2bin_len     |     10     |        10        |        
RUN-1001 :       merge_equal       |     on     |        on        |        
RUN-1001 :       merge_equiv       |     on     |        on        |        
RUN-1001 :        merge_mux        |    off     |       off        |        
RUN-1001 :     min_control_set     |     8      |        8         |        
RUN-1001 :      min_ripple_len     |    auto    |       auto       |        
RUN-1001 :       oh2bin_ratio      |    0.08    |       0.08       |        
RUN-1001 :     opt_adder_fanout    |     on     |        on        |        
RUN-1001 :        opt_arith        |     on     |        on        |        
RUN-1001 :       opt_big_gate      |    off     |       off        |        
RUN-1001 :        opt_const        |     on     |        on        |        
RUN-1001 :      opt_const_mult     |     on     |        on        |        
RUN-1001 :       opt_lessthan      |     on     |        on        |        
RUN-1001 :         opt_mux         |    off     |       off        |        
RUN-1001 :         opt_ram         |    high    |       high       |        
RUN-1001 :      rtl_sim_model      |    off     |       off        |        
RUN-1001 :         seq_syn         |     on     |        on        |        
RUN-1001 : --------------------------------------------------------------
RUN-1001 : Print Global Property
RUN-1001 : ---------------------------------------------------------------
RUN-1001 :        Parameters        |  Settings  |  Default Values  |  Note  
RUN-1001 : ---------------------------------------------------------------
RUN-1001 :          message         |  standard  |     standard     |        
RUN-1001 :   mixed_pack_place_flow  |     on     |        on        |        
RUN-1001 :        qor_monitor       |    off     |       off        |        
RUN-1001 :        syn_ip_flow       |    off     |       off        |        
RUN-1001 :          thread          |    auto    |       auto       |        
RUN-1001 : ---------------------------------------------------------------
RUN-1001 : Print Design Property
RUN-1001 : --------------------------------------------------------------
RUN-1001 :        Parameters       |  Settings  |  Default Values  |  Note  
RUN-1001 : --------------------------------------------------------------
RUN-1001 :   default_reg_initial   |    auto    |       auto       |        
RUN-1001 :        infer_add        |     on     |        on        |        
RUN-1001 :        infer_fsm        |    off     |       off        |        
RUN-1001 :        infer_mult       |     on     |        on        |        
RUN-1001 :        infer_ram        |     on     |        on        |        
RUN-1001 :        infer_reg        |     on     |        on        |        
RUN-1001 :   infer_reg_init_value  |     on     |        on        |        
RUN-1001 :        infer_rom        |     on     |        on        |        
RUN-1001 :      infer_shifter      |     on     |        on        |        
RUN-1001 : --------------------------------------------------------------
HDL-1007 : elaborate module TOP_test in ../../TOP_test.v(1)
HDL-1007 : elaborate module pll in ../../al_ip/pll.v(23)
HDL-1007 : elaborate module SF1_LOGIC_BUFG in D:/Anlogic/TD5.6.2/arch/sf1_macro.v(8)
HDL-1007 : elaborate module SF1_PHY_PLL(FIN="25.000",FBCLK_DIV=4,CLKC0_DIV=10,CLKC1_DIV=25,CLKC0_ENABLE="ENABLE",CLKC1_ENABLE="ENABLE",FEEDBK_PATH="CLKC0_EXT",STDBY_ENABLE="DISABLE",CLKC0_CPHASE=9,CLKC1_CPHASE=24,GMC_GAIN=2,GMC_TEST=9,ICP_CURRENT=9,KVCO=2,LPF_CAPACITOR=1,LPF_RESISTOR=8,SYNC_ENABLE="DISABLE",OFFSET_MODE="EXT",CLKC0_DUTY=0.5,CLKC1_DUTY=0.5,CLKC0_DUTY_INT=5,CLKC1_DUTY_INT=13) in D:/Anlogic/TD5.6.2/arch/sf1_macro.v(1354)
HDL-1007 : elaborate module uart_monitor(CLK_DIV=16'b0101011011) in ../../RTL/uart_monitor.v(9)
HDL-5007 WARNING: actual bit length 1 differs from formal bit length 16 for port 'i_val1' in ../../TOP_test.v(132)
HDL-5007 WARNING: actual bit length 1 differs from formal bit length 16 for port 'i_val3' in ../../TOP_test.v(134)
HDL-5007 WARNING: net 'S_idq_update' does not have a driver in ../../TOP_test.v(78)
HDL-5007 WARNING: net 'S_id[15]' does not have a driver in ../../TOP_test.v(79)
HDL-5007 WARNING: net 'S_iq[15]' does not have a driver in ../../TOP_test.v(80)
HDL-5007 WARNING: net 'S_id_aim' does not have a driver in ../../TOP_test.v(132)
HDL-5007 WARNING: net 'S_iq_aim' does not have a driver in ../../TOP_test.v(134)
HDL-5001 WARNING: Contains anonymous inst(s) and/or net(s) that have not been renamed
HDL-1200 : Current top model is TOP_test
HDL-1100 : Inferred 0 RAMs.
RUN-1002 : start command "export_db FOC_Controller_elaborate.db"
RUN-1001 : Exported /
RUN-1001 : Exported flow parameters
RUN-1001 : Exported libs
RUN-1001 : Exported entities
RUN-1001 : Exported ports
RUN-1001 : Exported pins
RUN-1001 : Exported instances
RUN-1001 : Exported nets
RUN-1001 : Exported buses
RUN-1001 : Exported models
RUN-1001 : Exported congestions
RUN-1001 : Exported violations
RUN-1001 : Exported IO constraints
RUN-1001 : Exported Inst constraints
RUN-1002 : start command "read_adc ../../test.adc"
RUN-1002 : start command "set_pin_assignment  IO_i2c_sda   LOCATION = H3; IOSTANDARD = LVCMOS18; DRIVESTRENGTH = 8; PULLTYPE = PULLUP; "
RUN-1002 : start command "set_pin_assignment  I_clk_25m   LOCATION = D7; IOSTANDARD = LVCMOS18; PULLTYPE = PULLUP; "
RUN-1002 : start command "set_pin_assignment  I_hall_u   LOCATION = G10; IOSTANDARD = LVCMOS18; PULLTYPE = PULLUP; "
RUN-1002 : start command "set_pin_assignment  I_hall_v   LOCATION = H11; IOSTANDARD = LVCMOS18; PULLTYPE = PULLUP; "
RUN-1002 : start command "set_pin_assignment  I_hall_w   LOCATION = H10; IOSTANDARD = LVCMOS18; PULLTYPE = PULLUP; "
RUN-1002 : start command "set_pin_assignment  I_rstn   LOCATION = J2; IOSTANDARD = LVCMOS18; PULLTYPE = PULLUP; "
RUN-1002 : start command "set_pin_assignment  I_spi_miso   LOCATION = B9; IOSTANDARD = LVCMOS18; PULLTYPE = PULLUP; "
RUN-1002 : start command "set_pin_assignment  O_i2c_scl   LOCATION = G3; IOSTANDARD = LVCMOS18; DRIVESTRENGTH = 8; PULLTYPE = NONE; "
RUN-1002 : start command "set_pin_assignment  O_pwm_a   LOCATION = C10; IOSTANDARD = LVCMOS18; DRIVESTRENGTH = 8; PULLTYPE = NONE; "
RUN-1002 : start command "set_pin_assignment  O_pwm_b   LOCATION = C11; IOSTANDARD = LVCMOS18; DRIVESTRENGTH = 8; PULLTYPE = NONE; "
RUN-1002 : start command "set_pin_assignment  O_pwm_c   LOCATION = E11; IOSTANDARD = LVCMOS18; DRIVESTRENGTH = 8; PULLTYPE = NONE; "
RUN-1002 : start command "set_pin_assignment  O_pwm_en   LOCATION = F11; IOSTANDARD = LVCMOS18; DRIVESTRENGTH = 8; PULLTYPE = NONE; "
RUN-1002 : start command "set_pin_assignment  O_spi_mosi   LOCATION = B8; IOSTANDARD = LVCMOS18; DRIVESTRENGTH = 8; PULLTYPE = NONE; "
RUN-1002 : start command "set_pin_assignment  O_spi_sck   LOCATION = A9; IOSTANDARD = LVCMOS18; DRIVESTRENGTH = 8; PULLTYPE = NONE; "
RUN-1002 : start command "set_pin_assignment  O_spi_ss   LOCATION = A8; IOSTANDARD = LVCMOS18; DRIVESTRENGTH = 8; PULLTYPE = NONE; "
RUN-1002 : start command "set_pin_assignment  O_uart_tx   LOCATION = A4; IOSTANDARD = LVCMOS18; DRIVESTRENGTH = 8; PULLTYPE = NONE; "
RUN-1002 : start command "set_pin_assignment  key1   LOCATION = H2; IOSTANDARD = LVCMOS18; PULLTYPE = PULLUP; "
RUN-1002 : start command "set_pin_assignment  key2   LOCATION = J4; IOSTANDARD = LVCMOS18; PULLTYPE = PULLUP; "
RUN-1001 : Starting of IO setups legality check.
RUN-1001 : Starting of IO setups legality check.
RUN-1001 : Starting of IO vref setups legality check.
RUN-1002 : start command "optimize_rtl"
RUN-1001 : Open license file D:/Anlogic/TD5.6.2/license/Anlogic.lic
RUN-1001 : Print Global Property
RUN-1001 : ---------------------------------------------------------------
RUN-1001 :        Parameters        |  Settings  |  Default Values  |  Note  
RUN-1001 : ---------------------------------------------------------------
RUN-1001 :          message         |  standard  |     standard     |        
RUN-1001 :   mixed_pack_place_flow  |     on     |        on        |        
RUN-1001 :        qor_monitor       |    off     |       off        |        
RUN-1001 :        syn_ip_flow       |    off     |       off        |        
RUN-1001 :          thread          |    auto    |       auto       |        
RUN-1001 : ---------------------------------------------------------------
RUN-1001 : Print Rtl Property
RUN-1001 : --------------------------------------------------------------
RUN-1001 :        Parameters       |  Settings  |  Default Values  |  Note  
RUN-1001 : --------------------------------------------------------------
RUN-1001 :       compress_add      |   ripple   |      ripple      |        
RUN-1001 :        elf_sload        |    off     |       off        |        
RUN-1001 :       fix_undriven      |     0      |        0         |        
RUN-1001 :         flatten         |    off     |       off        |        
RUN-1001 :       gate_sharing      |     on     |        on        |        
RUN-1001 :    hdl_warning_level    |   normal   |      normal      |        
RUN-1001 :   impl_internal_tribuf  |     on     |        on        |        
RUN-1001 :      impl_set_reset     |     on     |        on        |        
RUN-1001 :        infer_gsr        |    off     |       off        |        
RUN-1001 :      keep_hierarchy     |    auto    |       auto       |        
RUN-1001 :        max_fanout       |    9999    |       9999       |        
RUN-1001 :      max_oh2bin_len     |     10     |        10        |        
RUN-1001 :       merge_equal       |     on     |        on        |        
RUN-1001 :       merge_equiv       |     on     |        on        |        
RUN-1001 :        merge_mux        |    off     |       off        |        
RUN-1001 :     min_control_set     |     8      |        8         |        
RUN-1001 :      min_ripple_len     |    auto    |       auto       |        
RUN-1001 :       oh2bin_ratio      |    0.08    |       0.08       |        
RUN-1001 :     opt_adder_fanout    |     on     |        on        |        
RUN-1001 :        opt_arith        |     on     |        on        |        
RUN-1001 :       opt_big_gate      |    off     |       off        |        
RUN-1001 :        opt_const        |     on     |        on        |        
RUN-1001 :      opt_const_mult     |     on     |        on        |        
RUN-1001 :       opt_lessthan      |     on     |        on        |        
RUN-1001 :         opt_mux         |    off     |       off        |        
RUN-1001 :         opt_ram         |    high    |       high       |        
RUN-1001 :      rtl_sim_model      |    off     |       off        |        
RUN-1001 :         seq_syn         |     on     |        on        |        
RUN-1001 : --------------------------------------------------------------
SYN-1012 : SanityCheck: Model "TOP_test"
SYN-1012 : SanityCheck: Model "pll"
SYN-1012 : SanityCheck: Model "uart_monitor(CLK_DIV=16'b0101011011)"
SYN-1043 : Mark pll as IO macro for instance bufg_feedback
SYN-1011 : Flatten model TOP_test
SYN-1032 : 1810/294 useful/useless nets, 787/38 useful/useless insts
SYN-1001 : Optimize 33 less-than instances
SYN-1016 : Merged 373 instances.
SYN-1032 : 632/636 useful/useless nets, 183/254 useful/useless insts
SYN-1016 : Merged 115 instances.
SYN-5013 WARNING: Undriven net: model "TOP_test" / net "u_uart_monitor/i_val0[8]" in ../../RTL/uart_monitor.v(15)
SYN-5014 WARNING: the net's pin: pin "i0" in ../../RTL/uart_monitor.v(78)
SYN-5013 WARNING: Undriven net: model "TOP_test" / net "u_uart_monitor/i_val0[0]" in ../../RTL/uart_monitor.v(15)
SYN-5014 WARNING: the net's pin: pin "i0" in ../../RTL/uart_monitor.v(78)
SYN-5013 WARNING: Undriven net: model "TOP_test" / net "u_uart_monitor/i_val1[0]" in ../../RTL/uart_monitor.v(16)
SYN-5014 WARNING: the net's pin: pin "i1" in ../../RTL/uart_monitor.v(78)
SYN-5013 WARNING: Undriven net: model "TOP_test" / net "u_uart_monitor/i_val2[8]" in ../../RTL/uart_monitor.v(17)
SYN-5014 WARNING: the net's pin: pin "i2" in ../../RTL/uart_monitor.v(78)
SYN-5013 WARNING: Undriven net: model "TOP_test" / net "u_uart_monitor/i_val2[0]" in ../../RTL/uart_monitor.v(17)
SYN-5014 WARNING: the net's pin: pin "i2" in ../../RTL/uart_monitor.v(78)
SYN-5013 WARNING: Undriven net: model "TOP_test" / net "u_uart_monitor/i_val3[0]" in ../../RTL/uart_monitor.v(18)
SYN-5014 WARNING: the net's pin: pin "i3" in ../../RTL/uart_monitor.v(78)
SYN-5013 WARNING: Undriven net: model "TOP_test" / net "u_uart_monitor/i_en" in ../../RTL/uart_monitor.v(14)
SYN-5014 WARNING: the net's pin: pin "sel" in ../../RTL/uart_monitor.v(75)
SYN-5014 WARNING: the net's pin: pin "sel" in ../../RTL/uart_monitor.v(75)
SYN-5014 WARNING: the net's pin: pin "sel" in ../../RTL/uart_monitor.v(75)
SYN-5025 WARNING: Using 0 for all undriven pins and nets
SYN-1032 : 487/38 useful/useless nets, 421/57 useful/useless insts
SYN-1014 : Optimize round 1
SYN-1017 : Remove 1 const input seq instances
SYN-1002 :     u_uart_monitor/reg0_syn_11
SYN-1019 : Optimized 5 mux instances.
SYN-1021 : Optimized 9 onehot mux instances.
SYN-1020 : Optimized 28 distributor mux.
SYN-1001 : Optimize 2 less-than instances
SYN-1019 : Optimized 22 mux instances.
SYN-1016 : Merged 35 instances.
SYN-1015 : Optimize round 1, 304 better
SYN-1014 : Optimize round 2
SYN-1044 : Optimized 1 inv instances.
SYN-1032 : 382/26 useful/useless nets, 322/36 useful/useless insts
SYN-1017 : Remove 9 const input seq instances
SYN-1002 :     u_uart_monitor/reg10_syn_13
SYN-1002 :     u_uart_monitor/reg2_syn_2
SYN-1002 :     u_uart_monitor/reg6_syn_48
SYN-1002 :     u_uart_monitor/reg7_syn_10
SYN-1002 :     u_uart_monitor/reg6_syn_40
SYN-1002 :     u_uart_monitor/reg6_syn_32
SYN-1002 :     u_uart_monitor/reg6_syn_24
SYN-1002 :     u_uart_monitor/reg6_syn_16
SYN-1002 :     u_uart_monitor/reg6_syn_8
SYN-1019 : Optimized 16 mux instances.
SYN-1020 : Optimized 1 distributor mux.
SYN-1016 : Merged 5 instances.
SYN-1015 : Optimize round 2, 102 better
SYN-1032 : 336/1 useful/useless nets, 290/5 useful/useless insts
SYN-3003 : Optimized 1 equivalent DFF(s)
SYN-3004 : Optimized 83 const0 DFF(s)
SYN-1032 : 45/291 useful/useless nets, 41/165 useful/useless insts
SYN-1014 : Optimize round 1
SYN-1019 : Optimized 7 mux instances.
SYN-1016 : Merged 10 instances.
SYN-1015 : Optimize round 1, 31 better
SYN-1014 : Optimize round 2
SYN-1032 : 10/8 useful/useless nets, 6/4 useful/useless insts
SYN-1017 : Remove 1 const input seq instances
SYN-1002 :     u_uart_monitor/o_uart_tx_reg
SYN-1015 : Optimize round 2, 11 better
SYN-1014 : Optimize round 3
SYN-1015 : Optimize round 3, 0 better
RUN-1002 : start command "report_area -file FOC_Controller_rtl.area"
RUN-1001 : standard
***Report Model: TOP_test Device: SF1S60CG121I***

IO Statistics
#IO                        18
  #input                    8
  #output                   9
  #inout                    1

Gate Statistics
#Basic gates                1
  #and                      0
  #nand                     0
  #or                       0
  #nor                      0
  #xor                      0
  #xnor                     0
  #buf                      0
  #not                      1
  #bufif1                   0
  #MX21                     0
  #FADD                     0
  #DFF                      0
  #LATCH                    0
#MACRO_OTHERS               1

Report Hierarchy Area:
+-------------------------------------------+
|Instance |Module   |gates  |seq    |macros |
+-------------------------------------------+
|top      |TOP_test |1      |0      |1      |
|  u_pll  |pll      |0      |0      |1      |
+-------------------------------------------+

RUN-1002 : start command "export_db FOC_Controller_rtl.db"
RUN-1001 : Exported /
RUN-1001 : Exported flow parameters
RUN-1001 : Exported libs
RUN-1001 : Exported entities
RUN-1001 : Exported ports
RUN-1001 : Exported pins
RUN-1001 : Exported instances
RUN-1001 : Exported nets
RUN-1001 : Exported buses
RUN-1001 : Exported models
RUN-1001 : Exported congestions
RUN-1001 : Exported violations
RUN-1001 : Exported IO constraints
RUN-1001 : Exported Inst constraints
RUN-1002 : start command "optimize_gate -maparea FOC_Controller_gate.area"
RUN-1001 : Open license file D:/Anlogic/TD5.6.2/license/Anlogic.lic
RUN-1001 : Print Global Property
RUN-1001 : ---------------------------------------------------------------
RUN-1001 :        Parameters        |  Settings  |  Default Values  |  Note  
RUN-1001 : ---------------------------------------------------------------
RUN-1001 :          message         |  standard  |     standard     |        
RUN-1001 :   mixed_pack_place_flow  |     on     |        on        |        
RUN-1001 :        qor_monitor       |    off     |       off        |        
RUN-1001 :        syn_ip_flow       |    off     |       off        |        
RUN-1001 :          thread          |    auto    |       auto       |        
RUN-1001 : ---------------------------------------------------------------
RUN-1001 : Print Gate Property
RUN-1001 : ------------------------------------------------------------------
RUN-1001 :          Parameters         |  Settings  |  Default Values  |  Note  
RUN-1001 : ------------------------------------------------------------------
RUN-1001 :         cascade_dsp         |    off     |       off        |        
RUN-1001 :         cascade_eram        |    off     |       off        |        
RUN-1001 :        gate_sim_model       |    off     |       off        |        
RUN-1001 :        map_sim_model        |    off     |       off        |        
RUN-1001 :         map_strategy        |     1      |        1         |        
RUN-1001 :           opt_area          |   medium   |      medium      |        
RUN-1001 :          opt_timing         |    auto    |       auto       |        
RUN-1001 :         pack_effort         |   medium   |      medium      |        
RUN-1001 :      pack_lslice_ripple     |     on     |        on        |        
RUN-1001 :   pack_lslice_ripple_ratio  |    0.5     |       0.5        |        
RUN-1001 :        pack_seq_in_io       |    auto    |       auto       |        
RUN-1001 :        ph1_mux_ratio        |    1.0     |       1.0        |        
RUN-1001 :            report           |  standard  |     standard     |        
RUN-1001 :           retiming          |    off     |       off        |        
RUN-1001 : ------------------------------------------------------------------
SYN-2001 : Map 18 IOs to PADs
RUN-1002 : start command "update_pll_param -module TOP_test"
SYN-2501 : Processed 0 LOGIC_BUF instances.
SYN-2501 : 1 BUFG to GCLK
SYN-2571 : Optimize after map_dsp, round 1
SYN-2571 : Optimize after map_dsp, round 1, 0 better
SYN-2501 : Optimize round 1
SYN-2501 : Optimize round 1, 0 better
SYN-3001 : Running gate level optimization.
SYN-2581 : Mapping with K=0, #lut = 0 (0.00), #lev = 0 (0.00)
SYN-2551 : Post LUT mapping optimization.
SYN-2581 : Mapping with K=0, #lut = 0 (0.00), #lev = 0 (0.00)
SYN-3001 : Logic optimization runtime opt =   0.00 sec, map =   0.00 sec
SYN-3001 : Mapper mapped 1 instances into 1 LUTs, name keeping = 100%.
RUN-1002 : start command "report_area -file FOC_Controller_gate.area"
RUN-1001 : standard
***Report Model: TOP_test Device: SF1S60CG121I***

IO Statistics
#IO                        18
  #input                    8
  #output                   9
  #inout                    1

LUT Statistics
#Total_luts                 1
  #lut4                     1
  #lut5                     0
  #lut6                     0
  #lut5_mx41                0
  #lut4_alu1b               0

Utilization Statistics
#lut                        1   out of   5824    0.02%
#reg                        0   out of   5824    0.00%
#le                         0
#dsp                        0   out of     10    0.00%
#bram                       0   out of     26    0.00%
  #bram9k                   0
  #fifo9k                   0
#hard-ip                    0
  #mcu                      0   out of      1    0.00%
  #dsc                      0   out of      1    0.00%
  #dsi                      0   out of      2    0.00%
  #psram controller         0   out of      2    0.00%
#pad                       18   out of     55   32.73%
  #ireg                     0
  #oreg                     0
  #treg                     0
#pll                        1   out of      2   50.00%

Report Hierarchy Area:
+----------------------------------------------------------------+
|Instance |Module   |lut     |ripple  |seq     |bram    |dsp     |
+----------------------------------------------------------------+
|top      |TOP_test |1       |0       |0       |0       |0       |
|  u_pll  |pll      |0       |0       |0       |0       |0       |
+----------------------------------------------------------------+

SYN-1001 : Packing model "TOP_test" ...
SYN-4010 : Pack lib has 65 rtl pack models with 28 top pack blocks
SYN-1014 : Optimize round 1
SYN-1015 : Optimize round 1, 0 better
SYN-4002 : Packing 0 DFF/LATCH to SEQ ...
SYN-4009 : Pack 0 carry chain into lslice
SYN-4007 : Packing 0 adder to BLE ...
SYN-4008 : Packed 0 adder and 0 SEQ to BLE.
SYN-4007 : Packing 0 gate4 to BLE ...
SYN-4008 : Packed 0 gate4 and 0 SEQ to BLE.
SYN-4012 : Packed 0 FxMUX
RUN-1002 : start command "legalize_phy_inst"
SYN-1011 : Flatten model TOP_test
RUN-1002 : start command "export_db FOC_Controller_gate.db"
RUN-1001 : Exported /
RUN-1001 : Exported flow parameters
RUN-1001 : Exported libs
RUN-1001 : Exported entities
RUN-1001 : Exported ports
RUN-1001 : Exported pins
RUN-1001 : Exported instances
RUN-1001 : Exported nets
RUN-1001 : Exported buses
RUN-1001 : Exported models
RUN-1001 : Exported congestions
RUN-1001 : Exported violations
RUN-1001 : Exported IO constraints
RUN-1001 : Exported Inst constraints
RUN-1002 : start command "backup_run_log run.log ../.logs/syn_1/td_20231108_201746.log"
