============================================================
   Tang Dynasty, V5.6.71036
      Copyright (c) 2012-2023 Anlogic Inc.
   Executable = D:/Anlogic/TD5.6.2/bin/td.exe
   Built at =   20:34:38 Mar 21 2023
   Run by =     15597
   Run Date =   Fri Nov 10 02:57:03 2023

   Run on =     XR097-DELL-G7
============================================================
RUN-1002 : start command "open_project FOC_Controller.prj"
RUN-1001 : Print Global Property
RUN-1001 : ---------------------------------------------------------------
RUN-1001 :        Parameters        |  Settings  |  Default Values  |  Note  
RUN-1001 : ---------------------------------------------------------------
RUN-1001 :          message         |  standard  |     standard     |        
RUN-1001 :   mixed_pack_place_flow  |     on     |        on        |        
RUN-1001 :        qor_monitor       |    off     |       off        |        
RUN-1001 :        syn_ip_flow       |    off     |       off        |        
RUN-1001 :          thread          |    auto    |       auto       |        
RUN-1001 : ---------------------------------------------------------------
RUN-1001 : Print Design Property
RUN-1001 : --------------------------------------------------------------
RUN-1001 :        Parameters       |  Settings  |  Default Values  |  Note  
RUN-1001 : --------------------------------------------------------------
RUN-1001 :   default_reg_initial   |    auto    |       auto       |        
RUN-1001 :        infer_add        |     on     |        on        |        
RUN-1001 :        infer_fsm        |    off     |       off        |        
RUN-1001 :        infer_mult       |     on     |        on        |        
RUN-1001 :        infer_ram        |     on     |        on        |        
RUN-1001 :        infer_reg        |     on     |        on        |        
RUN-1001 :   infer_reg_init_value  |     on     |        on        |        
RUN-1001 :        infer_rom        |     on     |        on        |        
RUN-1001 :      infer_shifter      |     on     |        on        |        
RUN-1001 : --------------------------------------------------------------
RUN-1001 : Print Rtl Property
RUN-1001 : --------------------------------------------------------------
RUN-1001 :        Parameters       |  Settings  |  Default Values  |  Note  
RUN-1001 : --------------------------------------------------------------
RUN-1001 :       compress_add      |   ripple   |      ripple      |        
RUN-1001 :        elf_sload        |    off     |       off        |        
RUN-1001 :       fix_undriven      |     0      |        0         |        
RUN-1001 :         flatten         |    off     |       off        |        
RUN-1001 :       gate_sharing      |     on     |        on        |        
RUN-1001 :    hdl_warning_level    |   normal   |      normal      |        
RUN-1001 :   impl_internal_tribuf  |     on     |        on        |        
RUN-1001 :      impl_set_reset     |     on     |        on        |        
RUN-1001 :        infer_gsr        |    off     |       off        |        
RUN-1001 :      keep_hierarchy     |    auto    |       auto       |        
RUN-1001 :        max_fanout       |    9999    |       9999       |        
RUN-1001 :      max_oh2bin_len     |     10     |        10        |        
RUN-1001 :       merge_equal       |     on     |        on        |        
RUN-1001 :       merge_equiv       |     on     |        on        |        
RUN-1001 :        merge_mux        |    off     |       off        |        
RUN-1001 :     min_control_set     |     8      |        8         |        
RUN-1001 :      min_ripple_len     |    auto    |       auto       |        
RUN-1001 :       oh2bin_ratio      |    0.08    |       0.08       |        
RUN-1001 :     opt_adder_fanout    |     on     |        on        |        
RUN-1001 :        opt_arith        |     on     |        on        |        
RUN-1001 :       opt_big_gate      |    off     |       off        |        
RUN-1001 :        opt_const        |     on     |        on        |        
RUN-1001 :      opt_const_mult     |     on     |        on        |        
RUN-1001 :       opt_lessthan      |     on     |        on        |        
RUN-1001 :         opt_mux         |    off     |       off        |        
RUN-1001 :         opt_ram         |    high    |       high       |        
RUN-1001 :      rtl_sim_model      |    off     |       off        |        
RUN-1001 :         seq_syn         |     on     |        on        |        
RUN-1001 : --------------------------------------------------------------
HDL-1007 : analyze verilog file ../../al_ip/pll.v
HDL-1007 : undeclared symbol 'open', assumed default net type 'wire' in ../../al_ip/pll.v(88)
HDL-1007 : analyze verilog file ../../al_ip/MCU.v
HDL-1007 : analyze verilog file ../../al_ip/divider_gate.v
HDL-1007 : undeclared symbol 'open_n2', assumed default net type 'wire' in ../../al_ip/divider_gate.v(209)
HDL-1007 : undeclared symbol 'open_n3', assumed default net type 'wire' in ../../al_ip/divider_gate.v(216)
HDL-1007 : undeclared symbol 'open_n4', assumed default net type 'wire' in ../../al_ip/divider_gate.v(223)
HDL-1007 : undeclared symbol 'open_n5', assumed default net type 'wire' in ../../al_ip/divider_gate.v(230)
HDL-1007 : undeclared symbol 'open_n6', assumed default net type 'wire' in ../../al_ip/divider_gate.v(237)
HDL-1007 : undeclared symbol 'open_n7', assumed default net type 'wire' in ../../al_ip/divider_gate.v(244)
HDL-1007 : undeclared symbol 'open_n8', assumed default net type 'wire' in ../../al_ip/divider_gate.v(251)
HDL-1007 : undeclared symbol 'open_n9', assumed default net type 'wire' in ../../al_ip/divider_gate.v(258)
HDL-1007 : undeclared symbol 'open_n10', assumed default net type 'wire' in ../../al_ip/divider_gate.v(265)
HDL-1007 : undeclared symbol 'open_n11', assumed default net type 'wire' in ../../al_ip/divider_gate.v(272)
HDL-1007 : undeclared symbol 'open_n12', assumed default net type 'wire' in ../../al_ip/divider_gate.v(279)
HDL-1007 : undeclared symbol 'open_n13', assumed default net type 'wire' in ../../al_ip/divider_gate.v(286)
HDL-1007 : undeclared symbol 'open_n14', assumed default net type 'wire' in ../../al_ip/divider_gate.v(293)
HDL-1007 : undeclared symbol 'open_n15', assumed default net type 'wire' in ../../al_ip/divider_gate.v(300)
HDL-1007 : undeclared symbol 'open_n16', assumed default net type 'wire' in ../../al_ip/divider_gate.v(307)
HDL-1007 : undeclared symbol 'open_n17', assumed default net type 'wire' in ../../al_ip/divider_gate.v(314)
HDL-1007 : undeclared symbol 'open_n18', assumed default net type 'wire' in ../../al_ip/divider_gate.v(321)
HDL-1007 : undeclared symbol 'open_n19', assumed default net type 'wire' in ../../al_ip/divider_gate.v(328)
HDL-1007 : undeclared symbol 'open_n20', assumed default net type 'wire' in ../../al_ip/divider_gate.v(335)
HDL-1007 : undeclared symbol 'open_n21', assumed default net type 'wire' in ../../al_ip/divider_gate.v(342)
HDL-1007 : undeclared symbol 'open_n22', assumed default net type 'wire' in ../../al_ip/divider_gate.v(349)
HDL-1007 : undeclared symbol 'open_n23', assumed default net type 'wire' in ../../al_ip/divider_gate.v(356)
HDL-1007 : undeclared symbol 'open_n24', assumed default net type 'wire' in ../../al_ip/divider_gate.v(363)
HDL-1007 : undeclared symbol 'open_n25', assumed default net type 'wire' in ../../al_ip/divider_gate.v(370)
HDL-1007 : undeclared symbol 'open_n26', assumed default net type 'wire' in ../../al_ip/divider_gate.v(377)
HDL-1007 : undeclared symbol 'open_n29', assumed default net type 'wire' in ../../al_ip/divider_gate.v(1424)
HDL-1007 : undeclared symbol 'open_n30', assumed default net type 'wire' in ../../al_ip/divider_gate.v(1431)
HDL-1007 : analyze verilog file ../../RTL/adc_ad7928.v
HDL-1007 : analyze verilog file ../../RTL/foc/cartesian2polar.v
HDL-1007 : analyze verilog file ../../RTL/foc/clark_tr.v
HDL-1007 : analyze verilog file ../../RTL/foc/foc_top.v
HDL-1007 : analyze verilog file ../../RTL/foc/hold_detect.v
HDL-1007 : analyze verilog file ../../RTL/foc/park_tr.v
HDL-1007 : analyze verilog file ../../RTL/foc/pi_controller.v
HDL-1007 : analyze verilog file ../../RTL/foc/sincos.v
HDL-1007 : analyze verilog file ../../RTL/foc/svpwm.v
HDL-1007 : analyze verilog file ../../RTL/fpga_top.v
HDL-1007 : undeclared symbol 'S_idq_update', assumed default net type 'wire' in ../../RTL/fpga_top.v(180)
HDL-1007 : analyze verilog file ../../RTL/i2c_register_read.v
HDL-1007 : analyze verilog file ../../hall_sensor.v
HDL-1007 : analyze verilog file ../../TOP.v
HDL-1007 : analyze verilog file ../../AS5600_sensor.v
HDL-1007 : analyze verilog file ../../ahb_foc_controller.v
RUN-1001 : Project manager successfully analyzed 18 source files.
RUN-1002 : start command "import_device sf1_6.db -package SF1S60CG121I"
ARC-1001 : Device Initialization.
ARC-1001 : -------------------------------------------------
ARC-1001 :       OPTION       |      IO       |   SETTING   
ARC-1001 : -------------------------------------------------
ARC-1001 :        done        |      B4       |    gpio    
ARC-1001 :        initn       |      A5       |    gpio    
ARC-1001 :       jtagen       |      B7       |    gpio    
ARC-1001 :      programn      |      B5       |  dedicate  
ARC-1001 :   tdi/tms/tck/tdo  |  C4/A6/A7/C5  |  dedicate  
ARC-1001 : -------------------------------------------------
ARC-1004 : Device setting, marked 5 dedicate IOs in total.
RUN-1002 : start command "import_db FOC_Controller_rtl.db"
RUN-1001 : Importing database generated by Tang Dynasty, V5.6.71036.
RUN-1001 : Database version number 46146.
RUN-1001 : Import flow parameters
RUN-1001 : Import IO constraints
RUN-1001 : Import Inst constraints
RUN-1001 : Import design success TD_VERSION=5.6.71036 , DB_VERSION=46146
RUN-1003 : finish command "import_db FOC_Controller_rtl.db" in  1.001953s wall, 0.296875s user + 0.046875s system = 0.343750s CPU (34.3%)

RUN-1004 : used memory is 212 MB, reserved memory is 188 MB, peak memory is 215 MB
RUN-1002 : start command "optimize_gate -maparea FOC_Controller_gate.area"
RUN-1001 : Open license file D:/Anlogic/TD5.6.2/license/Anlogic.lic
RUN-1001 : Print Global Property
RUN-1001 : ---------------------------------------------------------------
RUN-1001 :        Parameters        |  Settings  |  Default Values  |  Note  
RUN-1001 : ---------------------------------------------------------------
RUN-1001 :          message         |  standard  |     standard     |        
RUN-1001 :   mixed_pack_place_flow  |     on     |        on        |        
RUN-1001 :        qor_monitor       |    off     |       off        |        
RUN-1001 :        syn_ip_flow       |    off     |       off        |        
RUN-1001 :          thread          |    auto    |       auto       |        
RUN-1001 : ---------------------------------------------------------------
RUN-1001 : Print Gate Property
RUN-1001 : ------------------------------------------------------------------
RUN-1001 :          Parameters         |  Settings  |  Default Values  |  Note  
RUN-1001 : ------------------------------------------------------------------
RUN-1001 :         cascade_dsp         |    off     |       off        |        
RUN-1001 :         cascade_eram        |    off     |       off        |        
RUN-1001 :        gate_sim_model       |    off     |       off        |        
RUN-1001 :        map_sim_model        |    off     |       off        |        
RUN-1001 :         map_strategy        |     1      |        1         |        
RUN-1001 :           opt_area          |   medium   |      medium      |        
RUN-1001 :          opt_timing         |    auto    |       auto       |        
RUN-1001 :         pack_effort         |   medium   |      medium      |        
RUN-1001 :      pack_lslice_ripple     |     on     |        on        |        
RUN-1001 :   pack_lslice_ripple_ratio  |    0.5     |       0.5        |        
RUN-1001 :        pack_seq_in_io       |    auto    |       auto       |        
RUN-1001 :        ph1_mux_ratio        |    1.0     |       1.0        |        
RUN-1001 :            report           |  standard  |     standard     |        
RUN-1001 :           retiming          |    off     |       off        |        
RUN-1001 : ------------------------------------------------------------------
SYN-2002 : SF1_PHY_INTFLASH instance u_mcu/SF1_PHY_INTFLASH_inst.
SYN-2001 : Map 27 IOs to PADs
SYN-1032 : 7734/8 useful/useless nets, 6240/5 useful/useless insts
RUN-1002 : start command "update_pll_param -module fpga_top"
SYN-2501 : Processed 0 LOGIC_BUF instances.
SYN-2501 : 1 BUFG to GCLK
SYN-2501 : 1 MCU_JTAG to CONFIG
SYN-2512 : LOGIC BRAM "u_ahb_foc_controller/u_foc_controller/u_foc_top/u_cartesian2polar/mux4_syn_1"
SYN-2512 : LOGIC BRAM "u_ahb_foc_controller/u_foc_controller/u_foc_top/u_cartesian2polar/mux5_syn_1"
SYN-2512 : LOGIC BRAM "u_ahb_foc_controller/u_foc_controller/u_foc_top/u_park_tr/u_sincos/mux21_syn_1"
SYN-2512 : LOGIC BRAM "u_ahb_foc_controller/u_foc_controller/u_foc_top/u_svpwm/mux54_syn_1"
SYN-2571 : Map 13 macro multiplier
SYN-2571 : Optimize after map_dsp, round 1
SYN-1032 : 7863/119 useful/useless nets, 6302/2 useful/useless insts
SYN-1016 : Merged 9 instances.
SYN-2571 : Optimize after map_dsp, round 1, 46 better
SYN-2571 : Optimize after map_dsp, round 2
SYN-2571 : Optimize after map_dsp, round 2, 0 better
SYN-2571 : Map 5 macro multiplier
SYN-2571 : Map 5 macro multiplier
SYN-2561 : Map multiplier u_ahb_foc_controller/u_foc_controller/u_as5600_encoder/mult0_syn_2 into carry-chain logic
SYN-2561 : Map multiplier u_ahb_foc_controller/u_foc_controller/u_foc_top/u_id_pi/mult1_syn_29 into carry-chain logic
SYN-2561 : Map multiplier u_ahb_foc_controller/u_foc_controller/u_foc_top/u_iq_pi/mult1_syn_29 into carry-chain logic
SYN-1001 : Throwback 21 control mux instances
SYN-2501 : Optimize round 1
SYN-1032 : 9085/468 useful/useless nets, 7451/214 useful/useless insts
SYN-1016 : Merged 950 instances.
SYN-2501 : Optimize round 1, 2363 better
SYN-2501 : Optimize round 2
SYN-1032 : 8115/20 useful/useless nets, 6501/0 useful/useless insts
SYN-2501 : Optimize round 2, 0 better
SYN-2501 : Map 154 macro adder
SYN-3001 : Mapper mapped 7 instances into 1 LUTs, name keeping = 100%.
SYN-3001 : Mapper mapped 7 instances into 1 LUTs, name keeping = 100%.
SYN-3001 : Mapper mapped 7 instances into 1 LUTs, name keeping = 100%.
SYN-3001 : Mapper mapped 7 instances into 1 LUTs, name keeping = 100%.
SYN-3001 : Mapper mapped 7 instances into 1 LUTs, name keeping = 100%.
SYN-3001 : Mapper mapped 7 instances into 1 LUTs, name keeping = 100%.
SYN-3001 : Mapper mapped 7 instances into 1 LUTs, name keeping = 100%.
SYN-3001 : Mapper mapped 7 instances into 1 LUTs, name keeping = 100%.
SYN-3001 : Mapper mapped 7 instances into 1 LUTs, name keeping = 100%.
SYN-3001 : Mapper mapped 7 instances into 1 LUTs, name keeping = 100%.
SYN-3001 : Mapper mapped 7 instances into 1 LUTs, name keeping = 100%.
SYN-3001 : Mapper mapped 7 instances into 1 LUTs, name keeping = 100%.
SYN-3001 : Mapper mapped 7 instances into 1 LUTs, name keeping = 100%.
SYN-3001 : Mapper mapped 7 instances into 1 LUTs, name keeping = 100%.
SYN-3001 : Mapper mapped 7 instances into 1 LUTs, name keeping = 100%.
SYN-3001 : Mapper mapped 7 instances into 1 LUTs, name keeping = 100%.
SYN-3001 : Mapper mapped 7 instances into 1 LUTs, name keeping = 100%.
SYN-3001 : Mapper mapped 7 instances into 1 LUTs, name keeping = 100%.
SYN-3001 : Mapper mapped 7 instances into 1 LUTs, name keeping = 100%.
SYN-2501 : Inferred 18 ROM instances
SYN-1019 : Optimized 118 mux instances.
SYN-1016 : Merged 132 instances.
SYN-1032 : 10848/101 useful/useless nets, 9235/7 useful/useless insts
SYN-3001 : Running gate level optimization.
SYN-2581 : Mapping with K=5, #lut = 1886 (3.67), #lev = 5 (2.35)
SYN-2551 : Post LUT mapping optimization.
SYN-2581 : Mapping with K=5, #lut = 1806 (3.73), #lev = 5 (2.23)
SYN-3001 : Logic optimization runtime opt =   0.34 sec, map =   0.00 sec
SYN-3001 : Mapper mapped 3767 instances into 1811 LUTs, name keeping = 60%.
SYN-3001 : Mapper removed 2 lut buffers
RUN-1002 : start command "report_area -file FOC_Controller_gate.area"
RUN-1001 : standard
***Report Model: fpga_top Device: SF1S60CG121I***

IO Statistics
#IO                        21
  #input                   10
  #output                  10
  #inout                    1

LUT Statistics
#Total_luts              4529
  #lut4                  1440
  #lut5                   418
  #lut6                     0
  #lut5_mx41                0
  #lut4_alu1b            2671

Utilization Statistics
#lut                     4529   out of   5824   77.76%
#reg                     2620   out of   5824   44.99%
#le                         0
#dsp                       10   out of     10  100.00%
#bram                      11   out of     26   42.31%
  #bram9k                  11
  #fifo9k                   0
#hard-ip                    1
  #mcu                      1   out of      1  100.00%
  #dsc                      0   out of      1    0.00%
  #dsi                      0   out of      2    0.00%
  #psram controller         0   out of      2    0.00%
#pad                       21   out of     55   38.18%
  #ireg                     1
  #oreg                     8
  #treg                     1
#pll                        1   out of      2   50.00%

Report Hierarchy Area:
+-------------------------------------------------------------------------------------------+
|Instance                  |Module             |lut     |ripple  |seq     |bram    |dsp     |
+-------------------------------------------------------------------------------------------+
|top                       |fpga_top           |1858    |2671    |2630    |11      |10      |
|  u_ahb_foc_controller    |ahb_foc_controller |1857    |2421    |2620    |11      |10      |
|    u_foc_controller      |foc_controller     |1147    |2421    |1659    |11      |10      |
|      u_adc_ad7928        |adc_ad7928         |46      |91      |74      |0       |0       |
|      u_as5600_encoder    |as5600_encoder     |142     |236     |73      |0       |0       |
|        u_as5600_read     |i2c_register_read  |86      |160     |61      |0       |0       |
|      u_foc_top           |foc_top            |764     |1704    |1018    |11      |10      |
|        u_adc_sn_ctrl     |hold_detect        |13      |8       |10      |0       |0       |
|        u_cartesian2polar |cartesian2polar    |261     |159     |182     |8       |1       |
|        u_clark_tr        |clark_tr           |0       |140     |96      |0       |0       |
|        u_id_pi           |pi_controller      |118     |545     |179     |0       |2       |
|        u_iq_pi           |pi_controller      |118     |545     |173     |0       |2       |
|        u_park_tr         |park_tr            |104     |125     |90      |2       |4       |
|          u_sincos        |sincos             |104     |59      |56      |2       |0       |
|        u_svpwm           |svpwm              |114     |116     |195     |1       |1       |
|      u_hall_encoder      |hall_encoder       |195     |390     |494     |0       |0       |
|        u_divider         |Divider            |31      |44      |71      |0       |0       |
|  u_mcu                   |MCU                |0       |0       |0       |0       |0       |
|  u_pll                   |pll                |0       |0       |0       |0       |0       |
+-------------------------------------------------------------------------------------------+

SYN-1001 : Packing model "fpga_top" ...
SYN-4010 : Pack lib has 65 rtl pack models with 28 top pack blocks
SYN-1014 : Optimize round 1
SYN-1015 : Optimize round 1, 0 better
SYN-4002 : Packing 2620 DFF/LATCH to SEQ ...
SYN-4009 : Pack 76 carry chain into lslice
SYN-4007 : Packing 1332 adder to BLE ...
SYN-4008 : Packed 1332 adder and 13 SEQ to BLE.
SYN-4007 : Packing 0 gate4 to BLE ...
SYN-4008 : Packed 0 gate4 and 0 SEQ to BLE.
SYN-4012 : Packed 0 FxMUX
RUN-1003 : finish command "optimize_gate -maparea FOC_Controller_gate.area" in  3.768703s wall, 1.562500s user + 0.062500s system = 1.625000s CPU (43.1%)

RUN-1004 : used memory is 261 MB, reserved memory is 233 MB, peak memory is 261 MB
RUN-1002 : start command "legalize_phy_inst"
SYN-1011 : Flatten model fpga_top
SYN-5044 CRITICAL-WARNING: The net's pin: pin "apb_prdata[31]" in ../../al_ip/MCU.v(126) is connected to a constant net, which can not be set to hardwire. It will disconnect.
SYN-5044 CRITICAL-WARNING: The net's pin: pin "apb_prdata[30]" in ../../al_ip/MCU.v(126) is connected to a constant net, which can not be set to hardwire. It will disconnect.
SYN-5044 CRITICAL-WARNING: The net's pin: pin "apb_prdata[29]" in ../../al_ip/MCU.v(126) is connected to a constant net, which can not be set to hardwire. It will disconnect.
SYN-5044 CRITICAL-WARNING: The net's pin: pin "apb_prdata[28]" in ../../al_ip/MCU.v(126) is connected to a constant net, which can not be set to hardwire. It will disconnect.
SYN-5044 CRITICAL-WARNING: The net's pin: pin "apb_prdata[27]" in ../../al_ip/MCU.v(126) is connected to a constant net, which can not be set to hardwire. It will disconnect.
SYN-5044 CRITICAL-WARNING: The net's pin: pin "apb_prdata[26]" in ../../al_ip/MCU.v(126) is connected to a constant net, which can not be set to hardwire. It will disconnect.
SYN-5044 CRITICAL-WARNING: The net's pin: pin "apb_prdata[25]" in ../../al_ip/MCU.v(126) is connected to a constant net, which can not be set to hardwire. It will disconnect.
SYN-5044 CRITICAL-WARNING: The net's pin: pin "apb_prdata[24]" in ../../al_ip/MCU.v(126) is connected to a constant net, which can not be set to hardwire. It will disconnect.
SYN-5044 CRITICAL-WARNING: The net's pin: pin "apb_prdata[23]" in ../../al_ip/MCU.v(126) is connected to a constant net, which can not be set to hardwire. It will disconnect.
SYN-5044 CRITICAL-WARNING: The net's pin: pin "apb_prdata[22]" in ../../al_ip/MCU.v(126) is connected to a constant net, which can not be set to hardwire. It will disconnect.
SYN-5044 Similar messages will be suppressed.
RUN-1002 : start command "export_db FOC_Controller_gate.db"
RUN-1001 : Exported /
RUN-1001 : Exported flow parameters
RUN-1001 : Exported libs
RUN-1001 : Exported entities
RUN-1001 : Exported ports
RUN-1001 : Exported pins
RUN-1001 : Exported instances
RUN-1001 : Exported nets
RUN-1001 : Exported buses
RUN-1001 : Exported models
RUN-1001 : Exported congestions
RUN-1001 : Exported violations
RUN-1001 : Exported IO constraints
RUN-1001 : Exported Inst constraints
RUN-1003 : finish command "export_db FOC_Controller_gate.db" in  1.202133s wall, 0.906250s user + 0.015625s system = 0.921875s CPU (76.7%)

RUN-1004 : used memory is 266 MB, reserved memory is 243 MB, peak memory is 351 MB
RUN-1002 : start command "backup_run_log run.log ../.logs/syn_1/td_20231110_025703.log"
