============================================================
   Tang Dynasty, V5.6.71036
      Copyright (c) 2012-2023 Anlogic Inc.
   Executable = D:/Anlogic/TD5.6.2/bin/td.exe
   Built at =   20:34:38 Mar 21 2023
   Run by =     15597
   Run Date =   Wed Nov  8 11:56:55 2023

   Run on =     XR097-DELL-G7
============================================================
RUN-1002 : start command "open_project FOC_Controller.prj"
RUN-1001 : Print Global Property
RUN-1001 : ---------------------------------------------------------------
RUN-1001 :        Parameters        |  Settings  |  Default Values  |  Note  
RUN-1001 : ---------------------------------------------------------------
RUN-1001 :          message         |  standard  |     standard     |        
RUN-1001 :   mixed_pack_place_flow  |     on     |        on        |        
RUN-1001 :        qor_monitor       |    off     |       off        |        
RUN-1001 :        syn_ip_flow       |    off     |       off        |        
RUN-1001 :          thread          |    auto    |       auto       |        
RUN-1001 : ---------------------------------------------------------------
RUN-1001 : Print Design Property
RUN-1001 : --------------------------------------------------------------
RUN-1001 :        Parameters       |  Settings  |  Default Values  |  Note  
RUN-1001 : --------------------------------------------------------------
RUN-1001 :   default_reg_initial   |    auto    |       auto       |        
RUN-1001 :        infer_add        |     on     |        on        |        
RUN-1001 :        infer_fsm        |    off     |       off        |        
RUN-1001 :        infer_mult       |     on     |        on        |        
RUN-1001 :        infer_ram        |     on     |        on        |        
RUN-1001 :        infer_reg        |     on     |        on        |        
RUN-1001 :   infer_reg_init_value  |     on     |        on        |        
RUN-1001 :        infer_rom        |     on     |        on        |        
RUN-1001 :      infer_shifter      |     on     |        on        |        
RUN-1001 : --------------------------------------------------------------
RUN-1001 : Print Rtl Property
RUN-1001 : --------------------------------------------------------------
RUN-1001 :        Parameters       |  Settings  |  Default Values  |  Note  
RUN-1001 : --------------------------------------------------------------
RUN-1001 :       compress_add      |   ripple   |      ripple      |        
RUN-1001 :        elf_sload        |    off     |       off        |        
RUN-1001 :       fix_undriven      |     0      |        0         |        
RUN-1001 :         flatten         |    off     |       off        |        
RUN-1001 :       gate_sharing      |     on     |        on        |        
RUN-1001 :    hdl_warning_level    |   normal   |      normal      |        
RUN-1001 :   impl_internal_tribuf  |     on     |        on        |        
RUN-1001 :      impl_set_reset     |     on     |        on        |        
RUN-1001 :        infer_gsr        |    off     |       off        |        
RUN-1001 :      keep_hierarchy     |    auto    |       auto       |        
RUN-1001 :        max_fanout       |    9999    |       9999       |        
RUN-1001 :      max_oh2bin_len     |     10     |        10        |        
RUN-1001 :       merge_equal       |     on     |        on        |        
RUN-1001 :       merge_equiv       |     on     |        on        |        
RUN-1001 :        merge_mux        |    off     |       off        |        
RUN-1001 :     min_control_set     |     8      |        8         |        
RUN-1001 :      min_ripple_len     |    auto    |       auto       |        
RUN-1001 :       oh2bin_ratio      |    0.08    |       0.08       |        
RUN-1001 :     opt_adder_fanout    |     on     |        on        |        
RUN-1001 :        opt_arith        |     on     |        on        |        
RUN-1001 :       opt_big_gate      |    off     |       off        |        
RUN-1001 :        opt_const        |     on     |        on        |        
RUN-1001 :      opt_const_mult     |     on     |        on        |        
RUN-1001 :       opt_lessthan      |     on     |        on        |        
RUN-1001 :         opt_mux         |    off     |       off        |        
RUN-1001 :         opt_ram         |    high    |       high       |        
RUN-1001 :      rtl_sim_model      |    off     |       off        |        
RUN-1001 :         seq_syn         |     on     |        on        |        
RUN-1001 : --------------------------------------------------------------
HDL-1007 : analyze verilog file ../../RTL/adc_ad7928.v
HDL-1007 : analyze verilog file ../../RTL/foc/cartesian2polar.v
HDL-1007 : analyze verilog file ../../RTL/foc/clark_tr.v
HDL-1007 : analyze verilog file ../../RTL/foc/foc_top.v
HDL-1007 : analyze verilog file ../../RTL/foc/hold_detect.v
HDL-1007 : analyze verilog file ../../RTL/foc/park_tr.v
HDL-1007 : analyze verilog file ../../RTL/foc/pi_controller.v
HDL-1007 : analyze verilog file ../../RTL/foc/sincos.v
HDL-1007 : analyze verilog file ../../RTL/foc/svpwm.v
HDL-1007 : analyze verilog file ../../RTL/fpga_top.v
HDL-1007 : analyze verilog file ../../RTL/i2c_register_read.v
HDL-1007 : analyze verilog file ../../hall_sensor.v
HDL-1007 : analyze verilog file ../../AS5600_sensor.v
HDL-1007 : undeclared symbol 'rstn', assumed default net type 'wire' in ../../AS5600_sensor.v(43)
HDL-1007 : undeclared symbol 'clk', assumed default net type 'wire' in ../../AS5600_sensor.v(44)
RUN-1001 : Project manager successfully analyzed 13 source files.
RUN-1002 : start command "import_device sf1_6.db -package SF1S60CG121I"
ARC-1001 : Device Initialization.
ARC-1001 : -------------------------------------------------
ARC-1001 :       OPTION       |      IO       |   SETTING   
ARC-1001 : -------------------------------------------------
ARC-1001 :        done        |      B4       |    gpio    
ARC-1001 :        initn       |      A5       |    gpio    
ARC-1001 :       jtagen       |      B7       |    gpio    
ARC-1001 :      programn      |      B5       |  dedicate  
ARC-1001 :   tdi/tms/tck/tdo  |  C4/A6/A7/C5  |  dedicate  
ARC-1001 : -------------------------------------------------
ARC-1004 : Device setting, marked 5 dedicate IOs in total.
RUN-1002 : start command "elaborate -top foc_controller"
RUN-1001 : Print Design Property
RUN-1001 : --------------------------------------------------------------
RUN-1001 :        Parameters       |  Settings  |  Default Values  |  Note  
RUN-1001 : --------------------------------------------------------------
RUN-1001 :   default_reg_initial   |    auto    |       auto       |        
RUN-1001 :        infer_add        |     on     |        on        |        
RUN-1001 :        infer_fsm        |    off     |       off        |        
RUN-1001 :        infer_mult       |     on     |        on        |        
RUN-1001 :        infer_ram        |     on     |        on        |        
RUN-1001 :        infer_reg        |     on     |        on        |        
RUN-1001 :   infer_reg_init_value  |     on     |        on        |        
RUN-1001 :        infer_rom        |     on     |        on        |        
RUN-1001 :      infer_shifter      |     on     |        on        |        
RUN-1001 : --------------------------------------------------------------
RUN-1001 : Print Rtl Property
RUN-1001 : --------------------------------------------------------------
RUN-1001 :        Parameters       |  Settings  |  Default Values  |  Note  
RUN-1001 : --------------------------------------------------------------
RUN-1001 :       compress_add      |   ripple   |      ripple      |        
RUN-1001 :        elf_sload        |    off     |       off        |        
RUN-1001 :       fix_undriven      |     0      |        0         |        
RUN-1001 :         flatten         |    off     |       off        |        
RUN-1001 :       gate_sharing      |     on     |        on        |        
RUN-1001 :    hdl_warning_level    |   normal   |      normal      |        
RUN-1001 :   impl_internal_tribuf  |     on     |        on        |        
RUN-1001 :      impl_set_reset     |     on     |        on        |        
RUN-1001 :        infer_gsr        |    off     |       off        |        
RUN-1001 :      keep_hierarchy     |    auto    |       auto       |        
RUN-1001 :        max_fanout       |    9999    |       9999       |        
RUN-1001 :      max_oh2bin_len     |     10     |        10        |        
RUN-1001 :       merge_equal       |     on     |        on        |        
RUN-1001 :       merge_equiv       |     on     |        on        |        
RUN-1001 :        merge_mux        |    off     |       off        |        
RUN-1001 :     min_control_set     |     8      |        8         |        
RUN-1001 :      min_ripple_len     |    auto    |       auto       |        
RUN-1001 :       oh2bin_ratio      |    0.08    |       0.08       |        
RUN-1001 :     opt_adder_fanout    |     on     |        on        |        
RUN-1001 :        opt_arith        |     on     |        on        |        
RUN-1001 :       opt_big_gate      |    off     |       off        |        
RUN-1001 :        opt_const        |     on     |        on        |        
RUN-1001 :      opt_const_mult     |     on     |        on        |        
RUN-1001 :       opt_lessthan      |     on     |        on        |        
RUN-1001 :         opt_mux         |    off     |       off        |        
RUN-1001 :         opt_ram         |    high    |       high       |        
RUN-1001 :      rtl_sim_model      |    off     |       off        |        
RUN-1001 :         seq_syn         |     on     |        on        |        
RUN-1001 : --------------------------------------------------------------
RUN-1001 : Print Global Property
RUN-1001 : ---------------------------------------------------------------
RUN-1001 :        Parameters        |  Settings  |  Default Values  |  Note  
RUN-1001 : ---------------------------------------------------------------
RUN-1001 :          message         |  standard  |     standard     |        
RUN-1001 :   mixed_pack_place_flow  |     on     |        on        |        
RUN-1001 :        qor_monitor       |    off     |       off        |        
RUN-1001 :        syn_ip_flow       |    off     |       off        |        
RUN-1001 :          thread          |    auto    |       auto       |        
RUN-1001 : ---------------------------------------------------------------
RUN-1001 : Print Design Property
RUN-1001 : --------------------------------------------------------------
RUN-1001 :        Parameters       |  Settings  |  Default Values  |  Note  
RUN-1001 : --------------------------------------------------------------
RUN-1001 :   default_reg_initial   |    auto    |       auto       |        
RUN-1001 :        infer_add        |     on     |        on        |        
RUN-1001 :        infer_fsm        |    off     |       off        |        
RUN-1001 :        infer_mult       |     on     |        on        |        
RUN-1001 :        infer_ram        |     on     |        on        |        
RUN-1001 :        infer_reg        |     on     |        on        |        
RUN-1001 :   infer_reg_init_value  |     on     |        on        |        
RUN-1001 :        infer_rom        |     on     |        on        |        
RUN-1001 :      infer_shifter      |     on     |        on        |        
RUN-1001 : --------------------------------------------------------------
HDL-1007 : elaborate module foc_controller in ../../RTL/fpga_top.v(11)
HDL-1007 : elaborate module as5600_encoder in ../../AS5600_sensor.v(1)
HDL-1007 : elaborate module i2c_register_read(CLK_DIV=16'b01010) in ../../RTL/i2c_register_read.v(9)
HDL-5007 WARNING: net 'rstn' does not have a driver in ../../AS5600_sensor.v(43)
HDL-5007 WARNING: net 'clk' does not have a driver in ../../AS5600_sensor.v(44)
HDL-1007 : elaborate module hall_encoder in ../../hall_sensor.v(1)
HDL-1007 : elaborate module adc_ad7928(CH_CNT=3'b010,CH0=3'b01,CH1=3'b010,CH2=3'b011) in ../../RTL/adc_ad7928.v(11)
HDL-1007 : elaborate module foc_top(INIT_CYCLES=20000000,ANGLE_INV=1'b1) in ../../RTL/foc/foc_top.v(11)
HDL-1007 : elaborate module clark_tr in ../../RTL/foc/clark_tr.v(9)
HDL-1007 : elaborate module park_tr in ../../RTL/foc/park_tr.v(9)
HDL-1007 : elaborate module sincos in ../../RTL/foc/sincos.v(11)
HDL-1007 : elaborate module pi_controller in ../../RTL/foc/pi_controller.v(9)
HDL-1007 : elaborate module cartesian2polar in ../../RTL/foc/cartesian2polar.v(9)
HDL-1007 : elaborate module svpwm in ../../RTL/foc/svpwm.v(13)
HDL-1007 : elaborate module hold_detect(SAMPLE_DELAY=16'b01111000) in ../../RTL/foc/hold_detect.v(9)
HDL-1200 : Current top model is foc_controller
HDL-1100 : Inferred 0 RAMs.
RUN-1002 : start command "export_db FOC_Controller_elaborate.db"
RUN-1001 : Exported /
RUN-1001 : Exported flow parameters
RUN-1001 : Exported libs
RUN-1001 : Exported entities
RUN-1001 : Exported ports
RUN-1001 : Exported pins
RUN-1001 : Exported instances
RUN-1001 : Exported nets
RUN-1001 : Exported buses
RUN-1001 : Exported models
RUN-1001 : Exported congestions
RUN-1001 : Exported violations
RUN-1001 : Exported IO constraints
RUN-1001 : Exported Inst constraints
RUN-1002 : start command "read_adc"
USR-1002 : read_adc file_name -trans <string> -help
USR-6010 WARNING: ADC constraints: top model pin IO_i2c_sda has no constraint.
USR-6010 WARNING: ADC constraints: top model pin I_clk_40m has no constraint.
USR-6010 WARNING: ADC constraints: top model pin I_encoder_dir has no constraint.
USR-6010 WARNING: ADC constraints: top model pin I_encoder_sel has no constraint.
USR-6010 WARNING: ADC constraints: top model pin I_hall_u has no constraint.
USR-6010 WARNING: ADC constraints: top model pin I_hall_v has no constraint.
USR-6010 WARNING: ADC constraints: top model pin I_hall_w has no constraint.
USR-6010 WARNING: ADC constraints: top model pin I_id_aim[15] has no constraint.
USR-6010 WARNING: ADC constraints: top model pin I_id_aim[14] has no constraint.
USR-6010 WARNING: ADC constraints: top model pin I_id_aim[13] has no constraint.
USR-6010 Similar messages will be suppressed.
RUN-1002 : start command "optimize_rtl"
RUN-1001 : Open license file D:/Anlogic/TD5.6.2/license/Anlogic.lic
RUN-1001 : Print Global Property
RUN-1001 : ---------------------------------------------------------------
RUN-1001 :        Parameters        |  Settings  |  Default Values  |  Note  
RUN-1001 : ---------------------------------------------------------------
RUN-1001 :          message         |  standard  |     standard     |        
RUN-1001 :   mixed_pack_place_flow  |     on     |        on        |        
RUN-1001 :        qor_monitor       |    off     |       off        |        
RUN-1001 :        syn_ip_flow       |    off     |       off        |        
RUN-1001 :          thread          |    auto    |       auto       |        
RUN-1001 : ---------------------------------------------------------------
RUN-1001 : Print Rtl Property
RUN-1001 : --------------------------------------------------------------
RUN-1001 :        Parameters       |  Settings  |  Default Values  |  Note  
RUN-1001 : --------------------------------------------------------------
RUN-1001 :       compress_add      |   ripple   |      ripple      |        
RUN-1001 :        elf_sload        |    off     |       off        |        
RUN-1001 :       fix_undriven      |     0      |        0         |        
RUN-1001 :         flatten         |    off     |       off        |        
RUN-1001 :       gate_sharing      |     on     |        on        |        
RUN-1001 :    hdl_warning_level    |   normal   |      normal      |        
RUN-1001 :   impl_internal_tribuf  |     on     |        on        |        
RUN-1001 :      impl_set_reset     |     on     |        on        |        
RUN-1001 :        infer_gsr        |    off     |       off        |        
RUN-1001 :      keep_hierarchy     |    auto    |       auto       |        
RUN-1001 :        max_fanout       |    9999    |       9999       |        
RUN-1001 :      max_oh2bin_len     |     10     |        10        |        
RUN-1001 :       merge_equal       |     on     |        on        |        
RUN-1001 :       merge_equiv       |     on     |        on        |        
RUN-1001 :        merge_mux        |    off     |       off        |        
RUN-1001 :     min_control_set     |     8      |        8         |        
RUN-1001 :      min_ripple_len     |    auto    |       auto       |        
RUN-1001 :       oh2bin_ratio      |    0.08    |       0.08       |        
RUN-1001 :     opt_adder_fanout    |     on     |        on        |        
RUN-1001 :        opt_arith        |     on     |        on        |        
RUN-1001 :       opt_big_gate      |    off     |       off        |        
RUN-1001 :        opt_const        |     on     |        on        |        
RUN-1001 :      opt_const_mult     |     on     |        on        |        
RUN-1001 :       opt_lessthan      |     on     |        on        |        
RUN-1001 :         opt_mux         |    off     |       off        |        
RUN-1001 :         opt_ram         |    high    |       high       |        
RUN-1001 :      rtl_sim_model      |    off     |       off        |        
RUN-1001 :         seq_syn         |     on     |        on        |        
RUN-1001 : --------------------------------------------------------------
SYN-1012 : SanityCheck: Model "foc_controller"
SYN-1012 : SanityCheck: Model "adc_ad7928(CH_CNT=3'b010,CH0=3'b01,CH1=3'b010,CH2=3'b011)"
SYN-1012 : SanityCheck: Model "as5600_encoder"
SYN-1012 : SanityCheck: Model "i2c_register_read(CLK_DIV=16'b01010)"
SYN-1012 : SanityCheck: Model "foc_top(INIT_CYCLES=20000000,ANGLE_INV=1'b1)"
SYN-1012 : SanityCheck: Model "hold_detect(SAMPLE_DELAY=16'b01111000)"
SYN-1012 : SanityCheck: Model "cartesian2polar"
SYN-1012 : SanityCheck: Model "clark_tr"
SYN-1012 : SanityCheck: Model "pi_controller"
SYN-1012 : SanityCheck: Model "park_tr"
SYN-1012 : SanityCheck: Model "sincos"
SYN-1012 : SanityCheck: Model "svpwm"
SYN-1012 : SanityCheck: Model "hall_encoder"
SYN-1043 : Mark i2c_register_read(CLK_DIV=16'b01010) as IO macro for instance sda_i
SYN-1043 : Mark as5600_encoder as IO macro for instance u_as5600_read
SYN-1011 : Flatten model foc_controller
SYN-1032 : 9769/730 useful/useless nets, 1071/80 useful/useless insts
SYN-1016 : Merged 115 instances.
SYN-1035 : Inferred 4 ROM(s)
SYN-1032 : 7198/2241 useful/useless nets, 670/120 useful/useless insts
SYN-1016 : Merged 335 instances.
SYN-6017 WARNING: IO check -- Undriven Model output pin I_id_aim[15] has fan-out.
SYN-5011 WARNING: Undriven pin: model "foc_controller" / inst "u_foc_top/u_cartesian2polar/mux4_syn_1" in ../../RTL/foc/cartesian2polar.v(94) / pin "addrb[11]"
SYN-5011 WARNING: Undriven pin: model "foc_controller" / inst "u_foc_top/u_cartesian2polar/mux4_syn_1" in ../../RTL/foc/cartesian2polar.v(94) / pin "addrb[10]"
SYN-5011 WARNING: Undriven pin: model "foc_controller" / inst "u_foc_top/u_cartesian2polar/mux4_syn_1" in ../../RTL/foc/cartesian2polar.v(94) / pin "addrb[9]"
SYN-5011 WARNING: Undriven pin: model "foc_controller" / inst "u_foc_top/u_cartesian2polar/mux4_syn_1" in ../../RTL/foc/cartesian2polar.v(94) / pin "addrb[8]"
SYN-5011 WARNING: Undriven pin: model "foc_controller" / inst "u_foc_top/u_cartesian2polar/mux4_syn_1" in ../../RTL/foc/cartesian2polar.v(94) / pin "addrb[7]"
SYN-5011 WARNING: Undriven pin: model "foc_controller" / inst "u_foc_top/u_cartesian2polar/mux4_syn_1" in ../../RTL/foc/cartesian2polar.v(94) / pin "addrb[6]"
SYN-5011 WARNING: Undriven pin: model "foc_controller" / inst "u_foc_top/u_cartesian2polar/mux4_syn_1" in ../../RTL/foc/cartesian2polar.v(94) / pin "addrb[5]"
SYN-5011 WARNING: Undriven pin: model "foc_controller" / inst "u_foc_top/u_cartesian2polar/mux4_syn_1" in ../../RTL/foc/cartesian2polar.v(94) / pin "addrb[4]"
SYN-5011 WARNING: Undriven pin: model "foc_controller" / inst "u_foc_top/u_cartesian2polar/mux4_syn_1" in ../../RTL/foc/cartesian2polar.v(94) / pin "addrb[3]"
SYN-5011 WARNING: Undriven pin: model "foc_controller" / inst "u_foc_top/u_cartesian2polar/mux4_syn_1" in ../../RTL/foc/cartesian2polar.v(94) / pin "addrb[2]"
SYN-5011 Similar messages will be suppressed.
SYN-5013 WARNING: Undriven net: model "foc_controller" / net "I_id_aim[15]" in ../../RTL/fpga_top.v(39)
SYN-5014 WARNING: the net's pin: pin "I_id_aim[15]" in ../../RTL/fpga_top.v(39)
SYN-5014 WARNING: the net's pin: pin "i0[16]" in ../../RTL/foc/pi_controller.v(87)
SYN-5014 WARNING: the net's pin: pin "i0[15]" in ../../RTL/foc/pi_controller.v(87)
SYN-5013 WARNING: Undriven net: model "foc_controller" / net "I_id_aim[14]" in ../../RTL/fpga_top.v(39)
SYN-5014 WARNING: the net's pin: pin "I_id_aim[14]" in ../../RTL/fpga_top.v(39)
SYN-5014 WARNING: the net's pin: pin "i0[14]" in ../../RTL/foc/pi_controller.v(87)
SYN-5013 WARNING: Undriven net: model "foc_controller" / net "I_id_aim[13]" in ../../RTL/fpga_top.v(39)
SYN-5014 WARNING: the net's pin: pin "I_id_aim[13]" in ../../RTL/fpga_top.v(39)
SYN-5014 WARNING: the net's pin: pin "i0[13]" in ../../RTL/foc/pi_controller.v(87)
SYN-5013 WARNING: Undriven net: model "foc_controller" / net "I_id_aim[12]" in ../../RTL/fpga_top.v(39)
SYN-5014 WARNING: the net's pin: pin "I_id_aim[12]" in ../../RTL/fpga_top.v(39)
SYN-5014 WARNING: the net's pin: pin "i0[12]" in ../../RTL/foc/pi_controller.v(87)
SYN-5013 WARNING: Undriven net: model "foc_controller" / net "I_id_aim[11]" in ../../RTL/fpga_top.v(39)
SYN-5014 WARNING: the net's pin: pin "I_id_aim[11]" in ../../RTL/fpga_top.v(39)
SYN-5014 WARNING: the net's pin: pin "i0[11]" in ../../RTL/foc/pi_controller.v(87)
SYN-5013 WARNING: Undriven net: model "foc_controller" / net "I_id_aim[10]" in ../../RTL/fpga_top.v(39)
SYN-5014 WARNING: the net's pin: pin "I_id_aim[10]" in ../../RTL/fpga_top.v(39)
SYN-5014 WARNING: the net's pin: pin "i0[10]" in ../../RTL/foc/pi_controller.v(87)
SYN-5013 WARNING: Undriven net: model "foc_controller" / net "I_id_aim[9]" in ../../RTL/fpga_top.v(39)
SYN-5014 WARNING: the net's pin: pin "I_id_aim[9]" in ../../RTL/fpga_top.v(39)
SYN-5014 WARNING: the net's pin: pin "i0[9]" in ../../RTL/foc/pi_controller.v(87)
SYN-5013 WARNING: Undriven net: model "foc_controller" / net "I_id_aim[8]" in ../../RTL/fpga_top.v(39)
SYN-5014 WARNING: the net's pin: pin "I_id_aim[8]" in ../../RTL/fpga_top.v(39)
SYN-5014 WARNING: the net's pin: pin "i0[8]" in ../../RTL/foc/pi_controller.v(87)
SYN-5013 WARNING: Undriven net: model "foc_controller" / net "I_id_aim[7]" in ../../RTL/fpga_top.v(39)
SYN-5014 WARNING: the net's pin: pin "I_id_aim[7]" in ../../RTL/fpga_top.v(39)
SYN-5014 WARNING: the net's pin: pin "i0[7]" in ../../RTL/foc/pi_controller.v(87)
SYN-5013 WARNING: Undriven net: model "foc_controller" / net "I_id_aim[6]" in ../../RTL/fpga_top.v(39)
SYN-5014 WARNING: the net's pin: pin "I_id_aim[6]" in ../../RTL/fpga_top.v(39)
SYN-5014 WARNING: the net's pin: pin "i0[6]" in ../../RTL/foc/pi_controller.v(87)
SYN-5013 WARNING: Undriven net: model "foc_controller" / net "I_id_aim[5]" in ../../RTL/fpga_top.v(39)
SYN-5014 WARNING: the net's pin: pin "I_id_aim[5]" in ../../RTL/fpga_top.v(39)
SYN-5014 WARNING: the net's pin: pin "i0[5]" in ../../RTL/foc/pi_controller.v(87)
SYN-5013 WARNING: Undriven net: model "foc_controller" / net "I_id_aim[4]" in ../../RTL/fpga_top.v(39)
SYN-5014 WARNING: the net's pin: pin "I_id_aim[4]" in ../../RTL/fpga_top.v(39)
SYN-5014 WARNING: the net's pin: pin "i0[4]" in ../../RTL/foc/pi_controller.v(87)
SYN-5013 WARNING: Undriven net: model "foc_controller" / net "I_id_aim[3]" in ../../RTL/fpga_top.v(39)
SYN-5014 WARNING: the net's pin: pin "I_id_aim[3]" in ../../RTL/fpga_top.v(39)
SYN-5014 WARNING: the net's pin: pin "i0[3]" in ../../RTL/foc/pi_controller.v(87)
SYN-5013 WARNING: Undriven net: model "foc_controller" / net "I_id_aim[2]" in ../../RTL/fpga_top.v(39)
SYN-5014 WARNING: the net's pin: pin "I_id_aim[2]" in ../../RTL/fpga_top.v(39)
SYN-5014 WARNING: the net's pin: pin "i0[2]" in ../../RTL/foc/pi_controller.v(87)
SYN-5013 WARNING: Undriven net: model "foc_controller" / net "I_id_aim[1]" in ../../RTL/fpga_top.v(39)
SYN-5014 WARNING: the net's pin: pin "I_id_aim[1]" in ../../RTL/fpga_top.v(39)
SYN-5014 WARNING: the net's pin: pin "i0[1]" in ../../RTL/foc/pi_controller.v(87)
SYN-5013 WARNING: Undriven net: model "foc_controller" / net "I_id_aim[0]" in ../../RTL/fpga_top.v(39)
SYN-5014 WARNING: the net's pin: pin "I_id_aim[0]" in ../../RTL/fpga_top.v(39)
SYN-5014 WARNING: the net's pin: pin "i0[0]" in ../../RTL/foc/pi_controller.v(87)
SYN-5013 WARNING: Undriven net: model "foc_controller" / net "I_iq_aim[15]" in ../../RTL/fpga_top.v(40)
SYN-5014 WARNING: the net's pin: pin "I_iq_aim[15]" in ../../RTL/fpga_top.v(40)
SYN-5014 WARNING: the net's pin: pin "i0[16]" in ../../RTL/foc/pi_controller.v(87)
SYN-5014 WARNING: the net's pin: pin "i0[15]" in ../../RTL/foc/pi_controller.v(87)
SYN-5013 WARNING: Undriven net: model "foc_controller" / net "I_iq_aim[14]" in ../../RTL/fpga_top.v(40)
SYN-5014 WARNING: the net's pin: pin "I_iq_aim[14]" in ../../RTL/fpga_top.v(40)
SYN-5014 WARNING: the net's pin: pin "i0[14]" in ../../RTL/foc/pi_controller.v(87)
SYN-5013 WARNING: Undriven net: model "foc_controller" / net "I_iq_aim[13]" in ../../RTL/fpga_top.v(40)
SYN-5014 WARNING: the net's pin: pin "I_iq_aim[13]" in ../../RTL/fpga_top.v(40)
SYN-5014 WARNING: the net's pin: pin "i0[13]" in ../../RTL/foc/pi_controller.v(87)
SYN-5013 WARNING: Undriven net: model "foc_controller" / net "I_iq_aim[12]" in ../../RTL/fpga_top.v(40)
SYN-5014 WARNING: the net's pin: pin "I_iq_aim[12]" in ../../RTL/fpga_top.v(40)
SYN-5014 WARNING: the net's pin: pin "i0[12]" in ../../RTL/foc/pi_controller.v(87)
SYN-5013 WARNING: Undriven net: model "foc_controller" / net "I_iq_aim[11]" in ../../RTL/fpga_top.v(40)
SYN-5014 WARNING: the net's pin: pin "I_iq_aim[11]" in ../../RTL/fpga_top.v(40)
SYN-5014 WARNING: the net's pin: pin "i0[11]" in ../../RTL/foc/pi_controller.v(87)
SYN-5013 WARNING: Undriven net: model "foc_controller" / net "I_iq_aim[10]" in ../../RTL/fpga_top.v(40)
SYN-5014 WARNING: the net's pin: pin "I_iq_aim[10]" in ../../RTL/fpga_top.v(40)
SYN-5014 WARNING: the net's pin: pin "i0[10]" in ../../RTL/foc/pi_controller.v(87)
SYN-5013 WARNING: Undriven net: model "foc_controller" / net "I_iq_aim[9]" in ../../RTL/fpga_top.v(40)
SYN-5014 WARNING: the net's pin: pin "I_iq_aim[9]" in ../../RTL/fpga_top.v(40)
SYN-5014 WARNING: the net's pin: pin "i0[9]" in ../../RTL/foc/pi_controller.v(87)
SYN-5013 WARNING: Undriven net: model "foc_controller" / net "I_iq_aim[8]" in ../../RTL/fpga_top.v(40)
SYN-5014 WARNING: the net's pin: pin "I_iq_aim[8]" in ../../RTL/fpga_top.v(40)
SYN-5014 WARNING: the net's pin: pin "i0[8]" in ../../RTL/foc/pi_controller.v(87)
SYN-5013 WARNING: Undriven net: model "foc_controller" / net "I_iq_aim[7]" in ../../RTL/fpga_top.v(40)
SYN-5014 WARNING: the net's pin: pin "I_iq_aim[7]" in ../../RTL/fpga_top.v(40)
SYN-5014 WARNING: the net's pin: pin "i0[7]" in ../../RTL/foc/pi_controller.v(87)
SYN-5013 WARNING: Undriven net: model "foc_controller" / net "I_iq_aim[6]" in ../../RTL/fpga_top.v(40)
SYN-5014 WARNING: the net's pin: pin "I_iq_aim[6]" in ../../RTL/fpga_top.v(40)
SYN-5014 WARNING: the net's pin: pin "i0[6]" in ../../RTL/foc/pi_controller.v(87)
SYN-5013 WARNING: Undriven net: model "foc_controller" / net "I_iq_aim[5]" in ../../RTL/fpga_top.v(40)
SYN-5014 WARNING: the net's pin: pin "I_iq_aim[5]" in ../../RTL/fpga_top.v(40)
SYN-5014 WARNING: the net's pin: pin "i0[5]" in ../../RTL/foc/pi_controller.v(87)
SYN-5013 WARNING: Undriven net: model "foc_controller" / net "I_iq_aim[4]" in ../../RTL/fpga_top.v(40)
SYN-5014 WARNING: the net's pin: pin "I_iq_aim[4]" in ../../RTL/fpga_top.v(40)
SYN-5014 WARNING: the net's pin: pin "i0[4]" in ../../RTL/foc/pi_controller.v(87)
SYN-5013 WARNING: Undriven net: model "foc_controller" / net "I_iq_aim[3]" in ../../RTL/fpga_top.v(40)
SYN-5014 WARNING: the net's pin: pin "I_iq_aim[3]" in ../../RTL/fpga_top.v(40)
SYN-5014 WARNING: the net's pin: pin "i0[3]" in ../../RTL/foc/pi_controller.v(87)
SYN-5013 WARNING: Undriven net: model "foc_controller" / net "I_iq_aim[2]" in ../../RTL/fpga_top.v(40)
SYN-5014 WARNING: the net's pin: pin "I_iq_aim[2]" in ../../RTL/fpga_top.v(40)
SYN-5014 WARNING: the net's pin: pin "i0[2]" in ../../RTL/foc/pi_controller.v(87)
SYN-5013 WARNING: Undriven net: model "foc_controller" / net "I_iq_aim[1]" in ../../RTL/fpga_top.v(40)
SYN-5014 WARNING: the net's pin: pin "I_iq_aim[1]" in ../../RTL/fpga_top.v(40)
SYN-5014 WARNING: the net's pin: pin "i0[1]" in ../../RTL/foc/pi_controller.v(87)
SYN-5013 WARNING: Undriven net: model "foc_controller" / net "I_iq_aim[0]" in ../../RTL/fpga_top.v(40)
SYN-5014 WARNING: the net's pin: pin "I_iq_aim[0]" in ../../RTL/fpga_top.v(40)
SYN-5014 WARNING: the net's pin: pin "i0[0]" in ../../RTL/foc/pi_controller.v(87)
SYN-5013 WARNING: Undriven net: model "foc_controller" / net "u_as5600_encoder/u_as5600_read/clk" in ../../RTL/i2c_register_read.v(15)
SYN-5014 WARNING: the net's pin: pin "clk" in ../../RTL/i2c_register_read.v(37)
SYN-5014 WARNING: the net's pin: pin "clk" in ../../RTL/i2c_register_read.v(53)
SYN-5014 WARNING: the net's pin: pin "clk" in ../../RTL/i2c_register_read.v(53)
SYN-5014 WARNING: the net's pin: pin "clk" in ../../RTL/i2c_register_read.v(53)
SYN-5014 WARNING: the net's pin: pin "clk" in ../../RTL/i2c_register_read.v(53)
SYN-5014 WARNING: the net's pin: pin "clk" in ../../RTL/i2c_register_read.v(53)
SYN-5014 WARNING: the net's pin: pin "clk" in ../../RTL/i2c_register_read.v(53)
SYN-5014 WARNING: the net's pin: pin "clk" in ../../RTL/i2c_register_read.v(53)
SYN-5014 WARNING: the net's pin: pin "clk" in ../../RTL/i2c_register_read.v(53)
SYN-5014 WARNING: the net's pin: pin "clk" in ../../RTL/i2c_register_read.v(37)
SYN-5014 Similar messages will be suppressed.
SYN-5013 WARNING: Undriven net: model "foc_controller" / net "u_as5600_encoder/u_as5600_read/rstn" in ../../RTL/i2c_register_read.v(14)
SYN-5014 WARNING: the net's pin: pin "I" in ../../RTL/i2c_register_read.v(37)
SYN-5025 WARNING: Using 0 for all undriven pins and nets
SYN-1032 : 6423/450 useful/useless nets, 5029/547 useful/useless insts
SYN-1014 : Optimize round 1
SYN-1017 : Remove 75 const input seq instances
SYN-1002 :     u_adc_ad7928/reg2_syn_8
SYN-1002 :     u_as5600_encoder/u_as5600_read/done_reg
SYN-1002 :     u_as5600_encoder/u_as5600_read/epoch_reg
SYN-1002 :     u_as5600_encoder/u_as5600_read/reg0_syn_2
SYN-1002 :     u_as5600_encoder/u_as5600_read/reg0_syn_3
SYN-1002 :     u_as5600_encoder/u_as5600_read/reg0_syn_4
SYN-1002 :     u_as5600_encoder/u_as5600_read/reg0_syn_5
SYN-1002 :     u_as5600_encoder/u_as5600_read/reg0_syn_6
SYN-1002 :     u_as5600_encoder/u_as5600_read/reg0_syn_7
SYN-1002 :     u_as5600_encoder/u_as5600_read/reg0_syn_8
SYN-1002 :     u_as5600_encoder/u_as5600_read/reg0_syn_9
SYN-1002 :     u_as5600_encoder/u_as5600_read/reg0_syn_10
SYN-1002 :     u_as5600_encoder/u_as5600_read/reg0_syn_11
SYN-1002 :     u_as5600_encoder/u_as5600_read/reg0_syn_12
SYN-1002 :     u_as5600_encoder/u_as5600_read/reg0_syn_13
SYN-1002 :     u_as5600_encoder/u_as5600_read/reg0_syn_14
SYN-1002 :     u_as5600_encoder/u_as5600_read/reg0_syn_15
SYN-1002 :     u_as5600_encoder/u_as5600_read/reg0_syn_16
SYN-1002 :     u_as5600_encoder/u_as5600_read/reg0_syn_17
SYN-1002 :     u_as5600_encoder/u_as5600_read/reg1_syn_2
SYN-1002 :     u_as5600_encoder/u_as5600_read/reg1_syn_3
SYN-1002 :     u_as5600_encoder/u_as5600_read/reg1_syn_4
SYN-1002 :     u_as5600_encoder/u_as5600_read/reg1_syn_5
SYN-1002 :     u_as5600_encoder/u_as5600_read/reg1_syn_6
SYN-1002 :     u_as5600_encoder/u_as5600_read/reg1_syn_7
SYN-1002 :     u_as5600_encoder/u_as5600_read/reg1_syn_8
SYN-1002 :     u_as5600_encoder/u_as5600_read/reg1_syn_9
SYN-1002 :     u_as5600_encoder/u_as5600_read/reg2_syn_2
SYN-1002 :     u_as5600_encoder/u_as5600_read/reg2_syn_3
SYN-1002 :     u_as5600_encoder/u_as5600_read/reg2_syn_4
SYN-1002 :     u_as5600_encoder/u_as5600_read/reg2_syn_5
SYN-1002 :     u_as5600_encoder/u_as5600_read/reg2_syn_6
SYN-1002 :     u_as5600_encoder/u_as5600_read/reg2_syn_7
SYN-1002 :     u_as5600_encoder/u_as5600_read/reg2_syn_8
SYN-1002 :     u_as5600_encoder/u_as5600_read/reg2_syn_9
SYN-1002 :     u_as5600_encoder/u_as5600_read/reg2_syn_10
SYN-1002 :     u_as5600_encoder/u_as5600_read/reg2_syn_11
SYN-1002 :     u_as5600_encoder/u_as5600_read/reg2_syn_12
SYN-1002 :     u_as5600_encoder/u_as5600_read/reg2_syn_13
SYN-1002 :     u_as5600_encoder/u_as5600_read/reg3_syn_2
SYN-1002 :     u_as5600_encoder/u_as5600_read/reg3_syn_3
SYN-1002 :     u_as5600_encoder/u_as5600_read/reg3_syn_4
SYN-1002 :     u_as5600_encoder/u_as5600_read/reg3_syn_5
SYN-1002 :     u_as5600_encoder/u_as5600_read/reg3_syn_6
SYN-1002 :     u_as5600_encoder/u_as5600_read/reg3_syn_7
SYN-1002 :     u_as5600_encoder/u_as5600_read/reg3_syn_8
SYN-1002 :     u_as5600_encoder/u_as5600_read/reg3_syn_9
SYN-1002 :     u_as5600_encoder/u_as5600_read/reg3_syn_10
SYN-1002 :     u_as5600_encoder/u_as5600_read/reg3_syn_11
SYN-1002 :     u_as5600_encoder/u_as5600_read/reg3_syn_12
SYN-1002 :     u_as5600_encoder/u_as5600_read/reg3_syn_13
SYN-1002 :     u_as5600_encoder/u_as5600_read/reg4_syn_2
SYN-1002 :     u_as5600_encoder/u_as5600_read/reg4_syn_3
SYN-1002 :     u_as5600_encoder/u_as5600_read/reg4_syn_4
SYN-1002 :     u_as5600_encoder/u_as5600_read/reg4_syn_5
SYN-1002 :     u_as5600_encoder/u_as5600_read/reg4_syn_6
SYN-1002 :     u_as5600_encoder/u_as5600_read/reg4_syn_7
SYN-1002 :     u_as5600_encoder/u_as5600_read/reg4_syn_8
SYN-1002 :     u_as5600_encoder/u_as5600_read/reg4_syn_9
SYN-1002 :     u_as5600_encoder/u_as5600_read/scl_reg
SYN-1002 :     u_as5600_encoder/u_as5600_read/sda_e_reg
SYN-1002 :     u_as5600_encoder/u_as5600_read/sda_o_reg
SYN-1002 :     u_foc_top/u_clark_tr/reg0_syn_2
SYN-1002 :     u_as5600_encoder/reg0_syn_2
SYN-1002 :     u_as5600_encoder/reg0_syn_3
SYN-1002 :     u_as5600_encoder/reg0_syn_4
SYN-1002 :     u_as5600_encoder/reg0_syn_5
SYN-1002 :     u_as5600_encoder/reg0_syn_6
SYN-1002 :     u_as5600_encoder/reg0_syn_7
SYN-1002 :     u_as5600_encoder/reg0_syn_8
SYN-1002 :     u_as5600_encoder/reg0_syn_9
SYN-1002 :     u_as5600_encoder/reg0_syn_10
SYN-1002 :     u_as5600_encoder/reg0_syn_11
SYN-1002 :     u_as5600_encoder/reg0_syn_12
SYN-1002 :     u_as5600_encoder/reg0_syn_13
SYN-1019 : Optimized 216 mux instances.
SYN-1021 : Optimized 190 onehot mux instances.
SYN-1020 : Optimized 328 distributor mux.
SYN-1001 : Optimize 6 less-than instances
SYN-1019 : Optimized 5 mux instances.
SYN-1016 : Merged 710 instances.
SYN-1015 : Optimize round 1, 3888 better
SYN-1014 : Optimize round 2
SYN-1032 : 4860/120 useful/useless nets, 3521/387 useful/useless insts
SYN-1017 : Remove 4 const input seq instances
SYN-1002 :     u_foc_top/u_id_pi/reg0_syn_11
SYN-1002 :     u_foc_top/u_svpwm/reg11_syn_12
SYN-1002 :     u_hall_encoder/reg0_syn_12
SYN-1002 :     u_foc_top/u_id_pi/reg1_syn_11
SYN-1019 : Optimized 12 mux instances.
SYN-1015 : Optimize round 2, 494 better
SYN-1032 : 4830/13 useful/useless nets, 3503/0 useful/useless insts
SYN-3008 : Optimized 2 const1 DFF(s)
SYN-3003 : Optimized 1 equivalent DFF(s)
SYN-3003 : Optimized 1 equivalent DFF(s)
SYN-3003 : Optimized 1 equivalent DFF(s)
SYN-3003 : Optimized 1 equivalent DFF(s)
SYN-3004 : Optimized 21 const0 DFF(s)
SYN-1032 : 4741/89 useful/useless nets, 3428/48 useful/useless insts
SYN-1014 : Optimize round 1
SYN-1019 : Optimized 14 mux instances.
SYN-1016 : Merged 26 instances.
SYN-1015 : Optimize round 1, 69 better
SYN-1014 : Optimize round 2
SYN-1032 : 4677/25 useful/useless nets, 3384/0 useful/useless insts
SYN-1015 : Optimize round 2, 4 better
SYN-1014 : Optimize round 3
SYN-1015 : Optimize round 3, 0 better
RUN-1003 : finish command "optimize_rtl" in  4.130257s wall, 1.859375s user + 0.296875s system = 2.156250s CPU (52.2%)

RUN-1004 : used memory is 202 MB, reserved memory is 173 MB, peak memory is 222 MB
RUN-1002 : start command "report_area -file FOC_Controller_rtl.area"
RUN-1001 : standard
***Report Model: foc_controller Device: SF1S60CG121I***

IO Statistics
#IO                        99
  #input                   10
  #output                  88
  #inout                    1

Gate Statistics
#Basic gates             2130
  #and                    188
  #nand                     0
  #or                     134
  #nor                      0
  #xor                      0
  #xnor                     0
  #buf                      0
  #not                     44
  #bufif1                   1
  #MX21                    96
  #FADD                     0
  #DFF                   1667
  #LATCH                    0
#MACRO_ADD                101
#MACRO_EQ                  29
#MACRO_MULT                11
#MACRO_MUX               1106
#MACRO_OTHERS               4

Report Hierarchy Area:
+-----------------------------------------------------------------+
|Instance              |Module            |gates  |seq    |macros |
+-----------------------------------------------------------------+
|top                   |foc_controller    |463    |1667   |145    |
|  u_adc_ad7928        |adc_ad7928        |69     |76     |11     |
|  u_as5600_encoder    |as5600_encoder    |1      |0      |0      |
|    u_as5600_read     |i2c_register_read |1      |0      |0      |
|  u_foc_top           |foc_top           |370    |1224   |118    |
|    u_adc_sn_ctrl     |hold_detect       |5      |10     |3      |
|    u_cartesian2polar |cartesian2polar   |38     |189    |22     |
|    u_clark_tr        |clark_tr          |0      |130    |11     |
|    u_id_pi           |pi_controller     |12     |175    |13     |
|    u_iq_pi           |pi_controller     |12     |169    |13     |
|    u_park_tr         |park_tr           |14     |250    |16     |
|      u_sincos        |sincos            |14     |88     |10     |
|    u_svpwm           |svpwm             |284    |208    |30     |
|  u_hall_encoder      |hall_encoder      |13     |367    |16     |
+-----------------------------------------------------------------+

RUN-1002 : start command "export_db FOC_Controller_rtl.db"
RUN-1001 : Exported /
RUN-1001 : Exported flow parameters
RUN-1001 : Exported libs
RUN-1001 : Exported entities
RUN-1001 : Exported ports
RUN-1001 : Exported pins
RUN-1001 : Exported instances
RUN-1001 : Exported nets
RUN-1001 : Exported buses
RUN-1001 : Exported models
RUN-1001 : Exported congestions
RUN-1001 : Exported violations
RUN-1001 : Exported IO constraints
RUN-1001 : Exported Inst constraints
RUN-1002 : start command "optimize_gate -maparea FOC_Controller_gate.area"
RUN-1001 : Open license file D:/Anlogic/TD5.6.2/license/Anlogic.lic
RUN-1001 : Print Global Property
RUN-1001 : ---------------------------------------------------------------
RUN-1001 :        Parameters        |  Settings  |  Default Values  |  Note  
RUN-1001 : ---------------------------------------------------------------
RUN-1001 :          message         |  standard  |     standard     |        
RUN-1001 :   mixed_pack_place_flow  |     on     |        on        |        
RUN-1001 :        qor_monitor       |    off     |       off        |        
RUN-1001 :        syn_ip_flow       |    off     |       off        |        
RUN-1001 :          thread          |    auto    |       auto       |        
RUN-1001 : ---------------------------------------------------------------
RUN-1001 : Print Gate Property
RUN-1001 : ------------------------------------------------------------------
RUN-1001 :          Parameters         |  Settings  |  Default Values  |  Note  
RUN-1001 : ------------------------------------------------------------------
RUN-1001 :         cascade_dsp         |    off     |       off        |        
RUN-1001 :         cascade_eram        |    off     |       off        |        
RUN-1001 :        gate_sim_model       |    off     |       off        |        
RUN-1001 :        map_sim_model        |    off     |       off        |        
RUN-1001 :         map_strategy        |     1      |        1         |        
RUN-1001 :           opt_area          |   medium   |      medium      |        
RUN-1001 :          opt_timing         |    auto    |       auto       |        
RUN-1001 :         pack_effort         |   medium   |      medium      |        
RUN-1001 :      pack_lslice_ripple     |     on     |        on        |        
RUN-1001 :   pack_lslice_ripple_ratio  |    0.5     |       0.5        |        
RUN-1001 :        pack_seq_in_io       |    auto    |       auto       |        
RUN-1001 :        ph1_mux_ratio        |    1.0     |       1.0        |        
RUN-1001 :            report           |  standard  |     standard     |        
RUN-1001 :           retiming          |    off     |       off        |        
RUN-1001 : ------------------------------------------------------------------
SYN-8226 ERROR: Design's pad number: 97, exceeds the limit of device pad number: 55.
RUN-1002 : start command "backup_run_log run.log ../.logs/syn_1/td_20231108_115655.log"
