============================================================
   Tang Dynasty, V5.6.71036
      Copyright (c) 2012-2023 Anlogic Inc.
   Executable = D:/Anlogic/TD5.6.2/bin/td.exe
   Built at =   20:34:38 Mar 21 2023
   Run by =     15597
   Run Date =   Fri Nov 10 01:44:46 2023

   Run on =     XR097-DELL-G7
============================================================
RUN-1002 : start command "open_project FOC_Controller.prj"
RUN-1001 : Print Global Property
RUN-1001 : ---------------------------------------------------------------
RUN-1001 :        Parameters        |  Settings  |  Default Values  |  Note  
RUN-1001 : ---------------------------------------------------------------
RUN-1001 :          message         |  standard  |     standard     |        
RUN-1001 :   mixed_pack_place_flow  |     on     |        on        |        
RUN-1001 :        qor_monitor       |    off     |       off        |        
RUN-1001 :        syn_ip_flow       |    off     |       off        |        
RUN-1001 :          thread          |    auto    |       auto       |        
RUN-1001 : ---------------------------------------------------------------
RUN-1001 : Print Design Property
RUN-1001 : --------------------------------------------------------------
RUN-1001 :        Parameters       |  Settings  |  Default Values  |  Note  
RUN-1001 : --------------------------------------------------------------
RUN-1001 :   default_reg_initial   |    auto    |       auto       |        
RUN-1001 :        infer_add        |     on     |        on        |        
RUN-1001 :        infer_fsm        |    off     |       off        |        
RUN-1001 :        infer_mult       |     on     |        on        |        
RUN-1001 :        infer_ram        |     on     |        on        |        
RUN-1001 :        infer_reg        |     on     |        on        |        
RUN-1001 :   infer_reg_init_value  |     on     |        on        |        
RUN-1001 :        infer_rom        |     on     |        on        |        
RUN-1001 :      infer_shifter      |     on     |        on        |        
RUN-1001 : --------------------------------------------------------------
RUN-1001 : Print Rtl Property
RUN-1001 : --------------------------------------------------------------
RUN-1001 :        Parameters       |  Settings  |  Default Values  |  Note  
RUN-1001 : --------------------------------------------------------------
RUN-1001 :       compress_add      |   ripple   |      ripple      |        
RUN-1001 :        elf_sload        |    off     |       off        |        
RUN-1001 :       fix_undriven      |     0      |        0         |        
RUN-1001 :         flatten         |    off     |       off        |        
RUN-1001 :       gate_sharing      |     on     |        on        |        
RUN-1001 :    hdl_warning_level    |   normal   |      normal      |        
RUN-1001 :   impl_internal_tribuf  |     on     |        on        |        
RUN-1001 :      impl_set_reset     |     on     |        on        |        
RUN-1001 :        infer_gsr        |    off     |       off        |        
RUN-1001 :      keep_hierarchy     |    auto    |       auto       |        
RUN-1001 :        max_fanout       |    9999    |       9999       |        
RUN-1001 :      max_oh2bin_len     |     10     |        10        |        
RUN-1001 :       merge_equal       |     on     |        on        |        
RUN-1001 :       merge_equiv       |     on     |        on        |        
RUN-1001 :        merge_mux        |    off     |       off        |        
RUN-1001 :     min_control_set     |     8      |        8         |        
RUN-1001 :      min_ripple_len     |    auto    |       auto       |        
RUN-1001 :       oh2bin_ratio      |    0.08    |       0.08       |        
RUN-1001 :     opt_adder_fanout    |     on     |        on        |        
RUN-1001 :        opt_arith        |     on     |        on        |        
RUN-1001 :       opt_big_gate      |    off     |       off        |        
RUN-1001 :        opt_const        |     on     |        on        |        
RUN-1001 :      opt_const_mult     |     on     |        on        |        
RUN-1001 :       opt_lessthan      |     on     |        on        |        
RUN-1001 :         opt_mux         |    off     |       off        |        
RUN-1001 :         opt_ram         |    high    |       high       |        
RUN-1001 :      rtl_sim_model      |    off     |       off        |        
RUN-1001 :         seq_syn         |     on     |        on        |        
RUN-1001 : --------------------------------------------------------------
HDL-1007 : analyze verilog file ../../al_ip/divider_gate.v
HDL-1007 : undeclared symbol 'open_n2', assumed default net type 'wire' in ../../al_ip/divider_gate.v(209)
HDL-1007 : undeclared symbol 'open_n3', assumed default net type 'wire' in ../../al_ip/divider_gate.v(216)
HDL-1007 : undeclared symbol 'open_n4', assumed default net type 'wire' in ../../al_ip/divider_gate.v(223)
HDL-1007 : undeclared symbol 'open_n5', assumed default net type 'wire' in ../../al_ip/divider_gate.v(230)
HDL-1007 : undeclared symbol 'open_n6', assumed default net type 'wire' in ../../al_ip/divider_gate.v(237)
HDL-1007 : undeclared symbol 'open_n7', assumed default net type 'wire' in ../../al_ip/divider_gate.v(244)
HDL-1007 : undeclared symbol 'open_n8', assumed default net type 'wire' in ../../al_ip/divider_gate.v(251)
HDL-1007 : undeclared symbol 'open_n9', assumed default net type 'wire' in ../../al_ip/divider_gate.v(258)
HDL-1007 : undeclared symbol 'open_n10', assumed default net type 'wire' in ../../al_ip/divider_gate.v(265)
HDL-1007 : undeclared symbol 'open_n11', assumed default net type 'wire' in ../../al_ip/divider_gate.v(272)
HDL-1007 : undeclared symbol 'open_n12', assumed default net type 'wire' in ../../al_ip/divider_gate.v(279)
HDL-1007 : undeclared symbol 'open_n13', assumed default net type 'wire' in ../../al_ip/divider_gate.v(286)
HDL-1007 : undeclared symbol 'open_n14', assumed default net type 'wire' in ../../al_ip/divider_gate.v(293)
HDL-1007 : undeclared symbol 'open_n15', assumed default net type 'wire' in ../../al_ip/divider_gate.v(300)
HDL-1007 : undeclared symbol 'open_n16', assumed default net type 'wire' in ../../al_ip/divider_gate.v(307)
HDL-1007 : undeclared symbol 'open_n17', assumed default net type 'wire' in ../../al_ip/divider_gate.v(314)
HDL-1007 : undeclared symbol 'open_n18', assumed default net type 'wire' in ../../al_ip/divider_gate.v(321)
HDL-1007 : undeclared symbol 'open_n19', assumed default net type 'wire' in ../../al_ip/divider_gate.v(328)
HDL-1007 : undeclared symbol 'open_n20', assumed default net type 'wire' in ../../al_ip/divider_gate.v(335)
HDL-1007 : undeclared symbol 'open_n21', assumed default net type 'wire' in ../../al_ip/divider_gate.v(342)
HDL-1007 : undeclared symbol 'open_n22', assumed default net type 'wire' in ../../al_ip/divider_gate.v(349)
HDL-1007 : undeclared symbol 'open_n23', assumed default net type 'wire' in ../../al_ip/divider_gate.v(356)
HDL-1007 : undeclared symbol 'open_n24', assumed default net type 'wire' in ../../al_ip/divider_gate.v(363)
HDL-1007 : undeclared symbol 'open_n25', assumed default net type 'wire' in ../../al_ip/divider_gate.v(370)
HDL-1007 : undeclared symbol 'open_n26', assumed default net type 'wire' in ../../al_ip/divider_gate.v(377)
HDL-1007 : undeclared symbol 'open_n29', assumed default net type 'wire' in ../../al_ip/divider_gate.v(1424)
HDL-1007 : undeclared symbol 'open_n30', assumed default net type 'wire' in ../../al_ip/divider_gate.v(1431)
HDL-1007 : analyze verilog file ../../hall_sensor.v
RUN-1001 : Project manager successfully analyzed 2 source files.
RUN-1002 : start command "import_device sf1_6.db -package SF1S60CG121I"
ARC-1001 : Device Initialization.
ARC-1001 : -------------------------------------------------
ARC-1001 :       OPTION       |      IO       |   SETTING   
ARC-1001 : -------------------------------------------------
ARC-1001 :        done        |      B4       |    gpio    
ARC-1001 :        initn       |      A5       |    gpio    
ARC-1001 :       jtagen       |      B7       |    gpio    
ARC-1001 :      programn      |      B5       |  dedicate  
ARC-1001 :   tdi/tms/tck/tdo  |  C4/A6/A7/C5  |  dedicate  
ARC-1001 : -------------------------------------------------
ARC-1004 : Device setting, marked 5 dedicate IOs in total.
RUN-1002 : start command "elaborate -top hall_encoder"
RUN-1001 : Print Design Property
RUN-1001 : --------------------------------------------------------------
RUN-1001 :        Parameters       |  Settings  |  Default Values  |  Note  
RUN-1001 : --------------------------------------------------------------
RUN-1001 :   default_reg_initial   |    auto    |       auto       |        
RUN-1001 :        infer_add        |     on     |        on        |        
RUN-1001 :        infer_fsm        |    off     |       off        |        
RUN-1001 :        infer_mult       |     on     |        on        |        
RUN-1001 :        infer_ram        |     on     |        on        |        
RUN-1001 :        infer_reg        |     on     |        on        |        
RUN-1001 :   infer_reg_init_value  |     on     |        on        |        
RUN-1001 :        infer_rom        |     on     |        on        |        
RUN-1001 :      infer_shifter      |     on     |        on        |        
RUN-1001 : --------------------------------------------------------------
RUN-1001 : Print Rtl Property
RUN-1001 : --------------------------------------------------------------
RUN-1001 :        Parameters       |  Settings  |  Default Values  |  Note  
RUN-1001 : --------------------------------------------------------------
RUN-1001 :       compress_add      |   ripple   |      ripple      |        
RUN-1001 :        elf_sload        |    off     |       off        |        
RUN-1001 :       fix_undriven      |     0      |        0         |        
RUN-1001 :         flatten         |    off     |       off        |        
RUN-1001 :       gate_sharing      |     on     |        on        |        
RUN-1001 :    hdl_warning_level    |   normal   |      normal      |        
RUN-1001 :   impl_internal_tribuf  |     on     |        on        |        
RUN-1001 :      impl_set_reset     |     on     |        on        |        
RUN-1001 :        infer_gsr        |    off     |       off        |        
RUN-1001 :      keep_hierarchy     |    auto    |       auto       |        
RUN-1001 :        max_fanout       |    9999    |       9999       |        
RUN-1001 :      max_oh2bin_len     |     10     |        10        |        
RUN-1001 :       merge_equal       |     on     |        on        |        
RUN-1001 :       merge_equiv       |     on     |        on        |        
RUN-1001 :        merge_mux        |    off     |       off        |        
RUN-1001 :     min_control_set     |     8      |        8         |        
RUN-1001 :      min_ripple_len     |    auto    |       auto       |        
RUN-1001 :       oh2bin_ratio      |    0.08    |       0.08       |        
RUN-1001 :     opt_adder_fanout    |     on     |        on        |        
RUN-1001 :        opt_arith        |     on     |        on        |        
RUN-1001 :       opt_big_gate      |    off     |       off        |        
RUN-1001 :        opt_const        |     on     |        on        |        
RUN-1001 :      opt_const_mult     |     on     |        on        |        
RUN-1001 :       opt_lessthan      |     on     |        on        |        
RUN-1001 :         opt_mux         |    off     |       off        |        
RUN-1001 :         opt_ram         |    high    |       high       |        
RUN-1001 :      rtl_sim_model      |    off     |       off        |        
RUN-1001 :         seq_syn         |     on     |        on        |        
RUN-1001 : --------------------------------------------------------------
RUN-1001 : Print Global Property
RUN-1001 : ---------------------------------------------------------------
RUN-1001 :        Parameters        |  Settings  |  Default Values  |  Note  
RUN-1001 : ---------------------------------------------------------------
RUN-1001 :          message         |  standard  |     standard     |        
RUN-1001 :   mixed_pack_place_flow  |     on     |        on        |        
RUN-1001 :        qor_monitor       |    off     |       off        |        
RUN-1001 :        syn_ip_flow       |    off     |       off        |        
RUN-1001 :          thread          |    auto    |       auto       |        
RUN-1001 : ---------------------------------------------------------------
RUN-1001 : Print Design Property
RUN-1001 : --------------------------------------------------------------
RUN-1001 :        Parameters       |  Settings  |  Default Values  |  Note  
RUN-1001 : --------------------------------------------------------------
RUN-1001 :   default_reg_initial   |    auto    |       auto       |        
RUN-1001 :        infer_add        |     on     |        on        |        
RUN-1001 :        infer_fsm        |    off     |       off        |        
RUN-1001 :        infer_mult       |     on     |        on        |        
RUN-1001 :        infer_ram        |     on     |        on        |        
RUN-1001 :        infer_reg        |     on     |        on        |        
RUN-1001 :   infer_reg_init_value  |     on     |        on        |        
RUN-1001 :        infer_rom        |     on     |        on        |        
RUN-1001 :      infer_shifter      |     on     |        on        |        
RUN-1001 : --------------------------------------------------------------
HDL-1007 : elaborate module hall_encoder in ../../hall_sensor.v(1)
HDL-5007 WARNING: port 'b' is not connected on this instance in ../../al_ip/divider_gate.v(205)
HDL-5007 WARNING: port 'b' is not connected on this instance in ../../al_ip/divider_gate.v(1420)
HDL-1007 : elaborate module Divider in ../../al_ip/divider_gate.v(5)
HDL-1007 : elaborate module AL_MAP_LUT4(INIT=16'b01000000000,EQN="(D*~C*~B*A)") in D:/Anlogic/TD5.6.2/arch/al_lmacro.v(24)
HDL-1007 : elaborate module AL_MAP_LUT2(INIT=4'b01,EQN="(~B*~A)") in D:/Anlogic/TD5.6.2/arch/al_lmacro.v(48)
HDL-1007 : elaborate module AL_MAP_LUT5(INIT=32'b11001111110011111100111111001101,EQN="~(~B*~(~C*~(~E*~D*A)))") in D:/Anlogic/TD5.6.2/arch/al_lmacro.v(13)
HDL-1007 : elaborate module AL_MAP_LUT3(INIT=8'b010100,EQN="(~A*(C@B))") in D:/Anlogic/TD5.6.2/arch/al_lmacro.v(36)
HDL-1007 : elaborate module AL_MAP_LUT5(INIT=32'b010010000100000001001000010010,EQN="(~B*(A*~(C)*~((E*~D))+~(A)*C*~((E*~D))+~(A)*C*(E*~D)))") in D:/Anlogic/TD5.6.2/arch/al_lmacro.v(13)
HDL-1007 : elaborate module AL_MAP_LUT4(INIT=16'b01001100100000,EQN="(~B*(D@(C*A)))") in D:/Anlogic/TD5.6.2/arch/al_lmacro.v(24)
HDL-1007 : elaborate module AL_MAP_LUT2(INIT=4'b1000,EQN="(B*A)") in D:/Anlogic/TD5.6.2/arch/al_lmacro.v(48)
HDL-1007 : elaborate module AL_MAP_LUT5(INIT=32'b010011001100010010000000000000,EQN="(~B*(A*C*D*~(E)+~(A)*~(C)*~(D)*E+~(A)*C*~(D)*E+A*C*~(D)*E+~(A)*~(C)*D*E+A*~(C)*D*E+~(A)*C*D*E))") in D:/Anlogic/TD5.6.2/arch/al_lmacro.v(13)
HDL-1007 : elaborate module AL_MAP_LUT3(INIT=8'b10111000,EQN="(C*~(A)*~(B)+C*A*~(B)+~(C)*A*B+C*A*B)") in D:/Anlogic/TD5.6.2/arch/al_lmacro.v(36)
HDL-1007 : elaborate module AL_DFF_0 in D:/Anlogic/TD5.6.2/arch/al_lmacro.v(206)
HDL-1007 : elaborate module AL_MAP_ADDER(ALUTYPE="A_LE_B_CARRY") in D:/Anlogic/TD5.6.2/arch/al_lmacro.v(72)
HDL-1007 : elaborate module AL_MAP_ADDER(ALUTYPE="A_LE_B") in D:/Anlogic/TD5.6.2/arch/al_lmacro.v(72)
HDL-1007 : elaborate module AL_MAP_LUT5(INIT=32'b10111011101110001000101110001000,EQN="((D*~(E)*~(C)+D*E*~(C)+~(D)*E*C+D*E*C)*~(A)*~(B)+(D*~(E)*~(C)+D*E*~(C)+~(D)*E*C+D*E*C)*A*~(B)+~((D*~(E)*~(C)+D*E*~(C)+~(D)*E*C+D*E*C))*A*B+(D*~(E)*~(C)+D*E*~(C)+~(D)*E*C+D*E*C)*A*B)") in D:/Anlogic/TD5.6.2/arch/al_lmacro.v(13)
HDL-1007 : elaborate module AL_MAP_ADDER(ALUTYPE="SUB") in D:/Anlogic/TD5.6.2/arch/al_lmacro.v(72)
HDL-1007 : elaborate module AL_MAP_ADDER(ALUTYPE="SUB_CARRY") in D:/Anlogic/TD5.6.2/arch/al_lmacro.v(72)
HDL-5007 WARNING: input port 'b' is not connected on this instance in ../../al_ip/divider_gate.v(207)
HDL-5007 WARNING: input port 'b' is not connected on this instance in ../../al_ip/divider_gate.v(1422)
HDL-5007 WARNING: actual bit length 1 differs from formal bit length 18 for port 'quotient' in ../../hall_sensor.v(301)
HDL-1200 : Current top model is hall_encoder
HDL-1100 : Inferred 0 RAMs.
RUN-1002 : start command "export_db FOC_Controller_elaborate.db"
RUN-1001 : Exported /
RUN-1001 : Exported flow parameters
RUN-1001 : Exported libs
RUN-1001 : Exported entities
RUN-1001 : Exported ports
RUN-1001 : Exported pins
RUN-1001 : Exported instances
RUN-1001 : Exported nets
RUN-1001 : Exported buses
RUN-1001 : Exported models
RUN-1001 : Exported congestions
RUN-1001 : Exported violations
RUN-1001 : Exported IO constraints
RUN-1001 : Exported Inst constraints
RUN-1002 : start command "read_adc"
USR-1002 : read_adc file_name -trans <string> -help
USR-6010 WARNING: ADC constraints: top model pin I_clk has no constraint.
USR-6010 WARNING: ADC constraints: top model pin I_hall_dir has no constraint.
USR-6010 WARNING: ADC constraints: top model pin I_hall_u has no constraint.
USR-6010 WARNING: ADC constraints: top model pin I_hall_v has no constraint.
USR-6010 WARNING: ADC constraints: top model pin I_hall_w has no constraint.
USR-6010 WARNING: ADC constraints: top model pin I_init_done has no constraint.
USR-6010 WARNING: ADC constraints: top model pin I_insert_en has no constraint.
USR-6010 WARNING: ADC constraints: top model pin I_motor_polePair[5] has no constraint.
USR-6010 WARNING: ADC constraints: top model pin I_motor_polePair[4] has no constraint.
USR-6010 WARNING: ADC constraints: top model pin I_motor_polePair[3] has no constraint.
USR-6010 Similar messages will be suppressed.
RUN-1002 : start command "optimize_rtl"
RUN-1001 : Open license file D:/Anlogic/TD5.6.2/license/Anlogic.lic
RUN-1001 : Print Global Property
RUN-1001 : ---------------------------------------------------------------
RUN-1001 :        Parameters        |  Settings  |  Default Values  |  Note  
RUN-1001 : ---------------------------------------------------------------
RUN-1001 :          message         |  standard  |     standard     |        
RUN-1001 :   mixed_pack_place_flow  |     on     |        on        |        
RUN-1001 :        qor_monitor       |    off     |       off        |        
RUN-1001 :        syn_ip_flow       |    off     |       off        |        
RUN-1001 :          thread          |    auto    |       auto       |        
RUN-1001 : ---------------------------------------------------------------
RUN-1001 : Print Rtl Property
RUN-1001 : --------------------------------------------------------------
RUN-1001 :        Parameters       |  Settings  |  Default Values  |  Note  
RUN-1001 : --------------------------------------------------------------
RUN-1001 :       compress_add      |   ripple   |      ripple      |        
RUN-1001 :        elf_sload        |    off     |       off        |        
RUN-1001 :       fix_undriven      |     0      |        0         |        
RUN-1001 :         flatten         |    off     |       off        |        
RUN-1001 :       gate_sharing      |     on     |        on        |        
RUN-1001 :    hdl_warning_level    |   normal   |      normal      |        
RUN-1001 :   impl_internal_tribuf  |     on     |        on        |        
RUN-1001 :      impl_set_reset     |     on     |        on        |        
RUN-1001 :        infer_gsr        |    off     |       off        |        
RUN-1001 :      keep_hierarchy     |    auto    |       auto       |        
RUN-1001 :        max_fanout       |    9999    |       9999       |        
RUN-1001 :      max_oh2bin_len     |     10     |        10        |        
RUN-1001 :       merge_equal       |     on     |        on        |        
RUN-1001 :       merge_equiv       |     on     |        on        |        
RUN-1001 :        merge_mux        |    off     |       off        |        
RUN-1001 :     min_control_set     |     8      |        8         |        
RUN-1001 :      min_ripple_len     |    auto    |       auto       |        
RUN-1001 :       oh2bin_ratio      |    0.08    |       0.08       |        
RUN-1001 :     opt_adder_fanout    |     on     |        on        |        
RUN-1001 :        opt_arith        |     on     |        on        |        
RUN-1001 :       opt_big_gate      |    off     |       off        |        
RUN-1001 :        opt_const        |     on     |        on        |        
RUN-1001 :      opt_const_mult     |     on     |        on        |        
RUN-1001 :       opt_lessthan      |     on     |        on        |        
RUN-1001 :         opt_mux         |    off     |       off        |        
RUN-1001 :         opt_ram         |    high    |       high       |        
RUN-1001 :      rtl_sim_model      |    off     |       off        |        
RUN-1001 :         seq_syn         |     on     |        on        |        
RUN-1001 : --------------------------------------------------------------
SYN-1012 : SanityCheck: Model "hall_encoder"
SYN-1012 : SanityCheck: Model "Divider"
SYN-1012 : SanityCheck: Model "AL_DFF_0"
SYN-1011 : Flatten model hall_encoder
SYN-1032 : 1610/99 useful/useless nets, 323/40 useful/useless insts
SYN-1016 : Merged 38 instances.
SYN-1032 : 1512/61 useful/useless nets, 264/16 useful/useless insts
SYN-1016 : Merged 69 instances.
SYN-1032 : 1473/2 useful/useless nets, 1188/4 useful/useless insts
SYN-1014 : Optimize round 1
SYN-1021 : Optimized 6 onehot mux instances.
SYN-1020 : Optimized 13 distributor mux.
SYN-1001 : Optimize 2 less-than instances
SYN-1016 : Merged 22 instances.
SYN-1015 : Optimize round 1, 475 better
SYN-1014 : Optimize round 2
SYN-1032 : 1103/0 useful/useless nets, 818/19 useful/useless insts
SYN-1017 : Remove 2 const input seq instances
SYN-1002 :     reg1_syn_10
SYN-1002 :     reg2_syn_12
SYN-1015 : Optimize round 2, 22 better
SYN-1032 : 1099/1 useful/useless nets, 814/2 useful/useless insts
SYN-1014 : Optimize round 1
SYN-1015 : Optimize round 1, 0 better
RUN-1002 : start command "report_area -file FOC_Controller_rtl.area"
RUN-1001 : standard
***Report Model: hall_encoder Device: SF1S60CG121I***

IO Statistics
#IO                        42
  #input                   14
  #output                  28
  #inout                    0

Gate Statistics
#Basic gates              514
  #and                      7
  #nand                     0
  #or                      16
  #nor                      0
  #xor                      0
  #xnor                     0
  #buf                      0
  #not                     11
  #bufif1                   0
  #MX21                    18
  #FADD                     0
  #DFF                    462
  #LATCH                    0
#MACRO_ADD                 21
#MACRO_EQ                   8
#MACRO_MULT                 1
#MACRO_MUX                193

LUT Statistics
#Total_luts                75
  #lut4                    10
  #lut5                    21
  #lut6                     0
  #lut5_mx41                0
  #lut4_alu1b              44

Report Hierarchy Area:
+--------------------------------------------------+
|Instance    |Module       |gates  |seq    |macros |
+--------------------------------------------------+
|top         |hall_encoder |52     |462    |30     |
|  u_divider |Divider      |0      |49     |0      |
+--------------------------------------------------+

RUN-1002 : start command "export_db FOC_Controller_rtl.db"
RUN-1001 : Exported /
RUN-1001 : Exported flow parameters
RUN-1001 : Exported libs
RUN-1001 : Exported entities
RUN-1001 : Exported ports
RUN-1001 : Exported pins
RUN-1001 : Exported instances
RUN-1001 : Exported nets
RUN-1001 : Exported buses
RUN-1001 : Exported models
RUN-1001 : Exported congestions
RUN-1001 : Exported violations
RUN-1001 : Exported IO constraints
RUN-1001 : Exported Inst constraints
RUN-1002 : start command "optimize_gate -maparea FOC_Controller_gate.area"
RUN-1001 : Open license file D:/Anlogic/TD5.6.2/license/Anlogic.lic
RUN-1001 : Print Global Property
RUN-1001 : ---------------------------------------------------------------
RUN-1001 :        Parameters        |  Settings  |  Default Values  |  Note  
RUN-1001 : ---------------------------------------------------------------
RUN-1001 :          message         |  standard  |     standard     |        
RUN-1001 :   mixed_pack_place_flow  |     on     |        on        |        
RUN-1001 :        qor_monitor       |    off     |       off        |        
RUN-1001 :        syn_ip_flow       |    off     |       off        |        
RUN-1001 :          thread          |    auto    |       auto       |        
RUN-1001 : ---------------------------------------------------------------
RUN-1001 : Print Gate Property
RUN-1001 : ------------------------------------------------------------------
RUN-1001 :          Parameters         |  Settings  |  Default Values  |  Note  
RUN-1001 : ------------------------------------------------------------------
RUN-1001 :         cascade_dsp         |    off     |       off        |        
RUN-1001 :         cascade_eram        |    off     |       off        |        
RUN-1001 :        gate_sim_model       |    off     |       off        |        
RUN-1001 :        map_sim_model        |    off     |       off        |        
RUN-1001 :         map_strategy        |     1      |        1         |        
RUN-1001 :           opt_area          |   medium   |      medium      |        
RUN-1001 :          opt_timing         |    auto    |       auto       |        
RUN-1001 :         pack_effort         |   medium   |      medium      |        
RUN-1001 :      pack_lslice_ripple     |     on     |        on        |        
RUN-1001 :   pack_lslice_ripple_ratio  |    0.5     |       0.5        |        
RUN-1001 :        pack_seq_in_io       |    auto    |       auto       |        
RUN-1001 :        ph1_mux_ratio        |    1.0     |       1.0        |        
RUN-1001 :            report           |  standard  |     standard     |        
RUN-1001 :           retiming          |    off     |       off        |        
RUN-1001 : ------------------------------------------------------------------
SYN-2001 : Map 42 IOs to PADs
SYN-1032 : 1141/0 useful/useless nets, 855/1 useful/useless insts
RUN-1002 : start command "update_pll_param -module hall_encoder"
SYN-2501 : Processed 0 LOGIC_BUF instances.
SYN-2571 : Map 1 macro multiplier
SYN-2571 : Optimize after map_dsp, round 1
SYN-1032 : 1174/11 useful/useless nets, 858/0 useful/useless insts
SYN-2571 : Optimize after map_dsp, round 1, 11 better
SYN-2571 : Optimize after map_dsp, round 2
SYN-2571 : Optimize after map_dsp, round 2, 0 better
SYN-1001 : Throwback 3 control mux instances
SYN-2501 : Optimize round 1
SYN-1016 : Merged 10 instances.
SYN-2501 : Optimize round 1, 34 better
SYN-2501 : Optimize round 2
SYN-2501 : Optimize round 2, 0 better
SYN-2501 : Map 22 macro adder
SYN-3001 : Mapper mapped 7 instances into 1 LUTs, name keeping = 100%.
SYN-3001 : Mapper mapped 7 instances into 1 LUTs, name keeping = 100%.
SYN-3001 : Mapper mapped 7 instances into 1 LUTs, name keeping = 100%.
SYN-3001 : Mapper mapped 7 instances into 1 LUTs, name keeping = 100%.
SYN-3001 : Mapper mapped 7 instances into 1 LUTs, name keeping = 100%.
SYN-3001 : Mapper mapped 7 instances into 1 LUTs, name keeping = 100%.
SYN-3001 : Mapper mapped 7 instances into 1 LUTs, name keeping = 100%.
SYN-3001 : Mapper mapped 7 instances into 1 LUTs, name keeping = 100%.
SYN-3001 : Mapper mapped 7 instances into 1 LUTs, name keeping = 100%.
SYN-3001 : Mapper mapped 7 instances into 1 LUTs, name keeping = 100%.
SYN-3001 : Mapper mapped 7 instances into 1 LUTs, name keeping = 100%.
SYN-3001 : Mapper mapped 7 instances into 1 LUTs, name keeping = 100%.
SYN-3001 : Mapper mapped 7 instances into 1 LUTs, name keeping = 100%.
SYN-3001 : Mapper mapped 7 instances into 1 LUTs, name keeping = 100%.
SYN-2501 : Inferred 13 ROM instances
SYN-1019 : Optimized 15 mux instances.
SYN-1016 : Merged 27 instances.
SYN-3001 : Running gate level optimization.
SYN-2581 : Mapping with K=5, #lut = 137 (3.63), #lev = 4 (3.39)
SYN-2551 : Post LUT mapping optimization.
SYN-2581 : Mapping with K=5, #lut = 137 (3.63), #lev = 4 (3.39)
SYN-3001 : Logic optimization runtime opt =   0.02 sec, map =   0.00 sec
SYN-3001 : Mapper mapped 309 instances into 137 LUTs, name keeping = 89%.
RUN-1002 : start command "report_area -file FOC_Controller_gate.area"
RUN-1001 : standard
***Report Model: hall_encoder Device: SF1S60CG121I***

IO Statistics
#IO                        42
  #input                   14
  #output                  28
  #inout                    0

LUT Statistics
#Total_luts               585
  #lut4                   130
  #lut5                    51
  #lut6                     0
  #lut5_mx41                0
  #lut4_alu1b             404

Utilization Statistics
#lut                      585   out of   5824   10.04%
#reg                      461   out of   5824    7.92%
#le                         0
#dsp                        2   out of     10   20.00%
#bram                       0   out of     26    0.00%
  #bram9k                   0
  #fifo9k                   0
#hard-ip                    0
  #mcu                      0   out of      1    0.00%
  #dsc                      0   out of      1    0.00%
  #dsi                      0   out of      2    0.00%
  #psram controller         0   out of      2    0.00%
#pad                       42   out of     55   76.36%
  #ireg                     1
  #oreg                    14
  #treg                     0
#pll                        0   out of      2    0.00%

Report Hierarchy Area:
+-----------------------------------------------------------------------+
|Instance    |Module       |lut     |ripple  |seq     |bram    |dsp     |
+-----------------------------------------------------------------------+
|top         |hall_encoder |181     |404     |476     |0       |2       |
|  u_divider |Divider      |32      |44      |48      |0       |0       |
+-----------------------------------------------------------------------+

SYN-1001 : Packing model "hall_encoder" ...
SYN-4010 : Pack lib has 65 rtl pack models with 28 top pack blocks
SYN-1014 : Optimize round 1
SYN-1015 : Optimize round 1, 0 better
SYN-4002 : Packing 461 DFF/LATCH to SEQ ...
SYN-4009 : Pack 8 carry chain into lslice
SYN-4007 : Packing 193 adder to BLE ...
SYN-4008 : Packed 193 adder and 1 SEQ to BLE.
SYN-4007 : Packing 0 gate4 to BLE ...
SYN-4008 : Packed 0 gate4 and 0 SEQ to BLE.
SYN-4012 : Packed 0 FxMUX
RUN-1003 : finish command "optimize_gate -maparea FOC_Controller_gate.area" in  1.925347s wall, 0.703125s user + 0.000000s system = 0.703125s CPU (36.5%)

RUN-1004 : used memory is 127 MB, reserved memory is 94 MB, peak memory is 129 MB
RUN-1002 : start command "legalize_phy_inst"
SYN-1011 : Flatten model hall_encoder
RUN-1002 : start command "export_db FOC_Controller_gate.db"
RUN-1001 : Exported /
RUN-1001 : Exported flow parameters
RUN-1001 : Exported libs
RUN-1001 : Exported entities
RUN-1001 : Exported ports
RUN-1001 : Exported pins
RUN-1001 : Exported instances
RUN-1001 : Exported nets
RUN-1001 : Exported buses
RUN-1001 : Exported models
RUN-1001 : Exported congestions
RUN-1001 : Exported violations
RUN-1001 : Exported IO constraints
RUN-1001 : Exported Inst constraints
RUN-1002 : start command "backup_run_log run.log ../.logs/syn_1/td_20231110_014446.log"
