============================================================
   Tang Dynasty, V5.6.71036
      Copyright (c) 2012-2023 Anlogic Inc.
   Executable = D:/Anlogic/TD5.6.2/bin/td.exe
   Built at =   20:34:38 Mar 21 2023
   Run by =     15597
   Run Date =   Tue Nov  7 00:20:19 2023

   Run on =     XR097-DELL-G7
============================================================
RUN-1002 : start command "open_project FOC_Controller.prj"
RUN-1001 : Print Global Property
RUN-1001 : ---------------------------------------------------------------
RUN-1001 :        Parameters        |  Settings  |  Default Values  |  Note  
RUN-1001 : ---------------------------------------------------------------
RUN-1001 :          message         |  standard  |     standard     |        
RUN-1001 :   mixed_pack_place_flow  |     on     |        on        |        
RUN-1001 :        qor_monitor       |    off     |       off        |        
RUN-1001 :        syn_ip_flow       |    off     |       off        |        
RUN-1001 :          thread          |    auto    |       auto       |        
RUN-1001 : ---------------------------------------------------------------
RUN-1001 : Print Design Property
RUN-1001 : --------------------------------------------------------------
RUN-1001 :        Parameters       |  Settings  |  Default Values  |  Note  
RUN-1001 : --------------------------------------------------------------
RUN-1001 :   default_reg_initial   |    auto    |       auto       |        
RUN-1001 :        infer_add        |     on     |        on        |        
RUN-1001 :        infer_fsm        |    off     |       off        |        
RUN-1001 :        infer_mult       |     on     |        on        |        
RUN-1001 :        infer_ram        |     on     |        on        |        
RUN-1001 :        infer_reg        |     on     |        on        |        
RUN-1001 :   infer_reg_init_value  |     on     |        on        |        
RUN-1001 :        infer_rom        |     on     |        on        |        
RUN-1001 :      infer_shifter      |     on     |        on        |        
RUN-1001 : --------------------------------------------------------------
RUN-1001 : Print Rtl Property
RUN-1001 : --------------------------------------------------------------
RUN-1001 :        Parameters       |  Settings  |  Default Values  |  Note  
RUN-1001 : --------------------------------------------------------------
RUN-1001 :       compress_add      |   ripple   |      ripple      |        
RUN-1001 :        elf_sload        |    off     |       off        |        
RUN-1001 :       fix_undriven      |     0      |        0         |        
RUN-1001 :         flatten         |    off     |       off        |        
RUN-1001 :       gate_sharing      |     on     |        on        |        
RUN-1001 :    hdl_warning_level    |   normal   |      normal      |        
RUN-1001 :   impl_internal_tribuf  |     on     |        on        |        
RUN-1001 :      impl_set_reset     |     on     |        on        |        
RUN-1001 :        infer_gsr        |    off     |       off        |        
RUN-1001 :      keep_hierarchy     |    auto    |       auto       |        
RUN-1001 :        max_fanout       |    9999    |       9999       |        
RUN-1001 :      max_oh2bin_len     |     10     |        10        |        
RUN-1001 :       merge_equal       |     on     |        on        |        
RUN-1001 :       merge_equiv       |     on     |        on        |        
RUN-1001 :        merge_mux        |    off     |       off        |        
RUN-1001 :     min_control_set     |     8      |        8         |        
RUN-1001 :      min_ripple_len     |    auto    |       auto       |        
RUN-1001 :       oh2bin_ratio      |    0.08    |       0.08       |        
RUN-1001 :     opt_adder_fanout    |     on     |        on        |        
RUN-1001 :        opt_arith        |     on     |        on        |        
RUN-1001 :       opt_big_gate      |    off     |       off        |        
RUN-1001 :        opt_const        |     on     |        on        |        
RUN-1001 :      opt_const_mult     |     on     |        on        |        
RUN-1001 :       opt_lessthan      |     on     |        on        |        
RUN-1001 :         opt_mux         |    off     |       off        |        
RUN-1001 :         opt_ram         |    high    |       high       |        
RUN-1001 :      rtl_sim_model      |    off     |       off        |        
RUN-1001 :         seq_syn         |     on     |        on        |        
RUN-1001 : --------------------------------------------------------------
HDL-1007 : analyze verilog file ../../RTL/adc_ad7928.v
HDL-1007 : analyze verilog file ../../RTL/foc/cartesian2polar.v
HDL-1007 : analyze verilog file ../../RTL/foc/clark_tr.v
HDL-1007 : analyze verilog file ../../RTL/foc/foc_top.v
HDL-1007 : analyze verilog file ../../RTL/foc/hold_detect.v
HDL-1007 : analyze verilog file ../../RTL/foc/park_tr.v
HDL-1007 : analyze verilog file ../../RTL/foc/pi_controller.v
HDL-1007 : analyze verilog file ../../RTL/foc/sincos.v
HDL-1007 : analyze verilog file ../../RTL/foc/svpwm.v
HDL-1007 : analyze verilog file ../../RTL/fpga_top.v
HDL-1007 : analyze verilog file ../../RTL/i2c_register_read.v
HDL-1007 : analyze verilog file ../../RTL/uart_monitor.v
RUN-1001 : Project manager successfully analyzed 12 source files.
RUN-1002 : start command "import_device sf1_6.db -package SF1S60CG121I"
ARC-1001 : Device Initialization.
ARC-1001 : -------------------------------------------------
ARC-1001 :       OPTION       |      IO       |   SETTING   
ARC-1001 : -------------------------------------------------
ARC-1001 :        done        |      B4       |    gpio    
ARC-1001 :        initn       |      A5       |    gpio    
ARC-1001 :       jtagen       |      B7       |    gpio    
ARC-1001 :      programn      |      B5       |  dedicate  
ARC-1001 :   tdi/tms/tck/tdo  |  C4/A6/A7/C5  |  dedicate  
ARC-1001 : -------------------------------------------------
ARC-1004 : Device setting, marked 5 dedicate IOs in total.
RUN-1002 : start command "elaborate -top TOP"
RUN-1001 : Print Design Property
RUN-1001 : --------------------------------------------------------------
RUN-1001 :        Parameters       |  Settings  |  Default Values  |  Note  
RUN-1001 : --------------------------------------------------------------
RUN-1001 :   default_reg_initial   |    auto    |       auto       |        
RUN-1001 :        infer_add        |     on     |        on        |        
RUN-1001 :        infer_fsm        |    off     |       off        |        
RUN-1001 :        infer_mult       |     on     |        on        |        
RUN-1001 :        infer_ram        |     on     |        on        |        
RUN-1001 :        infer_reg        |     on     |        on        |        
RUN-1001 :   infer_reg_init_value  |     on     |        on        |        
RUN-1001 :        infer_rom        |     on     |        on        |        
RUN-1001 :      infer_shifter      |     on     |        on        |        
RUN-1001 : --------------------------------------------------------------
RUN-1001 : Print Rtl Property
RUN-1001 : --------------------------------------------------------------
RUN-1001 :        Parameters       |  Settings  |  Default Values  |  Note  
RUN-1001 : --------------------------------------------------------------
RUN-1001 :       compress_add      |   ripple   |      ripple      |        
RUN-1001 :        elf_sload        |    off     |       off        |        
RUN-1001 :       fix_undriven      |     0      |        0         |        
RUN-1001 :         flatten         |    off     |       off        |        
RUN-1001 :       gate_sharing      |     on     |        on        |        
RUN-1001 :    hdl_warning_level    |   normal   |      normal      |        
RUN-1001 :   impl_internal_tribuf  |     on     |        on        |        
RUN-1001 :      impl_set_reset     |     on     |        on        |        
RUN-1001 :        infer_gsr        |    off     |       off        |        
RUN-1001 :      keep_hierarchy     |    auto    |       auto       |        
RUN-1001 :        max_fanout       |    9999    |       9999       |        
RUN-1001 :      max_oh2bin_len     |     10     |        10        |        
RUN-1001 :       merge_equal       |     on     |        on        |        
RUN-1001 :       merge_equiv       |     on     |        on        |        
RUN-1001 :        merge_mux        |    off     |       off        |        
RUN-1001 :     min_control_set     |     8      |        8         |        
RUN-1001 :      min_ripple_len     |    auto    |       auto       |        
RUN-1001 :       oh2bin_ratio      |    0.08    |       0.08       |        
RUN-1001 :     opt_adder_fanout    |     on     |        on        |        
RUN-1001 :        opt_arith        |     on     |        on        |        
RUN-1001 :       opt_big_gate      |    off     |       off        |        
RUN-1001 :        opt_const        |     on     |        on        |        
RUN-1001 :      opt_const_mult     |     on     |        on        |        
RUN-1001 :       opt_lessthan      |     on     |        on        |        
RUN-1001 :         opt_mux         |    off     |       off        |        
RUN-1001 :         opt_ram         |    high    |       high       |        
RUN-1001 :      rtl_sim_model      |    off     |       off        |        
RUN-1001 :         seq_syn         |     on     |        on        |        
RUN-1001 : --------------------------------------------------------------
RUN-1001 : Print Global Property
RUN-1001 : ---------------------------------------------------------------
RUN-1001 :        Parameters        |  Settings  |  Default Values  |  Note  
RUN-1001 : ---------------------------------------------------------------
RUN-1001 :          message         |  standard  |     standard     |        
RUN-1001 :   mixed_pack_place_flow  |     on     |        on        |        
RUN-1001 :        qor_monitor       |    off     |       off        |        
RUN-1001 :        syn_ip_flow       |    off     |       off        |        
RUN-1001 :          thread          |    auto    |       auto       |        
RUN-1001 : ---------------------------------------------------------------
RUN-1001 : Print Design Property
RUN-1001 : --------------------------------------------------------------
RUN-1001 :        Parameters       |  Settings  |  Default Values  |  Note  
RUN-1001 : --------------------------------------------------------------
RUN-1001 :   default_reg_initial   |    auto    |       auto       |        
RUN-1001 :        infer_add        |     on     |        on        |        
RUN-1001 :        infer_fsm        |    off     |       off        |        
RUN-1001 :        infer_mult       |     on     |        on        |        
RUN-1001 :        infer_ram        |     on     |        on        |        
RUN-1001 :        infer_reg        |     on     |        on        |        
RUN-1001 :   infer_reg_init_value  |     on     |        on        |        
RUN-1001 :        infer_rom        |     on     |        on        |        
RUN-1001 :      infer_shifter      |     on     |        on        |        
RUN-1001 : --------------------------------------------------------------
HDL-1007 : elaborate module TOP in ../../RTL/fpga_top.v(11)
HDL-1007 : elaborate module i2c_register_read(CLK_DIV=16'b01010) in ../../RTL/i2c_register_read.v(9)
HDL-1007 : elaborate module adc_ad7928(CH_CNT=3'b010,CH0=3'b01,CH1=3'b010,CH2=3'b011) in ../../RTL/adc_ad7928.v(11)
HDL-1007 : elaborate module foc_top(ANGLE_INV=1'b1) in ../../RTL/foc/foc_top.v(11)
HDL-1007 : elaborate module clark_tr in ../../RTL/foc/clark_tr.v(9)
HDL-1007 : elaborate module park_tr in ../../RTL/foc/park_tr.v(9)
HDL-1007 : elaborate module sincos in ../../RTL/foc/sincos.v(11)
HDL-1007 : elaborate module pi_controller in ../../RTL/foc/pi_controller.v(9)
HDL-1007 : elaborate module cartesian2polar in ../../RTL/foc/cartesian2polar.v(9)
HDL-1007 : elaborate module svpwm in ../../RTL/foc/svpwm.v(13)
HDL-1007 : elaborate module hold_detect(SAMPLE_DELAY=16'b01111000) in ../../RTL/foc/hold_detect.v(9)
HDL-1007 : elaborate module uart_monitor(CLK_DIV=16'b011011001) in ../../RTL/uart_monitor.v(9)
HDL-5001 WARNING: Contains anonymous inst(s) and/or net(s) that have not been renamed
HDL-1200 : Current top model is TOP
HDL-1100 : Inferred 0 RAMs.
RUN-1002 : start command "export_db FOC_Controller_elaborate.db"
RUN-1001 : Exported /
RUN-1001 : Exported flow parameters
RUN-1001 : Exported libs
RUN-1001 : Exported entities
RUN-1001 : Exported ports
RUN-1001 : Exported pins
RUN-1001 : Exported instances
RUN-1001 : Exported nets
RUN-1001 : Exported buses
RUN-1001 : Exported models
RUN-1001 : Exported congestions
RUN-1001 : Exported violations
RUN-1001 : Exported IO constraints
RUN-1001 : Exported Inst constraints
RUN-1002 : start command "read_adc ../../foc.adc"
RUN-1002 : start command "set_pin_assignment  clk_25m   LOCATION = D7; IOSTANDARD = LVCMOS18; PULLTYPE = PULLUP; "
RUN-1002 : start command "set_pin_assignment  i2c_scl   LOCATION = G3; IOSTANDARD = LVCMOS18; DRIVESTRENGTH = 8; PULLTYPE = NONE; "
RUN-1002 : start command "set_pin_assignment  i2c_sda   LOCATION = H3; IOSTANDARD = LVCMOS18; DRIVESTRENGTH = 8; PULLTYPE = PULLUP; "
RUN-1002 : start command "set_pin_assignment  led0   LOCATION = J5; IOSTANDARD = LVCMOS18; DRIVESTRENGTH = 8; PULLTYPE = NONE; "
RUN-1002 : start command "set_pin_assignment  pwm_a   LOCATION = C10; IOSTANDARD = LVCMOS18; DRIVESTRENGTH = 8; PULLTYPE = NONE; "
RUN-1002 : start command "set_pin_assignment  pwm_b   LOCATION = C11; IOSTANDARD = LVCMOS18; DRIVESTRENGTH = 8; PULLTYPE = NONE; "
RUN-1002 : start command "set_pin_assignment  pwm_c   LOCATION = E11; IOSTANDARD = LVCMOS18; DRIVESTRENGTH = 8; PULLTYPE = NONE; "
RUN-1002 : start command "set_pin_assignment  pwm_en   LOCATION = F11; IOSTANDARD = LVCMOS18; DRIVESTRENGTH = 8; PULLTYPE = NONE; "
RUN-1002 : start command "set_pin_assignment  rstn   LOCATION = J2; IOSTANDARD = LVCMOS18; PULLTYPE = NONE; "
RUN-1002 : start command "set_pin_assignment  spi_miso   LOCATION = B9; IOSTANDARD = LVCMOS18; PULLTYPE = PULLUP; "
RUN-1002 : start command "set_pin_assignment  spi_mosi   LOCATION = B8; IOSTANDARD = LVCMOS18; DRIVESTRENGTH = 8; PULLTYPE = NONE; "
RUN-1002 : start command "set_pin_assignment  spi_sck   LOCATION = A9; IOSTANDARD = LVCMOS18; DRIVESTRENGTH = 8; PULLTYPE = NONE; "
RUN-1002 : start command "set_pin_assignment  spi_ss   LOCATION = A8; IOSTANDARD = LVCMOS18; DRIVESTRENGTH = 8; PULLTYPE = NONE; "
RUN-1002 : start command "set_pin_assignment  uart_tx   LOCATION = A4; IOSTANDARD = LVCMOS18; DRIVESTRENGTH = 8; PULLTYPE = NONE; "
RUN-1001 : Starting of IO setups legality check.
RUN-1001 : Starting of IO setups legality check.
RUN-1001 : Starting of IO vref setups legality check.
RUN-1002 : start command "optimize_rtl"
RUN-1001 : Open license file D:/Anlogic/TD5.6.2/license/Anlogic.lic
RUN-1001 : Print Global Property
RUN-1001 : ---------------------------------------------------------------
RUN-1001 :        Parameters        |  Settings  |  Default Values  |  Note  
RUN-1001 : ---------------------------------------------------------------
RUN-1001 :          message         |  standard  |     standard     |        
RUN-1001 :   mixed_pack_place_flow  |     on     |        on        |        
RUN-1001 :        qor_monitor       |    off     |       off        |        
RUN-1001 :        syn_ip_flow       |    off     |       off        |        
RUN-1001 :          thread          |    auto    |       auto       |        
RUN-1001 : ---------------------------------------------------------------
RUN-1001 : Print Rtl Property
RUN-1001 : --------------------------------------------------------------
RUN-1001 :        Parameters       |  Settings  |  Default Values  |  Note  
RUN-1001 : --------------------------------------------------------------
RUN-1001 :       compress_add      |   ripple   |      ripple      |        
RUN-1001 :        elf_sload        |    off     |       off        |        
RUN-1001 :       fix_undriven      |     0      |        0         |        
RUN-1001 :         flatten         |    off     |       off        |        
RUN-1001 :       gate_sharing      |     on     |        on        |        
RUN-1001 :    hdl_warning_level    |   normal   |      normal      |        
RUN-1001 :   impl_internal_tribuf  |     on     |        on        |        
RUN-1001 :      impl_set_reset     |     on     |        on        |        
RUN-1001 :        infer_gsr        |    off     |       off        |        
RUN-1001 :      keep_hierarchy     |    auto    |       auto       |        
RUN-1001 :        max_fanout       |    9999    |       9999       |        
RUN-1001 :      max_oh2bin_len     |     10     |        10        |        
RUN-1001 :       merge_equal       |     on     |        on        |        
RUN-1001 :       merge_equiv       |     on     |        on        |        
RUN-1001 :        merge_mux        |    off     |       off        |        
RUN-1001 :     min_control_set     |     8      |        8         |        
RUN-1001 :      min_ripple_len     |    auto    |       auto       |        
RUN-1001 :       oh2bin_ratio      |    0.08    |       0.08       |        
RUN-1001 :     opt_adder_fanout    |     on     |        on        |        
RUN-1001 :        opt_arith        |     on     |        on        |        
RUN-1001 :       opt_big_gate      |    off     |       off        |        
RUN-1001 :        opt_const        |     on     |        on        |        
RUN-1001 :      opt_const_mult     |     on     |        on        |        
RUN-1001 :       opt_lessthan      |     on     |        on        |        
RUN-1001 :         opt_mux         |    off     |       off        |        
RUN-1001 :         opt_ram         |    high    |       high       |        
RUN-1001 :      rtl_sim_model      |    off     |       off        |        
RUN-1001 :         seq_syn         |     on     |        on        |        
RUN-1001 : --------------------------------------------------------------
SYN-1012 : SanityCheck: Model "TOP"
SYN-1012 : SanityCheck: Model "adc_ad7928(CH_CNT=3'b010,CH0=3'b01,CH1=3'b010,CH2=3'b011)"
SYN-1012 : SanityCheck: Model "i2c_register_read(CLK_DIV=16'b01010)"
SYN-1012 : SanityCheck: Model "foc_top(ANGLE_INV=1'b1)"
SYN-1012 : SanityCheck: Model "hold_detect(SAMPLE_DELAY=16'b01111000)"
SYN-1012 : SanityCheck: Model "cartesian2polar"
SYN-1012 : SanityCheck: Model "clark_tr"
SYN-1012 : SanityCheck: Model "pi_controller"
SYN-1012 : SanityCheck: Model "park_tr"
SYN-1012 : SanityCheck: Model "sincos"
SYN-1012 : SanityCheck: Model "svpwm"
SYN-1012 : SanityCheck: Model "uart_monitor(CLK_DIV=16'b011011001)"
SYN-1043 : Mark i2c_register_read(CLK_DIV=16'b01010) as IO macro for instance sda_i
SYN-1011 : Flatten model TOP
SYN-1032 : 10304/777 useful/useless nets, 1736/83 useful/useless insts
SYN-1001 : Optimize 33 less-than instances
SYN-1016 : Merged 449 instances.
SYN-1035 : Inferred 4 ROM(s)
SYN-1032 : 6576/2858 useful/useless nets, 742/371 useful/useless insts
SYN-1016 : Merged 371 instances.
SYN-5011 WARNING: Undriven pin: model "TOP" / inst "u_foc_top/u_cartesian2polar/mux4_syn_1" in ../../RTL/foc/cartesian2polar.v(94) / pin "addrb[11]"
SYN-5011 WARNING: Undriven pin: model "TOP" / inst "u_foc_top/u_cartesian2polar/mux4_syn_1" in ../../RTL/foc/cartesian2polar.v(94) / pin "addrb[10]"
SYN-5011 WARNING: Undriven pin: model "TOP" / inst "u_foc_top/u_cartesian2polar/mux4_syn_1" in ../../RTL/foc/cartesian2polar.v(94) / pin "addrb[9]"
SYN-5011 WARNING: Undriven pin: model "TOP" / inst "u_foc_top/u_cartesian2polar/mux4_syn_1" in ../../RTL/foc/cartesian2polar.v(94) / pin "addrb[8]"
SYN-5011 WARNING: Undriven pin: model "TOP" / inst "u_foc_top/u_cartesian2polar/mux4_syn_1" in ../../RTL/foc/cartesian2polar.v(94) / pin "addrb[7]"
SYN-5011 WARNING: Undriven pin: model "TOP" / inst "u_foc_top/u_cartesian2polar/mux4_syn_1" in ../../RTL/foc/cartesian2polar.v(94) / pin "addrb[6]"
SYN-5011 WARNING: Undriven pin: model "TOP" / inst "u_foc_top/u_cartesian2polar/mux4_syn_1" in ../../RTL/foc/cartesian2polar.v(94) / pin "addrb[5]"
SYN-5011 WARNING: Undriven pin: model "TOP" / inst "u_foc_top/u_cartesian2polar/mux4_syn_1" in ../../RTL/foc/cartesian2polar.v(94) / pin "addrb[4]"
SYN-5011 WARNING: Undriven pin: model "TOP" / inst "u_foc_top/u_cartesian2polar/mux4_syn_1" in ../../RTL/foc/cartesian2polar.v(94) / pin "addrb[3]"
SYN-5011 WARNING: Undriven pin: model "TOP" / inst "u_foc_top/u_cartesian2polar/mux4_syn_1" in ../../RTL/foc/cartesian2polar.v(94) / pin "addrb[2]"
SYN-5011 Similar messages will be suppressed.
SYN-5025 WARNING: Using 0 for all undriven pins and nets
SYN-1032 : 5784/450 useful/useless nets, 4539/601 useful/useless insts
SYN-1014 : Optimize round 1
SYN-1017 : Remove 2 const input seq instances
SYN-1002 :     reg1_syn_2
SYN-1002 :     u_foc_top/u_clark_tr/reg0_syn_2
SYN-1019 : Optimized 2 mux instances.
SYN-1021 : Optimized 207 onehot mux instances.
SYN-1020 : Optimized 375 distributor mux.
SYN-1001 : Optimize 15 less-than instances
SYN-1019 : Optimized 13 mux instances.
SYN-1016 : Merged 887 instances.
SYN-1015 : Optimize round 1, 4075 better
SYN-1014 : Optimize round 2
SYN-1032 : 4805/63 useful/useless nets, 3567/456 useful/useless insts
SYN-1017 : Remove 11 const input seq instances
SYN-1002 :     u_foc_top/u_id_pi/reg0_syn_11
SYN-1002 :     u_foc_top/u_svpwm/reg11_syn_12
SYN-1002 :     u_uart_monitor/reg10_syn_13
SYN-1002 :     u_uart_monitor/reg2_syn_2
SYN-1002 :     u_uart_monitor/reg6_syn_48
SYN-1002 :     u_foc_top/u_id_pi/reg1_syn_11
SYN-1002 :     u_uart_monitor/reg6_syn_40
SYN-1002 :     u_uart_monitor/reg6_syn_32
SYN-1002 :     u_uart_monitor/reg6_syn_24
SYN-1002 :     u_uart_monitor/reg6_syn_16
SYN-1002 :     u_uart_monitor/reg6_syn_8
SYN-1019 : Optimized 1 mux instances.
SYN-1020 : Optimized 1 distributor mux.
SYN-1015 : Optimize round 2, 519 better
SYN-1032 : 4790/1 useful/useless nets, 3552/3 useful/useless insts
SYN-3003 : Optimized 1 equivalent DFF(s)
SYN-3008 : Optimized 2 const1 DFF(s)
SYN-3003 : Optimized 2 equivalent DFF(s)
SYN-3003 : Optimized 1 equivalent DFF(s)
SYN-3003 : Optimized 1 equivalent DFF(s)
SYN-3003 : Optimized 1 equivalent DFF(s)
SYN-3003 : Optimized 1 equivalent DFF(s)
SYN-3003 : Optimized 1 equivalent DFF(s)
SYN-3003 : Optimized 1 equivalent DFF(s)
SYN-3003 : Optimized 1 equivalent DFF(s)
SYN-3003 : Optimized 1 equivalent DFF(s)
SYN-3003 : Optimized 1 equivalent DFF(s)
SYN-3003 : Optimized 1 equivalent DFF(s)
SYN-3003 : Optimized 1 equivalent DFF(s)
SYN-3003 : Optimized 1 equivalent DFF(s)
SYN-3003 : Optimized 1 equivalent DFF(s)
SYN-3003 : Optimized 3 equivalent DFF(s)
SYN-3004 : Optimized 21 const0 DFF(s)
SYN-1032 : 4671/119 useful/useless nets, 3460/50 useful/useless insts
SYN-1014 : Optimize round 1
SYN-1019 : Optimized 14 mux instances.
SYN-1016 : Merged 26 instances.
SYN-1015 : Optimize round 1, 72 better
SYN-1014 : Optimize round 2
SYN-1032 : 4607/24 useful/useless nets, 3415/0 useful/useless insts
SYN-1015 : Optimize round 2, 4 better
SYN-1014 : Optimize round 3
SYN-1015 : Optimize round 3, 0 better
RUN-1003 : finish command "optimize_rtl" in  4.023503s wall, 1.843750s user + 0.187500s system = 2.031250s CPU (50.5%)

RUN-1004 : used memory is 201 MB, reserved memory is 169 MB, peak memory is 227 MB
RUN-1002 : start command "report_area -file FOC_Controller_rtl.area"
RUN-1001 : standard
***Report Model: TOP Device: SF1S60CG121I***

IO Statistics
#IO                        14
  #input                    3
  #output                  10
  #inout                    1

Gate Statistics
#Basic gates             2110
  #and                    209
  #nand                     0
  #or                     132
  #nor                      0
  #xor                      0
  #xnor                     0
  #buf                      0
  #not                     73
  #bufif1                   1
  #MX21                   188
  #FADD                     0
  #DFF                   1507
  #LATCH                    0
#MACRO_ADD                146
#MACRO_EQ                  43
#MACRO_MULT                11
#MACRO_MUX               1098
#MACRO_OTHERS               4

Report Hierarchy Area:
+-----------------------------------------------------------------+
|Instance              |Module            |gates  |seq    |macros |
+-----------------------------------------------------------------+
|top                   |TOP               |603    |1507   |204    |
|  u_adc_ad7928        |adc_ad7928        |69     |76     |11     |
|  u_as5600_read       |i2c_register_read |77     |60     |24     |
|  u_foc_top           |foc_top           |370    |1235   |119    |
|    u_adc_sn_ctrl     |hold_detect       |5      |10     |3      |
|    u_cartesian2polar |cartesian2polar   |38     |189    |22     |
|    u_clark_tr        |clark_tr          |0      |128    |11     |
|    u_id_pi           |pi_controller     |12     |175    |13     |
|    u_iq_pi           |pi_controller     |12     |169    |13     |
|    u_park_tr         |park_tr           |14     |250    |16     |
|      u_sincos        |sincos            |14     |88     |10     |
|    u_svpwm           |svpwm             |284    |197    |29     |
|  u_uart_monitor      |uart_monitor      |86     |109    |49     |
+-----------------------------------------------------------------+

RUN-1002 : start command "export_db FOC_Controller_rtl.db"
RUN-1001 : Exported /
RUN-1001 : Exported flow parameters
RUN-1001 : Exported libs
RUN-1001 : Exported entities
RUN-1001 : Exported ports
RUN-1001 : Exported pins
RUN-1001 : Exported instances
RUN-1001 : Exported nets
RUN-1001 : Exported buses
RUN-1001 : Exported models
RUN-1001 : Exported congestions
RUN-1001 : Exported violations
RUN-1001 : Exported IO constraints
RUN-1001 : Exported Inst constraints
RUN-1002 : start command "optimize_gate -maparea FOC_Controller_gate.area"
RUN-1001 : Open license file D:/Anlogic/TD5.6.2/license/Anlogic.lic
RUN-1001 : Print Global Property
RUN-1001 : ---------------------------------------------------------------
RUN-1001 :        Parameters        |  Settings  |  Default Values  |  Note  
RUN-1001 : ---------------------------------------------------------------
RUN-1001 :          message         |  standard  |     standard     |        
RUN-1001 :   mixed_pack_place_flow  |     on     |        on        |        
RUN-1001 :        qor_monitor       |    off     |       off        |        
RUN-1001 :        syn_ip_flow       |    off     |       off        |        
RUN-1001 :          thread          |    auto    |       auto       |        
RUN-1001 : ---------------------------------------------------------------
RUN-1001 : Print Gate Property
RUN-1001 : ------------------------------------------------------------------
RUN-1001 :          Parameters         |  Settings  |  Default Values  |  Note  
RUN-1001 : ------------------------------------------------------------------
RUN-1001 :         cascade_dsp         |    off     |       off        |        
RUN-1001 :         cascade_eram        |    off     |       off        |        
RUN-1001 :        gate_sim_model       |    off     |       off        |        
RUN-1001 :        map_sim_model        |    off     |       off        |        
RUN-1001 :         map_strategy        |     1      |        1         |        
RUN-1001 :           opt_area          |   medium   |      medium      |        
RUN-1001 :          opt_timing         |    auto    |       auto       |        
RUN-1001 :         pack_effort         |   medium   |      medium      |        
RUN-1001 :      pack_lslice_ripple     |     on     |        on        |        
RUN-1001 :   pack_lslice_ripple_ratio  |    0.5     |       0.5        |        
RUN-1001 :        pack_seq_in_io       |    auto    |       auto       |        
RUN-1001 :        ph1_mux_ratio        |    1.0     |       1.0        |        
RUN-1001 :            report           |  standard  |     standard     |        
RUN-1001 :           retiming          |    off     |       off        |        
RUN-1001 : ------------------------------------------------------------------
SYN-2001 : Map 14 IOs to PADs
SYN-1032 : 4617/4 useful/useless nets, 3424/5 useful/useless insts
RUN-1002 : start command "update_pll_param -module TOP"
SYN-2501 : Processed 0 LOGIC_BUF instances.
SYN-2512 : LOGIC BRAM "u_foc_top/u_cartesian2polar/mux4_syn_1"
SYN-2512 : LOGIC BRAM "u_foc_top/u_cartesian2polar/mux5_syn_1"
SYN-2512 : LOGIC BRAM "u_foc_top/u_park_tr/u_sincos/mux21_syn_1"
SYN-2512 : LOGIC BRAM "u_foc_top/u_svpwm/mux54_syn_1"
SYN-2571 : Map 11 macro multiplier
SYN-2571 : Optimize after map_dsp, round 1
SYN-1032 : 4757/58 useful/useless nets, 3468/0 useful/useless insts
SYN-1016 : Merged 9 instances.
SYN-2571 : Optimize after map_dsp, round 1, 9 better
SYN-2571 : Optimize after map_dsp, round 2
SYN-2571 : Optimize after map_dsp, round 2, 0 better
SYN-2571 : Map 3 macro multiplier
SYN-2571 : Map 3 macro multiplier
SYN-1001 : Throwback 33 control mux instances
SYN-2501 : Optimize round 1
SYN-1032 : 5371/513 useful/useless nets, 3938/197 useful/useless insts
SYN-1016 : Merged 161 instances.
SYN-2501 : Optimize round 1, 794 better
SYN-2501 : Optimize round 2
SYN-2501 : Optimize round 2, 0 better
SYN-2501 : Map 165 macro adder
SYN-3001 : Mapper mapped 7 instances into 1 LUTs, name keeping = 100%.
SYN-3001 : Mapper mapped 7 instances into 1 LUTs, name keeping = 100%.
SYN-3001 : Mapper mapped 7 instances into 1 LUTs, name keeping = 100%.
SYN-3001 : Mapper mapped 7 instances into 1 LUTs, name keeping = 100%.
SYN-3001 : Mapper mapped 7 instances into 1 LUTs, name keeping = 100%.
SYN-2501 : Inferred 5 ROM instances
SYN-1019 : Optimized 130 mux instances.
SYN-1016 : Merged 180 instances.
SYN-1032 : 7861/137 useful/useless nets, 6416/7 useful/useless insts
SYN-3001 : Running gate level optimization.
SYN-2581 : Mapping with K=5, #lut = 1290 (3.25), #lev = 7 (2.01)
SYN-2551 : Post LUT mapping optimization.
SYN-2581 : Mapping with K=5, #lut = 1264 (3.24), #lev = 7 (1.96)
SYN-3001 : Logic optimization runtime opt =   0.15 sec, map =   0.00 sec
SYN-3001 : Mapper mapped 2707 instances into 1267 LUTs, name keeping = 79%.
RUN-1002 : start command "report_area -file FOC_Controller_gate.area"
RUN-1001 : standard
***Report Model: TOP Device: SF1S60CG121I***

IO Statistics
#IO                        14
  #input                    3
  #output                  10
  #inout                    1

LUT Statistics
#Total_luts              3626
  #lut4                  1145
  #lut5                   127
  #lut6                     0
  #lut5_mx41                0
  #lut4_alu1b            2354

Utilization Statistics
#lut                     3626   out of   5824   62.26%
#reg                     1312   out of   5824   22.53%
#le                         0
#dsp                       10   out of     10  100.00%
#bram                      11   out of     26   42.31%
  #bram9k                  11
  #fifo9k                   0
#hard-ip                    0
  #mcu                      0   out of      1    0.00%
  #dsc                      0   out of      1    0.00%
  #dsi                      0   out of      2    0.00%
  #psram controller         0   out of      2    0.00%
#pad                       14   out of     55   25.45%
  #ireg                     1
  #oreg                    11
  #treg                     1
#pll                        0   out of      2    0.00%

Report Hierarchy Area:
+--------------------------------------------------------------------------------------+
|Instance              |Module            |lut     |ripple  |seq     |bram    |dsp     |
+--------------------------------------------------------------------------------------+
|top                   |TOP               |1272    |2354    |1325    |11      |10      |
|  u_adc_ad7928        |adc_ad7928        |52      |91      |74      |0       |0       |
|  u_as5600_read       |i2c_register_read |85      |177     |60      |0       |0       |
|  u_foc_top           |foc_top           |963     |2023    |1043    |11      |10      |
|    u_adc_sn_ctrl     |hold_detect       |12      |8       |10      |0       |0       |
|    u_cartesian2polar |cartesian2polar   |411     |302     |191     |8       |0       |
|    u_clark_tr        |clark_tr          |0       |140     |96      |0       |0       |
|    u_id_pi           |pi_controller     |101     |453     |174     |0       |3       |
|    u_iq_pi           |pi_controller     |101     |688     |169     |0       |3       |
|    u_park_tr         |park_tr           |95      |125     |90      |2       |4       |
|      u_sincos        |sincos            |95      |59      |56      |2       |0       |
|    u_svpwm           |svpwm             |211     |228     |196     |1       |0       |
|  u_uart_monitor      |uart_monitor      |171     |38      |108     |0       |0       |
+--------------------------------------------------------------------------------------+

SYN-1001 : Packing model "TOP" ...
SYN-4010 : Pack lib has 65 rtl pack models with 28 top pack blocks
SYN-1014 : Optimize round 1
SYN-1015 : Optimize round 1, 0 better
SYN-4002 : Packing 1312 DFF/LATCH to SEQ ...
SYN-4009 : Pack 68 carry chain into lslice
SYN-4007 : Packing 1168 adder to BLE ...
SYN-4008 : Packed 1168 adder and 12 SEQ to BLE.
SYN-4007 : Packing 0 gate4 to BLE ...
SYN-4008 : Packed 0 gate4 and 0 SEQ to BLE.
SYN-4012 : Packed 0 FxMUX
RUN-1003 : finish command "optimize_gate -maparea FOC_Controller_gate.area" in  2.047265s wall, 0.953125s user + 0.078125s system = 1.031250s CPU (50.4%)

RUN-1004 : used memory is 233 MB, reserved memory is 199 MB, peak memory is 279 MB
RUN-1002 : start command "legalize_phy_inst"
SYN-1011 : Flatten model TOP
RUN-1002 : start command "export_db FOC_Controller_gate.db"
RUN-1001 : Exported /
RUN-1001 : Exported flow parameters
RUN-1001 : Exported libs
RUN-1001 : Exported entities
RUN-1001 : Exported ports
RUN-1001 : Exported pins
RUN-1001 : Exported instances
RUN-1001 : Exported nets
RUN-1001 : Exported buses
RUN-1001 : Exported models
RUN-1001 : Exported congestions
RUN-1001 : Exported violations
RUN-1001 : Exported IO constraints
RUN-1001 : Exported Inst constraints
RUN-1002 : start command "backup_run_log run.log ../.logs/syn_1/td_20231107_002019.log"
