============================================================
   Tang Dynasty, V5.6.71036
      Copyright (c) 2012-2023 Anlogic Inc.
   Executable = D:/Anlogic/TD5.6.2/bin/td.exe
   Built at =   20:34:38 Mar 21 2023
   Run by =     15597
   Run Date =   Sat Nov 11 13:29:32 2023

   Run on =     XR097-DELL-G7
============================================================
RUN-1002 : start command "open_project FOC_Controller.prj"
RUN-1001 : Print Global Property
RUN-1001 : ---------------------------------------------------------------
RUN-1001 :        Parameters        |  Settings  |  Default Values  |  Note  
RUN-1001 : ---------------------------------------------------------------
RUN-1001 :          message         |  standard  |     standard     |        
RUN-1001 :   mixed_pack_place_flow  |     on     |        on        |        
RUN-1001 :        qor_monitor       |    off     |       off        |        
RUN-1001 :        syn_ip_flow       |    off     |       off        |        
RUN-1001 :          thread          |    auto    |       auto       |        
RUN-1001 : ---------------------------------------------------------------
RUN-1001 : Print Design Property
RUN-1001 : --------------------------------------------------------------
RUN-1001 :        Parameters       |  Settings  |  Default Values  |  Note  
RUN-1001 : --------------------------------------------------------------
RUN-1001 :   default_reg_initial   |    auto    |       auto       |        
RUN-1001 :        infer_add        |     on     |        on        |        
RUN-1001 :        infer_fsm        |    off     |       off        |        
RUN-1001 :        infer_mult       |     on     |        on        |        
RUN-1001 :        infer_ram        |     on     |        on        |        
RUN-1001 :        infer_reg        |     on     |        on        |        
RUN-1001 :   infer_reg_init_value  |     on     |        on        |        
RUN-1001 :        infer_rom        |     on     |        on        |        
RUN-1001 :      infer_shifter      |     on     |        on        |        
RUN-1001 : --------------------------------------------------------------
RUN-1001 : Print Rtl Property
RUN-1001 : --------------------------------------------------------------
RUN-1001 :        Parameters       |  Settings  |  Default Values  |  Note  
RUN-1001 : --------------------------------------------------------------
RUN-1001 :       compress_add      |   ripple   |      ripple      |        
RUN-1001 :        elf_sload        |    off     |       off        |        
RUN-1001 :       fix_undriven      |     0      |        0         |        
RUN-1001 :         flatten         |    off     |       off        |        
RUN-1001 :       gate_sharing      |     on     |        on        |        
RUN-1001 :    hdl_warning_level    |   normal   |      normal      |        
RUN-1001 :   impl_internal_tribuf  |     on     |        on        |        
RUN-1001 :      impl_set_reset     |     on     |        on        |        
RUN-1001 :        infer_gsr        |    off     |       off        |        
RUN-1001 :      keep_hierarchy     |    auto    |       auto       |        
RUN-1001 :        max_fanout       |    9999    |       9999       |        
RUN-1001 :      max_oh2bin_len     |     10     |        10        |        
RUN-1001 :       merge_equal       |     on     |        on        |        
RUN-1001 :       merge_equiv       |     on     |        on        |        
RUN-1001 :        merge_mux        |    off     |       off        |        
RUN-1001 :     min_control_set     |     8      |        8         |        
RUN-1001 :      min_ripple_len     |    auto    |       auto       |        
RUN-1001 :       oh2bin_ratio      |    0.08    |       0.08       |        
RUN-1001 :     opt_adder_fanout    |     on     |        on        |        
RUN-1001 :        opt_arith        |     on     |        on        |        
RUN-1001 :       opt_big_gate      |    off     |       off        |        
RUN-1001 :        opt_const        |     on     |        on        |        
RUN-1001 :      opt_const_mult     |     on     |        on        |        
RUN-1001 :       opt_lessthan      |     on     |        on        |        
RUN-1001 :         opt_mux         |    off     |       off        |        
RUN-1001 :         opt_ram         |    high    |       high       |        
RUN-1001 :      rtl_sim_model      |    off     |       off        |        
RUN-1001 :         seq_syn         |     on     |        on        |        
RUN-1001 : --------------------------------------------------------------
HDL-1007 : analyze verilog file ../../al_ip/pll.v
HDL-1007 : undeclared symbol 'open', assumed default net type 'wire' in ../../al_ip/pll.v(88)
HDL-1007 : analyze verilog file ../../al_ip/MCU.v
HDL-1007 : analyze verilog file ../../al_ip/divider_gate.v
HDL-1007 : undeclared symbol 'open_n2', assumed default net type 'wire' in ../../al_ip/divider_gate.v(209)
HDL-1007 : undeclared symbol 'open_n3', assumed default net type 'wire' in ../../al_ip/divider_gate.v(216)
HDL-1007 : undeclared symbol 'open_n4', assumed default net type 'wire' in ../../al_ip/divider_gate.v(223)
HDL-1007 : undeclared symbol 'open_n5', assumed default net type 'wire' in ../../al_ip/divider_gate.v(230)
HDL-1007 : undeclared symbol 'open_n6', assumed default net type 'wire' in ../../al_ip/divider_gate.v(237)
HDL-1007 : undeclared symbol 'open_n7', assumed default net type 'wire' in ../../al_ip/divider_gate.v(244)
HDL-1007 : undeclared symbol 'open_n8', assumed default net type 'wire' in ../../al_ip/divider_gate.v(251)
HDL-1007 : undeclared symbol 'open_n9', assumed default net type 'wire' in ../../al_ip/divider_gate.v(258)
HDL-1007 : undeclared symbol 'open_n10', assumed default net type 'wire' in ../../al_ip/divider_gate.v(265)
HDL-1007 : undeclared symbol 'open_n11', assumed default net type 'wire' in ../../al_ip/divider_gate.v(272)
HDL-1007 : undeclared symbol 'open_n12', assumed default net type 'wire' in ../../al_ip/divider_gate.v(279)
HDL-1007 : undeclared symbol 'open_n13', assumed default net type 'wire' in ../../al_ip/divider_gate.v(286)
HDL-1007 : undeclared symbol 'open_n14', assumed default net type 'wire' in ../../al_ip/divider_gate.v(293)
HDL-1007 : undeclared symbol 'open_n15', assumed default net type 'wire' in ../../al_ip/divider_gate.v(300)
HDL-1007 : undeclared symbol 'open_n16', assumed default net type 'wire' in ../../al_ip/divider_gate.v(307)
HDL-1007 : undeclared symbol 'open_n17', assumed default net type 'wire' in ../../al_ip/divider_gate.v(314)
HDL-1007 : undeclared symbol 'open_n18', assumed default net type 'wire' in ../../al_ip/divider_gate.v(321)
HDL-1007 : undeclared symbol 'open_n19', assumed default net type 'wire' in ../../al_ip/divider_gate.v(328)
HDL-1007 : undeclared symbol 'open_n20', assumed default net type 'wire' in ../../al_ip/divider_gate.v(335)
HDL-1007 : undeclared symbol 'open_n21', assumed default net type 'wire' in ../../al_ip/divider_gate.v(342)
HDL-1007 : undeclared symbol 'open_n22', assumed default net type 'wire' in ../../al_ip/divider_gate.v(349)
HDL-1007 : undeclared symbol 'open_n23', assumed default net type 'wire' in ../../al_ip/divider_gate.v(356)
HDL-1007 : undeclared symbol 'open_n24', assumed default net type 'wire' in ../../al_ip/divider_gate.v(363)
HDL-1007 : undeclared symbol 'open_n25', assumed default net type 'wire' in ../../al_ip/divider_gate.v(370)
HDL-1007 : undeclared symbol 'open_n26', assumed default net type 'wire' in ../../al_ip/divider_gate.v(377)
HDL-1007 : undeclared symbol 'open_n29', assumed default net type 'wire' in ../../al_ip/divider_gate.v(1424)
HDL-1007 : undeclared symbol 'open_n30', assumed default net type 'wire' in ../../al_ip/divider_gate.v(1431)
HDL-1007 : analyze verilog file ../../RTL/adc_ad7928.v
HDL-1007 : analyze verilog file ../../RTL/fpga_top.v
HDL-1007 : analyze verilog file ../../RTL/i2c_register_read.v
HDL-1007 : analyze verilog file ../../hall_sensor.v
HDL-1007 : analyze verilog file ../../TOP.v
HDL-1007 : analyze verilog file ../../AS5600_sensor.v
HDL-1007 : analyze verilog file ../../ahb_foc_controller.v
RUN-1001 : Project manager successfully analyzed 10 source files.
RUN-1002 : start command "import_device sf1_6.db -package SF1S60CG121I"
ARC-1001 : Device Initialization.
ARC-1001 : -------------------------------------------------
ARC-1001 :       OPTION       |      IO       |   SETTING   
ARC-1001 : -------------------------------------------------
ARC-1001 :        done        |      B4       |    gpio    
ARC-1001 :        initn       |      A5       |    gpio    
ARC-1001 :       jtagen       |      B7       |    gpio    
ARC-1001 :      programn      |      B5       |  dedicate  
ARC-1001 :   tdi/tms/tck/tdo  |  C4/A6/A7/C5  |  dedicate  
ARC-1001 : -------------------------------------------------
ARC-1004 : Device setting, marked 5 dedicate IOs in total.
RUN-1002 : start command "elaborate -top fpga_top"
RUN-1001 : Print Design Property
RUN-1001 : --------------------------------------------------------------
RUN-1001 :        Parameters       |  Settings  |  Default Values  |  Note  
RUN-1001 : --------------------------------------------------------------
RUN-1001 :   default_reg_initial   |    auto    |       auto       |        
RUN-1001 :        infer_add        |     on     |        on        |        
RUN-1001 :        infer_fsm        |    off     |       off        |        
RUN-1001 :        infer_mult       |     on     |        on        |        
RUN-1001 :        infer_ram        |     on     |        on        |        
RUN-1001 :        infer_reg        |     on     |        on        |        
RUN-1001 :   infer_reg_init_value  |     on     |        on        |        
RUN-1001 :        infer_rom        |     on     |        on        |        
RUN-1001 :      infer_shifter      |     on     |        on        |        
RUN-1001 : --------------------------------------------------------------
RUN-1001 : Print Rtl Property
RUN-1001 : --------------------------------------------------------------
RUN-1001 :        Parameters       |  Settings  |  Default Values  |  Note  
RUN-1001 : --------------------------------------------------------------
RUN-1001 :       compress_add      |   ripple   |      ripple      |        
RUN-1001 :        elf_sload        |    off     |       off        |        
RUN-1001 :       fix_undriven      |     0      |        0         |        
RUN-1001 :         flatten         |    off     |       off        |        
RUN-1001 :       gate_sharing      |     on     |        on        |        
RUN-1001 :    hdl_warning_level    |   normal   |      normal      |        
RUN-1001 :   impl_internal_tribuf  |     on     |        on        |        
RUN-1001 :      impl_set_reset     |     on     |        on        |        
RUN-1001 :        infer_gsr        |    off     |       off        |        
RUN-1001 :      keep_hierarchy     |    auto    |       auto       |        
RUN-1001 :        max_fanout       |    9999    |       9999       |        
RUN-1001 :      max_oh2bin_len     |     10     |        10        |        
RUN-1001 :       merge_equal       |     on     |        on        |        
RUN-1001 :       merge_equiv       |     on     |        on        |        
RUN-1001 :        merge_mux        |    off     |       off        |        
RUN-1001 :     min_control_set     |     8      |        8         |        
RUN-1001 :      min_ripple_len     |    auto    |       auto       |        
RUN-1001 :       oh2bin_ratio      |    0.08    |       0.08       |        
RUN-1001 :     opt_adder_fanout    |     on     |        on        |        
RUN-1001 :        opt_arith        |     on     |        on        |        
RUN-1001 :       opt_big_gate      |    off     |       off        |        
RUN-1001 :        opt_const        |     on     |        on        |        
RUN-1001 :      opt_const_mult     |     on     |        on        |        
RUN-1001 :       opt_lessthan      |     on     |        on        |        
RUN-1001 :         opt_mux         |    off     |       off        |        
RUN-1001 :         opt_ram         |    high    |       high       |        
RUN-1001 :      rtl_sim_model      |    off     |       off        |        
RUN-1001 :         seq_syn         |     on     |        on        |        
RUN-1001 : --------------------------------------------------------------
RUN-1001 : Print Global Property
RUN-1001 : ---------------------------------------------------------------
RUN-1001 :        Parameters        |  Settings  |  Default Values  |  Note  
RUN-1001 : ---------------------------------------------------------------
RUN-1001 :          message         |  standard  |     standard     |        
RUN-1001 :   mixed_pack_place_flow  |     on     |        on        |        
RUN-1001 :        qor_monitor       |    off     |       off        |        
RUN-1001 :        syn_ip_flow       |    off     |       off        |        
RUN-1001 :          thread          |    auto    |       auto       |        
RUN-1001 : ---------------------------------------------------------------
RUN-1001 : Print Design Property
RUN-1001 : --------------------------------------------------------------
RUN-1001 :        Parameters       |  Settings  |  Default Values  |  Note  
RUN-1001 : --------------------------------------------------------------
RUN-1001 :   default_reg_initial   |    auto    |       auto       |        
RUN-1001 :        infer_add        |     on     |        on        |        
RUN-1001 :        infer_fsm        |    off     |       off        |        
RUN-1001 :        infer_mult       |     on     |        on        |        
RUN-1001 :        infer_ram        |     on     |        on        |        
RUN-1001 :        infer_reg        |     on     |        on        |        
RUN-1001 :   infer_reg_init_value  |     on     |        on        |        
RUN-1001 :        infer_rom        |     on     |        on        |        
RUN-1001 :      infer_shifter      |     on     |        on        |        
RUN-1001 : --------------------------------------------------------------
HDL-1007 : port 'mtip' remains unconnected for this instance in ../../TOP.v(59)
HDL-1007 : elaborate module fpga_top in ../../TOP.v(1)
HDL-1007 : elaborate module pll in ../../al_ip/pll.v(23)
HDL-1007 : elaborate module SF1_LOGIC_BUFG in D:/Anlogic/TD5.6.2/arch/sf1_macro.v(8)
HDL-1007 : elaborate module SF1_PHY_PLL(FIN="25.000",FBCLK_DIV=4,CLKC0_DIV=10,CLKC1_DIV=25,CLKC0_ENABLE="ENABLE",CLKC1_ENABLE="ENABLE",FEEDBK_PATH="CLKC0_EXT",STDBY_ENABLE="DISABLE",CLKC0_CPHASE=9,CLKC1_CPHASE=24,GMC_GAIN=2,GMC_TEST=9,ICP_CURRENT=9,KVCO=2,LPF_CAPACITOR=1,LPF_RESISTOR=8,SYNC_ENABLE="DISABLE",OFFSET_MODE="EXT",CLKC0_DUTY=0.5,CLKC1_DUTY=0.5,CLKC0_DUTY_INT=5,CLKC1_DUTY_INT=13) in D:/Anlogic/TD5.6.2/arch/sf1_macro.v(1354)
HDL-1007 : elaborate module MCU in ../../al_ip/MCU.v(14)
HDL-1007 : elaborate module SF1_LOGIC_MCU(RESET_VECTOR=32'b011100000000000000000) in D:/Anlogic/TD5.6.2/arch/sf1_macro.v(453)
HDL-1007 : elaborate module SF1_LOGIC_MCU_JTAG in D:/Anlogic/TD5.6.2/arch/sf1_macro.v(78)
HDL-1007 : elaborate module SF1_LOGIC_IOTRIBUF in D:/Anlogic/TD5.6.2/arch/sf1_macro.v(584)
HDL-1007 : elaborate module SF1_LOGIC_IOBUF in D:/Anlogic/TD5.6.2/arch/sf1_macro.v(574)
HDL-1007 : elaborate module SF1_PHY_INTFLASH in D:/Anlogic/TD5.6.2/arch/sf1_macro.v(978)
HDL-1007 : elaborate module ahb_foc_controller in ../../ahb_foc_controller.v(1)
HDL-1007 : elaborate module foc_controller in ../../RTL/fpga_top.v(6)
HDL-1007 : elaborate module as5600_encoder in ../../AS5600_sensor.v(1)
HDL-1007 : elaborate module i2c_register_read(CLK_DIV=16'b01010) in ../../RTL/i2c_register_read.v(9)
HDL-1007 : elaborate module hall_encoder in ../../hall_sensor.v(1)
HDL-5007 WARNING: port 'b' is not connected on this instance in ../../al_ip/divider_gate.v(205)
HDL-5007 WARNING: port 'b' is not connected on this instance in ../../al_ip/divider_gate.v(1420)
HDL-1007 : elaborate module Divider in ../../al_ip/divider_gate.v(5)
HDL-1007 : elaborate module AL_MAP_LUT4(INIT=16'b01000000000,EQN="(D*~C*~B*A)") in D:/Anlogic/TD5.6.2/arch/al_lmacro.v(24)
HDL-1007 : elaborate module AL_MAP_LUT2(INIT=4'b01,EQN="(~B*~A)") in D:/Anlogic/TD5.6.2/arch/al_lmacro.v(48)
HDL-1007 : elaborate module AL_MAP_LUT5(INIT=32'b11001111110011111100111111001101,EQN="~(~B*~(~C*~(~E*~D*A)))") in D:/Anlogic/TD5.6.2/arch/al_lmacro.v(13)
HDL-1007 : elaborate module AL_MAP_LUT3(INIT=8'b010100,EQN="(~A*(C@B))") in D:/Anlogic/TD5.6.2/arch/al_lmacro.v(36)
HDL-1007 : elaborate module AL_MAP_LUT5(INIT=32'b010010000100000001001000010010,EQN="(~B*(A*~(C)*~((E*~D))+~(A)*C*~((E*~D))+~(A)*C*(E*~D)))") in D:/Anlogic/TD5.6.2/arch/al_lmacro.v(13)
HDL-1007 : elaborate module AL_MAP_LUT4(INIT=16'b01001100100000,EQN="(~B*(D@(C*A)))") in D:/Anlogic/TD5.6.2/arch/al_lmacro.v(24)
HDL-1007 : elaborate module AL_MAP_LUT2(INIT=4'b1000,EQN="(B*A)") in D:/Anlogic/TD5.6.2/arch/al_lmacro.v(48)
HDL-1007 : elaborate module AL_MAP_LUT5(INIT=32'b010011001100010010000000000000,EQN="(~B*(A*C*D*~(E)+~(A)*~(C)*~(D)*E+~(A)*C*~(D)*E+A*C*~(D)*E+~(A)*~(C)*D*E+A*~(C)*D*E+~(A)*C*D*E))") in D:/Anlogic/TD5.6.2/arch/al_lmacro.v(13)
HDL-1007 : elaborate module AL_MAP_LUT3(INIT=8'b10111000,EQN="(C*~(A)*~(B)+C*A*~(B)+~(C)*A*B+C*A*B)") in D:/Anlogic/TD5.6.2/arch/al_lmacro.v(36)
HDL-1007 : elaborate module AL_DFF_0 in D:/Anlogic/TD5.6.2/arch/al_lmacro.v(206)
HDL-1007 : elaborate module AL_MAP_ADDER(ALUTYPE="A_LE_B_CARRY") in D:/Anlogic/TD5.6.2/arch/al_lmacro.v(72)
HDL-1007 : elaborate module AL_MAP_ADDER(ALUTYPE="A_LE_B") in D:/Anlogic/TD5.6.2/arch/al_lmacro.v(72)
HDL-1007 : elaborate module AL_MAP_LUT5(INIT=32'b10111011101110001000101110001000,EQN="((D*~(E)*~(C)+D*E*~(C)+~(D)*E*C+D*E*C)*~(A)*~(B)+(D*~(E)*~(C)+D*E*~(C)+~(D)*E*C+D*E*C)*A*~(B)+~((D*~(E)*~(C)+D*E*~(C)+~(D)*E*C+D*E*C))*A*B+(D*~(E)*~(C)+D*E*~(C)+~(D)*E*C+D*E*C)*A*B)") in D:/Anlogic/TD5.6.2/arch/al_lmacro.v(13)
HDL-1007 : elaborate module AL_MAP_ADDER(ALUTYPE="SUB") in D:/Anlogic/TD5.6.2/arch/al_lmacro.v(72)
HDL-1007 : elaborate module AL_MAP_ADDER(ALUTYPE="SUB_CARRY") in D:/Anlogic/TD5.6.2/arch/al_lmacro.v(72)
HDL-5007 WARNING: input port 'b' is not connected on this instance in ../../al_ip/divider_gate.v(207)
HDL-5007 WARNING: input port 'b' is not connected on this instance in ../../al_ip/divider_gate.v(1422)
HDL-1007 : elaborate module adc_ad7928(CH_CNT=3'b010,CH0=3'b01,CH1=3'b010,CH2=3'b011) in ../../RTL/adc_ad7928.v(11)
HDL-5007 WARNING: net 'S_adc_en' does not have a driver in ../../RTL/fpga_top.v(94)
HDL-5007 WARNING: net 'S_pwm_en' does not have a driver in ../../RTL/fpga_top.v(100)
HDL-5007 WARNING: input port 'I_insert_en' remains unconnected for this instance in ../../RTL/fpga_top.v(115)
HDL-5007 WARNING: actual bit length 32 differs from formal bit length 1 for port 'I_en' in ../../ahb_foc_controller.v(413)
HDL-5007 WARNING: actual bit length 32 differs from formal bit length 6 for port 'I_motor_polePair' in ../../ahb_foc_controller.v(414)
HDL-5007 WARNING: actual bit length 32 differs from formal bit length 1 for port 'I_motor_dir' in ../../ahb_foc_controller.v(415)
HDL-5007 WARNING: actual bit length 32 differs from formal bit length 1 for port 'I_encoder_sel' in ../../ahb_foc_controller.v(416)
HDL-5007 WARNING: actual bit length 32 differs from formal bit length 1 for port 'I_encoder_dir' in ../../ahb_foc_controller.v(417)
HDL-5007 WARNING: actual bit length 32 differs from formal bit length 2 for port 'I_control_mode' in ../../ahb_foc_controller.v(420)
HDL-5007 WARNING: actual bit length 32 differs from formal bit length 16 for port 'I_current_id_aim' in ../../ahb_foc_controller.v(421)
HDL-5007 Similar messages will be suppressed.
HDL-1200 : Current top model is fpga_top
HDL-1100 : Inferred 0 RAMs.
RUN-1002 : start command "export_db FOC_Controller_elaborate.db"
RUN-1001 : Exported /
RUN-1001 : Exported flow parameters
RUN-1001 : Exported libs
RUN-1001 : Exported entities
RUN-1001 : Exported ports
RUN-1001 : Exported pins
RUN-1001 : Exported instances
RUN-1001 : Exported nets
RUN-1001 : Exported buses
RUN-1001 : Exported models
RUN-1001 : Exported congestions
RUN-1001 : Exported violations
RUN-1001 : Exported IO constraints
RUN-1001 : Exported Inst constraints
RUN-1002 : start command "read_adc ../../TOP.adc"
RUN-1002 : start command "set_pin_assignment  IO_i2c_sda   LOCATION = H3; IOSTANDARD = LVCMOS18; DRIVESTRENGTH = 8; PULLTYPE = PULLUP; "
RUN-1002 : start command "set_pin_assignment  I_clk_25m   LOCATION = D7; IOSTANDARD = LVCMOS18; PULLTYPE = PULLUP; "
RUN-1002 : start command "set_pin_assignment  I_hall_u   LOCATION = G10; IOSTANDARD = LVCMOS18; PULLTYPE = PULLUP; "
RUN-1002 : start command "set_pin_assignment  I_hall_v   LOCATION = H11; IOSTANDARD = LVCMOS18; PULLTYPE = PULLUP; "
RUN-1002 : start command "set_pin_assignment  I_hall_w   LOCATION = H10; IOSTANDARD = LVCMOS18; PULLTYPE = PULLUP; "
RUN-1002 : start command "set_pin_assignment  I_jtag_tck   LOCATION = C7; IOSTANDARD = LVCMOS18; PULLTYPE = PULLUP; "
RUN-1002 : start command "set_pin_assignment  I_jtag_tdi   LOCATION = D5; IOSTANDARD = LVCMOS18; PULLTYPE = PULLUP; "
RUN-1002 : start command "set_pin_assignment  I_jtag_tms   LOCATION = D6; IOSTANDARD = LVCMOS18; PULLTYPE = PULLUP; "
RUN-1002 : start command "set_pin_assignment  I_rstn   LOCATION = J2; IOSTANDARD = LVCMOS18; PULLTYPE = PULLUP; "
RUN-1002 : start command "set_pin_assignment  I_spi_miso   LOCATION = B9; IOSTANDARD = LVCMOS18; PULLTYPE = PULLUP; "
RUN-1002 : start command "set_pin_assignment  I_uart_rx   LOCATION = E4; IOSTANDARD = LVCMOS18; PULLTYPE = PULLUP; "
RUN-1002 : start command "set_pin_assignment  O_i2c_scl   LOCATION = G3; IOSTANDARD = LVCMOS18; DRIVESTRENGTH = 8; PULLTYPE = NONE; "
RUN-1002 : start command "set_pin_assignment  O_jtag_tdo   LOCATION = C6; IOSTANDARD = LVCMOS18; DRIVESTRENGTH = 8; PULLTYPE = NONE; "
RUN-1002 : start command "set_pin_assignment  O_pwm_a   LOCATION = C10; IOSTANDARD = LVCMOS18; DRIVESTRENGTH = 8; PULLTYPE = NONE; "
RUN-1002 : start command "set_pin_assignment  O_pwm_b   LOCATION = C11; IOSTANDARD = LVCMOS18; DRIVESTRENGTH = 8; PULLTYPE = NONE; "
RUN-1002 : start command "set_pin_assignment  O_pwm_c   LOCATION = E11; IOSTANDARD = LVCMOS18; DRIVESTRENGTH = 8; PULLTYPE = NONE; "
RUN-1002 : start command "set_pin_assignment  O_pwm_en   LOCATION = F11; IOSTANDARD = LVCMOS18; DRIVESTRENGTH = 8; PULLTYPE = NONE; "
RUN-1002 : start command "set_pin_assignment  O_spi_mosi   LOCATION = B8; IOSTANDARD = LVCMOS18; DRIVESTRENGTH = 8; PULLTYPE = NONE; "
RUN-1002 : start command "set_pin_assignment  O_spi_sck   LOCATION = A9; IOSTANDARD = LVCMOS18; DRIVESTRENGTH = 8; PULLTYPE = NONE; "
RUN-1002 : start command "set_pin_assignment  O_spi_ss   LOCATION = A8; IOSTANDARD = LVCMOS18; DRIVESTRENGTH = 8; PULLTYPE = NONE; "
RUN-1002 : start command "set_pin_assignment  O_uart_tx   LOCATION = A4; IOSTANDARD = LVCMOS18; DRIVESTRENGTH = 8; PULLTYPE = NONE; "
RUN-1001 : Starting of IO setups legality check.
RUN-1001 : Starting of IO setups legality check.
RUN-1001 : Starting of IO vref setups legality check.
RUN-1002 : start command "optimize_rtl"
RUN-1001 : Open license file D:/Anlogic/TD5.6.2/license/Anlogic.lic
RUN-1001 : Print Global Property
RUN-1001 : ---------------------------------------------------------------
RUN-1001 :        Parameters        |  Settings  |  Default Values  |  Note  
RUN-1001 : ---------------------------------------------------------------
RUN-1001 :          message         |  standard  |     standard     |        
RUN-1001 :   mixed_pack_place_flow  |     on     |        on        |        
RUN-1001 :        qor_monitor       |    off     |       off        |        
RUN-1001 :        syn_ip_flow       |    off     |       off        |        
RUN-1001 :          thread          |    auto    |       auto       |        
RUN-1001 : ---------------------------------------------------------------
RUN-1001 : Print Rtl Property
RUN-1001 : --------------------------------------------------------------
RUN-1001 :        Parameters       |  Settings  |  Default Values  |  Note  
RUN-1001 : --------------------------------------------------------------
RUN-1001 :       compress_add      |   ripple   |      ripple      |        
RUN-1001 :        elf_sload        |    off     |       off        |        
RUN-1001 :       fix_undriven      |     0      |        0         |        
RUN-1001 :         flatten         |    off     |       off        |        
RUN-1001 :       gate_sharing      |     on     |        on        |        
RUN-1001 :    hdl_warning_level    |   normal   |      normal      |        
RUN-1001 :   impl_internal_tribuf  |     on     |        on        |        
RUN-1001 :      impl_set_reset     |     on     |        on        |        
RUN-1001 :        infer_gsr        |    off     |       off        |        
RUN-1001 :      keep_hierarchy     |    auto    |       auto       |        
RUN-1001 :        max_fanout       |    9999    |       9999       |        
RUN-1001 :      max_oh2bin_len     |     10     |        10        |        
RUN-1001 :       merge_equal       |     on     |        on        |        
RUN-1001 :       merge_equiv       |     on     |        on        |        
RUN-1001 :        merge_mux        |    off     |       off        |        
RUN-1001 :     min_control_set     |     8      |        8         |        
RUN-1001 :      min_ripple_len     |    auto    |       auto       |        
RUN-1001 :       oh2bin_ratio      |    0.08    |       0.08       |        
RUN-1001 :     opt_adder_fanout    |     on     |        on        |        
RUN-1001 :        opt_arith        |     on     |        on        |        
RUN-1001 :       opt_big_gate      |    off     |       off        |        
RUN-1001 :        opt_const        |     on     |        on        |        
RUN-1001 :      opt_const_mult     |     on     |        on        |        
RUN-1001 :       opt_lessthan      |     on     |        on        |        
RUN-1001 :         opt_mux         |    off     |       off        |        
RUN-1001 :         opt_ram         |    high    |       high       |        
RUN-1001 :      rtl_sim_model      |    off     |       off        |        
RUN-1001 :         seq_syn         |     on     |        on        |        
RUN-1001 : --------------------------------------------------------------
SYN-1012 : SanityCheck: Model "fpga_top"
SYN-1012 : SanityCheck: Model "ahb_foc_controller"
SYN-1012 : SanityCheck: Model "foc_controller"
SYN-1012 : SanityCheck: Model "adc_ad7928(CH_CNT=3'b010,CH0=3'b01,CH1=3'b010,CH2=3'b011)"
SYN-1012 : SanityCheck: Model "as5600_encoder"
SYN-1012 : SanityCheck: Model "i2c_register_read(CLK_DIV=16'b01010)"
SYN-1012 : SanityCheck: Model "hall_encoder"
SYN-1012 : SanityCheck: Model "Divider"
SYN-1012 : SanityCheck: Model "AL_DFF_0"
SYN-1012 : SanityCheck: Model "MCU"
SYN-1012 : SanityCheck: Model "pll"
SYN-1043 : Mark pll as IO macro for instance bufg_feedback
SYN-1043 : Mark MCU as IO macro for instance u4
SYN-1043 : Mark i2c_register_read(CLK_DIV=16'b01010) as IO macro for instance sda_i
SYN-1043 : Mark as5600_encoder as IO macro for instance u_as5600_read
SYN-1043 : Mark foc_controller as IO macro for instance u_as5600_encoder
SYN-1043 : Mark ahb_foc_controller as IO macro for instance u_foc_controller
SYN-1011 : Flatten model fpga_top
SYN-1032 : 7267/1881 useful/useless nets, 1170/226 useful/useless insts
SYN-1016 : Merged 291 instances.
SYN-1032 : 7160/1114 useful/useless nets, 830/227 useful/useless insts
SYN-1016 : Merged 562 instances.
SYN-5013 WARNING: Undriven net: model "fpga_top" / net "u_ahb_foc_controller/O_ahb_hresp[1]_syn_3" in ../../ahb_foc_controller.v(15)
SYN-5014 WARNING: the net's pin: pin "i" in ../../ahb_foc_controller.v(15)
SYN-5013 WARNING: Undriven net: model "fpga_top" / net "u_ahb_foc_controller/O_ahb_hresp[0]_syn_3" in ../../ahb_foc_controller.v(15)
SYN-5014 WARNING: the net's pin: pin "i" in ../../ahb_foc_controller.v(15)
SYN-5013 WARNING: Undriven net: model "fpga_top" / net "u_ahb_foc_controller/S_current_id[8]" in ../../ahb_foc_controller.v(107)
SYN-5014 WARNING: the net's pin: pin "d" in ../../ahb_foc_controller.v(285)
SYN-5013 WARNING: Undriven net: model "fpga_top" / net "u_ahb_foc_controller/u_foc_controller/S_pwm_en" in ../../RTL/fpga_top.v(100)
SYN-5014 WARNING: the net's pin: pin "i1" in ../../RTL/fpga_top.v(228)
SYN-5013 WARNING: Undriven net: model "fpga_top" / net "u_ahb_foc_controller/u_foc_controller/u_adc_ad7928/i_sn_adc" in ../../RTL/adc_ad7928.v(30)
SYN-5014 WARNING: the net's pin: pin "sel" in ../../RTL/adc_ad7928.v(91)
SYN-5014 WARNING: the net's pin: pin "sel" in ../../RTL/adc_ad7928.v(91)
SYN-5014 WARNING: the net's pin: pin "sel" in ../../RTL/adc_ad7928.v(91)
SYN-5014 WARNING: the net's pin: pin "sel" in ../../RTL/adc_ad7928.v(91)
SYN-5014 WARNING: the net's pin: pin "sel" in ../../RTL/adc_ad7928.v(91)
SYN-5014 WARNING: the net's pin: pin "sel" in ../../RTL/adc_ad7928.v(91)
SYN-5014 WARNING: the net's pin: pin "sel" in ../../RTL/adc_ad7928.v(91)
SYN-5014 WARNING: the net's pin: pin "sel" in ../../RTL/adc_ad7928.v(91)
SYN-5014 WARNING: the net's pin: pin "sel" in ../../RTL/adc_ad7928.v(91)
SYN-5014 WARNING: the net's pin: pin "sel" in ../../RTL/adc_ad7928.v(91)
SYN-5014 Similar messages will be suppressed.
SYN-5013 WARNING: Undriven net: model "fpga_top" / net "u_ahb_foc_controller/u_foc_controller/u_hall_encoder/I_init_done" in ../../hall_sensor.v(8)
SYN-5014 WARNING: the net's pin: pin "sel" in ../../hall_sensor.v(306)
SYN-5014 WARNING: the net's pin: pin "sel" in ../../hall_sensor.v(306)
SYN-5014 WARNING: the net's pin: pin "sel" in ../../hall_sensor.v(306)
SYN-5014 WARNING: the net's pin: pin "clk" in ../../hall_sensor.v(40)
SYN-5014 WARNING: the net's pin: pin "clk" in ../../AS5600_sensor.v(24)
SYN-5014 WARNING: the net's pin: pin "sel" in ../../hall_sensor.v(306)
SYN-5014 WARNING: the net's pin: pin "clk" in ../../AS5600_sensor.v(24)
SYN-5014 WARNING: the net's pin: pin "clk" in ../../AS5600_sensor.v(24)
SYN-5014 WARNING: the net's pin: pin "clk" in ../../AS5600_sensor.v(24)
SYN-5014 WARNING: the net's pin: pin "clk" in ../../AS5600_sensor.v(24)
SYN-5014 Similar messages will be suppressed.
SYN-5013 WARNING: Undriven net: model "fpga_top" / net "u_ahb_foc_controller/u_foc_controller/u_hall_encoder/I_insert_en" in ../../hall_sensor.v(9)
SYN-5014 WARNING: the net's pin: pin "I[1]" in ../../hall_sensor.v(250)
SYN-5013 WARNING: Undriven net: model "fpga_top" / net "u_mcu/apb_prdata_down[31]" in ../../al_ip/MCU.v(78)
SYN-5014 WARNING: the net's pin: pin "apb_prdata[31]" in ../../al_ip/MCU.v(126)
SYN-5013 WARNING: Undriven net: model "fpga_top" / net "u_mcu/apb_prdata_down[30]" in ../../al_ip/MCU.v(78)
SYN-5014 WARNING: the net's pin: pin "apb_prdata[30]" in ../../al_ip/MCU.v(126)
SYN-5013 WARNING: Undriven net: model "fpga_top" / net "u_mcu/apb_prdata_down[29]" in ../../al_ip/MCU.v(78)
SYN-5014 WARNING: the net's pin: pin "apb_prdata[29]" in ../../al_ip/MCU.v(126)
SYN-5013 WARNING: Undriven net: model "fpga_top" / net "u_mcu/apb_prdata_down[28]" in ../../al_ip/MCU.v(78)
SYN-5014 WARNING: the net's pin: pin "apb_prdata[28]" in ../../al_ip/MCU.v(126)
SYN-5013 WARNING: Undriven net: model "fpga_top" / net "u_mcu/apb_prdata_down[27]" in ../../al_ip/MCU.v(78)
SYN-5014 WARNING: the net's pin: pin "apb_prdata[27]" in ../../al_ip/MCU.v(126)
SYN-5013 WARNING: Undriven net: model "fpga_top" / net "u_mcu/apb_prdata_down[26]" in ../../al_ip/MCU.v(78)
SYN-5014 WARNING: the net's pin: pin "apb_prdata[26]" in ../../al_ip/MCU.v(126)
SYN-5013 WARNING: Undriven net: model "fpga_top" / net "u_mcu/apb_prdata_down[25]" in ../../al_ip/MCU.v(78)
SYN-5014 WARNING: the net's pin: pin "apb_prdata[25]" in ../../al_ip/MCU.v(126)
SYN-5013 WARNING: Undriven net: model "fpga_top" / net "u_mcu/apb_prdata_down[24]" in ../../al_ip/MCU.v(78)
SYN-5014 WARNING: the net's pin: pin "apb_prdata[24]" in ../../al_ip/MCU.v(126)
SYN-5013 WARNING: Undriven net: model "fpga_top" / net "u_mcu/apb_prdata_down[23]" in ../../al_ip/MCU.v(78)
SYN-5014 WARNING: the net's pin: pin "apb_prdata[23]" in ../../al_ip/MCU.v(126)
SYN-5013 WARNING: Undriven net: model "fpga_top" / net "u_mcu/apb_prdata_down[22]" in ../../al_ip/MCU.v(78)
SYN-5014 WARNING: the net's pin: pin "apb_prdata[22]" in ../../al_ip/MCU.v(126)
SYN-5013 WARNING: Undriven net: model "fpga_top" / net "u_mcu/apb_prdata_down[21]" in ../../al_ip/MCU.v(78)
SYN-5014 WARNING: the net's pin: pin "apb_prdata[21]" in ../../al_ip/MCU.v(126)
SYN-5013 WARNING: Undriven net: model "fpga_top" / net "u_mcu/apb_prdata_down[20]" in ../../al_ip/MCU.v(78)
SYN-5014 WARNING: the net's pin: pin "apb_prdata[20]" in ../../al_ip/MCU.v(126)
SYN-5013 WARNING: Undriven net: model "fpga_top" / net "u_mcu/apb_prdata_down[19]" in ../../al_ip/MCU.v(78)
SYN-5014 WARNING: the net's pin: pin "apb_prdata[19]" in ../../al_ip/MCU.v(126)
SYN-5013 WARNING: Undriven net: model "fpga_top" / net "u_mcu/apb_prdata_down[18]" in ../../al_ip/MCU.v(78)
SYN-5014 WARNING: the net's pin: pin "apb_prdata[18]" in ../../al_ip/MCU.v(126)
SYN-5013 WARNING: Undriven net: model "fpga_top" / net "u_mcu/apb_prdata_down[17]" in ../../al_ip/MCU.v(78)
SYN-5014 WARNING: the net's pin: pin "apb_prdata[17]" in ../../al_ip/MCU.v(126)
SYN-5013 WARNING: Undriven net: model "fpga_top" / net "u_mcu/apb_prdata_down[16]" in ../../al_ip/MCU.v(78)
SYN-5014 WARNING: the net's pin: pin "apb_prdata[16]" in ../../al_ip/MCU.v(126)
SYN-5013 WARNING: Undriven net: model "fpga_top" / net "u_mcu/apb_prdata_down[15]" in ../../al_ip/MCU.v(78)
SYN-5014 WARNING: the net's pin: pin "apb_prdata[15]" in ../../al_ip/MCU.v(126)
SYN-5013 WARNING: Undriven net: model "fpga_top" / net "u_mcu/apb_prdata_down[14]" in ../../al_ip/MCU.v(78)
SYN-5014 WARNING: the net's pin: pin "apb_prdata[14]" in ../../al_ip/MCU.v(126)
SYN-5013 WARNING: Undriven net: model "fpga_top" / net "u_mcu/apb_prdata_down[13]" in ../../al_ip/MCU.v(78)
SYN-5014 WARNING: the net's pin: pin "apb_prdata[13]" in ../../al_ip/MCU.v(126)
SYN-5013 WARNING: Undriven net: model "fpga_top" / net "u_mcu/apb_prdata_down[12]" in ../../al_ip/MCU.v(78)
SYN-5014 WARNING: the net's pin: pin "apb_prdata[12]" in ../../al_ip/MCU.v(126)
SYN-5013 WARNING: Undriven net: model "fpga_top" / net "u_mcu/apb_prdata_down[11]" in ../../al_ip/MCU.v(78)
SYN-5014 WARNING: the net's pin: pin "apb_prdata[11]" in ../../al_ip/MCU.v(126)
SYN-5013 WARNING: Undriven net: model "fpga_top" / net "u_mcu/apb_prdata_down[10]" in ../../al_ip/MCU.v(78)
SYN-5014 WARNING: the net's pin: pin "apb_prdata[10]" in ../../al_ip/MCU.v(126)
SYN-5013 WARNING: Undriven net: model "fpga_top" / net "u_mcu/apb_prdata_down[9]" in ../../al_ip/MCU.v(78)
SYN-5014 WARNING: the net's pin: pin "apb_prdata[9]" in ../../al_ip/MCU.v(126)
SYN-5013 WARNING: Undriven net: model "fpga_top" / net "u_mcu/apb_prdata_down[8]" in ../../al_ip/MCU.v(78)
SYN-5014 WARNING: the net's pin: pin "apb_prdata[8]" in ../../al_ip/MCU.v(126)
SYN-5013 WARNING: Undriven net: model "fpga_top" / net "u_mcu/apb_prdata_down[7]" in ../../al_ip/MCU.v(78)
SYN-5014 WARNING: the net's pin: pin "apb_prdata[7]" in ../../al_ip/MCU.v(126)
SYN-5013 WARNING: Undriven net: model "fpga_top" / net "u_mcu/apb_prdata_down[6]" in ../../al_ip/MCU.v(78)
SYN-5014 WARNING: the net's pin: pin "apb_prdata[6]" in ../../al_ip/MCU.v(126)
SYN-5013 WARNING: Undriven net: model "fpga_top" / net "u_mcu/apb_prdata_down[5]" in ../../al_ip/MCU.v(78)
SYN-5014 WARNING: the net's pin: pin "apb_prdata[5]" in ../../al_ip/MCU.v(126)
SYN-5013 WARNING: Undriven net: model "fpga_top" / net "u_mcu/apb_prdata_down[4]" in ../../al_ip/MCU.v(78)
SYN-5014 WARNING: the net's pin: pin "apb_prdata[4]" in ../../al_ip/MCU.v(126)
SYN-5013 WARNING: Undriven net: model "fpga_top" / net "u_mcu/apb_prdata_down[3]" in ../../al_ip/MCU.v(78)
SYN-5014 WARNING: the net's pin: pin "apb_prdata[3]" in ../../al_ip/MCU.v(126)
SYN-5013 WARNING: Undriven net: model "fpga_top" / net "u_mcu/apb_prdata_down[2]" in ../../al_ip/MCU.v(78)
SYN-5014 WARNING: the net's pin: pin "apb_prdata[2]" in ../../al_ip/MCU.v(126)
SYN-5013 WARNING: Undriven net: model "fpga_top" / net "u_mcu/apb_prdata_down[1]" in ../../al_ip/MCU.v(78)
SYN-5014 WARNING: the net's pin: pin "apb_prdata[1]" in ../../al_ip/MCU.v(126)
SYN-5013 WARNING: Undriven net: model "fpga_top" / net "u_mcu/apb_prdata_down[0]" in ../../al_ip/MCU.v(78)
SYN-5014 WARNING: the net's pin: pin "apb_prdata[0]" in ../../al_ip/MCU.v(126)
SYN-5013 WARNING: Undriven net: model "fpga_top" / net "u_mcu/clic_irq[15]" in ../../al_ip/MCU.v(75)
SYN-5014 WARNING: the net's pin: pin "clic_irq[15]" in ../../al_ip/MCU.v(126)
SYN-5013 WARNING: Undriven net: model "fpga_top" / net "u_mcu/clic_irq[14]" in ../../al_ip/MCU.v(75)
SYN-5014 WARNING: the net's pin: pin "clic_irq[14]" in ../../al_ip/MCU.v(126)
SYN-5013 WARNING: Undriven net: model "fpga_top" / net "u_mcu/clic_irq[13]" in ../../al_ip/MCU.v(75)
SYN-5014 WARNING: the net's pin: pin "clic_irq[13]" in ../../al_ip/MCU.v(126)
SYN-5013 WARNING: Undriven net: model "fpga_top" / net "u_mcu/clic_irq[12]" in ../../al_ip/MCU.v(75)
SYN-5014 WARNING: the net's pin: pin "clic_irq[12]" in ../../al_ip/MCU.v(126)
SYN-5013 WARNING: Undriven net: model "fpga_top" / net "u_mcu/clic_irq[11]" in ../../al_ip/MCU.v(75)
SYN-5014 WARNING: the net's pin: pin "clic_irq[11]" in ../../al_ip/MCU.v(126)
SYN-5013 WARNING: Undriven net: model "fpga_top" / net "u_mcu/clic_irq[10]" in ../../al_ip/MCU.v(75)
SYN-5014 WARNING: the net's pin: pin "clic_irq[10]" in ../../al_ip/MCU.v(126)
SYN-5013 WARNING: Undriven net: model "fpga_top" / net "u_mcu/clic_irq[9]" in ../../al_ip/MCU.v(75)
SYN-5014 WARNING: the net's pin: pin "clic_irq[9]" in ../../al_ip/MCU.v(126)
SYN-5013 WARNING: Undriven net: model "fpga_top" / net "u_mcu/clic_irq[8]" in ../../al_ip/MCU.v(75)
SYN-5014 WARNING: the net's pin: pin "clic_irq[8]" in ../../al_ip/MCU.v(126)
SYN-5013 WARNING: Undriven net: model "fpga_top" / net "u_mcu/clic_irq[7]" in ../../al_ip/MCU.v(75)
SYN-5014 WARNING: the net's pin: pin "clic_irq[7]" in ../../al_ip/MCU.v(126)
SYN-5013 WARNING: Undriven net: model "fpga_top" / net "u_mcu/clic_irq[6]" in ../../al_ip/MCU.v(75)
SYN-5014 WARNING: the net's pin: pin "clic_irq[6]" in ../../al_ip/MCU.v(126)
SYN-5013 WARNING: Undriven net: model "fpga_top" / net "u_mcu/clic_irq[5]" in ../../al_ip/MCU.v(75)
SYN-5014 WARNING: the net's pin: pin "clic_irq[5]" in ../../al_ip/MCU.v(126)
SYN-5013 WARNING: Undriven net: model "fpga_top" / net "u_mcu/clic_irq[4]" in ../../al_ip/MCU.v(75)
SYN-5014 WARNING: the net's pin: pin "clic_irq[4]" in ../../al_ip/MCU.v(126)
SYN-5013 WARNING: Undriven net: model "fpga_top" / net "u_mcu/clic_irq[3]" in ../../al_ip/MCU.v(75)
SYN-5014 WARNING: the net's pin: pin "clic_irq[3]" in ../../al_ip/MCU.v(126)
SYN-5013 WARNING: Undriven net: model "fpga_top" / net "u_mcu/clic_irq[2]" in ../../al_ip/MCU.v(75)
SYN-5014 WARNING: the net's pin: pin "clic_irq[2]" in ../../al_ip/MCU.v(126)
SYN-5013 WARNING: Undriven net: model "fpga_top" / net "u_mcu/clic_irq[1]" in ../../al_ip/MCU.v(75)
SYN-5014 WARNING: the net's pin: pin "clic_irq[1]" in ../../al_ip/MCU.v(126)
SYN-5013 WARNING: Undriven net: model "fpga_top" / net "u_mcu/clic_irq[0]" in ../../al_ip/MCU.v(75)
SYN-5014 WARNING: the net's pin: pin "clic_irq[0]" in ../../al_ip/MCU.v(126)
SYN-5013 WARNING: Undriven net: model "fpga_top" / net "u_mcu/apb_pready_down" in ../../al_ip/MCU.v(85)
SYN-5014 WARNING: the net's pin: pin "apb_pready_i" in ../../al_ip/MCU.v(126)
SYN-5013 WARNING: Undriven net: model "fpga_top" / net "u_mcu/apb_pslverr_down" in ../../al_ip/MCU.v(84)
SYN-5014 WARNING: the net's pin: pin "apb_pslverr_i" in ../../al_ip/MCU.v(126)
SYN-5013 WARNING: Undriven net: model "fpga_top" / net "u_mcu/nmi" in ../../al_ip/MCU.v(74)
SYN-5014 WARNING: the net's pin: pin "nmi" in ../../al_ip/MCU.v(126)
SYN-5025 WARNING: Using 0 for all undriven pins and nets
SYN-1032 : 6417/122 useful/useless nets, 5952/115 useful/useless insts
SYN-1014 : Optimize round 1
SYN-1017 : Remove 3 const input seq instances
SYN-1002 :     u_ahb_foc_controller/reg1_syn_14
SYN-1002 :     u_ahb_foc_controller/reg13_syn_10
SYN-1002 :     u_ahb_foc_controller/u_foc_controller/reg2_syn_10
SYN-1019 : Optimized 45 mux instances.
SYN-1021 : Optimized 795 onehot mux instances.
SYN-1020 : Optimized 971 distributor mux.
SYN-1001 : Optimize 13 less-than instances
SYN-1019 : Optimized 3 mux instances.
SYN-1016 : Merged 1459 instances.
SYN-1015 : Optimize round 1, 6200 better
SYN-1014 : Optimize round 2
SYN-1044 : Optimized 3 inv instances.
SYN-1032 : 3283/813 useful/useless nets, 3046/1767 useful/useless insts
SYN-1020 : Optimized 2 distributor mux.
SYN-1016 : Merged 60 instances.
SYN-1015 : Optimize round 2, 2621 better
SYN-1032 : 3266/0 useful/useless nets, 3029/22 useful/useless insts
SYN-3008 : Optimized 2 const1 DFF(s)
SYN-3003 : Optimized 4 equivalent DFF(s)
SYN-3003 : Optimized 4 equivalent DFF(s)
SYN-3003 : Optimized 4 equivalent DFF(s)
SYN-3003 : Optimized 4 equivalent DFF(s)
SYN-3004 : Optimized 2 const0 DFF(s)
SYN-1032 : 3222/44 useful/useless nets, 2995/14 useful/useless insts
SYN-1014 : Optimize round 1
SYN-1044 : Optimized 2 inv instances.
SYN-1032 : 3216/2 useful/useless nets, 2989/0 useful/useless insts
SYN-1016 : Merged 1 instances.
SYN-1015 : Optimize round 1, 16 better
SYN-1014 : Optimize round 2
SYN-1015 : Optimize round 2, 0 better
RUN-1003 : finish command "optimize_rtl" in  4.008678s wall, 1.578125s user + 0.078125s system = 1.656250s CPU (41.3%)

RUN-1004 : used memory is 152 MB, reserved memory is 120 MB, peak memory is 166 MB
RUN-1002 : start command "report_area -file FOC_Controller_rtl.area"
RUN-1001 : standard
***Report Model: fpga_top Device: SF1S60CG121I***

IO Statistics
#IO                        21
  #input                   10
  #output                  10
  #inout                    1

Gate Statistics
#Basic gates             1551
  #and                    114
  #nand                     0
  #or                       4
  #nor                      0
  #xor                      0
  #xnor                     0
  #buf                      0
  #not                     57
  #bufif1                   1
  #MX21                   185
  #FADD                     0
  #DFF                   1190
  #LATCH                    0
#MACRO_ADD                 45
#MACRO_EQ                  36
#MACRO_MULT                 2
#MACRO_MUX               1192
#MACRO_OTHERS               7

LUT Statistics
#Total_luts                75
  #lut4                    10
  #lut5                    21
  #lut6                     0
  #lut5_mx41                0
  #lut4_alu1b              44

Report Hierarchy Area:
+-------------------------------------------------------------------+
|Instance               |Module             |gates  |seq    |macros |
+-------------------------------------------------------------------+
|top                    |fpga_top           |361    |1190   |90     |
|  u_ahb_foc_controller |ahb_foc_controller |360    |1190   |83     |
|    u_foc_controller   |foc_controller     |141    |236    |58     |
|      u_adc_ad7928     |adc_ad7928         |53     |26     |9      |
|      u_as5600_encoder |as5600_encoder     |77     |61     |28     |
|        u_as5600_read  |i2c_register_read  |77     |61     |24     |
|      u_hall_encoder   |hall_encoder       |5      |102    |10     |
|        u_divider      |Divider            |0      |71     |0      |
|  u_mcu                |MCU                |0      |0      |6      |
|  u_pll                |pll                |0      |0      |1      |
+-------------------------------------------------------------------+

RUN-1002 : start command "export_db FOC_Controller_rtl.db"
RUN-1001 : Exported /
RUN-1001 : Exported flow parameters
RUN-1001 : Exported libs
RUN-1001 : Exported entities
RUN-1001 : Exported ports
RUN-1001 : Exported pins
RUN-1001 : Exported instances
RUN-1001 : Exported nets
RUN-1001 : Exported buses
RUN-1001 : Exported models
RUN-1001 : Exported congestions
RUN-1001 : Exported violations
RUN-1001 : Exported IO constraints
RUN-1001 : Exported Inst constraints
RUN-1002 : start command "optimize_gate -maparea FOC_Controller_gate.area"
RUN-1001 : Open license file D:/Anlogic/TD5.6.2/license/Anlogic.lic
RUN-1001 : Print Global Property
RUN-1001 : ---------------------------------------------------------------
RUN-1001 :        Parameters        |  Settings  |  Default Values  |  Note  
RUN-1001 : ---------------------------------------------------------------
RUN-1001 :          message         |  standard  |     standard     |        
RUN-1001 :   mixed_pack_place_flow  |     on     |        on        |        
RUN-1001 :        qor_monitor       |    off     |       off        |        
RUN-1001 :        syn_ip_flow       |    off     |       off        |        
RUN-1001 :          thread          |    auto    |       auto       |        
RUN-1001 : ---------------------------------------------------------------
RUN-1001 : Print Gate Property
RUN-1001 : ------------------------------------------------------------------
RUN-1001 :          Parameters         |  Settings  |  Default Values  |  Note  
RUN-1001 : ------------------------------------------------------------------
RUN-1001 :         cascade_dsp         |    off     |       off        |        
RUN-1001 :         cascade_eram        |    off     |       off        |        
RUN-1001 :        gate_sim_model       |    off     |       off        |        
RUN-1001 :        map_sim_model        |    off     |       off        |        
RUN-1001 :         map_strategy        |     1      |        1         |        
RUN-1001 :           opt_area          |   medium   |      medium      |        
RUN-1001 :          opt_timing         |    auto    |       auto       |        
RUN-1001 :         pack_effort         |   medium   |      medium      |        
RUN-1001 :      pack_lslice_ripple     |     on     |        on        |        
RUN-1001 :   pack_lslice_ripple_ratio  |    0.5     |       0.5        |        
RUN-1001 :        pack_seq_in_io       |    auto    |       auto       |        
RUN-1001 :        ph1_mux_ratio        |    1.0     |       1.0        |        
RUN-1001 :            report           |  standard  |     standard     |        
RUN-1001 :           retiming          |    off     |       off        |        
RUN-1001 : ------------------------------------------------------------------
SYN-2002 : SF1_PHY_INTFLASH instance u_mcu/SF1_PHY_INTFLASH_inst.
SYN-2001 : Map 27 IOs to PADs
SYN-1032 : 3229/7 useful/useless nets, 3005/5 useful/useless insts
RUN-1002 : start command "update_pll_param -module fpga_top"
SYN-2501 : Processed 0 LOGIC_BUF instances.
SYN-2501 : 1 BUFG to GCLK
SYN-2501 : 1 MCU_JTAG to CONFIG
SYN-2571 : Map 2 macro multiplier
SYN-2571 : Optimize after map_dsp, round 1
SYN-1032 : 3235/24 useful/useless nets, 3022/2 useful/useless insts
SYN-2571 : Optimize after map_dsp, round 1, 26 better
SYN-2571 : Optimize after map_dsp, round 2
SYN-2571 : Optimize after map_dsp, round 2, 0 better
SYN-1001 : Throwback 10 control mux instances
SYN-2501 : Optimize round 1
SYN-1016 : Merged 742 instances.
SYN-2501 : Optimize round 1, 1578 better
SYN-2501 : Optimize round 2
SYN-2501 : Optimize round 2, 0 better
SYN-2501 : Map 43 macro adder
SYN-3001 : Mapper mapped 7 instances into 1 LUTs, name keeping = 100%.
SYN-3001 : Mapper mapped 7 instances into 1 LUTs, name keeping = 100%.
SYN-3001 : Mapper mapped 7 instances into 1 LUTs, name keeping = 100%.
SYN-3001 : Mapper mapped 7 instances into 1 LUTs, name keeping = 100%.
SYN-3001 : Mapper mapped 7 instances into 1 LUTs, name keeping = 100%.
SYN-3001 : Mapper mapped 7 instances into 1 LUTs, name keeping = 100%.
SYN-3001 : Mapper mapped 7 instances into 1 LUTs, name keeping = 100%.
SYN-3001 : Mapper mapped 7 instances into 1 LUTs, name keeping = 100%.
SYN-3001 : Mapper mapped 7 instances into 1 LUTs, name keeping = 100%.
SYN-3001 : Mapper mapped 7 instances into 1 LUTs, name keeping = 100%.
SYN-3001 : Mapper mapped 7 instances into 1 LUTs, name keeping = 100%.
SYN-2501 : Inferred 11 ROM instances
SYN-1019 : Optimized 29 mux instances.
SYN-1016 : Merged 24 instances.
SYN-1032 : 3735/4 useful/useless nets, 3537/2 useful/useless insts
SYN-3001 : Running gate level optimization.
SYN-2581 : Mapping with K=5, #lut = 840 (4.20), #lev = 5 (3.04)
SYN-2551 : Post LUT mapping optimization.
SYN-2581 : Mapping with K=5, #lut = 840 (4.20), #lev = 5 (3.04)
SYN-3001 : Logic optimization runtime opt =   0.22 sec, map =   0.00 sec
SYN-3001 : Mapper mapped 1840 instances into 841 LUTs, name keeping = 48%.
RUN-1002 : start command "report_area -file FOC_Controller_gate.area"
RUN-1001 : standard
***Report Model: fpga_top Device: SF1S60CG121I***

IO Statistics
#IO                        21
  #input                   10
  #output                  10
  #inout                    1

LUT Statistics
#Total_luts              1242
  #lut4                   460
  #lut5                   423
  #lut6                     0
  #lut5_mx41                0
  #lut4_alu1b             359

Utilization Statistics
#lut                     1242   out of   5824   21.33%
#reg                     1188   out of   5824   20.40%
#le                         0
#dsp                        1   out of     10   10.00%
#bram                       0   out of     26    0.00%
  #bram9k                   0
  #fifo9k                   0
#hard-ip                    1
  #mcu                      1   out of      1  100.00%
  #dsc                      0   out of      1    0.00%
  #dsi                      0   out of      2    0.00%
  #psram controller         0   out of      2    0.00%
#pad                       21   out of     55   38.18%
  #ireg                     0
  #oreg                     5
  #treg                     1
#pll                        1   out of      2   50.00%

Report Hierarchy Area:
+----------------------------------------------------------------------------------------+
|Instance               |Module             |lut     |ripple  |seq     |bram    |dsp     |
+----------------------------------------------------------------------------------------+
|top                    |fpga_top           |883     |359     |1194    |0       |1       |
|  u_ahb_foc_controller |ahb_foc_controller |883     |346     |1188    |0       |1       |
|    u_foc_controller   |foc_controller     |232     |346     |234     |0       |1       |
|      u_adc_ad7928     |adc_ad7928         |42      |7       |24      |0       |0       |
|      u_as5600_encoder |as5600_encoder     |93      |177     |61      |0       |1       |
|        u_as5600_read  |i2c_register_read  |81      |177     |61      |0       |0       |
|      u_hall_encoder   |hall_encoder       |60      |75      |102     |0       |0       |
|        u_divider      |Divider            |31      |44      |71      |0       |0       |
|  u_mcu                |MCU                |0       |0       |0       |0       |0       |
|  u_pll                |pll                |0       |0       |0       |0       |0       |
+----------------------------------------------------------------------------------------+

SYN-1001 : Packing model "fpga_top" ...
SYN-4010 : Pack lib has 65 rtl pack models with 28 top pack blocks
SYN-1014 : Optimize round 1
SYN-1032 : 2732/0 useful/useless nets, 2536/2 useful/useless insts
SYN-1015 : Optimize round 1, 2 better
SYN-1014 : Optimize round 2
SYN-1015 : Optimize round 2, 0 better
SYN-4002 : Packing 1186 DFF/LATCH to SEQ ...
SYN-4009 : Pack 9 carry chain into lslice
SYN-4007 : Packing 244 adder to BLE ...
SYN-4008 : Packed 244 adder and 1 SEQ to BLE.
SYN-4007 : Packing 0 gate4 to BLE ...
SYN-4008 : Packed 0 gate4 and 0 SEQ to BLE.
SYN-4012 : Packed 0 FxMUX
RUN-1003 : finish command "optimize_gate -maparea FOC_Controller_gate.area" in  1.984573s wall, 0.812500s user + 0.000000s system = 0.812500s CPU (40.9%)

RUN-1004 : used memory is 156 MB, reserved memory is 122 MB, peak memory is 180 MB
RUN-1002 : start command "legalize_phy_inst"
SYN-1011 : Flatten model fpga_top
SYN-5044 CRITICAL-WARNING: The net's pin: pin "apb_prdata[31]" in ../../al_ip/MCU.v(126) is connected to a constant net, which can not be set to hardwire. It will disconnect.
SYN-5044 CRITICAL-WARNING: The net's pin: pin "apb_prdata[30]" in ../../al_ip/MCU.v(126) is connected to a constant net, which can not be set to hardwire. It will disconnect.
SYN-5044 CRITICAL-WARNING: The net's pin: pin "apb_prdata[29]" in ../../al_ip/MCU.v(126) is connected to a constant net, which can not be set to hardwire. It will disconnect.
SYN-5044 CRITICAL-WARNING: The net's pin: pin "apb_prdata[28]" in ../../al_ip/MCU.v(126) is connected to a constant net, which can not be set to hardwire. It will disconnect.
SYN-5044 CRITICAL-WARNING: The net's pin: pin "apb_prdata[27]" in ../../al_ip/MCU.v(126) is connected to a constant net, which can not be set to hardwire. It will disconnect.
SYN-5044 CRITICAL-WARNING: The net's pin: pin "apb_prdata[26]" in ../../al_ip/MCU.v(126) is connected to a constant net, which can not be set to hardwire. It will disconnect.
SYN-5044 CRITICAL-WARNING: The net's pin: pin "apb_prdata[25]" in ../../al_ip/MCU.v(126) is connected to a constant net, which can not be set to hardwire. It will disconnect.
SYN-5044 CRITICAL-WARNING: The net's pin: pin "apb_prdata[24]" in ../../al_ip/MCU.v(126) is connected to a constant net, which can not be set to hardwire. It will disconnect.
SYN-5044 CRITICAL-WARNING: The net's pin: pin "apb_prdata[23]" in ../../al_ip/MCU.v(126) is connected to a constant net, which can not be set to hardwire. It will disconnect.
SYN-5044 CRITICAL-WARNING: The net's pin: pin "apb_prdata[22]" in ../../al_ip/MCU.v(126) is connected to a constant net, which can not be set to hardwire. It will disconnect.
SYN-5044 Similar messages will be suppressed.
RUN-1002 : start command "export_db FOC_Controller_gate.db"
RUN-1001 : Exported /
RUN-1001 : Exported flow parameters
RUN-1001 : Exported libs
RUN-1001 : Exported entities
RUN-1001 : Exported ports
RUN-1001 : Exported pins
RUN-1001 : Exported instances
RUN-1001 : Exported nets
RUN-1001 : Exported buses
RUN-1001 : Exported models
RUN-1001 : Exported congestions
RUN-1001 : Exported violations
RUN-1001 : Exported IO constraints
RUN-1001 : Exported Inst constraints
RUN-1002 : start command "backup_run_log run.log ../.logs/syn_1/td_20231111_132932.log"
