============================================================
   Tang Dynasty, V5.6.71036
      Copyright (c) 2012-2023 Anlogic Inc.
   Executable = D:/Anlogic/TD5.6.2/bin/td.exe
   Built at =   20:34:38 Mar 21 2023
   Run by =     15597
   Run Date =   Wed Nov  8 14:12:34 2023

   Run on =     XR097-DELL-G7
============================================================
RUN-1002 : start command "open_project FOC_Controller.prj"
RUN-1001 : Print Global Property
RUN-1001 : ---------------------------------------------------------------
RUN-1001 :        Parameters        |  Settings  |  Default Values  |  Note  
RUN-1001 : ---------------------------------------------------------------
RUN-1001 :          message         |  standard  |     standard     |        
RUN-1001 :   mixed_pack_place_flow  |     on     |        on        |        
RUN-1001 :        qor_monitor       |    off     |       off        |        
RUN-1001 :        syn_ip_flow       |    off     |       off        |        
RUN-1001 :          thread          |    auto    |       auto       |        
RUN-1001 : ---------------------------------------------------------------
RUN-1001 : Print Design Property
RUN-1001 : --------------------------------------------------------------
RUN-1001 :        Parameters       |  Settings  |  Default Values  |  Note  
RUN-1001 : --------------------------------------------------------------
RUN-1001 :   default_reg_initial   |    auto    |       auto       |        
RUN-1001 :        infer_add        |     on     |        on        |        
RUN-1001 :        infer_fsm        |    off     |       off        |        
RUN-1001 :        infer_mult       |     on     |        on        |        
RUN-1001 :        infer_ram        |     on     |        on        |        
RUN-1001 :        infer_reg        |     on     |        on        |        
RUN-1001 :   infer_reg_init_value  |     on     |        on        |        
RUN-1001 :        infer_rom        |     on     |        on        |        
RUN-1001 :      infer_shifter      |     on     |        on        |        
RUN-1001 : --------------------------------------------------------------
RUN-1001 : Print Rtl Property
RUN-1001 : --------------------------------------------------------------
RUN-1001 :        Parameters       |  Settings  |  Default Values  |  Note  
RUN-1001 : --------------------------------------------------------------
RUN-1001 :       compress_add      |   ripple   |      ripple      |        
RUN-1001 :        elf_sload        |    off     |       off        |        
RUN-1001 :       fix_undriven      |     0      |        0         |        
RUN-1001 :         flatten         |    off     |       off        |        
RUN-1001 :       gate_sharing      |     on     |        on        |        
RUN-1001 :    hdl_warning_level    |   normal   |      normal      |        
RUN-1001 :   impl_internal_tribuf  |     on     |        on        |        
RUN-1001 :      impl_set_reset     |     on     |        on        |        
RUN-1001 :        infer_gsr        |    off     |       off        |        
RUN-1001 :      keep_hierarchy     |    auto    |       auto       |        
RUN-1001 :        max_fanout       |    9999    |       9999       |        
RUN-1001 :      max_oh2bin_len     |     10     |        10        |        
RUN-1001 :       merge_equal       |     on     |        on        |        
RUN-1001 :       merge_equiv       |     on     |        on        |        
RUN-1001 :        merge_mux        |    off     |       off        |        
RUN-1001 :     min_control_set     |     8      |        8         |        
RUN-1001 :      min_ripple_len     |    auto    |       auto       |        
RUN-1001 :       oh2bin_ratio      |    0.08    |       0.08       |        
RUN-1001 :     opt_adder_fanout    |     on     |        on        |        
RUN-1001 :        opt_arith        |     on     |        on        |        
RUN-1001 :       opt_big_gate      |    off     |       off        |        
RUN-1001 :        opt_const        |     on     |        on        |        
RUN-1001 :      opt_const_mult     |     on     |        on        |        
RUN-1001 :       opt_lessthan      |     on     |        on        |        
RUN-1001 :         opt_mux         |    off     |       off        |        
RUN-1001 :         opt_ram         |    high    |       high       |        
RUN-1001 :      rtl_sim_model      |    off     |       off        |        
RUN-1001 :         seq_syn         |     on     |        on        |        
RUN-1001 : --------------------------------------------------------------
HDL-1007 : analyze verilog file ../../al_ip/pll.v
HDL-1007 : undeclared symbol 'open', assumed default net type 'wire' in ../../al_ip/pll.v(88)
HDL-1007 : analyze verilog file ../../RTL/adc_ad7928.v
HDL-1007 : analyze verilog file ../../RTL/foc/cartesian2polar.v
HDL-1007 : analyze verilog file ../../RTL/foc/clark_tr.v
HDL-1007 : analyze verilog file ../../RTL/foc/foc_top.v
HDL-1007 : analyze verilog file ../../RTL/foc/hold_detect.v
HDL-1007 : analyze verilog file ../../RTL/foc/park_tr.v
HDL-1007 : analyze verilog file ../../RTL/foc/pi_controller.v
HDL-1007 : analyze verilog file ../../RTL/foc/sincos.v
HDL-1007 : analyze verilog file ../../RTL/foc/svpwm.v
HDL-1007 : analyze verilog file ../../RTL/fpga_top.v
HDL-1007 : analyze verilog file ../../RTL/i2c_register_read.v
HDL-1007 : analyze verilog file ../../RTL/uart_monitor.v
HDL-1007 : analyze verilog file ../../hall_sensor.v
HDL-1007 : analyze verilog file ../../TOP_test.v
HDL-1007 : analyze verilog file ../../AS5600_sensor.v
RUN-1001 : Project manager successfully analyzed 16 source files.
RUN-1002 : start command "import_device sf1_6.db -package SF1S60CG121I"
ARC-1001 : Device Initialization.
ARC-1001 : -------------------------------------------------
ARC-1001 :       OPTION       |      IO       |   SETTING   
ARC-1001 : -------------------------------------------------
ARC-1001 :        done        |      B4       |    gpio    
ARC-1001 :        initn       |      A5       |    gpio    
ARC-1001 :       jtagen       |      B7       |    gpio    
ARC-1001 :      programn      |      B5       |  dedicate  
ARC-1001 :   tdi/tms/tck/tdo  |  C4/A6/A7/C5  |  dedicate  
ARC-1001 : -------------------------------------------------
ARC-1004 : Device setting, marked 5 dedicate IOs in total.
RUN-1002 : start command "elaborate -top TOP_test"
RUN-1001 : Print Design Property
RUN-1001 : --------------------------------------------------------------
RUN-1001 :        Parameters       |  Settings  |  Default Values  |  Note  
RUN-1001 : --------------------------------------------------------------
RUN-1001 :   default_reg_initial   |    auto    |       auto       |        
RUN-1001 :        infer_add        |     on     |        on        |        
RUN-1001 :        infer_fsm        |    off     |       off        |        
RUN-1001 :        infer_mult       |     on     |        on        |        
RUN-1001 :        infer_ram        |     on     |        on        |        
RUN-1001 :        infer_reg        |     on     |        on        |        
RUN-1001 :   infer_reg_init_value  |     on     |        on        |        
RUN-1001 :        infer_rom        |     on     |        on        |        
RUN-1001 :      infer_shifter      |     on     |        on        |        
RUN-1001 : --------------------------------------------------------------
RUN-1001 : Print Rtl Property
RUN-1001 : --------------------------------------------------------------
RUN-1001 :        Parameters       |  Settings  |  Default Values  |  Note  
RUN-1001 : --------------------------------------------------------------
RUN-1001 :       compress_add      |   ripple   |      ripple      |        
RUN-1001 :        elf_sload        |    off     |       off        |        
RUN-1001 :       fix_undriven      |     0      |        0         |        
RUN-1001 :         flatten         |    off     |       off        |        
RUN-1001 :       gate_sharing      |     on     |        on        |        
RUN-1001 :    hdl_warning_level    |   normal   |      normal      |        
RUN-1001 :   impl_internal_tribuf  |     on     |        on        |        
RUN-1001 :      impl_set_reset     |     on     |        on        |        
RUN-1001 :        infer_gsr        |    off     |       off        |        
RUN-1001 :      keep_hierarchy     |    auto    |       auto       |        
RUN-1001 :        max_fanout       |    9999    |       9999       |        
RUN-1001 :      max_oh2bin_len     |     10     |        10        |        
RUN-1001 :       merge_equal       |     on     |        on        |        
RUN-1001 :       merge_equiv       |     on     |        on        |        
RUN-1001 :        merge_mux        |    off     |       off        |        
RUN-1001 :     min_control_set     |     8      |        8         |        
RUN-1001 :      min_ripple_len     |    auto    |       auto       |        
RUN-1001 :       oh2bin_ratio      |    0.08    |       0.08       |        
RUN-1001 :     opt_adder_fanout    |     on     |        on        |        
RUN-1001 :        opt_arith        |     on     |        on        |        
RUN-1001 :       opt_big_gate      |    off     |       off        |        
RUN-1001 :        opt_const        |     on     |        on        |        
RUN-1001 :      opt_const_mult     |     on     |        on        |        
RUN-1001 :       opt_lessthan      |     on     |        on        |        
RUN-1001 :         opt_mux         |    off     |       off        |        
RUN-1001 :         opt_ram         |    high    |       high       |        
RUN-1001 :      rtl_sim_model      |    off     |       off        |        
RUN-1001 :         seq_syn         |     on     |        on        |        
RUN-1001 : --------------------------------------------------------------
RUN-1001 : Print Global Property
RUN-1001 : ---------------------------------------------------------------
RUN-1001 :        Parameters        |  Settings  |  Default Values  |  Note  
RUN-1001 : ---------------------------------------------------------------
RUN-1001 :          message         |  standard  |     standard     |        
RUN-1001 :   mixed_pack_place_flow  |     on     |        on        |        
RUN-1001 :        qor_monitor       |    off     |       off        |        
RUN-1001 :        syn_ip_flow       |    off     |       off        |        
RUN-1001 :          thread          |    auto    |       auto       |        
RUN-1001 : ---------------------------------------------------------------
RUN-1001 : Print Design Property
RUN-1001 : --------------------------------------------------------------
RUN-1001 :        Parameters       |  Settings  |  Default Values  |  Note  
RUN-1001 : --------------------------------------------------------------
RUN-1001 :   default_reg_initial   |    auto    |       auto       |        
RUN-1001 :        infer_add        |     on     |        on        |        
RUN-1001 :        infer_fsm        |    off     |       off        |        
RUN-1001 :        infer_mult       |     on     |        on        |        
RUN-1001 :        infer_ram        |     on     |        on        |        
RUN-1001 :        infer_reg        |     on     |        on        |        
RUN-1001 :   infer_reg_init_value  |     on     |        on        |        
RUN-1001 :        infer_rom        |     on     |        on        |        
RUN-1001 :      infer_shifter      |     on     |        on        |        
RUN-1001 : --------------------------------------------------------------
HDL-1007 : elaborate module TOP_test in ../../TOP_test.v(1)
HDL-1007 : elaborate module pll in ../../al_ip/pll.v(23)
HDL-1007 : elaborate module SF1_LOGIC_BUFG in D:/Anlogic/TD5.6.2/arch/sf1_macro.v(8)
HDL-1007 : elaborate module SF1_PHY_PLL(FIN="25.000",FBCLK_DIV=4,CLKC0_DIV=10,CLKC1_DIV=25,CLKC0_ENABLE="ENABLE",CLKC1_ENABLE="ENABLE",FEEDBK_PATH="CLKC0_EXT",STDBY_ENABLE="DISABLE",CLKC0_CPHASE=9,CLKC1_CPHASE=24,GMC_GAIN=2,GMC_TEST=9,ICP_CURRENT=9,KVCO=2,LPF_CAPACITOR=1,LPF_RESISTOR=8,SYNC_ENABLE="DISABLE",OFFSET_MODE="EXT",CLKC0_DUTY=0.5,CLKC1_DUTY=0.5,CLKC0_DUTY_INT=5,CLKC1_DUTY_INT=13) in D:/Anlogic/TD5.6.2/arch/sf1_macro.v(1354)
HDL-1007 : elaborate module foc_controller in ../../RTL/fpga_top.v(6)
HDL-1007 : elaborate module as5600_encoder in ../../AS5600_sensor.v(1)
HDL-1007 : elaborate module i2c_register_read(CLK_DIV=16'b01010) in ../../RTL/i2c_register_read.v(9)
HDL-1007 : elaborate module hall_encoder in ../../hall_sensor.v(1)
HDL-1007 : elaborate module adc_ad7928(CH_CNT=3'b010,CH0=3'b01,CH1=3'b010,CH2=3'b011) in ../../RTL/adc_ad7928.v(11)
HDL-1007 : elaborate module foc_top(INIT_CYCLES=20000000) in ../../RTL/foc/foc_top.v(11)
HDL-1007 : elaborate module clark_tr in ../../RTL/foc/clark_tr.v(9)
HDL-1007 : elaborate module park_tr in ../../RTL/foc/park_tr.v(9)
HDL-1007 : elaborate module sincos in ../../RTL/foc/sincos.v(11)
HDL-1007 : elaborate module pi_controller in ../../RTL/foc/pi_controller.v(9)
HDL-1007 : elaborate module cartesian2polar in ../../RTL/foc/cartesian2polar.v(9)
HDL-1007 : elaborate module svpwm in ../../RTL/foc/svpwm.v(13)
HDL-1007 : elaborate module hold_detect(SAMPLE_DELAY=16'b01111000) in ../../RTL/foc/hold_detect.v(9)
HDL-1007 : elaborate module uart_monitor(CLK_DIV=16'b0101011011) in ../../RTL/uart_monitor.v(9)
HDL-5001 WARNING: Contains anonymous inst(s) and/or net(s) that have not been renamed
HDL-1200 : Current top model is TOP_test
HDL-1100 : Inferred 0 RAMs.
RUN-1002 : start command "export_db FOC_Controller_elaborate.db"
RUN-1001 : Exported /
RUN-1001 : Exported flow parameters
RUN-1001 : Exported libs
RUN-1001 : Exported entities
RUN-1001 : Exported ports
RUN-1001 : Exported pins
RUN-1001 : Exported instances
RUN-1001 : Exported nets
RUN-1001 : Exported buses
RUN-1001 : Exported models
RUN-1001 : Exported congestions
RUN-1001 : Exported violations
RUN-1001 : Exported IO constraints
RUN-1001 : Exported Inst constraints
RUN-1002 : start command "read_adc ../../test.adc"
RUN-1002 : start command "set_pin_assignment  IO_i2c_sda   LOCATION = H3; IOSTANDARD = LVCMOS18; DRIVESTRENGTH = 8; PULLTYPE = PULLUP; "
RUN-1002 : start command "set_pin_assignment  I_clk_25m   LOCATION = D7; IOSTANDARD = LVCMOS18; PULLTYPE = PULLUP; "
RUN-1002 : start command "set_pin_assignment  I_hall_u   LOCATION = G10; IOSTANDARD = LVCMOS18; PULLTYPE = PULLUP; "
RUN-1002 : start command "set_pin_assignment  I_hall_v   LOCATION = H11; IOSTANDARD = LVCMOS18; PULLTYPE = PULLUP; "
RUN-1002 : start command "set_pin_assignment  I_hall_w   LOCATION = H10; IOSTANDARD = LVCMOS18; PULLTYPE = PULLUP; "
RUN-1002 : start command "set_pin_assignment  I_rstn   LOCATION = J2; IOSTANDARD = LVCMOS18; PULLTYPE = PULLUP; "
RUN-1002 : start command "set_pin_assignment  I_spi_miso   LOCATION = B9; IOSTANDARD = LVCMOS18; PULLTYPE = PULLUP; "
RUN-1002 : start command "set_pin_assignment  O_i2c_scl   LOCATION = G3; IOSTANDARD = LVCMOS18; DRIVESTRENGTH = 8; PULLTYPE = NONE; "
RUN-1002 : start command "set_pin_assignment  O_pwm_a   LOCATION = C10; IOSTANDARD = LVCMOS18; DRIVESTRENGTH = 8; PULLTYPE = NONE; "
RUN-1002 : start command "set_pin_assignment  O_pwm_b   LOCATION = C11; IOSTANDARD = LVCMOS18; DRIVESTRENGTH = 8; PULLTYPE = NONE; "
RUN-1002 : start command "set_pin_assignment  O_pwm_c   LOCATION = E11; IOSTANDARD = LVCMOS18; DRIVESTRENGTH = 8; PULLTYPE = NONE; "
RUN-1002 : start command "set_pin_assignment  O_pwm_en   LOCATION = F11; IOSTANDARD = LVCMOS18; DRIVESTRENGTH = 8; PULLTYPE = NONE; "
RUN-1002 : start command "set_pin_assignment  O_spi_mosi   LOCATION = B8; IOSTANDARD = LVCMOS18; DRIVESTRENGTH = 8; PULLTYPE = NONE; "
RUN-1002 : start command "set_pin_assignment  O_spi_sck   LOCATION = A9; IOSTANDARD = LVCMOS18; DRIVESTRENGTH = 8; PULLTYPE = NONE; "
RUN-1002 : start command "set_pin_assignment  O_spi_ss   LOCATION = A8; IOSTANDARD = LVCMOS18; DRIVESTRENGTH = 8; PULLTYPE = NONE; "
RUN-1002 : start command "set_pin_assignment  O_uart_tx   LOCATION = A4; IOSTANDARD = LVCMOS18; DRIVESTRENGTH = 8; PULLTYPE = NONE; "
RUN-1001 : Starting of IO setups legality check.
RUN-1001 : Starting of IO setups legality check.
RUN-1001 : Starting of IO vref setups legality check.
RUN-1002 : start command "optimize_rtl"
RUN-1001 : Open license file D:/Anlogic/TD5.6.2/license/Anlogic.lic
RUN-1001 : Print Global Property
RUN-1001 : ---------------------------------------------------------------
RUN-1001 :        Parameters        |  Settings  |  Default Values  |  Note  
RUN-1001 : ---------------------------------------------------------------
RUN-1001 :          message         |  standard  |     standard     |        
RUN-1001 :   mixed_pack_place_flow  |     on     |        on        |        
RUN-1001 :        qor_monitor       |    off     |       off        |        
RUN-1001 :        syn_ip_flow       |    off     |       off        |        
RUN-1001 :          thread          |    auto    |       auto       |        
RUN-1001 : ---------------------------------------------------------------
RUN-1001 : Print Rtl Property
RUN-1001 : --------------------------------------------------------------
RUN-1001 :        Parameters       |  Settings  |  Default Values  |  Note  
RUN-1001 : --------------------------------------------------------------
RUN-1001 :       compress_add      |   ripple   |      ripple      |        
RUN-1001 :        elf_sload        |    off     |       off        |        
RUN-1001 :       fix_undriven      |     0      |        0         |        
RUN-1001 :         flatten         |    off     |       off        |        
RUN-1001 :       gate_sharing      |     on     |        on        |        
RUN-1001 :    hdl_warning_level    |   normal   |      normal      |        
RUN-1001 :   impl_internal_tribuf  |     on     |        on        |        
RUN-1001 :      impl_set_reset     |     on     |        on        |        
RUN-1001 :        infer_gsr        |    off     |       off        |        
RUN-1001 :      keep_hierarchy     |    auto    |       auto       |        
RUN-1001 :        max_fanout       |    9999    |       9999       |        
RUN-1001 :      max_oh2bin_len     |     10     |        10        |        
RUN-1001 :       merge_equal       |     on     |        on        |        
RUN-1001 :       merge_equiv       |     on     |        on        |        
RUN-1001 :        merge_mux        |    off     |       off        |        
RUN-1001 :     min_control_set     |     8      |        8         |        
RUN-1001 :      min_ripple_len     |    auto    |       auto       |        
RUN-1001 :       oh2bin_ratio      |    0.08    |       0.08       |        
RUN-1001 :     opt_adder_fanout    |     on     |        on        |        
RUN-1001 :        opt_arith        |     on     |        on        |        
RUN-1001 :       opt_big_gate      |    off     |       off        |        
RUN-1001 :        opt_const        |     on     |        on        |        
RUN-1001 :      opt_const_mult     |     on     |        on        |        
RUN-1001 :       opt_lessthan      |     on     |        on        |        
RUN-1001 :         opt_mux         |    off     |       off        |        
RUN-1001 :         opt_ram         |    high    |       high       |        
RUN-1001 :      rtl_sim_model      |    off     |       off        |        
RUN-1001 :         seq_syn         |     on     |        on        |        
RUN-1001 : --------------------------------------------------------------
SYN-1012 : SanityCheck: Model "TOP_test"
SYN-1012 : SanityCheck: Model "foc_controller"
SYN-1012 : SanityCheck: Model "adc_ad7928(CH_CNT=3'b010,CH0=3'b01,CH1=3'b010,CH2=3'b011)"
SYN-1012 : SanityCheck: Model "as5600_encoder"
SYN-1012 : SanityCheck: Model "i2c_register_read(CLK_DIV=16'b01010)"
SYN-1012 : SanityCheck: Model "foc_top(INIT_CYCLES=20000000)"
SYN-1012 : SanityCheck: Model "hold_detect(SAMPLE_DELAY=16'b01111000)"
SYN-1012 : SanityCheck: Model "cartesian2polar"
SYN-1012 : SanityCheck: Model "clark_tr"
SYN-1012 : SanityCheck: Model "pi_controller"
SYN-1012 : SanityCheck: Model "park_tr"
SYN-1012 : SanityCheck: Model "sincos"
SYN-1012 : SanityCheck: Model "svpwm"
SYN-1012 : SanityCheck: Model "hall_encoder"
SYN-1012 : SanityCheck: Model "pll"
SYN-1012 : SanityCheck: Model "uart_monitor(CLK_DIV=16'b0101011011)"
SYN-1043 : Mark pll as IO macro for instance bufg_feedback
SYN-1043 : Mark i2c_register_read(CLK_DIV=16'b01010) as IO macro for instance sda_i
SYN-1043 : Mark as5600_encoder as IO macro for instance u_as5600_read
SYN-1043 : Mark foc_controller as IO macro for instance u_as5600_encoder
SYN-1011 : Flatten model TOP_test
SYN-1032 : 11730/809 useful/useless nets, 1892/92 useful/useless insts
SYN-1001 : Optimize 33 less-than instances
SYN-1016 : Merged 492 instances.
SYN-1035 : Inferred 4 ROM(s)
SYN-1032 : 7619/3219 useful/useless nets, 834/407 useful/useless insts
SYN-1016 : Merged 410 instances.
SYN-5011 WARNING: Undriven pin: model "TOP_test" / inst "u_foc_controller/u_foc_top/u_cartesian2polar/mux4_syn_1" in ../../RTL/foc/cartesian2polar.v(94) / pin "addrb[11]"
SYN-5011 WARNING: Undriven pin: model "TOP_test" / inst "u_foc_controller/u_foc_top/u_cartesian2polar/mux4_syn_1" in ../../RTL/foc/cartesian2polar.v(94) / pin "addrb[10]"
SYN-5011 WARNING: Undriven pin: model "TOP_test" / inst "u_foc_controller/u_foc_top/u_cartesian2polar/mux4_syn_1" in ../../RTL/foc/cartesian2polar.v(94) / pin "addrb[9]"
SYN-5011 WARNING: Undriven pin: model "TOP_test" / inst "u_foc_controller/u_foc_top/u_cartesian2polar/mux4_syn_1" in ../../RTL/foc/cartesian2polar.v(94) / pin "addrb[8]"
SYN-5011 WARNING: Undriven pin: model "TOP_test" / inst "u_foc_controller/u_foc_top/u_cartesian2polar/mux4_syn_1" in ../../RTL/foc/cartesian2polar.v(94) / pin "addrb[7]"
SYN-5011 WARNING: Undriven pin: model "TOP_test" / inst "u_foc_controller/u_foc_top/u_cartesian2polar/mux4_syn_1" in ../../RTL/foc/cartesian2polar.v(94) / pin "addrb[6]"
SYN-5011 WARNING: Undriven pin: model "TOP_test" / inst "u_foc_controller/u_foc_top/u_cartesian2polar/mux4_syn_1" in ../../RTL/foc/cartesian2polar.v(94) / pin "addrb[5]"
SYN-5011 WARNING: Undriven pin: model "TOP_test" / inst "u_foc_controller/u_foc_top/u_cartesian2polar/mux4_syn_1" in ../../RTL/foc/cartesian2polar.v(94) / pin "addrb[4]"
SYN-5011 WARNING: Undriven pin: model "TOP_test" / inst "u_foc_controller/u_foc_top/u_cartesian2polar/mux4_syn_1" in ../../RTL/foc/cartesian2polar.v(94) / pin "addrb[3]"
SYN-5011 WARNING: Undriven pin: model "TOP_test" / inst "u_foc_controller/u_foc_top/u_cartesian2polar/mux4_syn_1" in ../../RTL/foc/cartesian2polar.v(94) / pin "addrb[2]"
SYN-5011 Similar messages will be suppressed.
SYN-5025 WARNING: Using 0 for all undriven pins and nets
SYN-1032 : 6838/431 useful/useless nets, 5382/587 useful/useless insts
SYN-1014 : Optimize round 1
SYN-1017 : Remove 2 const input seq instances
SYN-1002 :     reg0_syn_20
SYN-1002 :     u_foc_controller/u_foc_top/u_clark_tr/reg0_syn_2
SYN-1019 : Optimized 2 mux instances.
SYN-1021 : Optimized 213 onehot mux instances.
SYN-1020 : Optimized 351 distributor mux.
SYN-1001 : Optimize 16 less-than instances
SYN-1019 : Optimized 13 mux instances.
SYN-1016 : Merged 748 instances.
SYN-1015 : Optimize round 1, 4655 better
SYN-1014 : Optimize round 2
SYN-1032 : 5570/80 useful/useless nets, 4120/408 useful/useless insts
SYN-1017 : Remove 12 const input seq instances
SYN-1002 :     u_foc_controller/u_foc_top/u_id_pi/reg0_syn_11
SYN-1002 :     u_foc_controller/u_foc_top/u_svpwm/reg11_syn_12
SYN-1002 :     u_foc_controller/u_hall_encoder/reg0_syn_12
SYN-1002 :     u_uart_monitor/reg10_syn_13
SYN-1002 :     u_uart_monitor/reg2_syn_2
SYN-1002 :     u_uart_monitor/reg6_syn_48
SYN-1002 :     u_foc_controller/u_foc_top/u_id_pi/reg1_syn_11
SYN-1002 :     u_uart_monitor/reg6_syn_40
SYN-1002 :     u_uart_monitor/reg6_syn_32
SYN-1002 :     u_uart_monitor/reg6_syn_24
SYN-1002 :     u_uart_monitor/reg6_syn_16
SYN-1002 :     u_uart_monitor/reg6_syn_8
SYN-1019 : Optimized 1 mux instances.
SYN-1020 : Optimized 1 distributor mux.
SYN-1015 : Optimize round 2, 489 better
SYN-1032 : 5554/1 useful/useless nets, 4104/3 useful/useless insts
SYN-3003 : Optimized 1 equivalent DFF(s)
SYN-3008 : Optimized 2 const1 DFF(s)
SYN-3003 : Optimized 1 equivalent DFF(s)
SYN-3003 : Optimized 1 equivalent DFF(s)
SYN-3003 : Optimized 1 equivalent DFF(s)
SYN-3003 : Optimized 1 equivalent DFF(s)
SYN-3003 : Optimized 1 equivalent DFF(s)
SYN-3004 : Optimized 21 const0 DFF(s)
SYN-1032 : 5462/92 useful/useless nets, 4027/48 useful/useless insts
SYN-1014 : Optimize round 1
SYN-1019 : Optimized 14 mux instances.
SYN-1016 : Merged 26 instances.
SYN-1015 : Optimize round 1, 70 better
SYN-1014 : Optimize round 2
SYN-1032 : 5397/25 useful/useless nets, 3982/0 useful/useless insts
SYN-1015 : Optimize round 2, 4 better
SYN-1014 : Optimize round 3
SYN-1015 : Optimize round 3, 0 better
RUN-1003 : finish command "optimize_rtl" in  4.706787s wall, 1.859375s user + 0.203125s system = 2.062500s CPU (43.8%)

RUN-1004 : used memory is 213 MB, reserved memory is 182 MB, peak memory is 234 MB
RUN-1002 : start command "report_area -file FOC_Controller_rtl.area"
RUN-1001 : standard
***Report Model: TOP_test Device: SF1S60CG121I***

IO Statistics
#IO                        16
  #input                    6
  #output                   9
  #inout                    1

Gate Statistics
#Basic gates             2473
  #and                    208
  #nand                     0
  #or                     139
  #nor                      0
  #xor                      0
  #xnor                     0
  #buf                      0
  #not                     76
  #bufif1                   1
  #MX21                   201
  #FADD                     0
  #DFF                   1848
  #LATCH                    0
#MACRO_ADD                159
#MACRO_EQ                  48
#MACRO_MULT                11
#MACRO_MUX               1282
#MACRO_OTHERS               5

Report Hierarchy Area:
+-------------------------------------------------------------------+
|Instance                |Module            |gates  |seq    |macros |
+-------------------------------------------------------------------+
|top                     |TOP_test          |625    |1848   |223    |
|  u_foc_controller      |foc_controller    |530    |1703   |167    |
|    u_adc_ad7928        |adc_ad7928        |69     |76     |11     |
|    u_as5600_encoder    |as5600_encoder    |66     |37     |23     |
|      u_as5600_read     |i2c_register_read |66     |37     |23     |
|    u_foc_top           |foc_top           |370    |1223   |118    |
|      u_adc_sn_ctrl     |hold_detect       |5      |10     |3      |
|      u_cartesian2polar |cartesian2polar   |38     |189    |22     |
|      u_clark_tr        |clark_tr          |0      |130    |11     |
|      u_id_pi           |pi_controller     |12     |175    |13     |
|      u_iq_pi           |pi_controller     |12     |169    |13     |
|      u_park_tr         |park_tr           |14     |250    |16     |
|        u_sincos        |sincos            |14     |88     |10     |
|      u_svpwm           |svpwm             |284    |207    |30     |
|    u_hall_encoder      |hall_encoder      |25     |367    |15     |
|  u_pll                 |pll               |0      |0      |1      |
|  u_uart_monitor        |uart_monitor      |89     |110    |49     |
+-------------------------------------------------------------------+

RUN-1002 : start command "export_db FOC_Controller_rtl.db"
RUN-1001 : Exported /
RUN-1001 : Exported flow parameters
RUN-1001 : Exported libs
RUN-1001 : Exported entities
RUN-1001 : Exported ports
RUN-1001 : Exported pins
RUN-1001 : Exported instances
RUN-1001 : Exported nets
RUN-1001 : Exported buses
RUN-1001 : Exported models
RUN-1001 : Exported congestions
RUN-1001 : Exported violations
RUN-1001 : Exported IO constraints
RUN-1001 : Exported Inst constraints
RUN-1002 : start command "optimize_gate -maparea FOC_Controller_gate.area"
RUN-1001 : Open license file D:/Anlogic/TD5.6.2/license/Anlogic.lic
RUN-1001 : Print Global Property
RUN-1001 : ---------------------------------------------------------------
RUN-1001 :        Parameters        |  Settings  |  Default Values  |  Note  
RUN-1001 : ---------------------------------------------------------------
RUN-1001 :          message         |  standard  |     standard     |        
RUN-1001 :   mixed_pack_place_flow  |     on     |        on        |        
RUN-1001 :        qor_monitor       |    off     |       off        |        
RUN-1001 :        syn_ip_flow       |    off     |       off        |        
RUN-1001 :          thread          |    auto    |       auto       |        
RUN-1001 : ---------------------------------------------------------------
RUN-1001 : Print Gate Property
RUN-1001 : ------------------------------------------------------------------
RUN-1001 :          Parameters         |  Settings  |  Default Values  |  Note  
RUN-1001 : ------------------------------------------------------------------
RUN-1001 :         cascade_dsp         |    off     |       off        |        
RUN-1001 :         cascade_eram        |    off     |       off        |        
RUN-1001 :        gate_sim_model       |    off     |       off        |        
RUN-1001 :        map_sim_model        |    off     |       off        |        
RUN-1001 :         map_strategy        |     1      |        1         |        
RUN-1001 :           opt_area          |   medium   |      medium      |        
RUN-1001 :          opt_timing         |    auto    |       auto       |        
RUN-1001 :         pack_effort         |   medium   |      medium      |        
RUN-1001 :      pack_lslice_ripple     |     on     |        on        |        
RUN-1001 :   pack_lslice_ripple_ratio  |    0.5     |       0.5        |        
RUN-1001 :        pack_seq_in_io       |    auto    |       auto       |        
RUN-1001 :        ph1_mux_ratio        |    1.0     |       1.0        |        
RUN-1001 :            report           |  standard  |     standard     |        
RUN-1001 :           retiming          |    off     |       off        |        
RUN-1001 : ------------------------------------------------------------------
SYN-2001 : Map 16 IOs to PADs
SYN-1032 : 5408/5 useful/useless nets, 3993/5 useful/useless insts
RUN-1002 : start command "update_pll_param -module TOP_test"
SYN-2501 : Processed 0 LOGIC_BUF instances.
SYN-2501 : 1 BUFG to GCLK
SYN-2512 : LOGIC BRAM "u_foc_controller/u_foc_top/u_cartesian2polar/mux4_syn_1"
SYN-2512 : LOGIC BRAM "u_foc_controller/u_foc_top/u_cartesian2polar/mux5_syn_1"
SYN-2512 : LOGIC BRAM "u_foc_controller/u_foc_top/u_park_tr/u_sincos/mux21_syn_1"
SYN-2512 : LOGIC BRAM "u_foc_controller/u_foc_top/u_svpwm/mux54_syn_1"
SYN-2571 : Map 11 macro multiplier
SYN-2571 : Optimize after map_dsp, round 1
SYN-1032 : 5581/69 useful/useless nets, 4039/0 useful/useless insts
SYN-1016 : Merged 9 instances.
SYN-2571 : Optimize after map_dsp, round 1, 20 better
SYN-2571 : Optimize after map_dsp, round 2
SYN-2571 : Optimize after map_dsp, round 2, 0 better
SYN-2571 : Map 4 macro multiplier
SYN-2571 : Map 4 macro multiplier
SYN-1001 : Throwback 39 control mux instances
SYN-2501 : Optimize round 1
SYN-1032 : 6235/513 useful/useless nets, 4578/197 useful/useless insts
SYN-1016 : Merged 166 instances.
SYN-2501 : Optimize round 1, 838 better
SYN-2501 : Optimize round 2
SYN-2501 : Optimize round 2, 0 better
SYN-2501 : Map 179 macro adder
SYN-3001 : Mapper mapped 7 instances into 1 LUTs, name keeping = 100%.
SYN-3001 : Mapper mapped 7 instances into 1 LUTs, name keeping = 100%.
SYN-3001 : Mapper mapped 7 instances into 1 LUTs, name keeping = 100%.
SYN-3001 : Mapper mapped 7 instances into 1 LUTs, name keeping = 100%.
SYN-3001 : Mapper mapped 7 instances into 1 LUTs, name keeping = 100%.
SYN-3001 : Mapper mapped 7 instances into 1 LUTs, name keeping = 100%.
SYN-3001 : Mapper mapped 7 instances into 1 LUTs, name keeping = 100%.
SYN-3001 : Mapper mapped 7 instances into 1 LUTs, name keeping = 100%.
SYN-3001 : Mapper mapped 7 instances into 1 LUTs, name keeping = 100%.
SYN-3001 : Mapper mapped 7 instances into 1 LUTs, name keeping = 100%.
SYN-3001 : Mapper mapped 7 instances into 1 LUTs, name keeping = 100%.
SYN-3001 : Mapper mapped 7 instances into 1 LUTs, name keeping = 100%.
SYN-3001 : Mapper mapped 7 instances into 1 LUTs, name keeping = 100%.
SYN-3001 : Mapper mapped 7 instances into 1 LUTs, name keeping = 100%.
SYN-3001 : Mapper mapped 7 instances into 1 LUTs, name keeping = 100%.
SYN-3001 : Mapper mapped 7 instances into 1 LUTs, name keeping = 100%.
SYN-3001 : Mapper mapped 7 instances into 1 LUTs, name keeping = 100%.
SYN-2501 : Inferred 16 ROM instances
SYN-1019 : Optimized 143 mux instances.
SYN-1016 : Merged 203 instances.
SYN-1032 : 9050/148 useful/useless nets, 7381/7 useful/useless insts
SYN-3001 : Running gate level optimization.
SYN-2581 : Mapping with K=5, #lut = 1409 (3.28), #lev = 7 (2.06)
SYN-2551 : Post LUT mapping optimization.
SYN-2581 : Mapping with K=5, #lut = 1399 (3.27), #lev = 7 (1.99)
SYN-3001 : Logic optimization runtime opt =   0.16 sec, map =   0.00 sec
SYN-3001 : Mapper mapped 3001 instances into 1402 LUTs, name keeping = 81%.
RUN-1002 : start command "report_area -file FOC_Controller_gate.area"
RUN-1001 : standard
***Report Model: TOP_test Device: SF1S60CG121I***

IO Statistics
#IO                        16
  #input                    6
  #output                   9
  #inout                    1

LUT Statistics
#Total_luts              4087
  #lut4                  1187
  #lut5                   231
  #lut6                     0
  #lut5_mx41                0
  #lut4_alu1b            2669

Utilization Statistics
#lut                     4087   out of   5824   70.18%
#reg                     1653   out of   5824   28.38%
#le                         0
#dsp                       10   out of     10  100.00%
#bram                      11   out of     26   42.31%
  #bram9k                  11
  #fifo9k                   0
#hard-ip                    0
  #mcu                      0   out of      1    0.00%
  #dsc                      0   out of      1    0.00%
  #dsi                      0   out of      2    0.00%
  #psram controller         0   out of      2    0.00%
#pad                       16   out of     55   29.09%
  #ireg                     1
  #oreg                    10
  #treg                     1
#pll                        1   out of      2   50.00%

Report Hierarchy Area:
+----------------------------------------------------------------------------------------+
|Instance                |Module            |lut     |ripple  |seq     |bram    |dsp     |
+----------------------------------------------------------------------------------------+
|top                     |TOP_test          |1418    |2669    |1665    |11      |10      |
|  u_foc_controller      |foc_controller    |1200    |2562    |1509    |11      |10      |
|    u_adc_ad7928        |adc_ad7928        |52      |91      |74      |0       |0       |
|    u_as5600_encoder    |as5600_encoder    |73      |439     |37      |0       |0       |
|      u_as5600_read     |i2c_register_read |73      |160     |37      |0       |0       |
|    u_foc_top           |foc_top           |963     |1795    |1031    |11      |10      |
|      u_adc_sn_ctrl     |hold_detect       |12      |8       |10      |0       |0       |
|      u_cartesian2polar |cartesian2polar   |402     |302     |191     |8       |0       |
|      u_clark_tr        |clark_tr          |0       |142     |98      |0       |0       |
|      u_id_pi           |pi_controller     |101     |453     |174     |0       |3       |
|      u_iq_pi           |pi_controller     |101     |471     |169     |0       |3       |
|      u_park_tr         |park_tr           |105     |125     |90      |2       |4       |
|        u_sincos        |sincos            |105     |59      |56      |2       |0       |
|      u_svpwm           |svpwm             |210     |228     |206     |1       |0       |
|    u_hall_encoder      |hall_encoder      |109     |237     |367     |0       |0       |
|  u_pll                 |pll               |0       |0       |0       |0       |0       |
|  u_uart_monitor        |uart_monitor      |172     |40      |109     |0       |0       |
+----------------------------------------------------------------------------------------+

SYN-1001 : Packing model "TOP_test" ...
SYN-4010 : Pack lib has 65 rtl pack models with 28 top pack blocks
SYN-1014 : Optimize round 1
SYN-1015 : Optimize round 1, 0 better
SYN-4002 : Packing 1653 DFF/LATCH to SEQ ...
SYN-4009 : Pack 70 carry chain into lslice
SYN-4007 : Packing 1328 adder to BLE ...
SYN-4008 : Packed 1328 adder and 12 SEQ to BLE.
SYN-4007 : Packing 0 gate4 to BLE ...
SYN-4008 : Packed 0 gate4 and 0 SEQ to BLE.
SYN-4012 : Packed 0 FxMUX
RUN-1003 : finish command "optimize_gate -maparea FOC_Controller_gate.area" in  2.853147s wall, 1.421875s user + 0.000000s system = 1.421875s CPU (49.8%)

RUN-1004 : used memory is 250 MB, reserved memory is 217 MB, peak memory is 293 MB
RUN-1002 : start command "legalize_phy_inst"
SYN-1011 : Flatten model TOP_test
RUN-1002 : start command "export_db FOC_Controller_gate.db"
RUN-1001 : Exported /
RUN-1001 : Exported flow parameters
RUN-1001 : Exported libs
RUN-1001 : Exported entities
RUN-1001 : Exported ports
RUN-1001 : Exported pins
RUN-1001 : Exported instances
RUN-1001 : Exported nets
RUN-1001 : Exported buses
RUN-1001 : Exported models
RUN-1001 : Exported congestions
RUN-1001 : Exported violations
RUN-1001 : Exported IO constraints
RUN-1001 : Exported Inst constraints
RUN-1003 : finish command "export_db FOC_Controller_gate.db" in  1.150524s wall, 0.968750s user + 0.000000s system = 0.968750s CPU (84.2%)

RUN-1004 : used memory is 255 MB, reserved memory is 224 MB, peak memory is 336 MB
RUN-1002 : start command "backup_run_log run.log ../.logs/syn_1/td_20231108_141234.log"
