============================================================
   Tang Dynasty, V5.6.71036
      Copyright (c) 2012-2023 Anlogic Inc.
   Executable = D:/Anlogic/TD5.6.2/bin/td.exe
   Built at =   20:34:38 Mar 21 2023
   Run by =     15597
   Run Date =   Sat Nov 11 21:37:49 2023

   Run on =     XR097-DELL-G7
============================================================
RUN-1001 : open_run phy_1.
RUN-1002 : start command "import_db C:/Users/15597/Desktop/sf1/MyProject/FOC_Controller/FOC_Controller_Runs/phy_1/FOC_Controller_pr.db"
RUN-1001 : Importing database generated by Tang Dynasty, V5.6.71036.
RUN-1001 : Database version number 46146.
RUN-1001 : Import flow parameters
PHY-1001 : Generate detailed routing grids ...
PHY-1001 : Generate nets ...
PHY-1001 : net I_clk_25m_dup_1 will be routed on clock mesh
PHY-5010 WARNING: Net u_ahb_foc_controller/I_ahb_hsize[2] is skipped due to 0 input or output
PHY-5010 WARNING: Net u_ahb_foc_controller/I_ahb_hsize[1] is skipped due to 0 input or output
PHY-5010 WARNING: Net u_ahb_foc_controller/I_ahb_hsize[0] is skipped due to 0 input or output
PHY-1001 : clock net u_ahb_foc_controller/u_foc_controller/S_angle_position_clk_syn_4 will be merged with clock u_ahb_foc_controller/u_foc_controller/S_angle_position_clk
PHY-1001 : clock net u_ahb_foc_controller/u_foc_controller/S_angle_velocity_clk_syn_4 will be merged with clock u_ahb_foc_controller/u_foc_controller/S_angle_velocity_clk
PHY-1001 : net u_ahb_foc_controller/u_foc_controller/u_adc_ad7928/clk will be routed on clock mesh
PHY-1001 : clock net u_mcu/hclk will be merged with clock u_pll/clk0_buf
PHY-1001 : clock net u_ahb_foc_controller/u_foc_controller/u_foc_top/O_init_done_syn_10 will be merged with clock u_ahb_foc_controller/u_foc_controller/u_foc_top/O_init_done
PHY-5010 WARNING: Net u_ahb_foc_controller/I_ahb_hsize[2] is skipped due to 0 input or output
PHY-5010 WARNING: Net u_ahb_foc_controller/I_ahb_hsize[1] is skipped due to 0 input or output
PHY-5010 WARNING: Net u_ahb_foc_controller/I_ahb_hsize[0] is skipped due to 0 input or output
PHY-1001 : eco open net = 0
PHY-5014 WARNING: Detail route doesn't find pib for u_pll/pll_inst.frac_offset_valid[0]
PHY-5014 WARNING: Detail route doesn't find pib for u_pll/pll_inst.dsm_refclk[0]
PHY-5014 WARNING: Detail route doesn't find pib for u_pll/pll_inst.dsm_rst[0]
PHY-5014 WARNING: Detail route doesn't find pib for u_pll/pll_inst.ssc_en[0]
PHY-1001 : 461 feed throughs used by 239 nets
RUN-1001 : Import IO constraints
RUN-1001 : Import Inst constraints
RUN-1001 : Import design success TD_VERSION=5.6.71036 , DB_VERSION=46146
RUN-1003 : finish command "import_db C:/Users/15597/Desktop/sf1/MyProject/FOC_Controller/FOC_Controller_Runs/phy_1/FOC_Controller_pr.db" in  5.362410s wall, 3.828125s user + 0.125000s system = 3.953125s CPU (73.7%)

RUN-1004 : used memory is 550 MB, reserved memory is 532 MB, peak memory is 560 MB
HDL-1007 : analyze verilog file ahb_foc_controller.v
HDL-1007 : analyze verilog file ahb_foc_controller.v
HDL-1007 : analyze verilog file RTL/fpga_top.v
RUN-1001 : reset_run phy_1 syn_1.
RUN-1001 : launch_runs syn_1 phy_1  -jobs 6.
RUN-1001 : syn_1: run complete.
RUN-1001 : phy_1: run complete.
RUN-1001 : open_run phy_1.
RUN-1002 : start command "import_db C:/Users/15597/Desktop/sf1/MyProject/FOC_Controller/FOC_Controller_Runs/phy_1/FOC_Controller_pr.db"
RUN-1001 : Importing database generated by Tang Dynasty, V5.6.71036.
RUN-1001 : Database version number 46146.
RUN-1001 : Import flow parameters
PHY-1001 : Generate detailed routing grids ...
PHY-1001 : Generate nets ...
PHY-1001 : net I_clk_25m_dup_1 will be routed on clock mesh
PHY-5010 WARNING: Net u_ahb_foc_controller/I_ahb_hsize[2] is skipped due to 0 input or output
PHY-5010 WARNING: Net u_ahb_foc_controller/I_ahb_hsize[1] is skipped due to 0 input or output
PHY-5010 WARNING: Net u_ahb_foc_controller/I_ahb_hsize[0] is skipped due to 0 input or output
PHY-1001 : clock net u_ahb_foc_controller/u_foc_controller/S_angle_position_clk_syn_4 will be merged with clock u_ahb_foc_controller/u_foc_controller/S_angle_position_clk
PHY-1001 : clock net u_ahb_foc_controller/u_foc_controller/S_angle_velocity_clk_syn_4 will be merged with clock u_ahb_foc_controller/u_foc_controller/S_angle_velocity_clk
PHY-1001 : net u_ahb_foc_controller/u_foc_controller/u_adc_ad7928/clk will be routed on clock mesh
PHY-1001 : clock net u_mcu/hclk will be merged with clock u_pll/clk0_buf
PHY-1001 : clock net u_ahb_foc_controller/u_foc_controller/u_foc_top/O_init_done_syn_10 will be merged with clock u_ahb_foc_controller/u_foc_controller/u_foc_top/O_init_done
PHY-5010 WARNING: Net u_ahb_foc_controller/I_ahb_hsize[2] is skipped due to 0 input or output
PHY-5010 WARNING: Net u_ahb_foc_controller/I_ahb_hsize[1] is skipped due to 0 input or output
PHY-5010 WARNING: Net u_ahb_foc_controller/I_ahb_hsize[0] is skipped due to 0 input or output
PHY-1001 : eco open net = 0
PHY-5014 WARNING: Detail route doesn't find pib for u_pll/pll_inst.frac_offset_valid[0]
PHY-5014 WARNING: Detail route doesn't find pib for u_pll/pll_inst.dsm_refclk[0]
PHY-5014 WARNING: Detail route doesn't find pib for u_pll/pll_inst.ssc_en[0]
PHY-5014 WARNING: Detail route doesn't find pib for u_pll/pll_inst.dsm_rst[0]
PHY-1001 : 461 feed throughs used by 239 nets
RUN-1001 : Import IO constraints
RUN-1001 : Import Inst constraints
RUN-1001 : Import design success TD_VERSION=5.6.71036 , DB_VERSION=46146
RUN-1003 : finish command "import_db C:/Users/15597/Desktop/sf1/MyProject/FOC_Controller/FOC_Controller_Runs/phy_1/FOC_Controller_pr.db" in  4.097766s wall, 2.718750s user + 0.156250s system = 2.875000s CPU (70.2%)

RUN-1004 : used memory is 582 MB, reserved memory is 572 MB, peak memory is 586 MB
RUN-1002 : start command "download -bit FOC_Controller_Runs\phy_1\FOC_Controller.bit -mode program_riscv -hex2 C:\Users\15597\Desktop\sf1\FutureDynasty_workspace\foc_controller\Debug\foc_controller.hex -spd 6 -sec 64 -cable 0"
PRG-2014 : Chip validation success: SF1S60
PRG-2505 : ProgramSvf:  program FOC_Controller_Runs/phy_1/FOC_Controller.svf successfully
RUN-1003 : finish command "program_svf -svf FOC_Controller_Runs/phy_1/FOC_Controller.svf -spd 6" in  13.263517s wall, 0.203125s user + 0.046875s system = 0.250000s CPU (1.9%)

RUN-1004 : used memory is 583 MB, reserved memory is 573 MB, peak memory is 598 MB
RUN-1003 : finish command "download -bit FOC_Controller_Runs\phy_1\FOC_Controller.bit -mode program_riscv -hex2 C:\Users\15597\Desktop\sf1\FutureDynasty_workspace\foc_controller\Debug\foc_controller.hex -spd 6 -sec 64 -cable 0" in  13.537737s wall, 0.312500s user + 0.062500s system = 0.375000s CPU (2.8%)

RUN-1004 : used memory is 583 MB, reserved memory is 573 MB, peak memory is 598 MB
GUI-1001 : Downloading succeeded!
HDL-1007 : analyze verilog file RTL/fpga_top.v
RUN-1001 : reset_run phy_1 syn_1.
RUN-1001 : launch_runs syn_1 phy_1  -jobs 6.
HDL-1007 : analyze verilog file RTL/fpga_top.v
RUN-1001 : reset_run phy_1 syn_1.
RUN-1001 : syn_1: run complete.
RUN-1001 : launch_runs syn_1 phy_1  -jobs 6.
RUN-1001 : syn_1: run complete.
RUN-1001 : phy_1: run complete.
RUN-1001 : open_run phy_1.
RUN-1002 : start command "import_db C:/Users/15597/Desktop/sf1/MyProject/FOC_Controller/FOC_Controller_Runs/phy_1/FOC_Controller_pr.db"
RUN-1001 : Importing database generated by Tang Dynasty, V5.6.71036.
RUN-1001 : Database version number 46146.
RUN-1001 : Import flow parameters
PHY-1001 : Generate detailed routing grids ...
PHY-1001 : Generate nets ...
PHY-1001 : net I_clk_25m_dup_1 will be routed on clock mesh
PHY-5010 WARNING: Net u_ahb_foc_controller/I_ahb_hsize[2] is skipped due to 0 input or output
PHY-5010 WARNING: Net u_ahb_foc_controller/I_ahb_hsize[1] is skipped due to 0 input or output
PHY-5010 WARNING: Net u_ahb_foc_controller/I_ahb_hsize[0] is skipped due to 0 input or output
PHY-1001 : clock net u_ahb_foc_controller/u_foc_controller/S_angle_position_clk_syn_4 will be merged with clock u_ahb_foc_controller/u_foc_controller/S_angle_position_clk
PHY-1001 : clock net u_ahb_foc_controller/u_foc_controller/S_angle_velocity_clk_syn_4 will be merged with clock u_ahb_foc_controller/u_foc_controller/S_angle_velocity_clk
PHY-1001 : net u_ahb_foc_controller/u_foc_controller/u_adc_ad7928/clk will be routed on clock mesh
PHY-1001 : clock net u_mcu/hclk will be merged with clock u_pll/clk0_buf
PHY-1001 : clock net u_ahb_foc_controller/u_foc_controller/u_foc_top/O_init_done_syn_10 will be merged with clock u_ahb_foc_controller/u_foc_controller/u_foc_top/O_init_done
PHY-5010 WARNING: Net u_ahb_foc_controller/I_ahb_hsize[2] is skipped due to 0 input or output
PHY-5010 WARNING: Net u_ahb_foc_controller/I_ahb_hsize[1] is skipped due to 0 input or output
PHY-5010 WARNING: Net u_ahb_foc_controller/I_ahb_hsize[0] is skipped due to 0 input or output
PHY-1001 : eco open net = 0
PHY-5014 WARNING: Detail route doesn't find pib for u_pll/pll_inst.frac_offset_valid[0]
PHY-5014 WARNING: Detail route doesn't find pib for u_pll/pll_inst.dsm_refclk[0]
PHY-5014 WARNING: Detail route doesn't find pib for u_pll/pll_inst.dsm_rst[0]
PHY-5014 WARNING: Detail route doesn't find pib for u_pll/pll_inst.ssc_en[0]
PHY-1001 : 389 feed throughs used by 218 nets
RUN-1001 : Import IO constraints
RUN-1001 : Import Inst constraints
RUN-1001 : Import design success TD_VERSION=5.6.71036 , DB_VERSION=46146
RUN-1003 : finish command "import_db C:/Users/15597/Desktop/sf1/MyProject/FOC_Controller/FOC_Controller_Runs/phy_1/FOC_Controller_pr.db" in  3.982976s wall, 3.656250s user + 0.109375s system = 3.765625s CPU (94.5%)

RUN-1004 : used memory is 590 MB, reserved memory is 581 MB, peak memory is 598 MB
RUN-1002 : start command "download -bit FOC_Controller_Runs\phy_1\FOC_Controller.bit -mode program_riscv -hex2 C:\Users\15597\Desktop\sf1\FutureDynasty_workspace\foc_controller\Debug\foc_controller.hex -spd 6 -sec 64 -cable 0"
PRG-2014 : Chip validation success: SF1S60
PRG-2505 : ProgramSvf:  program FOC_Controller_Runs/phy_1/FOC_Controller.svf successfully
RUN-1003 : finish command "program_svf -svf FOC_Controller_Runs/phy_1/FOC_Controller.svf -spd 6" in  13.311476s wall, 0.187500s user + 0.046875s system = 0.234375s CPU (1.8%)

RUN-1004 : used memory is 591 MB, reserved memory is 582 MB, peak memory is 606 MB
RUN-1003 : finish command "download -bit FOC_Controller_Runs\phy_1\FOC_Controller.bit -mode program_riscv -hex2 C:\Users\15597\Desktop\sf1\FutureDynasty_workspace\foc_controller\Debug\foc_controller.hex -spd 6 -sec 64 -cable 0" in  13.571274s wall, 0.312500s user + 0.046875s system = 0.359375s CPU (2.6%)

RUN-1004 : used memory is 591 MB, reserved memory is 582 MB, peak memory is 606 MB
GUI-1001 : Downloading succeeded!
HDL-1007 : analyze verilog file RTL/fpga_top.v
HDL-1007 : analyze verilog file RTL/fpga_top.v
RUN-1001 : reset_run phy_1 syn_1.
RUN-1001 : launch_runs syn_1 phy_1  -jobs 6.
RUN-1001 : syn_1: run complete.
RUN-1001 : phy_1: run complete.
RUN-1001 : open_run phy_1.
RUN-1002 : start command "import_db C:/Users/15597/Desktop/sf1/MyProject/FOC_Controller/FOC_Controller_Runs/phy_1/FOC_Controller_pr.db"
RUN-1001 : Importing database generated by Tang Dynasty, V5.6.71036.
RUN-1001 : Database version number 46146.
RUN-1001 : Import flow parameters
PHY-1001 : Generate detailed routing grids ...
PHY-1001 : Generate nets ...
PHY-1001 : net I_clk_25m_dup_1 will be routed on clock mesh
PHY-5010 WARNING: Net u_ahb_foc_controller/I_ahb_hsize[2] is skipped due to 0 input or output
PHY-5010 WARNING: Net u_ahb_foc_controller/I_ahb_hsize[1] is skipped due to 0 input or output
PHY-5010 WARNING: Net u_ahb_foc_controller/I_ahb_hsize[0] is skipped due to 0 input or output
PHY-1001 : clock net u_ahb_foc_controller/u_foc_controller/S_angle_position_clk_syn_4 will be merged with clock u_ahb_foc_controller/u_foc_controller/S_angle_position_clk
PHY-1001 : clock net u_ahb_foc_controller/u_foc_controller/S_angle_velocity_clk_syn_4 will be merged with clock u_ahb_foc_controller/u_foc_controller/S_angle_velocity_clk
PHY-1001 : clock net u_mcu/hclk will be merged with clock u_pll/clk0_buf
PHY-1001 : net u_ahb_foc_controller/u_foc_controller/u_adc_ad7928/clk will be routed on clock mesh
PHY-1001 : clock net u_ahb_foc_controller/u_foc_controller/u_foc_top/O_init_done_syn_10 will be merged with clock u_ahb_foc_controller/u_foc_controller/u_foc_top/O_init_done
PHY-5010 WARNING: Net u_ahb_foc_controller/I_ahb_hsize[2] is skipped due to 0 input or output
PHY-5010 WARNING: Net u_ahb_foc_controller/I_ahb_hsize[1] is skipped due to 0 input or output
PHY-5010 WARNING: Net u_ahb_foc_controller/I_ahb_hsize[0] is skipped due to 0 input or output
PHY-1001 : eco open net = 0
PHY-5014 WARNING: Detail route doesn't find pib for u_pll/pll_inst.frac_offset_valid[0]
PHY-5014 WARNING: Detail route doesn't find pib for u_pll/pll_inst.dsm_refclk[0]
PHY-5014 WARNING: Detail route doesn't find pib for u_pll/pll_inst.dsm_rst[0]
PHY-5014 WARNING: Detail route doesn't find pib for u_pll/pll_inst.ssc_en[0]
PHY-1001 : 396 feed throughs used by 224 nets
RUN-1001 : Import IO constraints
RUN-1001 : Import Inst constraints
RUN-1001 : Import design success TD_VERSION=5.6.71036 , DB_VERSION=46146
RUN-1003 : finish command "import_db C:/Users/15597/Desktop/sf1/MyProject/FOC_Controller/FOC_Controller_Runs/phy_1/FOC_Controller_pr.db" in  4.122938s wall, 3.453125s user + 0.078125s system = 3.531250s CPU (85.6%)

RUN-1004 : used memory is 590 MB, reserved memory is 581 MB, peak memory is 606 MB
HDL-1007 : analyze verilog file RTL/fpga_top.v
RUN-1002 : start command "download -bit FOC_Controller_Runs\phy_1\FOC_Controller.bit -mode program_riscv -hex2 C:\Users\15597\Desktop\sf1\FutureDynasty_workspace\foc_controller\Debug\foc_controller.hex -spd 6 -sec 64 -cable 0"
PRG-2014 : Chip validation success: SF1S60
PRG-2505 : ProgramSvf:  program FOC_Controller_Runs/phy_1/FOC_Controller.svf successfully
RUN-1003 : finish command "program_svf -svf FOC_Controller_Runs/phy_1/FOC_Controller.svf -spd 6" in  13.327205s wall, 0.265625s user + 0.109375s system = 0.375000s CPU (2.8%)

RUN-1004 : used memory is 593 MB, reserved memory is 582 MB, peak memory is 607 MB
RUN-1003 : finish command "download -bit FOC_Controller_Runs\phy_1\FOC_Controller.bit -mode program_riscv -hex2 C:\Users\15597\Desktop\sf1\FutureDynasty_workspace\foc_controller\Debug\foc_controller.hex -spd 6 -sec 64 -cable 0" in  13.578589s wall, 0.390625s user + 0.109375s system = 0.500000s CPU (3.7%)

RUN-1004 : used memory is 593 MB, reserved memory is 582 MB, peak memory is 607 MB
GUI-1001 : Downloading succeeded!
RUN-1001 : reset_run phy_1 syn_1.
RUN-1001 : launch_runs syn_1 phy_1  -jobs 6.
RUN-1001 : syn_1: run complete.
RUN-1001 : phy_1: run complete.
RUN-1001 : open_run phy_1.
RUN-1002 : start command "import_db C:/Users/15597/Desktop/sf1/MyProject/FOC_Controller/FOC_Controller_Runs/phy_1/FOC_Controller_pr.db"
RUN-1001 : Importing database generated by Tang Dynasty, V5.6.71036.
RUN-1001 : Database version number 46146.
RUN-1001 : Import flow parameters
PHY-1001 : Generate detailed routing grids ...
PHY-1001 : Generate nets ...
PHY-1001 : net I_clk_25m_dup_1 will be routed on clock mesh
PHY-5010 WARNING: Net u_ahb_foc_controller/I_ahb_hsize[2] is skipped due to 0 input or output
PHY-5010 WARNING: Net u_ahb_foc_controller/I_ahb_hsize[1] is skipped due to 0 input or output
PHY-5010 WARNING: Net u_ahb_foc_controller/I_ahb_hsize[0] is skipped due to 0 input or output
PHY-1001 : clock net u_ahb_foc_controller/u_foc_controller/S_angle_position_clk_syn_4 will be merged with clock u_ahb_foc_controller/u_foc_controller/S_angle_position_clk
PHY-1001 : clock net u_ahb_foc_controller/u_foc_controller/S_angle_velocity_clk_syn_4 will be merged with clock u_ahb_foc_controller/u_foc_controller/S_angle_velocity_clk
PHY-1001 : clock net u_mcu/hclk will be merged with clock u_pll/clk0_buf
PHY-1001 : net u_ahb_foc_controller/u_foc_controller/u_adc_ad7928/clk will be routed on clock mesh
PHY-1001 : clock net u_ahb_foc_controller/u_foc_controller/u_foc_top/O_init_done_syn_10 will be merged with clock u_ahb_foc_controller/u_foc_controller/u_foc_top/O_init_done
PHY-5010 WARNING: Net u_ahb_foc_controller/I_ahb_hsize[2] is skipped due to 0 input or output
PHY-5010 WARNING: Net u_ahb_foc_controller/I_ahb_hsize[1] is skipped due to 0 input or output
PHY-5010 WARNING: Net u_ahb_foc_controller/I_ahb_hsize[0] is skipped due to 0 input or output
PHY-1001 : eco open net = 0
PHY-5014 WARNING: Detail route doesn't find pib for u_pll/pll_inst.frac_offset_valid[0]
PHY-5014 WARNING: Detail route doesn't find pib for u_pll/pll_inst.dsm_refclk[0]
PHY-5014 WARNING: Detail route doesn't find pib for u_pll/pll_inst.dsm_rst[0]
PHY-5014 WARNING: Detail route doesn't find pib for u_pll/pll_inst.ssc_en[0]
PHY-1001 : 432 feed throughs used by 231 nets
RUN-1001 : Import IO constraints
RUN-1001 : Import Inst constraints
RUN-1001 : Import design success TD_VERSION=5.6.71036 , DB_VERSION=46146
RUN-1003 : finish command "import_db C:/Users/15597/Desktop/sf1/MyProject/FOC_Controller/FOC_Controller_Runs/phy_1/FOC_Controller_pr.db" in  3.988499s wall, 3.140625s user + 0.093750s system = 3.234375s CPU (81.1%)

RUN-1004 : used memory is 594 MB, reserved memory is 583 MB, peak memory is 607 MB
RUN-1002 : start command "download -bit FOC_Controller_Runs\phy_1\FOC_Controller.bit -mode program_riscv -hex2 C:\Users\15597\Desktop\sf1\FutureDynasty_workspace\foc_controller\Debug\foc_controller.hex -spd 6 -sec 64 -cable 0"
PRG-2014 : Chip validation success: SF1S60
PRG-2505 : ProgramSvf:  program FOC_Controller_Runs/phy_1/FOC_Controller.svf successfully
RUN-1003 : finish command "program_svf -svf FOC_Controller_Runs/phy_1/FOC_Controller.svf -spd 6" in  13.250044s wall, 0.093750s user + 0.062500s system = 0.156250s CPU (1.2%)

RUN-1004 : used memory is 596 MB, reserved memory is 584 MB, peak memory is 610 MB
RUN-1003 : finish command "download -bit FOC_Controller_Runs\phy_1\FOC_Controller.bit -mode program_riscv -hex2 C:\Users\15597\Desktop\sf1\FutureDynasty_workspace\foc_controller\Debug\foc_controller.hex -spd 6 -sec 64 -cable 0" in  13.499277s wall, 0.203125s user + 0.078125s system = 0.281250s CPU (2.1%)

RUN-1004 : used memory is 596 MB, reserved memory is 584 MB, peak memory is 610 MB
GUI-1001 : Downloading succeeded!
HDL-1007 : analyze verilog file RTL/fpga_top.v
HDL-1007 : analyze verilog file RTL/fpga_top.v
RUN-1001 : reset_run phy_1 syn_1.
RUN-1001 : launch_runs syn_1 phy_1  -jobs 6.
RUN-1001 : syn_1: run complete.
RUN-1001 : phy_1: run complete.
RUN-1001 : open_run phy_1.
RUN-1002 : start command "import_db C:/Users/15597/Desktop/sf1/MyProject/FOC_Controller/FOC_Controller_Runs/phy_1/FOC_Controller_pr.db"
RUN-1001 : Importing database generated by Tang Dynasty, V5.6.71036.
RUN-1001 : Database version number 46146.
RUN-1001 : Import flow parameters
PHY-1001 : Generate detailed routing grids ...
PHY-1001 : Generate nets ...
PHY-1001 : net I_clk_25m_dup_1 will be routed on clock mesh
PHY-5010 WARNING: Net u_ahb_foc_controller/I_ahb_hsize[2] is skipped due to 0 input or output
PHY-5010 WARNING: Net u_ahb_foc_controller/I_ahb_hsize[1] is skipped due to 0 input or output
PHY-5010 WARNING: Net u_ahb_foc_controller/I_ahb_hsize[0] is skipped due to 0 input or output
PHY-1001 : clock net u_ahb_foc_controller/u_foc_controller/S_angle_position_clk_syn_4 will be merged with clock u_ahb_foc_controller/u_foc_controller/S_angle_position_clk
PHY-1001 : clock net u_ahb_foc_controller/u_foc_controller/S_angle_velocity_clk_syn_4 will be merged with clock u_ahb_foc_controller/u_foc_controller/S_angle_velocity_clk
PHY-1001 : clock net u_mcu/hclk will be merged with clock u_pll/clk0_buf
PHY-1001 : net u_ahb_foc_controller/u_foc_controller/u_adc_ad7928/clk will be routed on clock mesh
PHY-1001 : clock net u_ahb_foc_controller/u_foc_controller/u_foc_top/O_init_done_syn_10 will be merged with clock u_ahb_foc_controller/u_foc_controller/u_foc_top/O_init_done
PHY-5010 WARNING: Net u_ahb_foc_controller/I_ahb_hsize[2] is skipped due to 0 input or output
PHY-5010 WARNING: Net u_ahb_foc_controller/I_ahb_hsize[1] is skipped due to 0 input or output
PHY-5010 WARNING: Net u_ahb_foc_controller/I_ahb_hsize[0] is skipped due to 0 input or output
PHY-1001 : eco open net = 0
PHY-5014 WARNING: Detail route doesn't find pib for u_pll/pll_inst.frac_offset_valid[0]
PHY-5014 WARNING: Detail route doesn't find pib for u_pll/pll_inst.dsm_refclk[0]
PHY-5014 WARNING: Detail route doesn't find pib for u_pll/pll_inst.dsm_rst[0]
PHY-5014 WARNING: Detail route doesn't find pib for u_pll/pll_inst.ssc_en[0]
PHY-1001 : 447 feed throughs used by 225 nets
RUN-1001 : Import IO constraints
RUN-1001 : Import Inst constraints
RUN-1001 : Import design success TD_VERSION=5.6.71036 , DB_VERSION=46146
RUN-1003 : finish command "import_db C:/Users/15597/Desktop/sf1/MyProject/FOC_Controller/FOC_Controller_Runs/phy_1/FOC_Controller_pr.db" in  5.284460s wall, 3.812500s user + 0.093750s system = 3.906250s CPU (73.9%)

RUN-1004 : used memory is 589 MB, reserved memory is 569 MB, peak memory is 610 MB
RUN-1002 : start command "download -bit FOC_Controller_Runs\phy_1\FOC_Controller.bit -mode program_riscv -hex2 C:\Users\15597\Desktop\sf1\FutureDynasty_workspace\foc_controller\Debug\foc_controller.hex -spd 6 -sec 64 -cable 0"
PRG-2014 : Chip validation success: SF1S60
PRG-2505 : ProgramSvf:  program FOC_Controller_Runs/phy_1/FOC_Controller.svf successfully
RUN-1003 : finish command "program_svf -svf FOC_Controller_Runs/phy_1/FOC_Controller.svf -spd 6" in  13.275779s wall, 0.187500s user + 0.078125s system = 0.265625s CPU (2.0%)

RUN-1004 : used memory is 612 MB, reserved memory is 590 MB, peak memory is 626 MB
RUN-1003 : finish command "download -bit FOC_Controller_Runs\phy_1\FOC_Controller.bit -mode program_riscv -hex2 C:\Users\15597\Desktop\sf1\FutureDynasty_workspace\foc_controller\Debug\foc_controller.hex -spd 6 -sec 64 -cable 0" in  13.521175s wall, 0.281250s user + 0.078125s system = 0.359375s CPU (2.7%)

RUN-1004 : used memory is 612 MB, reserved memory is 590 MB, peak memory is 626 MB
GUI-1001 : Downloading succeeded!
HDL-1007 : analyze verilog file RTL/fpga_top.v
HDL-8007 ERROR: syntax error near 'O_angle_velocity' in RTL/fpga_top.v(321)
HDL-8007 ERROR: syntax error near '}' in RTL/fpga_top.v(321)
HDL-8007 ERROR: ignore module module due to previous errors in RTL/fpga_top.v(6)
HDL-1007 : Verilog file 'RTL/fpga_top.v' ignored due to errors
RUN-1001 : reset_run phy_1 syn_1.
GUI-6001 WARNING: File C:/Users/15597/Desktop/sf1/MyProject/FOC_Controller/FOC_Controller_Runs/phy_1/FOC_Controller.bit does not exist!
RUN-1001 : launch_runs syn_1 phy_1  -jobs 6.
RUN-6001 WARNING: syn_1: run failed.
HDL-1007 : analyze verilog file RTL/fpga_top.v
HDL-8007 ERROR: syntax error near ',' in RTL/fpga_top.v(321)
HDL-8007 ERROR: syntax error near '}' in RTL/fpga_top.v(321)
HDL-8007 ERROR: ignore module module due to previous errors in RTL/fpga_top.v(6)
HDL-1007 : Verilog file 'RTL/fpga_top.v' ignored due to errors
HDL-1007 : analyze verilog file RTL/fpga_top.v
HDL-8007 ERROR: syntax error near '}' in RTL/fpga_top.v(321)
HDL-8007 ERROR: syntax error near '}' in RTL/fpga_top.v(321)
HDL-8007 ERROR: ignore module module due to previous errors in RTL/fpga_top.v(6)
HDL-1007 : Verilog file 'RTL/fpga_top.v' ignored due to errors
HDL-1007 : analyze verilog file RTL/fpga_top.v
HDL-8007 ERROR: syntax error near 'O_angle_velocity' in RTL/fpga_top.v(321)
HDL-8007 ERROR: syntax error near '}' in RTL/fpga_top.v(321)
HDL-8007 ERROR: ignore module module due to previous errors in RTL/fpga_top.v(6)
HDL-1007 : Verilog file 'RTL/fpga_top.v' ignored due to errors
HDL-1007 : analyze verilog file RTL/fpga_top.v
HDL-8007 ERROR: syntax error near 'O_angle_velocity' in RTL/fpga_top.v(321)
HDL-8007 ERROR: syntax error near '}' in RTL/fpga_top.v(321)
HDL-8007 ERROR: ignore module module due to previous errors in RTL/fpga_top.v(6)
HDL-1007 : Verilog file 'RTL/fpga_top.v' ignored due to errors
HDL-1007 : analyze verilog file RTL/fpga_top.v
RUN-1001 : reset_run phy_1 syn_1.
RUN-1001 : launch_runs syn_1 phy_1  -jobs 6.
RUN-1001 : syn_1: run complete.
RUN-1001 : phy_1: run complete.
RUN-1001 : open_run phy_1.
RUN-1002 : start command "import_db C:/Users/15597/Desktop/sf1/MyProject/FOC_Controller/FOC_Controller_Runs/phy_1/FOC_Controller_pr.db"
RUN-1001 : Importing database generated by Tang Dynasty, V5.6.71036.
RUN-1001 : Database version number 46146.
RUN-1001 : Import flow parameters
PHY-1001 : Generate detailed routing grids ...
PHY-1001 : Generate nets ...
PHY-1001 : net I_clk_25m_dup_1 will be routed on clock mesh
PHY-5010 WARNING: Net u_ahb_foc_controller/I_ahb_hsize[2] is skipped due to 0 input or output
PHY-5010 WARNING: Net u_ahb_foc_controller/I_ahb_hsize[1] is skipped due to 0 input or output
PHY-5010 WARNING: Net u_ahb_foc_controller/I_ahb_hsize[0] is skipped due to 0 input or output
PHY-1001 : clock net u_ahb_foc_controller/u_foc_controller/S_angle_position_clk_syn_4 will be merged with clock u_ahb_foc_controller/u_foc_controller/S_angle_position_clk
PHY-1001 : net u_ahb_foc_controller/u_foc_controller/u_adc_ad7928/clk will be routed on clock mesh
PHY-1001 : clock net u_mcu/hclk will be merged with clock u_pll/clk0_buf
PHY-1001 : clock net u_ahb_foc_controller/u_foc_controller/u_foc_top/O_init_done_syn_10 will be merged with clock u_ahb_foc_controller/u_foc_controller/u_foc_top/O_init_done
PHY-5010 WARNING: Net u_ahb_foc_controller/I_ahb_hsize[2] is skipped due to 0 input or output
PHY-5010 WARNING: Net u_ahb_foc_controller/I_ahb_hsize[1] is skipped due to 0 input or output
PHY-5010 WARNING: Net u_ahb_foc_controller/I_ahb_hsize[0] is skipped due to 0 input or output
PHY-1001 : eco open net = 0
PHY-5014 WARNING: Detail route doesn't find pib for u_pll/pll_inst.frac_offset_valid[0]
PHY-5014 WARNING: Detail route doesn't find pib for u_pll/pll_inst.dsm_refclk[0]
PHY-5014 WARNING: Detail route doesn't find pib for u_pll/pll_inst.dsm_rst[0]
PHY-5014 WARNING: Detail route doesn't find pib for u_pll/pll_inst.ssc_en[0]
PHY-1001 : 485 feed throughs used by 255 nets
RUN-1001 : Import IO constraints
RUN-1001 : Import Inst constraints
RUN-1001 : Import design success TD_VERSION=5.6.71036 , DB_VERSION=46146
RUN-1003 : finish command "import_db C:/Users/15597/Desktop/sf1/MyProject/FOC_Controller/FOC_Controller_Runs/phy_1/FOC_Controller_pr.db" in  3.835594s wall, 2.953125s user + 0.140625s system = 3.093750s CPU (80.7%)

RUN-1004 : used memory is 613 MB, reserved memory is 593 MB, peak memory is 626 MB
RUN-1002 : start command "download -bit FOC_Controller_Runs\phy_1\FOC_Controller.bit -mode program_riscv -hex2 C:\Users\15597\Desktop\sf1\FutureDynasty_workspace\foc_controller\Debug\foc_controller.hex -spd 6 -sec 64 -cable 0"
PRG-2014 : Chip validation success: SF1S60
PRG-2505 : ProgramSvf:  program FOC_Controller_Runs/phy_1/FOC_Controller.svf successfully
RUN-1003 : finish command "program_svf -svf FOC_Controller_Runs/phy_1/FOC_Controller.svf -spd 6" in  13.287775s wall, 0.156250s user + 0.093750s system = 0.250000s CPU (1.9%)

RUN-1004 : used memory is 615 MB, reserved memory is 595 MB, peak memory is 629 MB
RUN-1003 : finish command "download -bit FOC_Controller_Runs\phy_1\FOC_Controller.bit -mode program_riscv -hex2 C:\Users\15597\Desktop\sf1\FutureDynasty_workspace\foc_controller\Debug\foc_controller.hex -spd 6 -sec 64 -cable 0" in  13.704677s wall, 0.515625s user + 0.125000s system = 0.640625s CPU (4.7%)

RUN-1004 : used memory is 615 MB, reserved memory is 595 MB, peak memory is 629 MB
GUI-1001 : Downloading succeeded!
HDL-1007 : analyze verilog file RTL/fpga_top.v
RUN-1001 : reset_run phy_1 syn_1.
GUI-6001 WARNING: File C:/Users/15597/Desktop/sf1/MyProject/FOC_Controller/FOC_Controller_Runs/phy_1/FOC_Controller.bit does not exist!
RUN-1001 : launch_runs syn_1 phy_1  -jobs 6.
RUN-1001 : syn_1: run complete.
RUN-1001 : phy_1: run complete.
RUN-1002 : start command "download -bit FOC_Controller_Runs\phy_1\FOC_Controller.bit -mode program_riscv -hex2 C:\Users\15597\Desktop\sf1\FutureDynasty_workspace\foc_controller\Debug\foc_controller.hex -spd 6 -sec 64 -cable 0"
PRG-2014 : Chip validation success: SF1S60
PRG-2505 : ProgramSvf:  program FOC_Controller_Runs/phy_1/FOC_Controller.svf successfully
RUN-1003 : finish command "program_svf -svf FOC_Controller_Runs/phy_1/FOC_Controller.svf -spd 6" in  13.246448s wall, 0.250000s user + 0.125000s system = 0.375000s CPU (2.8%)

RUN-1004 : used memory is 616 MB, reserved memory is 596 MB, peak memory is 631 MB
RUN-1003 : finish command "download -bit FOC_Controller_Runs\phy_1\FOC_Controller.bit -mode program_riscv -hex2 C:\Users\15597\Desktop\sf1\FutureDynasty_workspace\foc_controller\Debug\foc_controller.hex -spd 6 -sec 64 -cable 0" in  13.569979s wall, 0.421875s user + 0.125000s system = 0.546875s CPU (4.0%)

RUN-1004 : used memory is 616 MB, reserved memory is 596 MB, peak memory is 631 MB
GUI-1001 : Downloading succeeded!
RUN-1002 : start command "download -mode erase_spi -spd 1 -chip SF1S60 -cable 0"
PRG-2014 : Chip validation success: SF1S60
PRG-1001 : SPI Flash ID is:  c8
PRG-2019 : Erase flash successfully.
RUN-1003 : finish command "download -mode erase_spi -spd 1 -chip SF1S60 -cable 0" in  13.150819s wall, 0.718750s user + 0.046875s system = 0.765625s CPU (5.8%)

RUN-1004 : used memory is 616 MB, reserved memory is 596 MB, peak memory is 631 MB
GUI-1001 : Erase flash success!
RUN-1002 : start command "download -bit FOC_Controller_Runs\phy_1\FOC_Controller.bit -mode program_riscv -hex2 C:\Users\15597\Desktop\sf1\FutureDynasty_workspace\foc_controller\Debug\foc_controller.hex -spd 6 -sec 64 -cable 0"
PRG-2014 : Chip validation success: SF1S60
PRG-2505 : ProgramSvf:  program FOC_Controller_Runs/phy_1/FOC_Controller.svf successfully
RUN-1003 : finish command "program_svf -svf FOC_Controller_Runs/phy_1/FOC_Controller.svf -spd 6" in  13.263129s wall, 0.187500s user + 0.093750s system = 0.281250s CPU (2.1%)

RUN-1004 : used memory is 616 MB, reserved memory is 596 MB, peak memory is 631 MB
RUN-1003 : finish command "download -bit FOC_Controller_Runs\phy_1\FOC_Controller.bit -mode program_riscv -hex2 C:\Users\15597\Desktop\sf1\FutureDynasty_workspace\foc_controller\Debug\foc_controller.hex -spd 6 -sec 64 -cable 0" in  13.506638s wall, 0.328125s user + 0.093750s system = 0.421875s CPU (3.1%)

RUN-1004 : used memory is 616 MB, reserved memory is 596 MB, peak memory is 631 MB
GUI-1001 : Downloading succeeded!
RUN-1002 : start command "download -bit FOC_Controller_Runs\phy_1\FOC_Controller.bit -mode program_riscv -hex2 C:\Users\15597\Desktop\sf1\FutureDynasty_workspace\foc_controller\Debug\foc_controller.hex -spd 6 -sec 64 -cable 0"
PRG-2014 : Chip validation success: SF1S60
PRG-2505 : ProgramSvf:  program FOC_Controller_Runs/phy_1/FOC_Controller.svf successfully
RUN-1003 : finish command "program_svf -svf FOC_Controller_Runs/phy_1/FOC_Controller.svf -spd 6" in  13.342195s wall, 0.171875s user + 0.046875s system = 0.218750s CPU (1.6%)

RUN-1004 : used memory is 616 MB, reserved memory is 596 MB, peak memory is 631 MB
RUN-1003 : finish command "download -bit FOC_Controller_Runs\phy_1\FOC_Controller.bit -mode program_riscv -hex2 C:\Users\15597\Desktop\sf1\FutureDynasty_workspace\foc_controller\Debug\foc_controller.hex -spd 6 -sec 64 -cable 0" in  13.607445s wall, 0.312500s user + 0.062500s system = 0.375000s CPU (2.8%)

RUN-1004 : used memory is 616 MB, reserved memory is 596 MB, peak memory is 631 MB
GUI-1001 : Downloading succeeded!
RUN-1002 : start command "download -bit FOC_Controller_Runs\phy_1\FOC_Controller.bit -mode program_riscv -hex2 C:\Users\15597\Desktop\sf1\FutureDynasty_workspace\foc_controller\Debug\foc_controller.hex -spd 6 -sec 64 -cable 0"
PRG-2014 : Chip validation success: SF1S60
PRG-2505 : ProgramSvf:  program FOC_Controller_Runs/phy_1/FOC_Controller.svf successfully
RUN-1003 : finish command "program_svf -svf FOC_Controller_Runs/phy_1/FOC_Controller.svf -spd 6" in  13.241161s wall, 0.234375s user + 0.046875s system = 0.281250s CPU (2.1%)

RUN-1004 : used memory is 615 MB, reserved memory is 596 MB, peak memory is 631 MB
RUN-1003 : finish command "download -bit FOC_Controller_Runs\phy_1\FOC_Controller.bit -mode program_riscv -hex2 C:\Users\15597\Desktop\sf1\FutureDynasty_workspace\foc_controller\Debug\foc_controller.hex -spd 6 -sec 64 -cable 0" in  13.488186s wall, 0.359375s user + 0.046875s system = 0.406250s CPU (3.0%)

RUN-1004 : used memory is 615 MB, reserved memory is 596 MB, peak memory is 631 MB
GUI-1001 : Downloading succeeded!
RUN-1002 : start command "download -bit FOC_Controller_Runs\phy_1\FOC_Controller.bit -mode program_riscv -hex2 C:\Users\15597\Desktop\sf1\FutureDynasty_workspace\foc_controller\Debug\foc_controller.hex -spd 6 -sec 64 -cable 0"
PRG-2014 : Chip validation success: SF1S60
PRG-2505 : ProgramSvf:  program FOC_Controller_Runs/phy_1/FOC_Controller.svf successfully
RUN-1003 : finish command "program_svf -svf FOC_Controller_Runs/phy_1/FOC_Controller.svf -spd 6" in  13.322361s wall, 0.187500s user + 0.078125s system = 0.265625s CPU (2.0%)

RUN-1004 : used memory is 615 MB, reserved memory is 596 MB, peak memory is 631 MB
RUN-1003 : finish command "download -bit FOC_Controller_Runs\phy_1\FOC_Controller.bit -mode program_riscv -hex2 C:\Users\15597\Desktop\sf1\FutureDynasty_workspace\foc_controller\Debug\foc_controller.hex -spd 6 -sec 64 -cable 0" in  13.568460s wall, 0.312500s user + 0.078125s system = 0.390625s CPU (2.9%)

RUN-1004 : used memory is 615 MB, reserved memory is 596 MB, peak memory is 631 MB
GUI-1001 : Downloading succeeded!
RUN-1002 : start command "download -bit FOC_Controller_Runs\phy_1\FOC_Controller.bit -mode program_riscv -hex2 C:\Users\15597\Desktop\sf1\FutureDynasty_workspace\foc_controller\Debug\foc_controller.hex -spd 6 -sec 64 -cable 0"
PRG-2014 : Chip validation success: SF1S60
PRG-2505 : ProgramSvf:  program FOC_Controller_Runs/phy_1/FOC_Controller.svf successfully
RUN-1003 : finish command "program_svf -svf FOC_Controller_Runs/phy_1/FOC_Controller.svf -spd 6" in  13.313350s wall, 0.156250s user + 0.015625s system = 0.171875s CPU (1.3%)

RUN-1004 : used memory is 615 MB, reserved memory is 596 MB, peak memory is 631 MB
RUN-1003 : finish command "download -bit FOC_Controller_Runs\phy_1\FOC_Controller.bit -mode program_riscv -hex2 C:\Users\15597\Desktop\sf1\FutureDynasty_workspace\foc_controller\Debug\foc_controller.hex -spd 6 -sec 64 -cable 0" in  13.629261s wall, 0.375000s user + 0.015625s system = 0.390625s CPU (2.9%)

RUN-1004 : used memory is 615 MB, reserved memory is 596 MB, peak memory is 631 MB
GUI-1001 : Downloading succeeded!
RUN-1002 : start command "download -bit FOC_Controller_Runs\phy_1\FOC_Controller.bit -mode program_riscv -hex2 C:\Users\15597\Desktop\sf1\FutureDynasty_workspace\foc_controller\Debug\foc_controller.hex -spd 6 -sec 64 -cable 0"
PRG-2014 : Chip validation success: SF1S60
PRG-2505 : ProgramSvf:  program FOC_Controller_Runs/phy_1/FOC_Controller.svf successfully
RUN-1003 : finish command "program_svf -svf FOC_Controller_Runs/phy_1/FOC_Controller.svf -spd 6" in  13.395878s wall, 0.218750s user + 0.140625s system = 0.359375s CPU (2.7%)

RUN-1004 : used memory is 615 MB, reserved memory is 596 MB, peak memory is 631 MB
RUN-1003 : finish command "download -bit FOC_Controller_Runs\phy_1\FOC_Controller.bit -mode program_riscv -hex2 C:\Users\15597\Desktop\sf1\FutureDynasty_workspace\foc_controller\Debug\foc_controller.hex -spd 6 -sec 64 -cable 0" in  13.684513s wall, 0.343750s user + 0.156250s system = 0.500000s CPU (3.7%)

RUN-1004 : used memory is 615 MB, reserved memory is 596 MB, peak memory is 631 MB
GUI-1001 : Downloading succeeded!
RUN-1002 : start command "download -bit FOC_Controller_Runs\phy_1\FOC_Controller.bit -mode program_riscv -hex2 C:\Users\15597\Desktop\sf1\FutureDynasty_workspace\foc_controller\Debug\foc_controller.hex -spd 6 -sec 64 -cable 0"
PRG-2014 : Chip validation success: SF1S60
PRG-2505 : ProgramSvf:  program FOC_Controller_Runs/phy_1/FOC_Controller.svf successfully
RUN-1003 : finish command "program_svf -svf FOC_Controller_Runs/phy_1/FOC_Controller.svf -spd 6" in  13.284973s wall, 0.125000s user + 0.015625s system = 0.140625s CPU (1.1%)

RUN-1004 : used memory is 614 MB, reserved memory is 594 MB, peak memory is 631 MB
RUN-1003 : finish command "download -bit FOC_Controller_Runs\phy_1\FOC_Controller.bit -mode program_riscv -hex2 C:\Users\15597\Desktop\sf1\FutureDynasty_workspace\foc_controller\Debug\foc_controller.hex -spd 6 -sec 64 -cable 0" in  13.558466s wall, 0.281250s user + 0.015625s system = 0.296875s CPU (2.2%)

RUN-1004 : used memory is 614 MB, reserved memory is 594 MB, peak memory is 631 MB
GUI-1001 : Downloading succeeded!
RUN-1002 : start command "download -bit FOC_Controller_Runs\phy_1\FOC_Controller.bit -mode program_riscv -hex2 C:\Users\15597\Desktop\sf1\FutureDynasty_workspace\foc_controller\Debug\foc_controller.hex -spd 6 -sec 64 -cable 0"
PRG-2014 : Chip validation success: SF1S60
PRG-2505 : ProgramSvf:  program FOC_Controller_Runs/phy_1/FOC_Controller.svf successfully
RUN-1003 : finish command "program_svf -svf FOC_Controller_Runs/phy_1/FOC_Controller.svf -spd 6" in  13.403299s wall, 0.359375s user + 0.031250s system = 0.390625s CPU (2.9%)

RUN-1004 : used memory is 615 MB, reserved memory is 596 MB, peak memory is 631 MB
RUN-1003 : finish command "download -bit FOC_Controller_Runs\phy_1\FOC_Controller.bit -mode program_riscv -hex2 C:\Users\15597\Desktop\sf1\FutureDynasty_workspace\foc_controller\Debug\foc_controller.hex -spd 6 -sec 64 -cable 0" in  13.766357s wall, 0.625000s user + 0.078125s system = 0.703125s CPU (5.1%)

RUN-1004 : used memory is 615 MB, reserved memory is 596 MB, peak memory is 631 MB
GUI-1001 : Downloading succeeded!
RUN-1002 : start command "download -bit FOC_Controller_Runs\phy_1\FOC_Controller.bit -mode program_riscv -hex2 C:\Users\15597\Desktop\sf1\FutureDynasty_workspace\foc_controller\Debug\foc_controller.hex -spd 6 -sec 64 -cable 0"
PRG-2014 : Chip validation success: SF1S60
PRG-2505 : ProgramSvf:  program FOC_Controller_Runs/phy_1/FOC_Controller.svf successfully
RUN-1003 : finish command "program_svf -svf FOC_Controller_Runs/phy_1/FOC_Controller.svf -spd 6" in  13.296845s wall, 0.203125s user + 0.046875s system = 0.250000s CPU (1.9%)

RUN-1004 : used memory is 558 MB, reserved memory is 596 MB, peak memory is 631 MB
RUN-1003 : finish command "download -bit FOC_Controller_Runs\phy_1\FOC_Controller.bit -mode program_riscv -hex2 C:\Users\15597\Desktop\sf1\FutureDynasty_workspace\foc_controller\Debug\foc_controller.hex -spd 6 -sec 64 -cable 0" in  13.545508s wall, 0.328125s user + 0.046875s system = 0.375000s CPU (2.8%)

RUN-1004 : used memory is 558 MB, reserved memory is 596 MB, peak memory is 631 MB
GUI-1001 : Downloading succeeded!
RUN-1002 : start command "download -bit FOC_Controller_Runs\phy_1\FOC_Controller.bit -mode program_riscv -hex2 C:\Users\15597\Desktop\sf1\FutureDynasty_workspace\foc_controller\Debug\foc_controller.hex -spd 6 -sec 64 -cable 0"
PRG-2014 : Chip validation success: SF1S60
PRG-2505 : ProgramSvf:  program FOC_Controller_Runs/phy_1/FOC_Controller.svf successfully
RUN-1003 : finish command "program_svf -svf FOC_Controller_Runs/phy_1/FOC_Controller.svf -spd 6" in  13.280523s wall, 0.218750s user + 0.078125s system = 0.296875s CPU (2.2%)

RUN-1004 : used memory is 558 MB, reserved memory is 596 MB, peak memory is 631 MB
RUN-1003 : finish command "download -bit FOC_Controller_Runs\phy_1\FOC_Controller.bit -mode program_riscv -hex2 C:\Users\15597\Desktop\sf1\FutureDynasty_workspace\foc_controller\Debug\foc_controller.hex -spd 6 -sec 64 -cable 0" in  13.571043s wall, 0.343750s user + 0.125000s system = 0.468750s CPU (3.5%)

RUN-1004 : used memory is 558 MB, reserved memory is 596 MB, peak memory is 631 MB
GUI-1001 : Downloading succeeded!
RUN-1002 : start command "download -bit FOC_Controller_Runs\phy_1\FOC_Controller.bit -mode program_riscv -hex2 C:\Users\15597\Desktop\sf1\FutureDynasty_workspace\foc_controller\Debug\foc_controller.hex -spd 6 -sec 64 -cable 0"
PRG-2014 : Chip validation success: SF1S60
PRG-2505 : ProgramSvf:  program FOC_Controller_Runs/phy_1/FOC_Controller.svf successfully
RUN-1003 : finish command "program_svf -svf FOC_Controller_Runs/phy_1/FOC_Controller.svf -spd 6" in  13.274892s wall, 0.125000s user + 0.125000s system = 0.250000s CPU (1.9%)

RUN-1004 : used memory is 557 MB, reserved memory is 594 MB, peak memory is 631 MB
RUN-1003 : finish command "download -bit FOC_Controller_Runs\phy_1\FOC_Controller.bit -mode program_riscv -hex2 C:\Users\15597\Desktop\sf1\FutureDynasty_workspace\foc_controller\Debug\foc_controller.hex -spd 6 -sec 64 -cable 0" in  13.524737s wall, 0.218750s user + 0.125000s system = 0.343750s CPU (2.5%)

RUN-1004 : used memory is 557 MB, reserved memory is 594 MB, peak memory is 631 MB
GUI-1001 : Downloading succeeded!
RUN-1002 : start command "download -bit FOC_Controller_Runs\phy_1\FOC_Controller.bit -mode program_riscv -hex2 C:\Users\15597\Desktop\sf1\FutureDynasty_workspace\foc_controller\Debug\foc_controller.hex -spd 6 -sec 64 -cable 0"
PRG-2014 : Chip validation success: SF1S60
PRG-2505 : ProgramSvf:  program FOC_Controller_Runs/phy_1/FOC_Controller.svf successfully
RUN-1003 : finish command "program_svf -svf FOC_Controller_Runs/phy_1/FOC_Controller.svf -spd 6" in  13.254565s wall, 0.171875s user + 0.093750s system = 0.265625s CPU (2.0%)

RUN-1004 : used memory is 558 MB, reserved memory is 596 MB, peak memory is 631 MB
RUN-1003 : finish command "download -bit FOC_Controller_Runs\phy_1\FOC_Controller.bit -mode program_riscv -hex2 C:\Users\15597\Desktop\sf1\FutureDynasty_workspace\foc_controller\Debug\foc_controller.hex -spd 6 -sec 64 -cable 0" in  13.521494s wall, 0.234375s user + 0.109375s system = 0.343750s CPU (2.5%)

RUN-1004 : used memory is 558 MB, reserved memory is 596 MB, peak memory is 631 MB
GUI-1001 : Downloading succeeded!
RUN-1002 : start command "download -bit FOC_Controller_Runs\phy_1\FOC_Controller.bit -mode program_riscv -hex2 C:\Users\15597\Desktop\sf1\FutureDynasty_workspace\foc_controller\Debug\foc_controller.hex -spd 6 -sec 64 -cable 0"
PRG-2014 : Chip validation success: SF1S60
PRG-2505 : ProgramSvf:  program FOC_Controller_Runs/phy_1/FOC_Controller.svf successfully
RUN-1003 : finish command "program_svf -svf FOC_Controller_Runs/phy_1/FOC_Controller.svf -spd 6" in  13.317483s wall, 0.234375s user + 0.109375s system = 0.343750s CPU (2.6%)

RUN-1004 : used memory is 558 MB, reserved memory is 596 MB, peak memory is 631 MB
RUN-1003 : finish command "download -bit FOC_Controller_Runs\phy_1\FOC_Controller.bit -mode program_riscv -hex2 C:\Users\15597\Desktop\sf1\FutureDynasty_workspace\foc_controller\Debug\foc_controller.hex -spd 6 -sec 64 -cable 0" in  13.607017s wall, 0.390625s user + 0.125000s system = 0.515625s CPU (3.8%)

RUN-1004 : used memory is 558 MB, reserved memory is 596 MB, peak memory is 631 MB
GUI-1001 : Downloading succeeded!
RUN-1002 : start command "download -bit FOC_Controller_Runs\phy_1\FOC_Controller.bit -mode program_riscv -hex2 C:\Users\15597\Desktop\sf1\FutureDynasty_workspace\foc_controller\Debug\foc_controller.hex -spd 6 -sec 64 -cable 0"
PRG-2014 : Chip validation success: SF1S60
PRG-2505 : ProgramSvf:  program FOC_Controller_Runs/phy_1/FOC_Controller.svf successfully
RUN-1003 : finish command "program_svf -svf FOC_Controller_Runs/phy_1/FOC_Controller.svf -spd 6" in  13.300251s wall, 0.203125s user + 0.046875s system = 0.250000s CPU (1.9%)

RUN-1004 : used memory is 553 MB, reserved memory is 596 MB, peak memory is 631 MB
RUN-1003 : finish command "download -bit FOC_Controller_Runs\phy_1\FOC_Controller.bit -mode program_riscv -hex2 C:\Users\15597\Desktop\sf1\FutureDynasty_workspace\foc_controller\Debug\foc_controller.hex -spd 6 -sec 64 -cable 0" in  13.581847s wall, 0.343750s user + 0.046875s system = 0.390625s CPU (2.9%)

RUN-1004 : used memory is 553 MB, reserved memory is 596 MB, peak memory is 631 MB
GUI-1001 : Downloading succeeded!
RUN-1002 : start command "download -bit FOC_Controller_Runs\phy_1\FOC_Controller.bit -mode program_riscv -hex2 C:\Users\15597\Desktop\sf1\FutureDynasty_workspace\foc_controller\Debug\foc_controller.hex -spd 6 -sec 64 -cable 0"
PRG-2014 : Chip validation success: SF1S60
PRG-2505 : ProgramSvf:  program FOC_Controller_Runs/phy_1/FOC_Controller.svf successfully
RUN-1003 : finish command "program_svf -svf FOC_Controller_Runs/phy_1/FOC_Controller.svf -spd 6" in  13.286212s wall, 0.140625s user + 0.093750s system = 0.234375s CPU (1.8%)

RUN-1004 : used memory is 553 MB, reserved memory is 596 MB, peak memory is 631 MB
RUN-1003 : finish command "download -bit FOC_Controller_Runs\phy_1\FOC_Controller.bit -mode program_riscv -hex2 C:\Users\15597\Desktop\sf1\FutureDynasty_workspace\foc_controller\Debug\foc_controller.hex -spd 6 -sec 64 -cable 0" in  13.534888s wall, 0.234375s user + 0.109375s system = 0.343750s CPU (2.5%)

RUN-1004 : used memory is 553 MB, reserved memory is 596 MB, peak memory is 631 MB
GUI-1001 : Downloading succeeded!
RUN-1002 : start command "download -bit FOC_Controller_Runs\phy_1\FOC_Controller.bit -mode program_riscv -hex2 C:\Users\15597\Desktop\sf1\FutureDynasty_workspace\foc_controller\Debug\foc_controller.hex -spd 6 -sec 64 -cable 0"
PRG-2014 : Chip validation success: SF1S60
PRG-2505 : ProgramSvf:  program FOC_Controller_Runs/phy_1/FOC_Controller.svf successfully
RUN-1003 : finish command "program_svf -svf FOC_Controller_Runs/phy_1/FOC_Controller.svf -spd 6" in  13.242175s wall, 0.156250s user + 0.046875s system = 0.203125s CPU (1.5%)

RUN-1004 : used memory is 553 MB, reserved memory is 596 MB, peak memory is 631 MB
RUN-1003 : finish command "download -bit FOC_Controller_Runs\phy_1\FOC_Controller.bit -mode program_riscv -hex2 C:\Users\15597\Desktop\sf1\FutureDynasty_workspace\foc_controller\Debug\foc_controller.hex -spd 6 -sec 64 -cable 0" in  13.485274s wall, 0.281250s user + 0.046875s system = 0.328125s CPU (2.4%)

RUN-1004 : used memory is 553 MB, reserved memory is 596 MB, peak memory is 631 MB
GUI-1001 : Downloading succeeded!
RUN-1002 : start command "download -mode erase_spi -spd 1 -chip SF1S60 -cable 0"
PRG-2014 : Chip validation success: SF1S60
PRG-1001 : SPI Flash ID is:  c8
PRG-2019 : Erase flash successfully.
RUN-1003 : finish command "download -mode erase_spi -spd 1 -chip SF1S60 -cable 0" in  13.198351s wall, 0.953125s user + 0.109375s system = 1.062500s CPU (8.1%)

RUN-1004 : used memory is 552 MB, reserved memory is 594 MB, peak memory is 631 MB
GUI-1001 : Erase flash success!
RUN-1002 : start command "download -mode erase_spi -spd 1 -chip SF1S60 -cable 0"
PRG-2014 : Chip validation success: SF1S60
PRG-1001 : SPI Flash ID is:  c8
PRG-2019 : Erase flash successfully.
RUN-1003 : finish command "download -mode erase_spi -spd 1 -chip SF1S60 -cable 0" in  13.161869s wall, 0.734375s user + 0.078125s system = 0.812500s CPU (6.2%)

RUN-1004 : used memory is 552 MB, reserved memory is 594 MB, peak memory is 631 MB
GUI-1001 : Erase flash success!
RUN-1002 : start command "download -bit FOC_Controller_Runs\phy_1\FOC_Controller.bit -mode program_riscv -hex2 C:\Users\15597\Desktop\sf1\FutureDynasty_workspace\foc_controller\Debug\foc_controller.hex -spd 6 -sec 64 -cable 0"
PRG-2014 : Chip validation success: SF1S60
PRG-2505 : ProgramSvf:  program FOC_Controller_Runs/phy_1/FOC_Controller.svf successfully
RUN-1003 : finish command "program_svf -svf FOC_Controller_Runs/phy_1/FOC_Controller.svf -spd 6" in  13.203687s wall, 0.140625s user + 0.015625s system = 0.156250s CPU (1.2%)

RUN-1004 : used memory is 553 MB, reserved memory is 596 MB, peak memory is 631 MB
RUN-1003 : finish command "download -bit FOC_Controller_Runs\phy_1\FOC_Controller.bit -mode program_riscv -hex2 C:\Users\15597\Desktop\sf1\FutureDynasty_workspace\foc_controller\Debug\foc_controller.hex -spd 6 -sec 64 -cable 0" in  13.446954s wall, 0.250000s user + 0.015625s system = 0.265625s CPU (2.0%)

RUN-1004 : used memory is 553 MB, reserved memory is 596 MB, peak memory is 631 MB
GUI-1001 : Downloading succeeded!
RUN-1002 : start command "download -bit FOC_Controller_Runs\phy_1\FOC_Controller.bit -mode program_riscv -hex2 C:\Users\15597\Desktop\sf1\FutureDynasty_workspace\foc_controller\Debug\foc_controller.hex -spd 6 -sec 64 -cable 0"
PRG-2014 : Chip validation success: SF1S60
PRG-2505 : ProgramSvf:  program FOC_Controller_Runs/phy_1/FOC_Controller.svf successfully
RUN-1003 : finish command "program_svf -svf FOC_Controller_Runs/phy_1/FOC_Controller.svf -spd 6" in  13.268509s wall, 0.125000s user + 0.015625s system = 0.140625s CPU (1.1%)

RUN-1004 : used memory is 551 MB, reserved memory is 596 MB, peak memory is 631 MB
RUN-1003 : finish command "download -bit FOC_Controller_Runs\phy_1\FOC_Controller.bit -mode program_riscv -hex2 C:\Users\15597\Desktop\sf1\FutureDynasty_workspace\foc_controller\Debug\foc_controller.hex -spd 6 -sec 64 -cable 0" in  13.519636s wall, 0.250000s user + 0.015625s system = 0.265625s CPU (2.0%)

RUN-1004 : used memory is 551 MB, reserved memory is 596 MB, peak memory is 631 MB
GUI-1001 : Downloading succeeded!
RUN-1002 : start command "download -bit FOC_Controller_Runs\phy_1\FOC_Controller.bit -mode program_riscv -hex2 C:\Users\15597\Desktop\sf1\FutureDynasty_workspace\foc_controller\Debug\foc_controller.hex -spd 6 -sec 64 -cable 0"
PRG-2014 : Chip validation success: SF1S60
PRG-2505 : ProgramSvf:  program FOC_Controller_Runs/phy_1/FOC_Controller.svf successfully
RUN-1003 : finish command "program_svf -svf FOC_Controller_Runs/phy_1/FOC_Controller.svf -spd 6" in  13.191474s wall, 0.203125s user + 0.062500s system = 0.265625s CPU (2.0%)

RUN-1004 : used memory is 550 MB, reserved memory is 594 MB, peak memory is 631 MB
RUN-1003 : finish command "download -bit FOC_Controller_Runs\phy_1\FOC_Controller.bit -mode program_riscv -hex2 C:\Users\15597\Desktop\sf1\FutureDynasty_workspace\foc_controller\Debug\foc_controller.hex -spd 6 -sec 64 -cable 0" in  13.468096s wall, 0.343750s user + 0.093750s system = 0.437500s CPU (3.2%)

RUN-1004 : used memory is 550 MB, reserved memory is 594 MB, peak memory is 631 MB
GUI-1001 : Downloading succeeded!
RUN-1002 : start command "download -bit FOC_Controller_Runs\phy_1\FOC_Controller.bit -mode program_riscv -hex2 C:\Users\15597\Desktop\sf1\FutureDynasty_workspace\foc_controller\Debug\foc_controller.hex -spd 6 -sec 64 -cable 0"
PRG-2014 : Chip validation success: SF1S60
PRG-2505 : ProgramSvf:  program FOC_Controller_Runs/phy_1/FOC_Controller.svf successfully
RUN-1003 : finish command "program_svf -svf FOC_Controller_Runs/phy_1/FOC_Controller.svf -spd 6" in  13.194075s wall, 0.234375s user + 0.046875s system = 0.281250s CPU (2.1%)

RUN-1004 : used memory is 551 MB, reserved memory is 595 MB, peak memory is 631 MB
RUN-1003 : finish command "download -bit FOC_Controller_Runs\phy_1\FOC_Controller.bit -mode program_riscv -hex2 C:\Users\15597\Desktop\sf1\FutureDynasty_workspace\foc_controller\Debug\foc_controller.hex -spd 6 -sec 64 -cable 0" in  13.493651s wall, 0.390625s user + 0.046875s system = 0.437500s CPU (3.2%)

RUN-1004 : used memory is 551 MB, reserved memory is 595 MB, peak memory is 631 MB
GUI-1001 : Downloading succeeded!
RUN-1002 : start command "download -bit FOC_Controller_Runs\phy_1\FOC_Controller.bit -mode program_riscv -hex2 C:\Users\15597\Desktop\sf1\FutureDynasty_workspace\foc_controller\Debug\foc_controller.hex -spd 6 -sec 64 -cable 0"
PRG-2014 : Chip validation success: SF1S60
PRG-2505 : ProgramSvf:  program FOC_Controller_Runs/phy_1/FOC_Controller.svf successfully
RUN-1003 : finish command "program_svf -svf FOC_Controller_Runs/phy_1/FOC_Controller.svf -spd 6" in  13.323593s wall, 0.156250s user + 0.062500s system = 0.218750s CPU (1.6%)

RUN-1004 : used memory is 541 MB, reserved memory is 594 MB, peak memory is 631 MB
RUN-1003 : finish command "download -bit FOC_Controller_Runs\phy_1\FOC_Controller.bit -mode program_riscv -hex2 C:\Users\15597\Desktop\sf1\FutureDynasty_workspace\foc_controller\Debug\foc_controller.hex -spd 6 -sec 64 -cable 0" in  13.575409s wall, 0.281250s user + 0.062500s system = 0.343750s CPU (2.5%)

RUN-1004 : used memory is 541 MB, reserved memory is 594 MB, peak memory is 631 MB
GUI-1001 : Downloading succeeded!
RUN-1002 : start command "download -bit FOC_Controller_Runs\phy_1\FOC_Controller.bit -mode program_riscv -hex2 C:\Users\15597\Desktop\sf1\FutureDynasty_workspace\foc_controller\Debug\foc_controller.hex -spd 6 -sec 64 -cable 0"
PRG-2014 : Chip validation success: SF1S60
PRG-2505 : ProgramSvf:  program FOC_Controller_Runs/phy_1/FOC_Controller.svf successfully
RUN-1003 : finish command "program_svf -svf FOC_Controller_Runs/phy_1/FOC_Controller.svf -spd 6" in  13.255655s wall, 0.203125s user + 0.015625s system = 0.218750s CPU (1.7%)

RUN-1004 : used memory is 542 MB, reserved memory is 596 MB, peak memory is 631 MB
RUN-1003 : finish command "download -bit FOC_Controller_Runs\phy_1\FOC_Controller.bit -mode program_riscv -hex2 C:\Users\15597\Desktop\sf1\FutureDynasty_workspace\foc_controller\Debug\foc_controller.hex -spd 6 -sec 64 -cable 0" in  13.512035s wall, 0.343750s user + 0.031250s system = 0.375000s CPU (2.8%)

RUN-1004 : used memory is 542 MB, reserved memory is 596 MB, peak memory is 631 MB
GUI-1001 : Downloading succeeded!
RUN-1002 : start command "download -bit FOC_Controller_Runs\phy_1\FOC_Controller.bit -mode program_riscv -hex2 C:\Users\15597\Desktop\sf1\FutureDynasty_workspace\foc_controller\Debug\foc_controller.hex -spd 6 -sec 64 -cable 0"
PRG-2014 : Chip validation success: SF1S60
PRG-2505 : ProgramSvf:  program FOC_Controller_Runs/phy_1/FOC_Controller.svf successfully
RUN-1003 : finish command "program_svf -svf FOC_Controller_Runs/phy_1/FOC_Controller.svf -spd 6" in  13.248685s wall, 0.187500s user + 0.093750s system = 0.281250s CPU (2.1%)

RUN-1004 : used memory is 428 MB, reserved memory is 596 MB, peak memory is 631 MB
RUN-1003 : finish command "download -bit FOC_Controller_Runs\phy_1\FOC_Controller.bit -mode program_riscv -hex2 C:\Users\15597\Desktop\sf1\FutureDynasty_workspace\foc_controller\Debug\foc_controller.hex -spd 6 -sec 64 -cable 0" in  13.491566s wall, 0.296875s user + 0.093750s system = 0.390625s CPU (2.9%)

RUN-1004 : used memory is 428 MB, reserved memory is 596 MB, peak memory is 631 MB
GUI-1001 : Downloading succeeded!
RUN-1002 : start command "download -mode erase_spi -spd 1 -chip SF1S60 -cable 0"
PRG-2014 : Chip validation success: SF1S60
PRG-1001 : SPI Flash ID is:  c8
PRG-2019 : Erase flash successfully.
RUN-1003 : finish command "download -mode erase_spi -spd 1 -chip SF1S60 -cable 0" in  13.134146s wall, 1.000000s user + 0.359375s system = 1.359375s CPU (10.3%)

RUN-1004 : used memory is 443 MB, reserved memory is 597 MB, peak memory is 631 MB
GUI-1001 : Erase flash success!
RUN-1002 : start command "download -bit FOC_Controller_Runs\phy_1\FOC_Controller.bit -mode program_riscv -hex2 C:\Users\15597\Desktop\sf1\FutureDynasty_workspace\foc_controller\Debug\foc_controller.hex -spd 6 -sec 64 -cable 0"
PRG-2014 : Chip validation success: SF1S60
PRG-2505 : ProgramSvf:  program FOC_Controller_Runs/phy_1/FOC_Controller.svf successfully
RUN-1003 : finish command "program_svf -svf FOC_Controller_Runs/phy_1/FOC_Controller.svf -spd 6" in  13.327497s wall, 0.156250s user + 0.093750s system = 0.250000s CPU (1.9%)

RUN-1004 : used memory is 443 MB, reserved memory is 597 MB, peak memory is 631 MB
RUN-1003 : finish command "download -bit FOC_Controller_Runs\phy_1\FOC_Controller.bit -mode program_riscv -hex2 C:\Users\15597\Desktop\sf1\FutureDynasty_workspace\foc_controller\Debug\foc_controller.hex -spd 6 -sec 64 -cable 0" in  13.573902s wall, 0.265625s user + 0.093750s system = 0.359375s CPU (2.6%)

RUN-1004 : used memory is 443 MB, reserved memory is 597 MB, peak memory is 631 MB
GUI-1001 : Downloading succeeded!
RUN-1002 : start command "download -bit FOC_Controller_Runs\phy_1\FOC_Controller.bit -mode program_riscv -hex2 C:\Users\15597\Desktop\sf1\FutureDynasty_workspace\foc_controller\Debug\foc_controller.hex -spd 6 -sec 64 -cable 0"
PRG-2014 : Chip validation success: SF1S60
PRG-2505 : ProgramSvf:  program FOC_Controller_Runs/phy_1/FOC_Controller.svf successfully
RUN-1003 : finish command "program_svf -svf FOC_Controller_Runs/phy_1/FOC_Controller.svf -spd 6" in  13.285450s wall, 0.250000s user + 0.093750s system = 0.343750s CPU (2.6%)

RUN-1004 : used memory is 252 MB, reserved memory is 597 MB, peak memory is 631 MB
RUN-1003 : finish command "download -bit FOC_Controller_Runs\phy_1\FOC_Controller.bit -mode program_riscv -hex2 C:\Users\15597\Desktop\sf1\FutureDynasty_workspace\foc_controller\Debug\foc_controller.hex -spd 6 -sec 64 -cable 0" in  13.572071s wall, 0.390625s user + 0.093750s system = 0.484375s CPU (3.6%)

RUN-1004 : used memory is 252 MB, reserved memory is 597 MB, peak memory is 631 MB
GUI-1001 : Downloading succeeded!
RUN-1002 : start command "download -bit FOC_Controller_Runs\phy_1\FOC_Controller.bit -mode program_riscv -hex2 C:\Users\15597\Desktop\sf1\FutureDynasty_workspace\foc_controller\Debug\foc_controller.hex -spd 6 -sec 64 -cable 0"
PRG-2014 : Chip validation success: SF1S60
PRG-2505 : ProgramSvf:  program FOC_Controller_Runs/phy_1/FOC_Controller.svf successfully
RUN-1003 : finish command "program_svf -svf FOC_Controller_Runs/phy_1/FOC_Controller.svf -spd 6" in  13.376509s wall, 0.281250s user + 0.062500s system = 0.343750s CPU (2.6%)

RUN-1004 : used memory is 251 MB, reserved memory is 596 MB, peak memory is 631 MB
RUN-1003 : finish command "download -bit FOC_Controller_Runs\phy_1\FOC_Controller.bit -mode program_riscv -hex2 C:\Users\15597\Desktop\sf1\FutureDynasty_workspace\foc_controller\Debug\foc_controller.hex -spd 6 -sec 64 -cable 0" in  13.657462s wall, 0.437500s user + 0.078125s system = 0.515625s CPU (3.8%)

RUN-1004 : used memory is 251 MB, reserved memory is 596 MB, peak memory is 631 MB
GUI-1001 : Downloading succeeded!
RUN-1002 : start command "download -bit FOC_Controller_Runs\phy_1\FOC_Controller.bit -mode program_riscv -hex2 C:\Users\15597\Desktop\sf1\FutureDynasty_workspace\foc_controller\Debug\foc_controller.hex -spd 6 -sec 64 -cable 0"
PRG-2014 : Chip validation success: SF1S60
PRG-2505 : ProgramSvf:  program FOC_Controller_Runs/phy_1/FOC_Controller.svf successfully
RUN-1003 : finish command "program_svf -svf FOC_Controller_Runs/phy_1/FOC_Controller.svf -spd 6" in  13.279825s wall, 0.156250s user + 0.031250s system = 0.187500s CPU (1.4%)

RUN-1004 : used memory is 251 MB, reserved memory is 596 MB, peak memory is 631 MB
RUN-1003 : finish command "download -bit FOC_Controller_Runs\phy_1\FOC_Controller.bit -mode program_riscv -hex2 C:\Users\15597\Desktop\sf1\FutureDynasty_workspace\foc_controller\Debug\foc_controller.hex -spd 6 -sec 64 -cable 0" in  13.527580s wall, 0.296875s user + 0.031250s system = 0.328125s CPU (2.4%)

RUN-1004 : used memory is 251 MB, reserved memory is 596 MB, peak memory is 631 MB
GUI-1001 : Downloading succeeded!
RUN-1002 : start command "download -bit FOC_Controller_Runs\phy_1\FOC_Controller.bit -mode program_riscv -hex2 C:\Users\15597\Desktop\sf1\FutureDynasty_workspace\foc_controller\Debug\foc_controller.hex -spd 6 -sec 64 -cable 0"
PRG-2014 : Chip validation success: SF1S60
PRG-2505 : ProgramSvf:  program FOC_Controller_Runs/phy_1/FOC_Controller.svf successfully
RUN-1003 : finish command "program_svf -svf FOC_Controller_Runs/phy_1/FOC_Controller.svf -spd 6" in  13.362623s wall, 0.171875s user + 0.046875s system = 0.218750s CPU (1.6%)

RUN-1004 : used memory is 251 MB, reserved memory is 596 MB, peak memory is 631 MB
RUN-1003 : finish command "download -bit FOC_Controller_Runs\phy_1\FOC_Controller.bit -mode program_riscv -hex2 C:\Users\15597\Desktop\sf1\FutureDynasty_workspace\foc_controller\Debug\foc_controller.hex -spd 6 -sec 64 -cable 0" in  13.738920s wall, 0.437500s user + 0.109375s system = 0.546875s CPU (4.0%)

RUN-1004 : used memory is 251 MB, reserved memory is 596 MB, peak memory is 631 MB
GUI-1001 : Downloading succeeded!
RUN-1002 : start command "download -bit FOC_Controller_Runs\phy_1\FOC_Controller.bit -mode program_riscv -hex2 C:\Users\15597\Desktop\sf1\FutureDynasty_workspace\foc_controller\Debug\foc_controller.hex -spd 6 -sec 64 -cable 0"
PRG-2014 : Chip validation success: SF1S60
PRG-2505 : ProgramSvf:  program FOC_Controller_Runs/phy_1/FOC_Controller.svf successfully
RUN-1003 : finish command "program_svf -svf FOC_Controller_Runs/phy_1/FOC_Controller.svf -spd 6" in  13.283333s wall, 0.265625s user + 0.093750s system = 0.359375s CPU (2.7%)

RUN-1004 : used memory is 252 MB, reserved memory is 597 MB, peak memory is 631 MB
RUN-1003 : finish command "download -bit FOC_Controller_Runs\phy_1\FOC_Controller.bit -mode program_riscv -hex2 C:\Users\15597\Desktop\sf1\FutureDynasty_workspace\foc_controller\Debug\foc_controller.hex -spd 6 -sec 64 -cable 0" in  13.533929s wall, 0.390625s user + 0.093750s system = 0.484375s CPU (3.6%)

RUN-1004 : used memory is 252 MB, reserved memory is 597 MB, peak memory is 631 MB
GUI-1001 : Downloading succeeded!
RUN-1002 : start command "download -bit FOC_Controller_Runs\phy_1\FOC_Controller.bit -mode program_riscv -hex2 C:\Users\15597\Desktop\sf1\FutureDynasty_workspace\foc_controller\Debug\foc_controller.hex -spd 6 -sec 64 -cable 0"
PRG-2014 : Chip validation success: SF1S60
PRG-2505 : ProgramSvf:  program FOC_Controller_Runs/phy_1/FOC_Controller.svf successfully
RUN-1003 : finish command "program_svf -svf FOC_Controller_Runs/phy_1/FOC_Controller.svf -spd 6" in  13.298337s wall, 0.187500s user + 0.000000s system = 0.187500s CPU (1.4%)

RUN-1004 : used memory is 252 MB, reserved memory is 597 MB, peak memory is 631 MB
RUN-1003 : finish command "download -bit FOC_Controller_Runs\phy_1\FOC_Controller.bit -mode program_riscv -hex2 C:\Users\15597\Desktop\sf1\FutureDynasty_workspace\foc_controller\Debug\foc_controller.hex -spd 6 -sec 64 -cable 0" in  13.576728s wall, 0.359375s user + 0.000000s system = 0.359375s CPU (2.6%)

RUN-1004 : used memory is 252 MB, reserved memory is 597 MB, peak memory is 631 MB
GUI-1001 : Downloading succeeded!
RUN-1002 : start command "download -bit FOC_Controller_Runs\phy_1\FOC_Controller.bit -mode program_riscv -hex2 C:\Users\15597\Desktop\sf1\FutureDynasty_workspace\foc_controller\Debug\foc_controller.hex -spd 6 -sec 64 -cable 0"
PRG-2014 : Chip validation success: SF1S60
PRG-2505 : ProgramSvf:  program FOC_Controller_Runs/phy_1/FOC_Controller.svf successfully
RUN-1003 : finish command "program_svf -svf FOC_Controller_Runs/phy_1/FOC_Controller.svf -spd 6" in  13.383523s wall, 0.281250s user + 0.093750s system = 0.375000s CPU (2.8%)

RUN-1004 : used memory is 249 MB, reserved memory is 596 MB, peak memory is 631 MB
RUN-1003 : finish command "download -bit FOC_Controller_Runs\phy_1\FOC_Controller.bit -mode program_riscv -hex2 C:\Users\15597\Desktop\sf1\FutureDynasty_workspace\foc_controller\Debug\foc_controller.hex -spd 6 -sec 64 -cable 0" in  13.668524s wall, 0.421875s user + 0.093750s system = 0.515625s CPU (3.8%)

RUN-1004 : used memory is 249 MB, reserved memory is 596 MB, peak memory is 631 MB
GUI-1001 : Downloading succeeded!
RUN-1002 : start command "download -bit FOC_Controller_Runs\phy_1\FOC_Controller.bit -mode program_riscv -hex2 C:\Users\15597\Desktop\sf1\FutureDynasty_workspace\foc_controller\Debug\foc_controller.hex -spd 6 -sec 64 -cable 0"
PRG-2014 : Chip validation success: SF1S60
PRG-2505 : ProgramSvf:  program FOC_Controller_Runs/phy_1/FOC_Controller.svf successfully
RUN-1003 : finish command "program_svf -svf FOC_Controller_Runs/phy_1/FOC_Controller.svf -spd 6" in  13.278395s wall, 0.109375s user + 0.156250s system = 0.265625s CPU (2.0%)

RUN-1004 : used memory is 249 MB, reserved memory is 595 MB, peak memory is 631 MB
RUN-1003 : finish command "download -bit FOC_Controller_Runs\phy_1\FOC_Controller.bit -mode program_riscv -hex2 C:\Users\15597\Desktop\sf1\FutureDynasty_workspace\foc_controller\Debug\foc_controller.hex -spd 6 -sec 64 -cable 0" in  13.524906s wall, 0.250000s user + 0.156250s system = 0.406250s CPU (3.0%)

RUN-1004 : used memory is 249 MB, reserved memory is 595 MB, peak memory is 631 MB
GUI-1001 : Downloading succeeded!
RUN-1002 : start command "download -bit FOC_Controller_Runs\phy_1\FOC_Controller.bit -mode program_riscv -hex2 C:\Users\15597\Desktop\sf1\FutureDynasty_workspace\foc_controller\Debug\foc_controller.hex -spd 6 -sec 64 -cable 0"
PRG-2014 : Chip validation success: SF1S60
PRG-2505 : ProgramSvf:  program FOC_Controller_Runs/phy_1/FOC_Controller.svf successfully
RUN-1003 : finish command "program_svf -svf FOC_Controller_Runs/phy_1/FOC_Controller.svf -spd 6" in  13.335359s wall, 0.218750s user + 0.015625s system = 0.234375s CPU (1.8%)

RUN-1004 : used memory is 251 MB, reserved memory is 597 MB, peak memory is 631 MB
RUN-1003 : finish command "download -bit FOC_Controller_Runs\phy_1\FOC_Controller.bit -mode program_riscv -hex2 C:\Users\15597\Desktop\sf1\FutureDynasty_workspace\foc_controller\Debug\foc_controller.hex -spd 6 -sec 64 -cable 0" in  13.635371s wall, 0.390625s user + 0.015625s system = 0.406250s CPU (3.0%)

RUN-1004 : used memory is 251 MB, reserved memory is 597 MB, peak memory is 631 MB
GUI-1001 : Downloading succeeded!
RUN-1002 : start command "download -mode erase_spi -spd 1 -chip SF1S60 -cable 0"
PRG-2014 : Chip validation success: SF1S60
PRG-1001 : SPI Flash ID is:  c8
PRG-2019 : Erase flash successfully.
RUN-1003 : finish command "download -mode erase_spi -spd 1 -chip SF1S60 -cable 0" in  13.142460s wall, 0.468750s user + 0.125000s system = 0.593750s CPU (4.5%)

RUN-1004 : used memory is 252 MB, reserved memory is 596 MB, peak memory is 631 MB
GUI-1001 : Erase flash success!
RUN-1002 : start command "download -mode erase_spi -spd 1 -chip SF1S60 -cable 0"
PRG-2014 : Chip validation success: SF1S60
PRG-1001 : SPI Flash ID is:  c8
PRG-2019 : Erase flash successfully.
RUN-1003 : finish command "download -mode erase_spi -spd 1 -chip SF1S60 -cable 0" in  13.186075s wall, 1.000000s user + 0.093750s system = 1.093750s CPU (8.3%)

RUN-1004 : used memory is 250 MB, reserved memory is 596 MB, peak memory is 631 MB
GUI-1001 : Erase flash success!
RUN-1002 : start command "download -bit FOC_Controller_Runs\phy_1\FOC_Controller.bit -mode program_riscv -hex2 C:\Users\15597\Desktop\sf1\FutureDynasty_workspace\foc_controller\Debug\foc_controller.hex -spd 6 -sec 64 -cable 0"
PRG-2014 : Chip validation success: SF1S60
PRG-2505 : ProgramSvf:  program FOC_Controller_Runs/phy_1/FOC_Controller.svf successfully
RUN-1003 : finish command "program_svf -svf FOC_Controller_Runs/phy_1/FOC_Controller.svf -spd 6" in  13.292457s wall, 0.203125s user + 0.093750s system = 0.296875s CPU (2.2%)

RUN-1004 : used memory is 251 MB, reserved memory is 596 MB, peak memory is 631 MB
RUN-1003 : finish command "download -bit FOC_Controller_Runs\phy_1\FOC_Controller.bit -mode program_riscv -hex2 C:\Users\15597\Desktop\sf1\FutureDynasty_workspace\foc_controller\Debug\foc_controller.hex -spd 6 -sec 64 -cable 0" in  13.536749s wall, 0.328125s user + 0.125000s system = 0.453125s CPU (3.3%)

RUN-1004 : used memory is 251 MB, reserved memory is 596 MB, peak memory is 631 MB
GUI-1001 : Downloading succeeded!
RUN-1002 : start command "download -bit FOC_Controller_Runs\phy_1\FOC_Controller.bit -mode program_riscv -hex2 C:\Users\15597\Desktop\sf1\FutureDynasty_workspace\foc_controller\Debug\foc_controller.hex -spd 6 -sec 64 -cable 0"
PRG-2014 : Chip validation success: SF1S60
PRG-2505 : ProgramSvf:  program FOC_Controller_Runs/phy_1/FOC_Controller.svf successfully
RUN-1003 : finish command "program_svf -svf FOC_Controller_Runs/phy_1/FOC_Controller.svf -spd 6" in  13.257725s wall, 0.218750s user + 0.125000s system = 0.343750s CPU (2.6%)

RUN-1004 : used memory is 251 MB, reserved memory is 596 MB, peak memory is 631 MB
RUN-1003 : finish command "download -bit FOC_Controller_Runs\phy_1\FOC_Controller.bit -mode program_riscv -hex2 C:\Users\15597\Desktop\sf1\FutureDynasty_workspace\foc_controller\Debug\foc_controller.hex -spd 6 -sec 64 -cable 0" in  13.578059s wall, 0.421875s user + 0.125000s system = 0.546875s CPU (4.0%)

RUN-1004 : used memory is 251 MB, reserved memory is 596 MB, peak memory is 631 MB
GUI-1001 : Downloading succeeded!
RUN-1002 : start command "download -mode erase_spi -spd 1 -chip SF1S60 -cable 0"
PRG-2014 : Chip validation success: SF1S60
PRG-1001 : SPI Flash ID is:  c8
PRG-2019 : Erase flash successfully.
RUN-1003 : finish command "download -mode erase_spi -spd 1 -chip SF1S60 -cable 0" in  13.167421s wall, 0.968750s user + 0.062500s system = 1.031250s CPU (7.8%)

RUN-1004 : used memory is 251 MB, reserved memory is 596 MB, peak memory is 631 MB
GUI-1001 : Erase flash success!
RUN-1002 : start command "download -bit FOC_Controller_Runs\phy_1\FOC_Controller.bit -mode program_riscv -hex2 C:\Users\15597\Desktop\sf1\FutureDynasty_workspace\foc_controller\Debug\foc_controller.hex -spd 6 -sec 64 -cable 0"
PRG-2014 : Chip validation success: SF1S60
PRG-2505 : ProgramSvf:  program FOC_Controller_Runs/phy_1/FOC_Controller.svf successfully
RUN-1003 : finish command "program_svf -svf FOC_Controller_Runs/phy_1/FOC_Controller.svf -spd 6" in  13.264787s wall, 0.187500s user + 0.062500s system = 0.250000s CPU (1.9%)

RUN-1004 : used memory is 251 MB, reserved memory is 596 MB, peak memory is 631 MB
RUN-1003 : finish command "download -bit FOC_Controller_Runs\phy_1\FOC_Controller.bit -mode program_riscv -hex2 C:\Users\15597\Desktop\sf1\FutureDynasty_workspace\foc_controller\Debug\foc_controller.hex -spd 6 -sec 64 -cable 0" in  13.510736s wall, 0.312500s user + 0.078125s system = 0.390625s CPU (2.9%)

RUN-1004 : used memory is 251 MB, reserved memory is 596 MB, peak memory is 631 MB
GUI-1001 : Downloading succeeded!
RUN-1002 : start command "download -mode erase_spi -spd 1 -chip SF1S60 -cable 0"
PRG-2014 : Chip validation success: SF1S60
PRG-1001 : SPI Flash ID is:  c8
PRG-2019 : Erase flash successfully.
RUN-1003 : finish command "download -mode erase_spi -spd 1 -chip SF1S60 -cable 0" in  13.219938s wall, 0.921875s user + 0.046875s system = 0.968750s CPU (7.3%)

RUN-1004 : used memory is 251 MB, reserved memory is 596 MB, peak memory is 631 MB
GUI-1001 : Erase flash success!
RUN-1002 : start command "download -bit FOC_Controller_Runs\phy_1\FOC_Controller.bit -mode program_riscv -hex2 C:\Users\15597\Desktop\sf1\FutureDynasty_workspace\foc_controller\Debug\foc_controller.hex -spd 6 -sec 64 -cable 0"
PRG-2014 : Chip validation success: SF1S60
PRG-2505 : ProgramSvf:  program FOC_Controller_Runs/phy_1/FOC_Controller.svf successfully
RUN-1003 : finish command "program_svf -svf FOC_Controller_Runs/phy_1/FOC_Controller.svf -spd 6" in  13.212230s wall, 0.187500s user + 0.109375s system = 0.296875s CPU (2.2%)

RUN-1004 : used memory is 252 MB, reserved memory is 596 MB, peak memory is 631 MB
RUN-1003 : finish command "download -bit FOC_Controller_Runs\phy_1\FOC_Controller.bit -mode program_riscv -hex2 C:\Users\15597\Desktop\sf1\FutureDynasty_workspace\foc_controller\Debug\foc_controller.hex -spd 6 -sec 64 -cable 0" in  13.456896s wall, 0.265625s user + 0.109375s system = 0.375000s CPU (2.8%)

RUN-1004 : used memory is 252 MB, reserved memory is 596 MB, peak memory is 631 MB
GUI-1001 : Downloading succeeded!
RUN-1002 : start command "download -bit FOC_Controller_Runs\phy_1\FOC_Controller.bit -mode program_riscv -hex2 C:\Users\15597\Desktop\sf1\FutureDynasty_workspace\foc_controller\Debug\foc_controller.hex -spd 6 -sec 64 -cable 0"
PRG-2014 : Chip validation success: SF1S60
PRG-2505 : ProgramSvf:  program FOC_Controller_Runs/phy_1/FOC_Controller.svf successfully
RUN-1003 : finish command "program_svf -svf FOC_Controller_Runs/phy_1/FOC_Controller.svf -spd 6" in  13.296023s wall, 0.234375s user + 0.093750s system = 0.328125s CPU (2.5%)

RUN-1004 : used memory is 252 MB, reserved memory is 596 MB, peak memory is 631 MB
RUN-1003 : finish command "download -bit FOC_Controller_Runs\phy_1\FOC_Controller.bit -mode program_riscv -hex2 C:\Users\15597\Desktop\sf1\FutureDynasty_workspace\foc_controller\Debug\foc_controller.hex -spd 6 -sec 64 -cable 0" in  13.542833s wall, 0.343750s user + 0.093750s system = 0.437500s CPU (3.2%)

RUN-1004 : used memory is 252 MB, reserved memory is 596 MB, peak memory is 631 MB
GUI-1001 : Downloading succeeded!
RUN-1002 : start command "download -bit FOC_Controller_Runs\phy_1\FOC_Controller.bit -mode program_riscv -hex2 C:\Users\15597\Desktop\sf1\FutureDynasty_workspace\foc_controller\Debug\foc_controller.hex -spd 6 -sec 64 -cable 0"
PRG-2014 : Chip validation success: SF1S60
PRG-2505 : ProgramSvf:  program FOC_Controller_Runs/phy_1/FOC_Controller.svf successfully
RUN-1003 : finish command "program_svf -svf FOC_Controller_Runs/phy_1/FOC_Controller.svf -spd 6" in  13.275742s wall, 0.156250s user + 0.015625s system = 0.171875s CPU (1.3%)

RUN-1004 : used memory is 253 MB, reserved memory is 596 MB, peak memory is 631 MB
RUN-1003 : finish command "download -bit FOC_Controller_Runs\phy_1\FOC_Controller.bit -mode program_riscv -hex2 C:\Users\15597\Desktop\sf1\FutureDynasty_workspace\foc_controller\Debug\foc_controller.hex -spd 6 -sec 64 -cable 0" in  13.526413s wall, 0.296875s user + 0.015625s system = 0.312500s CPU (2.3%)

RUN-1004 : used memory is 253 MB, reserved memory is 596 MB, peak memory is 631 MB
GUI-1001 : Downloading succeeded!
RUN-1002 : start command "download -bit FOC_Controller_Runs\phy_1\FOC_Controller.bit -mode program_riscv -hex2 C:\Users\15597\Desktop\sf1\FutureDynasty_workspace\foc_controller\Debug\foc_controller.hex -spd 6 -sec 64 -cable 0"
PRG-2014 : Chip validation success: SF1S60
PRG-2505 : ProgramSvf:  program FOC_Controller_Runs/phy_1/FOC_Controller.svf successfully
RUN-1003 : finish command "program_svf -svf FOC_Controller_Runs/phy_1/FOC_Controller.svf -spd 6" in  13.303711s wall, 0.234375s user + 0.046875s system = 0.281250s CPU (2.1%)

RUN-1004 : used memory is 252 MB, reserved memory is 596 MB, peak memory is 631 MB
RUN-1003 : finish command "download -bit FOC_Controller_Runs\phy_1\FOC_Controller.bit -mode program_riscv -hex2 C:\Users\15597\Desktop\sf1\FutureDynasty_workspace\foc_controller\Debug\foc_controller.hex -spd 6 -sec 64 -cable 0" in  13.629275s wall, 0.375000s user + 0.062500s system = 0.437500s CPU (3.2%)

RUN-1004 : used memory is 252 MB, reserved memory is 596 MB, peak memory is 631 MB
GUI-1001 : Downloading succeeded!
RUN-1002 : start command "download -bit FOC_Controller_Runs\phy_1\FOC_Controller.bit -mode program_riscv -hex2 C:\Users\15597\Desktop\sf1\FutureDynasty_workspace\foc_controller\Debug\foc_controller.hex -spd 6 -sec 64 -cable 0"
PRG-2014 : Chip validation success: SF1S60
PRG-2505 : ProgramSvf:  program FOC_Controller_Runs/phy_1/FOC_Controller.svf successfully
RUN-1003 : finish command "program_svf -svf FOC_Controller_Runs/phy_1/FOC_Controller.svf -spd 6" in  13.274032s wall, 0.140625s user + 0.062500s system = 0.203125s CPU (1.5%)

RUN-1004 : used memory is 249 MB, reserved memory is 596 MB, peak memory is 631 MB
RUN-1003 : finish command "download -bit FOC_Controller_Runs\phy_1\FOC_Controller.bit -mode program_riscv -hex2 C:\Users\15597\Desktop\sf1\FutureDynasty_workspace\foc_controller\Debug\foc_controller.hex -spd 6 -sec 64 -cable 0" in  13.524133s wall, 0.218750s user + 0.062500s system = 0.281250s CPU (2.1%)

RUN-1004 : used memory is 249 MB, reserved memory is 596 MB, peak memory is 631 MB
GUI-1001 : Downloading succeeded!
RUN-1002 : start command "download -bit FOC_Controller_Runs\phy_1\FOC_Controller.bit -mode program_riscv -hex2 C:\Users\15597\Desktop\sf1\FutureDynasty_workspace\foc_controller\Debug\foc_controller.hex -spd 6 -sec 64 -cable 0"
PRG-2014 : Chip validation success: SF1S60
PRG-2505 : ProgramSvf:  program FOC_Controller_Runs/phy_1/FOC_Controller.svf successfully
RUN-1003 : finish command "program_svf -svf FOC_Controller_Runs/phy_1/FOC_Controller.svf -spd 6" in  13.289738s wall, 0.140625s user + 0.109375s system = 0.250000s CPU (1.9%)

RUN-1004 : used memory is 250 MB, reserved memory is 596 MB, peak memory is 631 MB
RUN-1003 : finish command "download -bit FOC_Controller_Runs\phy_1\FOC_Controller.bit -mode program_riscv -hex2 C:\Users\15597\Desktop\sf1\FutureDynasty_workspace\foc_controller\Debug\foc_controller.hex -spd 6 -sec 64 -cable 0" in  13.537389s wall, 0.265625s user + 0.109375s system = 0.375000s CPU (2.8%)

RUN-1004 : used memory is 250 MB, reserved memory is 596 MB, peak memory is 631 MB
GUI-1001 : Downloading succeeded!
RUN-1002 : start command "download -bit FOC_Controller_Runs\phy_1\FOC_Controller.bit -mode program_riscv -hex2 C:\Users\15597\Desktop\sf1\FutureDynasty_workspace\foc_controller\Debug\foc_controller.hex -spd 6 -sec 64 -cable 0"
PRG-2014 : Chip validation success: SF1S60
PRG-2505 : ProgramSvf:  program FOC_Controller_Runs/phy_1/FOC_Controller.svf successfully
RUN-1003 : finish command "program_svf -svf FOC_Controller_Runs/phy_1/FOC_Controller.svf -spd 6" in  13.314716s wall, 0.156250s user + 0.062500s system = 0.218750s CPU (1.6%)

RUN-1004 : used memory is 250 MB, reserved memory is 596 MB, peak memory is 631 MB
RUN-1003 : finish command "download -bit FOC_Controller_Runs\phy_1\FOC_Controller.bit -mode program_riscv -hex2 C:\Users\15597\Desktop\sf1\FutureDynasty_workspace\foc_controller\Debug\foc_controller.hex -spd 6 -sec 64 -cable 0" in  13.583443s wall, 0.265625s user + 0.062500s system = 0.328125s CPU (2.4%)

RUN-1004 : used memory is 250 MB, reserved memory is 596 MB, peak memory is 631 MB
GUI-1001 : Downloading succeeded!
RUN-1002 : start command "download -mode erase_spi -spd 1 -chip SF1S60 -cable 0"
PRG-2014 : Chip validation success: SF1S60
PRG-1001 : SPI Flash ID is:  c8
PRG-2019 : Erase flash successfully.
RUN-1003 : finish command "download -mode erase_spi -spd 1 -chip SF1S60 -cable 0" in  13.165014s wall, 0.984375s user + 0.109375s system = 1.093750s CPU (8.3%)

RUN-1004 : used memory is 247 MB, reserved memory is 595 MB, peak memory is 631 MB
GUI-1001 : Erase flash success!
RUN-1002 : start command "download -bit FOC_Controller_Runs\phy_1\FOC_Controller.bit -mode program_riscv -hex2 C:\Users\15597\Desktop\sf1\FutureDynasty_workspace\foc_controller\Debug\foc_controller.hex -spd 6 -sec 64 -cable 0"
PRG-2014 : Chip validation success: SF1S60
PRG-2505 : ProgramSvf:  program FOC_Controller_Runs/phy_1/FOC_Controller.svf successfully
RUN-1003 : finish command "program_svf -svf FOC_Controller_Runs/phy_1/FOC_Controller.svf -spd 6" in  13.255408s wall, 0.140625s user + 0.140625s system = 0.281250s CPU (2.1%)

RUN-1004 : used memory is 247 MB, reserved memory is 595 MB, peak memory is 631 MB
RUN-1003 : finish command "download -bit FOC_Controller_Runs\phy_1\FOC_Controller.bit -mode program_riscv -hex2 C:\Users\15597\Desktop\sf1\FutureDynasty_workspace\foc_controller\Debug\foc_controller.hex -spd 6 -sec 64 -cable 0" in  13.499975s wall, 0.265625s user + 0.140625s system = 0.406250s CPU (3.0%)

RUN-1004 : used memory is 247 MB, reserved memory is 595 MB, peak memory is 631 MB
GUI-1001 : Downloading succeeded!
RUN-1002 : start command "download -mode erase_spi -spd 1 -chip SF1S60 -cable 0"
PRG-2014 : Chip validation success: SF1S60
PRG-1001 : SPI Flash ID is:  c8
PRG-2019 : Erase flash successfully.
RUN-1003 : finish command "download -mode erase_spi -spd 1 -chip SF1S60 -cable 0" in  13.172793s wall, 0.859375s user + 0.156250s system = 1.015625s CPU (7.7%)

RUN-1004 : used memory is 247 MB, reserved memory is 595 MB, peak memory is 631 MB
GUI-1001 : Erase flash success!
RUN-1002 : start command "download -bit FOC_Controller_Runs\phy_1\FOC_Controller.bit -mode program_riscv -hex2 C:\Users\15597\Desktop\sf1\FutureDynasty_workspace\foc_controller\Debug\foc_controller.hex -spd 6 -sec 64 -cable 0"
PRG-2014 : Chip validation success: SF1S60
PRG-2505 : ProgramSvf:  program FOC_Controller_Runs/phy_1/FOC_Controller.svf successfully
RUN-1003 : finish command "program_svf -svf FOC_Controller_Runs/phy_1/FOC_Controller.svf -spd 6" in  13.273687s wall, 0.140625s user + 0.093750s system = 0.234375s CPU (1.8%)

RUN-1004 : used memory is 248 MB, reserved memory is 595 MB, peak memory is 631 MB
RUN-1003 : finish command "download -bit FOC_Controller_Runs\phy_1\FOC_Controller.bit -mode program_riscv -hex2 C:\Users\15597\Desktop\sf1\FutureDynasty_workspace\foc_controller\Debug\foc_controller.hex -spd 6 -sec 64 -cable 0" in  13.522420s wall, 0.203125s user + 0.109375s system = 0.312500s CPU (2.3%)

RUN-1004 : used memory is 248 MB, reserved memory is 595 MB, peak memory is 631 MB
GUI-1001 : Downloading succeeded!
RUN-1002 : start command "download -bit FOC_Controller_Runs\phy_1\FOC_Controller.bit -mode program_riscv -hex2 C:\Users\15597\Desktop\sf1\FutureDynasty_workspace\foc_controller\Debug\foc_controller.hex -spd 6 -sec 64 -cable 0"
PRG-2014 : Chip validation success: SF1S60
PRG-2505 : ProgramSvf:  program FOC_Controller_Runs/phy_1/FOC_Controller.svf successfully
RUN-1003 : finish command "program_svf -svf FOC_Controller_Runs/phy_1/FOC_Controller.svf -spd 6" in  13.305805s wall, 0.171875s user + 0.046875s system = 0.218750s CPU (1.6%)

RUN-1004 : used memory is 248 MB, reserved memory is 595 MB, peak memory is 631 MB
RUN-1003 : finish command "download -bit FOC_Controller_Runs\phy_1\FOC_Controller.bit -mode program_riscv -hex2 C:\Users\15597\Desktop\sf1\FutureDynasty_workspace\foc_controller\Debug\foc_controller.hex -spd 6 -sec 64 -cable 0" in  13.554409s wall, 0.265625s user + 0.046875s system = 0.312500s CPU (2.3%)

RUN-1004 : used memory is 248 MB, reserved memory is 595 MB, peak memory is 631 MB
GUI-1001 : Downloading succeeded!
RUN-1002 : start command "download -mode erase_spi -spd 1 -chip SF1S60 -cable 0"
PRG-2014 : Chip validation success: SF1S60
PRG-1001 : SPI Flash ID is:  c8
PRG-2019 : Erase flash successfully.
RUN-1003 : finish command "download -mode erase_spi -spd 1 -chip SF1S60 -cable 0" in  13.129082s wall, 0.953125s user + 0.156250s system = 1.109375s CPU (8.4%)

RUN-1004 : used memory is 249 MB, reserved memory is 600 MB, peak memory is 631 MB
GUI-1001 : Erase flash success!
HDL-1007 : analyze verilog file RTL/foc/pi_controller.v
RUN-1001 : reset_run phy_1 syn_1.
GUI-6001 WARNING: File C:/Users/15597/Desktop/sf1/MyProject/FOC_Controller/FOC_Controller_Runs/phy_1/FOC_Controller.bit does not exist!
RUN-1001 : launch_runs syn_1 phy_1  -jobs 6.
RUN-1001 : syn_1: run complete.
RUN-6001 WARNING: phy_1: run failed.
RUN-1001 : open_run syn_1.
RUN-1002 : start command "import_db C:/Users/15597/Desktop/sf1/MyProject/FOC_Controller/FOC_Controller_Runs/syn_1/FOC_Controller_gate.db"
RUN-1001 : Importing database generated by Tang Dynasty, V5.6.71036.
RUN-1001 : Database version number 46146.
RUN-1001 : Import flow parameters
RUN-1001 : Import IO constraints
RUN-1001 : Import Inst constraints
RUN-1001 : Import design success TD_VERSION=5.6.71036 , DB_VERSION=46146
RUN-1003 : finish command "import_db C:/Users/15597/Desktop/sf1/MyProject/FOC_Controller/FOC_Controller_Runs/syn_1/FOC_Controller_gate.db" in  2.108213s wall, 1.046875s user + 0.328125s system = 1.375000s CPU (65.2%)

RUN-1004 : used memory is 415 MB, reserved memory is 525 MB, peak memory is 631 MB
HDL-1007 : analyze verilog file RTL/foc/pi_controller.v
HDL-1007 : analyze verilog file RTL/foc/pi_controller.v
HDL-1007 : analyze verilog file RTL/foc/pi_controller.v
HDL-1007 : analyze verilog file RTL/foc/pi_controller.v
HDL-1007 : analyze verilog file RTL/foc/pi_controller.v
HDL-1007 : analyze verilog file RTL/foc/pi_controller.v
HDL-8007 ERROR: syntax error near ')' in RTL/foc/pi_controller.v(55)
Oops! 'Signal Segmentation Violation' raised. The backtrace:
[bt] (4)_chkstk
[bt] (5)RtlFindCharInUnicodeString
[bt] (6)KiUserExceptionDispatcher
[bt] (10)QMetaObject::activate
[bt] (12)QMetaObject::activate
[bt] (32)QMetaObject::activate
[bt] (36)QMetaObject::activate
[bt] (39)QMetaObject::activate
[bt] (42)QMetaObject::activate
[bt] (43)QTimer::timerEvent
[bt] (44)QObject::event
[bt] (45)QApplicationPrivate::notify_helper
[bt] (46)QApplication::notify
[bt] (47)QCoreApplication::notifyInternal2
[bt] (48)QEventDispatcherWin32Private::sendTimerEvent
[bt] (49)QEventDispatcherWin32::processEvents
[bt] (50)DispatchMessageW

