============================================================
   Tang Dynasty, V5.6.71036
      Copyright (c) 2012-2023 Anlogic Inc.
   Executable = D:/Anlogic/TD5.6.2/bin/td.exe
   Built at =   20:34:38 Mar 21 2023
   Run by =     15597
   Run Date =   Thu Nov  9 10:12:47 2023

   Run on =     XR097-DELL-G7
============================================================
RUN-1001 : open_run phy_1.
RUN-1002 : start command "import_db C:/Users/15597/Desktop/sf1/MyProject/FOC_Controller/FOC_Controller_Runs/phy_1/FOC_Controller_pr.db"
RUN-1001 : Importing database generated by Tang Dynasty, V5.6.71036.
RUN-1001 : Database version number 46146.
RUN-1001 : Import flow parameters
PHY-1001 : Generate detailed routing grids ...
PHY-1001 : Generate nets ...
PHY-1001 : net I_clk_25m_dup_1 will be routed on clock mesh
PHY-1001 : net u_foc_controller/u_adc_ad7928/clk will be routed on clock mesh
PHY-1001 : clock net u_foc_controller/u_foc_top/init_done_syn_4 will be merged with clock u_foc_controller/u_foc_top/init_done
PHY-1001 : clock net u_pll/clk0_out will be merged with clock u_pll/clk0_buf
PHY-1001 : eco open net = 0
PHY-5014 WARNING: Detail route doesn't find pib for u_pll/pll_inst.frac_offset_valid[0]
PHY-5014 WARNING: Detail route doesn't find pib for u_pll/pll_inst.ssc_en[0]
PHY-5014 WARNING: Detail route doesn't find pib for u_pll/pll_inst.dsm_rst[0]
PHY-5014 WARNING: Detail route doesn't find pib for u_pll/pll_inst.dsm_refclk[0]
PHY-1001 : 12 feed throughs used by 11 nets
RUN-1001 : Import IO constraints
RUN-1001 : Import Inst constraints
RUN-1001 : Import design success TD_VERSION=5.6.71036 , DB_VERSION=46146
RUN-1003 : finish command "import_db C:/Users/15597/Desktop/sf1/MyProject/FOC_Controller/FOC_Controller_Runs/phy_1/FOC_Controller_pr.db" in  4.237381s wall, 3.921875s user + 0.156250s system = 4.078125s CPU (96.2%)

RUN-1004 : used memory is 446 MB, reserved memory is 405 MB, peak memory is 477 MB
RUN-1001 : Print Global Property
RUN-1001 : ---------------------------------------------------------------
RUN-1001 :        Parameters        |  Settings  |  Default Values  |  Note  
RUN-1001 : ---------------------------------------------------------------
RUN-1001 :          message         |  standard  |     standard     |        
RUN-1001 :   mixed_pack_place_flow  |     on     |        on        |        
RUN-1001 :        qor_monitor       |    off     |       off        |        
RUN-1001 :        syn_ip_flow       |    off     |       off        |        
RUN-1001 :          thread          |    auto    |       auto       |        
RUN-1001 : ---------------------------------------------------------------
RUN-1001 : Print Design Property
RUN-1001 : --------------------------------------------------------------
RUN-1001 :        Parameters       |  Settings  |  Default Values  |  Note  
RUN-1001 : --------------------------------------------------------------
RUN-1001 :   default_reg_initial   |    auto    |       auto       |        
RUN-1001 :        infer_add        |     on     |        on        |        
RUN-1001 :        infer_fsm        |    off     |       off        |        
RUN-1001 :        infer_mult       |     on     |        on        |        
RUN-1001 :        infer_ram        |     on     |        on        |        
RUN-1001 :        infer_reg        |     on     |        on        |        
RUN-1001 :   infer_reg_init_value  |     on     |        on        |        
RUN-1001 :        infer_rom        |     on     |        on        |        
RUN-1001 :      infer_shifter      |     on     |        on        |        
RUN-1001 : --------------------------------------------------------------
RUN-1001 : Print Rtl Property
RUN-1001 : --------------------------------------------------------------
RUN-1001 :        Parameters       |  Settings  |  Default Values  |  Note  
RUN-1001 : --------------------------------------------------------------
RUN-1001 :       compress_add      |   ripple   |      ripple      |        
RUN-1001 :        elf_sload        |    off     |       off        |        
RUN-1001 :       fix_undriven      |     0      |        0         |        
RUN-1001 :         flatten         |    off     |       off        |        
RUN-1001 :       gate_sharing      |     on     |        on        |        
RUN-1001 :    hdl_warning_level    |   normal   |      normal      |        
RUN-1001 :   impl_internal_tribuf  |     on     |        on        |        
RUN-1001 :      impl_set_reset     |     on     |        on        |        
RUN-1001 :        infer_gsr        |    off     |       off        |        
RUN-1001 :      keep_hierarchy     |    auto    |       auto       |        
RUN-1001 :        max_fanout       |    9999    |       9999       |        
RUN-1001 :      max_oh2bin_len     |     10     |        10        |        
RUN-1001 :       merge_equal       |     on     |        on        |        
RUN-1001 :       merge_equiv       |     on     |        on        |        
RUN-1001 :        merge_mux        |    off     |       off        |        
RUN-1001 :     min_control_set     |     8      |        8         |        
RUN-1001 :      min_ripple_len     |    auto    |       auto       |        
RUN-1001 :       oh2bin_ratio      |    0.08    |       0.08       |        
RUN-1001 :     opt_adder_fanout    |     on     |        on        |        
RUN-1001 :        opt_arith        |     on     |        on        |        
RUN-1001 :       opt_big_gate      |    off     |       off        |        
RUN-1001 :        opt_const        |     on     |        on        |        
RUN-1001 :      opt_const_mult     |     on     |        on        |        
RUN-1001 :       opt_lessthan      |     on     |        on        |        
RUN-1001 :         opt_mux         |    off     |       off        |        
RUN-1001 :         opt_ram         |    high    |       high       |        
RUN-1001 :      rtl_sim_model      |    off     |       off        |        
RUN-1001 :         seq_syn         |     on     |        on        |        
RUN-1001 : --------------------------------------------------------------
HDL-1007 : analyze verilog file ahb_foc_controller.v
HDL-1007 : analyze verilog file ahb_foc_controller.v
HDL-8007 ERROR: syntax error near ')' in ahb_foc_controller.v(19)
HDL-1007 : Verilog file 'ahb_foc_controller.v' ignored due to errors
HDL-1007 : analyze verilog file ahb_foc_controller.v
HDL-8007 ERROR: syntax error near 'reg' in ahb_foc_controller.v(78)
HDL-8007 ERROR: Verilog 2000 keyword 'reg' used in incorrect context in ahb_foc_controller.v(78)
HDL-1007 : undeclared symbol 'I_hall_clk', assumed default net type 'wire' in ahb_foc_controller.v(207)
HDL-1007 : undeclared symbol 'hall_u', assumed default net type 'wire' in ahb_foc_controller.v(217)
HDL-1007 : undeclared symbol 'hall_v', assumed default net type 'wire' in ahb_foc_controller.v(218)
HDL-1007 : undeclared symbol 'hall_w', assumed default net type 'wire' in ahb_foc_controller.v(219)
HDL-8007 ERROR: packed dimension must specify a range in ahb_foc_controller.v(77)
HDL-5007 WARNING: 'en' is not declared in ahb_foc_controller.v(132)
HDL-5007 WARNING: 'en' is not declared in ahb_foc_controller.v(139)
HDL-5007 WARNING: 'en' is not declared in ahb_foc_controller.v(144)
HDL-5007 WARNING: 'en' is not declared in ahb_foc_controller.v(144)
HDL-5007 WARNING: 'en' is not declared in ahb_foc_controller.v(181)
HDL-5007 WARNING: 'angle_e_o' is not declared in ahb_foc_controller.v(182)
HDL-5007 WARNING: 'angle_e_o' is not declared in ahb_foc_controller.v(199)
HDL-5007 WARNING: 'en' is not declared in ahb_foc_controller.v(208)
HDL-8007 ERROR: ignore module module due to previous errors in ahb_foc_controller.v(1)
HDL-1007 : Verilog file 'ahb_foc_controller.v' ignored due to errors
