============================================================
   Tang Dynasty, V5.6.71036
      Copyright (c) 2012-2023 Anlogic Inc.
   Executable = D:/Anlogic/TD5.6.2/bin/td.exe
   Built at =   20:34:38 Mar 21 2023
   Run by =     15597
   Run Date =   Sun Nov 12 00:50:29 2023

   Run on =     XR097-DELL-G7
============================================================
RUN-1001 : open_run phy_1.
RUN-1002 : start command "import_db C:/Users/15597/Desktop/sf1/MyProject/FOC_Controller/FOC_Controller_Runs/phy_1/FOC_Controller_pr.db"
RUN-1001 : Importing database generated by Tang Dynasty, V5.6.71036.
RUN-1001 : Database version number 46146.
RUN-1001 : Import flow parameters
PHY-1001 : Generate detailed routing grids ...
PHY-1001 : Generate nets ...
PHY-1001 : net I_clk_25m_dup_1 will be routed on clock mesh
PHY-5010 WARNING: Net u_ahb_foc_controller/I_ahb_hsize[2] is skipped due to 0 input or output
PHY-5010 WARNING: Net u_ahb_foc_controller/I_ahb_hsize[1] is skipped due to 0 input or output
PHY-5010 WARNING: Net u_ahb_foc_controller/I_ahb_hsize[0] is skipped due to 0 input or output
PHY-1001 : clock net u_mcu/hclk will be merged with clock u_pll/clk0_buf
PHY-1001 : clock net u_ahb_foc_controller/u_foc_controller/S_angle_position_clk_syn_4 will be merged with clock u_ahb_foc_controller/u_foc_controller/S_angle_position_clk
PHY-1001 : clock net u_ahb_foc_controller/u_foc_controller/S_angle_velocity_clk_syn_4 will be merged with clock u_ahb_foc_controller/u_foc_controller/S_angle_velocity_clk
PHY-1001 : net u_ahb_foc_controller/u_foc_controller/u_adc_ad7928/clk will be routed on clock mesh
PHY-1001 : clock net u_ahb_foc_controller/u_foc_controller/u_foc_top/O_init_done_syn_6 will be merged with clock u_ahb_foc_controller/u_foc_controller/u_foc_top/O_init_done
PHY-5010 WARNING: Net u_ahb_foc_controller/I_ahb_hsize[2] is skipped due to 0 input or output
PHY-5010 WARNING: Net u_ahb_foc_controller/I_ahb_hsize[1] is skipped due to 0 input or output
PHY-5010 WARNING: Net u_ahb_foc_controller/I_ahb_hsize[0] is skipped due to 0 input or output
PHY-1001 : eco open net = 0
PHY-5014 WARNING: Detail route doesn't find pib for u_pll/pll_inst.frac_offset_valid[0]
PHY-5014 WARNING: Detail route doesn't find pib for u_pll/pll_inst.dsm_refclk[0]
PHY-5014 WARNING: Detail route doesn't find pib for u_pll/pll_inst.ssc_en[0]
PHY-5014 WARNING: Detail route doesn't find pib for u_pll/pll_inst.dsm_rst[0]
PHY-1001 : 447 feed throughs used by 296 nets
RUN-1001 : Import IO constraints
RUN-1001 : Import Inst constraints
RUN-1001 : Import design success TD_VERSION=5.6.71036 , DB_VERSION=46146
RUN-1003 : finish command "import_db C:/Users/15597/Desktop/sf1/MyProject/FOC_Controller/FOC_Controller_Runs/phy_1/FOC_Controller_pr.db" in  7.324685s wall, 5.703125s user + 0.218750s system = 5.921875s CPU (80.8%)

RUN-1004 : used memory is 698 MB, reserved memory is 724 MB, peak memory is 703 MB
RUN-1002 : start command "download -bit FOC_Controller_Runs\phy_1\FOC_Controller.bit -mode program_riscv -hex2 C:\Users\15597\Desktop\sf1\FutureDynasty_workspace\foc_controller\Debug\foc_controller.hex -spd 6 -sec 64 -cable 0"
PRG-2014 : Chip validation success: SF1S60
PRG-2505 : ProgramSvf:  program FOC_Controller_Runs/phy_1/FOC_Controller.svf successfully
RUN-1003 : finish command "program_svf -svf FOC_Controller_Runs/phy_1/FOC_Controller.svf -spd 6" in  13.239831s wall, 0.296875s user + 0.203125s system = 0.500000s CPU (3.8%)

RUN-1004 : used memory is 705 MB, reserved memory is 729 MB, peak memory is 715 MB
RUN-1003 : finish command "download -bit FOC_Controller_Runs\phy_1\FOC_Controller.bit -mode program_riscv -hex2 C:\Users\15597\Desktop\sf1\FutureDynasty_workspace\foc_controller\Debug\foc_controller.hex -spd 6 -sec 64 -cable 0" in  13.489099s wall, 0.437500s user + 0.203125s system = 0.640625s CPU (4.7%)

RUN-1004 : used memory is 705 MB, reserved memory is 729 MB, peak memory is 715 MB
GUI-1001 : Downloading succeeded!
RUN-1002 : start command "download -bit FOC_Controller_Runs\phy_1\FOC_Controller.bit -mode program_riscv -hex2 C:\Users\15597\Desktop\sf1\FutureDynasty_workspace\foc_controller\Debug\foc_controller.hex -spd 6 -sec 64 -cable 0"
PRG-2014 : Chip validation success: SF1S60
PRG-2505 : ProgramSvf:  program FOC_Controller_Runs/phy_1/FOC_Controller.svf successfully
RUN-1003 : finish command "program_svf -svf FOC_Controller_Runs/phy_1/FOC_Controller.svf -spd 6" in  13.313037s wall, 0.171875s user + 0.046875s system = 0.218750s CPU (1.6%)

RUN-1004 : used memory is 702 MB, reserved memory is 733 MB, peak memory is 716 MB
RUN-1003 : finish command "download -bit FOC_Controller_Runs\phy_1\FOC_Controller.bit -mode program_riscv -hex2 C:\Users\15597\Desktop\sf1\FutureDynasty_workspace\foc_controller\Debug\foc_controller.hex -spd 6 -sec 64 -cable 0" in  13.575997s wall, 0.281250s user + 0.046875s system = 0.328125s CPU (2.4%)

RUN-1004 : used memory is 702 MB, reserved memory is 733 MB, peak memory is 716 MB
GUI-1001 : Downloading succeeded!
RUN-1002 : start command "download -mode erase_spi -spd 1 -chip SF1S60 -cable 0"
PRG-2014 : Chip validation success: SF1S60
PRG-1001 : SPI Flash ID is:  c8
PRG-2019 : Erase flash successfully.
RUN-1003 : finish command "download -mode erase_spi -spd 1 -chip SF1S60 -cable 0" in  13.169233s wall, 1.000000s user + 0.046875s system = 1.046875s CPU (7.9%)

RUN-1004 : used memory is 702 MB, reserved memory is 733 MB, peak memory is 716 MB
GUI-1001 : Erase flash success!
RUN-1002 : start command "download -bit FOC_Controller_Runs\phy_1\FOC_Controller.bit -mode program_riscv -hex2 C:\Users\15597\Desktop\sf1\FutureDynasty_workspace\foc_controller\Debug\foc_controller.hex -spd 6 -sec 64 -cable 0"
PRG-2014 : Chip validation success: SF1S60
PRG-2505 : ProgramSvf:  program FOC_Controller_Runs/phy_1/FOC_Controller.svf successfully
RUN-1003 : finish command "program_svf -svf FOC_Controller_Runs/phy_1/FOC_Controller.svf -spd 6" in  13.261229s wall, 0.171875s user + 0.031250s system = 0.203125s CPU (1.5%)

RUN-1004 : used memory is 702 MB, reserved memory is 733 MB, peak memory is 716 MB
RUN-1003 : finish command "download -bit FOC_Controller_Runs\phy_1\FOC_Controller.bit -mode program_riscv -hex2 C:\Users\15597\Desktop\sf1\FutureDynasty_workspace\foc_controller\Debug\foc_controller.hex -spd 6 -sec 64 -cable 0" in  13.512820s wall, 0.281250s user + 0.046875s system = 0.328125s CPU (2.4%)

RUN-1004 : used memory is 702 MB, reserved memory is 733 MB, peak memory is 716 MB
GUI-1001 : Downloading succeeded!
RUN-1002 : start command "download -mode erase_spi -spd 1 -chip SF1S60 -cable 0"
PRG-2014 : Chip validation success: SF1S60
PRG-1001 : SPI Flash ID is:  c8
PRG-2019 : Erase flash successfully.
RUN-1003 : finish command "download -mode erase_spi -spd 1 -chip SF1S60 -cable 0" in  13.187358s wall, 0.921875s user + 0.031250s system = 0.953125s CPU (7.2%)

RUN-1004 : used memory is 702 MB, reserved memory is 733 MB, peak memory is 716 MB
GUI-1001 : Erase flash success!
RUN-1002 : start command "download -bit FOC_Controller_Runs\phy_1\FOC_Controller.bit -mode program_riscv -hex2 C:\Users\15597\Desktop\sf1\FutureDynasty_workspace\foc_controller\Debug\foc_controller.hex -spd 6 -sec 64 -cable 0"
PRG-2014 : Chip validation success: SF1S60
PRG-2505 : ProgramSvf:  program FOC_Controller_Runs/phy_1/FOC_Controller.svf successfully
RUN-1003 : finish command "program_svf -svf FOC_Controller_Runs/phy_1/FOC_Controller.svf -spd 6" in  13.257960s wall, 0.203125s user + 0.109375s system = 0.312500s CPU (2.4%)

RUN-1004 : used memory is 702 MB, reserved memory is 733 MB, peak memory is 716 MB
RUN-1003 : finish command "download -bit FOC_Controller_Runs\phy_1\FOC_Controller.bit -mode program_riscv -hex2 C:\Users\15597\Desktop\sf1\FutureDynasty_workspace\foc_controller\Debug\foc_controller.hex -spd 6 -sec 64 -cable 0" in  13.504595s wall, 0.296875s user + 0.109375s system = 0.406250s CPU (3.0%)

RUN-1004 : used memory is 702 MB, reserved memory is 733 MB, peak memory is 716 MB
GUI-1001 : Downloading succeeded!
RUN-1002 : start command "download -bit FOC_Controller_Runs\phy_1\FOC_Controller.bit -mode program_riscv -hex2 C:\Users\15597\Desktop\sf1\FutureDynasty_workspace\foc_controller\Debug\foc_controller.hex -spd 6 -sec 64 -cable 0"
PRG-2014 : Chip validation success: SF1S60
PRG-2505 : ProgramSvf:  program FOC_Controller_Runs/phy_1/FOC_Controller.svf successfully
RUN-1003 : finish command "program_svf -svf FOC_Controller_Runs/phy_1/FOC_Controller.svf -spd 6" in  13.273502s wall, 0.125000s user + 0.031250s system = 0.156250s CPU (1.2%)

RUN-1004 : used memory is 701 MB, reserved memory is 732 MB, peak memory is 716 MB
RUN-1003 : finish command "download -bit FOC_Controller_Runs\phy_1\FOC_Controller.bit -mode program_riscv -hex2 C:\Users\15597\Desktop\sf1\FutureDynasty_workspace\foc_controller\Debug\foc_controller.hex -spd 6 -sec 64 -cable 0" in  13.526013s wall, 0.250000s user + 0.031250s system = 0.281250s CPU (2.1%)

RUN-1004 : used memory is 701 MB, reserved memory is 732 MB, peak memory is 716 MB
GUI-1001 : Downloading succeeded!
RUN-1002 : start command "download -bit FOC_Controller_Runs\phy_1\FOC_Controller.bit -mode program_riscv -hex2 C:\Users\15597\Desktop\sf1\FutureDynasty_workspace\foc_controller\Debug\foc_controller.hex -spd 6 -sec 64 -cable 0"
PRG-2014 : Chip validation success: SF1S60
PRG-2505 : ProgramSvf:  program FOC_Controller_Runs/phy_1/FOC_Controller.svf successfully
RUN-1003 : finish command "program_svf -svf FOC_Controller_Runs/phy_1/FOC_Controller.svf -spd 6" in  13.256049s wall, 0.109375s user + 0.046875s system = 0.156250s CPU (1.2%)

RUN-1004 : used memory is 639 MB, reserved memory is 732 MB, peak memory is 716 MB
RUN-1003 : finish command "download -bit FOC_Controller_Runs\phy_1\FOC_Controller.bit -mode program_riscv -hex2 C:\Users\15597\Desktop\sf1\FutureDynasty_workspace\foc_controller\Debug\foc_controller.hex -spd 6 -sec 64 -cable 0" in  13.512241s wall, 0.250000s user + 0.046875s system = 0.296875s CPU (2.2%)

RUN-1004 : used memory is 639 MB, reserved memory is 732 MB, peak memory is 716 MB
GUI-1001 : Downloading succeeded!
RUN-1002 : start command "download -bit FOC_Controller_Runs\phy_1\FOC_Controller.bit -mode program_riscv -hex2 C:\Users\15597\Desktop\sf1\FutureDynasty_workspace\foc_controller\Debug\foc_controller.hex -spd 6 -sec 64 -cable 0"
PRG-2014 : Chip validation success: SF1S60
PRG-2505 : ProgramSvf:  program FOC_Controller_Runs/phy_1/FOC_Controller.svf successfully
RUN-1003 : finish command "program_svf -svf FOC_Controller_Runs/phy_1/FOC_Controller.svf -spd 6" in  13.289499s wall, 0.156250s user + 0.031250s system = 0.187500s CPU (1.4%)

RUN-1004 : used memory is 641 MB, reserved memory is 733 MB, peak memory is 716 MB
RUN-1003 : finish command "download -bit FOC_Controller_Runs\phy_1\FOC_Controller.bit -mode program_riscv -hex2 C:\Users\15597\Desktop\sf1\FutureDynasty_workspace\foc_controller\Debug\foc_controller.hex -spd 6 -sec 64 -cable 0" in  13.541447s wall, 0.296875s user + 0.031250s system = 0.328125s CPU (2.4%)

RUN-1004 : used memory is 641 MB, reserved memory is 733 MB, peak memory is 716 MB
GUI-1001 : Downloading succeeded!
RUN-1002 : start command "download -bit FOC_Controller_Runs\phy_1\FOC_Controller.bit -mode program_riscv -hex2 C:\Users\15597\Desktop\sf1\FutureDynasty_workspace\foc_controller\Debug\foc_controller.hex -spd 6 -sec 64 -cable 0"
PRG-2014 : Chip validation success: SF1S60
PRG-2505 : ProgramSvf:  program FOC_Controller_Runs/phy_1/FOC_Controller.svf successfully
RUN-1003 : finish command "program_svf -svf FOC_Controller_Runs/phy_1/FOC_Controller.svf -spd 6" in  13.182607s wall, 0.109375s user + 0.000000s system = 0.109375s CPU (0.8%)

RUN-1004 : used memory is 627 MB, reserved memory is 733 MB, peak memory is 716 MB
RUN-1003 : finish command "download -bit FOC_Controller_Runs\phy_1\FOC_Controller.bit -mode program_riscv -hex2 C:\Users\15597\Desktop\sf1\FutureDynasty_workspace\foc_controller\Debug\foc_controller.hex -spd 6 -sec 64 -cable 0" in  13.437139s wall, 0.218750s user + 0.015625s system = 0.234375s CPU (1.7%)

RUN-1004 : used memory is 627 MB, reserved memory is 733 MB, peak memory is 716 MB
GUI-1001 : Downloading succeeded!
RUN-1002 : start command "download -bit FOC_Controller_Runs\phy_1\FOC_Controller.bit -mode program_riscv -hex2 C:\Users\15597\Desktop\sf1\FutureDynasty_workspace\foc_controller\Debug\foc_controller.hex -spd 6 -sec 64 -cable 0"
PRG-2014 : Chip validation success: SF1S60
PRG-2505 : ProgramSvf:  program FOC_Controller_Runs/phy_1/FOC_Controller.svf successfully
RUN-1003 : finish command "program_svf -svf FOC_Controller_Runs/phy_1/FOC_Controller.svf -spd 6" in  13.230369s wall, 0.171875s user + 0.031250s system = 0.203125s CPU (1.5%)

RUN-1004 : used memory is 627 MB, reserved memory is 733 MB, peak memory is 716 MB
RUN-1003 : finish command "download -bit FOC_Controller_Runs\phy_1\FOC_Controller.bit -mode program_riscv -hex2 C:\Users\15597\Desktop\sf1\FutureDynasty_workspace\foc_controller\Debug\foc_controller.hex -spd 6 -sec 64 -cable 0" in  13.479602s wall, 0.328125s user + 0.078125s system = 0.406250s CPU (3.0%)

RUN-1004 : used memory is 627 MB, reserved memory is 733 MB, peak memory is 716 MB
GUI-1001 : Downloading succeeded!
RUN-1002 : start command "download -bit FOC_Controller_Runs\phy_1\FOC_Controller.bit -mode program_riscv -hex2 C:\Users\15597\Desktop\sf1\FutureDynasty_workspace\foc_controller\Debug\foc_controller.hex -spd 6 -sec 64 -cable 0"
PRG-2014 : Chip validation success: SF1S60
PRG-2505 : ProgramSvf:  program FOC_Controller_Runs/phy_1/FOC_Controller.svf successfully
RUN-1003 : finish command "program_svf -svf FOC_Controller_Runs/phy_1/FOC_Controller.svf -spd 6" in  13.230503s wall, 0.156250s user + 0.109375s system = 0.265625s CPU (2.0%)

RUN-1004 : used memory is 627 MB, reserved memory is 733 MB, peak memory is 716 MB
RUN-1003 : finish command "download -bit FOC_Controller_Runs\phy_1\FOC_Controller.bit -mode program_riscv -hex2 C:\Users\15597\Desktop\sf1\FutureDynasty_workspace\foc_controller\Debug\foc_controller.hex -spd 6 -sec 64 -cable 0" in  13.495123s wall, 0.281250s user + 0.109375s system = 0.390625s CPU (2.9%)

RUN-1004 : used memory is 627 MB, reserved memory is 733 MB, peak memory is 716 MB
GUI-1001 : Downloading succeeded!
RUN-1002 : start command "download -bit FOC_Controller_Runs\phy_1\FOC_Controller.bit -mode program_riscv -hex2 C:\Users\15597\Desktop\sf1\FutureDynasty_workspace\foc_controller\Debug\foc_controller.hex -spd 6 -sec 64 -cable 0"
PRG-2014 : Chip validation success: SF1S60
PRG-2505 : ProgramSvf:  program FOC_Controller_Runs/phy_1/FOC_Controller.svf successfully
RUN-1003 : finish command "program_svf -svf FOC_Controller_Runs/phy_1/FOC_Controller.svf -spd 6" in  13.279318s wall, 0.187500s user + 0.015625s system = 0.203125s CPU (1.5%)

RUN-1004 : used memory is 627 MB, reserved memory is 733 MB, peak memory is 716 MB
RUN-1003 : finish command "download -bit FOC_Controller_Runs\phy_1\FOC_Controller.bit -mode program_riscv -hex2 C:\Users\15597\Desktop\sf1\FutureDynasty_workspace\foc_controller\Debug\foc_controller.hex -spd 6 -sec 64 -cable 0" in  13.621797s wall, 0.390625s user + 0.015625s system = 0.406250s CPU (3.0%)

RUN-1004 : used memory is 627 MB, reserved memory is 733 MB, peak memory is 716 MB
GUI-1001 : Downloading succeeded!
RUN-1002 : start command "download -bit FOC_Controller_Runs\phy_1\FOC_Controller.bit -mode program_riscv -hex2 C:\Users\15597\Desktop\sf1\FutureDynasty_workspace\foc_controller\Debug\foc_controller.hex -spd 6 -sec 64 -cable 0"
PRG-2014 : Chip validation success: SF1S60
PRG-2505 : ProgramSvf:  program FOC_Controller_Runs/phy_1/FOC_Controller.svf successfully
RUN-1003 : finish command "program_svf -svf FOC_Controller_Runs/phy_1/FOC_Controller.svf -spd 6" in  13.321102s wall, 0.171875s user + 0.015625s system = 0.187500s CPU (1.4%)

RUN-1004 : used memory is 557 MB, reserved memory is 733 MB, peak memory is 716 MB
RUN-1003 : finish command "download -bit FOC_Controller_Runs\phy_1\FOC_Controller.bit -mode program_riscv -hex2 C:\Users\15597\Desktop\sf1\FutureDynasty_workspace\foc_controller\Debug\foc_controller.hex -spd 6 -sec 64 -cable 0" in  13.631146s wall, 0.343750s user + 0.015625s system = 0.359375s CPU (2.6%)

RUN-1004 : used memory is 557 MB, reserved memory is 733 MB, peak memory is 716 MB
GUI-1001 : Downloading succeeded!
RUN-1002 : start command "download -bit FOC_Controller_Runs\phy_1\FOC_Controller.bit -mode program_riscv -hex2 C:\Users\15597\Desktop\sf1\FutureDynasty_workspace\foc_controller\Debug\foc_controller.hex -spd 6 -sec 64 -cable 0"
PRG-2014 : Chip validation success: SF1S60
PRG-2505 : ProgramSvf:  program FOC_Controller_Runs/phy_1/FOC_Controller.svf successfully
RUN-1003 : finish command "program_svf -svf FOC_Controller_Runs/phy_1/FOC_Controller.svf -spd 6" in  13.363379s wall, 0.218750s user + 0.093750s system = 0.312500s CPU (2.3%)

RUN-1004 : used memory is 491 MB, reserved memory is 733 MB, peak memory is 716 MB
RUN-1003 : finish command "download -bit FOC_Controller_Runs\phy_1\FOC_Controller.bit -mode program_riscv -hex2 C:\Users\15597\Desktop\sf1\FutureDynasty_workspace\foc_controller\Debug\foc_controller.hex -spd 6 -sec 64 -cable 0" in  13.715869s wall, 0.484375s user + 0.093750s system = 0.578125s CPU (4.2%)

RUN-1004 : used memory is 491 MB, reserved memory is 733 MB, peak memory is 716 MB
GUI-1001 : Downloading succeeded!
RUN-1002 : start command "download -bit FOC_Controller_Runs\phy_1\FOC_Controller.bit -mode program_riscv -hex2 C:\Users\15597\Desktop\sf1\FutureDynasty_workspace\foc_controller\Debug\foc_controller.hex -spd 6 -sec 64 -cable 0"
PRG-2014 : Chip validation success: SF1S60
PRG-2505 : ProgramSvf:  program FOC_Controller_Runs/phy_1/FOC_Controller.svf successfully
RUN-1003 : finish command "program_svf -svf FOC_Controller_Runs/phy_1/FOC_Controller.svf -spd 6" in  13.265304s wall, 0.109375s user + 0.015625s system = 0.125000s CPU (0.9%)

RUN-1004 : used memory is 490 MB, reserved memory is 732 MB, peak memory is 716 MB
RUN-1003 : finish command "download -bit FOC_Controller_Runs\phy_1\FOC_Controller.bit -mode program_riscv -hex2 C:\Users\15597\Desktop\sf1\FutureDynasty_workspace\foc_controller\Debug\foc_controller.hex -spd 6 -sec 64 -cable 0" in  13.518952s wall, 0.171875s user + 0.015625s system = 0.187500s CPU (1.4%)

RUN-1004 : used memory is 490 MB, reserved memory is 732 MB, peak memory is 716 MB
GUI-1001 : Downloading succeeded!
RUN-1002 : start command "download -bit FOC_Controller_Runs\phy_1\FOC_Controller.bit -mode program_riscv -hex2 C:\Users\15597\Desktop\sf1\FutureDynasty_workspace\foc_controller\Debug\foc_controller.hex -spd 6 -sec 64 -cable 0"
PRG-2014 : Chip validation success: SF1S60
PRG-2505 : ProgramSvf:  program FOC_Controller_Runs/phy_1/FOC_Controller.svf successfully
RUN-1003 : finish command "program_svf -svf FOC_Controller_Runs/phy_1/FOC_Controller.svf -spd 6" in  13.364337s wall, 0.218750s user + 0.046875s system = 0.265625s CPU (2.0%)

RUN-1004 : used memory is 374 MB, reserved memory is 733 MB, peak memory is 716 MB
RUN-1003 : finish command "download -bit FOC_Controller_Runs\phy_1\FOC_Controller.bit -mode program_riscv -hex2 C:\Users\15597\Desktop\sf1\FutureDynasty_workspace\foc_controller\Debug\foc_controller.hex -spd 6 -sec 64 -cable 0" in  13.647409s wall, 0.359375s user + 0.046875s system = 0.406250s CPU (3.0%)

RUN-1004 : used memory is 374 MB, reserved memory is 733 MB, peak memory is 716 MB
GUI-1001 : Downloading succeeded!
RUN-1002 : start command "download -bit FOC_Controller_Runs\phy_1\FOC_Controller.bit -mode program_riscv -hex2 C:\Users\15597\Desktop\sf1\FutureDynasty_workspace\foc_controller\Debug\foc_controller.hex -spd 6 -sec 64 -cable 0"
PRG-2014 : Chip validation success: SF1S60
PRG-2505 : ProgramSvf:  program FOC_Controller_Runs/phy_1/FOC_Controller.svf successfully
RUN-1003 : finish command "program_svf -svf FOC_Controller_Runs/phy_1/FOC_Controller.svf -spd 6" in  13.436776s wall, 0.250000s user + 0.093750s system = 0.343750s CPU (2.6%)

RUN-1004 : used memory is 316 MB, reserved memory is 733 MB, peak memory is 716 MB
RUN-1003 : finish command "download -bit FOC_Controller_Runs\phy_1\FOC_Controller.bit -mode program_riscv -hex2 C:\Users\15597\Desktop\sf1\FutureDynasty_workspace\foc_controller\Debug\foc_controller.hex -spd 6 -sec 64 -cable 0" in  13.781734s wall, 0.421875s user + 0.156250s system = 0.578125s CPU (4.2%)

RUN-1004 : used memory is 316 MB, reserved memory is 733 MB, peak memory is 716 MB
GUI-1001 : Downloading succeeded!
RUN-1002 : start command "download -bit FOC_Controller_Runs\phy_1\FOC_Controller.bit -mode program_riscv -hex2 C:\Users\15597\Desktop\sf1\FutureDynasty_workspace\foc_controller\Debug\foc_controller.hex -spd 6 -sec 64 -cable 0"
PRG-2014 : Chip validation success: SF1S60
PRG-2505 : ProgramSvf:  program FOC_Controller_Runs/phy_1/FOC_Controller.svf successfully
RUN-1003 : finish command "program_svf -svf FOC_Controller_Runs/phy_1/FOC_Controller.svf -spd 6" in  13.385312s wall, 0.312500s user + 0.125000s system = 0.437500s CPU (3.3%)

RUN-1004 : used memory is 316 MB, reserved memory is 733 MB, peak memory is 716 MB
RUN-1003 : finish command "download -bit FOC_Controller_Runs\phy_1\FOC_Controller.bit -mode program_riscv -hex2 C:\Users\15597\Desktop\sf1\FutureDynasty_workspace\foc_controller\Debug\foc_controller.hex -spd 6 -sec 64 -cable 0" in  13.687807s wall, 0.484375s user + 0.140625s system = 0.625000s CPU (4.6%)

RUN-1004 : used memory is 316 MB, reserved memory is 733 MB, peak memory is 716 MB
GUI-1001 : Downloading succeeded!
RUN-1002 : start command "download -bit FOC_Controller_Runs\phy_1\FOC_Controller.bit -mode program_riscv -hex2 C:\Users\15597\Desktop\sf1\FutureDynasty_workspace\foc_controller\Debug\foc_controller.hex -spd 6 -sec 64 -cable 0"
PRG-2014 : Chip validation success: SF1S60
PRG-2505 : ProgramSvf:  program FOC_Controller_Runs/phy_1/FOC_Controller.svf successfully
RUN-1003 : finish command "program_svf -svf FOC_Controller_Runs/phy_1/FOC_Controller.svf -spd 6" in  13.425162s wall, 0.265625s user + 0.031250s system = 0.296875s CPU (2.2%)

RUN-1004 : used memory is 315 MB, reserved memory is 732 MB, peak memory is 716 MB
RUN-1003 : finish command "download -bit FOC_Controller_Runs\phy_1\FOC_Controller.bit -mode program_riscv -hex2 C:\Users\15597\Desktop\sf1\FutureDynasty_workspace\foc_controller\Debug\foc_controller.hex -spd 6 -sec 64 -cable 0" in  13.823230s wall, 0.515625s user + 0.171875s system = 0.687500s CPU (5.0%)

RUN-1004 : used memory is 315 MB, reserved memory is 732 MB, peak memory is 716 MB
GUI-1001 : Downloading succeeded!
RUN-1002 : start command "download -bit FOC_Controller_Runs\phy_1\FOC_Controller.bit -mode program_riscv -hex2 C:\Users\15597\Desktop\sf1\FutureDynasty_workspace\foc_controller\Debug\foc_controller.hex -spd 6 -sec 64 -cable 0"
PRG-2014 : Chip validation success: SF1S60
PRG-2505 : ProgramSvf:  program FOC_Controller_Runs/phy_1/FOC_Controller.svf successfully
RUN-1003 : finish command "program_svf -svf FOC_Controller_Runs/phy_1/FOC_Controller.svf -spd 6" in  13.400904s wall, 0.171875s user + 0.015625s system = 0.187500s CPU (1.4%)

RUN-1004 : used memory is 315 MB, reserved memory is 732 MB, peak memory is 716 MB
RUN-1003 : finish command "download -bit FOC_Controller_Runs\phy_1\FOC_Controller.bit -mode program_riscv -hex2 C:\Users\15597\Desktop\sf1\FutureDynasty_workspace\foc_controller\Debug\foc_controller.hex -spd 6 -sec 64 -cable 0" in  13.663367s wall, 0.296875s user + 0.031250s system = 0.328125s CPU (2.4%)

RUN-1004 : used memory is 315 MB, reserved memory is 732 MB, peak memory is 716 MB
GUI-1001 : Downloading succeeded!
RUN-1002 : start command "download -bit FOC_Controller_Runs\phy_1\FOC_Controller.bit -mode program_riscv -hex2 C:\Users\15597\Desktop\sf1\FutureDynasty_workspace\foc_controller\Debug\foc_controller.hex -spd 6 -sec 64 -cable 0"
PRG-2014 : Chip validation success: SF1S60
PRG-2505 : ProgramSvf:  program FOC_Controller_Runs/phy_1/FOC_Controller.svf successfully
RUN-1003 : finish command "program_svf -svf FOC_Controller_Runs/phy_1/FOC_Controller.svf -spd 6" in  13.421840s wall, 0.375000s user + 0.046875s system = 0.421875s CPU (3.1%)

RUN-1004 : used memory is 315 MB, reserved memory is 732 MB, peak memory is 716 MB
RUN-1003 : finish command "download -bit FOC_Controller_Runs\phy_1\FOC_Controller.bit -mode program_riscv -hex2 C:\Users\15597\Desktop\sf1\FutureDynasty_workspace\foc_controller\Debug\foc_controller.hex -spd 6 -sec 64 -cable 0" in  13.694473s wall, 0.531250s user + 0.046875s system = 0.578125s CPU (4.2%)

RUN-1004 : used memory is 315 MB, reserved memory is 732 MB, peak memory is 716 MB
GUI-1001 : Downloading succeeded!
RUN-1002 : start command "download -bit FOC_Controller_Runs\phy_1\FOC_Controller.bit -mode program_riscv -hex2 C:\Users\15597\Desktop\sf1\FutureDynasty_workspace\foc_controller\Debug\foc_controller.hex -spd 6 -sec 64 -cable 0"
PRG-2014 : Chip validation success: SF1S60
PRG-2505 : ProgramSvf:  program FOC_Controller_Runs/phy_1/FOC_Controller.svf successfully
RUN-1003 : finish command "program_svf -svf FOC_Controller_Runs/phy_1/FOC_Controller.svf -spd 6" in  13.294644s wall, 0.140625s user + 0.015625s system = 0.156250s CPU (1.2%)

RUN-1004 : used memory is 317 MB, reserved memory is 734 MB, peak memory is 716 MB
RUN-1003 : finish command "download -bit FOC_Controller_Runs\phy_1\FOC_Controller.bit -mode program_riscv -hex2 C:\Users\15597\Desktop\sf1\FutureDynasty_workspace\foc_controller\Debug\foc_controller.hex -spd 6 -sec 64 -cable 0" in  13.570243s wall, 0.203125s user + 0.078125s system = 0.281250s CPU (2.1%)

RUN-1004 : used memory is 317 MB, reserved memory is 734 MB, peak memory is 716 MB
GUI-1001 : Downloading succeeded!
RUN-1002 : start command "download -bit FOC_Controller_Runs\phy_1\FOC_Controller.bit -mode program_riscv -hex2 C:\Users\15597\Desktop\sf1\FutureDynasty_workspace\foc_controller\Debug\foc_controller.hex -spd 6 -sec 64 -cable 0"
PRG-2014 : Chip validation success: SF1S60
PRG-2505 : ProgramSvf:  program FOC_Controller_Runs/phy_1/FOC_Controller.svf successfully
RUN-1003 : finish command "program_svf -svf FOC_Controller_Runs/phy_1/FOC_Controller.svf -spd 6" in  13.324655s wall, 0.156250s user + 0.015625s system = 0.171875s CPU (1.3%)

RUN-1004 : used memory is 169 MB, reserved memory is 733 MB, peak memory is 716 MB
RUN-1003 : finish command "download -bit FOC_Controller_Runs\phy_1\FOC_Controller.bit -mode program_riscv -hex2 C:\Users\15597\Desktop\sf1\FutureDynasty_workspace\foc_controller\Debug\foc_controller.hex -spd 6 -sec 64 -cable 0" in  13.588087s wall, 0.281250s user + 0.015625s system = 0.296875s CPU (2.2%)

RUN-1004 : used memory is 169 MB, reserved memory is 733 MB, peak memory is 716 MB
GUI-1001 : Downloading succeeded!
RUN-1002 : start command "download -bit FOC_Controller_Runs\phy_1\FOC_Controller.bit -mode program_riscv -hex2 C:\Users\15597\Desktop\sf1\FutureDynasty_workspace\foc_controller\Debug\foc_controller.hex -spd 6 -sec 64 -cable 0"
PRG-2014 : Chip validation success: SF1S60
PRG-2505 : ProgramSvf:  program FOC_Controller_Runs/phy_1/FOC_Controller.svf successfully
RUN-1003 : finish command "program_svf -svf FOC_Controller_Runs/phy_1/FOC_Controller.svf -spd 6" in  13.456044s wall, 0.312500s user + 0.031250s system = 0.343750s CPU (2.6%)

RUN-1004 : used memory is 167 MB, reserved memory is 732 MB, peak memory is 716 MB
RUN-1003 : finish command "download -bit FOC_Controller_Runs\phy_1\FOC_Controller.bit -mode program_riscv -hex2 C:\Users\15597\Desktop\sf1\FutureDynasty_workspace\foc_controller\Debug\foc_controller.hex -spd 6 -sec 64 -cable 0" in  13.744378s wall, 0.453125s user + 0.031250s system = 0.484375s CPU (3.5%)

RUN-1004 : used memory is 167 MB, reserved memory is 732 MB, peak memory is 716 MB
GUI-1001 : Downloading succeeded!
RUN-1002 : start command "download -bit FOC_Controller_Runs\phy_1\FOC_Controller.bit -mode program_riscv -hex2 C:\Users\15597\Desktop\sf1\FutureDynasty_workspace\foc_controller\Debug\foc_controller.hex -spd 6 -sec 64 -cable 0"
PRG-2014 : Chip validation success: SF1S60
PRG-2505 : ProgramSvf:  program FOC_Controller_Runs/phy_1/FOC_Controller.svf successfully
RUN-1003 : finish command "program_svf -svf FOC_Controller_Runs/phy_1/FOC_Controller.svf -spd 6" in  13.445562s wall, 0.265625s user + 0.140625s system = 0.406250s CPU (3.0%)

RUN-1004 : used memory is 164 MB, reserved memory is 734 MB, peak memory is 716 MB
RUN-1003 : finish command "download -bit FOC_Controller_Runs\phy_1\FOC_Controller.bit -mode program_riscv -hex2 C:\Users\15597\Desktop\sf1\FutureDynasty_workspace\foc_controller\Debug\foc_controller.hex -spd 6 -sec 64 -cable 0" in  13.725975s wall, 0.343750s user + 0.156250s system = 0.500000s CPU (3.6%)

RUN-1004 : used memory is 164 MB, reserved memory is 734 MB, peak memory is 716 MB
GUI-1001 : Downloading succeeded!
RUN-1002 : start command "download -bit FOC_Controller_Runs\phy_1\FOC_Controller.bit -mode program_riscv -hex2 C:\Users\15597\Desktop\sf1\FutureDynasty_workspace\foc_controller\Debug\foc_controller.hex -spd 6 -sec 64 -cable 0"
PRG-2014 : Chip validation success: SF1S60
PRG-2505 : ProgramSvf:  program FOC_Controller_Runs/phy_1/FOC_Controller.svf successfully
RUN-1003 : finish command "program_svf -svf FOC_Controller_Runs/phy_1/FOC_Controller.svf -spd 6" in  13.335832s wall, 0.203125s user + 0.062500s system = 0.265625s CPU (2.0%)

RUN-1004 : used memory is 164 MB, reserved memory is 733 MB, peak memory is 716 MB
RUN-1003 : finish command "download -bit FOC_Controller_Runs\phy_1\FOC_Controller.bit -mode program_riscv -hex2 C:\Users\15597\Desktop\sf1\FutureDynasty_workspace\foc_controller\Debug\foc_controller.hex -spd 6 -sec 64 -cable 0" in  13.594893s wall, 0.328125s user + 0.062500s system = 0.390625s CPU (2.9%)

RUN-1004 : used memory is 164 MB, reserved memory is 733 MB, peak memory is 716 MB
GUI-1001 : Downloading succeeded!
RUN-1002 : start command "download -bit FOC_Controller_Runs\phy_1\FOC_Controller.bit -mode program_riscv -hex2 C:\Users\15597\Desktop\sf1\FutureDynasty_workspace\foc_controller\Debug\foc_controller.hex -spd 6 -sec 64 -cable 0"
PRG-2014 : Chip validation success: SF1S60
PRG-2505 : ProgramSvf:  program FOC_Controller_Runs/phy_1/FOC_Controller.svf successfully
RUN-1003 : finish command "program_svf -svf FOC_Controller_Runs/phy_1/FOC_Controller.svf -spd 6" in  13.301741s wall, 0.125000s user + 0.031250s system = 0.156250s CPU (1.2%)

RUN-1004 : used memory is 164 MB, reserved memory is 733 MB, peak memory is 716 MB
RUN-1003 : finish command "download -bit FOC_Controller_Runs\phy_1\FOC_Controller.bit -mode program_riscv -hex2 C:\Users\15597\Desktop\sf1\FutureDynasty_workspace\foc_controller\Debug\foc_controller.hex -spd 6 -sec 64 -cable 0" in  13.561349s wall, 0.218750s user + 0.031250s system = 0.250000s CPU (1.8%)

RUN-1004 : used memory is 164 MB, reserved memory is 733 MB, peak memory is 716 MB
GUI-1001 : Downloading succeeded!
RUN-1002 : start command "download -bit FOC_Controller_Runs\phy_1\FOC_Controller.bit -mode program_riscv -hex2 C:\Users\15597\Desktop\sf1\FutureDynasty_workspace\foc_controller\Debug\foc_controller.hex -spd 6 -sec 64 -cable 0"
PRG-2014 : Chip validation success: SF1S60
PRG-2505 : ProgramSvf:  program FOC_Controller_Runs/phy_1/FOC_Controller.svf successfully
RUN-1003 : finish command "program_svf -svf FOC_Controller_Runs/phy_1/FOC_Controller.svf -spd 6" in  13.383370s wall, 0.156250s user + 0.046875s system = 0.203125s CPU (1.5%)

RUN-1004 : used memory is 164 MB, reserved memory is 733 MB, peak memory is 716 MB
RUN-1003 : finish command "download -bit FOC_Controller_Runs\phy_1\FOC_Controller.bit -mode program_riscv -hex2 C:\Users\15597\Desktop\sf1\FutureDynasty_workspace\foc_controller\Debug\foc_controller.hex -spd 6 -sec 64 -cable 0" in  13.653357s wall, 0.281250s user + 0.046875s system = 0.328125s CPU (2.4%)

RUN-1004 : used memory is 164 MB, reserved memory is 733 MB, peak memory is 716 MB
GUI-1001 : Downloading succeeded!
RUN-1002 : start command "download -bit FOC_Controller_Runs\phy_1\FOC_Controller.bit -mode program_riscv -hex2 C:\Users\15597\Desktop\sf1\FutureDynasty_workspace\foc_controller\Debug\foc_controller.hex -spd 6 -sec 64 -cable 0"
PRG-2014 : Chip validation success: SF1S60
PRG-2505 : ProgramSvf:  program FOC_Controller_Runs/phy_1/FOC_Controller.svf successfully
RUN-1003 : finish command "program_svf -svf FOC_Controller_Runs/phy_1/FOC_Controller.svf -spd 6" in  13.316092s wall, 0.140625s user + 0.046875s system = 0.187500s CPU (1.4%)

RUN-1004 : used memory is 163 MB, reserved memory is 732 MB, peak memory is 716 MB
RUN-1003 : finish command "download -bit FOC_Controller_Runs\phy_1\FOC_Controller.bit -mode program_riscv -hex2 C:\Users\15597\Desktop\sf1\FutureDynasty_workspace\foc_controller\Debug\foc_controller.hex -spd 6 -sec 64 -cable 0" in  13.576739s wall, 0.281250s user + 0.046875s system = 0.328125s CPU (2.4%)

RUN-1004 : used memory is 163 MB, reserved memory is 732 MB, peak memory is 716 MB
GUI-1001 : Downloading succeeded!
RUN-1002 : start command "download -bit FOC_Controller_Runs\phy_1\FOC_Controller.bit -mode program_riscv -hex2 C:\Users\15597\Desktop\sf1\FutureDynasty_workspace\foc_controller\Debug\foc_controller.hex -spd 6 -sec 64 -cable 0"
PRG-2014 : Chip validation success: SF1S60
PRG-2505 : ProgramSvf:  program FOC_Controller_Runs/phy_1/FOC_Controller.svf successfully
RUN-1003 : finish command "program_svf -svf FOC_Controller_Runs/phy_1/FOC_Controller.svf -spd 6" in  13.367108s wall, 0.187500s user + 0.031250s system = 0.218750s CPU (1.6%)

RUN-1004 : used memory is 163 MB, reserved memory is 732 MB, peak memory is 716 MB
RUN-1003 : finish command "download -bit FOC_Controller_Runs\phy_1\FOC_Controller.bit -mode program_riscv -hex2 C:\Users\15597\Desktop\sf1\FutureDynasty_workspace\foc_controller\Debug\foc_controller.hex -spd 6 -sec 64 -cable 0" in  13.624562s wall, 0.312500s user + 0.031250s system = 0.343750s CPU (2.5%)

RUN-1004 : used memory is 163 MB, reserved memory is 732 MB, peak memory is 716 MB
GUI-1001 : Downloading succeeded!
RUN-1002 : start command "download -bit FOC_Controller_Runs\phy_1\FOC_Controller.bit -mode program_riscv -hex2 C:\Users\15597\Desktop\sf1\FutureDynasty_workspace\foc_controller\Debug\foc_controller.hex -spd 6 -sec 64 -cable 0"
PRG-2014 : Chip validation success: SF1S60
PRG-2505 : ProgramSvf:  program FOC_Controller_Runs/phy_1/FOC_Controller.svf successfully
RUN-1003 : finish command "program_svf -svf FOC_Controller_Runs/phy_1/FOC_Controller.svf -spd 6" in  13.260306s wall, 0.187500s user + 0.031250s system = 0.218750s CPU (1.6%)

RUN-1004 : used memory is 165 MB, reserved memory is 733 MB, peak memory is 716 MB
RUN-1003 : finish command "download -bit FOC_Controller_Runs\phy_1\FOC_Controller.bit -mode program_riscv -hex2 C:\Users\15597\Desktop\sf1\FutureDynasty_workspace\foc_controller\Debug\foc_controller.hex -spd 6 -sec 64 -cable 0" in  13.537924s wall, 0.343750s user + 0.031250s system = 0.375000s CPU (2.8%)

RUN-1004 : used memory is 165 MB, reserved memory is 733 MB, peak memory is 716 MB
GUI-1001 : Downloading succeeded!
RUN-1002 : start command "download -bit FOC_Controller_Runs\phy_1\FOC_Controller.bit -mode program_riscv -hex2 C:\Users\15597\Desktop\sf1\FutureDynasty_workspace\foc_controller\Debug\foc_controller.hex -spd 6 -sec 64 -cable 0"
PRG-2014 : Chip validation success: SF1S60
PRG-2505 : ProgramSvf:  program FOC_Controller_Runs/phy_1/FOC_Controller.svf successfully
RUN-1003 : finish command "program_svf -svf FOC_Controller_Runs/phy_1/FOC_Controller.svf -spd 6" in  13.321398s wall, 0.140625s user + 0.062500s system = 0.203125s CPU (1.5%)

RUN-1004 : used memory is 165 MB, reserved memory is 733 MB, peak memory is 716 MB
RUN-1003 : finish command "download -bit FOC_Controller_Runs\phy_1\FOC_Controller.bit -mode program_riscv -hex2 C:\Users\15597\Desktop\sf1\FutureDynasty_workspace\foc_controller\Debug\foc_controller.hex -spd 6 -sec 64 -cable 0" in  13.581783s wall, 0.296875s user + 0.062500s system = 0.359375s CPU (2.6%)

RUN-1004 : used memory is 165 MB, reserved memory is 733 MB, peak memory is 716 MB
GUI-1001 : Downloading succeeded!
RUN-1002 : start command "download -bit FOC_Controller_Runs\phy_1\FOC_Controller.bit -mode program_riscv -hex2 C:\Users\15597\Desktop\sf1\FutureDynasty_workspace\foc_controller\Debug\foc_controller.hex -spd 6 -sec 64 -cable 0"
PRG-2014 : Chip validation success: SF1S60
PRG-2505 : ProgramSvf:  program FOC_Controller_Runs/phy_1/FOC_Controller.svf successfully
RUN-1003 : finish command "program_svf -svf FOC_Controller_Runs/phy_1/FOC_Controller.svf -spd 6" in  13.345274s wall, 0.171875s user + 0.031250s system = 0.203125s CPU (1.5%)

RUN-1004 : used memory is 165 MB, reserved memory is 733 MB, peak memory is 716 MB
RUN-1003 : finish command "download -bit FOC_Controller_Runs\phy_1\FOC_Controller.bit -mode program_riscv -hex2 C:\Users\15597\Desktop\sf1\FutureDynasty_workspace\foc_controller\Debug\foc_controller.hex -spd 6 -sec 64 -cable 0" in  13.590875s wall, 0.265625s user + 0.062500s system = 0.328125s CPU (2.4%)

RUN-1004 : used memory is 165 MB, reserved memory is 733 MB, peak memory is 716 MB
GUI-1001 : Downloading succeeded!
RUN-1002 : start command "download -bit FOC_Controller_Runs\phy_1\FOC_Controller.bit -mode program_riscv -hex2 C:\Users\15597\Desktop\sf1\FutureDynasty_workspace\foc_controller\Debug\foc_controller.hex -spd 6 -sec 64 -cable 0"
PRG-2014 : Chip validation success: SF1S60
PRG-2505 : ProgramSvf:  program FOC_Controller_Runs/phy_1/FOC_Controller.svf successfully
RUN-1003 : finish command "program_svf -svf FOC_Controller_Runs/phy_1/FOC_Controller.svf -spd 6" in  13.300726s wall, 0.156250s user + 0.031250s system = 0.187500s CPU (1.4%)

RUN-1004 : used memory is 163 MB, reserved memory is 733 MB, peak memory is 716 MB
RUN-1003 : finish command "download -bit FOC_Controller_Runs\phy_1\FOC_Controller.bit -mode program_riscv -hex2 C:\Users\15597\Desktop\sf1\FutureDynasty_workspace\foc_controller\Debug\foc_controller.hex -spd 6 -sec 64 -cable 0" in  13.584844s wall, 0.296875s user + 0.031250s system = 0.328125s CPU (2.4%)

RUN-1004 : used memory is 163 MB, reserved memory is 733 MB, peak memory is 716 MB
GUI-1001 : Downloading succeeded!
RUN-1002 : start command "download -bit FOC_Controller_Runs\phy_1\FOC_Controller.bit -mode program_riscv -hex2 C:\Users\15597\Desktop\sf1\FutureDynasty_workspace\foc_controller\Debug\foc_controller.hex -spd 6 -sec 64 -cable 0"
PRG-2014 : Chip validation success: SF1S60
PRG-2505 : ProgramSvf:  program FOC_Controller_Runs/phy_1/FOC_Controller.svf successfully
RUN-1003 : finish command "program_svf -svf FOC_Controller_Runs/phy_1/FOC_Controller.svf -spd 6" in  13.326620s wall, 0.187500s user + 0.015625s system = 0.203125s CPU (1.5%)

RUN-1004 : used memory is 163 MB, reserved memory is 733 MB, peak memory is 716 MB
RUN-1003 : finish command "download -bit FOC_Controller_Runs\phy_1\FOC_Controller.bit -mode program_riscv -hex2 C:\Users\15597\Desktop\sf1\FutureDynasty_workspace\foc_controller\Debug\foc_controller.hex -spd 6 -sec 64 -cable 0" in  13.626336s wall, 0.343750s user + 0.015625s system = 0.359375s CPU (2.6%)

RUN-1004 : used memory is 163 MB, reserved memory is 733 MB, peak memory is 716 MB
GUI-1001 : Downloading succeeded!
RUN-1002 : start command "download -bit FOC_Controller_Runs\phy_1\FOC_Controller.bit -mode program_riscv -hex2 C:\Users\15597\Desktop\sf1\FutureDynasty_workspace\foc_controller\Debug\foc_controller.hex -spd 6 -sec 64 -cable 0"
PRG-2014 : Chip validation success: SF1S60
PRG-2505 : ProgramSvf:  program FOC_Controller_Runs/phy_1/FOC_Controller.svf successfully
RUN-1003 : finish command "program_svf -svf FOC_Controller_Runs/phy_1/FOC_Controller.svf -spd 6" in  13.340301s wall, 0.156250s user + 0.015625s system = 0.171875s CPU (1.3%)

RUN-1004 : used memory is 164 MB, reserved memory is 733 MB, peak memory is 716 MB
RUN-1003 : finish command "download -bit FOC_Controller_Runs\phy_1\FOC_Controller.bit -mode program_riscv -hex2 C:\Users\15597\Desktop\sf1\FutureDynasty_workspace\foc_controller\Debug\foc_controller.hex -spd 6 -sec 64 -cable 0" in  13.630944s wall, 0.328125s user + 0.031250s system = 0.359375s CPU (2.6%)

RUN-1004 : used memory is 164 MB, reserved memory is 733 MB, peak memory is 716 MB
GUI-1001 : Downloading succeeded!
RUN-1002 : start command "download -bit FOC_Controller_Runs\phy_1\FOC_Controller.bit -mode program_riscv -hex2 C:\Users\15597\Desktop\sf1\FutureDynasty_workspace\foc_controller\Debug\foc_controller.hex -spd 6 -sec 64 -cable 0"
PRG-2014 : Chip validation success: SF1S60
PRG-2505 : ProgramSvf:  program FOC_Controller_Runs/phy_1/FOC_Controller.svf successfully
RUN-1003 : finish command "program_svf -svf FOC_Controller_Runs/phy_1/FOC_Controller.svf -spd 6" in  13.352170s wall, 0.203125s user + 0.015625s system = 0.218750s CPU (1.6%)

RUN-1004 : used memory is 165 MB, reserved memory is 734 MB, peak memory is 716 MB
RUN-1003 : finish command "download -bit FOC_Controller_Runs\phy_1\FOC_Controller.bit -mode program_riscv -hex2 C:\Users\15597\Desktop\sf1\FutureDynasty_workspace\foc_controller\Debug\foc_controller.hex -spd 6 -sec 64 -cable 0" in  13.658083s wall, 0.359375s user + 0.015625s system = 0.375000s CPU (2.7%)

RUN-1004 : used memory is 165 MB, reserved memory is 734 MB, peak memory is 716 MB
GUI-1001 : Downloading succeeded!
RUN-1002 : start command "download -bit FOC_Controller_Runs\phy_1\FOC_Controller.bit -mode program_riscv -hex2 C:\Users\15597\Desktop\sf1\FutureDynasty_workspace\foc_controller\Debug\foc_controller.hex -spd 6 -sec 64 -cable 0"
PRG-2014 : Chip validation success: SF1S60
PRG-2505 : ProgramSvf:  program FOC_Controller_Runs/phy_1/FOC_Controller.svf successfully
RUN-1003 : finish command "program_svf -svf FOC_Controller_Runs/phy_1/FOC_Controller.svf -spd 6" in  13.303177s wall, 0.125000s user + 0.078125s system = 0.203125s CPU (1.5%)

RUN-1004 : used memory is 165 MB, reserved memory is 733 MB, peak memory is 716 MB
RUN-1003 : finish command "download -bit FOC_Controller_Runs\phy_1\FOC_Controller.bit -mode program_riscv -hex2 C:\Users\15597\Desktop\sf1\FutureDynasty_workspace\foc_controller\Debug\foc_controller.hex -spd 6 -sec 64 -cable 0" in  13.554683s wall, 0.250000s user + 0.093750s system = 0.343750s CPU (2.5%)

RUN-1004 : used memory is 165 MB, reserved memory is 733 MB, peak memory is 716 MB
GUI-1001 : Downloading succeeded!
RUN-1002 : start command "download -bit FOC_Controller_Runs\phy_1\FOC_Controller.bit -mode program_riscv -hex2 C:\Users\15597\Desktop\sf1\FutureDynasty_workspace\foc_controller\Debug\foc_controller.hex -spd 6 -sec 64 -cable 0"
PRG-2014 : Chip validation success: SF1S60
PRG-2505 : ProgramSvf:  program FOC_Controller_Runs/phy_1/FOC_Controller.svf successfully
RUN-1003 : finish command "program_svf -svf FOC_Controller_Runs/phy_1/FOC_Controller.svf -spd 6" in  13.448799s wall, 0.312500s user + 0.125000s system = 0.437500s CPU (3.3%)

RUN-1004 : used memory is 166 MB, reserved memory is 733 MB, peak memory is 716 MB
RUN-1003 : finish command "download -bit FOC_Controller_Runs\phy_1\FOC_Controller.bit -mode program_riscv -hex2 C:\Users\15597\Desktop\sf1\FutureDynasty_workspace\foc_controller\Debug\foc_controller.hex -spd 6 -sec 64 -cable 0" in  13.743101s wall, 0.437500s user + 0.156250s system = 0.593750s CPU (4.3%)

RUN-1004 : used memory is 166 MB, reserved memory is 733 MB, peak memory is 716 MB
GUI-1001 : Downloading succeeded!
RUN-1002 : start command "download -bit FOC_Controller_Runs\phy_1\FOC_Controller.bit -mode program_riscv -hex2 C:\Users\15597\Desktop\sf1\FutureDynasty_workspace\foc_controller\Debug\foc_controller.hex -spd 6 -sec 64 -cable 0"
PRG-2014 : Chip validation success: SF1S60
PRG-2505 : ProgramSvf:  program FOC_Controller_Runs/phy_1/FOC_Controller.svf successfully
RUN-1003 : finish command "program_svf -svf FOC_Controller_Runs/phy_1/FOC_Controller.svf -spd 6" in  13.330638s wall, 0.218750s user + 0.015625s system = 0.234375s CPU (1.8%)

RUN-1004 : used memory is 160 MB, reserved memory is 733 MB, peak memory is 716 MB
RUN-1003 : finish command "download -bit FOC_Controller_Runs\phy_1\FOC_Controller.bit -mode program_riscv -hex2 C:\Users\15597\Desktop\sf1\FutureDynasty_workspace\foc_controller\Debug\foc_controller.hex -spd 6 -sec 64 -cable 0" in  13.581572s wall, 0.296875s user + 0.031250s system = 0.328125s CPU (2.4%)

RUN-1004 : used memory is 160 MB, reserved memory is 733 MB, peak memory is 716 MB
GUI-1001 : Downloading succeeded!
RUN-1002 : start command "download -bit FOC_Controller_Runs\phy_1\FOC_Controller.bit -mode program_riscv -hex2 C:\Users\15597\Desktop\sf1\FutureDynasty_workspace\foc_controller\Debug\foc_controller.hex -spd 6 -sec 64 -cable 0"
PRG-2014 : Chip validation success: SF1S60
PRG-2505 : ProgramSvf:  program FOC_Controller_Runs/phy_1/FOC_Controller.svf successfully
RUN-1003 : finish command "program_svf -svf FOC_Controller_Runs/phy_1/FOC_Controller.svf -spd 6" in  13.772817s wall, 0.203125s user + 0.062500s system = 0.265625s CPU (1.9%)

RUN-1004 : used memory is 156 MB, reserved memory is 732 MB, peak memory is 716 MB
RUN-1003 : finish command "download -bit FOC_Controller_Runs\phy_1\FOC_Controller.bit -mode program_riscv -hex2 C:\Users\15597\Desktop\sf1\FutureDynasty_workspace\foc_controller\Debug\foc_controller.hex -spd 6 -sec 64 -cable 0" in  14.036557s wall, 0.343750s user + 0.078125s system = 0.421875s CPU (3.0%)

RUN-1004 : used memory is 156 MB, reserved memory is 732 MB, peak memory is 716 MB
GUI-1001 : Downloading succeeded!
RUN-1002 : start command "download -bit FOC_Controller_Runs\phy_1\FOC_Controller.bit -mode program_riscv -hex2 C:\Users\15597\Desktop\sf1\FutureDynasty_workspace\foc_controller\Debug\foc_controller.hex -spd 6 -sec 64 -cable 0"
PRG-2014 : Chip validation success: SF1S60
PRG-2505 : ProgramSvf:  program FOC_Controller_Runs/phy_1/FOC_Controller.svf successfully
RUN-1003 : finish command "program_svf -svf FOC_Controller_Runs/phy_1/FOC_Controller.svf -spd 6" in  13.780277s wall, 0.203125s user + 0.062500s system = 0.265625s CPU (1.9%)

RUN-1004 : used memory is 185 MB, reserved memory is 734 MB, peak memory is 716 MB
RUN-1003 : finish command "download -bit FOC_Controller_Runs\phy_1\FOC_Controller.bit -mode program_riscv -hex2 C:\Users\15597\Desktop\sf1\FutureDynasty_workspace\foc_controller\Debug\foc_controller.hex -spd 6 -sec 64 -cable 0" in  14.043928s wall, 0.281250s user + 0.062500s system = 0.343750s CPU (2.4%)

RUN-1004 : used memory is 185 MB, reserved memory is 734 MB, peak memory is 716 MB
GUI-1001 : Downloading succeeded!
RUN-1002 : start command "download -bit FOC_Controller_Runs\phy_1\FOC_Controller.bit -mode program_riscv -hex2 C:\Users\15597\Desktop\sf1\FutureDynasty_workspace\foc_controller\Debug\foc_controller.hex -spd 6 -sec 64 -cable 0"
PRG-2014 : Chip validation success: SF1S60
PRG-2505 : ProgramSvf:  program FOC_Controller_Runs/phy_1/FOC_Controller.svf successfully
RUN-1003 : finish command "program_svf -svf FOC_Controller_Runs/phy_1/FOC_Controller.svf -spd 6" in  13.755548s wall, 0.156250s user + 0.062500s system = 0.218750s CPU (1.6%)

RUN-1004 : used memory is 182 MB, reserved memory is 734 MB, peak memory is 716 MB
RUN-1003 : finish command "download -bit FOC_Controller_Runs\phy_1\FOC_Controller.bit -mode program_riscv -hex2 C:\Users\15597\Desktop\sf1\FutureDynasty_workspace\foc_controller\Debug\foc_controller.hex -spd 6 -sec 64 -cable 0" in  14.013111s wall, 0.296875s user + 0.062500s system = 0.359375s CPU (2.6%)

RUN-1004 : used memory is 182 MB, reserved memory is 734 MB, peak memory is 716 MB
GUI-1001 : Downloading succeeded!
RUN-1002 : start command "download -bit FOC_Controller_Runs\phy_1\FOC_Controller.bit -mode program_riscv -hex2 C:\Users\15597\Desktop\sf1\FutureDynasty_workspace\foc_controller\Debug\foc_controller.hex -spd 6 -sec 64 -cable 0"
PRG-2014 : Chip validation success: SF1S60
PRG-2505 : ProgramSvf:  program FOC_Controller_Runs/phy_1/FOC_Controller.svf successfully
RUN-1003 : finish command "program_svf -svf FOC_Controller_Runs/phy_1/FOC_Controller.svf -spd 6" in  13.754243s wall, 0.140625s user + 0.062500s system = 0.203125s CPU (1.5%)

RUN-1004 : used memory is 182 MB, reserved memory is 734 MB, peak memory is 716 MB
RUN-1003 : finish command "download -bit FOC_Controller_Runs\phy_1\FOC_Controller.bit -mode program_riscv -hex2 C:\Users\15597\Desktop\sf1\FutureDynasty_workspace\foc_controller\Debug\foc_controller.hex -spd 6 -sec 64 -cable 0" in  14.011560s wall, 0.281250s user + 0.062500s system = 0.343750s CPU (2.5%)

RUN-1004 : used memory is 182 MB, reserved memory is 734 MB, peak memory is 716 MB
GUI-1001 : Downloading succeeded!
RUN-1002 : start command "download -bit FOC_Controller_Runs\phy_1\FOC_Controller.bit -mode program_riscv -hex2 C:\Users\15597\Desktop\sf1\FutureDynasty_workspace\foc_controller\Debug\foc_controller.hex -spd 6 -sec 64 -cable 0"
PRG-2014 : Chip validation success: SF1S60
PRG-2505 : ProgramSvf:  program FOC_Controller_Runs/phy_1/FOC_Controller.svf successfully
RUN-1003 : finish command "program_svf -svf FOC_Controller_Runs/phy_1/FOC_Controller.svf -spd 6" in  13.718000s wall, 0.093750s user + 0.062500s system = 0.156250s CPU (1.1%)

RUN-1004 : used memory is 181 MB, reserved memory is 734 MB, peak memory is 716 MB
RUN-1003 : finish command "download -bit FOC_Controller_Runs\phy_1\FOC_Controller.bit -mode program_riscv -hex2 C:\Users\15597\Desktop\sf1\FutureDynasty_workspace\foc_controller\Debug\foc_controller.hex -spd 6 -sec 64 -cable 0" in  14.008620s wall, 0.234375s user + 0.062500s system = 0.296875s CPU (2.1%)

RUN-1004 : used memory is 181 MB, reserved memory is 734 MB, peak memory is 716 MB
GUI-1001 : Downloading succeeded!
RUN-1002 : start command "download -bit FOC_Controller_Runs\phy_1\FOC_Controller.bit -mode program_riscv -hex2 C:\Users\15597\Desktop\sf1\FutureDynasty_workspace\foc_controller\Debug\foc_controller.hex -spd 6 -sec 64 -cable 0"
PRG-2014 : Chip validation success: SF1S60
PRG-2505 : ProgramSvf:  program FOC_Controller_Runs/phy_1/FOC_Controller.svf successfully
RUN-1003 : finish command "program_svf -svf FOC_Controller_Runs/phy_1/FOC_Controller.svf -spd 6" in  13.737039s wall, 0.156250s user + 0.031250s system = 0.187500s CPU (1.4%)

RUN-1004 : used memory is 180 MB, reserved memory is 734 MB, peak memory is 716 MB
RUN-1003 : finish command "download -bit FOC_Controller_Runs\phy_1\FOC_Controller.bit -mode program_riscv -hex2 C:\Users\15597\Desktop\sf1\FutureDynasty_workspace\foc_controller\Debug\foc_controller.hex -spd 6 -sec 64 -cable 0" in  13.997652s wall, 0.296875s user + 0.031250s system = 0.328125s CPU (2.3%)

RUN-1004 : used memory is 180 MB, reserved memory is 734 MB, peak memory is 716 MB
GUI-1001 : Downloading succeeded!
RUN-1002 : start command "download -bit FOC_Controller_Runs\phy_1\FOC_Controller.bit -mode program_riscv -hex2 C:\Users\15597\Desktop\sf1\FutureDynasty_workspace\foc_controller\Debug\foc_controller.hex -spd 6 -sec 64 -cable 0"
PRG-2014 : Chip validation success: SF1S60
PRG-2505 : ProgramSvf:  program FOC_Controller_Runs/phy_1/FOC_Controller.svf successfully
RUN-1003 : finish command "program_svf -svf FOC_Controller_Runs/phy_1/FOC_Controller.svf -spd 6" in  13.781107s wall, 0.156250s user + 0.015625s system = 0.171875s CPU (1.2%)

RUN-1004 : used memory is 180 MB, reserved memory is 734 MB, peak memory is 716 MB
RUN-1003 : finish command "download -bit FOC_Controller_Runs\phy_1\FOC_Controller.bit -mode program_riscv -hex2 C:\Users\15597\Desktop\sf1\FutureDynasty_workspace\foc_controller\Debug\foc_controller.hex -spd 6 -sec 64 -cable 0" in  14.088962s wall, 0.343750s user + 0.015625s system = 0.359375s CPU (2.6%)

RUN-1004 : used memory is 180 MB, reserved memory is 734 MB, peak memory is 716 MB
GUI-1001 : Downloading succeeded!
RUN-1002 : start command "download -bit FOC_Controller_Runs\phy_1\FOC_Controller.bit -mode program_riscv -hex2 C:\Users\15597\Desktop\sf1\FutureDynasty_workspace\foc_controller\Debug\foc_controller.hex -spd 6 -sec 64 -cable 0"
PRG-2014 : Chip validation success: SF1S60
PRG-2505 : ProgramSvf:  program FOC_Controller_Runs/phy_1/FOC_Controller.svf successfully
RUN-1003 : finish command "program_svf -svf FOC_Controller_Runs/phy_1/FOC_Controller.svf -spd 6" in  13.824338s wall, 0.171875s user + 0.109375s system = 0.281250s CPU (2.0%)

RUN-1004 : used memory is 181 MB, reserved memory is 734 MB, peak memory is 716 MB
RUN-1003 : finish command "download -bit FOC_Controller_Runs\phy_1\FOC_Controller.bit -mode program_riscv -hex2 C:\Users\15597\Desktop\sf1\FutureDynasty_workspace\foc_controller\Debug\foc_controller.hex -spd 6 -sec 64 -cable 0" in  14.086084s wall, 0.281250s user + 0.109375s system = 0.390625s CPU (2.8%)

RUN-1004 : used memory is 181 MB, reserved memory is 734 MB, peak memory is 716 MB
GUI-1001 : Downloading succeeded!
RUN-1002 : start command "download -bit FOC_Controller_Runs\phy_1\FOC_Controller.bit -mode program_riscv -hex2 C:\Users\15597\Desktop\sf1\FutureDynasty_workspace\foc_controller\Debug\foc_controller.hex -spd 6 -sec 64 -cable 0"
PRG-2014 : Chip validation success: SF1S60
PRG-2505 : ProgramSvf:  program FOC_Controller_Runs/phy_1/FOC_Controller.svf successfully
RUN-1003 : finish command "program_svf -svf FOC_Controller_Runs/phy_1/FOC_Controller.svf -spd 6" in  13.441689s wall, 0.140625s user + 0.062500s system = 0.203125s CPU (1.5%)

RUN-1004 : used memory is 181 MB, reserved memory is 732 MB, peak memory is 716 MB
RUN-1003 : finish command "download -bit FOC_Controller_Runs\phy_1\FOC_Controller.bit -mode program_riscv -hex2 C:\Users\15597\Desktop\sf1\FutureDynasty_workspace\foc_controller\Debug\foc_controller.hex -spd 6 -sec 64 -cable 0" in  13.691731s wall, 0.218750s user + 0.093750s system = 0.312500s CPU (2.3%)

RUN-1004 : used memory is 181 MB, reserved memory is 732 MB, peak memory is 716 MB
GUI-1001 : Downloading succeeded!
RUN-1002 : start command "download -bit FOC_Controller_Runs\phy_1\FOC_Controller.bit -mode program_riscv -hex2 C:\Users\15597\Desktop\sf1\FutureDynasty_workspace\foc_controller\Debug\foc_controller.hex -spd 6 -sec 64 -cable 0"
PRG-2014 : Chip validation success: SF1S60
PRG-2505 : ProgramSvf:  program FOC_Controller_Runs/phy_1/FOC_Controller.svf successfully
RUN-1003 : finish command "program_svf -svf FOC_Controller_Runs/phy_1/FOC_Controller.svf -spd 6" in  13.417617s wall, 0.171875s user + 0.031250s system = 0.203125s CPU (1.5%)

RUN-1004 : used memory is 182 MB, reserved memory is 734 MB, peak memory is 716 MB
RUN-1003 : finish command "download -bit FOC_Controller_Runs\phy_1\FOC_Controller.bit -mode program_riscv -hex2 C:\Users\15597\Desktop\sf1\FutureDynasty_workspace\foc_controller\Debug\foc_controller.hex -spd 6 -sec 64 -cable 0" in  13.700200s wall, 0.312500s user + 0.031250s system = 0.343750s CPU (2.5%)

RUN-1004 : used memory is 182 MB, reserved memory is 734 MB, peak memory is 716 MB
GUI-1001 : Downloading succeeded!
RUN-1002 : start command "download -bit FOC_Controller_Runs\phy_1\FOC_Controller.bit -mode program_riscv -hex2 C:\Users\15597\Desktop\sf1\FutureDynasty_workspace\foc_controller\Debug\foc_controller.hex -spd 6 -sec 64 -cable 0"
PRG-2014 : Chip validation success: SF1S60
PRG-2505 : ProgramSvf:  program FOC_Controller_Runs/phy_1/FOC_Controller.svf successfully
RUN-1003 : finish command "program_svf -svf FOC_Controller_Runs/phy_1/FOC_Controller.svf -spd 6" in  13.351284s wall, 0.218750s user + 0.078125s system = 0.296875s CPU (2.2%)

RUN-1004 : used memory is 177 MB, reserved memory is 732 MB, peak memory is 716 MB
RUN-1003 : finish command "download -bit FOC_Controller_Runs\phy_1\FOC_Controller.bit -mode program_riscv -hex2 C:\Users\15597\Desktop\sf1\FutureDynasty_workspace\foc_controller\Debug\foc_controller.hex -spd 6 -sec 64 -cable 0" in  13.611213s wall, 0.343750s user + 0.078125s system = 0.421875s CPU (3.1%)

RUN-1004 : used memory is 177 MB, reserved memory is 732 MB, peak memory is 716 MB
GUI-1001 : Downloading succeeded!
RUN-1002 : start command "download -bit FOC_Controller_Runs\phy_1\FOC_Controller.bit -mode program_riscv -hex2 C:\Users\15597\Desktop\sf1\FutureDynasty_workspace\foc_controller\Debug\foc_controller.hex -spd 6 -sec 64 -cable 0"
PRG-2014 : Chip validation success: SF1S60
PRG-2505 : ProgramSvf:  program FOC_Controller_Runs/phy_1/FOC_Controller.svf successfully
RUN-1003 : finish command "program_svf -svf FOC_Controller_Runs/phy_1/FOC_Controller.svf -spd 6" in  13.390478s wall, 0.140625s user + 0.046875s system = 0.187500s CPU (1.4%)

RUN-1004 : used memory is 179 MB, reserved memory is 734 MB, peak memory is 716 MB
RUN-1003 : finish command "download -bit FOC_Controller_Runs\phy_1\FOC_Controller.bit -mode program_riscv -hex2 C:\Users\15597\Desktop\sf1\FutureDynasty_workspace\foc_controller\Debug\foc_controller.hex -spd 6 -sec 64 -cable 0" in  13.663041s wall, 0.265625s user + 0.093750s system = 0.359375s CPU (2.6%)

RUN-1004 : used memory is 179 MB, reserved memory is 734 MB, peak memory is 716 MB
GUI-1001 : Downloading succeeded!
RUN-1002 : start command "download -bit FOC_Controller_Runs\phy_1\FOC_Controller.bit -mode program_riscv -hex2 C:\Users\15597\Desktop\sf1\FutureDynasty_workspace\foc_controller\Debug\foc_controller.hex -spd 6 -sec 64 -cable 0"
PRG-2014 : Chip validation success: SF1S60
PRG-2505 : ProgramSvf:  program FOC_Controller_Runs/phy_1/FOC_Controller.svf successfully
RUN-1003 : finish command "program_svf -svf FOC_Controller_Runs/phy_1/FOC_Controller.svf -spd 6" in  13.415523s wall, 0.156250s user + 0.015625s system = 0.171875s CPU (1.3%)

RUN-1004 : used memory is 178 MB, reserved memory is 732 MB, peak memory is 716 MB
RUN-1003 : finish command "download -bit FOC_Controller_Runs\phy_1\FOC_Controller.bit -mode program_riscv -hex2 C:\Users\15597\Desktop\sf1\FutureDynasty_workspace\foc_controller\Debug\foc_controller.hex -spd 6 -sec 64 -cable 0" in  13.677506s wall, 0.296875s user + 0.015625s system = 0.312500s CPU (2.3%)

RUN-1004 : used memory is 178 MB, reserved memory is 732 MB, peak memory is 716 MB
GUI-1001 : Downloading succeeded!
RUN-1002 : start command "download -bit FOC_Controller_Runs\phy_1\FOC_Controller.bit -mode program_riscv -hex2 C:\Users\15597\Desktop\sf1\FutureDynasty_workspace\foc_controller\Debug\foc_controller.hex -spd 6 -sec 64 -cable 0"
PRG-2014 : Chip validation success: SF1S60
PRG-2505 : ProgramSvf:  program FOC_Controller_Runs/phy_1/FOC_Controller.svf successfully
RUN-1003 : finish command "program_svf -svf FOC_Controller_Runs/phy_1/FOC_Controller.svf -spd 6" in  13.533398s wall, 0.312500s user + 0.046875s system = 0.359375s CPU (2.7%)

RUN-1004 : used memory is 151 MB, reserved memory is 733 MB, peak memory is 716 MB
RUN-1003 : finish command "download -bit FOC_Controller_Runs\phy_1\FOC_Controller.bit -mode program_riscv -hex2 C:\Users\15597\Desktop\sf1\FutureDynasty_workspace\foc_controller\Debug\foc_controller.hex -spd 6 -sec 64 -cable 0" in  13.800136s wall, 0.406250s user + 0.046875s system = 0.453125s CPU (3.3%)

RUN-1004 : used memory is 151 MB, reserved memory is 733 MB, peak memory is 716 MB
GUI-1001 : Downloading succeeded!
RUN-1002 : start command "download -bit FOC_Controller_Runs\phy_1\FOC_Controller.bit -mode program_riscv -hex2 C:\Users\15597\Desktop\sf1\FutureDynasty_workspace\foc_controller\Debug\foc_controller.hex -spd 6 -sec 64 -cable 0"
PRG-2014 : Chip validation success: SF1S60
PRG-2505 : ProgramSvf:  program FOC_Controller_Runs/phy_1/FOC_Controller.svf successfully
RUN-1003 : finish command "program_svf -svf FOC_Controller_Runs/phy_1/FOC_Controller.svf -spd 6" in  13.362710s wall, 0.187500s user + 0.093750s system = 0.281250s CPU (2.1%)

RUN-1004 : used memory is 151 MB, reserved memory is 734 MB, peak memory is 716 MB
RUN-1003 : finish command "download -bit FOC_Controller_Runs\phy_1\FOC_Controller.bit -mode program_riscv -hex2 C:\Users\15597\Desktop\sf1\FutureDynasty_workspace\foc_controller\Debug\foc_controller.hex -spd 6 -sec 64 -cable 0" in  13.612609s wall, 0.312500s user + 0.109375s system = 0.421875s CPU (3.1%)

RUN-1004 : used memory is 151 MB, reserved memory is 734 MB, peak memory is 716 MB
GUI-1001 : Downloading succeeded!
