============================================================
   Tang Dynasty, V5.6.71036
      Copyright (c) 2012-2023 Anlogic Inc.
   Executable = D:/Anlogic/TD5.6.2/bin/td.exe
   Built at =   20:34:38 Mar 21 2023
   Run by =     15597
   Run Date =   Sat Nov 11 16:07:48 2023

   Run on =     XR097-DELL-G7
============================================================
RUN-1001 : open_run phy_1.
RUN-1002 : start command "import_db C:/Users/15597/Desktop/sf1/MyProject/FOC_Controller/FOC_Controller_Runs/phy_1/FOC_Controller_pr.db"
RUN-1001 : Importing database generated by Tang Dynasty, V5.6.71036.
RUN-1001 : Database version number 46146.
RUN-1001 : Import flow parameters
PHY-1001 : Generate detailed routing grids ...
PHY-1001 : Generate nets ...
PHY-1001 : net I_clk_25m_dup_1 will be routed on clock mesh
PHY-5010 WARNING: Net u_ahb_foc_controller/I_ahb_hsize[2] is skipped due to 0 input or output
PHY-5010 WARNING: Net u_ahb_foc_controller/I_ahb_hsize[1] is skipped due to 0 input or output
PHY-5010 WARNING: Net u_ahb_foc_controller/I_ahb_hsize[0] is skipped due to 0 input or output
PHY-1001 : clock net u_ahb_foc_controller/u_foc_controller/S_angle_position_clk_syn_4 will be merged with clock u_ahb_foc_controller/u_foc_controller/S_angle_position_clk
PHY-1001 : clock net u_ahb_foc_controller/u_foc_controller/S_angle_velocity_clk_syn_4 will be merged with clock u_ahb_foc_controller/u_foc_controller/S_angle_velocity_clk
PHY-1001 : net u_ahb_foc_controller/u_foc_controller/u_adc_ad7928/clk will be routed on clock mesh
PHY-1001 : clock net u_mcu/hclk will be merged with clock u_pll/clk0_buf
PHY-1001 : clock net u_ahb_foc_controller/u_foc_controller/u_foc_top/O_init_done_syn_10 will be merged with clock u_ahb_foc_controller/u_foc_controller/u_foc_top/O_init_done
PHY-5010 WARNING: Net u_ahb_foc_controller/I_ahb_hsize[2] is skipped due to 0 input or output
PHY-5010 WARNING: Net u_ahb_foc_controller/I_ahb_hsize[1] is skipped due to 0 input or output
PHY-5010 WARNING: Net u_ahb_foc_controller/I_ahb_hsize[0] is skipped due to 0 input or output
PHY-1001 : eco open net = 0
PHY-5014 WARNING: Detail route doesn't find pib for u_pll/pll_inst.frac_offset_valid[0]
PHY-5014 WARNING: Detail route doesn't find pib for u_pll/pll_inst.dsm_refclk[0]
PHY-5014 WARNING: Detail route doesn't find pib for u_pll/pll_inst.dsm_rst[0]
PHY-5014 WARNING: Detail route doesn't find pib for u_pll/pll_inst.ssc_en[0]
PHY-1001 : 461 feed throughs used by 239 nets
RUN-1001 : Import IO constraints
RUN-1001 : Import Inst constraints
RUN-1001 : Import design success TD_VERSION=5.6.71036 , DB_VERSION=46146
RUN-1003 : finish command "import_db C:/Users/15597/Desktop/sf1/MyProject/FOC_Controller/FOC_Controller_Runs/phy_1/FOC_Controller_pr.db" in  5.438353s wall, 2.484375s user + 0.031250s system = 2.515625s CPU (46.3%)

RUN-1004 : used memory is 525 MB, reserved memory is 459 MB, peak memory is 560 MB
RUN-1002 : start command "download -bit FOC_Controller_Runs\phy_1\FOC_Controller.bit -mode program_riscv -hex2 C:\Users\15597\Desktop\sf1\FutureDynasty_workspace\foc_controller\Debug\foc_controller.hex -spd 6 -sec 64 -cable 0"
PRG-2014 : Chip validation success: SF1S60
PRG-2505 : ProgramSvf:  program FOC_Controller_Runs/phy_1/FOC_Controller.svf successfully
RUN-1003 : finish command "program_svf -svf FOC_Controller_Runs/phy_1/FOC_Controller.svf -spd 6" in  13.275595s wall, 0.203125s user + 0.093750s system = 0.296875s CPU (2.2%)

RUN-1004 : used memory is 543 MB, reserved memory is 476 MB, peak memory is 560 MB
RUN-1003 : finish command "download -bit FOC_Controller_Runs\phy_1\FOC_Controller.bit -mode program_riscv -hex2 C:\Users\15597\Desktop\sf1\FutureDynasty_workspace\foc_controller\Debug\foc_controller.hex -spd 6 -sec 64 -cable 0" in  13.556336s wall, 0.375000s user + 0.093750s system = 0.468750s CPU (3.5%)

RUN-1004 : used memory is 543 MB, reserved memory is 476 MB, peak memory is 560 MB
GUI-1001 : Downloading succeeded!
RUN-1002 : start command "download -bit FOC_Controller_Runs\phy_1\FOC_Controller.bit -mode program_riscv -hex2 C:\Users\15597\Desktop\sf1\FutureDynasty_workspace\foc_controller\Debug\foc_controller.hex -spd 6 -sec 64 -cable 0"
PRG-2014 : Chip validation success: SF1S60
PRG-2505 : ProgramSvf:  program FOC_Controller_Runs/phy_1/FOC_Controller.svf successfully
RUN-1003 : finish command "program_svf -svf FOC_Controller_Runs/phy_1/FOC_Controller.svf -spd 6" in  13.271327s wall, 0.203125s user + 0.000000s system = 0.203125s CPU (1.5%)

RUN-1004 : used memory is 543 MB, reserved memory is 476 MB, peak memory is 560 MB
RUN-1003 : finish command "download -bit FOC_Controller_Runs\phy_1\FOC_Controller.bit -mode program_riscv -hex2 C:\Users\15597\Desktop\sf1\FutureDynasty_workspace\foc_controller\Debug\foc_controller.hex -spd 6 -sec 64 -cable 0" in  13.542168s wall, 0.265625s user + 0.000000s system = 0.265625s CPU (2.0%)

RUN-1004 : used memory is 543 MB, reserved memory is 476 MB, peak memory is 560 MB
GUI-1001 : Downloading succeeded!
RUN-1002 : start command "download -bit FOC_Controller_Runs\phy_1\FOC_Controller.bit -mode program_riscv -hex2 C:\Users\15597\Desktop\sf1\FutureDynasty_workspace\foc_controller\Debug\foc_controller.hex -spd 6 -sec 64 -cable 0"
PRG-2014 : Chip validation success: SF1S60
PRG-2505 : ProgramSvf:  program FOC_Controller_Runs/phy_1/FOC_Controller.svf successfully
RUN-1003 : finish command "program_svf -svf FOC_Controller_Runs/phy_1/FOC_Controller.svf -spd 6" in  13.241941s wall, 0.140625s user + 0.046875s system = 0.187500s CPU (1.4%)

RUN-1004 : used memory is 543 MB, reserved memory is 477 MB, peak memory is 560 MB
RUN-1003 : finish command "download -bit FOC_Controller_Runs\phy_1\FOC_Controller.bit -mode program_riscv -hex2 C:\Users\15597\Desktop\sf1\FutureDynasty_workspace\foc_controller\Debug\foc_controller.hex -spd 6 -sec 64 -cable 0" in  13.490985s wall, 0.234375s user + 0.062500s system = 0.296875s CPU (2.2%)

RUN-1004 : used memory is 543 MB, reserved memory is 477 MB, peak memory is 560 MB
GUI-1001 : Downloading succeeded!
RUN-1002 : start command "download -bit FOC_Controller_Runs\phy_1\FOC_Controller.bit -mode program_riscv -hex2 C:\Users\15597\Desktop\sf1\FutureDynasty_workspace\foc_controller\Debug\foc_controller.hex -spd 6 -sec 64 -cable 0"
PRG-2014 : Chip validation success: SF1S60
PRG-2505 : ProgramSvf:  program FOC_Controller_Runs/phy_1/FOC_Controller.svf successfully
RUN-1003 : finish command "program_svf -svf FOC_Controller_Runs/phy_1/FOC_Controller.svf -spd 6" in  13.229072s wall, 0.187500s user + 0.093750s system = 0.281250s CPU (2.1%)

RUN-1004 : used memory is 545 MB, reserved memory is 479 MB, peak memory is 560 MB
RUN-1003 : finish command "download -bit FOC_Controller_Runs\phy_1\FOC_Controller.bit -mode program_riscv -hex2 C:\Users\15597\Desktop\sf1\FutureDynasty_workspace\foc_controller\Debug\foc_controller.hex -spd 6 -sec 64 -cable 0" in  13.476021s wall, 0.296875s user + 0.093750s system = 0.390625s CPU (2.9%)

RUN-1004 : used memory is 545 MB, reserved memory is 479 MB, peak memory is 560 MB
GUI-1001 : Downloading succeeded!
