============================================================
   Tang Dynasty, V5.6.71036
      Copyright (c) 2012-2023 Anlogic Inc.
   Executable = D:/Anlogic/TD5.6.2/bin/td.exe
   Built at =   20:34:38 Mar 21 2023
   Run by =     15597
   Run Date =   Fri Nov 10 16:45:31 2023

   Run on =     XR097-DELL-G7
============================================================
RUN-1001 : open_run syn_1.
RUN-1002 : start command "import_db C:/Users/15597/Desktop/sf1/MyProject/FOC_Controller/FOC_Controller_Runs/syn_1/FOC_Controller_gate.db"
RUN-1001 : Importing database generated by Tang Dynasty, V5.6.71036.
RUN-1001 : Database version number 46146.
RUN-1001 : Import flow parameters
RUN-1001 : Import IO constraints
RUN-1001 : Import Inst constraints
RUN-1001 : Import design success TD_VERSION=5.6.71036 , DB_VERSION=46146
RUN-1003 : finish command "import_db C:/Users/15597/Desktop/sf1/MyProject/FOC_Controller/FOC_Controller_Runs/syn_1/FOC_Controller_gate.db" in  1.377240s wall, 1.125000s user + 0.093750s system = 1.218750s CPU (88.5%)

RUN-1004 : used memory is 346 MB, reserved memory is 298 MB, peak memory is 349 MB
HDL-1007 : analyze verilog file RTL/foc/foc_top.v
HDL-1007 : undeclared symbol 'S_current_id_kp', assumed default net type 'wire' in RTL/foc/foc_top.v(168)
HDL-1007 : undeclared symbol 'S_current_id_ki', assumed default net type 'wire' in RTL/foc/foc_top.v(169)
HDL-1007 : undeclared symbol 'S_current_iq_kp', assumed default net type 'wire' in RTL/foc/foc_top.v(198)
HDL-1007 : undeclared symbol 'S_current_iq_ki', assumed default net type 'wire' in RTL/foc/foc_top.v(199)
HDL-1007 : undeclared symbol 'S_current_iq_fg', assumed default net type 'wire' in RTL/foc/foc_top.v(209)
RUN-1001 : reset_run syn_1.
RUN-1001 : launch_runs syn_1  -jobs 6.
RUN-1001 : syn_1: run complete.
RUN-1001 : open_run syn_1.
RUN-1002 : start command "import_db C:/Users/15597/Desktop/sf1/MyProject/FOC_Controller/FOC_Controller_Runs/syn_1/FOC_Controller_gate.db"
RUN-1001 : Importing database generated by Tang Dynasty, V5.6.71036.
RUN-1001 : Database version number 46146.
RUN-1001 : Import flow parameters
RUN-1001 : Import IO constraints
RUN-1001 : Import Inst constraints
RUN-1001 : Import design success TD_VERSION=5.6.71036 , DB_VERSION=46146
RUN-1003 : finish command "import_db C:/Users/15597/Desktop/sf1/MyProject/FOC_Controller/FOC_Controller_Runs/syn_1/FOC_Controller_gate.db" in  1.458791s wall, 0.921875s user + 0.046875s system = 0.968750s CPU (66.4%)

RUN-1004 : used memory is 359 MB, reserved memory is 309 MB, peak memory is 364 MB
RUN-1001 : launch_runs phy_1  -jobs 6.
RUN-6001 WARNING: phy_1: run failed.
RUN-1001 : open_run syn_1.
RUN-1002 : start command "import_db C:/Users/15597/Desktop/sf1/MyProject/FOC_Controller/FOC_Controller_Runs/syn_1/FOC_Controller_gate.db"
RUN-1001 : Importing database generated by Tang Dynasty, V5.6.71036.
RUN-1001 : Database version number 46146.
RUN-1001 : Import flow parameters
RUN-1001 : Import IO constraints
RUN-1001 : Import Inst constraints
RUN-1001 : Import design success TD_VERSION=5.6.71036 , DB_VERSION=46146
RUN-1003 : finish command "import_db C:/Users/15597/Desktop/sf1/MyProject/FOC_Controller/FOC_Controller_Runs/syn_1/FOC_Controller_gate.db" in  1.471372s wall, 1.046875s user + 0.031250s system = 1.078125s CPU (73.3%)

RUN-1004 : used memory is 364 MB, reserved memory is 315 MB, peak memory is 367 MB
HDL-1007 : analyze verilog file RTL/foc/foc_top.v
HDL-1007 : undeclared symbol 'S_current_id_kp', assumed default net type 'wire' in RTL/foc/foc_top.v(168)
HDL-1007 : undeclared symbol 'S_current_id_ki', assumed default net type 'wire' in RTL/foc/foc_top.v(169)
HDL-1007 : undeclared symbol 'S_current_iq_kp', assumed default net type 'wire' in RTL/foc/foc_top.v(198)
HDL-1007 : undeclared symbol 'S_current_iq_ki', assumed default net type 'wire' in RTL/foc/foc_top.v(199)
HDL-1007 : analyze verilog file RTL/foc/pi_controller.v
HDL-8007 ERROR: syntax error near ')' in RTL/foc/pi_controller.v(64)
Oops! 'Signal Segmentation Violation' raised. The backtrace:
[bt] (4)_chkstk
[bt] (5)RtlFindCharInUnicodeString
[bt] (6)KiUserExceptionDispatcher
[bt] (10)QMetaObject::activate
[bt] (12)QMetaObject::activate
[bt] (32)QMetaObject::activate
[bt] (36)QMetaObject::activate
[bt] (39)QMetaObject::activate
[bt] (42)QMetaObject::activate
[bt] (43)QTimer::timerEvent
[bt] (44)QObject::event
[bt] (45)QApplicationPrivate::notify_helper
[bt] (46)QApplication::notify
[bt] (47)QCoreApplication::notifyInternal2
[bt] (48)QEventDispatcherWin32Private::sendTimerEvent
[bt] (49)QEventDispatcherWin32::processEvents
[bt] (50)DispatchMessageW

