============================================================
   Tang Dynasty, V5.6.71036
      Copyright (c) 2012-2023 Anlogic Inc.
   Executable = D:/Anlogic/TD5.6.2/bin/td.exe
   Built at =   20:34:38 Mar 21 2023
   Run by =     15597
   Run Date =   Fri Nov 10 15:12:21 2023

   Run on =     XR097-DELL-G7
============================================================
RUN-1001 : open_run phy_1.
RUN-1002 : start command "import_db C:/Users/15597/Desktop/sf1/MyProject/FOC_Controller/FOC_Controller_Runs/phy_1/FOC_Controller_pr.db"
RUN-1001 : Importing database generated by Tang Dynasty, V5.6.71036.
RUN-1001 : Database version number 46146.
RUN-1001 : Import flow parameters
PHY-1001 : Generate detailed routing grids ...
PHY-1001 : Generate nets ...
PHY-1001 : net I_clk_25m_dup_1 will be routed on clock mesh
PHY-5010 WARNING: Net u_ahb_foc_controller/I_ahb_hsize[2] is skipped due to 0 input or output
PHY-5010 WARNING: Net u_ahb_foc_controller/I_ahb_hsize[1] is skipped due to 0 input or output
PHY-5010 WARNING: Net u_ahb_foc_controller/I_ahb_hsize[0] is skipped due to 0 input or output
PHY-1001 : net u_ahb_foc_controller/u_foc_controller/u_adc_ad7928/clk will be routed on clock mesh
PHY-1001 : clock net u_mcu/hclk will be merged with clock u_pll/clk0_buf
PHY-1001 : clock net u_ahb_foc_controller/u_foc_controller/u_hall_encoder/I_insert_en_syn_10 will be merged with clock u_ahb_foc_controller/u_foc_controller/u_hall_encoder/I_insert_en
PHY-5010 WARNING: Net u_ahb_foc_controller/I_ahb_hsize[2] is skipped due to 0 input or output
PHY-5010 WARNING: Net u_ahb_foc_controller/I_ahb_hsize[1] is skipped due to 0 input or output
PHY-5010 WARNING: Net u_ahb_foc_controller/I_ahb_hsize[0] is skipped due to 0 input or output
PHY-1001 : eco open net = 0
PHY-5014 WARNING: Detail route doesn't find pib for u_pll/pll_inst.frac_offset_valid[0]
PHY-5014 WARNING: Detail route doesn't find pib for u_pll/pll_inst.dsm_refclk[0]
PHY-5014 WARNING: Detail route doesn't find pib for u_pll/pll_inst.dsm_rst[0]
PHY-5014 WARNING: Detail route doesn't find pib for u_pll/pll_inst.ssc_en[0]
PHY-1001 : 469 feed throughs used by 259 nets
RUN-1001 : Import IO constraints
RUN-1001 : Import Inst constraints
RUN-1001 : Import design success TD_VERSION=5.6.71036 , DB_VERSION=46146
RUN-1003 : finish command "import_db C:/Users/15597/Desktop/sf1/MyProject/FOC_Controller/FOC_Controller_Runs/phy_1/FOC_Controller_pr.db" in  5.825981s wall, 4.828125s user + 0.453125s system = 5.281250s CPU (90.6%)

RUN-1004 : used memory is 522 MB, reserved memory is 457 MB, peak memory is 558 MB
RUN-1002 : start command "download -bit FOC_Controller_Runs\phy_1\FOC_Controller.bit -mode program_riscv -hex2 C:\Users\15597\Desktop\sf1\FutureDynasty_workspace\foc_controller\Debug\foc_controller.hex -spd 6 -sec 64 -cable 0"
PRG-2014 : Chip validation success: SF1S60
PRG-2505 : ProgramSvf:  program FOC_Controller_Runs/phy_1/FOC_Controller.svf successfully
RUN-1003 : finish command "program_svf -svf FOC_Controller_Runs/phy_1/FOC_Controller.svf -spd 6" in  13.228144s wall, 0.203125s user + 0.078125s system = 0.281250s CPU (2.1%)

RUN-1004 : used memory is 563 MB, reserved memory is 495 MB, peak memory is 575 MB
RUN-1003 : finish command "download -bit FOC_Controller_Runs\phy_1\FOC_Controller.bit -mode program_riscv -hex2 C:\Users\15597\Desktop\sf1\FutureDynasty_workspace\foc_controller\Debug\foc_controller.hex -spd 6 -sec 64 -cable 0" in  13.475385s wall, 0.312500s user + 0.093750s system = 0.406250s CPU (3.0%)

RUN-1004 : used memory is 563 MB, reserved memory is 495 MB, peak memory is 575 MB
GUI-1001 : Downloading succeeded!
RUN-1002 : start command "download -bit FOC_Controller_Runs\phy_1\FOC_Controller.bit -mode program_riscv -hex2 C:\Users\15597\Desktop\sf1\FutureDynasty_workspace\foc_controller\Debug\foc_controller.hex -spd 6 -sec 64 -cable 0"
PRG-2014 : Chip validation success: SF1S60
PRG-2505 : ProgramSvf:  program FOC_Controller_Runs/phy_1/FOC_Controller.svf successfully
RUN-1003 : finish command "program_svf -svf FOC_Controller_Runs/phy_1/FOC_Controller.svf -spd 6" in  13.276219s wall, 0.265625s user + 0.062500s system = 0.328125s CPU (2.5%)

RUN-1004 : used memory is 564 MB, reserved memory is 495 MB, peak memory is 577 MB
RUN-1003 : finish command "download -bit FOC_Controller_Runs\phy_1\FOC_Controller.bit -mode program_riscv -hex2 C:\Users\15597\Desktop\sf1\FutureDynasty_workspace\foc_controller\Debug\foc_controller.hex -spd 6 -sec 64 -cable 0" in  13.524328s wall, 0.390625s user + 0.062500s system = 0.453125s CPU (3.4%)

RUN-1004 : used memory is 564 MB, reserved memory is 495 MB, peak memory is 577 MB
GUI-1001 : Downloading succeeded!
HDL-1007 : analyze verilog file RTL/foc/foc_top.v
HDL-1007 : undeclared symbol 'S_current_id_kp', assumed default net type 'wire' in RTL/foc/foc_top.v(167)
HDL-1007 : undeclared symbol 'S_current_id_ki', assumed default net type 'wire' in RTL/foc/foc_top.v(168)
HDL-1007 : undeclared symbol 'S_current_iq_kp', assumed default net type 'wire' in RTL/foc/foc_top.v(187)
HDL-1007 : undeclared symbol 'S_current_iq_ki', assumed default net type 'wire' in RTL/foc/foc_top.v(188)
HDL-1007 : analyze verilog file RTL/foc/foc_top.v
HDL-1007 : undeclared symbol 'S_current_id_kp', assumed default net type 'wire' in RTL/foc/foc_top.v(167)
HDL-1007 : undeclared symbol 'S_current_id_ki', assumed default net type 'wire' in RTL/foc/foc_top.v(168)
HDL-1007 : undeclared symbol 'S_current_iq_kp', assumed default net type 'wire' in RTL/foc/foc_top.v(187)
HDL-1007 : undeclared symbol 'S_current_iq_ki', assumed default net type 'wire' in RTL/foc/foc_top.v(188)
RUN-1001 : reset_run syn_1.
RUN-1001 : launch_runs syn_1 -step opt_gate.
RUN-1001 : reset_run phy_1.
GUI-6001 WARNING: File C:/Users/15597/Desktop/sf1/MyProject/FOC_Controller/FOC_Controller_Runs/phy_1/FOC_Controller.bit does not exist!
RUN-1001 : syn_1: run complete.
RUN-1001 : open_run syn_1.
RUN-1002 : start command "import_db C:/Users/15597/Desktop/sf1/MyProject/FOC_Controller/FOC_Controller_Runs/syn_1/FOC_Controller_gate.db"
RUN-1001 : Importing database generated by Tang Dynasty, V5.6.71036.
RUN-1001 : Database version number 46146.
RUN-1001 : Import flow parameters
RUN-1001 : Import IO constraints
RUN-1001 : Import Inst constraints
RUN-1001 : Import design success TD_VERSION=5.6.71036 , DB_VERSION=46146
RUN-1003 : finish command "import_db C:/Users/15597/Desktop/sf1/MyProject/FOC_Controller/FOC_Controller_Runs/syn_1/FOC_Controller_gate.db" in  1.492298s wall, 1.140625s user + 0.093750s system = 1.234375s CPU (82.7%)

RUN-1004 : used memory is 419 MB, reserved memory is 348 MB, peak memory is 577 MB
RUN-1001 : launch_runs phy_1  -jobs 6.
RUN-1001 : phy_1: run complete.
RUN-1001 : open_run phy_1.
RUN-1002 : start command "import_db C:/Users/15597/Desktop/sf1/MyProject/FOC_Controller/FOC_Controller_Runs/phy_1/FOC_Controller_pr.db"
RUN-1001 : Importing database generated by Tang Dynasty, V5.6.71036.
RUN-1001 : Database version number 46146.
RUN-1001 : Import flow parameters
PHY-1001 : Generate detailed routing grids ...
PHY-1001 : Generate nets ...
PHY-1001 : net I_clk_25m_dup_1 will be routed on clock mesh
PHY-5010 WARNING: Net u_ahb_foc_controller/I_ahb_hsize[2] is skipped due to 0 input or output
PHY-5010 WARNING: Net u_ahb_foc_controller/I_ahb_hsize[1] is skipped due to 0 input or output
PHY-5010 WARNING: Net u_ahb_foc_controller/I_ahb_hsize[0] is skipped due to 0 input or output
PHY-1001 : net u_ahb_foc_controller/u_foc_controller/u_adc_ad7928/clk will be routed on clock mesh
PHY-1001 : clock net u_mcu/hclk will be merged with clock u_pll/clk0_buf
PHY-1001 : clock net u_ahb_foc_controller/u_foc_controller/u_hall_encoder/I_insert_en_syn_10 will be merged with clock u_ahb_foc_controller/u_foc_controller/u_hall_encoder/I_insert_en
PHY-5010 WARNING: Net u_ahb_foc_controller/I_ahb_hsize[2] is skipped due to 0 input or output
PHY-5010 WARNING: Net u_ahb_foc_controller/I_ahb_hsize[1] is skipped due to 0 input or output
PHY-5010 WARNING: Net u_ahb_foc_controller/I_ahb_hsize[0] is skipped due to 0 input or output
PHY-1001 : eco open net = 0
PHY-5014 WARNING: Detail route doesn't find pib for u_pll/pll_inst.frac_offset_valid[0]
PHY-5014 WARNING: Detail route doesn't find pib for u_pll/pll_inst.dsm_refclk[0]
PHY-5014 WARNING: Detail route doesn't find pib for u_pll/pll_inst.dsm_rst[0]
PHY-5014 WARNING: Detail route doesn't find pib for u_pll/pll_inst.ssc_en[0]
PHY-1001 : 469 feed throughs used by 259 nets
RUN-1001 : Import IO constraints
RUN-1001 : Import Inst constraints
RUN-1001 : Import design success TD_VERSION=5.6.71036 , DB_VERSION=46146
RUN-1003 : finish command "import_db C:/Users/15597/Desktop/sf1/MyProject/FOC_Controller/FOC_Controller_Runs/phy_1/FOC_Controller_pr.db" in  4.436016s wall, 3.343750s user + 0.140625s system = 3.484375s CPU (78.5%)

RUN-1004 : used memory is 582 MB, reserved memory is 514 MB, peak memory is 587 MB
RUN-1002 : start command "download -bit FOC_Controller_Runs\phy_1\FOC_Controller.bit -mode jtag -spd 7 -sec 64 -cable 0"
PRG-2014 : Chip validation success: SF1S60
RUN-1002 : start command "bit_to_vec -chip SF1S60 -m jtag_burst -freq 4 -bit FOC_Controller_Runs/phy_1/FOC_Controller.bit"
RUN-1002 : start command "program -cable 0 -mode svf -spd 7 -p"
RUN-1003 : finish command "program -cable 0 -mode svf -spd 7 -p" in  2.422415s wall, 0.015625s user + 0.000000s system = 0.015625s CPU (0.6%)

RUN-1004 : used memory is 598 MB, reserved memory is 530 MB, peak memory is 603 MB
RUN-1003 : finish command "download -bit FOC_Controller_Runs\phy_1\FOC_Controller.bit -mode jtag -spd 7 -sec 64 -cable 0" in  2.595410s wall, 0.062500s user + 0.000000s system = 0.062500s CPU (2.4%)

RUN-1004 : used memory is 598 MB, reserved memory is 530 MB, peak memory is 603 MB
GUI-1001 : Downloading succeeded!
RUN-1002 : start command "download -bit FOC_Controller_Runs\phy_1\FOC_Controller.bit -mode program_riscv -hex2 C:\Users\15597\Desktop\sf1\FutureDynasty_workspace\foc_controller\Debug\foc_controller.hex -spd 6 -sec 64 -cable 0"
PRG-2014 : Chip validation success: SF1S60
PRG-2505 : ProgramSvf:  program FOC_Controller_Runs/phy_1/FOC_Controller.svf successfully
RUN-1003 : finish command "program_svf -svf FOC_Controller_Runs/phy_1/FOC_Controller.svf -spd 6" in  13.279809s wall, 0.171875s user + 0.078125s system = 0.250000s CPU (1.9%)

RUN-1004 : used memory is 600 MB, reserved memory is 530 MB, peak memory is 614 MB
RUN-1003 : finish command "download -bit FOC_Controller_Runs\phy_1\FOC_Controller.bit -mode program_riscv -hex2 C:\Users\15597\Desktop\sf1\FutureDynasty_workspace\foc_controller\Debug\foc_controller.hex -spd 6 -sec 64 -cable 0" in  13.551508s wall, 0.328125s user + 0.109375s system = 0.437500s CPU (3.2%)

RUN-1004 : used memory is 600 MB, reserved memory is 530 MB, peak memory is 614 MB
GUI-1001 : Downloading succeeded!
RUN-1002 : start command "download -bit FOC_Controller_Runs\phy_1\FOC_Controller.bit -mode program_riscv -hex2 C:\Users\15597\Desktop\sf1\FutureDynasty_workspace\foc_controller\Debug\foc_controller.hex -spd 6 -sec 64 -cable 0"
PRG-2014 : Chip validation success: SF1S60
PRG-2505 : ProgramSvf:  program FOC_Controller_Runs/phy_1/FOC_Controller.svf successfully
RUN-1003 : finish command "program_svf -svf FOC_Controller_Runs/phy_1/FOC_Controller.svf -spd 6" in  13.266216s wall, 0.187500s user + 0.062500s system = 0.250000s CPU (1.9%)

RUN-1004 : used memory is 599 MB, reserved memory is 530 MB, peak memory is 614 MB
RUN-1003 : finish command "download -bit FOC_Controller_Runs\phy_1\FOC_Controller.bit -mode program_riscv -hex2 C:\Users\15597\Desktop\sf1\FutureDynasty_workspace\foc_controller\Debug\foc_controller.hex -spd 6 -sec 64 -cable 0" in  13.513625s wall, 0.328125s user + 0.062500s system = 0.390625s CPU (2.9%)

RUN-1004 : used memory is 599 MB, reserved memory is 530 MB, peak memory is 614 MB
GUI-1001 : Downloading succeeded!
RUN-1002 : start command "download -bit FOC_Controller_Runs\phy_1\FOC_Controller.bit -mode program_riscv -hex2 C:\Users\15597\Desktop\sf1\FutureDynasty_workspace\foc_controller\Debug\foc_controller.hex -spd 6 -sec 64 -cable 0"
PRG-2014 : Chip validation success: SF1S60
PRG-2505 : ProgramSvf:  program FOC_Controller_Runs/phy_1/FOC_Controller.svf successfully
RUN-1003 : finish command "program_svf -svf FOC_Controller_Runs/phy_1/FOC_Controller.svf -spd 6" in  13.219849s wall, 0.156250s user + 0.062500s system = 0.218750s CPU (1.7%)

RUN-1004 : used memory is 599 MB, reserved memory is 530 MB, peak memory is 614 MB
RUN-1003 : finish command "download -bit FOC_Controller_Runs\phy_1\FOC_Controller.bit -mode program_riscv -hex2 C:\Users\15597\Desktop\sf1\FutureDynasty_workspace\foc_controller\Debug\foc_controller.hex -spd 6 -sec 64 -cable 0" in  13.465496s wall, 0.234375s user + 0.062500s system = 0.296875s CPU (2.2%)

RUN-1004 : used memory is 599 MB, reserved memory is 530 MB, peak memory is 614 MB
GUI-1001 : Downloading succeeded!
RUN-1002 : start command "download -bit FOC_Controller_Runs\phy_1\FOC_Controller.bit -mode program_riscv -hex2 C:\Users\15597\Desktop\sf1\FutureDynasty_workspace\foc_controller\Debug\foc_controller.hex -spd 6 -sec 64 -cable 0"
PRG-2014 : Chip validation success: SF1S60
PRG-2505 : ProgramSvf:  program FOC_Controller_Runs/phy_1/FOC_Controller.svf successfully
RUN-1003 : finish command "program_svf -svf FOC_Controller_Runs/phy_1/FOC_Controller.svf -spd 6" in  13.202711s wall, 0.171875s user + 0.046875s system = 0.218750s CPU (1.7%)

RUN-1004 : used memory is 597 MB, reserved memory is 529 MB, peak memory is 614 MB
RUN-1003 : finish command "download -bit FOC_Controller_Runs\phy_1\FOC_Controller.bit -mode program_riscv -hex2 C:\Users\15597\Desktop\sf1\FutureDynasty_workspace\foc_controller\Debug\foc_controller.hex -spd 6 -sec 64 -cable 0" in  13.456288s wall, 0.218750s user + 0.046875s system = 0.265625s CPU (2.0%)

RUN-1004 : used memory is 597 MB, reserved memory is 529 MB, peak memory is 614 MB
GUI-1001 : Downloading succeeded!
RUN-1002 : start command "download -bit FOC_Controller_Runs\phy_1\FOC_Controller.bit -mode program_riscv -hex2 C:\Users\15597\Desktop\sf1\FutureDynasty_workspace\foc_controller\Debug\foc_controller.hex -spd 6 -sec 64 -cable 0"
PRG-2014 : Chip validation success: SF1S60
PRG-2505 : ProgramSvf:  program FOC_Controller_Runs/phy_1/FOC_Controller.svf successfully
RUN-1003 : finish command "program_svf -svf FOC_Controller_Runs/phy_1/FOC_Controller.svf -spd 6" in  13.270839s wall, 0.187500s user + 0.078125s system = 0.265625s CPU (2.0%)

RUN-1004 : used memory is 599 MB, reserved memory is 530 MB, peak memory is 614 MB
RUN-1003 : finish command "download -bit FOC_Controller_Runs\phy_1\FOC_Controller.bit -mode program_riscv -hex2 C:\Users\15597\Desktop\sf1\FutureDynasty_workspace\foc_controller\Debug\foc_controller.hex -spd 6 -sec 64 -cable 0" in  13.519074s wall, 0.281250s user + 0.125000s system = 0.406250s CPU (3.0%)

RUN-1004 : used memory is 599 MB, reserved memory is 530 MB, peak memory is 614 MB
GUI-1001 : Downloading succeeded!
RUN-1002 : start command "download -bit FOC_Controller_Runs\phy_1\FOC_Controller.bit -mode program_riscv -hex2 C:\Users\15597\Desktop\sf1\FutureDynasty_workspace\foc_controller\Debug\foc_controller.hex -spd 6 -sec 64 -cable 0"
PRG-2014 : Chip validation success: SF1S60
PRG-2505 : ProgramSvf:  program FOC_Controller_Runs/phy_1/FOC_Controller.svf successfully
RUN-1003 : finish command "program_svf -svf FOC_Controller_Runs/phy_1/FOC_Controller.svf -spd 6" in  13.219928s wall, 0.156250s user + 0.109375s system = 0.265625s CPU (2.0%)

RUN-1004 : used memory is 599 MB, reserved memory is 530 MB, peak memory is 614 MB
RUN-1003 : finish command "download -bit FOC_Controller_Runs\phy_1\FOC_Controller.bit -mode program_riscv -hex2 C:\Users\15597\Desktop\sf1\FutureDynasty_workspace\foc_controller\Debug\foc_controller.hex -spd 6 -sec 64 -cable 0" in  13.467994s wall, 0.296875s user + 0.125000s system = 0.421875s CPU (3.1%)

RUN-1004 : used memory is 599 MB, reserved memory is 530 MB, peak memory is 614 MB
GUI-1001 : Downloading succeeded!
RUN-1002 : start command "download -bit FOC_Controller_Runs\phy_1\FOC_Controller.bit -mode program_riscv -hex2 C:\Users\15597\Desktop\sf1\FutureDynasty_workspace\foc_controller\Debug\foc_controller.hex -spd 6 -sec 64 -cable 0"
PRG-2014 : Chip validation success: SF1S60
PRG-2505 : ProgramSvf:  program FOC_Controller_Runs/phy_1/FOC_Controller.svf successfully
RUN-1003 : finish command "program_svf -svf FOC_Controller_Runs/phy_1/FOC_Controller.svf -spd 6" in  13.164360s wall, 0.171875s user + 0.046875s system = 0.218750s CPU (1.7%)

RUN-1004 : used memory is 598 MB, reserved memory is 530 MB, peak memory is 614 MB
RUN-1003 : finish command "download -bit FOC_Controller_Runs\phy_1\FOC_Controller.bit -mode program_riscv -hex2 C:\Users\15597\Desktop\sf1\FutureDynasty_workspace\foc_controller\Debug\foc_controller.hex -spd 6 -sec 64 -cable 0" in  13.403152s wall, 0.312500s user + 0.046875s system = 0.359375s CPU (2.7%)

RUN-1004 : used memory is 598 MB, reserved memory is 530 MB, peak memory is 614 MB
GUI-1001 : Downloading succeeded!
RUN-1001 : Print Global Property
RUN-1001 : ---------------------------------------------------------------
RUN-1001 :        Parameters        |  Settings  |  Default Values  |  Note  
RUN-1001 : ---------------------------------------------------------------
RUN-1001 :          message         |  standard  |     standard     |        
RUN-1001 :   mixed_pack_place_flow  |     on     |        on        |        
RUN-1001 :        qor_monitor       |    off     |       off        |        
RUN-1001 :        syn_ip_flow       |    off     |       off        |        
RUN-1001 :          thread          |    auto    |       auto       |        
RUN-1001 : ---------------------------------------------------------------
RUN-1001 : Print Design Property
RUN-1001 : --------------------------------------------------------------
RUN-1001 :        Parameters       |  Settings  |  Default Values  |  Note  
RUN-1001 : --------------------------------------------------------------
RUN-1001 :   default_reg_initial   |    auto    |       auto       |        
RUN-1001 :        infer_add        |     on     |        on        |        
RUN-1001 :        infer_fsm        |    off     |       off        |        
RUN-1001 :        infer_mult       |     on     |        on        |        
RUN-1001 :        infer_ram        |     on     |        on        |        
RUN-1001 :        infer_reg        |     on     |        on        |        
RUN-1001 :   infer_reg_init_value  |     on     |        on        |        
RUN-1001 :        infer_rom        |     on     |        on        |        
RUN-1001 :      infer_shifter      |     on     |        on        |        
RUN-1001 : --------------------------------------------------------------
RUN-1001 : Print Rtl Property
RUN-1001 : --------------------------------------------------------------
RUN-1001 :        Parameters       |  Settings  |  Default Values  |  Note  
RUN-1001 : --------------------------------------------------------------
RUN-1001 :       compress_add      |   ripple   |      ripple      |        
RUN-1001 :        elf_sload        |    off     |       off        |        
RUN-1001 :       fix_undriven      |     0      |        0         |        
RUN-1001 :         flatten         |    off     |       off        |        
RUN-1001 :       gate_sharing      |     on     |        on        |        
RUN-1001 :    hdl_warning_level    |   normal   |      normal      |        
RUN-1001 :   impl_internal_tribuf  |     on     |        on        |        
RUN-1001 :      impl_set_reset     |     on     |        on        |        
RUN-1001 :        infer_gsr        |    off     |       off        |        
RUN-1001 :      keep_hierarchy     |    auto    |       auto       |        
RUN-1001 :        max_fanout       |    9999    |       9999       |        
RUN-1001 :      max_oh2bin_len     |     10     |        10        |        
RUN-1001 :       merge_equal       |     on     |        on        |        
RUN-1001 :       merge_equiv       |     on     |        on        |        
RUN-1001 :        merge_mux        |    off     |       off        |        
RUN-1001 :     min_control_set     |     8      |        8         |        
RUN-1001 :      min_ripple_len     |    auto    |       auto       |        
RUN-1001 :       oh2bin_ratio      |    0.08    |       0.08       |        
RUN-1001 :     opt_adder_fanout    |     on     |        on        |        
RUN-1001 :        opt_arith        |     on     |        on        |        
RUN-1001 :       opt_big_gate      |    off     |       off        |        
RUN-1001 :        opt_const        |     on     |        on        |        
RUN-1001 :      opt_const_mult     |     on     |        on        |        
RUN-1001 :       opt_lessthan      |     on     |        on        |        
RUN-1001 :         opt_mux         |    off     |       off        |        
RUN-1001 :         opt_ram         |    high    |       high       |        
RUN-1001 :      rtl_sim_model      |    off     |       off        |        
RUN-1001 :         seq_syn         |     on     |        on        |        
RUN-1001 : --------------------------------------------------------------
HDL-1007 : analyze verilog file feed_forward_controller.v
HDL-1007 : analyze verilog file feed_forward_controller.v
HDL-8007 ERROR: syntax error near 'endmodule' in feed_forward_controller.v(42)
HDL-8007 ERROR: Verilog 2000 keyword 'endmodule' used in incorrect context in feed_forward_controller.v(42)
HDL-1007 : Verilog file 'feed_forward_controller.v' ignored due to errors
HDL-1007 : analyze verilog file feed_forward_controller.v
HDL-1007 : analyze verilog file feed_forward_controller.v
HDL-1007 : analyze verilog file RTL/foc/foc_top.v
HDL-1007 : undeclared symbol 'S_current_id_kp', assumed default net type 'wire' in RTL/foc/foc_top.v(167)
HDL-1007 : undeclared symbol 'S_current_id_ki', assumed default net type 'wire' in RTL/foc/foc_top.v(168)
HDL-1007 : undeclared symbol 'S_id_pi_vd', assumed default net type 'wire' in RTL/foc/foc_top.v(172)
HDL-1007 : undeclared symbol 'S_current_id_fg', assumed default net type 'wire' in RTL/foc/foc_top.v(179)
HDL-1007 : undeclared symbol 'S_id_ff_vd', assumed default net type 'wire' in RTL/foc/foc_top.v(182)
HDL-8007 ERROR: syntax error near 'pi_controller' in RTL/foc/foc_top.v(193)
Oops! 'Signal Segmentation Violation' raised. The backtrace:
[bt] (4)_chkstk
[bt] (5)RtlFindCharInUnicodeString
[bt] (6)KiUserExceptionDispatcher
[bt] (10)QMetaObject::activate
[bt] (12)QMetaObject::activate
[bt] (32)QMetaObject::activate
[bt] (36)QMetaObject::activate
[bt] (39)QMetaObject::activate
[bt] (42)QMetaObject::activate
[bt] (43)QTimer::timerEvent
[bt] (44)QObject::event
[bt] (45)QApplicationPrivate::notify_helper
[bt] (46)QApplication::notify
[bt] (47)QCoreApplication::notifyInternal2
[bt] (48)QEventDispatcherWin32Private::sendTimerEvent
[bt] (49)QEventDispatcherWin32::processEvents
[bt] (50)DispatchMessageW

