============================================================
   Tang Dynasty, V5.6.71036
      Copyright (c) 2012-2023 Anlogic Inc.
   Executable = D:/Anlogic/TD5.6.2/bin/td.exe
   Built at =   20:34:38 Mar 21 2023
   Run by =     15597
   Run Date =   Sat Nov 11 23:23:19 2023

   Run on =     XR097-DELL-G7
============================================================
RUN-1001 : open_run syn_1.
RUN-1002 : start command "import_db C:/Users/15597/Desktop/sf1/MyProject/FOC_Controller/FOC_Controller_Runs/syn_1/FOC_Controller_gate.db"
RUN-1001 : Importing database generated by Tang Dynasty, V5.6.71036.
RUN-1001 : Database version number 46146.
RUN-1001 : Import flow parameters
RUN-1001 : Import IO constraints
RUN-1001 : Import Inst constraints
RUN-1001 : Import design success TD_VERSION=5.6.71036 , DB_VERSION=46146
RUN-1003 : finish command "import_db C:/Users/15597/Desktop/sf1/MyProject/FOC_Controller/FOC_Controller_Runs/syn_1/FOC_Controller_gate.db" in  1.551981s wall, 1.140625s user + 0.093750s system = 1.234375s CPU (79.5%)

RUN-1004 : used memory is 388 MB, reserved memory is 318 MB, peak memory is 391 MB
HDL-1007 : analyze verilog file RTL/foc/pi_controller.v
RUN-1001 : reset_run phy_1 syn_1.
RUN-1001 : launch_runs syn_1 phy_1  -jobs 6.
RUN-1001 : syn_1: run complete.
RUN-6001 WARNING: phy_1: run failed.
RUN-1001 : open_run syn_1.
RUN-1002 : start command "import_db C:/Users/15597/Desktop/sf1/MyProject/FOC_Controller/FOC_Controller_Runs/syn_1/FOC_Controller_gate.db"
RUN-1001 : Importing database generated by Tang Dynasty, V5.6.71036.
RUN-1001 : Database version number 46146.
RUN-1001 : Import flow parameters
RUN-1001 : Import IO constraints
RUN-1001 : Import Inst constraints
RUN-1001 : Import design success TD_VERSION=5.6.71036 , DB_VERSION=46146
RUN-1003 : finish command "import_db C:/Users/15597/Desktop/sf1/MyProject/FOC_Controller/FOC_Controller_Runs/syn_1/FOC_Controller_gate.db" in  1.521295s wall, 1.187500s user + 0.031250s system = 1.218750s CPU (80.1%)

RUN-1004 : used memory is 399 MB, reserved memory is 327 MB, peak memory is 410 MB
HDL-1007 : analyze verilog file RTL/fpga_top.v
RUN-1001 : reset_run phy_1 syn_1.
RUN-1001 : launch_runs syn_1 phy_1  -jobs 6.
RUN-1001 : syn_1: run complete.
RUN-6001 WARNING: phy_1: run failed.
RUN-1001 : open_run syn_1.
RUN-1002 : start command "import_db C:/Users/15597/Desktop/sf1/MyProject/FOC_Controller/FOC_Controller_Runs/syn_1/FOC_Controller_gate.db"
RUN-1001 : Importing database generated by Tang Dynasty, V5.6.71036.
RUN-1001 : Database version number 46146.
RUN-1001 : Import flow parameters
RUN-1001 : Import IO constraints
RUN-1001 : Import Inst constraints
RUN-1001 : Import design success TD_VERSION=5.6.71036 , DB_VERSION=46146
RUN-1003 : finish command "import_db C:/Users/15597/Desktop/sf1/MyProject/FOC_Controller/FOC_Controller_Runs/syn_1/FOC_Controller_gate.db" in  1.436193s wall, 1.140625s user + 0.062500s system = 1.203125s CPU (83.8%)

RUN-1004 : used memory is 406 MB, reserved memory is 334 MB, peak memory is 432 MB
HDL-1007 : analyze verilog file RTL/foc/pi_controller.v
HDL-1007 : analyze verilog file RTL/foc/pi_controller.v
HDL-1007 : analyze verilog file RTL/foc/pi_controller.v
HDL-1007 : analyze verilog file RTL/foc/pi_controller.v
HDL-1007 : analyze verilog file RTL/foc/pi_controller.v
HDL-1007 : analyze verilog file RTL/foc/pi_controller.v
HDL-1007 : analyze verilog file RTL/foc/pi_controller.v
HDL-1007 : analyze verilog file RTL/foc/pi_controller.v
HDL-1007 : analyze verilog file RTL/foc/pi_controller.v
HDL-1007 : analyze verilog file RTL/foc/pi_controller.v
HDL-1007 : analyze verilog file RTL/foc/pi_controller.v
RUN-1001 : reset_run phy_1 syn_1.
RUN-1001 : launch_runs syn_1 phy_1  -jobs 6.
RUN-6001 WARNING: syn_1: run failed.
HDL-1007 : analyze verilog file RTL/foc/pi_controller.v
RUN-1001 : reset_run phy_1 syn_1.
RUN-1001 : launch_runs syn_1 phy_1  -jobs 6.
RUN-6001 WARNING: syn_1: run failed.
HDL-1007 : analyze verilog file RTL/foc/pi_controller.v
RUN-1001 : reset_run phy_1 syn_1.
RUN-1001 : launch_runs syn_1 phy_1  -jobs 6.
RUN-1001 : syn_1: run complete.
RUN-6001 WARNING: phy_1: run failed.
RUN-1001 : open_run phy_1.
RUN-1002 : start command "import_db C:/Users/15597/Desktop/sf1/MyProject/FOC_Controller/FOC_Controller_Runs/phy_1/FOC_Controller_place.db"
RUN-1001 : Importing database generated by Tang Dynasty, V5.6.71036.
RUN-1001 : Database version number 46146.
RUN-1001 : Import flow parameters
RUN-1001 : Import IO constraints
RUN-1001 : Import Inst constraints
RUN-1001 : Import design success TD_VERSION=5.6.71036 , DB_VERSION=46146
RUN-1003 : finish command "import_db C:/Users/15597/Desktop/sf1/MyProject/FOC_Controller/FOC_Controller_Runs/phy_1/FOC_Controller_place.db" in  1.087671s wall, 0.734375s user + 0.031250s system = 0.765625s CPU (70.4%)

RUN-1004 : used memory is 394 MB, reserved memory is 319 MB, peak memory is 445 MB
RUN-1001 : reset_run phy_1.
RUN-1001 : launch_runs phy_1 -step bitgen.
RUN-6001 WARNING: phy_1: run failed.
RUN-1001 : open_run phy_1.
RUN-1002 : start command "import_db C:/Users/15597/Desktop/sf1/MyProject/FOC_Controller/FOC_Controller_Runs/phy_1/FOC_Controller_place.db"
RUN-1001 : Importing database generated by Tang Dynasty, V5.6.71036.
RUN-1001 : Database version number 46146.
RUN-1001 : Import flow parameters
RUN-1001 : Import IO constraints
RUN-1001 : Import Inst constraints
RUN-1001 : Import design success TD_VERSION=5.6.71036 , DB_VERSION=46146
RUN-1003 : finish command "import_db C:/Users/15597/Desktop/sf1/MyProject/FOC_Controller/FOC_Controller_Runs/phy_1/FOC_Controller_place.db" in  1.064770s wall, 0.875000s user + 0.015625s system = 0.890625s CPU (83.6%)

RUN-1004 : used memory is 397 MB, reserved memory is 321 MB, peak memory is 445 MB
RUN-1001 : set_run_property syn_1 -flow_property GlobalProperty::thread::32.
RUN-1001 : set_run_property syn_1 -flow_property RtlProperty::opt_mux::on.
RUN-1001 : set_run_property syn_1 -flow_property RtlProperty::merge_mux::on.
GUI-1001 : set_param simulation sim_lib  
RUN-1001 : set_run_property phy_1 -flow_property BitgenProperty::GeneralOption::bin_compress::off.
RUN-1001 : set_run_property phy_1 -flow_property BitgenProperty::GeneralOption::header:: .
RUN-1001 : set_run_property phy_1 -flow_property BitgenProperty::GeneralOption::id:: .
RUN-1001 : set_run_property syn_1 -flow_property GateProperty::pack_seq_in_io::on.
RUN-1001 : set_run_property syn_1 -flow_property GateProperty::pack_effort::high.
RUN-1001 : set_run_property syn_1 -flow_property GateProperty::opt_area::high.
RUN-1001 : set_run_property syn_1 -flow_property GateProperty::opt_timing::high.
GUI-1001 : set_param simulation sim_lib  
RUN-1001 : set_run_property phy_1 -flow_property BitgenProperty::GeneralOption::bin_compress::off.
RUN-1001 : set_run_property phy_1 -flow_property BitgenProperty::GeneralOption::header:: .
RUN-1001 : set_run_property phy_1 -flow_property BitgenProperty::GeneralOption::id:: .
RUN-1001 : set_run_property phy_1 -flow_property PlaceProperty::effort::high.
RUN-1001 : set_run_property phy_1 -flow_property PlaceProperty::opt_timing::ultra.
GUI-1001 : set_param simulation sim_lib  
RUN-1001 : set_run_property phy_1 -flow_property BitgenProperty::GeneralOption::bin_compress::off.
RUN-1001 : set_run_property phy_1 -flow_property BitgenProperty::GeneralOption::header:: .
RUN-1001 : set_run_property phy_1 -flow_property BitgenProperty::GeneralOption::id:: .
RUN-1001 : set_run_property phy_1 -flow_property RouteProperty::effort::high.
RUN-1001 : set_run_property phy_1 -flow_property RouteProperty::opt_timing::high.
GUI-1001 : set_param simulation sim_lib  
RUN-1001 : set_run_property phy_1 -flow_property BitgenProperty::GeneralOption::bin_compress::off.
RUN-1001 : set_run_property phy_1 -flow_property BitgenProperty::GeneralOption::header:: .
RUN-1001 : set_run_property phy_1 -flow_property BitgenProperty::GeneralOption::id:: .
RUN-1001 : reset_run phy_1 syn_1.
RUN-1001 : launch_runs syn_1 phy_1  -jobs 6.
RUN-1001 : syn_1: run complete.
RUN-1001 : phy_1: run complete.
RUN-1001 : open_run phy_1.
RUN-1002 : start command "import_db C:/Users/15597/Desktop/sf1/MyProject/FOC_Controller/FOC_Controller_Runs/phy_1/FOC_Controller_pr.db"
RUN-1001 : Importing database generated by Tang Dynasty, V5.6.71036.
RUN-1001 : Database version number 46146.
RUN-1001 : Import flow parameters
PHY-1001 : Generate detailed routing grids ...
PHY-1001 : Generate nets ...
PHY-1001 : net I_clk_25m_dup_1 will be routed on clock mesh
PHY-5010 WARNING: Net u_ahb_foc_controller/I_ahb_hsize[2] is skipped due to 0 input or output
PHY-5010 WARNING: Net u_ahb_foc_controller/I_ahb_hsize[1] is skipped due to 0 input or output
PHY-5010 WARNING: Net u_ahb_foc_controller/I_ahb_hsize[0] is skipped due to 0 input or output
PHY-1001 : clock net u_mcu/hclk will be merged with clock u_pll/clk0_buf
PHY-1001 : clock net u_ahb_foc_controller/u_foc_controller/S_angle_position_clk_syn_4 will be merged with clock u_ahb_foc_controller/u_foc_controller/S_angle_position_clk
PHY-1001 : clock net u_ahb_foc_controller/u_foc_controller/S_angle_velocity_clk_syn_4 will be merged with clock u_ahb_foc_controller/u_foc_controller/S_angle_velocity_clk
PHY-1001 : net u_ahb_foc_controller/u_foc_controller/u_adc_ad7928/clk will be routed on clock mesh
PHY-1001 : clock net u_ahb_foc_controller/u_foc_controller/u_foc_top/O_init_done_syn_6 will be merged with clock u_ahb_foc_controller/u_foc_controller/u_foc_top/O_init_done
PHY-5010 WARNING: Net u_ahb_foc_controller/I_ahb_hsize[2] is skipped due to 0 input or output
PHY-5010 WARNING: Net u_ahb_foc_controller/I_ahb_hsize[1] is skipped due to 0 input or output
PHY-5010 WARNING: Net u_ahb_foc_controller/I_ahb_hsize[0] is skipped due to 0 input or output
PHY-1001 : eco open net = 0
PHY-5014 WARNING: Detail route doesn't find pib for u_pll/pll_inst.frac_offset_valid[0]
PHY-5014 WARNING: Detail route doesn't find pib for u_pll/pll_inst.dsm_refclk[0]
PHY-5014 WARNING: Detail route doesn't find pib for u_pll/pll_inst.dsm_rst[0]
PHY-5014 WARNING: Detail route doesn't find pib for u_pll/pll_inst.ssc_en[0]
PHY-1001 : 97 feed throughs used by 39 nets
RUN-1001 : Import IO constraints
RUN-1001 : Import Inst constraints
RUN-1001 : Import design success TD_VERSION=5.6.71036 , DB_VERSION=46146
RUN-1003 : finish command "import_db C:/Users/15597/Desktop/sf1/MyProject/FOC_Controller/FOC_Controller_Runs/phy_1/FOC_Controller_pr.db" in  4.800666s wall, 3.421875s user + 0.046875s system = 3.468750s CPU (72.3%)

RUN-1004 : used memory is 549 MB, reserved memory is 481 MB, peak memory is 619 MB
RUN-1002 : start command "download -bit FOC_Controller_Runs\phy_1\FOC_Controller.bit -mode program_riscv -hex2 C:\Users\15597\Desktop\sf1\FutureDynasty_workspace\foc_controller\Debug\foc_controller.hex -spd 6 -sec 64 -cable 0"
PRG-2014 : Chip validation success: SF1S60
PRG-2505 : ProgramSvf:  program FOC_Controller_Runs/phy_1/FOC_Controller.svf successfully
RUN-1003 : finish command "program_svf -svf FOC_Controller_Runs/phy_1/FOC_Controller.svf -spd 6" in  13.309510s wall, 0.109375s user + 0.093750s system = 0.203125s CPU (1.5%)

RUN-1004 : used memory is 586 MB, reserved memory is 512 MB, peak memory is 619 MB
RUN-1003 : finish command "download -bit FOC_Controller_Runs\phy_1\FOC_Controller.bit -mode program_riscv -hex2 C:\Users\15597\Desktop\sf1\FutureDynasty_workspace\foc_controller\Debug\foc_controller.hex -spd 6 -sec 64 -cable 0" in  13.561057s wall, 0.171875s user + 0.156250s system = 0.328125s CPU (2.4%)

RUN-1004 : used memory is 586 MB, reserved memory is 512 MB, peak memory is 619 MB
GUI-1001 : Downloading succeeded!
HDL-1007 : analyze verilog file RTL/foc/pi_controller.v
HDL-1007 : analyze verilog file RTL/foc/pi_controller.v
RUN-1001 : reset_run phy_1 syn_1.
GUI-6001 WARNING: File C:/Users/15597/Desktop/sf1/MyProject/FOC_Controller/FOC_Controller_Runs/phy_1/FOC_Controller.bit does not exist!
RUN-1001 : launch_runs syn_1 phy_1  -jobs 6.
RUN-1001 : syn_1: run complete.
RUN-1001 : phy_1: run complete.
RUN-1001 : open_run phy_1.
RUN-1002 : start command "import_db C:/Users/15597/Desktop/sf1/MyProject/FOC_Controller/FOC_Controller_Runs/phy_1/FOC_Controller_pr.db"
RUN-1001 : Importing database generated by Tang Dynasty, V5.6.71036.
RUN-1001 : Database version number 46146.
RUN-1001 : Import flow parameters
PHY-1001 : Generate detailed routing grids ...
PHY-1001 : Generate nets ...
PHY-1001 : net I_clk_25m_dup_1 will be routed on clock mesh
PHY-5010 WARNING: Net u_ahb_foc_controller/I_ahb_hsize[2] is skipped due to 0 input or output
PHY-5010 WARNING: Net u_ahb_foc_controller/I_ahb_hsize[1] is skipped due to 0 input or output
PHY-5010 WARNING: Net u_ahb_foc_controller/I_ahb_hsize[0] is skipped due to 0 input or output
PHY-1001 : clock net u_mcu/hclk will be merged with clock u_pll/clk0_buf
PHY-1001 : clock net u_ahb_foc_controller/u_foc_controller/S_angle_position_clk_syn_4 will be merged with clock u_ahb_foc_controller/u_foc_controller/S_angle_position_clk
PHY-1001 : clock net u_ahb_foc_controller/u_foc_controller/S_angle_velocity_clk_syn_4 will be merged with clock u_ahb_foc_controller/u_foc_controller/S_angle_velocity_clk
PHY-1001 : net u_ahb_foc_controller/u_foc_controller/u_adc_ad7928/clk will be routed on clock mesh
PHY-1001 : clock net u_ahb_foc_controller/u_foc_controller/u_foc_top/O_init_done_syn_6 will be merged with clock u_ahb_foc_controller/u_foc_controller/u_foc_top/O_init_done
PHY-5010 WARNING: Net u_ahb_foc_controller/I_ahb_hsize[2] is skipped due to 0 input or output
PHY-5010 WARNING: Net u_ahb_foc_controller/I_ahb_hsize[1] is skipped due to 0 input or output
PHY-5010 WARNING: Net u_ahb_foc_controller/I_ahb_hsize[0] is skipped due to 0 input or output
PHY-1001 : eco open net = 0
PHY-5014 WARNING: Detail route doesn't find pib for u_pll/pll_inst.ssc_en[0]
PHY-5014 WARNING: Detail route doesn't find pib for u_pll/pll_inst.frac_offset_valid[0]
PHY-5014 WARNING: Detail route doesn't find pib for u_pll/pll_inst.dsm_refclk[0]
PHY-5014 WARNING: Detail route doesn't find pib for u_pll/pll_inst.dsm_rst[0]
PHY-1001 : 84 feed throughs used by 28 nets
RUN-1001 : Import IO constraints
RUN-1001 : Import Inst constraints
RUN-1001 : Import design success TD_VERSION=5.6.71036 , DB_VERSION=46146
RUN-1003 : finish command "import_db C:/Users/15597/Desktop/sf1/MyProject/FOC_Controller/FOC_Controller_Runs/phy_1/FOC_Controller_pr.db" in  3.801859s wall, 2.671875s user + 0.218750s system = 2.890625s CPU (76.0%)

RUN-1004 : used memory is 585 MB, reserved memory is 518 MB, peak memory is 656 MB
RUN-1002 : start command "download -bit FOC_Controller_Runs\phy_1\FOC_Controller.bit -mode program_riscv -hex2 C:\Users\15597\Desktop\sf1\FutureDynasty_workspace\foc_controller\Debug\foc_controller.hex -spd 6 -sec 64 -cable 0"
PRG-2014 : Chip validation success: SF1S60
PRG-2505 : ProgramSvf:  program FOC_Controller_Runs/phy_1/FOC_Controller.svf successfully
RUN-1003 : finish command "program_svf -svf FOC_Controller_Runs/phy_1/FOC_Controller.svf -spd 6" in  13.307265s wall, 0.203125s user + 0.062500s system = 0.265625s CPU (2.0%)

RUN-1004 : used memory is 604 MB, reserved memory is 537 MB, peak memory is 656 MB
RUN-1003 : finish command "download -bit FOC_Controller_Runs\phy_1\FOC_Controller.bit -mode program_riscv -hex2 C:\Users\15597\Desktop\sf1\FutureDynasty_workspace\foc_controller\Debug\foc_controller.hex -spd 6 -sec 64 -cable 0" in  13.582159s wall, 0.296875s user + 0.062500s system = 0.359375s CPU (2.6%)

RUN-1004 : used memory is 604 MB, reserved memory is 537 MB, peak memory is 656 MB
GUI-1001 : Downloading succeeded!
RUN-1002 : start command "download -bit FOC_Controller_Runs\phy_1\FOC_Controller.bit -mode program_riscv -hex2 C:\Users\15597\Desktop\sf1\FutureDynasty_workspace\foc_controller\Debug\foc_controller.hex -spd 6 -sec 64 -cable 0"
PRG-2014 : Chip validation success: SF1S60
PRG-2505 : ProgramSvf:  program FOC_Controller_Runs/phy_1/FOC_Controller.svf successfully
RUN-1003 : finish command "program_svf -svf FOC_Controller_Runs/phy_1/FOC_Controller.svf -spd 6" in  13.314440s wall, 0.187500s user + 0.046875s system = 0.234375s CPU (1.8%)

RUN-1004 : used memory is 605 MB, reserved memory is 537 MB, peak memory is 656 MB
RUN-1003 : finish command "download -bit FOC_Controller_Runs\phy_1\FOC_Controller.bit -mode program_riscv -hex2 C:\Users\15597\Desktop\sf1\FutureDynasty_workspace\foc_controller\Debug\foc_controller.hex -spd 6 -sec 64 -cable 0" in  13.581372s wall, 0.328125s user + 0.046875s system = 0.375000s CPU (2.8%)

RUN-1004 : used memory is 605 MB, reserved memory is 537 MB, peak memory is 656 MB
GUI-1001 : Downloading succeeded!
RUN-1002 : start command "download -bit FOC_Controller_Runs\phy_1\FOC_Controller.bit -mode program_riscv -hex2 C:\Users\15597\Desktop\sf1\FutureDynasty_workspace\foc_controller\Debug\foc_controller.hex -spd 6 -sec 64 -cable 0"
PRG-2014 : Chip validation success: SF1S60
PRG-2505 : ProgramSvf:  program FOC_Controller_Runs/phy_1/FOC_Controller.svf successfully
RUN-1003 : finish command "program_svf -svf FOC_Controller_Runs/phy_1/FOC_Controller.svf -spd 6" in  13.289420s wall, 0.156250s user + 0.078125s system = 0.234375s CPU (1.8%)

RUN-1004 : used memory is 605 MB, reserved memory is 537 MB, peak memory is 656 MB
RUN-1003 : finish command "download -bit FOC_Controller_Runs\phy_1\FOC_Controller.bit -mode program_riscv -hex2 C:\Users\15597\Desktop\sf1\FutureDynasty_workspace\foc_controller\Debug\foc_controller.hex -spd 6 -sec 64 -cable 0" in  13.533298s wall, 0.281250s user + 0.093750s system = 0.375000s CPU (2.8%)

RUN-1004 : used memory is 605 MB, reserved memory is 537 MB, peak memory is 656 MB
GUI-1001 : Downloading succeeded!
RUN-1002 : start command "download -bit FOC_Controller_Runs\phy_1\FOC_Controller.bit -mode program_riscv -hex2 C:\Users\15597\Desktop\sf1\FutureDynasty_workspace\foc_controller\Debug\foc_controller.hex -spd 6 -sec 64 -cable 0"
PRG-2014 : Chip validation success: SF1S60
PRG-2505 : ProgramSvf:  program FOC_Controller_Runs/phy_1/FOC_Controller.svf successfully
RUN-1003 : finish command "program_svf -svf FOC_Controller_Runs/phy_1/FOC_Controller.svf -spd 6" in  13.260362s wall, 0.078125s user + 0.078125s system = 0.156250s CPU (1.2%)

RUN-1004 : used memory is 605 MB, reserved memory is 538 MB, peak memory is 656 MB
RUN-1003 : finish command "download -bit FOC_Controller_Runs\phy_1\FOC_Controller.bit -mode program_riscv -hex2 C:\Users\15597\Desktop\sf1\FutureDynasty_workspace\foc_controller\Debug\foc_controller.hex -spd 6 -sec 64 -cable 0" in  13.508884s wall, 0.140625s user + 0.093750s system = 0.234375s CPU (1.7%)

RUN-1004 : used memory is 605 MB, reserved memory is 538 MB, peak memory is 656 MB
GUI-1001 : Downloading succeeded!
RUN-1002 : start command "download -bit FOC_Controller_Runs\phy_1\FOC_Controller.bit -mode program_riscv -hex2 C:\Users\15597\Desktop\sf1\FutureDynasty_workspace\foc_controller\Debug\foc_controller.hex -spd 6 -sec 64 -cable 0"
PRG-2014 : Chip validation success: SF1S60
PRG-2505 : ProgramSvf:  program FOC_Controller_Runs/phy_1/FOC_Controller.svf successfully
RUN-1003 : finish command "program_svf -svf FOC_Controller_Runs/phy_1/FOC_Controller.svf -spd 6" in  13.254680s wall, 0.187500s user + 0.109375s system = 0.296875s CPU (2.2%)

RUN-1004 : used memory is 607 MB, reserved memory is 539 MB, peak memory is 656 MB
RUN-1003 : finish command "download -bit FOC_Controller_Runs\phy_1\FOC_Controller.bit -mode program_riscv -hex2 C:\Users\15597\Desktop\sf1\FutureDynasty_workspace\foc_controller\Debug\foc_controller.hex -spd 6 -sec 64 -cable 0" in  13.503878s wall, 0.296875s user + 0.125000s system = 0.421875s CPU (3.1%)

RUN-1004 : used memory is 607 MB, reserved memory is 539 MB, peak memory is 656 MB
GUI-1001 : Downloading succeeded!
RUN-1002 : start command "download -bit FOC_Controller_Runs\phy_1\FOC_Controller.bit -mode program_riscv -hex2 C:\Users\15597\Desktop\sf1\FutureDynasty_workspace\foc_controller\Debug\foc_controller.hex -spd 6 -sec 64 -cable 0"
PRG-2014 : Chip validation success: SF1S60
PRG-2505 : ProgramSvf:  program FOC_Controller_Runs/phy_1/FOC_Controller.svf successfully
RUN-1003 : finish command "program_svf -svf FOC_Controller_Runs/phy_1/FOC_Controller.svf -spd 6" in  13.233354s wall, 0.140625s user + 0.046875s system = 0.187500s CPU (1.4%)

RUN-1004 : used memory is 555 MB, reserved memory is 539 MB, peak memory is 656 MB
RUN-1003 : finish command "download -bit FOC_Controller_Runs\phy_1\FOC_Controller.bit -mode program_riscv -hex2 C:\Users\15597\Desktop\sf1\FutureDynasty_workspace\foc_controller\Debug\foc_controller.hex -spd 6 -sec 64 -cable 0" in  13.476230s wall, 0.250000s user + 0.046875s system = 0.296875s CPU (2.2%)

RUN-1004 : used memory is 555 MB, reserved memory is 539 MB, peak memory is 656 MB
GUI-1001 : Downloading succeeded!
HDL-1007 : analyze verilog file RTL/foc/pi_controller.v
HDL-8007 ERROR: syntax error near ')' in RTL/foc/pi_controller.v(184)
HDL-8007 ERROR: syntax error near 'else' in RTL/foc/pi_controller.v(187)
HDL-8007 ERROR: Verilog 2000 keyword 'else' used in incorrect context in RTL/foc/pi_controller.v(187)
HDL-8007 ERROR: ignore module module due to previous errors in RTL/foc/pi_controller.v(141)
HDL-1007 : Verilog file 'RTL/foc/pi_controller.v' ignored due to errors
HDL-1007 : analyze verilog file RTL/foc/pi_controller.v
RUN-1001 : reset_run phy_1 syn_1.
GUI-6001 WARNING: File C:/Users/15597/Desktop/sf1/MyProject/FOC_Controller/FOC_Controller_Runs/phy_1/FOC_Controller.bit does not exist!
RUN-1001 : launch_runs syn_1 phy_1  -jobs 6.
RUN-1001 : syn_1: run complete.
HDL-1007 : analyze verilog file RTL/foc/pi_controller.v
HDL-5007 WARNING: 'protect_add' is not declared in RTL/foc/pi_controller.v(35)
HDL-5007 WARNING: 'protect_add' is not declared in RTL/foc/pi_controller.v(37)
HDL-5007 WARNING: 'protect_add' is not declared in RTL/foc/pi_controller.v(39)
HDL-5007 WARNING: 'protect_add' is not declared in RTL/foc/pi_controller.v(52)
HDL-5007 WARNING: 'protect_add' is not declared in RTL/foc/pi_controller.v(54)
HDL-5007 WARNING: 'protect_add' is not declared in RTL/foc/pi_controller.v(56)
HDL-8007 ERROR: syntax error near ')' in RTL/foc/pi_controller.v(182)
HDL-8007 ERROR: syntax error near 'else' in RTL/foc/pi_controller.v(185)
HDL-8007 ERROR: Verilog 2000 keyword 'else' used in incorrect context in RTL/foc/pi_controller.v(185)
HDL-8007 ERROR: ignore module module due to previous errors in RTL/foc/pi_controller.v(139)
HDL-1007 : Verilog file 'RTL/foc/pi_controller.v' ignored due to errors
HDL-5007 WARNING: 'protect_add' is not declared in RTL/foc/pi_controller.v(35)
HDL-5007 WARNING: 'protect_add' is not declared in RTL/foc/pi_controller.v(37)
HDL-5007 WARNING: 'protect_add' is not declared in RTL/foc/pi_controller.v(39)
HDL-5007 WARNING: 'protect_add' is not declared in RTL/foc/pi_controller.v(52)
HDL-5007 WARNING: 'protect_add' is not declared in RTL/foc/pi_controller.v(54)
HDL-5007 WARNING: 'protect_add' is not declared in RTL/foc/pi_controller.v(56)
HDL-5007 WARNING: 'protect_mul' is not declared in RTL/foc/pi_controller.v(97)
HDL-5007 WARNING: 'protect_add' is not declared in RTL/foc/pi_controller.v(98)
HDL-5007 WARNING: 'protect_mul' is not declared in RTL/foc/pi_controller.v(109)
HDL-5007 WARNING: 'protect_add' is not declared in RTL/foc/pi_controller.v(118)
HDL-1007 : analyze verilog file RTL/foc/pi_controller.v
HDL-5007 WARNING: 'protect_add' is not declared in RTL/foc/pi_controller.v(35)
HDL-5007 WARNING: 'protect_add' is not declared in RTL/foc/pi_controller.v(37)
HDL-5007 WARNING: 'protect_add' is not declared in RTL/foc/pi_controller.v(39)
HDL-5007 WARNING: 'protect_add' is not declared in RTL/foc/pi_controller.v(52)
HDL-5007 WARNING: 'protect_add' is not declared in RTL/foc/pi_controller.v(54)
HDL-5007 WARNING: 'protect_add' is not declared in RTL/foc/pi_controller.v(56)
HDL-5007 WARNING: 'protect_add' is not declared in RTL/foc/pi_controller.v(35)
HDL-5007 WARNING: 'protect_add' is not declared in RTL/foc/pi_controller.v(37)
HDL-5007 WARNING: 'protect_add' is not declared in RTL/foc/pi_controller.v(39)
HDL-5007 WARNING: 'protect_add' is not declared in RTL/foc/pi_controller.v(52)
HDL-5007 Similar messages will be suppressed.
RUN-1001 : phy_1: run complete.
RUN-1001 : open_run phy_1.
RUN-1002 : start command "import_db C:/Users/15597/Desktop/sf1/MyProject/FOC_Controller/FOC_Controller_Runs/phy_1/FOC_Controller_pr.db"
RUN-1001 : Importing database generated by Tang Dynasty, V5.6.71036.
RUN-1001 : Database version number 46146.
RUN-1001 : Import flow parameters
PHY-1001 : Generate detailed routing grids ...
PHY-1001 : Generate nets ...
PHY-1001 : net I_clk_25m_dup_1 will be routed on clock mesh
PHY-5010 WARNING: Net u_ahb_foc_controller/I_ahb_hsize[2] is skipped due to 0 input or output
PHY-5010 WARNING: Net u_ahb_foc_controller/I_ahb_hsize[1] is skipped due to 0 input or output
PHY-5010 WARNING: Net u_ahb_foc_controller/I_ahb_hsize[0] is skipped due to 0 input or output
PHY-1001 : clock net u_mcu/hclk will be merged with clock u_pll/clk0_buf
PHY-1001 : clock net u_ahb_foc_controller/u_foc_controller/S_angle_position_clk_syn_4 will be merged with clock u_ahb_foc_controller/u_foc_controller/S_angle_position_clk
PHY-1001 : clock net u_ahb_foc_controller/u_foc_controller/S_angle_velocity_clk_syn_4 will be merged with clock u_ahb_foc_controller/u_foc_controller/S_angle_velocity_clk
PHY-1001 : net u_ahb_foc_controller/u_foc_controller/u_adc_ad7928/clk will be routed on clock mesh
PHY-1001 : clock net u_ahb_foc_controller/u_foc_controller/u_foc_top/O_init_done_syn_6 will be merged with clock u_ahb_foc_controller/u_foc_controller/u_foc_top/O_init_done
PHY-5010 WARNING: Net u_ahb_foc_controller/I_ahb_hsize[2] is skipped due to 0 input or output
PHY-5010 WARNING: Net u_ahb_foc_controller/I_ahb_hsize[1] is skipped due to 0 input or output
PHY-5010 WARNING: Net u_ahb_foc_controller/I_ahb_hsize[0] is skipped due to 0 input or output
PHY-1001 : eco open net = 0
PHY-5014 WARNING: Detail route doesn't find pib for u_pll/pll_inst.frac_offset_valid[0]
PHY-5014 WARNING: Detail route doesn't find pib for u_pll/pll_inst.dsm_refclk[0]
PHY-5014 WARNING: Detail route doesn't find pib for u_pll/pll_inst.dsm_rst[0]
PHY-5014 WARNING: Detail route doesn't find pib for u_pll/pll_inst.ssc_en[0]
PHY-1001 : 467 feed throughs used by 295 nets
RUN-1001 : Import IO constraints
RUN-1001 : Import Inst constraints
RUN-1001 : Import design success TD_VERSION=5.6.71036 , DB_VERSION=46146
RUN-1003 : finish command "import_db C:/Users/15597/Desktop/sf1/MyProject/FOC_Controller/FOC_Controller_Runs/phy_1/FOC_Controller_pr.db" in  5.271004s wall, 4.031250s user + 0.125000s system = 4.156250s CPU (78.9%)

RUN-1004 : used memory is 597 MB, reserved memory is 635 MB, peak memory is 656 MB
HDL-1007 : analyze verilog file RTL/foc/pi_controller.v
HDL-5007 WARNING: 'protect_mul' is not declared in RTL/foc/pi_controller.v(97)
HDL-5007 WARNING: 'protect_add' is not declared in RTL/foc/pi_controller.v(98)
HDL-5007 WARNING: 'protect_mul' is not declared in RTL/foc/pi_controller.v(109)
HDL-5007 WARNING: 'protect_add' is not declared in RTL/foc/pi_controller.v(118)
RUN-1002 : start command "download -bit FOC_Controller_Runs\phy_1\FOC_Controller.bit -mode program_riscv -hex2 C:\Users\15597\Desktop\sf1\FutureDynasty_workspace\foc_controller\Debug\foc_controller.hex -spd 6 -sec 64 -cable 0"
PRG-2014 : Chip validation success: SF1S60
PRG-2505 : ProgramSvf:  program FOC_Controller_Runs/phy_1/FOC_Controller.svf successfully
RUN-1003 : finish command "program_svf -svf FOC_Controller_Runs/phy_1/FOC_Controller.svf -spd 6" in  13.296639s wall, 0.156250s user + 0.015625s system = 0.171875s CPU (1.3%)

RUN-1004 : used memory is 603 MB, reserved memory is 640 MB, peak memory is 656 MB
RUN-1003 : finish command "download -bit FOC_Controller_Runs\phy_1\FOC_Controller.bit -mode program_riscv -hex2 C:\Users\15597\Desktop\sf1\FutureDynasty_workspace\foc_controller\Debug\foc_controller.hex -spd 6 -sec 64 -cable 0" in  13.561113s wall, 0.296875s user + 0.015625s system = 0.312500s CPU (2.3%)

RUN-1004 : used memory is 603 MB, reserved memory is 640 MB, peak memory is 656 MB
GUI-1001 : Downloading succeeded!
HDL-1007 : analyze verilog file RTL/foc/pi_controller.v
RUN-1001 : reset_run phy_1 syn_1.
GUI-6001 WARNING: File C:/Users/15597/Desktop/sf1/MyProject/FOC_Controller/FOC_Controller_Runs/phy_1/FOC_Controller.bit does not exist!
RUN-1001 : launch_runs syn_1 phy_1  -jobs 6.
RUN-1001 : syn_1: run complete.
RUN-1001 : phy_1: run complete.
RUN-1001 : open_run phy_1.
RUN-1002 : start command "import_db C:/Users/15597/Desktop/sf1/MyProject/FOC_Controller/FOC_Controller_Runs/phy_1/FOC_Controller_pr.db"
RUN-1001 : Importing database generated by Tang Dynasty, V5.6.71036.
RUN-1001 : Database version number 46146.
RUN-1001 : Import flow parameters
PHY-1001 : Generate detailed routing grids ...
PHY-1001 : Generate nets ...
PHY-1001 : net I_clk_25m_dup_1 will be routed on clock mesh
PHY-5010 WARNING: Net u_ahb_foc_controller/I_ahb_hsize[2] is skipped due to 0 input or output
PHY-5010 WARNING: Net u_ahb_foc_controller/I_ahb_hsize[1] is skipped due to 0 input or output
PHY-5010 WARNING: Net u_ahb_foc_controller/I_ahb_hsize[0] is skipped due to 0 input or output
PHY-1001 : clock net u_mcu/hclk will be merged with clock u_pll/clk0_buf
PHY-1001 : clock net u_ahb_foc_controller/u_foc_controller/S_angle_position_clk_syn_4 will be merged with clock u_ahb_foc_controller/u_foc_controller/S_angle_position_clk
PHY-1001 : clock net u_ahb_foc_controller/u_foc_controller/S_angle_velocity_clk_syn_4 will be merged with clock u_ahb_foc_controller/u_foc_controller/S_angle_velocity_clk
PHY-1001 : net u_ahb_foc_controller/u_foc_controller/u_adc_ad7928/clk will be routed on clock mesh
PHY-1001 : clock net u_ahb_foc_controller/u_foc_controller/u_foc_top/O_init_done_syn_6 will be merged with clock u_ahb_foc_controller/u_foc_controller/u_foc_top/O_init_done
PHY-5010 WARNING: Net u_ahb_foc_controller/I_ahb_hsize[2] is skipped due to 0 input or output
PHY-5010 WARNING: Net u_ahb_foc_controller/I_ahb_hsize[1] is skipped due to 0 input or output
PHY-5010 WARNING: Net u_ahb_foc_controller/I_ahb_hsize[0] is skipped due to 0 input or output
PHY-1001 : eco open net = 0
PHY-5014 WARNING: Detail route doesn't find pib for u_pll/pll_inst.frac_offset_valid[0]
PHY-5014 WARNING: Detail route doesn't find pib for u_pll/pll_inst.dsm_refclk[0]
PHY-5014 WARNING: Detail route doesn't find pib for u_pll/pll_inst.ssc_en[0]
PHY-5014 WARNING: Detail route doesn't find pib for u_pll/pll_inst.dsm_rst[0]
PHY-1001 : 447 feed throughs used by 296 nets
RUN-1001 : Import IO constraints
RUN-1001 : Import Inst constraints
RUN-1001 : Import design success TD_VERSION=5.6.71036 , DB_VERSION=46146
RUN-1003 : finish command "import_db C:/Users/15597/Desktop/sf1/MyProject/FOC_Controller/FOC_Controller_Runs/phy_1/FOC_Controller_pr.db" in  5.259169s wall, 4.203125s user + 0.156250s system = 4.359375s CPU (82.9%)

RUN-1004 : used memory is 607 MB, reserved memory is 660 MB, peak memory is 656 MB
RUN-1002 : start command "download -bit FOC_Controller_Runs\phy_1\FOC_Controller.bit -mode program_riscv -hex2 C:\Users\15597\Desktop\sf1\FutureDynasty_workspace\foc_controller\Debug\foc_controller.hex -spd 6 -sec 64 -cable 0"
PRG-2014 : Chip validation success: SF1S60
PRG-2505 : ProgramSvf:  program FOC_Controller_Runs/phy_1/FOC_Controller.svf successfully
RUN-1003 : finish command "program_svf -svf FOC_Controller_Runs/phy_1/FOC_Controller.svf -spd 6" in  13.276504s wall, 0.203125s user + 0.046875s system = 0.250000s CPU (1.9%)

RUN-1004 : used memory is 611 MB, reserved memory is 664 MB, peak memory is 656 MB
RUN-1003 : finish command "download -bit FOC_Controller_Runs\phy_1\FOC_Controller.bit -mode program_riscv -hex2 C:\Users\15597\Desktop\sf1\FutureDynasty_workspace\foc_controller\Debug\foc_controller.hex -spd 6 -sec 64 -cable 0" in  13.563162s wall, 0.359375s user + 0.046875s system = 0.406250s CPU (3.0%)

RUN-1004 : used memory is 611 MB, reserved memory is 664 MB, peak memory is 656 MB
GUI-1001 : Downloading succeeded!
RUN-1002 : start command "download -bit FOC_Controller_Runs\phy_1\FOC_Controller.bit -mode program_riscv -hex2 C:\Users\15597\Desktop\sf1\FutureDynasty_workspace\foc_controller\Debug\foc_controller.hex -spd 6 -sec 64 -cable 0"
PRG-2014 : Chip validation success: SF1S60
PRG-2505 : ProgramSvf:  program FOC_Controller_Runs/phy_1/FOC_Controller.svf successfully
RUN-1003 : finish command "program_svf -svf FOC_Controller_Runs/phy_1/FOC_Controller.svf -spd 6" in  13.412024s wall, 0.265625s user + 0.078125s system = 0.343750s CPU (2.6%)

RUN-1004 : used memory is 609 MB, reserved memory is 664 MB, peak memory is 656 MB
RUN-1003 : finish command "download -bit FOC_Controller_Runs\phy_1\FOC_Controller.bit -mode program_riscv -hex2 C:\Users\15597\Desktop\sf1\FutureDynasty_workspace\foc_controller\Debug\foc_controller.hex -spd 6 -sec 64 -cable 0" in  13.811268s wall, 0.562500s user + 0.078125s system = 0.640625s CPU (4.6%)

RUN-1004 : used memory is 609 MB, reserved memory is 664 MB, peak memory is 656 MB
GUI-1001 : Downloading succeeded!
RUN-1002 : start command "download -bit FOC_Controller_Runs\phy_1\FOC_Controller.bit -mode program_riscv -hex2 C:\Users\15597\Desktop\sf1\FutureDynasty_workspace\foc_controller\Debug\foc_controller.hex -spd 6 -sec 64 -cable 0"
PRG-2014 : Chip validation success: SF1S60
PRG-2505 : ProgramSvf:  program FOC_Controller_Runs/phy_1/FOC_Controller.svf successfully
RUN-1003 : finish command "program_svf -svf FOC_Controller_Runs/phy_1/FOC_Controller.svf -spd 6" in  13.165393s wall, 0.250000s user + 0.031250s system = 0.281250s CPU (2.1%)

RUN-1004 : used memory is 609 MB, reserved memory is 665 MB, peak memory is 656 MB
RUN-1003 : finish command "download -bit FOC_Controller_Runs\phy_1\FOC_Controller.bit -mode program_riscv -hex2 C:\Users\15597\Desktop\sf1\FutureDynasty_workspace\foc_controller\Debug\foc_controller.hex -spd 6 -sec 64 -cable 0" in  13.442576s wall, 0.375000s user + 0.046875s system = 0.421875s CPU (3.1%)

RUN-1004 : used memory is 609 MB, reserved memory is 665 MB, peak memory is 656 MB
GUI-1001 : Downloading succeeded!
RUN-1002 : start command "download -bit FOC_Controller_Runs\phy_1\FOC_Controller.bit -mode program_riscv -hex2 C:\Users\15597\Desktop\sf1\FutureDynasty_workspace\foc_controller\Debug\foc_controller.hex -spd 6 -sec 64 -cable 0"
PRG-2014 : Chip validation success: SF1S60
PRG-2505 : ProgramSvf:  program FOC_Controller_Runs/phy_1/FOC_Controller.svf successfully
RUN-1003 : finish command "program_svf -svf FOC_Controller_Runs/phy_1/FOC_Controller.svf -spd 6" in  13.373796s wall, 0.203125s user + 0.046875s system = 0.250000s CPU (1.9%)

RUN-1004 : used memory is 609 MB, reserved memory is 665 MB, peak memory is 656 MB
RUN-1003 : finish command "download -bit FOC_Controller_Runs\phy_1\FOC_Controller.bit -mode program_riscv -hex2 C:\Users\15597\Desktop\sf1\FutureDynasty_workspace\foc_controller\Debug\foc_controller.hex -spd 6 -sec 64 -cable 0" in  13.763116s wall, 0.500000s user + 0.171875s system = 0.671875s CPU (4.9%)

RUN-1004 : used memory is 609 MB, reserved memory is 665 MB, peak memory is 656 MB
GUI-1001 : Downloading succeeded!
RUN-1002 : start command "download -bit FOC_Controller_Runs\phy_1\FOC_Controller.bit -mode program_riscv -hex2 C:\Users\15597\Desktop\sf1\FutureDynasty_workspace\foc_controller\Debug\foc_controller.hex -spd 6 -sec 64 -cable 0"
PRG-2014 : Chip validation success: SF1S60
PRG-2505 : ProgramSvf:  program FOC_Controller_Runs/phy_1/FOC_Controller.svf successfully
RUN-1003 : finish command "program_svf -svf FOC_Controller_Runs/phy_1/FOC_Controller.svf -spd 6" in  13.284181s wall, 0.234375s user + 0.000000s system = 0.234375s CPU (1.8%)

RUN-1004 : used memory is 609 MB, reserved memory is 665 MB, peak memory is 656 MB
RUN-1003 : finish command "download -bit FOC_Controller_Runs\phy_1\FOC_Controller.bit -mode program_riscv -hex2 C:\Users\15597\Desktop\sf1\FutureDynasty_workspace\foc_controller\Debug\foc_controller.hex -spd 6 -sec 64 -cable 0" in  13.684898s wall, 0.515625s user + 0.062500s system = 0.578125s CPU (4.2%)

RUN-1004 : used memory is 609 MB, reserved memory is 665 MB, peak memory is 656 MB
GUI-1001 : Downloading succeeded!
RUN-1002 : start command "download -bit FOC_Controller_Runs\phy_1\FOC_Controller.bit -mode program_riscv -hex2 C:\Users\15597\Desktop\sf1\FutureDynasty_workspace\foc_controller\Debug\foc_controller.hex -spd 6 -sec 64 -cable 0"
PRG-2014 : Chip validation success: SF1S60
PRG-2505 : ProgramSvf:  program FOC_Controller_Runs/phy_1/FOC_Controller.svf successfully
RUN-1003 : finish command "program_svf -svf FOC_Controller_Runs/phy_1/FOC_Controller.svf -spd 6" in  13.397409s wall, 0.250000s user + 0.031250s system = 0.281250s CPU (2.1%)

RUN-1004 : used memory is 609 MB, reserved memory is 666 MB, peak memory is 656 MB
RUN-1003 : finish command "download -bit FOC_Controller_Runs\phy_1\FOC_Controller.bit -mode program_riscv -hex2 C:\Users\15597\Desktop\sf1\FutureDynasty_workspace\foc_controller\Debug\foc_controller.hex -spd 6 -sec 64 -cable 0" in  13.656536s wall, 0.359375s user + 0.031250s system = 0.390625s CPU (2.9%)

RUN-1004 : used memory is 609 MB, reserved memory is 666 MB, peak memory is 656 MB
GUI-1001 : Downloading succeeded!
RUN-1002 : start command "download -bit FOC_Controller_Runs\phy_1\FOC_Controller.bit -mode program_riscv -hex2 C:\Users\15597\Desktop\sf1\FutureDynasty_workspace\foc_controller\Debug\foc_controller.hex -spd 6 -sec 64 -cable 0"
PRG-2014 : Chip validation success: SF1S60
PRG-2505 : ProgramSvf:  program FOC_Controller_Runs/phy_1/FOC_Controller.svf successfully
RUN-1003 : finish command "program_svf -svf FOC_Controller_Runs/phy_1/FOC_Controller.svf -spd 6" in  13.360546s wall, 0.281250s user + 0.062500s system = 0.343750s CPU (2.6%)

RUN-1004 : used memory is 609 MB, reserved memory is 666 MB, peak memory is 656 MB
RUN-1003 : finish command "download -bit FOC_Controller_Runs\phy_1\FOC_Controller.bit -mode program_riscv -hex2 C:\Users\15597\Desktop\sf1\FutureDynasty_workspace\foc_controller\Debug\foc_controller.hex -spd 6 -sec 64 -cable 0" in  13.744291s wall, 0.500000s user + 0.109375s system = 0.609375s CPU (4.4%)

RUN-1004 : used memory is 609 MB, reserved memory is 666 MB, peak memory is 656 MB
GUI-1001 : Downloading succeeded!
RUN-1002 : start command "download -bit FOC_Controller_Runs\phy_1\FOC_Controller.bit -mode program_riscv -hex2 C:\Users\15597\Desktop\sf1\FutureDynasty_workspace\foc_controller\Debug\foc_controller.hex -spd 6 -sec 64 -cable 0"
PRG-2014 : Chip validation success: SF1S60
PRG-2505 : ProgramSvf:  program FOC_Controller_Runs/phy_1/FOC_Controller.svf successfully
RUN-1003 : finish command "program_svf -svf FOC_Controller_Runs/phy_1/FOC_Controller.svf -spd 6" in  13.293693s wall, 0.093750s user + 0.046875s system = 0.140625s CPU (1.1%)

RUN-1004 : used memory is 605 MB, reserved memory is 666 MB, peak memory is 656 MB
RUN-1003 : finish command "download -bit FOC_Controller_Runs\phy_1\FOC_Controller.bit -mode program_riscv -hex2 C:\Users\15597\Desktop\sf1\FutureDynasty_workspace\foc_controller\Debug\foc_controller.hex -spd 6 -sec 64 -cable 0" in  13.578006s wall, 0.250000s user + 0.046875s system = 0.296875s CPU (2.2%)

RUN-1004 : used memory is 605 MB, reserved memory is 666 MB, peak memory is 656 MB
GUI-1001 : Downloading succeeded!
RUN-1002 : start command "download -bit FOC_Controller_Runs\phy_1\FOC_Controller.bit -mode program_riscv -hex2 C:\Users\15597\Desktop\sf1\FutureDynasty_workspace\foc_controller\Debug\foc_controller.hex -spd 6 -sec 64 -cable 0"
PRG-2014 : Chip validation success: SF1S60
PRG-2505 : ProgramSvf:  program FOC_Controller_Runs/phy_1/FOC_Controller.svf successfully
RUN-1003 : finish command "program_svf -svf FOC_Controller_Runs/phy_1/FOC_Controller.svf -spd 6" in  13.337403s wall, 0.296875s user + 0.109375s system = 0.406250s CPU (3.0%)

RUN-1004 : used memory is 605 MB, reserved memory is 666 MB, peak memory is 656 MB
RUN-1003 : finish command "download -bit FOC_Controller_Runs\phy_1\FOC_Controller.bit -mode program_riscv -hex2 C:\Users\15597\Desktop\sf1\FutureDynasty_workspace\foc_controller\Debug\foc_controller.hex -spd 6 -sec 64 -cable 0" in  13.638699s wall, 0.437500s user + 0.109375s system = 0.546875s CPU (4.0%)

RUN-1004 : used memory is 605 MB, reserved memory is 666 MB, peak memory is 656 MB
GUI-1001 : Downloading succeeded!
RUN-1002 : start command "download -bit FOC_Controller_Runs\phy_1\FOC_Controller.bit -mode program_riscv -hex2 C:\Users\15597\Desktop\sf1\FutureDynasty_workspace\foc_controller\Debug\foc_controller.hex -spd 6 -sec 64 -cable 0"
PRG-2014 : Chip validation success: SF1S60
PRG-2505 : ProgramSvf:  program FOC_Controller_Runs/phy_1/FOC_Controller.svf successfully
RUN-1003 : finish command "program_svf -svf FOC_Controller_Runs/phy_1/FOC_Controller.svf -spd 6" in  13.361436s wall, 0.218750s user + 0.046875s system = 0.265625s CPU (2.0%)

RUN-1004 : used memory is 605 MB, reserved memory is 666 MB, peak memory is 656 MB
RUN-1003 : finish command "download -bit FOC_Controller_Runs\phy_1\FOC_Controller.bit -mode program_riscv -hex2 C:\Users\15597\Desktop\sf1\FutureDynasty_workspace\foc_controller\Debug\foc_controller.hex -spd 6 -sec 64 -cable 0" in  13.614135s wall, 0.343750s user + 0.046875s system = 0.390625s CPU (2.9%)

RUN-1004 : used memory is 605 MB, reserved memory is 666 MB, peak memory is 656 MB
GUI-1001 : Downloading succeeded!
RUN-1002 : start command "download -bit FOC_Controller_Runs\phy_1\FOC_Controller.bit -mode program_riscv -hex2 C:\Users\15597\Desktop\sf1\FutureDynasty_workspace\foc_controller\Debug\foc_controller.hex -spd 6 -sec 64 -cable 0"
PRG-2014 : Chip validation success: SF1S60
PRG-2505 : ProgramSvf:  program FOC_Controller_Runs/phy_1/FOC_Controller.svf successfully
RUN-1003 : finish command "program_svf -svf FOC_Controller_Runs/phy_1/FOC_Controller.svf -spd 6" in  13.297791s wall, 0.109375s user + 0.046875s system = 0.156250s CPU (1.2%)

RUN-1004 : used memory is 605 MB, reserved memory is 667 MB, peak memory is 656 MB
RUN-1003 : finish command "download -bit FOC_Controller_Runs\phy_1\FOC_Controller.bit -mode program_riscv -hex2 C:\Users\15597\Desktop\sf1\FutureDynasty_workspace\foc_controller\Debug\foc_controller.hex -spd 6 -sec 64 -cable 0" in  13.580581s wall, 0.250000s user + 0.046875s system = 0.296875s CPU (2.2%)

RUN-1004 : used memory is 605 MB, reserved memory is 667 MB, peak memory is 656 MB
GUI-1001 : Downloading succeeded!
RUN-1002 : start command "download -bit ..\foc_git\foc_git_Runs\phy_1\foc_git.bit -mode jtag -spd 7 -sec 64 -cable 0"
PRG-2014 : Chip validation success: SF1S60
RUN-1002 : start command "bit_to_vec -chip SF1S60 -m jtag_burst -freq 4 -bit ../foc_git/foc_git_Runs/phy_1/foc_git.bit"
RUN-1002 : start command "program -cable 0 -mode svf -spd 7 -p"
RUN-1003 : finish command "program -cable 0 -mode svf -spd 7 -p" in  2.422299s wall, 0.000000s user + 0.015625s system = 0.015625s CPU (0.6%)

RUN-1004 : used memory is 606 MB, reserved memory is 668 MB, peak memory is 656 MB
RUN-1003 : finish command "download -bit ..\foc_git\foc_git_Runs\phy_1\foc_git.bit -mode jtag -spd 7 -sec 64 -cable 0" in  2.610277s wall, 0.031250s user + 0.015625s system = 0.046875s CPU (1.8%)

RUN-1004 : used memory is 606 MB, reserved memory is 668 MB, peak memory is 656 MB
GUI-1001 : Downloading succeeded!
