============================================================
   Tang Dynasty, V5.6.71036
      Copyright (c) 2012-2023 Anlogic Inc.
   Executable = D:/Anlogic/TD5.6.2/bin/td.exe
   Built at =   20:34:38 Mar 21 2023
   Run by =     15597
   Run Date =   Wed Nov  8 20:48:57 2023

   Run on =     XR097-DELL-G7
============================================================
RUN-1002 : start command "open_project FOC_Controller.prj"
RUN-1001 : Print Global Property
RUN-1001 : ---------------------------------------------------------------
RUN-1001 :        Parameters        |  Settings  |  Default Values  |  Note  
RUN-1001 : ---------------------------------------------------------------
RUN-1001 :          message         |  standard  |     standard     |        
RUN-1001 :   mixed_pack_place_flow  |     on     |        on        |        
RUN-1001 :        qor_monitor       |    off     |       off        |        
RUN-1001 :        syn_ip_flow       |    off     |       off        |        
RUN-1001 :          thread          |    auto    |       auto       |        
RUN-1001 : ---------------------------------------------------------------
RUN-1001 : Print Design Property
RUN-1001 : --------------------------------------------------------------
RUN-1001 :        Parameters       |  Settings  |  Default Values  |  Note  
RUN-1001 : --------------------------------------------------------------
RUN-1001 :   default_reg_initial   |    auto    |       auto       |        
RUN-1001 :        infer_add        |     on     |        on        |        
RUN-1001 :        infer_fsm        |    off     |       off        |        
RUN-1001 :        infer_mult       |     on     |        on        |        
RUN-1001 :        infer_ram        |     on     |        on        |        
RUN-1001 :        infer_reg        |     on     |        on        |        
RUN-1001 :   infer_reg_init_value  |     on     |        on        |        
RUN-1001 :        infer_rom        |     on     |        on        |        
RUN-1001 :      infer_shifter      |     on     |        on        |        
RUN-1001 : --------------------------------------------------------------
RUN-1001 : Print Rtl Property
RUN-1001 : --------------------------------------------------------------
RUN-1001 :        Parameters       |  Settings  |  Default Values  |  Note  
RUN-1001 : --------------------------------------------------------------
RUN-1001 :       compress_add      |   ripple   |      ripple      |        
RUN-1001 :        elf_sload        |    off     |       off        |        
RUN-1001 :       fix_undriven      |     0      |        0         |        
RUN-1001 :         flatten         |    off     |       off        |        
RUN-1001 :       gate_sharing      |     on     |        on        |        
RUN-1001 :    hdl_warning_level    |   normal   |      normal      |        
RUN-1001 :   impl_internal_tribuf  |     on     |        on        |        
RUN-1001 :      impl_set_reset     |     on     |        on        |        
RUN-1001 :        infer_gsr        |    off     |       off        |        
RUN-1001 :      keep_hierarchy     |    auto    |       auto       |        
RUN-1001 :        max_fanout       |    9999    |       9999       |        
RUN-1001 :      max_oh2bin_len     |     10     |        10        |        
RUN-1001 :       merge_equal       |     on     |        on        |        
RUN-1001 :       merge_equiv       |     on     |        on        |        
RUN-1001 :        merge_mux        |    off     |       off        |        
RUN-1001 :     min_control_set     |     8      |        8         |        
RUN-1001 :      min_ripple_len     |    auto    |       auto       |        
RUN-1001 :       oh2bin_ratio      |    0.08    |       0.08       |        
RUN-1001 :     opt_adder_fanout    |     on     |        on        |        
RUN-1001 :        opt_arith        |     on     |        on        |        
RUN-1001 :       opt_big_gate      |    off     |       off        |        
RUN-1001 :        opt_const        |     on     |        on        |        
RUN-1001 :      opt_const_mult     |     on     |        on        |        
RUN-1001 :       opt_lessthan      |     on     |        on        |        
RUN-1001 :         opt_mux         |    off     |       off        |        
RUN-1001 :         opt_ram         |    high    |       high       |        
RUN-1001 :      rtl_sim_model      |    off     |       off        |        
RUN-1001 :         seq_syn         |     on     |        on        |        
RUN-1001 : --------------------------------------------------------------
HDL-1007 : analyze verilog file ../../al_ip/pll.v
HDL-1007 : undeclared symbol 'open', assumed default net type 'wire' in ../../al_ip/pll.v(88)
HDL-1007 : analyze verilog file ../../RTL/adc_ad7928.v
HDL-1007 : analyze verilog file ../../RTL/foc/cartesian2polar.v
HDL-1007 : analyze verilog file ../../RTL/foc/clark_tr.v
HDL-1007 : analyze verilog file ../../RTL/foc/foc_top.v
HDL-1007 : analyze verilog file ../../RTL/foc/hold_detect.v
HDL-1007 : analyze verilog file ../../RTL/foc/park_tr.v
HDL-1007 : analyze verilog file ../../RTL/foc/pi_controller.v
HDL-1007 : analyze verilog file ../../RTL/foc/sincos.v
HDL-1007 : analyze verilog file ../../RTL/foc/svpwm.v
HDL-1007 : analyze verilog file ../../RTL/fpga_top.v
HDL-1007 : analyze verilog file ../../RTL/i2c_register_read.v
HDL-1007 : analyze verilog file ../../RTL/uart_monitor.v
HDL-1007 : analyze verilog file ../../hall_sensor.v
HDL-1007 : analyze verilog file ../../TOP_test.v
HDL-1007 : undeclared symbol 'S_id_aim', assumed default net type 'wire' in ../../TOP_test.v(132)
HDL-1007 : undeclared symbol 'S_iq_aim', assumed default net type 'wire' in ../../TOP_test.v(134)
HDL-1007 : analyze verilog file ../../AS5600_sensor.v
RUN-1001 : Project manager successfully analyzed 16 source files.
RUN-1002 : start command "import_device sf1_6.db -package SF1S60CG121I"
ARC-1001 : Device Initialization.
ARC-1001 : -------------------------------------------------
ARC-1001 :       OPTION       |      IO       |   SETTING   
ARC-1001 : -------------------------------------------------
ARC-1001 :        done        |      B4       |    gpio    
ARC-1001 :        initn       |      A5       |    gpio    
ARC-1001 :       jtagen       |      B7       |    gpio    
ARC-1001 :      programn      |      B5       |  dedicate  
ARC-1001 :   tdi/tms/tck/tdo  |  C4/A6/A7/C5  |  dedicate  
ARC-1001 : -------------------------------------------------
ARC-1004 : Device setting, marked 5 dedicate IOs in total.
RUN-1002 : start command "import_db ../syn_1/FOC_Controller_gate.db"
RUN-1001 : Importing database generated by Tang Dynasty, V5.6.71036.
RUN-1001 : Database version number 46146.
RUN-1001 : Import flow parameters
RUN-1001 : Import IO constraints
RUN-1001 : Import Inst constraints
RUN-1001 : Import design success TD_VERSION=5.6.71036 , DB_VERSION=46146
RUN-1003 : finish command "import_db ../syn_1/FOC_Controller_gate.db" in  1.014639s wall, 0.640625s user + 0.078125s system = 0.718750s CPU (70.8%)

RUN-1004 : used memory is 213 MB, reserved memory is 187 MB, peak memory is 216 MB
RUN-1002 : start command "place"
RUN-1001 : Open license file D:/Anlogic/TD5.6.2/license/Anlogic.lic
RUN-1001 : Print Global Property
RUN-1001 : ---------------------------------------------------------------
RUN-1001 :        Parameters        |  Settings  |  Default Values  |  Note  
RUN-1001 : ---------------------------------------------------------------
RUN-1001 :          message         |  standard  |     standard     |        
RUN-1001 :   mixed_pack_place_flow  |     on     |        on        |        
RUN-1001 :        qor_monitor       |    off     |       off        |        
RUN-1001 :        syn_ip_flow       |    off     |       off        |        
RUN-1001 :          thread          |    auto    |       auto       |        
RUN-1001 : ---------------------------------------------------------------
RUN-1001 : Print Place Property
RUN-1001 : --------------------------------------------------------------
RUN-1001 :        Parameters       |  Settings  |  Default Values  |  Note  
RUN-1001 : --------------------------------------------------------------
RUN-1001 :      detailed_place     |     on     |        on        |        
RUN-1001 :          effort         |   medium   |      medium      |        
RUN-1001 :         fix_hold        |    off     |       off        |        
RUN-1001 :       legalization      |    ori     |       ori        |        
RUN-1001 :      new_spreading      |     on     |        on        |        
RUN-1001 :        opt_timing       |   medium   |      medium      |        
RUN-1001 :   post_clock_route_opt  |    off     |       off        |        
RUN-1001 :       pr_strategy       |     1      |        1         |        
RUN-1001 :        relaxation       |    1.00    |       1.00       |        
RUN-1001 :         retiming        |    off     |       off        |        
RUN-1001 : --------------------------------------------------------------
PHY-3001 : Placer runs in 12 thread(s).
RUN-1002 : start command "legalize_phy_inst"
SYN-1011 : Flatten model TOP_test
RUN-1002 : start command "phys_opt -simplify_lut"
SYN-4016 : Net u_pll/clk0_out driven by BUFG (0 clock/control pins, 1 other pins).
SYN-4027 : Net u_foc_controller/u_adc_ad7928/clk is clkc1 of pll u_pll/pll_inst.
SYN-4019 : Net I_clk_25m_dup_1 is refclk of pll u_pll/pll_inst.
SYN-4020 : Net I_clk_25m_dup_1 is fbclk of pll u_pll/pll_inst.
SYN-4024 : Net "u_foc_controller/u_foc_top/init_done" drives clk pins.
SYN-4025 : Tag rtl::Net I_clk_25m_dup_1 as clock net
SYN-4025 : Tag rtl::Net u_foc_controller/u_adc_ad7928/clk as clock net
SYN-4025 : Tag rtl::Net u_foc_controller/u_foc_top/init_done as clock net
SYN-4025 : Tag rtl::Net u_pll/clk0_out as clock net
SYN-4026 : Tagged 4 rtl::Net as clock net
SYN-4015 : Create BUFG instance for clk Net u_foc_controller/u_foc_top/init_done to drive 12 clock pins.
PHY-1001 : Populate physical database on model TOP_test.
RUN-1001 : There are total 2723 instances
RUN-0007 : 918 luts, 1127 seqs, 407 mslices, 227 lslices, 18 pads, 11 brams, 9 dsps
RUN-1001 : There are total 3687 nets
RUN-1001 : 2521 nets have 2 pins
RUN-1001 : 897 nets have [3 - 5] pins
RUN-1001 : 157 nets have [6 - 10] pins
RUN-1001 : 70 nets have [11 - 20] pins
RUN-1001 : 37 nets have [21 - 99] pins
RUN-1001 : 5 nets have 100+ pins
RUN-1001 : Report Control nets information:
RUN-1001 : DFF Distribution
RUN-1001 : ----------------------------------
RUN-1001 :   CE   |  SSR  |  ASR  |  DFF Count  
RUN-1001 : ----------------------------------
RUN-1001 :   No   |  No   |  No   |     40      
RUN-1001 :   No   |  No   |  Yes  |     426     
RUN-1001 :   No   |  Yes  |  No   |      9      
RUN-1001 :   Yes  |  No   |  No   |      0      
RUN-1001 :   Yes  |  No   |  Yes  |     652     
RUN-1001 :   Yes  |  Yes  |  No   |      0      
RUN-1001 : ----------------------------------
RUN-0007 : Control Group Statistic
RUN-0007 : ---------------------------
RUN-0007 :   #CLK  |  #CE  |  #SSR/ASR  
RUN-0007 : ---------------------------
RUN-0007 :    2    |  29   |     4      
RUN-0007 : ---------------------------
RUN-0007 : Control Set = 33
PHY-3001 : Initial placement ...
PHY-3001 : design contains 2721 instances, 918 luts, 1127 seqs, 634 slices, 96 macros(634 instances: 407 mslices 227 lslices)
PHY-0007 : Cell area utilization is 37%
PHY-3001 : Global placement ...
PHY-3001 : Initial: Len = 473483
PHY-3001 : Run with size of 3
PHY-3001 : Cell area utilization is 37%
PHY-3001 : :::0::: Try harder cell spreading with beta_ = 0
PHY-3002 : Step(1): len = 320718, overlap = 43.3125
PHY-3002 : Step(2): len = 301515, overlap = 43.6875
PHY-3002 : Step(3): len = 176449, overlap = 51.4062
PHY-3002 : Step(4): len = 165211, overlap = 51.5
PHY-3002 : Step(5): len = 144427, overlap = 49.5938
PHY-3002 : Step(6): len = 132809, overlap = 55.3125
PHY-3002 : Step(7): len = 120406, overlap = 57.75
PHY-3002 : Step(8): len = 106472, overlap = 64.875
PHY-3002 : Step(9): len = 96321.8, overlap = 59.5625
PHY-3002 : Step(10): len = 88793.6, overlap = 74.25
PHY-3002 : Step(11): len = 85519, overlap = 81.5625
PHY-3002 : Step(12): len = 78168.5, overlap = 82.8438
PHY-3002 : Step(13): len = 72005.6, overlap = 85.6875
PHY-3002 : Step(14): len = 67035.2, overlap = 89.4688
PHY-3002 : Step(15): len = 65452.7, overlap = 97
PHY-3001 : :::1::: Try harder cell spreading with beta_ = 1.21449e-05
PHY-3002 : Step(16): len = 69036.3, overlap = 93.625
PHY-3002 : Step(17): len = 70415.1, overlap = 95.7188
PHY-3002 : Step(18): len = 69022.4, overlap = 83
PHY-3002 : Step(19): len = 68835.5, overlap = 79.375
PHY-3002 : Step(20): len = 68591.6, overlap = 82.625
PHY-3002 : Step(21): len = 69781.2, overlap = 83.5312
PHY-3002 : Step(22): len = 68852.9, overlap = 78.2812
PHY-3002 : Step(23): len = 69716.4, overlap = 75.625
PHY-3002 : Step(24): len = 70547, overlap = 72.75
PHY-3002 : Step(25): len = 68060.4, overlap = 66
PHY-3002 : Step(26): len = 68014.4, overlap = 58.0312
PHY-3002 : Step(27): len = 66855.9, overlap = 67.8125
PHY-3002 : Step(28): len = 66248, overlap = 69.4062
PHY-3002 : Step(29): len = 65038.1, overlap = 67.2188
PHY-3002 : Step(30): len = 64471.7, overlap = 65
PHY-3002 : Step(31): len = 63073.8, overlap = 68.375
PHY-3002 : Step(32): len = 62670.7, overlap = 64.4688
PHY-3002 : Step(33): len = 61514.4, overlap = 60.2188
PHY-3002 : Step(34): len = 60714.6, overlap = 54.7188
PHY-3002 : Step(35): len = 60395.7, overlap = 52.3125
PHY-3002 : Step(36): len = 60660.8, overlap = 53.4688
PHY-3002 : Step(37): len = 59871.6, overlap = 54.25
PHY-3002 : Step(38): len = 59100.1, overlap = 52.1875
PHY-3002 : Step(39): len = 59006.5, overlap = 49.3125
PHY-3002 : Step(40): len = 58826.5, overlap = 52.25
PHY-3002 : Step(41): len = 58224.5, overlap = 49.625
PHY-3002 : Step(42): len = 58447.3, overlap = 48.625
PHY-3002 : Step(43): len = 58658.9, overlap = 44.7812
PHY-3002 : Step(44): len = 58527.4, overlap = 42
PHY-3002 : Step(45): len = 58059.4, overlap = 42.2188
PHY-3002 : Step(46): len = 57683.7, overlap = 44.0625
PHY-3002 : Step(47): len = 57554, overlap = 39.4375
PHY-3002 : Step(48): len = 56645.6, overlap = 40
PHY-3002 : Step(49): len = 56652, overlap = 41.8438
PHY-3002 : Step(50): len = 56423.1, overlap = 46.2188
PHY-3002 : Step(51): len = 56394.4, overlap = 46.5312
PHY-3002 : Step(52): len = 55912.5, overlap = 42.7812
PHY-3001 : :::2::: Try harder cell spreading with beta_ = 2.42897e-05
PHY-3002 : Step(53): len = 56617.7, overlap = 40.4688
PHY-3002 : Step(54): len = 56876.1, overlap = 40.7188
PHY-3002 : Step(55): len = 57092.7, overlap = 40.6562
PHY-3001 : :::3::: Try harder cell spreading with beta_ = 4.85795e-05
PHY-3002 : Step(56): len = 58071.2, overlap = 38.3125
PHY-3002 : Step(57): len = 58110.9, overlap = 38.3125
PHY-3002 : Step(58): len = 58398.2, overlap = 37.6875
PHY-3002 : Step(59): len = 58522.1, overlap = 37.8125
PHY-3002 : Step(60): len = 59694.2, overlap = 32.9375
PHY-3002 : Step(61): len = 60865.9, overlap = 38.9688
PHY-3002 : Step(62): len = 60968.8, overlap = 35.1875
PHY-3002 : Step(63): len = 61081.7, overlap = 38.4375
PHY-3002 : Step(64): len = 61577.4, overlap = 32.2812
PHY-3002 : Step(65): len = 61863, overlap = 34.2812
PHY-3002 : Step(66): len = 62257.4, overlap = 32.125
PHY-3002 : Step(67): len = 62453.6, overlap = 31.1562
PHY-3002 : Step(68): len = 62272, overlap = 30.5625
PHY-3001 : :::4::: Try harder cell spreading with beta_ = 8.81946e-05
PHY-3002 : Step(69): len = 63011.3, overlap = 30.5
PHY-3002 : Step(70): len = 63196.3, overlap = 28.25
PHY-3002 : Step(71): len = 63929.3, overlap = 27.9375
PHY-3002 : Step(72): len = 64634.9, overlap = 28.0312
PHY-3002 : Step(73): len = 64413.3, overlap = 28
PHY-3002 : Step(74): len = 64443.2, overlap = 27.1875
PHY-3002 : Step(75): len = 64581.7, overlap = 29.1875
PHY-3001 : Legalization ...
PHY-3001 : End legalization;  0.017997s wall, 0.000000s user + 0.000000s system = 0.000000s CPU (n/a%)

PHY-3001 : Run with size of 3
PHY-3001 : Cell area utilization is 44%
PHY-3001 : Analyzing congestion ...
RUN-1001 : Generating global routing grids ...
RUN-1001 : Building simple global routing graph ...
PHY-1001 : Generate routing nets ...
PHY-1001 : Reuse net number 0/3687.
PHY-1001 : Global iterations in 12 thread ...
PHY-1002 : len = 85272, over cnt = 399(3%), over = 2108, worst = 28
PHY-1001 : End global iterations;  0.211740s wall, 0.046875s user + 0.000000s system = 0.046875s CPU (22.1%)

PHY-1001 : Congestion index: top1 = 87.85, top5 = 54.76, top10 = 44.03, top15 = 37.80.
PHY-3001 : End congestion estimation;  0.258597s wall, 0.062500s user + 0.000000s system = 0.062500s CPU (24.2%)

PHY-3001 : Update density targets...
PHY-3001 : Update congestion history...
PHY-3001 : :::0::: Try harder cell spreading with beta_ = 4.54763e-06
PHY-3002 : Step(76): len = 71256.5, overlap = 25.8125
PHY-3002 : Step(77): len = 71315.3, overlap = 27.125
PHY-3002 : Step(78): len = 68647.3, overlap = 33.125
PHY-3002 : Step(79): len = 68209.4, overlap = 39.7812
PHY-3002 : Step(80): len = 64624.3, overlap = 47.8125
PHY-3002 : Step(81): len = 63917.6, overlap = 54.3125
PHY-3002 : Step(82): len = 62647, overlap = 64.6875
PHY-3002 : Step(83): len = 62639.1, overlap = 70.9688
PHY-3002 : Step(84): len = 61557.6, overlap = 66.9375
PHY-3002 : Step(85): len = 61664.2, overlap = 67.5312
PHY-3002 : Step(86): len = 61229.7, overlap = 68.4062
PHY-3001 : :::1::: Try harder cell spreading with beta_ = 9.09525e-06
PHY-3002 : Step(87): len = 60743, overlap = 73.9062
PHY-3002 : Step(88): len = 61173.7, overlap = 73.0312
PHY-3002 : Step(89): len = 61998.1, overlap = 70.4062
PHY-3001 : :::2::: Try harder cell spreading with beta_ = 1.81905e-05
PHY-3002 : Step(90): len = 64385, overlap = 68.75
PHY-3002 : Step(91): len = 65150.4, overlap = 67.7812
PHY-3002 : Step(92): len = 67056.3, overlap = 50.5312
PHY-3002 : Step(93): len = 68215, overlap = 48
PHY-3002 : Step(94): len = 68395.4, overlap = 49.6875
PHY-3002 : Step(95): len = 68865.2, overlap = 45.1875
PHY-3002 : Step(96): len = 69307.5, overlap = 44.4688
PHY-3002 : Step(97): len = 68923, overlap = 40.8438
PHY-3002 : Step(98): len = 68324.7, overlap = 42.5625
PHY-3002 : Step(99): len = 68352.5, overlap = 48.9062
PHY-3001 : :::3::: Try harder cell spreading with beta_ = 3.6381e-05
PHY-3002 : Step(100): len = 69869.2, overlap = 41.4375
PHY-3002 : Step(101): len = 70450.1, overlap = 41.75
PHY-3002 : Step(102): len = 71755.3, overlap = 37.625
PHY-3001 : :::4::: Try harder cell spreading with beta_ = 7.2762e-05
PHY-3002 : Step(103): len = 76023.8, overlap = 32.2812
PHY-3002 : Step(104): len = 77080.5, overlap = 29.9688
PHY-3002 : Step(105): len = 77667.4, overlap = 23.9375
PHY-3002 : Step(106): len = 78094.7, overlap = 21.25
PHY-3002 : Step(107): len = 79271.7, overlap = 19.1562
PHY-3002 : Step(108): len = 79620.7, overlap = 16.5
PHY-3002 : Step(109): len = 78684.7, overlap = 16.0625
PHY-3002 : Step(110): len = 78202.1, overlap = 15.6562
PHY-3002 : Step(111): len = 77845.4, overlap = 16.0312
PHY-3001 : :::5::: Try harder cell spreading with beta_ = 0.000145524
PHY-3002 : Step(112): len = 79518.1, overlap = 15.2812
PHY-3002 : Step(113): len = 80139.4, overlap = 15.0625
PHY-3002 : Step(114): len = 81140.7, overlap = 13.0625
PHY-3001 : :::6::: Try harder cell spreading with beta_ = 0.000291048
PHY-3002 : Step(115): len = 82780.4, overlap = 12.9688
PHY-3002 : Step(116): len = 83649.7, overlap = 11.6562
PHY-3002 : Step(117): len = 86525.2, overlap = 9.78125
PHY-3002 : Step(118): len = 88649.2, overlap = 8.875
PHY-3002 : Step(119): len = 89805.7, overlap = 8.5625
PHY-3002 : Step(120): len = 89036.2, overlap = 8.03125
PHY-3002 : Step(121): len = 87795.2, overlap = 7.21875
PHY-3002 : Step(122): len = 87065.5, overlap = 7.21875
PHY-3002 : Step(123): len = 86931.7, overlap = 7.5
PHY-3002 : Step(124): len = 86545.6, overlap = 6.125
PHY-3002 : Step(125): len = 85856.9, overlap = 5.9375
PHY-3002 : Step(126): len = 85601.6, overlap = 5.25
PHY-3002 : Step(127): len = 85362.9, overlap = 5
PHY-3001 : :::7::: Try harder cell spreading with beta_ = 0.000582096
PHY-3002 : Step(128): len = 86142.9, overlap = 5.375
PHY-3002 : Step(129): len = 87066.9, overlap = 5.375
PHY-3002 : Step(130): len = 88140.5, overlap = 5.25
PHY-3001 : :::8::: Try harder cell spreading with beta_ = 0.00116419
PHY-3002 : Step(131): len = 88596.9, overlap = 5.625
PHY-3002 : Step(132): len = 89338.9, overlap = 5.75
PHY-3002 : Step(133): len = 90585.7, overlap = 4.875
PHY-3002 : Step(134): len = 91592, overlap = 4.9375
PHY-3002 : Step(135): len = 91918.9, overlap = 5
PHY-3002 : Step(136): len = 92123.2, overlap = 4.9375
PHY-3001 : Run with size of 1
PHY-3001 : Cell area utilization is 44%
PHY-3001 : Analyzing congestion ...
RUN-1001 : Generating global routing grids ...
PHY-1001 : Generate routing nets ...
PHY-1001 : Reuse net number 12/3687.
PHY-1001 : Global iterations in 12 thread ...
PHY-1002 : len = 103504, over cnt = 464(4%), over = 1887, worst = 22
PHY-1001 : End global iterations;  0.223218s wall, 0.078125s user + 0.000000s system = 0.078125s CPU (35.0%)

PHY-1001 : Congestion index: top1 = 56.32, top5 = 43.51, top10 = 36.65, top15 = 32.83.
PHY-3001 : End congestion estimation;  0.269259s wall, 0.093750s user + 0.000000s system = 0.093750s CPU (34.8%)

PHY-3001 : Update density targets...
PHY-3001 : Update congestion history...
PHY-3001 : :::0::: Try harder cell spreading with beta_ = 8.78271e-05
PHY-3002 : Step(137): len = 89989.4, overlap = 94.4688
PHY-3002 : Step(138): len = 89532.7, overlap = 88.7812
PHY-3002 : Step(139): len = 87196.8, overlap = 92.9375
PHY-3002 : Step(140): len = 85028.2, overlap = 91.6875
PHY-3002 : Step(141): len = 82739.4, overlap = 83.5625
PHY-3002 : Step(142): len = 82186.7, overlap = 82.4062
PHY-3002 : Step(143): len = 81312, overlap = 71.3438
PHY-3002 : Step(144): len = 80895.6, overlap = 70.1875
PHY-3002 : Step(145): len = 80635.5, overlap = 75.0938
PHY-3002 : Step(146): len = 80193.9, overlap = 77.5625
PHY-3002 : Step(147): len = 79308.3, overlap = 81.4375
PHY-3001 : :::1::: Try harder cell spreading with beta_ = 0.000175654
PHY-3002 : Step(148): len = 79830.3, overlap = 80.5312
PHY-3002 : Step(149): len = 80544, overlap = 79.375
PHY-3002 : Step(150): len = 81202.5, overlap = 81
PHY-3001 : :::2::: Try harder cell spreading with beta_ = 0.000342261
PHY-3002 : Step(151): len = 81711.2, overlap = 80.0312
PHY-3002 : Step(152): len = 82317.9, overlap = 77.4688
PHY-3002 : Step(153): len = 83044.1, overlap = 75.3438
PHY-3002 : Step(154): len = 83631.3, overlap = 72.9688
PHY-3002 : Step(155): len = 84025.7, overlap = 73.4688
PHY-3001 : :::3::: Try harder cell spreading with beta_ = 0.00065137
PHY-3002 : Step(156): len = 84345.1, overlap = 73.8125
PHY-3002 : Step(157): len = 84697.9, overlap = 73.25
PHY-3001 : :::4::: Try harder cell spreading with beta_ = 0.00105392
PHY-3002 : Step(158): len = 85070.8, overlap = 73.3125
PHY-3002 : Step(159): len = 86267.3, overlap = 70.5938
PHY-3002 : Step(160): len = 88185.9, overlap = 68
PHY-3002 : Step(161): len = 88680.1, overlap = 67.125
PHY-3002 : Step(162): len = 89021, overlap = 69.9375
PHY-3002 : Step(163): len = 89367.6, overlap = 66.4375
PHY-3002 : Step(164): len = 89706.1, overlap = 65.0312
PHY-3002 : Step(165): len = 89997.6, overlap = 63.9688
PHY-3001 : :::5::: Try harder cell spreading with beta_ = 0.00178109
PHY-3002 : Step(166): len = 90177.1, overlap = 64.3125
PHY-3002 : Step(167): len = 90574.9, overlap = 61.625
OPT-1001 : Start physical optimization ...
OPT-1001 : Total overflow 61.62 peak overflow 1.31
OPT-1001 : Start high-fanout net optimization ...
OPT-1001 : Update timing in global mode
PHY-1001 : Start incremental global routing, caller is place ...
RUN-1001 : Generating global routing grids ...
PHY-1001 : Generate routing nets ...
PHY-1001 : Reuse net number 231/3687.
PHY-1001 : Global iterations in 12 thread ...
PHY-1002 : len = 105304, over cnt = 475(4%), over = 1473, worst = 16
PHY-1001 : End global iterations;  0.224323s wall, 0.078125s user + 0.000000s system = 0.078125s CPU (34.8%)

PHY-1001 : Congestion index: top1 = 57.64, top5 = 40.41, top10 = 34.39, top15 = 31.27.
PHY-1001 : End incremental global routing;  0.268828s wall, 0.109375s user + 0.000000s system = 0.109375s CPU (40.7%)

RUN-1002 : start command "start_timer -report"
TMR-5001 WARNING: No sdc constraints found while initiating timer.
TMR-2505 : Start building timing graph for model TOP_test.
TMR-2506 : Build timing graph completely. Port num: 18, tpin num: 13894, tnet num: 3685, tinst num: 2721, tnode num: 18032, tedge num: 23573.
TMR-2508 : Levelizing timing graph completed, there are 59 levels in total.
TMR-2501 : Timing graph initialized successfully.
OPT-1001 : End timing update;  0.365461s wall, 0.171875s user + 0.031250s system = 0.203125s CPU (55.6%)

OPT-1001 : 0 high-fanout net processed.
OPT-1001 : End high-fanout net optimization;  0.692500s wall, 0.328125s user + 0.031250s system = 0.359375s CPU (51.9%)

OPT-1001 : Current memory(MB): used = 274, reserve = 248, peak = 274.
OPT-1001 : End physical optimization;  0.720019s wall, 0.359375s user + 0.031250s system = 0.390625s CPU (54.3%)

PHY-3001 : Start packing ...
SYN-4007 : Packing 0 MUX to BLE ...
SYN-4008 : Packed 0 MUX and 0 SEQ to BLE.
SYN-4007 : Packing 918 LUT to BLE ...
SYN-4008 : Packed 918 LUT and 582 SEQ to BLE.
SYN-4003 : Packing 545 remaining SEQ's ...
SYN-4005 : Packed 224 SEQ with LUT/SLICE
SYN-4006 : 203 single LUT's are left
SYN-4006 : 321 single SEQ's are left
SYN-4011 : Packing model "TOP_test" (AL_USER_NORMAL) with 1239/1917 primitive instances ...
PHY-3001 : End packing;  0.116885s wall, 0.078125s user + 0.000000s system = 0.078125s CPU (66.8%)

PHY-1001 : Populate physical database on model TOP_test.
RUN-1001 : There are total 1352 instances
RUN-1001 : 654 mslices, 654 lslices, 18 pads, 11 brams, 9 dsps
RUN-1001 : There are total 3153 nets
RUN-1001 : 2017 nets have 2 pins
RUN-1001 : 864 nets have [3 - 5] pins
RUN-1001 : 169 nets have [6 - 10] pins
RUN-1001 : 66 nets have [11 - 20] pins
RUN-1001 : 32 nets have [21 - 99] pins
RUN-1001 : 5 nets have 100+ pins
PHY-3001 : design contains 1350 instances, 1308 slices, 96 macros(634 instances: 407 mslices 227 lslices)
PHY-3001 : Cell area utilization is 52%
PHY-3001 : After packing: Len = 90285.2, Over = 90.25
PHY-3001 : Run with size of 1
PHY-3001 : Cell area utilization is 52%
PHY-3001 : Analyzing congestion ...
RUN-1001 : Generating global routing grids ...
PHY-1001 : Generate routing nets ...
PHY-1001 : Reuse net number 1798/3153.
PHY-1001 : Global iterations in 12 thread ...
PHY-1002 : len = 105488, over cnt = 312(2%), over = 824, worst = 15
PHY-1002 : len = 109408, over cnt = 186(1%), over = 362, worst = 10
PHY-1002 : len = 112240, over cnt = 37(0%), over = 44, worst = 5
PHY-1002 : len = 112960, over cnt = 0(0%), over = 0, worst = 0
PHY-1001 : End global iterations;  0.271520s wall, 0.031250s user + 0.015625s system = 0.046875s CPU (17.3%)

PHY-1001 : Congestion index: top1 = 51.67, top5 = 36.96, top10 = 31.88, top15 = 29.02.
PHY-3001 : End congestion estimation;  0.321358s wall, 0.046875s user + 0.015625s system = 0.062500s CPU (19.4%)

PHY-3001 : Update density targets...
PHY-3001 : Update congestion history...
PHY-3001 : :::0::: Try harder cell spreading with beta_ = 3.11743e-05
PHY-3002 : Step(168): len = 81087.7, overlap = 101.75
PHY-3002 : Step(169): len = 79589.9, overlap = 99.5
PHY-3002 : Step(170): len = 79201.4, overlap = 103.5
PHY-3002 : Step(171): len = 78011, overlap = 95.5
PHY-3002 : Step(172): len = 77683.8, overlap = 98.75
PHY-3002 : Step(173): len = 76796.7, overlap = 95
PHY-3002 : Step(174): len = 76405.6, overlap = 96.5
PHY-3002 : Step(175): len = 76125.7, overlap = 99.5
PHY-3001 : :::1::: Try harder cell spreading with beta_ = 6.23485e-05
PHY-3002 : Step(176): len = 78666.2, overlap = 91.25
PHY-3002 : Step(177): len = 79820.4, overlap = 87.5
PHY-3002 : Step(178): len = 80742.7, overlap = 82
PHY-3001 : :::2::: Try harder cell spreading with beta_ = 0.000124697
PHY-3002 : Step(179): len = 83077, overlap = 79.25
PHY-3002 : Step(180): len = 84664, overlap = 76.75
PHY-3002 : Step(181): len = 86764.6, overlap = 74.75
PHY-3002 : Step(182): len = 87075.5, overlap = 69.75
PHY-3002 : Step(183): len = 86860.8, overlap = 68.25
PHY-3002 : Step(184): len = 86635, overlap = 66
PHY-3001 : :::3::: Try harder cell spreading with beta_ = 0.000232725
PHY-3002 : Step(185): len = 88769.2, overlap = 64.25
PHY-3002 : Step(186): len = 89946.2, overlap = 65.75
PHY-3002 : Step(187): len = 90786.7, overlap = 62
PHY-3001 : :::4::: Try harder cell spreading with beta_ = 0.000465449
PHY-3002 : Step(188): len = 91492.9, overlap = 60.5
PHY-3002 : Step(189): len = 92915.3, overlap = 64.5
PHY-3002 : Step(190): len = 93926.9, overlap = 64.75
PHY-3002 : Step(191): len = 94777.3, overlap = 65.25
PHY-3002 : Step(192): len = 94817.5, overlap = 61.75
PHY-3002 : Step(193): len = 94514.4, overlap = 61.25
PHY-3002 : Step(194): len = 94386.7, overlap = 62
PHY-3002 : Step(195): len = 94209.4, overlap = 61.25
PHY-3002 : Step(196): len = 94248.6, overlap = 60.25
PHY-3002 : Step(197): len = 94454.6, overlap = 58.75
PHY-3001 : :::5::: Try harder cell spreading with beta_ = 0.000802909
PHY-3002 : Step(198): len = 95070.1, overlap = 57.5
PHY-3002 : Step(199): len = 95711.2, overlap = 56.75
PHY-3002 : Step(200): len = 96554.9, overlap = 56.5
PHY-3001 : :::6::: Try harder cell spreading with beta_ = 0.00129911
PHY-3002 : Step(201): len = 96733.5, overlap = 56.5
PHY-3002 : Step(202): len = 97546.9, overlap = 53
PHY-3002 : Step(203): len = 98641.7, overlap = 49.75
PHY-3002 : Step(204): len = 99167, overlap = 50.25
PHY-3002 : Step(205): len = 99272.4, overlap = 52.5
PHY-3002 : Step(206): len = 99448.3, overlap = 52.5
PHY-3002 : Step(207): len = 99678.8, overlap = 51.75
PHY-3002 : Step(208): len = 100053, overlap = 50.75
PHY-3002 : Step(209): len = 100411, overlap = 50
PHY-3002 : Step(210): len = 100633, overlap = 48.5
PHY-3002 : Step(211): len = 100812, overlap = 50
PHY-3002 : Step(212): len = 101075, overlap = 49.5
PHY-3001 : :::7::: Try harder cell spreading with beta_ = 0.00210688
PHY-3002 : Step(213): len = 101253, overlap = 49.25
PHY-3002 : Step(214): len = 101602, overlap = 49.5
PHY-3001 : Legalization ...
PHY-3001 : End legalization;  0.636224s wall, 0.093750s user + 0.125000s system = 0.218750s CPU (34.4%)

PHY-3001 : Trial Legalized: Len = 105939
PHY-3001 : Run with size of 1
PHY-3001 : Cell area utilization is 50%
PHY-3001 : Analyzing congestion ...
RUN-1001 : Generating global routing grids ...
PHY-1001 : Generate routing nets ...
PHY-1001 : Reuse net number 198/3153.
PHY-1001 : Global iterations in 12 thread ...
PHY-1002 : len = 122064, over cnt = 240(2%), over = 423, worst = 9
PHY-1002 : len = 124096, over cnt = 163(1%), over = 209, worst = 4
PHY-1002 : len = 125888, over cnt = 40(0%), over = 49, worst = 3
PHY-1002 : len = 126736, over cnt = 0(0%), over = 0, worst = 0
PHY-1001 : End global iterations;  0.350280s wall, 0.156250s user + 0.000000s system = 0.156250s CPU (44.6%)

PHY-1001 : Congestion index: top1 = 45.56, top5 = 35.04, top10 = 30.73, top15 = 28.43.
PHY-3001 : End congestion estimation;  0.407661s wall, 0.156250s user + 0.000000s system = 0.156250s CPU (38.3%)

PHY-3001 : Update density targets...
PHY-3001 : Update congestion history...
PHY-3001 : :::0::: Try harder cell spreading with beta_ = 8.07221e-05
PHY-3002 : Step(215): len = 95617.2, overlap = 33.75
PHY-3002 : Step(216): len = 93371.9, overlap = 39.75
PHY-3002 : Step(217): len = 93183.7, overlap = 41.25
PHY-3002 : Step(218): len = 93105.7, overlap = 37.5
PHY-3002 : Step(219): len = 92948.1, overlap = 35.25
PHY-3002 : Step(220): len = 92925.7, overlap = 32.5
PHY-3001 : :::1::: Try harder cell spreading with beta_ = 0.000161444
PHY-3002 : Step(221): len = 94319.1, overlap = 31.25
PHY-3002 : Step(222): len = 94969, overlap = 32
PHY-3002 : Step(223): len = 95331.4, overlap = 31.75
PHY-3001 : :::2::: Try harder cell spreading with beta_ = 0.000322889
PHY-3002 : Step(224): len = 96415.8, overlap = 28.75
PHY-3002 : Step(225): len = 96846.5, overlap = 27.25
PHY-3002 : Step(226): len = 97195.6, overlap = 26
PHY-3002 : Step(227): len = 97416, overlap = 23.25
PHY-3002 : Step(228): len = 97610, overlap = 24
PHY-3001 : Legalization ...
PHY-3001 : End legalization;  0.004913s wall, 0.000000s user + 0.000000s system = 0.000000s CPU (n/a%)

PHY-3001 : Legalized: Len = 98292.2, Over = 0
PHY-3001 : Spreading special nets. 1 overflows in 930 tiles.
PHY-3001 : End spreading;  0.008228s wall, 0.000000s user + 0.000000s system = 0.000000s CPU (n/a%)

PHY-3001 : 2 instances has been re-located, deltaX = 0, deltaY = 2, maxDist = 1.
PHY-3001 : Final: Len = 98320.2, Over = 0
RUN-1003 : finish command "place" in  9.581121s wall, 2.453125s user + 0.921875s system = 3.375000s CPU (35.2%)

RUN-1004 : used memory is 262 MB, reserved memory is 237 MB, peak memory is 275 MB
RUN-1002 : start command "export_db FOC_Controller_place.db"
RUN-1001 : Exported /
RUN-1001 : Exported flow parameters
RUN-1001 : Exported libs
RUN-1001 : Exported entities
RUN-1001 : Exported ports
RUN-1001 : Exported pins
RUN-1001 : Exported instances
RUN-1001 : Exported nets
RUN-1001 : Exported buses
RUN-1001 : Exported models
RUN-1001 : Exported congestions
RUN-1001 : Exported violations
RUN-1001 : Exported IO constraints
RUN-1001 : Exported Inst constraints
RUN-1002 : start command "route"
RUN-1001 : Open license file D:/Anlogic/TD5.6.2/license/Anlogic.lic
RUN-1001 : Print Global Property
RUN-1001 : ---------------------------------------------------------------
RUN-1001 :        Parameters        |  Settings  |  Default Values  |  Note  
RUN-1001 : ---------------------------------------------------------------
RUN-1001 :          message         |  standard  |     standard     |        
RUN-1001 :   mixed_pack_place_flow  |     on     |        on        |        
RUN-1001 :        qor_monitor       |    off     |       off        |        
RUN-1001 :        syn_ip_flow       |    off     |       off        |        
RUN-1001 :          thread          |    auto    |       auto       |        
RUN-1001 : ---------------------------------------------------------------
RUN-1001 : Print Route Property
RUN-1001 : -------------------------------------------------------
RUN-1001 :    Parameters    |  Settings  |  Default Values  |  Note  
RUN-1001 : -------------------------------------------------------
RUN-1001 :      effort      |   medium   |      medium      |        
RUN-1001 :     fix_hold     |    off     |       off        |        
RUN-1001 :    opt_timing    |   medium   |      medium      |        
RUN-1001 :   phy_sim_model  |    off     |       off        |        
RUN-1001 :     priority     |   timing   |      timing      |        
RUN-1001 :     swap_pin     |     on     |        on        |        
RUN-1001 : -------------------------------------------------------
PHY-1001 : Route runs in 12 thread(s)
RUN-1001 : There are total 1352 instances
RUN-1001 : 654 mslices, 654 lslices, 18 pads, 11 brams, 9 dsps
RUN-1001 : There are total 3153 nets
RUN-1001 : 2017 nets have 2 pins
RUN-1001 : 864 nets have [3 - 5] pins
RUN-1001 : 169 nets have [6 - 10] pins
RUN-1001 : 66 nets have [11 - 20] pins
RUN-1001 : 32 nets have [21 - 99] pins
RUN-1001 : 5 nets have 100+ pins
RUN-1002 : start command "start_timer -report"
TMR-5001 WARNING: No sdc constraints found while initiating timer.
TMR-2505 : Start building timing graph for model TOP_test.
TMR-2506 : Build timing graph completely. Port num: 18, tpin num: 11602, tnet num: 3151, tinst num: 1350, tnode num: 14512, tedge num: 20750.
TMR-2508 : Levelizing timing graph completed, there are 57 levels in total.
TMR-2501 : Timing graph initialized successfully.
PHY-1001 : 654 mslices, 654 lslices, 18 pads, 11 brams, 9 dsps
TMR-2503 : Start to update net delay, extr mode = 3.
TMR-2504 : Update delay of 3151 nets completely.
TMR-2502 : Annotate delay completely, extr mode = 3.
TMR-3002 : No user constraint, initiate default constraint.
TMR-1501 : Assign derive clock DeriveClock to 1370 clock pins, and constraint 2908 relative nodes.
TMR-3003 : Constraints initiated successfully.
TMR-3501 : Forward propagation: start to calculate arrival time...
TMR-3502 : Backward propagation: start to calculate required time...
TMR-3503 : Timing propagation completes.
PHY-1001 : Start global routing, caller is route ...
RUN-1001 : Generating global routing grids ...
PHY-1001 : Generate routing nets ...
PHY-1001 : Global iterations in 12 thread ...
PHY-1002 : len = 113336, over cnt = 275(2%), over = 489, worst = 9
PHY-1002 : len = 115432, over cnt = 174(1%), over = 243, worst = 6
PHY-1002 : len = 116984, over cnt = 83(0%), over = 111, worst = 4
PHY-1002 : len = 118360, over cnt = 3(0%), over = 3, worst = 1
PHY-1002 : len = 118496, over cnt = 0(0%), over = 0, worst = 0
PHY-1001 : End global iterations;  0.363158s wall, 0.156250s user + 0.000000s system = 0.156250s CPU (43.0%)

PHY-1001 : Congestion index: top1 = 44.93, top5 = 34.05, top10 = 29.91, top15 = 27.67.
PHY-1001 : End global routing;  0.430638s wall, 0.187500s user + 0.000000s system = 0.187500s CPU (43.5%)

PHY-1001 : Start detail routing ...
PHY-1001 : Current memory(MB): used = 316, reserve = 290, peak = 334.
PHY-1001 : Detailed router is running in normal mode.
PHY-1001 : Generate detailed routing grids ...
PHY-1001 : Generate nets ...
PHY-1001 : net I_clk_25m_dup_1 will be routed on clock mesh
PHY-1001 : net u_foc_controller/u_adc_ad7928/clk will be routed on clock mesh
PHY-1001 : clock net u_foc_controller/u_foc_top/init_done_syn_4 will be merged with clock u_foc_controller/u_foc_top/init_done
PHY-1001 : clock net u_pll/clk0_out will be merged with clock u_pll/clk0_buf
PHY-1001 : Current memory(MB): used = 401, reserve = 377, peak = 401.
PHY-1001 : End build detailed router design. 1.842990s wall, 1.312500s user + 0.000000s system = 1.312500s CPU (71.2%)

PHY-1001 : Detail Route ...
PHY-1001 : ===== Detail Route Phase 1 =====
PHY-1001 : Clock net routing.....
PHY-1001 : Routed 0% nets.
PHY-1022 : len = 66328, over cnt = 0(0%), over = 0, worst = 0, crit = 0
PHY-1001 : End initial clock net routed; 0.350954s wall, 0.140625s user + 0.000000s system = 0.140625s CPU (40.1%)

PHY-1001 : Current memory(MB): used = 412, reserve = 388, peak = 412.
PHY-1001 : End phase 1; 0.352792s wall, 0.140625s user + 0.000000s system = 0.140625s CPU (39.9%)

PHY-1001 : ===== Detail Route Phase 2 =====
PHY-1001 : Initial routing.....
PHY-1001 : Routed 35% nets.
PHY-1001 : Routed 39% nets.
PHY-1001 : Routed 50% nets.
PHY-1001 : Routed 62% nets.
PHY-1001 : Routed 82% nets.
PHY-1022 : len = 307952, over cnt = 72(0%), over = 72, worst = 1, crit = 0
PHY-1001 : Current memory(MB): used = 412, reserve = 389, peak = 412.
PHY-1001 : End initial routed; 1.985255s wall, 1.140625s user + 0.000000s system = 1.140625s CPU (57.5%)

PHY-1001 : Current memory(MB): used = 412, reserve = 389, peak = 412.
PHY-1001 : End phase 2; 1.985345s wall, 1.140625s user + 0.000000s system = 1.140625s CPU (57.5%)

PHY-1001 : ===== Detail Route Phase 3 =====
PHY-1001 : Ripup-reroute.....
PHY-1001 : ===== DR Iter 1 =====
PHY-1022 : len = 307504, over cnt = 14(0%), over = 14, worst = 1, crit = 0
PHY-1001 : End DR Iter 1; 0.055003s wall, 0.000000s user + 0.000000s system = 0.000000s CPU (n/a%)

PHY-1001 : ===== DR Iter 2 =====
PHY-1022 : len = 307600, over cnt = 2(0%), over = 2, worst = 1, crit = 0
PHY-1001 : End DR Iter 2; 0.040681s wall, 0.015625s user + 0.000000s system = 0.015625s CPU (38.4%)

PHY-1001 : ===== DR Iter 3 =====
PHY-1022 : len = 307648, over cnt = 0(0%), over = 0, worst = 0, crit = 0
PHY-1001 : End DR Iter 3; 0.029220s wall, 0.046875s user + 0.000000s system = 0.046875s CPU (160.4%)

PHY-1001 : Commit to database.....
PHY-5014 WARNING: Detail route doesn't find pib for u_pll/pll_inst.dsm_rst[0]
PHY-5014 WARNING: Detail route doesn't find pib for u_pll/pll_inst.frac_offset_valid[0]
PHY-5014 WARNING: Detail route doesn't find pib for u_pll/pll_inst.ssc_en[0]
PHY-5014 WARNING: Detail route doesn't find pib for u_pll/pll_inst.dsm_refclk[0]
PHY-1001 : 6 feed throughs used by 6 nets
PHY-1001 : End commit to database; 0.484537s wall, 0.437500s user + 0.000000s system = 0.437500s CPU (90.3%)

PHY-1001 : Current memory(MB): used = 428, reserve = 405, peak = 428.
PHY-1001 : End phase 3; 0.663113s wall, 0.500000s user + 0.000000s system = 0.500000s CPU (75.4%)

PHY-1003 : Routed, final wirelength = 307648
PHY-1001 : Current memory(MB): used = 429, reserve = 405, peak = 429.
PHY-1001 : End export database. 0.008752s wall, 0.000000s user + 0.000000s system = 0.000000s CPU (n/a%)

PHY-1001 : End detail routing;  4.972912s wall, 3.171875s user + 0.000000s system = 3.171875s CPU (63.8%)

RUN-1003 : finish command "route" in  5.964865s wall, 3.687500s user + 0.015625s system = 3.703125s CPU (62.1%)

RUN-1004 : used memory is 369 MB, reserved memory is 347 MB, peak memory is 429 MB
RUN-1002 : start command "report_area -io_info -file FOC_Controller_phy.area"
RUN-1001 : standard
***Report Model: TOP_test Device: SF1S60CG121I***

IO Statistics
#IO                        18
  #input                    8
  #output                   9
  #inout                    1

Utilization Statistics
#lut                     2199   out of   5824   37.76%
#reg                     1137   out of   5824   19.52%
#le                      2520
  #lut only              1383   out of   2520   54.88%
  #reg only               321   out of   2520   12.74%
  #lut&reg                816   out of   2520   32.38%
#dsp                        9   out of     10   90.00%
#bram                      11   out of     26   42.31%
  #bram9k                  11
  #fifo9k                   0
#hard-ip                    0
  #mcu                      0   out of      1    0.00%
  #dsc                      0   out of      1    0.00%
  #dsi                      0   out of      2    0.00%
  #psram controller         0   out of      2    0.00%
#pad                       18   out of     55   32.73%
  #ireg                     1
  #oreg                    10
  #treg                     1
#pll                        1   out of      2   50.00%
#gclk                       2   out of     16   12.50%

Clock Resource Statistics
Index     ClockNet                                Type               DriverType         Driver                                                Fanout
#1        u_foc_controller/u_adc_ad7928/clk       GCLK               pll                u_pll/pll_inst.clkc1                                  678
#2        u_foc_controller/u_foc_top/init_done    GCLK               lslice             u_foc_controller/u_foc_top/init_done_reg_syn_33.q0    8
#3        I_clk_25m_dup_1                         GeneralRouting     io                 I_clk_25m_syn_2.di                                    1


Detailed IO Report

     Name       Direction    Location    IOStandard    DriveStrength    PullType     PackReg   
  I_clk_25m       INPUT         D7        LVCMOS18          N/A          PULLUP       NONE     
   I_hall_u       INPUT        G10        LVCMOS18          N/A          PULLUP       NONE     
   I_hall_v       INPUT        H11        LVCMOS18          N/A          PULLUP       NONE     
   I_hall_w       INPUT        H10        LVCMOS18          N/A          PULLUP       NONE     
    I_rstn        INPUT         J2        LVCMOS18          N/A          PULLUP       NONE     
  I_spi_miso      INPUT         B9        LVCMOS18          N/A          PULLUP       IREG     
     key1         INPUT         H2        LVCMOS18          N/A          PULLUP       NONE     
     key2         INPUT         J4        LVCMOS18          N/A          PULLUP       NONE     
  O_i2c_scl      OUTPUT         G3        LVCMOS18           8            NONE        OREG     
   O_pwm_a       OUTPUT        C10        LVCMOS18           8            NONE        OREG     
   O_pwm_b       OUTPUT        C11        LVCMOS18           8            NONE        OREG     
   O_pwm_c       OUTPUT        E11        LVCMOS18           8            NONE        OREG     
   O_pwm_en      OUTPUT        F11        LVCMOS18           8            NONE        OREG     
  O_spi_mosi     OUTPUT         B8        LVCMOS18           8            NONE        OREG     
  O_spi_sck      OUTPUT         A9        LVCMOS18           8            NONE        OREG     
   O_spi_ss      OUTPUT         A8        LVCMOS18           8            NONE        OREG     
  O_uart_tx      OUTPUT         A4        LVCMOS18           8            NONE        OREG     
  IO_i2c_sda      INOUT         H3        LVCMOS18           8           PULLUP     OREG;TREG  

Report Hierarchy Area:
+------------------------------------------------------------------------------------------------+
|Instance                |Module            |le     |lut     |ripple  |seq     |bram    |dsp     |
+------------------------------------------------------------------------------------------------+
|top                     |TOP_test          |2520   |1565    |634     |1149    |11      |9       |
|  u_foc_controller      |foc_controller    |2125   |1268    |540     |968     |11      |9       |
|    u_adc_ad7928        |adc_ad7928        |134    |79      |28      |80      |0       |0       |
|    u_as5600_encoder    |as5600_encoder    |291    |177     |94      |78      |0       |1       |
|      u_as5600_read     |i2c_register_read |258    |165     |82      |64      |0       |0       |
|    u_foc_top           |foc_top           |1699   |1011    |418     |810     |11      |8       |
|      u_adc_sn_ctrl     |hold_detect       |18     |14      |4       |9       |0       |0       |
|      u_cartesian2polar |cartesian2polar   |382    |306     |59      |193     |8       |1       |
|      u_clark_tr        |clark_tr          |147    |53      |44      |79      |0       |0       |
|      u_id_pi           |pi_controller     |259    |149     |90      |82      |0       |1       |
|      u_iq_pi           |pi_controller     |272    |138     |95      |87      |0       |1       |
|      u_park_tr         |park_tr           |203    |124     |44      |96      |2       |4       |
|        u_sincos        |sincos            |136    |106     |26      |61      |2       |0       |
|      u_svpwm           |svpwm             |286    |167     |57      |180     |1       |1       |
|    u_hall_encoder      |hall_encoder      |1      |1       |0       |0       |0       |0       |
|  u_pll                 |pll               |0      |0       |0       |0       |0       |0       |
|  u_uart_monitor        |uart_monitor      |319    |243     |72      |133     |0       |0       |
+------------------------------------------------------------------------------------------------+


DataNet Average Fanout:

   Index     Fanout     Nets  
    #1          1       1997  
    #2          2       501   
    #3          3       288   
    #4          4        75   
    #5        5-10      180   
    #6        11-50      83   
    #7       51-100      3    
    #8       101-500     2    
  Average     2.48            

RUN-1002 : start command "export_db FOC_Controller_pr.db"
RUN-1001 : Exported /
RUN-1001 : Exported flow parameters
RUN-1001 : Exported libs
RUN-1001 : Exported entities
RUN-1001 : Exported ports
RUN-1001 : Exported pins
RUN-1001 : Exported instances
RUN-1001 : Exported nets
RUN-1001 : Exported buses
RUN-1001 : Exported models
RUN-1001 : Exported congestions
RUN-1001 : Exported violations
RUN-1001 : Exported IO constraints
RUN-1001 : Exported Inst constraints
RUN-1003 : finish command "export_db FOC_Controller_pr.db" in  1.009990s wall, 1.109375s user + 0.015625s system = 1.125000s CPU (111.4%)

RUN-1004 : used memory is 374 MB, reserved memory is 354 MB, peak memory is 447 MB
RUN-1002 : start command "export_bid FOC_Controller_inst.bid"
PRG-1000 : <!-- HMAC is: 6b861322dd0de563203fbe03c30b788e711c277bbb67479877cd6350b45f30ee -->
RUN-1002 : start command "bitgen -bit FOC_Controller.bit"
BIT-1003 : Start to generate bitstream. 
BIT-1002 : Init instances with 12 threads.
BIT-1002 : Init instances completely, inst num: 1350
BIT-1002 : Init pips with 12 threads.
BIT-1002 : Init pips completely, net num: 3153, pip num: 26223
BIT-1002 : Init feedthrough completely, num: 6
BIT-1003 : Multithreading accelaration with 12 threads.
BIT-1003 : Generate bitstream completely, there are 1065 valid insts, and 79814 bits set as '1'.
BIT-1004 : the usercode register value: 00000000110001010000000000000000
BIT-1004 : Generate bits file FOC_Controller.bit.
RUN-1003 : finish command "bitgen -bit FOC_Controller.bit" in  2.884121s wall, 20.000000s user + 0.031250s system = 20.031250s CPU (694.5%)

RUN-1004 : used memory is 378 MB, reserved memory is 360 MB, peak memory is 555 MB
RUN-1002 : start command "backup_run_log run.log ../.logs/phy_1/td_20231108_204857.log"
