============================================================
   Tang Dynasty, V5.6.71036
      Copyright (c) 2012-2023 Anlogic Inc.
   Executable = D:/Anlogic/TD5.6.2/bin/td.exe
   Built at =   20:34:38 Mar 21 2023
   Run by =     15597
   Run Date =   Mon Nov  6 23:40:30 2023

   Run on =     XR097-DELL-G7
============================================================
RUN-1002 : start command "open_project FOC_Controller.prj"
RUN-1001 : Print Global Property
RUN-1001 : ---------------------------------------------------------------
RUN-1001 :        Parameters        |  Settings  |  Default Values  |  Note  
RUN-1001 : ---------------------------------------------------------------
RUN-1001 :          message         |  standard  |     standard     |        
RUN-1001 :   mixed_pack_place_flow  |     on     |        on        |        
RUN-1001 :        qor_monitor       |    off     |       off        |        
RUN-1001 :        syn_ip_flow       |    off     |       off        |        
RUN-1001 :          thread          |    auto    |       auto       |        
RUN-1001 : ---------------------------------------------------------------
RUN-1001 : Print Design Property
RUN-1001 : --------------------------------------------------------------
RUN-1001 :        Parameters       |  Settings  |  Default Values  |  Note  
RUN-1001 : --------------------------------------------------------------
RUN-1001 :   default_reg_initial   |    auto    |       auto       |        
RUN-1001 :        infer_add        |     on     |        on        |        
RUN-1001 :        infer_fsm        |    off     |       off        |        
RUN-1001 :        infer_mult       |     on     |        on        |        
RUN-1001 :        infer_ram        |     on     |        on        |        
RUN-1001 :        infer_reg        |     on     |        on        |        
RUN-1001 :   infer_reg_init_value  |     on     |        on        |        
RUN-1001 :        infer_rom        |     on     |        on        |        
RUN-1001 :      infer_shifter      |     on     |        on        |        
RUN-1001 : --------------------------------------------------------------
RUN-1001 : Print Rtl Property
RUN-1001 : --------------------------------------------------------------
RUN-1001 :        Parameters       |  Settings  |  Default Values  |  Note  
RUN-1001 : --------------------------------------------------------------
RUN-1001 :       compress_add      |   ripple   |      ripple      |        
RUN-1001 :        elf_sload        |    off     |       off        |        
RUN-1001 :       fix_undriven      |     0      |        0         |        
RUN-1001 :         flatten         |    off     |       off        |        
RUN-1001 :       gate_sharing      |     on     |        on        |        
RUN-1001 :    hdl_warning_level    |   normal   |      normal      |        
RUN-1001 :   impl_internal_tribuf  |     on     |        on        |        
RUN-1001 :      impl_set_reset     |     on     |        on        |        
RUN-1001 :        infer_gsr        |    off     |       off        |        
RUN-1001 :      keep_hierarchy     |    auto    |       auto       |        
RUN-1001 :        max_fanout       |    9999    |       9999       |        
RUN-1001 :      max_oh2bin_len     |     10     |        10        |        
RUN-1001 :       merge_equal       |     on     |        on        |        
RUN-1001 :       merge_equiv       |     on     |        on        |        
RUN-1001 :        merge_mux        |    off     |       off        |        
RUN-1001 :     min_control_set     |     8      |        8         |        
RUN-1001 :      min_ripple_len     |    auto    |       auto       |        
RUN-1001 :       oh2bin_ratio      |    0.08    |       0.08       |        
RUN-1001 :     opt_adder_fanout    |     on     |        on        |        
RUN-1001 :        opt_arith        |     on     |        on        |        
RUN-1001 :       opt_big_gate      |    off     |       off        |        
RUN-1001 :        opt_const        |     on     |        on        |        
RUN-1001 :      opt_const_mult     |     on     |        on        |        
RUN-1001 :       opt_lessthan      |     on     |        on        |        
RUN-1001 :         opt_mux         |    off     |       off        |        
RUN-1001 :         opt_ram         |    high    |       high       |        
RUN-1001 :      rtl_sim_model      |    off     |       off        |        
RUN-1001 :         seq_syn         |     on     |        on        |        
RUN-1001 : --------------------------------------------------------------
HDL-1007 : analyze verilog file ../../al_ip/pll.v
HDL-1007 : undeclared symbol 'open', assumed default net type 'wire' in ../../al_ip/pll.v(86)
HDL-1007 : analyze verilog file ../../RTL/adc_ad7928.v
HDL-1007 : analyze verilog file ../../RTL/foc/cartesian2polar.v
HDL-1007 : analyze verilog file ../../RTL/foc/clark_tr.v
HDL-1007 : analyze verilog file ../../RTL/foc/foc_top.v
HDL-1007 : analyze verilog file ../../RTL/foc/hold_detect.v
HDL-1007 : analyze verilog file ../../RTL/foc/park_tr.v
HDL-1007 : analyze verilog file ../../RTL/foc/pi_controller.v
HDL-1007 : analyze verilog file ../../RTL/foc/sincos.v
HDL-1007 : analyze verilog file ../../RTL/foc/svpwm.v
HDL-1007 : analyze verilog file ../../RTL/fpga_top.v
HDL-1007 : analyze verilog file ../../RTL/i2c_register_read.v
HDL-1007 : analyze verilog file ../../RTL/uart_monitor.v
RUN-1001 : Project manager successfully analyzed 13 source files.
RUN-1002 : start command "import_device sf1_6.db -package SF1S60CG121I"
ARC-1001 : Device Initialization.
ARC-1001 : -------------------------------------------------
ARC-1001 :       OPTION       |      IO       |   SETTING   
ARC-1001 : -------------------------------------------------
ARC-1001 :        done        |      B4       |    gpio    
ARC-1001 :        initn       |      A5       |    gpio    
ARC-1001 :       jtagen       |      B7       |    gpio    
ARC-1001 :      programn      |      B5       |  dedicate  
ARC-1001 :   tdi/tms/tck/tdo  |  C4/A6/A7/C5  |  dedicate  
ARC-1001 : -------------------------------------------------
ARC-1004 : Device setting, marked 5 dedicate IOs in total.
RUN-1002 : start command "import_db ../syn_1/FOC_Controller_gate.db"
RUN-1001 : Importing database generated by Tang Dynasty, V5.6.71036.
RUN-1001 : Database version number 46146.
RUN-1001 : Import flow parameters
RUN-1001 : Import IO constraints
RUN-1001 : Import Inst constraints
RUN-1001 : Import design success TD_VERSION=5.6.71036 , DB_VERSION=46146
RUN-1003 : finish command "import_db ../syn_1/FOC_Controller_gate.db" in  1.034026s wall, 0.609375s user + 0.015625s system = 0.625000s CPU (60.4%)

RUN-1004 : used memory is 219 MB, reserved memory is 193 MB, peak memory is 222 MB
RUN-1002 : start command "place"
RUN-1001 : Open license file D:/Anlogic/TD5.6.2/license/Anlogic.lic
RUN-1001 : Print Global Property
RUN-1001 : ---------------------------------------------------------------
RUN-1001 :        Parameters        |  Settings  |  Default Values  |  Note  
RUN-1001 : ---------------------------------------------------------------
RUN-1001 :          message         |  standard  |     standard     |        
RUN-1001 :   mixed_pack_place_flow  |     on     |        on        |        
RUN-1001 :        qor_monitor       |    off     |       off        |        
RUN-1001 :        syn_ip_flow       |    off     |       off        |        
RUN-1001 :          thread          |    auto    |       auto       |        
RUN-1001 : ---------------------------------------------------------------
RUN-1001 : Print Place Property
RUN-1001 : --------------------------------------------------------------
RUN-1001 :        Parameters       |  Settings  |  Default Values  |  Note  
RUN-1001 : --------------------------------------------------------------
RUN-1001 :      detailed_place     |     on     |        on        |        
RUN-1001 :          effort         |   medium   |      medium      |        
RUN-1001 :         fix_hold        |    off     |       off        |        
RUN-1001 :       legalization      |    ori     |       ori        |        
RUN-1001 :      new_spreading      |     on     |        on        |        
RUN-1001 :        opt_timing       |   medium   |      medium      |        
RUN-1001 :   post_clock_route_opt  |    off     |       off        |        
RUN-1001 :       pr_strategy       |     1      |        1         |        
RUN-1001 :        relaxation       |    1.00    |       1.00       |        
RUN-1001 :         retiming        |    off     |       off        |        
RUN-1001 : --------------------------------------------------------------
PHY-3001 : Placer runs in 12 thread(s).
RUN-1002 : start command "legalize_phy_inst"
SYN-1011 : Flatten model TOP
RUN-1002 : start command "phys_opt -simplify_lut"
SYN-4016 : Net u_adc_ad7928/clk driven by BUFG (1342 clock/control pins, 1 other pins).
SYN-4019 : Net clk_25m_dup_1 is refclk of pll pll_inst/pll_inst.
SYN-4020 : Net clk_25m_dup_1 is fbclk of pll pll_inst/pll_inst.
SYN-4025 : Tag rtl::Net clk_25m_dup_1 as clock net
SYN-4025 : Tag rtl::Net u_adc_ad7928/clk as clock net
SYN-4026 : Tagged 2 rtl::Net as clock net
PHY-1001 : Populate physical database on model TOP.
RUN-1001 : There are total 3542 instances
RUN-0007 : 1274 luts, 1301 seqs, 598 mslices, 331 lslices, 12 pads, 11 brams, 10 dsps
RUN-1001 : There are total 4939 nets
RUN-1001 : 3521 nets have 2 pins
RUN-1001 : 1109 nets have [3 - 5] pins
RUN-1001 : 136 nets have [6 - 10] pins
RUN-1001 : 116 nets have [11 - 20] pins
RUN-1001 : 50 nets have [21 - 99] pins
RUN-1001 : 7 nets have 100+ pins
RUN-1001 : Report Control nets information:
RUN-1001 : DFF Distribution
RUN-1001 : ----------------------------------
RUN-1001 :   CE   |  SSR  |  ASR  |  DFF Count  
RUN-1001 : ----------------------------------
RUN-1001 :   No   |  No   |  No   |     28      
RUN-1001 :   No   |  No   |  Yes  |     441     
RUN-1001 :   No   |  Yes  |  No   |      9      
RUN-1001 :   Yes  |  No   |  No   |      0      
RUN-1001 :   Yes  |  No   |  Yes  |     823     
RUN-1001 :   Yes  |  Yes  |  No   |      0      
RUN-1001 : ----------------------------------
RUN-0007 : Control Group Statistic
RUN-0007 : ---------------------------
RUN-0007 :   #CLK  |  #CE  |  #SSR/ASR  
RUN-0007 : ---------------------------
RUN-0007 :    1    |  30   |     4      
RUN-0007 : ---------------------------
RUN-0007 : Control Set = 33
PHY-3001 : Initial placement ...
PHY-3001 : design contains 3540 instances, 1274 luts, 1301 seqs, 929 slices, 123 macros(929 instances: 598 mslices 331 lslices)
PHY-0007 : Cell area utilization is 53%
PHY-3001 : Global placement ...
PHY-3001 : Initial: Len = 610685
PHY-3001 : Run with size of 3
PHY-3001 : Cell area utilization is 53%
PHY-3001 : :::0::: Try harder cell spreading with beta_ = 0
PHY-3002 : Step(1): len = 414069, overlap = 79.1562
PHY-3002 : Step(2): len = 392306, overlap = 85.875
PHY-3002 : Step(3): len = 247906, overlap = 103.312
PHY-3002 : Step(4): len = 230985, overlap = 112.625
PHY-3002 : Step(5): len = 213220, overlap = 123.656
PHY-3002 : Step(6): len = 174702, overlap = 136.062
PHY-3002 : Step(7): len = 165825, overlap = 145.844
PHY-3002 : Step(8): len = 157870, overlap = 156.594
PHY-3002 : Step(9): len = 140514, overlap = 180.094
PHY-3002 : Step(10): len = 124425, overlap = 190.125
PHY-3002 : Step(11): len = 110163, overlap = 202.406
PHY-3002 : Step(12): len = 99650.8, overlap = 208.062
PHY-3002 : Step(13): len = 96877.2, overlap = 208.438
PHY-3002 : Step(14): len = 88393.5, overlap = 208.812
PHY-3002 : Step(15): len = 85031, overlap = 201.25
PHY-3002 : Step(16): len = 82694.5, overlap = 201.938
PHY-3001 : :::1::: Try harder cell spreading with beta_ = 9.95061e-06
PHY-3002 : Step(17): len = 86343.7, overlap = 196.25
PHY-3002 : Step(18): len = 87439.1, overlap = 197.594
PHY-3002 : Step(19): len = 84688.5, overlap = 190.5
PHY-3002 : Step(20): len = 87126.1, overlap = 190.906
PHY-3002 : Step(21): len = 91148.9, overlap = 183.562
PHY-3002 : Step(22): len = 93524.7, overlap = 158.188
PHY-3002 : Step(23): len = 91665.6, overlap = 155.719
PHY-3002 : Step(24): len = 92045.1, overlap = 150.031
PHY-3002 : Step(25): len = 90096.6, overlap = 145.031
PHY-3002 : Step(26): len = 91385.8, overlap = 141.875
PHY-3002 : Step(27): len = 90317.8, overlap = 137.312
PHY-3002 : Step(28): len = 88128.8, overlap = 142.25
PHY-3002 : Step(29): len = 88408.8, overlap = 140.031
PHY-3002 : Step(30): len = 87871.7, overlap = 134.125
PHY-3002 : Step(31): len = 86990.4, overlap = 135.938
PHY-3002 : Step(32): len = 84245.1, overlap = 140.281
PHY-3002 : Step(33): len = 83650.2, overlap = 137.938
PHY-3002 : Step(34): len = 83405.5, overlap = 133.625
PHY-3002 : Step(35): len = 81252.3, overlap = 132.281
PHY-3002 : Step(36): len = 80552.4, overlap = 128.906
PHY-3002 : Step(37): len = 79716.5, overlap = 129.969
PHY-3002 : Step(38): len = 78128.2, overlap = 121.344
PHY-3002 : Step(39): len = 77949.2, overlap = 117.781
PHY-3002 : Step(40): len = 77443.7, overlap = 118.25
PHY-3002 : Step(41): len = 77518.6, overlap = 110.812
PHY-3002 : Step(42): len = 76369.3, overlap = 112.531
PHY-3002 : Step(43): len = 75838.7, overlap = 108.531
PHY-3002 : Step(44): len = 75717, overlap = 94.3125
PHY-3002 : Step(45): len = 74347.9, overlap = 101.844
PHY-3002 : Step(46): len = 73770.1, overlap = 103
PHY-3002 : Step(47): len = 72953.1, overlap = 97.9688
PHY-3002 : Step(48): len = 72902.3, overlap = 92.875
PHY-3002 : Step(49): len = 72034.4, overlap = 94.5625
PHY-3002 : Step(50): len = 72012.5, overlap = 102.406
PHY-3002 : Step(51): len = 71354, overlap = 106.125
PHY-3001 : :::2::: Try harder cell spreading with beta_ = 1.99012e-05
PHY-3002 : Step(52): len = 71459.8, overlap = 105.438
PHY-3002 : Step(53): len = 71560.1, overlap = 103.5
PHY-3002 : Step(54): len = 71709.1, overlap = 103.406
PHY-3001 : :::3::: Try harder cell spreading with beta_ = 3.98024e-05
PHY-3002 : Step(55): len = 73172.1, overlap = 102.688
PHY-3002 : Step(56): len = 73224.5, overlap = 101.938
PHY-3002 : Step(57): len = 73445.9, overlap = 101.531
PHY-3002 : Step(58): len = 73495.3, overlap = 101.562
PHY-3002 : Step(59): len = 76725.5, overlap = 95.3125
PHY-3002 : Step(60): len = 77520.2, overlap = 93.0938
PHY-3002 : Step(61): len = 76991.8, overlap = 96.1562
PHY-3002 : Step(62): len = 76913.8, overlap = 94.2188
PHY-3002 : Step(63): len = 76823.1, overlap = 93.9688
PHY-3001 : Legalization ...
PHY-3001 : End legalization;  0.008705s wall, 0.000000s user + 0.000000s system = 0.000000s CPU (n/a%)

PHY-3001 : Run with size of 3
PHY-3001 : Cell area utilization is 60%
PHY-3001 : Analyzing congestion ...
RUN-1001 : Generating global routing grids ...
RUN-1001 : Building simple global routing graph ...
PHY-1001 : Generate routing nets ...
PHY-1001 : Reuse net number 0/4939.
PHY-1001 : Global iterations in 12 thread ...
PHY-1002 : len = 117464, over cnt = 554(5%), over = 3113, worst = 32
PHY-1001 : End global iterations;  0.256302s wall, 0.109375s user + 0.000000s system = 0.109375s CPU (42.7%)

PHY-1001 : Congestion index: top1 = 104.58, top5 = 70.00, top10 = 54.86, top15 = 46.93.
PHY-3001 : End congestion estimation;  0.309577s wall, 0.140625s user + 0.000000s system = 0.140625s CPU (45.4%)

PHY-3001 : Update density targets...
PHY-3001 : Update congestion history...
PHY-3001 : :::0::: Try harder cell spreading with beta_ = 3.15103e-06
PHY-3002 : Step(64): len = 100773, overlap = 110.062
PHY-3002 : Step(65): len = 100926, overlap = 108.781
PHY-3002 : Step(66): len = 96682.6, overlap = 116.312
PHY-3002 : Step(67): len = 97104.5, overlap = 111.969
PHY-3002 : Step(68): len = 92770.7, overlap = 143.844
PHY-3002 : Step(69): len = 92623.1, overlap = 143.062
PHY-3002 : Step(70): len = 89745.6, overlap = 168.281
PHY-3002 : Step(71): len = 88808.1, overlap = 171
PHY-3002 : Step(72): len = 86110.3, overlap = 184
PHY-3002 : Step(73): len = 85573, overlap = 172.156
PHY-3002 : Step(74): len = 85422, overlap = 168.906
PHY-3002 : Step(75): len = 84972.1, overlap = 176.25
PHY-3002 : Step(76): len = 82384.9, overlap = 180.75
PHY-3002 : Step(77): len = 81987.6, overlap = 188.156
PHY-3002 : Step(78): len = 81828.4, overlap = 191.906
PHY-3001 : :::1::: Try harder cell spreading with beta_ = 6.30205e-06
PHY-3002 : Step(79): len = 83161.5, overlap = 187.906
PHY-3002 : Step(80): len = 83688.7, overlap = 186.312
PHY-3002 : Step(81): len = 85676.5, overlap = 178.594
PHY-3002 : Step(82): len = 86722.9, overlap = 174.594
PHY-3002 : Step(83): len = 86245.7, overlap = 173.125
PHY-3002 : Step(84): len = 86591.7, overlap = 172.875
PHY-3002 : Step(85): len = 85892.4, overlap = 166.562
PHY-3001 : :::2::: Try harder cell spreading with beta_ = 1.26041e-05
PHY-3002 : Step(86): len = 87870, overlap = 153.281
PHY-3002 : Step(87): len = 89107.4, overlap = 150.906
PHY-3002 : Step(88): len = 91770.4, overlap = 148.406
PHY-3001 : :::3::: Try harder cell spreading with beta_ = 2.52082e-05
PHY-3002 : Step(89): len = 95807.7, overlap = 125.281
PHY-3002 : Step(90): len = 97776.5, overlap = 127.312
PHY-3002 : Step(91): len = 99795.7, overlap = 126.25
PHY-3002 : Step(92): len = 101766, overlap = 116.375
PHY-3002 : Step(93): len = 100395, overlap = 106.094
PHY-3002 : Step(94): len = 100936, overlap = 103.719
PHY-3002 : Step(95): len = 100362, overlap = 99.875
PHY-3002 : Step(96): len = 100584, overlap = 95.2812
PHY-3002 : Step(97): len = 100889, overlap = 100.875
PHY-3002 : Step(98): len = 99431.1, overlap = 96.3438
PHY-3002 : Step(99): len = 99476.4, overlap = 100.375
PHY-3002 : Step(100): len = 99235.9, overlap = 99.4688
PHY-3001 : :::4::: Try harder cell spreading with beta_ = 5.04164e-05
PHY-3002 : Step(101): len = 101636, overlap = 85.4688
PHY-3002 : Step(102): len = 102011, overlap = 84.0312
PHY-3002 : Step(103): len = 103538, overlap = 66.0312
PHY-3002 : Step(104): len = 103979, overlap = 61.6562
PHY-3002 : Step(105): len = 105159, overlap = 52.2812
PHY-3002 : Step(106): len = 105428, overlap = 47.2812
PHY-3002 : Step(107): len = 105063, overlap = 39.25
PHY-3002 : Step(108): len = 105236, overlap = 38.6562
PHY-3002 : Step(109): len = 104668, overlap = 37.8438
PHY-3002 : Step(110): len = 104734, overlap = 38
PHY-3002 : Step(111): len = 104187, overlap = 41.5312
PHY-3002 : Step(112): len = 104445, overlap = 44.5312
PHY-3002 : Step(113): len = 104422, overlap = 44
PHY-3001 : :::5::: Try harder cell spreading with beta_ = 0.000100833
PHY-3002 : Step(114): len = 106046, overlap = 44.25
PHY-3002 : Step(115): len = 107835, overlap = 43.1875
PHY-3002 : Step(116): len = 108358, overlap = 41.4375
PHY-3002 : Step(117): len = 107493, overlap = 41.3125
PHY-3001 : :::6::: Try harder cell spreading with beta_ = 0.000201666
PHY-3002 : Step(118): len = 109842, overlap = 41.9688
PHY-3002 : Step(119): len = 109842, overlap = 41.9688
PHY-3002 : Step(120): len = 109828, overlap = 43.0938
PHY-3001 : Run with size of 1
PHY-3001 : Cell area utilization is 60%
PHY-3001 : Analyzing congestion ...
RUN-1001 : Generating global routing grids ...
PHY-1001 : Generate routing nets ...
PHY-1001 : Reuse net number 9/4939.
PHY-1001 : Global iterations in 12 thread ...
PHY-1002 : len = 120496, over cnt = 583(5%), over = 2949, worst = 37
PHY-1001 : End global iterations;  0.197849s wall, 0.046875s user + 0.000000s system = 0.046875s CPU (23.7%)

PHY-1001 : Congestion index: top1 = 71.67, top5 = 52.32, top10 = 44.62, top15 = 40.23.
PHY-3001 : End congestion estimation;  0.248848s wall, 0.062500s user + 0.000000s system = 0.062500s CPU (25.1%)

PHY-3001 : Update density targets...
PHY-3001 : Update congestion history...
PHY-3001 : :::0::: Try harder cell spreading with beta_ = 3.10035e-05
PHY-3002 : Step(121): len = 109320, overlap = 217.219
PHY-3002 : Step(122): len = 109679, overlap = 209.156
PHY-3002 : Step(123): len = 107955, overlap = 198.344
PHY-3002 : Step(124): len = 108081, overlap = 197.656
PHY-3002 : Step(125): len = 108631, overlap = 190.375
PHY-3002 : Step(126): len = 107290, overlap = 178.719
PHY-3002 : Step(127): len = 105391, overlap = 168.625
PHY-3002 : Step(128): len = 103600, overlap = 179.656
PHY-3002 : Step(129): len = 100693, overlap = 170.75
PHY-3002 : Step(130): len = 100447, overlap = 180.812
PHY-3002 : Step(131): len = 99456.9, overlap = 191.125
PHY-3002 : Step(132): len = 99525.1, overlap = 195.25
PHY-3002 : Step(133): len = 99404.1, overlap = 193.781
PHY-3001 : :::1::: Try harder cell spreading with beta_ = 6.20071e-05
PHY-3002 : Step(134): len = 99853.6, overlap = 174.125
PHY-3002 : Step(135): len = 100142, overlap = 174
PHY-3002 : Step(136): len = 101165, overlap = 175.719
PHY-3002 : Step(137): len = 101537, overlap = 172.375
PHY-3002 : Step(138): len = 102206, overlap = 158.812
PHY-3001 : :::2::: Try harder cell spreading with beta_ = 0.000124014
PHY-3002 : Step(139): len = 103661, overlap = 158.312
PHY-3002 : Step(140): len = 104183, overlap = 152.812
PHY-3002 : Step(141): len = 105300, overlap = 143.688
PHY-3001 : :::3::: Try harder cell spreading with beta_ = 0.000203142
PHY-3002 : Step(142): len = 106280, overlap = 142.656
PHY-3002 : Step(143): len = 106980, overlap = 139.406
PHY-3002 : Step(144): len = 108470, overlap = 140.812
PHY-3002 : Step(145): len = 109825, overlap = 137.156
PHY-3002 : Step(146): len = 110557, overlap = 131
PHY-3002 : Step(147): len = 111056, overlap = 120.594
PHY-3001 : :::4::: Try harder cell spreading with beta_ = 0.000406284
PHY-3002 : Step(148): len = 111773, overlap = 117.094
PHY-3002 : Step(149): len = 112363, overlap = 118.312
PHY-3002 : Step(150): len = 112789, overlap = 120.062
PHY-3001 : :::5::: Try harder cell spreading with beta_ = 0.000657368
PHY-3002 : Step(151): len = 113065, overlap = 120.906
PHY-3002 : Step(152): len = 113625, overlap = 119.156
PHY-3002 : Step(153): len = 115174, overlap = 112.906
PHY-3002 : Step(154): len = 118039, overlap = 114.875
PHY-3002 : Step(155): len = 119028, overlap = 113.906
PHY-3002 : Step(156): len = 119163, overlap = 113.188
PHY-3002 : Step(157): len = 118819, overlap = 113.594
PHY-3002 : Step(158): len = 118274, overlap = 109.281
PHY-3001 : :::6::: Try harder cell spreading with beta_ = 0.00108429
PHY-3002 : Step(159): len = 118534, overlap = 113.25
PHY-3002 : Step(160): len = 119103, overlap = 108.125
PHY-3002 : Step(161): len = 120629, overlap = 104.031
PHY-3002 : Step(162): len = 121493, overlap = 99.875
PHY-3002 : Step(163): len = 121139, overlap = 98.5938
PHY-3002 : Step(164): len = 120845, overlap = 98.5
PHY-3002 : Step(165): len = 120774, overlap = 101.406
PHY-3001 : :::7::: Try harder cell spreading with beta_ = 0.00175438
PHY-3002 : Step(166): len = 121104, overlap = 98.0625
PHY-3002 : Step(167): len = 122003, overlap = 98.25
PHY-3002 : Step(168): len = 122934, overlap = 97.375
PHY-3002 : Step(169): len = 124423, overlap = 100.531
PHY-3002 : Step(170): len = 125054, overlap = 97.6562
PHY-3002 : Step(171): len = 125267, overlap = 97.9375
PHY-3002 : Step(172): len = 125253, overlap = 97.625
PHY-3002 : Step(173): len = 125298, overlap = 98.6875
PHY-3002 : Step(174): len = 125478, overlap = 96.8438
PHY-3002 : Step(175): len = 126186, overlap = 96
PHY-3002 : Step(176): len = 126662, overlap = 93.7812
PHY-3002 : Step(177): len = 127052, overlap = 95.75
PHY-3002 : Step(178): len = 127583, overlap = 94.4375
PHY-3002 : Step(179): len = 128540, overlap = 91.6875
PHY-3002 : Step(180): len = 128984, overlap = 92.3125
PHY-3002 : Step(181): len = 129014, overlap = 96.2188
PHY-3002 : Step(182): len = 128993, overlap = 91.7812
PHY-3002 : Step(183): len = 128828, overlap = 88.5625
PHY-3002 : Step(184): len = 128749, overlap = 89.8438
PHY-3002 : Step(185): len = 128716, overlap = 88.4375
PHY-3002 : Step(186): len = 128748, overlap = 88.2188
PHY-3002 : Step(187): len = 128851, overlap = 86.8438
PHY-3001 : :::8::: Try harder cell spreading with beta_ = 0.00283859
PHY-3002 : Step(188): len = 128940, overlap = 86.6562
PHY-3002 : Step(189): len = 129404, overlap = 87.6562
OPT-1001 : Start physical optimization ...
OPT-1001 : Total overflow 87.66 peak overflow 1.69
OPT-1001 : Start high-fanout net optimization ...
OPT-1001 : Update timing in global mode
PHY-1001 : Start incremental global routing, caller is place ...
RUN-1001 : Generating global routing grids ...
PHY-1001 : Generate routing nets ...
PHY-1001 : Reuse net number 233/4939.
PHY-1001 : Global iterations in 12 thread ...
PHY-1002 : len = 147536, over cnt = 699(6%), over = 2366, worst = 22
PHY-1001 : End global iterations;  0.278487s wall, 0.187500s user + 0.000000s system = 0.187500s CPU (67.3%)

PHY-1001 : Congestion index: top1 = 65.35, top5 = 48.42, top10 = 41.98, top15 = 38.48.
PHY-1001 : End incremental global routing;  0.328097s wall, 0.203125s user + 0.000000s system = 0.203125s CPU (61.9%)

RUN-1002 : start command "start_timer -report"
TMR-5001 WARNING: No sdc constraints found while initiating timer.
TMR-2505 : Start building timing graph for model TOP.
TMR-2506 : Build timing graph completely. Port num: 12, tpin num: 18084, tnet num: 4937, tinst num: 3540, tnode num: 22948, tedge num: 31595.
TMR-2508 : Levelizing timing graph completed, there are 61 levels in total.
TMR-2501 : Timing graph initialized successfully.
OPT-1001 : End timing update;  0.377375s wall, 0.109375s user + 0.000000s system = 0.109375s CPU (29.0%)

OPT-1001 : 0 high-fanout net processed.
OPT-1001 : End high-fanout net optimization;  0.773723s wall, 0.328125s user + 0.000000s system = 0.328125s CPU (42.4%)

OPT-1001 : Current memory(MB): used = 291, reserve = 265, peak = 291.
OPT-1001 : End physical optimization;  0.807179s wall, 0.328125s user + 0.000000s system = 0.328125s CPU (40.7%)

PHY-3001 : Start packing ...
SYN-4007 : Packing 0 MUX to BLE ...
SYN-4008 : Packed 0 MUX and 0 SEQ to BLE.
SYN-4007 : Packing 1274 LUT to BLE ...
SYN-4008 : Packed 1274 LUT and 676 SEQ to BLE.
SYN-4003 : Packing 625 remaining SEQ's ...
SYN-4005 : Packed 285 SEQ with LUT/SLICE
SYN-4006 : 438 single LUT's are left
SYN-4006 : 340 single SEQ's are left
SYN-4011 : Packing model "TOP" (AL_USER_NORMAL) with 1614/2581 primitive instances ...
PHY-3001 : End packing;  0.147525s wall, 0.015625s user + 0.000000s system = 0.015625s CPU (10.6%)

PHY-1001 : Populate physical database on model TOP.
RUN-1001 : There are total 1831 instances
RUN-1001 : 896 mslices, 897 lslices, 12 pads, 11 brams, 10 dsps
RUN-1001 : There are total 4338 nets
RUN-1001 : 2989 nets have 2 pins
RUN-1001 : 1037 nets have [3 - 5] pins
RUN-1001 : 150 nets have [6 - 10] pins
RUN-1001 : 111 nets have [11 - 20] pins
RUN-1001 : 46 nets have [21 - 99] pins
RUN-1001 : 5 nets have 100+ pins
PHY-3001 : design contains 1829 instances, 1793 slices, 123 macros(929 instances: 598 mslices 331 lslices)
PHY-3001 : Cell area utilization is 68%
PHY-3001 : After packing: Len = 129147, Over = 124.25
PHY-3001 : Run with size of 1
PHY-3001 : Cell area utilization is 68%
PHY-3001 : Analyzing congestion ...
RUN-1001 : Generating global routing grids ...
PHY-1001 : Generate routing nets ...
PHY-1001 : Reuse net number 2568/4338.
PHY-1001 : Global iterations in 12 thread ...
PHY-1002 : len = 147944, over cnt = 559(5%), over = 1511, worst = 21
PHY-1002 : len = 153488, over cnt = 294(2%), over = 547, worst = 14
PHY-1002 : len = 156728, over cnt = 143(1%), over = 254, worst = 9
PHY-1002 : len = 159632, over cnt = 9(0%), over = 9, worst = 1
PHY-1002 : len = 160048, over cnt = 0(0%), over = 0, worst = 0
PHY-1001 : End global iterations;  0.406963s wall, 0.203125s user + 0.000000s system = 0.203125s CPU (49.9%)

PHY-1001 : Congestion index: top1 = 48.19, top5 = 41.59, top10 = 37.59, top15 = 35.16.
PHY-3001 : End congestion estimation;  0.467782s wall, 0.250000s user + 0.000000s system = 0.250000s CPU (53.4%)

PHY-3001 : Update density targets...
PHY-3001 : Update congestion history...
PHY-3001 : :::0::: Try harder cell spreading with beta_ = 2.98643e-05
PHY-3002 : Step(190): len = 113935, overlap = 137.25
PHY-3002 : Step(191): len = 111923, overlap = 140
PHY-3002 : Step(192): len = 109995, overlap = 139.75
PHY-3002 : Step(193): len = 109981, overlap = 136.75
PHY-3002 : Step(194): len = 109261, overlap = 144.5
PHY-3002 : Step(195): len = 107950, overlap = 141.25
PHY-3002 : Step(196): len = 106787, overlap = 142.5
PHY-3002 : Step(197): len = 106408, overlap = 140
PHY-3001 : :::1::: Try harder cell spreading with beta_ = 5.97285e-05
PHY-3002 : Step(198): len = 109883, overlap = 131.25
PHY-3002 : Step(199): len = 111941, overlap = 126.75
PHY-3002 : Step(200): len = 112964, overlap = 125.5
PHY-3001 : :::2::: Try harder cell spreading with beta_ = 0.000119457
PHY-3002 : Step(201): len = 114544, overlap = 114.5
PHY-3002 : Step(202): len = 115825, overlap = 112.25
PHY-3002 : Step(203): len = 118885, overlap = 104.5
PHY-3002 : Step(204): len = 120060, overlap = 100
PHY-3002 : Step(205): len = 120135, overlap = 96.5
PHY-3002 : Step(206): len = 119711, overlap = 101.5
PHY-3001 : :::3::: Try harder cell spreading with beta_ = 0.000226358
PHY-3002 : Step(207): len = 121933, overlap = 106.75
PHY-3002 : Step(208): len = 123310, overlap = 105.25
PHY-3002 : Step(209): len = 124503, overlap = 100.25
PHY-3001 : :::4::: Try harder cell spreading with beta_ = 0.000452715
PHY-3002 : Step(210): len = 125102, overlap = 100.5
PHY-3002 : Step(211): len = 127206, overlap = 93.75
PHY-3002 : Step(212): len = 130063, overlap = 84.75
PHY-3002 : Step(213): len = 130878, overlap = 86.25
PHY-3002 : Step(214): len = 130834, overlap = 87.25
PHY-3002 : Step(215): len = 130648, overlap = 85.25
PHY-3002 : Step(216): len = 130706, overlap = 88
PHY-3002 : Step(217): len = 131057, overlap = 85.75
PHY-3002 : Step(218): len = 131601, overlap = 82
PHY-3002 : Step(219): len = 131937, overlap = 81.75
PHY-3002 : Step(220): len = 132078, overlap = 80
PHY-3002 : Step(221): len = 131987, overlap = 78.25
PHY-3002 : Step(222): len = 131992, overlap = 79
PHY-3001 : :::5::: Try harder cell spreading with beta_ = 0.000817953
PHY-3002 : Step(223): len = 132849, overlap = 76.5
PHY-3002 : Step(224): len = 133423, overlap = 77
PHY-3002 : Step(225): len = 134696, overlap = 79.5
PHY-3002 : Step(226): len = 136005, overlap = 75
PHY-3002 : Step(227): len = 136298, overlap = 73.5
PHY-3001 : :::6::: Try harder cell spreading with beta_ = 0.00163591
PHY-3002 : Step(228): len = 136586, overlap = 72.25
PHY-3002 : Step(229): len = 136928, overlap = 72.25
PHY-3002 : Step(230): len = 137918, overlap = 71
PHY-3002 : Step(231): len = 139088, overlap = 75
PHY-3002 : Step(232): len = 139408, overlap = 75.5
PHY-3002 : Step(233): len = 139536, overlap = 75.75
PHY-3002 : Step(234): len = 139632, overlap = 75.5
PHY-3001 : Legalization ...
PHY-3001 : End legalization;  0.576460s wall, 0.046875s user + 0.046875s system = 0.093750s CPU (16.3%)

PHY-3001 : Trial Legalized: Len = 146592
PHY-3001 : Run with size of 1
PHY-3001 : Cell area utilization is 65%
PHY-3001 : Analyzing congestion ...
RUN-1001 : Generating global routing grids ...
PHY-1001 : Generate routing nets ...
PHY-1001 : Reuse net number 290/4338.
PHY-1001 : Global iterations in 12 thread ...
PHY-1002 : len = 170520, over cnt = 453(4%), over = 709, worst = 8
PHY-1002 : len = 173080, over cnt = 219(1%), over = 289, worst = 7
PHY-1002 : len = 175368, over cnt = 69(0%), over = 88, worst = 3
PHY-1002 : len = 176728, over cnt = 2(0%), over = 2, worst = 1
PHY-1002 : len = 176856, over cnt = 0(0%), over = 0, worst = 0
PHY-1001 : End global iterations;  0.482581s wall, 0.171875s user + 0.015625s system = 0.187500s CPU (38.9%)

PHY-1001 : Congestion index: top1 = 46.18, top5 = 38.83, top10 = 35.72, top15 = 33.87.
PHY-3001 : End congestion estimation;  0.546815s wall, 0.203125s user + 0.015625s system = 0.218750s CPU (40.0%)

PHY-3001 : Update density targets...
PHY-3001 : Update congestion history...
PHY-3001 : :::0::: Try harder cell spreading with beta_ = 7.71852e-05
PHY-3002 : Step(235): len = 134959, overlap = 50
PHY-3002 : Step(236): len = 131797, overlap = 61.5
PHY-3002 : Step(237): len = 131495, overlap = 60.5
PHY-3002 : Step(238): len = 131593, overlap = 59.25
PHY-3002 : Step(239): len = 131565, overlap = 53.75
PHY-3001 : :::1::: Try harder cell spreading with beta_ = 0.00015437
PHY-3002 : Step(240): len = 133290, overlap = 51.25
PHY-3002 : Step(241): len = 134052, overlap = 52.75
PHY-3002 : Step(242): len = 134573, overlap = 49.75
PHY-3001 : :::2::: Try harder cell spreading with beta_ = 0.000308741
PHY-3002 : Step(243): len = 135317, overlap = 47.25
PHY-3002 : Step(244): len = 135651, overlap = 45.5
PHY-3002 : Step(245): len = 136635, overlap = 41.5
PHY-3001 : Legalization ...
PHY-3001 : End legalization;  0.005026s wall, 0.000000s user + 0.000000s system = 0.000000s CPU (n/a%)

PHY-3001 : Legalized: Len = 138367, Over = 0
PHY-3001 : End spreading;  0.009247s wall, 0.000000s user + 0.000000s system = 0.000000s CPU (n/a%)

PHY-3001 : Final: Len = 138367, Over = 0
RUN-1003 : finish command "place" in  10.963548s wall, 3.875000s user + 0.843750s system = 4.718750s CPU (43.0%)

RUN-1004 : used memory is 275 MB, reserved memory is 248 MB, peak memory is 292 MB
RUN-1002 : start command "export_db FOC_Controller_place.db"
RUN-1001 : Exported /
RUN-1001 : Exported flow parameters
RUN-1001 : Exported libs
RUN-1001 : Exported entities
RUN-1001 : Exported ports
RUN-1001 : Exported pins
RUN-1001 : Exported instances
RUN-1001 : Exported nets
RUN-1001 : Exported buses
RUN-1001 : Exported models
RUN-1001 : Exported congestions
RUN-1001 : Exported violations
RUN-1001 : Exported IO constraints
RUN-1001 : Exported Inst constraints
RUN-1003 : finish command "export_db FOC_Controller_place.db" in  1.014522s wall, 0.812500s user + 0.015625s system = 0.828125s CPU (81.6%)

RUN-1004 : used memory is 264 MB, reserved memory is 237 MB, peak memory is 347 MB
RUN-1002 : start command "route"
RUN-1001 : Open license file D:/Anlogic/TD5.6.2/license/Anlogic.lic
RUN-1001 : Print Global Property
RUN-1001 : ---------------------------------------------------------------
RUN-1001 :        Parameters        |  Settings  |  Default Values  |  Note  
RUN-1001 : ---------------------------------------------------------------
RUN-1001 :          message         |  standard  |     standard     |        
RUN-1001 :   mixed_pack_place_flow  |     on     |        on        |        
RUN-1001 :        qor_monitor       |    off     |       off        |        
RUN-1001 :        syn_ip_flow       |    off     |       off        |        
RUN-1001 :          thread          |    auto    |       auto       |        
RUN-1001 : ---------------------------------------------------------------
RUN-1001 : Print Route Property
RUN-1001 : -------------------------------------------------------
RUN-1001 :    Parameters    |  Settings  |  Default Values  |  Note  
RUN-1001 : -------------------------------------------------------
RUN-1001 :      effort      |   medium   |      medium      |        
RUN-1001 :     fix_hold     |    off     |       off        |        
RUN-1001 :    opt_timing    |   medium   |      medium      |        
RUN-1001 :   phy_sim_model  |    off     |       off        |        
RUN-1001 :     priority     |   timing   |      timing      |        
RUN-1001 :     swap_pin     |     on     |        on        |        
RUN-1001 : -------------------------------------------------------
PHY-1001 : Route runs in 12 thread(s)
RUN-1001 : There are total 1831 instances
RUN-1001 : 896 mslices, 897 lslices, 12 pads, 11 brams, 10 dsps
RUN-1001 : There are total 4338 nets
RUN-1001 : 2989 nets have 2 pins
RUN-1001 : 1037 nets have [3 - 5] pins
RUN-1001 : 150 nets have [6 - 10] pins
RUN-1001 : 111 nets have [11 - 20] pins
RUN-1001 : 46 nets have [21 - 99] pins
RUN-1001 : 5 nets have 100+ pins
RUN-1002 : start command "start_timer -report"
TMR-5001 WARNING: No sdc constraints found while initiating timer.
TMR-2505 : Start building timing graph for model TOP.
TMR-2506 : Build timing graph completely. Port num: 12, tpin num: 15387, tnet num: 4336, tinst num: 1829, tnode num: 18799, tedge num: 28187.
TMR-2508 : Levelizing timing graph completed, there are 59 levels in total.
TMR-2501 : Timing graph initialized successfully.
PHY-1001 : 896 mslices, 897 lslices, 12 pads, 11 brams, 10 dsps
TMR-2503 : Start to update net delay, extr mode = 3.
TMR-2504 : Update delay of 4336 nets completely.
TMR-2502 : Annotate delay completely, extr mode = 3.
TMR-3002 : No user constraint, initiate default constraint.
TMR-1501 : Assign derive clock DeriveClock to 1578 clock pins, and constraint 3410 relative nodes.
TMR-3003 : Constraints initiated successfully.
TMR-3501 : Forward propagation: start to calculate arrival time...
TMR-3502 : Backward propagation: start to calculate required time...
TMR-3503 : Timing propagation completes.
PHY-1001 : Start global routing, caller is route ...
RUN-1001 : Generating global routing grids ...
PHY-1001 : Generate routing nets ...
PHY-1001 : Global iterations in 12 thread ...
PHY-1002 : len = 159120, over cnt = 449(4%), over = 751, worst = 8
PHY-1002 : len = 162392, over cnt = 238(2%), over = 306, worst = 7
PHY-1002 : len = 165640, over cnt = 31(0%), over = 34, worst = 2
PHY-1002 : len = 166264, over cnt = 1(0%), over = 1, worst = 1
PHY-1002 : len = 166312, over cnt = 0(0%), over = 0, worst = 0
PHY-1001 : End global iterations;  0.542226s wall, 0.359375s user + 0.000000s system = 0.359375s CPU (66.3%)

PHY-1001 : Congestion index: top1 = 46.25, top5 = 38.78, top10 = 35.24, top15 = 33.06.
PHY-1001 : End global routing;  0.610377s wall, 0.375000s user + 0.000000s system = 0.375000s CPU (61.4%)

PHY-1001 : Start detail routing ...
PHY-1001 : Current memory(MB): used = 338, reserve = 312, peak = 347.
PHY-1001 : Detailed router is running in normal mode.
PHY-1001 : Generate detailed routing grids ...
PHY-1001 : Generate nets ...
PHY-1001 : net clk_25m_dup_1 will be routed on clock mesh
PHY-1001 : clock net u_adc_ad7928/clk will be merged with clock pll_inst/clk0_buf
PHY-1001 : Current memory(MB): used = 421, reserve = 397, peak = 421.
PHY-1001 : End build detailed router design. 1.818806s wall, 0.765625s user + 0.031250s system = 0.796875s CPU (43.8%)

PHY-1001 : Detail Route ...
PHY-1001 : ===== Detail Route Phase 1 =====
PHY-1001 : Clock net routing.....
PHY-1001 : Routed 0% nets.
PHY-1022 : len = 32416, over cnt = 0(0%), over = 0, worst = 0, crit = 0
PHY-1001 : End initial clock net routed; 0.118494s wall, 0.093750s user + 0.000000s system = 0.093750s CPU (79.1%)

PHY-1001 : Current memory(MB): used = 432, reserve = 408, peak = 432.
PHY-1001 : End phase 1; 0.120438s wall, 0.093750s user + 0.000000s system = 0.093750s CPU (77.8%)

PHY-1001 : ===== Detail Route Phase 2 =====
PHY-1001 : Initial routing.....
PHY-1001 : Routed 32% nets.
PHY-1001 : Routed 40% nets.
PHY-1001 : Routed 50% nets.
PHY-1001 : Routed 62% nets.
PHY-1001 : Routed 81% nets.
PHY-1022 : len = 390768, over cnt = 168(0%), over = 168, worst = 1, crit = 0
PHY-1001 : Current memory(MB): used = 434, reserve = 409, peak = 434.
PHY-1001 : End initial routed; 2.878262s wall, 1.609375s user + 0.062500s system = 1.671875s CPU (58.1%)

PHY-1001 : Current memory(MB): used = 434, reserve = 409, peak = 434.
PHY-1001 : End phase 2; 2.878310s wall, 1.609375s user + 0.062500s system = 1.671875s CPU (58.1%)

PHY-1001 : ===== Detail Route Phase 3 =====
PHY-1001 : Ripup-reroute.....
PHY-1001 : ===== DR Iter 1 =====
PHY-1022 : len = 388328, over cnt = 38(0%), over = 38, worst = 1, crit = 0
PHY-1001 : End DR Iter 1; 0.156186s wall, 0.078125s user + 0.015625s system = 0.093750s CPU (60.0%)

PHY-1001 : ===== DR Iter 2 =====
PHY-1022 : len = 388536, over cnt = 4(0%), over = 4, worst = 1, crit = 0
PHY-1001 : End DR Iter 2; 0.049148s wall, 0.015625s user + 0.000000s system = 0.015625s CPU (31.8%)

PHY-1001 : ===== DR Iter 3 =====
PHY-1022 : len = 388624, over cnt = 0(0%), over = 0, worst = 0, crit = 0
PHY-1001 : End DR Iter 3; 0.032280s wall, 0.015625s user + 0.000000s system = 0.015625s CPU (48.4%)

PHY-1001 : Commit to database.....
PHY-5014 WARNING: Detail route doesn't find pib for pll_inst/pll_inst.ssc_en[0]
PHY-5014 WARNING: Detail route doesn't find pib for pll_inst/pll_inst.frac_offset_valid[0]
PHY-5014 WARNING: Detail route doesn't find pib for pll_inst/pll_inst.dsm_refclk[0]
PHY-5014 WARNING: Detail route doesn't find pib for pll_inst/pll_inst.dsm_rst[0]
PHY-1001 : 27 feed throughs used by 25 nets
PHY-1001 : End commit to database; 0.632430s wall, 0.281250s user + 0.000000s system = 0.281250s CPU (44.5%)

PHY-1001 : Current memory(MB): used = 454, reserve = 430, peak = 454.
PHY-1001 : End phase 3; 0.922289s wall, 0.437500s user + 0.015625s system = 0.453125s CPU (49.1%)

PHY-1003 : Routed, final wirelength = 388624
PHY-1001 : Current memory(MB): used = 454, reserve = 431, peak = 454.
PHY-1001 : End export database. 0.010827s wall, 0.000000s user + 0.000000s system = 0.000000s CPU (n/a%)

PHY-1001 : End detail routing;  5.874040s wall, 3.000000s user + 0.109375s system = 3.109375s CPU (52.9%)

RUN-1003 : finish command "route" in  7.097207s wall, 3.765625s user + 0.109375s system = 3.875000s CPU (54.6%)

RUN-1004 : used memory is 389 MB, reserved memory is 369 MB, peak memory is 454 MB
RUN-1002 : start command "report_area -io_info -file FOC_Controller_phy.area"
RUN-1001 : standard
***Report Model: TOP Device: SF1S60CG121I***

IO Statistics
#IO                        12
  #input                    2
  #output                   9
  #inout                    1

Utilization Statistics
#lut                     3140   out of   5824   53.91%
#reg                     1313   out of   5824   22.54%
#le                      3480
  #lut only              2167   out of   3480   62.27%
  #reg only               340   out of   3480    9.77%
  #lut&reg                973   out of   3480   27.96%
#dsp                       10   out of     10  100.00%
#bram                      11   out of     26   42.31%
  #bram9k                  11
  #fifo9k                   0
#hard-ip                    0
  #mcu                      0   out of      1    0.00%
  #dsc                      0   out of      1    0.00%
  #dsi                      0   out of      2    0.00%
  #psram controller         0   out of      2    0.00%
#pad                       12   out of     55   21.82%
  #ireg                     1
  #oreg                    10
  #treg                     1
#pll                        1   out of      2   50.00%
#gclk                       1   out of     16    6.25%

Clock Resource Statistics
Index     ClockNet             Type               DriverType         Driver                     Fanout
#1        pll_inst/clk0_buf    GCLK               pll                pll_inst/pll_inst.clkc0    790
#2        clk_25m_dup_1        GeneralRouting     io                 clk_25m_syn_2.di           1


Detailed IO Report

    Name      Direction    Location    IOStandard    DriveStrength    PullType     PackReg   
  clk_25m       INPUT         D7        LVCMOS33          N/A          PULLUP       NONE     
  spi_miso      INPUT         B9        LVCMOS33          N/A          PULLUP       IREG     
  i2c_scl      OUTPUT         G3        LVCMOS33           8            NONE        OREG     
   pwm_a       OUTPUT        C10        LVCMOS33           8            NONE        OREG     
   pwm_b       OUTPUT        C11        LVCMOS33           8            NONE        OREG     
   pwm_c       OUTPUT        E11        LVCMOS33           8            NONE        OREG     
   pwm_en      OUTPUT        F11        LVCMOS33           8            NONE        OREG     
  spi_mosi     OUTPUT         B8        LVCMOS33           8            NONE        OREG     
  spi_sck      OUTPUT         A9        LVCMOS33           8            NONE        OREG     
   spi_ss      OUTPUT         A8        LVCMOS33           8            NONE        OREG     
  uart_tx      OUTPUT         A4        LVCMOS33           8            NONE        OREG     
  i2c_sda       INOUT         H3        LVCMOS33           8           PULLUP     OREG;TREG  

Report Hierarchy Area:
+----------------------------------------------------------------------------------------------+
|Instance              |Module            |le     |lut     |ripple  |seq     |bram    |dsp     |
+----------------------------------------------------------------------------------------------+
|top                   |TOP               |3480   |2211    |929     |1325    |11      |10      |
|  pll_inst            |pll               |0      |0       |0       |0       |0       |0       |
|  u_adc_ad7928        |adc_ad7928        |129    |62      |28      |74      |0       |0       |
|  u_as5600_read       |i2c_register_read |274    |178     |87      |78      |0       |0       |
|  u_foc_top           |foc_top           |2836   |1772    |793     |1018    |11      |10      |
|    u_adc_sn_ctrl     |hold_detect       |18     |14      |4       |8       |0       |0       |
|    u_cartesian2polar |cartesian2polar   |607    |503     |98      |199     |8       |0       |
|    u_clark_tr        |clark_tr          |148    |57      |42      |89      |0       |0       |
|    u_id_pi           |pi_controller     |563    |318     |207     |159     |0       |3       |
|    u_iq_pi           |pi_controller     |706    |375     |274     |201     |0       |3       |
|    u_park_tr         |park_tr           |189    |119     |44      |93      |2       |4       |
|      u_sincos        |sincos            |127    |101     |26      |65      |2       |0       |
|    u_svpwm           |svpwm             |467    |308     |95      |184     |1       |0       |
|  u_uart_monitor      |uart_monitor      |201    |183     |14      |116     |0       |0       |
+----------------------------------------------------------------------------------------------+


DataNet Average Fanout:

   Index     Fanout     Nets  
    #1          1       2976  
    #2          2       548   
    #3          3       422   
    #4          4        67   
    #5        5-10      168   
    #6        11-50     135   
    #7       51-100      4    
    #8       101-500     2    
  Average     2.37            

RUN-1002 : start command "export_db FOC_Controller_pr.db"
RUN-1001 : Exported /
RUN-1001 : Exported flow parameters
RUN-1001 : Exported libs
RUN-1001 : Exported entities
RUN-1001 : Exported ports
RUN-1001 : Exported pins
RUN-1001 : Exported instances
RUN-1001 : Exported nets
RUN-1001 : Exported buses
RUN-1001 : Exported models
RUN-1001 : Exported congestions
RUN-1001 : Exported violations
RUN-1001 : Exported IO constraints
RUN-1001 : Exported Inst constraints
RUN-1003 : finish command "export_db FOC_Controller_pr.db" in  1.051615s wall, 1.078125s user + 0.000000s system = 1.078125s CPU (102.5%)

RUN-1004 : used memory is 392 MB, reserved memory is 373 MB, peak memory is 466 MB
RUN-1002 : start command "export_bid FOC_Controller_inst.bid"
PRG-1000 : <!-- HMAC is: 7094e746a9b3a9fc3b4ed42cf74d118601410328f2312c834dddc4b70e308358 -->
RUN-1002 : start command "bitgen -bit FOC_Controller.bit"
BIT-1003 : Start to generate bitstream. 
BIT-1002 : Init instances with 12 threads.
BIT-1002 : Init instances completely, inst num: 1829
BIT-1002 : Init pips with 12 threads.
BIT-1002 : Init pips completely, net num: 4338, pip num: 34243
BIT-1002 : Init feedthrough with 12 threads.
BIT-1002 : Init feedthrough completely, num: 27
BIT-1003 : Multithreading accelaration with 12 threads.
BIT-1003 : Generate bitstream completely, there are 1067 valid insts, and 107340 bits set as '1'.
BIT-1004 : the usercode register value: 00000000010110010000000000000000
BIT-1004 : Generate bits file FOC_Controller.bit.
RUN-1003 : finish command "bitgen -bit FOC_Controller.bit" in  3.040301s wall, 23.765625s user + 0.046875s system = 23.812500s CPU (783.2%)

RUN-1004 : used memory is 389 MB, reserved memory is 365 MB, peak memory is 574 MB
RUN-1002 : start command "backup_run_log run.log ../.logs/phy_1/td_20231106_234030.log"
