============================================================
   Tang Dynasty, V5.6.71036
      Copyright (c) 2012-2023 Anlogic Inc.
   Executable = D:/Anlogic/TD5.6.2/bin/td.exe
   Built at =   20:34:38 Mar 21 2023
   Run by =     15597
   Run Date =   Mon Nov  6 23:03:14 2023

   Run on =     XR097-DELL-G7
============================================================
RUN-1002 : start command "open_project FOC_Controller.prj"
RUN-1001 : Print Global Property
RUN-1001 : ---------------------------------------------------------------
RUN-1001 :        Parameters        |  Settings  |  Default Values  |  Note  
RUN-1001 : ---------------------------------------------------------------
RUN-1001 :          message         |  standard  |     standard     |        
RUN-1001 :   mixed_pack_place_flow  |     on     |        on        |        
RUN-1001 :        qor_monitor       |    off     |       off        |        
RUN-1001 :        syn_ip_flow       |    off     |       off        |        
RUN-1001 :          thread          |    auto    |       auto       |        
RUN-1001 : ---------------------------------------------------------------
RUN-1001 : Print Design Property
RUN-1001 : --------------------------------------------------------------
RUN-1001 :        Parameters       |  Settings  |  Default Values  |  Note  
RUN-1001 : --------------------------------------------------------------
RUN-1001 :   default_reg_initial   |    auto    |       auto       |        
RUN-1001 :        infer_add        |     on     |        on        |        
RUN-1001 :        infer_fsm        |    off     |       off        |        
RUN-1001 :        infer_mult       |     on     |        on        |        
RUN-1001 :        infer_ram        |     on     |        on        |        
RUN-1001 :        infer_reg        |     on     |        on        |        
RUN-1001 :   infer_reg_init_value  |     on     |        on        |        
RUN-1001 :        infer_rom        |     on     |        on        |        
RUN-1001 :      infer_shifter      |     on     |        on        |        
RUN-1001 : --------------------------------------------------------------
RUN-1001 : Print Rtl Property
RUN-1001 : --------------------------------------------------------------
RUN-1001 :        Parameters       |  Settings  |  Default Values  |  Note  
RUN-1001 : --------------------------------------------------------------
RUN-1001 :       compress_add      |   ripple   |      ripple      |        
RUN-1001 :        elf_sload        |    off     |       off        |        
RUN-1001 :       fix_undriven      |     0      |        0         |        
RUN-1001 :         flatten         |    off     |       off        |        
RUN-1001 :       gate_sharing      |     on     |        on        |        
RUN-1001 :    hdl_warning_level    |   normal   |      normal      |        
RUN-1001 :   impl_internal_tribuf  |     on     |        on        |        
RUN-1001 :      impl_set_reset     |     on     |        on        |        
RUN-1001 :        infer_gsr        |    off     |       off        |        
RUN-1001 :      keep_hierarchy     |    auto    |       auto       |        
RUN-1001 :        max_fanout       |    9999    |       9999       |        
RUN-1001 :      max_oh2bin_len     |     10     |        10        |        
RUN-1001 :       merge_equal       |     on     |        on        |        
RUN-1001 :       merge_equiv       |     on     |        on        |        
RUN-1001 :        merge_mux        |    off     |       off        |        
RUN-1001 :     min_control_set     |     8      |        8         |        
RUN-1001 :      min_ripple_len     |    auto    |       auto       |        
RUN-1001 :       oh2bin_ratio      |    0.08    |       0.08       |        
RUN-1001 :     opt_adder_fanout    |     on     |        on        |        
RUN-1001 :        opt_arith        |     on     |        on        |        
RUN-1001 :       opt_big_gate      |    off     |       off        |        
RUN-1001 :        opt_const        |     on     |        on        |        
RUN-1001 :      opt_const_mult     |     on     |        on        |        
RUN-1001 :       opt_lessthan      |     on     |        on        |        
RUN-1001 :         opt_mux         |    off     |       off        |        
RUN-1001 :         opt_ram         |    high    |       high       |        
RUN-1001 :      rtl_sim_model      |    off     |       off        |        
RUN-1001 :         seq_syn         |     on     |        on        |        
RUN-1001 : --------------------------------------------------------------
HDL-1007 : analyze verilog file ../../al_ip/pll.v
HDL-1007 : undeclared symbol 'open', assumed default net type 'wire' in ../../al_ip/pll.v(103)
HDL-1007 : analyze verilog file ../../RTL/adc_ad7928.v
HDL-1007 : analyze verilog file ../../RTL/foc/cartesian2polar.v
HDL-1007 : analyze verilog file ../../RTL/foc/clark_tr.v
HDL-1007 : analyze verilog file ../../RTL/foc/foc_top.v
HDL-1007 : analyze verilog file ../../RTL/foc/hold_detect.v
HDL-1007 : analyze verilog file ../../RTL/foc/park_tr.v
HDL-1007 : analyze verilog file ../../RTL/foc/pi_controller.v
HDL-1007 : analyze verilog file ../../RTL/foc/sincos.v
HDL-1007 : analyze verilog file ../../RTL/foc/svpwm.v
HDL-1007 : analyze verilog file ../../RTL/fpga_top.v
HDL-1007 : undeclared symbol 'S_sys_clk_100m', assumed default net type 'wire' in ../../RTL/fpga_top.v(56)
HDL-1007 : undeclared symbol 'S_sys_clk_40m', assumed default net type 'wire' in ../../RTL/fpga_top.v(57)
HDL-1007 : analyze verilog file ../../RTL/i2c_register_read.v
HDL-1007 : analyze verilog file ../../RTL/uart_monitor.v
RUN-1001 : Project manager successfully analyzed 13 source files.
RUN-1002 : start command "import_device sf1_6.db -package SF1S60CG121I"
ARC-1001 : Device Initialization.
ARC-1001 : -------------------------------------------------
ARC-1001 :       OPTION       |      IO       |   SETTING   
ARC-1001 : -------------------------------------------------
ARC-1001 :        done        |      B4       |    gpio    
ARC-1001 :        initn       |      A5       |    gpio    
ARC-1001 :       jtagen       |      B7       |    gpio    
ARC-1001 :      programn      |      B5       |  dedicate  
ARC-1001 :   tdi/tms/tck/tdo  |  C4/A6/A7/C5  |  dedicate  
ARC-1001 : -------------------------------------------------
ARC-1004 : Device setting, marked 5 dedicate IOs in total.
RUN-1002 : start command "import_db ../syn_1/FOC_Controller_gate.db"
RUN-1001 : Importing database generated by Tang Dynasty, V5.6.71036.
RUN-1001 : Database version number 46146.
RUN-1001 : Import flow parameters
RUN-1001 : Import IO constraints
RUN-1001 : Import Inst constraints
RUN-1001 : Import design success TD_VERSION=5.6.71036 , DB_VERSION=46146
RUN-1003 : finish command "import_db ../syn_1/FOC_Controller_gate.db" in  1.029709s wall, 0.671875s user + 0.046875s system = 0.718750s CPU (69.8%)

RUN-1004 : used memory is 220 MB, reserved memory is 193 MB, peak memory is 223 MB
RUN-1002 : start command "place"
RUN-1001 : Open license file D:/Anlogic/TD5.6.2/license/Anlogic.lic
RUN-1001 : Print Global Property
RUN-1001 : ---------------------------------------------------------------
RUN-1001 :        Parameters        |  Settings  |  Default Values  |  Note  
RUN-1001 : ---------------------------------------------------------------
RUN-1001 :          message         |  standard  |     standard     |        
RUN-1001 :   mixed_pack_place_flow  |     on     |        on        |        
RUN-1001 :        qor_monitor       |    off     |       off        |        
RUN-1001 :        syn_ip_flow       |    off     |       off        |        
RUN-1001 :          thread          |    auto    |       auto       |        
RUN-1001 : ---------------------------------------------------------------
RUN-1001 : Print Place Property
RUN-1001 : --------------------------------------------------------------
RUN-1001 :        Parameters       |  Settings  |  Default Values  |  Note  
RUN-1001 : --------------------------------------------------------------
RUN-1001 :      detailed_place     |     on     |        on        |        
RUN-1001 :          effort         |   medium   |      medium      |        
RUN-1001 :         fix_hold        |    off     |       off        |        
RUN-1001 :       legalization      |    ori     |       ori        |        
RUN-1001 :      new_spreading      |     on     |        on        |        
RUN-1001 :        opt_timing       |   medium   |      medium      |        
RUN-1001 :   post_clock_route_opt  |    off     |       off        |        
RUN-1001 :       pr_strategy       |     1      |        1         |        
RUN-1001 :        relaxation       |    1.00    |       1.00       |        
RUN-1001 :         retiming        |    off     |       off        |        
RUN-1001 : --------------------------------------------------------------
PHY-3001 : Placer runs in 12 thread(s).
RUN-1002 : start command "legalize_phy_inst"
SYN-1011 : Flatten model TOP
RUN-1002 : start command "phys_opt -simplify_lut"
SYN-4016 : Net pll_inst/clk0_out driven by BUFG (0 clock/control pins, 1 other pins).
SYN-4027 : Net u_adc_ad7928/clk is clkc2 of pll pll_inst/pll_inst.
SYN-4019 : Net clk_25m_dup_1 is refclk of pll pll_inst/pll_inst.
SYN-4020 : Net clk_25m_dup_1 is fbclk of pll pll_inst/pll_inst.
SYN-4025 : Tag rtl::Net clk_25m_dup_1 as clock net
SYN-4025 : Tag rtl::Net pll_inst/clk0_out as clock net
SYN-4025 : Tag rtl::Net u_adc_ad7928/clk as clock net
SYN-4026 : Tagged 3 rtl::Net as clock net
PHY-1001 : Populate physical database on model TOP.
RUN-1001 : There are total 3539 instances
RUN-0007 : 1274 luts, 1301 seqs, 598 mslices, 328 lslices, 12 pads, 11 brams, 10 dsps
RUN-1001 : There are total 4937 nets
RUN-1001 : 3526 nets have 2 pins
RUN-1001 : 1102 nets have [3 - 5] pins
RUN-1001 : 138 nets have [6 - 10] pins
RUN-1001 : 112 nets have [11 - 20] pins
RUN-1001 : 52 nets have [21 - 99] pins
RUN-1001 : 7 nets have 100+ pins
RUN-1001 : Report Control nets information:
RUN-1001 : DFF Distribution
RUN-1001 : ----------------------------------
RUN-1001 :   CE   |  SSR  |  ASR  |  DFF Count  
RUN-1001 : ----------------------------------
RUN-1001 :   No   |  No   |  No   |     28      
RUN-1001 :   No   |  No   |  Yes  |     441     
RUN-1001 :   No   |  Yes  |  No   |      9      
RUN-1001 :   Yes  |  No   |  No   |      0      
RUN-1001 :   Yes  |  No   |  Yes  |     823     
RUN-1001 :   Yes  |  Yes  |  No   |      0      
RUN-1001 : ----------------------------------
RUN-0007 : Control Group Statistic
RUN-0007 : ---------------------------
RUN-0007 :   #CLK  |  #CE  |  #SSR/ASR  
RUN-0007 : ---------------------------
RUN-0007 :    1    |  30   |     4      
RUN-0007 : ---------------------------
RUN-0007 : Control Set = 33
PHY-3001 : Initial placement ...
PHY-3001 : design contains 3537 instances, 1274 luts, 1301 seqs, 926 slices, 122 macros(926 instances: 598 mslices 328 lslices)
PHY-0007 : Cell area utilization is 53%
PHY-3001 : Global placement ...
PHY-3001 : Initial: Len = 605609
PHY-3001 : Run with size of 3
PHY-3001 : Cell area utilization is 53%
PHY-3001 : :::0::: Try harder cell spreading with beta_ = 0
PHY-3002 : Step(1): len = 427609, overlap = 83
PHY-3002 : Step(2): len = 407656, overlap = 109.875
PHY-3002 : Step(3): len = 254114, overlap = 113.875
PHY-3002 : Step(4): len = 237683, overlap = 120.75
PHY-3002 : Step(5): len = 207669, overlap = 128.938
PHY-3002 : Step(6): len = 188355, overlap = 132.719
PHY-3002 : Step(7): len = 165608, overlap = 154.969
PHY-3002 : Step(8): len = 140404, overlap = 169.156
PHY-3002 : Step(9): len = 124348, overlap = 183.812
PHY-3002 : Step(10): len = 115140, overlap = 191.562
PHY-3002 : Step(11): len = 106673, overlap = 189.781
PHY-3002 : Step(12): len = 99001.7, overlap = 193.812
PHY-3002 : Step(13): len = 93870.4, overlap = 190.906
PHY-3002 : Step(14): len = 87442.3, overlap = 189.938
PHY-3002 : Step(15): len = 84629.4, overlap = 199.25
PHY-3002 : Step(16): len = 79959.2, overlap = 196.156
PHY-3001 : :::1::: Try harder cell spreading with beta_ = 8.21252e-06
PHY-3002 : Step(17): len = 86258.9, overlap = 192.344
PHY-3002 : Step(18): len = 86893.9, overlap = 190.969
PHY-3002 : Step(19): len = 82700.6, overlap = 190.281
PHY-3002 : Step(20): len = 82881.8, overlap = 191.062
PHY-3002 : Step(21): len = 83609.8, overlap = 190.719
PHY-3001 : :::2::: Try harder cell spreading with beta_ = 1.6425e-05
PHY-3002 : Step(22): len = 85535.8, overlap = 192.812
PHY-3002 : Step(23): len = 88745.8, overlap = 186.719
PHY-3002 : Step(24): len = 101443, overlap = 170.719
PHY-3002 : Step(25): len = 112390, overlap = 118.969
PHY-3002 : Step(26): len = 105834, overlap = 105.594
PHY-3002 : Step(27): len = 103697, overlap = 107.125
PHY-3002 : Step(28): len = 103803, overlap = 106.656
PHY-3002 : Step(29): len = 103192, overlap = 103.031
PHY-3002 : Step(30): len = 102419, overlap = 100.031
PHY-3002 : Step(31): len = 98277, overlap = 101.281
PHY-3002 : Step(32): len = 96092.2, overlap = 102.938
PHY-3002 : Step(33): len = 95412.3, overlap = 99.4688
PHY-3002 : Step(34): len = 94543.2, overlap = 97.9375
PHY-3002 : Step(35): len = 93918.5, overlap = 97.2812
PHY-3002 : Step(36): len = 93530, overlap = 97.2188
PHY-3002 : Step(37): len = 93054.8, overlap = 101.531
PHY-3002 : Step(38): len = 93309.5, overlap = 105.438
PHY-3002 : Step(39): len = 93283.2, overlap = 96.3125
PHY-3002 : Step(40): len = 94236.7, overlap = 96.75
PHY-3002 : Step(41): len = 94647.4, overlap = 95.5938
PHY-3002 : Step(42): len = 91797, overlap = 96.9062
PHY-3002 : Step(43): len = 90451.1, overlap = 95.6562
PHY-3002 : Step(44): len = 89391.2, overlap = 91.0312
PHY-3002 : Step(45): len = 88568.7, overlap = 89.875
PHY-3002 : Step(46): len = 87806.2, overlap = 84.7812
PHY-3002 : Step(47): len = 87785.2, overlap = 78.4688
PHY-3002 : Step(48): len = 87647.6, overlap = 76.6562
PHY-3002 : Step(49): len = 86703, overlap = 72.2188
PHY-3002 : Step(50): len = 86772.1, overlap = 71.7812
PHY-3002 : Step(51): len = 86175.8, overlap = 73.0625
PHY-3002 : Step(52): len = 86076.1, overlap = 70.8125
PHY-3002 : Step(53): len = 85101.1, overlap = 78.5625
PHY-3002 : Step(54): len = 84644.3, overlap = 82.9375
PHY-3002 : Step(55): len = 84367.8, overlap = 76.8438
PHY-3002 : Step(56): len = 84520.2, overlap = 73.2812
PHY-3002 : Step(57): len = 83251.6, overlap = 68.4688
PHY-3002 : Step(58): len = 82943.4, overlap = 72.25
PHY-3002 : Step(59): len = 82592.5, overlap = 72.5625
PHY-3001 : :::3::: Try harder cell spreading with beta_ = 3.28501e-05
PHY-3002 : Step(60): len = 83197.2, overlap = 70.6875
PHY-3002 : Step(61): len = 83479, overlap = 71.7188
PHY-3002 : Step(62): len = 83836.4, overlap = 70.9375
PHY-3001 : :::4::: Try harder cell spreading with beta_ = 6.57002e-05
PHY-3002 : Step(63): len = 84657.4, overlap = 73.0938
PHY-3002 : Step(64): len = 84929.3, overlap = 68.4375
PHY-3002 : Step(65): len = 87527.5, overlap = 65.8125
PHY-3002 : Step(66): len = 88446.8, overlap = 65.9375
PHY-3002 : Step(67): len = 89151.4, overlap = 66.6562
PHY-3002 : Step(68): len = 89715, overlap = 66.0625
PHY-3002 : Step(69): len = 91655, overlap = 67
PHY-3002 : Step(70): len = 91552.6, overlap = 64.8125
PHY-3002 : Step(71): len = 91418.3, overlap = 64.4375
PHY-3002 : Step(72): len = 91201, overlap = 59.625
PHY-3001 : :::5::: Try harder cell spreading with beta_ = 0.000122772
PHY-3002 : Step(73): len = 91689.4, overlap = 61.625
PHY-3002 : Step(74): len = 91931.9, overlap = 61.5625
PHY-3002 : Step(75): len = 93544.6, overlap = 62.625
PHY-3002 : Step(76): len = 94088.2, overlap = 60.7812
PHY-3002 : Step(77): len = 95890.6, overlap = 60.4688
PHY-3002 : Step(78): len = 96989.3, overlap = 63.8438
PHY-3002 : Step(79): len = 98057.5, overlap = 66.875
PHY-3002 : Step(80): len = 98590.8, overlap = 64.9688
PHY-3002 : Step(81): len = 98380.2, overlap = 63.6875
PHY-3002 : Step(82): len = 98978.1, overlap = 63.6875
PHY-3002 : Step(83): len = 99894.4, overlap = 56.8438
PHY-3002 : Step(84): len = 100262, overlap = 59.125
PHY-3002 : Step(85): len = 100852, overlap = 53.3125
PHY-3002 : Step(86): len = 101560, overlap = 57.9062
PHY-3002 : Step(87): len = 101047, overlap = 55.1562
PHY-3001 : :::6::: Try harder cell spreading with beta_ = 0.000245545
PHY-3002 : Step(88): len = 101657, overlap = 53.375
PHY-3002 : Step(89): len = 101864, overlap = 54.0625
PHY-3002 : Step(90): len = 102442, overlap = 51.1875
PHY-3001 : Legalization ...
PHY-3001 : End legalization;  0.017791s wall, 0.000000s user + 0.000000s system = 0.000000s CPU (n/a%)

PHY-3001 : Run with size of 3
PHY-3001 : Cell area utilization is 60%
PHY-3001 : Analyzing congestion ...
RUN-1001 : Generating global routing grids ...
RUN-1001 : Building simple global routing graph ...
PHY-1001 : Generate routing nets ...
PHY-1001 : Reuse net number 0/4937.
PHY-1001 : Global iterations in 12 thread ...
PHY-1002 : len = 127600, over cnt = 640(5%), over = 3535, worst = 37
PHY-1001 : End global iterations;  0.272623s wall, 0.140625s user + 0.000000s system = 0.140625s CPU (51.6%)

PHY-1001 : Congestion index: top1 = 88.19, top5 = 66.06, top10 = 54.81, top15 = 48.30.
PHY-3001 : End congestion estimation;  0.332941s wall, 0.171875s user + 0.000000s system = 0.171875s CPU (51.6%)

PHY-3001 : Update density targets...
PHY-3001 : Update congestion history...
PHY-3001 : :::0::: Try harder cell spreading with beta_ = 5.94905e-06
PHY-3002 : Step(91): len = 105306, overlap = 55.9062
PHY-3002 : Step(92): len = 104372, overlap = 62.7188
PHY-3002 : Step(93): len = 100044, overlap = 73
PHY-3002 : Step(94): len = 100060, overlap = 77.0312
PHY-3002 : Step(95): len = 95811.2, overlap = 92.625
PHY-3002 : Step(96): len = 93977.6, overlap = 95.1875
PHY-3002 : Step(97): len = 91170.9, overlap = 104.125
PHY-3002 : Step(98): len = 91241.9, overlap = 111.125
PHY-3002 : Step(99): len = 89657.7, overlap = 112.625
PHY-3002 : Step(100): len = 90051.3, overlap = 124.406
PHY-3002 : Step(101): len = 89008.9, overlap = 131.531
PHY-3002 : Step(102): len = 88292.7, overlap = 133.969
PHY-3002 : Step(103): len = 87546.9, overlap = 131.438
PHY-3001 : :::1::: Try harder cell spreading with beta_ = 1.18981e-05
PHY-3002 : Step(104): len = 89093, overlap = 117.781
PHY-3002 : Step(105): len = 90006.6, overlap = 110.375
PHY-3002 : Step(106): len = 92700, overlap = 100.125
PHY-3002 : Step(107): len = 94052.1, overlap = 95.8438
PHY-3002 : Step(108): len = 92391.1, overlap = 100.875
PHY-3002 : Step(109): len = 92156, overlap = 96.3438
PHY-3002 : Step(110): len = 90994.5, overlap = 94.0938
PHY-3001 : :::2::: Try harder cell spreading with beta_ = 2.37962e-05
PHY-3002 : Step(111): len = 97145.5, overlap = 80
PHY-3002 : Step(112): len = 98432.2, overlap = 75.1562
PHY-3002 : Step(113): len = 101696, overlap = 70.1875
PHY-3002 : Step(114): len = 102298, overlap = 71.25
PHY-3002 : Step(115): len = 100491, overlap = 68.0625
PHY-3002 : Step(116): len = 100149, overlap = 70.6875
PHY-3002 : Step(117): len = 99998, overlap = 72.6875
PHY-3001 : :::3::: Try harder cell spreading with beta_ = 4.75924e-05
PHY-3002 : Step(118): len = 103866, overlap = 61.5938
PHY-3002 : Step(119): len = 106062, overlap = 59.5938
PHY-3002 : Step(120): len = 110091, overlap = 53.6562
PHY-3002 : Step(121): len = 111760, overlap = 42.625
PHY-3002 : Step(122): len = 109838, overlap = 43.7812
PHY-3002 : Step(123): len = 108902, overlap = 36.9062
PHY-3002 : Step(124): len = 109088, overlap = 18.5625
PHY-3002 : Step(125): len = 108980, overlap = 16.875
PHY-3002 : Step(126): len = 107945, overlap = 13.5938
PHY-3002 : Step(127): len = 107775, overlap = 13.4688
PHY-3002 : Step(128): len = 107677, overlap = 14.125
PHY-3001 : :::4::: Try harder cell spreading with beta_ = 9.51849e-05
PHY-3002 : Step(129): len = 109942, overlap = 15.125
PHY-3002 : Step(130): len = 111489, overlap = 15.1562
PHY-3002 : Step(131): len = 112250, overlap = 14.1562
PHY-3001 : :::5::: Try harder cell spreading with beta_ = 0.00019037
PHY-3002 : Step(132): len = 114141, overlap = 14.3438
PHY-3002 : Step(133): len = 115636, overlap = 14.9062
PHY-3002 : Step(134): len = 118059, overlap = 15.4062
PHY-3002 : Step(135): len = 118710, overlap = 13.4688
PHY-3002 : Step(136): len = 118938, overlap = 11.125
PHY-3001 : Run with size of 1
PHY-3001 : Cell area utilization is 60%
PHY-3001 : Analyzing congestion ...
RUN-1001 : Generating global routing grids ...
PHY-1001 : Generate routing nets ...
PHY-1001 : Reuse net number 54/4937.
PHY-1001 : Global iterations in 12 thread ...
PHY-1002 : len = 130400, over cnt = 615(5%), over = 2780, worst = 30
PHY-1001 : End global iterations;  0.214329s wall, 0.156250s user + 0.000000s system = 0.156250s CPU (72.9%)

PHY-1001 : Congestion index: top1 = 65.97, top5 = 50.35, top10 = 43.36, top15 = 39.27.
PHY-3001 : End congestion estimation;  0.267738s wall, 0.187500s user + 0.000000s system = 0.187500s CPU (70.0%)

PHY-3001 : Update density targets...
PHY-3001 : Update congestion history...
PHY-3001 : :::0::: Try harder cell spreading with beta_ = 5.06328e-05
PHY-3002 : Step(137): len = 117604, overlap = 183.062
PHY-3002 : Step(138): len = 117912, overlap = 173.625
PHY-3002 : Step(139): len = 113277, overlap = 169.625
PHY-3002 : Step(140): len = 113377, overlap = 162.344
PHY-3002 : Step(141): len = 113063, overlap = 143.156
PHY-3002 : Step(142): len = 112483, overlap = 152.625
PHY-3002 : Step(143): len = 109158, overlap = 148.5
PHY-3002 : Step(144): len = 108562, overlap = 156.125
PHY-3002 : Step(145): len = 108014, overlap = 160.094
PHY-3002 : Step(146): len = 106265, overlap = 163.781
PHY-3002 : Step(147): len = 104970, overlap = 172.5
PHY-3002 : Step(148): len = 103804, overlap = 164.094
PHY-3002 : Step(149): len = 102509, overlap = 165.25
PHY-3002 : Step(150): len = 101839, overlap = 158.469
PHY-3002 : Step(151): len = 101237, overlap = 153.875
PHY-3002 : Step(152): len = 101048, overlap = 149.375
PHY-3002 : Step(153): len = 100641, overlap = 152.719
PHY-3001 : :::1::: Try harder cell spreading with beta_ = 0.000101266
PHY-3002 : Step(154): len = 102150, overlap = 146.031
PHY-3002 : Step(155): len = 102921, overlap = 144.125
PHY-3002 : Step(156): len = 103477, overlap = 152.344
PHY-3001 : :::2::: Try harder cell spreading with beta_ = 0.000184363
PHY-3002 : Step(157): len = 104796, overlap = 144.375
PHY-3002 : Step(158): len = 106027, overlap = 146.5
PHY-3002 : Step(159): len = 107615, overlap = 149.156
PHY-3002 : Step(160): len = 108395, overlap = 142.875
PHY-3002 : Step(161): len = 108873, overlap = 137.562
PHY-3001 : :::3::: Try harder cell spreading with beta_ = 0.000368726
PHY-3002 : Step(162): len = 109436, overlap = 136.719
PHY-3002 : Step(163): len = 110657, overlap = 135.125
PHY-3002 : Step(164): len = 112055, overlap = 133.656
PHY-3001 : :::4::: Try harder cell spreading with beta_ = 0.000596598
PHY-3002 : Step(165): len = 112088, overlap = 131.812
PHY-3002 : Step(166): len = 112624, overlap = 130.75
PHY-3002 : Step(167): len = 115600, overlap = 117.219
PHY-3002 : Step(168): len = 117504, overlap = 120.25
PHY-3002 : Step(169): len = 117739, overlap = 122.406
PHY-3002 : Step(170): len = 117774, overlap = 120.531
PHY-3002 : Step(171): len = 117622, overlap = 115.5
PHY-3001 : :::5::: Try harder cell spreading with beta_ = 0.00110205
PHY-3002 : Step(172): len = 117813, overlap = 115.594
PHY-3002 : Step(173): len = 118546, overlap = 115.094
PHY-3001 : :::6::: Try harder cell spreading with beta_ = 0.00178312
PHY-3002 : Step(174): len = 118720, overlap = 114.5
PHY-3002 : Step(175): len = 119972, overlap = 113.531
PHY-3002 : Step(176): len = 120770, overlap = 113.375
PHY-3002 : Step(177): len = 121389, overlap = 115.625
PHY-3002 : Step(178): len = 121904, overlap = 116.812
PHY-3002 : Step(179): len = 122412, overlap = 102.656
PHY-3002 : Step(180): len = 122999, overlap = 103.219
PHY-3002 : Step(181): len = 123772, overlap = 102
PHY-3002 : Step(182): len = 124204, overlap = 101.094
PHY-3002 : Step(183): len = 124467, overlap = 100.406
PHY-3002 : Step(184): len = 124756, overlap = 99.2812
PHY-3002 : Step(185): len = 124930, overlap = 100.094
PHY-3002 : Step(186): len = 125060, overlap = 100.688
PHY-3001 : :::7::: Try harder cell spreading with beta_ = 0.00288509
PHY-3002 : Step(187): len = 125188, overlap = 100.969
PHY-3002 : Step(188): len = 125511, overlap = 101
OPT-1001 : Start physical optimization ...
OPT-1001 : Total overflow 101.00 peak overflow 1.69
OPT-1001 : Start high-fanout net optimization ...
OPT-1001 : Update timing in global mode
PHY-1001 : Start incremental global routing, caller is place ...
RUN-1001 : Generating global routing grids ...
PHY-1001 : Generate routing nets ...
PHY-1001 : Reuse net number 220/4937.
PHY-1001 : Global iterations in 12 thread ...
PHY-1002 : len = 145624, over cnt = 721(6%), over = 2601, worst = 23
PHY-1001 : End global iterations;  0.304663s wall, 0.109375s user + 0.015625s system = 0.125000s CPU (41.0%)

PHY-1001 : Congestion index: top1 = 64.93, top5 = 51.05, top10 = 44.59, top15 = 40.67.
PHY-1001 : End incremental global routing;  0.354184s wall, 0.140625s user + 0.015625s system = 0.156250s CPU (44.1%)

RUN-1002 : start command "start_timer -report"
TMR-5001 WARNING: No sdc constraints found while initiating timer.
TMR-2505 : Start building timing graph for model TOP.
TMR-2506 : Build timing graph completely. Port num: 12, tpin num: 18068, tnet num: 4935, tinst num: 3537, tnode num: 22932, tedge num: 31559.
TMR-2508 : Levelizing timing graph completed, there are 61 levels in total.
TMR-2501 : Timing graph initialized successfully.
OPT-1001 : End timing update;  0.383380s wall, 0.140625s user + 0.000000s system = 0.140625s CPU (36.7%)

OPT-1001 : 0 high-fanout net processed.
OPT-1001 : End high-fanout net optimization;  0.818057s wall, 0.343750s user + 0.015625s system = 0.359375s CPU (43.9%)

OPT-1001 : Current memory(MB): used = 291, reserve = 265, peak = 291.
OPT-1001 : End physical optimization;  0.850881s wall, 0.375000s user + 0.015625s system = 0.390625s CPU (45.9%)

PHY-3001 : Start packing ...
SYN-4007 : Packing 0 MUX to BLE ...
SYN-4008 : Packed 0 MUX and 0 SEQ to BLE.
SYN-4007 : Packing 1274 LUT to BLE ...
SYN-4008 : Packed 1274 LUT and 676 SEQ to BLE.
SYN-4003 : Packing 625 remaining SEQ's ...
SYN-4005 : Packed 304 SEQ with LUT/SLICE
SYN-4006 : 406 single LUT's are left
SYN-4006 : 321 single SEQ's are left
SYN-4011 : Packing model "TOP" (AL_USER_NORMAL) with 1595/2559 primitive instances ...
PHY-3001 : End packing;  0.143907s wall, 0.125000s user + 0.000000s system = 0.125000s CPU (86.9%)

PHY-1001 : Populate physical database on model TOP.
RUN-1001 : There are total 1820 instances
RUN-1001 : 891 mslices, 891 lslices, 12 pads, 11 brams, 10 dsps
RUN-1001 : There are total 4335 nets
RUN-1001 : 2993 nets have 2 pins
RUN-1001 : 1032 nets have [3 - 5] pins
RUN-1001 : 152 nets have [6 - 10] pins
RUN-1001 : 105 nets have [11 - 20] pins
RUN-1001 : 48 nets have [21 - 99] pins
RUN-1001 : 5 nets have 100+ pins
PHY-3001 : design contains 1818 instances, 1782 slices, 122 macros(926 instances: 598 mslices 328 lslices)
PHY-3001 : Cell area utilization is 67%
PHY-3001 : After packing: Len = 125015, Over = 132.75
PHY-3001 : Run with size of 1
PHY-3001 : Cell area utilization is 67%
PHY-3001 : Analyzing congestion ...
RUN-1001 : Generating global routing grids ...
PHY-1001 : Generate routing nets ...
PHY-1001 : Reuse net number 2558/4335.
PHY-1001 : Global iterations in 12 thread ...
PHY-1002 : len = 145872, over cnt = 549(4%), over = 1627, worst = 23
PHY-1002 : len = 151808, over cnt = 284(2%), over = 732, worst = 18
PHY-1002 : len = 158136, over cnt = 87(0%), over = 146, worst = 9
PHY-1002 : len = 159848, over cnt = 4(0%), over = 4, worst = 1
PHY-1002 : len = 160136, over cnt = 0(0%), over = 0, worst = 0
PHY-1001 : End global iterations;  0.393898s wall, 0.093750s user + 0.000000s system = 0.093750s CPU (23.8%)

PHY-1001 : Congestion index: top1 = 53.26, top5 = 43.60, top10 = 39.01, top15 = 36.32.
PHY-3001 : End congestion estimation;  0.453888s wall, 0.109375s user + 0.000000s system = 0.109375s CPU (24.1%)

PHY-3001 : Update density targets...
PHY-3001 : Update congestion history...
PHY-3001 : :::0::: Try harder cell spreading with beta_ = 3.13435e-05
PHY-3002 : Step(189): len = 110511, overlap = 148.25
PHY-3002 : Step(190): len = 107807, overlap = 148.75
PHY-3002 : Step(191): len = 106977, overlap = 147.25
PHY-3002 : Step(192): len = 106658, overlap = 148
PHY-3002 : Step(193): len = 105844, overlap = 150.75
PHY-3002 : Step(194): len = 105511, overlap = 145
PHY-3002 : Step(195): len = 105184, overlap = 138.25
PHY-3001 : :::1::: Try harder cell spreading with beta_ = 6.2687e-05
PHY-3002 : Step(196): len = 108743, overlap = 134.75
PHY-3002 : Step(197): len = 109736, overlap = 127.75
PHY-3002 : Step(198): len = 111182, overlap = 121.5
PHY-3001 : :::2::: Try harder cell spreading with beta_ = 0.000125374
PHY-3002 : Step(199): len = 113646, overlap = 117.25
PHY-3002 : Step(200): len = 115075, overlap = 112.5
PHY-3002 : Step(201): len = 117376, overlap = 112
PHY-3002 : Step(202): len = 118178, overlap = 107.5
PHY-3002 : Step(203): len = 118382, overlap = 108
PHY-3002 : Step(204): len = 118156, overlap = 107.5
PHY-3002 : Step(205): len = 118122, overlap = 106.75
PHY-3002 : Step(206): len = 118202, overlap = 110
PHY-3001 : :::3::: Try harder cell spreading with beta_ = 0.000231012
PHY-3002 : Step(207): len = 120406, overlap = 103.75
PHY-3002 : Step(208): len = 122466, overlap = 97
PHY-3002 : Step(209): len = 123611, overlap = 93.75
PHY-3002 : Step(210): len = 124124, overlap = 97.25
PHY-3002 : Step(211): len = 124389, overlap = 94.75
PHY-3002 : Step(212): len = 124780, overlap = 92.25
PHY-3002 : Step(213): len = 124976, overlap = 91.75
PHY-3002 : Step(214): len = 124874, overlap = 93.5
PHY-3002 : Step(215): len = 124688, overlap = 92.25
PHY-3001 : :::4::: Try harder cell spreading with beta_ = 0.000433418
PHY-3002 : Step(216): len = 126429, overlap = 91
PHY-3002 : Step(217): len = 127743, overlap = 87.5
PHY-3002 : Step(218): len = 128447, overlap = 86
PHY-3001 : Legalization ...
PHY-3001 : End legalization;  0.537105s wall, 0.078125s user + 0.015625s system = 0.093750s CPU (17.5%)

PHY-3001 : Trial Legalized: Len = 137732
PHY-3001 : Run with size of 1
PHY-3001 : Cell area utilization is 65%
PHY-3001 : Analyzing congestion ...
RUN-1001 : Generating global routing grids ...
PHY-1001 : Generate routing nets ...
PHY-1001 : Reuse net number 411/4335.
PHY-1001 : Global iterations in 12 thread ...
PHY-1002 : len = 163448, over cnt = 446(4%), over = 729, worst = 7
PHY-1002 : len = 166208, over cnt = 207(1%), over = 292, worst = 7
PHY-1002 : len = 168768, over cnt = 42(0%), over = 55, worst = 3
PHY-1002 : len = 169408, over cnt = 5(0%), over = 5, worst = 1
PHY-1002 : len = 169696, over cnt = 0(0%), over = 0, worst = 0
PHY-1001 : End global iterations;  0.512872s wall, 0.328125s user + 0.000000s system = 0.328125s CPU (64.0%)

PHY-1001 : Congestion index: top1 = 47.43, top5 = 39.99, top10 = 36.75, top15 = 34.86.
PHY-3001 : End congestion estimation;  0.580593s wall, 0.359375s user + 0.000000s system = 0.359375s CPU (61.9%)

PHY-3001 : Update density targets...
PHY-3001 : Update congestion history...
PHY-3001 : :::0::: Try harder cell spreading with beta_ = 6.16869e-05
PHY-3002 : Step(219): len = 127164, overlap = 50.5
PHY-3002 : Step(220): len = 124882, overlap = 66.25
PHY-3002 : Step(221): len = 124617, overlap = 66.75
PHY-3002 : Step(222): len = 124748, overlap = 67.5
PHY-3002 : Step(223): len = 124588, overlap = 66.75
PHY-3001 : :::1::: Try harder cell spreading with beta_ = 0.000123374
PHY-3002 : Step(224): len = 126434, overlap = 55.75
PHY-3002 : Step(225): len = 126825, overlap = 53.75
PHY-3002 : Step(226): len = 127052, overlap = 54.75
PHY-3001 : :::2::: Try harder cell spreading with beta_ = 0.000246748
PHY-3002 : Step(227): len = 128359, overlap = 51.5
PHY-3002 : Step(228): len = 129185, overlap = 49.25
PHY-3002 : Step(229): len = 130769, overlap = 45.25
PHY-3001 : :::3::: Try harder cell spreading with beta_ = 0.000493495
PHY-3002 : Step(230): len = 130984, overlap = 44.25
PHY-3002 : Step(231): len = 131511, overlap = 45.75
PHY-3002 : Step(232): len = 133118, overlap = 43.25
PHY-3002 : Step(233): len = 133794, overlap = 41.5
PHY-3002 : Step(234): len = 134138, overlap = 40
PHY-3002 : Step(235): len = 134295, overlap = 44.75
PHY-3001 : Legalization ...
PHY-3001 : End legalization;  0.005088s wall, 0.000000s user + 0.000000s system = 0.000000s CPU (n/a%)

PHY-3001 : Legalized: Len = 135618, Over = 0
PHY-3001 : End spreading;  0.008280s wall, 0.000000s user + 0.000000s system = 0.000000s CPU (n/a%)

PHY-3001 : Final: Len = 135618, Over = 0
RUN-1003 : finish command "place" in  10.648672s wall, 3.453125s user + 0.625000s system = 4.078125s CPU (38.3%)

RUN-1004 : used memory is 274 MB, reserved memory is 247 MB, peak memory is 292 MB
RUN-1002 : start command "export_db FOC_Controller_place.db"
RUN-1001 : Exported /
RUN-1001 : Exported flow parameters
RUN-1001 : Exported libs
RUN-1001 : Exported entities
RUN-1001 : Exported ports
RUN-1001 : Exported pins
RUN-1001 : Exported instances
RUN-1001 : Exported nets
RUN-1001 : Exported buses
RUN-1001 : Exported models
RUN-1001 : Exported congestions
RUN-1001 : Exported violations
RUN-1001 : Exported IO constraints
RUN-1001 : Exported Inst constraints
RUN-1003 : finish command "export_db FOC_Controller_place.db" in  1.037645s wall, 0.750000s user + 0.046875s system = 0.796875s CPU (76.8%)

RUN-1004 : used memory is 269 MB, reserved memory is 246 MB, peak memory is 346 MB
RUN-1002 : start command "route"
RUN-1001 : Open license file D:/Anlogic/TD5.6.2/license/Anlogic.lic
RUN-1001 : Print Global Property
RUN-1001 : ---------------------------------------------------------------
RUN-1001 :        Parameters        |  Settings  |  Default Values  |  Note  
RUN-1001 : ---------------------------------------------------------------
RUN-1001 :          message         |  standard  |     standard     |        
RUN-1001 :   mixed_pack_place_flow  |     on     |        on        |        
RUN-1001 :        qor_monitor       |    off     |       off        |        
RUN-1001 :        syn_ip_flow       |    off     |       off        |        
RUN-1001 :          thread          |    auto    |       auto       |        
RUN-1001 : ---------------------------------------------------------------
RUN-1001 : Print Route Property
RUN-1001 : -------------------------------------------------------
RUN-1001 :    Parameters    |  Settings  |  Default Values  |  Note  
RUN-1001 : -------------------------------------------------------
RUN-1001 :      effort      |   medium   |      medium      |        
RUN-1001 :     fix_hold     |    off     |       off        |        
RUN-1001 :    opt_timing    |   medium   |      medium      |        
RUN-1001 :   phy_sim_model  |    off     |       off        |        
RUN-1001 :     priority     |   timing   |      timing      |        
RUN-1001 :     swap_pin     |     on     |        on        |        
RUN-1001 : -------------------------------------------------------
PHY-1001 : Route runs in 12 thread(s)
RUN-1001 : There are total 1820 instances
RUN-1001 : 891 mslices, 891 lslices, 12 pads, 11 brams, 10 dsps
RUN-1001 : There are total 4335 nets
RUN-1001 : 2993 nets have 2 pins
RUN-1001 : 1032 nets have [3 - 5] pins
RUN-1001 : 152 nets have [6 - 10] pins
RUN-1001 : 105 nets have [11 - 20] pins
RUN-1001 : 48 nets have [21 - 99] pins
RUN-1001 : 5 nets have 100+ pins
RUN-1002 : start command "start_timer -report"
TMR-5001 WARNING: No sdc constraints found while initiating timer.
TMR-2505 : Start building timing graph for model TOP.
TMR-2506 : Build timing graph completely. Port num: 12, tpin num: 15356, tnet num: 4333, tinst num: 1818, tnode num: 18762, tedge num: 28123.
TMR-2508 : Levelizing timing graph completed, there are 59 levels in total.
TMR-2501 : Timing graph initialized successfully.
PHY-1001 : 891 mslices, 891 lslices, 12 pads, 11 brams, 10 dsps
TMR-2503 : Start to update net delay, extr mode = 3.
TMR-2504 : Update delay of 4333 nets completely.
TMR-2502 : Annotate delay completely, extr mode = 3.
TMR-3002 : No user constraint, initiate default constraint.
TMR-1501 : Assign derive clock DeriveClock to 1574 clock pins, and constraint 3404 relative nodes.
TMR-3003 : Constraints initiated successfully.
TMR-3501 : Forward propagation: start to calculate arrival time...
TMR-3502 : Backward propagation: start to calculate required time...
TMR-3503 : Timing propagation completes.
PHY-1001 : Start global routing, caller is route ...
RUN-1001 : Generating global routing grids ...
PHY-1001 : Generate routing nets ...
PHY-1001 : Global iterations in 12 thread ...
PHY-1002 : len = 156744, over cnt = 450(4%), over = 798, worst = 8
PHY-1002 : len = 160712, over cnt = 241(2%), over = 334, worst = 7
PHY-1002 : len = 164344, over cnt = 17(0%), over = 17, worst = 1
PHY-1002 : len = 164640, over cnt = 6(0%), over = 6, worst = 1
PHY-1002 : len = 164992, over cnt = 0(0%), over = 0, worst = 0
PHY-1001 : End global iterations;  0.507660s wall, 0.187500s user + 0.015625s system = 0.203125s CPU (40.0%)

PHY-1001 : Congestion index: top1 = 46.67, top5 = 39.88, top10 = 36.37, top15 = 34.36.
PHY-1001 : End global routing;  0.574501s wall, 0.234375s user + 0.015625s system = 0.250000s CPU (43.5%)

PHY-1001 : Start detail routing ...
PHY-1001 : Current memory(MB): used = 337, reserve = 312, peak = 346.
PHY-1001 : Detailed router is running in normal mode.
PHY-1001 : Generate detailed routing grids ...
PHY-1001 : Generate nets ...
PHY-1001 : net clk_25m_dup_1 will be routed on clock mesh
PHY-1001 : clock net pll_inst/clk0_out will be merged with clock pll_inst/clk0_buf
PHY-1001 : net u_adc_ad7928/clk will be routed on clock mesh
PHY-1001 : Current memory(MB): used = 422, reserve = 398, peak = 422.
PHY-1001 : End build detailed router design. 1.790308s wall, 1.015625s user + 0.015625s system = 1.031250s CPU (57.6%)

PHY-1001 : Detail Route ...
PHY-1001 : ===== Detail Route Phase 1 =====
PHY-1001 : Clock net routing.....
PHY-1001 : Routed 0% nets.
PHY-1022 : len = 31392, over cnt = 0(0%), over = 0, worst = 0, crit = 0
PHY-1001 : End initial clock net routed; 0.113287s wall, 0.078125s user + 0.000000s system = 0.078125s CPU (69.0%)

PHY-1001 : Current memory(MB): used = 434, reserve = 409, peak = 434.
PHY-1001 : End phase 1; 0.115051s wall, 0.093750s user + 0.000000s system = 0.093750s CPU (81.5%)

PHY-1001 : ===== Detail Route Phase 2 =====
PHY-1001 : Initial routing.....
PHY-1001 : Routed 33% nets.
PHY-1001 : Routed 41% nets.
PHY-1001 : Routed 51% nets.
PHY-1001 : Routed 63% nets.
PHY-1001 : Routed 81% nets.
PHY-1022 : len = 386528, over cnt = 159(0%), over = 159, worst = 1, crit = 0
PHY-1001 : Current memory(MB): used = 434, reserve = 410, peak = 435.
PHY-1001 : End initial routed; 2.917181s wall, 2.093750s user + 0.031250s system = 2.125000s CPU (72.8%)

PHY-1001 : Current memory(MB): used = 434, reserve = 410, peak = 435.
PHY-1001 : End phase 2; 2.917234s wall, 2.093750s user + 0.031250s system = 2.125000s CPU (72.8%)

PHY-1001 : ===== Detail Route Phase 3 =====
PHY-1001 : Ripup-reroute.....
PHY-1001 : ===== DR Iter 1 =====
PHY-1022 : len = 384416, over cnt = 44(0%), over = 44, worst = 1, crit = 0
PHY-1001 : End DR Iter 1; 0.179607s wall, 0.125000s user + 0.000000s system = 0.125000s CPU (69.6%)

PHY-1001 : ===== DR Iter 2 =====
PHY-1022 : len = 384640, over cnt = 6(0%), over = 6, worst = 1, crit = 0
PHY-1001 : End DR Iter 2; 0.061557s wall, 0.015625s user + 0.000000s system = 0.015625s CPU (25.4%)

PHY-1001 : ===== DR Iter 3 =====
PHY-1022 : len = 384728, over cnt = 0(0%), over = 0, worst = 0, crit = 0
PHY-1001 : End DR Iter 3; 0.032547s wall, 0.015625s user + 0.000000s system = 0.015625s CPU (48.0%)

PHY-1001 : Commit to database.....
PHY-5014 WARNING: Detail route doesn't find pib for pll_inst/pll_inst.ssc_en[0]
PHY-5014 WARNING: Detail route doesn't find pib for pll_inst/pll_inst.frac_offset_valid[0]
PHY-5014 WARNING: Detail route doesn't find pib for pll_inst/pll_inst.dsm_refclk[0]
PHY-5014 WARNING: Detail route doesn't find pib for pll_inst/pll_inst.dsm_rst[0]
PHY-1001 : 17 feed throughs used by 16 nets
PHY-1001 : End commit to database; 0.516932s wall, 0.390625s user + 0.015625s system = 0.406250s CPU (78.6%)

PHY-1001 : Current memory(MB): used = 453, reserve = 430, peak = 453.
PHY-1001 : End phase 3; 0.845596s wall, 0.578125s user + 0.015625s system = 0.593750s CPU (70.2%)

PHY-1003 : Routed, final wirelength = 384728
PHY-1001 : Current memory(MB): used = 454, reserve = 431, peak = 454.
PHY-1001 : End export database. 0.011469s wall, 0.000000s user + 0.000000s system = 0.000000s CPU (n/a%)

PHY-1001 : End detail routing;  5.800175s wall, 3.859375s user + 0.062500s system = 3.921875s CPU (67.6%)

RUN-1003 : finish command "route" in  7.048694s wall, 4.437500s user + 0.078125s system = 4.515625s CPU (64.1%)

RUN-1004 : used memory is 391 MB, reserved memory is 370 MB, peak memory is 454 MB
RUN-1002 : start command "report_area -io_info -file FOC_Controller_phy.area"
RUN-1001 : standard
***Report Model: TOP Device: SF1S60CG121I***

IO Statistics
#IO                        12
  #input                    2
  #output                   9
  #inout                    1

Utilization Statistics
#lut                     3132   out of   5824   53.78%
#reg                     1313   out of   5824   22.54%
#le                      3453
  #lut only              2140   out of   3453   61.98%
  #reg only               321   out of   3453    9.30%
  #lut&reg                992   out of   3453   28.73%
#dsp                       10   out of     10  100.00%
#bram                      11   out of     26   42.31%
  #bram9k                  11
  #fifo9k                   0
#hard-ip                    0
  #mcu                      0   out of      1    0.00%
  #dsc                      0   out of      1    0.00%
  #dsi                      0   out of      2    0.00%
  #psram controller         0   out of      2    0.00%
#pad                       12   out of     55   21.82%
  #ireg                     1
  #oreg                    10
  #treg                     1
#pll                        1   out of      2   50.00%
#gclk                       1   out of     16    6.25%

Clock Resource Statistics
Index     ClockNet            Type               DriverType         Driver                     Fanout
#1        u_adc_ad7928/clk    GCLK               pll                pll_inst/pll_inst.clkc2    787
#2        clk_25m_dup_1       GeneralRouting     io                 clk_25m_syn_2.di           1


Detailed IO Report

    Name      Direction    Location    IOStandard    DriveStrength    PullType     PackReg   
  clk_25m       INPUT         D7        LVCMOS33          N/A          PULLUP       NONE     
  spi_miso      INPUT         B9        LVCMOS33          N/A          PULLUP       IREG     
  i2c_scl      OUTPUT         G3        LVCMOS33           8            NONE        OREG     
   pwm_a       OUTPUT        C10        LVCMOS33           8            NONE        OREG     
   pwm_b       OUTPUT        C11        LVCMOS33           8            NONE        OREG     
   pwm_c       OUTPUT        E11        LVCMOS33           8            NONE        OREG     
   pwm_en      OUTPUT        F11        LVCMOS33           8            NONE        OREG     
  spi_mosi     OUTPUT         B8        LVCMOS33           8            NONE        OREG     
  spi_sck      OUTPUT         A9        LVCMOS33           8            NONE        OREG     
   spi_ss      OUTPUT         A8        LVCMOS33           8            NONE        OREG     
  uart_tx      OUTPUT         A4        LVCMOS33           8            NONE        OREG     
  i2c_sda       INOUT         H3        LVCMOS33           8           PULLUP     OREG;TREG  

Report Hierarchy Area:
+----------------------------------------------------------------------------------------------+
|Instance              |Module            |le     |lut     |ripple  |seq     |bram    |dsp     |
+----------------------------------------------------------------------------------------------+
|top                   |TOP               |3453   |2206    |926     |1325    |11      |10      |
|  pll_inst            |pll               |0      |0       |0       |0       |0       |0       |
|  u_adc_ad7928        |adc_ad7928        |132    |80      |28      |67      |0       |0       |
|  u_as5600_read       |i2c_register_read |267    |169     |87      |76      |0       |0       |
|  u_foc_top           |foc_top           |2842   |1788    |793     |1030    |11      |10      |
|    u_adc_sn_ctrl     |hold_detect       |20     |16      |4       |9       |0       |0       |
|    u_cartesian2polar |cartesian2polar   |589    |474     |98      |203     |8       |0       |
|    u_clark_tr        |clark_tr          |149    |74      |42      |89      |0       |0       |
|    u_id_pi           |pi_controller     |569    |319     |207     |163     |0       |3       |
|    u_iq_pi           |pi_controller     |708    |386     |274     |194     |0       |3       |
|    u_park_tr         |park_tr           |192    |132     |44      |83      |2       |4       |
|      u_sincos        |sincos            |131    |105     |26      |57      |2       |0       |
|    u_svpwm           |svpwm             |459    |317     |95      |184     |1       |0       |
|  u_uart_monitor      |uart_monitor      |171    |159     |11      |111     |0       |0       |
+----------------------------------------------------------------------------------------------+


DataNet Average Fanout:

   Index     Fanout     Nets  
    #1          1       2979  
    #2          2       545   
    #3          3       422   
    #4          4        65   
    #5        5-10      168   
    #6        11-50     133   
    #7       51-100      4    
    #8       101-500     2    
  Average     2.37            

RUN-1002 : start command "export_db FOC_Controller_pr.db"
RUN-1001 : Exported /
RUN-1001 : Exported flow parameters
RUN-1001 : Exported libs
RUN-1001 : Exported entities
RUN-1001 : Exported ports
RUN-1001 : Exported pins
RUN-1001 : Exported instances
RUN-1001 : Exported nets
RUN-1001 : Exported buses
RUN-1001 : Exported models
RUN-1001 : Exported congestions
RUN-1001 : Exported violations
RUN-1001 : Exported IO constraints
RUN-1001 : Exported Inst constraints
RUN-1003 : finish command "export_db FOC_Controller_pr.db" in  1.066006s wall, 1.093750s user + 0.031250s system = 1.125000s CPU (105.5%)

RUN-1004 : used memory is 391 MB, reserved memory is 370 MB, peak memory is 466 MB
RUN-1002 : start command "export_bid FOC_Controller_inst.bid"
PRG-1000 : <!-- HMAC is: 7094e746a9b3a9fc3b4ed42cf74d118601410328f2312c834dddc4b70e308358 -->
RUN-1002 : start command "bitgen -bit FOC_Controller.bit"
BIT-1003 : Start to generate bitstream. 
BIT-1002 : Init instances with 12 threads.
BIT-1002 : Init instances completely, inst num: 1818
BIT-1002 : Init pips with 12 threads.
BIT-1002 : Init pips completely, net num: 4335, pip num: 33831
BIT-1002 : Init feedthrough with 12 threads.
BIT-1002 : Init feedthrough completely, num: 17
BIT-1003 : Multithreading accelaration with 12 threads.
BIT-1003 : Generate bitstream completely, there are 1055 valid insts, and 106302 bits set as '1'.
BIT-1004 : the usercode register value: 00000000010110010000000000000000
BIT-1004 : Generate bits file FOC_Controller.bit.
RUN-1003 : finish command "bitgen -bit FOC_Controller.bit" in  3.003305s wall, 23.109375s user + 0.078125s system = 23.187500s CPU (772.1%)

RUN-1004 : used memory is 398 MB, reserved memory is 380 MB, peak memory is 573 MB
RUN-1002 : start command "backup_run_log run.log ../.logs/phy_1/td_20231106_230314.log"
