============================================================
   Tang Dynasty, V5.6.71036
      Copyright (c) 2012-2023 Anlogic Inc.
   Executable = D:/Anlogic/TD5.6.2/bin/td.exe
   Built at =   20:34:38 Mar 21 2023
   Run by =     15597
   Run Date =   Wed Nov  8 20:17:51 2023

   Run on =     XR097-DELL-G7
============================================================
RUN-1002 : start command "open_project FOC_Controller.prj"
RUN-1001 : Print Global Property
RUN-1001 : ---------------------------------------------------------------
RUN-1001 :        Parameters        |  Settings  |  Default Values  |  Note  
RUN-1001 : ---------------------------------------------------------------
RUN-1001 :          message         |  standard  |     standard     |        
RUN-1001 :   mixed_pack_place_flow  |     on     |        on        |        
RUN-1001 :        qor_monitor       |    off     |       off        |        
RUN-1001 :        syn_ip_flow       |    off     |       off        |        
RUN-1001 :          thread          |    auto    |       auto       |        
RUN-1001 : ---------------------------------------------------------------
RUN-1001 : Print Design Property
RUN-1001 : --------------------------------------------------------------
RUN-1001 :        Parameters       |  Settings  |  Default Values  |  Note  
RUN-1001 : --------------------------------------------------------------
RUN-1001 :   default_reg_initial   |    auto    |       auto       |        
RUN-1001 :        infer_add        |     on     |        on        |        
RUN-1001 :        infer_fsm        |    off     |       off        |        
RUN-1001 :        infer_mult       |     on     |        on        |        
RUN-1001 :        infer_ram        |     on     |        on        |        
RUN-1001 :        infer_reg        |     on     |        on        |        
RUN-1001 :   infer_reg_init_value  |     on     |        on        |        
RUN-1001 :        infer_rom        |     on     |        on        |        
RUN-1001 :      infer_shifter      |     on     |        on        |        
RUN-1001 : --------------------------------------------------------------
RUN-1001 : Print Rtl Property
RUN-1001 : --------------------------------------------------------------
RUN-1001 :        Parameters       |  Settings  |  Default Values  |  Note  
RUN-1001 : --------------------------------------------------------------
RUN-1001 :       compress_add      |   ripple   |      ripple      |        
RUN-1001 :        elf_sload        |    off     |       off        |        
RUN-1001 :       fix_undriven      |     0      |        0         |        
RUN-1001 :         flatten         |    off     |       off        |        
RUN-1001 :       gate_sharing      |     on     |        on        |        
RUN-1001 :    hdl_warning_level    |   normal   |      normal      |        
RUN-1001 :   impl_internal_tribuf  |     on     |        on        |        
RUN-1001 :      impl_set_reset     |     on     |        on        |        
RUN-1001 :        infer_gsr        |    off     |       off        |        
RUN-1001 :      keep_hierarchy     |    auto    |       auto       |        
RUN-1001 :        max_fanout       |    9999    |       9999       |        
RUN-1001 :      max_oh2bin_len     |     10     |        10        |        
RUN-1001 :       merge_equal       |     on     |        on        |        
RUN-1001 :       merge_equiv       |     on     |        on        |        
RUN-1001 :        merge_mux        |    off     |       off        |        
RUN-1001 :     min_control_set     |     8      |        8         |        
RUN-1001 :      min_ripple_len     |    auto    |       auto       |        
RUN-1001 :       oh2bin_ratio      |    0.08    |       0.08       |        
RUN-1001 :     opt_adder_fanout    |     on     |        on        |        
RUN-1001 :        opt_arith        |     on     |        on        |        
RUN-1001 :       opt_big_gate      |    off     |       off        |        
RUN-1001 :        opt_const        |     on     |        on        |        
RUN-1001 :      opt_const_mult     |     on     |        on        |        
RUN-1001 :       opt_lessthan      |     on     |        on        |        
RUN-1001 :         opt_mux         |    off     |       off        |        
RUN-1001 :         opt_ram         |    high    |       high       |        
RUN-1001 :      rtl_sim_model      |    off     |       off        |        
RUN-1001 :         seq_syn         |     on     |        on        |        
RUN-1001 : --------------------------------------------------------------
HDL-1007 : analyze verilog file ../../al_ip/pll.v
HDL-1007 : undeclared symbol 'open', assumed default net type 'wire' in ../../al_ip/pll.v(88)
HDL-1007 : analyze verilog file ../../RTL/uart_monitor.v
HDL-1007 : analyze verilog file ../../TOP_test.v
HDL-1007 : undeclared symbol 'S_id_aim', assumed default net type 'wire' in ../../TOP_test.v(132)
HDL-1007 : undeclared symbol 'S_iq_aim', assumed default net type 'wire' in ../../TOP_test.v(134)
RUN-1001 : Project manager successfully analyzed 3 source files.
RUN-1002 : start command "import_device sf1_6.db -package SF1S60CG121I"
ARC-1001 : Device Initialization.
ARC-1001 : -------------------------------------------------
ARC-1001 :       OPTION       |      IO       |   SETTING   
ARC-1001 : -------------------------------------------------
ARC-1001 :        done        |      B4       |    gpio    
ARC-1001 :        initn       |      A5       |    gpio    
ARC-1001 :       jtagen       |      B7       |    gpio    
ARC-1001 :      programn      |      B5       |  dedicate  
ARC-1001 :   tdi/tms/tck/tdo  |  C4/A6/A7/C5  |  dedicate  
ARC-1001 : -------------------------------------------------
ARC-1004 : Device setting, marked 5 dedicate IOs in total.
RUN-1002 : start command "import_db ../syn_1/FOC_Controller_gate.db"
RUN-1001 : Importing database generated by Tang Dynasty, V5.6.71036.
RUN-1001 : Database version number 46146.
RUN-1001 : Import flow parameters
RUN-1001 : Import IO constraints
RUN-1001 : Import Inst constraints
RUN-1001 : Import design success TD_VERSION=5.6.71036 , DB_VERSION=46146
RUN-1002 : start command "place"
RUN-1001 : Open license file D:/Anlogic/TD5.6.2/license/Anlogic.lic
RUN-1001 : Print Global Property
RUN-1001 : ---------------------------------------------------------------
RUN-1001 :        Parameters        |  Settings  |  Default Values  |  Note  
RUN-1001 : ---------------------------------------------------------------
RUN-1001 :          message         |  standard  |     standard     |        
RUN-1001 :   mixed_pack_place_flow  |     on     |        on        |        
RUN-1001 :        qor_monitor       |    off     |       off        |        
RUN-1001 :        syn_ip_flow       |    off     |       off        |        
RUN-1001 :          thread          |    auto    |       auto       |        
RUN-1001 : ---------------------------------------------------------------
RUN-1001 : Print Place Property
RUN-1001 : --------------------------------------------------------------
RUN-1001 :        Parameters       |  Settings  |  Default Values  |  Note  
RUN-1001 : --------------------------------------------------------------
RUN-1001 :      detailed_place     |     on     |        on        |        
RUN-1001 :          effort         |   medium   |      medium      |        
RUN-1001 :         fix_hold        |    off     |       off        |        
RUN-1001 :       legalization      |    ori     |       ori        |        
RUN-1001 :      new_spreading      |     on     |        on        |        
RUN-1001 :        opt_timing       |   medium   |      medium      |        
RUN-1001 :   post_clock_route_opt  |    off     |       off        |        
RUN-1001 :       pr_strategy       |     1      |        1         |        
RUN-1001 :        relaxation       |    1.00    |       1.00       |        
RUN-1001 :         retiming        |    off     |       off        |        
RUN-1001 : --------------------------------------------------------------
PHY-3001 : Placer runs in 12 thread(s).
RUN-1002 : start command "legalize_phy_inst"
SYN-1011 : Flatten model TOP_test
RUN-1002 : start command "phys_opt -simplify_lut"
SYN-4016 : Net u_pll/clk0_out driven by BUFG (0 clock/control pins, 1 other pins).
SYN-4019 : Net I_clk_25m_dup_1 is refclk of pll u_pll/pll_inst.
SYN-4020 : Net I_clk_25m_dup_1 is fbclk of pll u_pll/pll_inst.
SYN-4025 : Tag rtl::Net I_clk_25m_dup_1 as clock net
SYN-4025 : Tag rtl::Net u_pll/clk0_out as clock net
SYN-4026 : Tagged 2 rtl::Net as clock net
PHY-1001 : Populate physical database on model TOP_test.
RUN-1001 : There are total 24 instances
RUN-0007 : 1 luts, 0 seqs, 0 mslices, 0 lslices, 18 pads, 0 brams, 0 dsps
RUN-1001 : There are total 25 nets
RUN-1001 : 24 nets have 2 pins
RUN-1001 : 1 nets have [21 - 99] pins
RUN-1001 : Report Control nets information:
RUN-1001 : DFF Distribution
RUN-1001 : ----------------------------------
RUN-1001 :   CE   |  SSR  |  ASR  |  DFF Count  
RUN-1001 : ----------------------------------
RUN-1001 :   No   |  No   |  No   |      0      
RUN-1001 :   No   |  No   |  Yes  |      0      
RUN-1001 :   No   |  Yes  |  No   |      0      
RUN-1001 :   Yes  |  No   |  No   |      0      
RUN-1001 :   Yes  |  No   |  Yes  |      0      
RUN-1001 :   Yes  |  Yes  |  No   |      0      
RUN-1001 : ----------------------------------
RUN-0007 : Control Group Statistic
RUN-0007 : ---------------------------
RUN-0007 :   #CLK  |  #CE  |  #SSR/ASR  
RUN-0007 : ---------------------------
RUN-0007 :    0    |   0   |     0      
RUN-0007 : ---------------------------
RUN-0007 : Control Set = 0
PHY-3001 : Initial placement ...
PHY-3001 : design contains 22 instances, 1 luts, 0 seqs, 0 slices, 0 macros(0 instances: 0 mslices 0 lslices)
PHY-0007 : Cell area utilization is 0%
PHY-3001 : Global placement ...
PHY-3001 : Initial: Len = 1041.6
PHY-3001 : Run with size of 3
PHY-3001 : Cell area utilization is 0%
PHY-3001 : :::0::: Try harder cell spreading with beta_ = 0
PHY-3002 : Step(1): len = 372.7, overlap = 0
PHY-3002 : Step(2): len = 371.6, overlap = 0
PHY-3002 : Step(3): len = 371.6, overlap = 0
PHY-3002 : Step(4): len = 371.6, overlap = 0
PHY-3002 : Step(5): len = 371.6, overlap = 0
PHY-3001 : Legalization ...
PHY-3001 : End legalization;  0.002231s wall, 0.000000s user + 0.000000s system = 0.000000s CPU (n/a%)

PHY-3001 : Run with size of 3
PHY-3001 : Cell area utilization is 0%
PHY-3001 : :::0::: Try harder cell spreading with beta_ = 0
PHY-3002 : Step(6): len = 371.6, overlap = 0
PHY-3002 : Step(7): len = 371.6, overlap = 0
PHY-3002 : Step(8): len = 371.6, overlap = 0
PHY-3002 : Step(9): len = 371.6, overlap = 0
PHY-3001 : Run with size of 1
PHY-3001 : Cell area utilization is 0%
PHY-3001 : :::0::: Try harder cell spreading with beta_ = 0
PHY-3002 : Step(10): len = 371.6, overlap = 0
PHY-3002 : Step(11): len = 371.6, overlap = 0
OPT-1001 : Start physical optimization ...
OPT-1001 : Total overflow 0.00 peak overflow 0.00
OPT-1001 : Start high-fanout net optimization ...
OPT-1001 : Update timing in global mode
PHY-1001 : Start incremental global routing, caller is place ...
RUN-1001 : Generating global routing grids ...
RUN-1001 : Building simple global routing graph ...
PHY-1001 : Generate routing nets ...
PHY-1001 : Reuse net number 0/25.
PHY-1001 : Global iterations in 12 thread ...
PHY-1002 : len = 368, over cnt = 0(0%), over = 0, worst = 0
PHY-1001 : End global iterations;  0.002306s wall, 0.000000s user + 0.000000s system = 0.000000s CPU (n/a%)

PHY-1001 : Congestion index: top1 = 1.26, top5 = 0.32, top10 = 0.16, top15 = 0.11.
PHY-1001 : End incremental global routing;  0.023604s wall, 0.000000s user + 0.000000s system = 0.000000s CPU (n/a%)

RUN-1002 : start command "start_timer -report"
TMR-5001 WARNING: No sdc constraints found while initiating timer.
TMR-2505 : Start building timing graph for model TOP_test.
TMR-2506 : Build timing graph completely. Port num: 18, tpin num: 46, tnet num: 23, tinst num: 22, tnode num: 55, tedge num: 27.
TMR-2508 : Levelizing timing graph completed, there are 5 levels in total.
TMR-2501 : Timing graph initialized successfully.
OPT-1001 : End timing update;  0.149229s wall, 0.062500s user + 0.000000s system = 0.062500s CPU (41.9%)

OPT-1001 : 0 high-fanout net processed.
OPT-1001 : End high-fanout net optimization;  0.172956s wall, 0.062500s user + 0.000000s system = 0.062500s CPU (36.1%)

OPT-1001 : Current memory(MB): used = 133, reserve = 103, peak = 133.
OPT-1001 : End physical optimization;  0.174670s wall, 0.062500s user + 0.000000s system = 0.062500s CPU (35.8%)

PHY-3001 : Start packing ...
SYN-4007 : Packing 0 MUX to BLE ...
SYN-4008 : Packed 0 MUX and 0 SEQ to BLE.
SYN-4007 : Packing 1 LUT to BLE ...
SYN-4008 : Packed 1 LUT and 0 SEQ to BLE.
SYN-4003 : Packing 0 remaining SEQ's ...
SYN-4005 : Packed 0 SEQ with LUT/SLICE
SYN-4006 : 1 single LUT's are left
SYN-4006 : 0 single SEQ's are left
SYN-4011 : Packing model "TOP_test" (AL_USER_NORMAL) with 1/24 primitive instances ...
PHY-3001 : End packing;  0.000514s wall, 0.000000s user + 0.000000s system = 0.000000s CPU (n/a%)

PHY-1001 : Populate physical database on model TOP_test.
RUN-1001 : There are total 24 instances
RUN-1001 : 0 mslices, 1 lslices, 18 pads, 0 brams, 0 dsps
RUN-1001 : There are total 25 nets
RUN-1001 : 24 nets have 2 pins
RUN-1001 : 1 nets have [21 - 99] pins
PHY-3001 : design contains 22 instances, 1 slices, 0 macros(0 instances: 0 mslices 0 lslices)
PHY-3001 : Cell area utilization is 0%
PHY-3001 : After packing: Len = 371.6, Over = 0
PHY-3001 : Run with size of 1
PHY-3001 : Cell area utilization is 0%
PHY-3001 : :::0::: Try harder cell spreading with beta_ = 0
PHY-3002 : Step(12): len = 371.6, overlap = 0
PHY-3002 : Step(13): len = 371.6, overlap = 0
PHY-3001 : Legalization ...
PHY-3001 : End legalization;  0.004199s wall, 0.000000s user + 0.000000s system = 0.000000s CPU (n/a%)

PHY-3001 : Trial Legalized: Len = 371.6
PHY-3001 : Run with size of 1
PHY-3001 : Cell area utilization is 0%
PHY-3001 : :::0::: Try harder cell spreading with beta_ = 0
PHY-3002 : Step(14): len = 371.6, overlap = 0
PHY-3002 : Step(15): len = 371.6, overlap = 0
PHY-3001 : Legalization ...
PHY-3001 : End legalization;  0.002909s wall, 0.000000s user + 0.000000s system = 0.000000s CPU (n/a%)

PHY-3001 : Legalized: Len = 371.6, Over = 0
PHY-3001 : End spreading;  0.000662s wall, 0.000000s user + 0.000000s system = 0.000000s CPU (n/a%)

PHY-3001 : Final: Len = 371.6, Over = 0
RUN-1002 : start command "export_db FOC_Controller_place.db"
RUN-1001 : Exported /
RUN-1001 : Exported flow parameters
RUN-1001 : Exported libs
RUN-1001 : Exported entities
RUN-1001 : Exported ports
RUN-1001 : Exported pins
RUN-1001 : Exported instances
RUN-1001 : Exported nets
RUN-1001 : Exported buses
RUN-1001 : Exported models
RUN-1001 : Exported congestions
RUN-1001 : Exported violations
RUN-1001 : Exported IO constraints
RUN-1001 : Exported Inst constraints
RUN-1002 : start command "route"
RUN-1001 : Open license file D:/Anlogic/TD5.6.2/license/Anlogic.lic
RUN-1001 : Print Global Property
RUN-1001 : ---------------------------------------------------------------
RUN-1001 :        Parameters        |  Settings  |  Default Values  |  Note  
RUN-1001 : ---------------------------------------------------------------
RUN-1001 :          message         |  standard  |     standard     |        
RUN-1001 :   mixed_pack_place_flow  |     on     |        on        |        
RUN-1001 :        qor_monitor       |    off     |       off        |        
RUN-1001 :        syn_ip_flow       |    off     |       off        |        
RUN-1001 :          thread          |    auto    |       auto       |        
RUN-1001 : ---------------------------------------------------------------
RUN-1001 : Print Route Property
RUN-1001 : -------------------------------------------------------
RUN-1001 :    Parameters    |  Settings  |  Default Values  |  Note  
RUN-1001 : -------------------------------------------------------
RUN-1001 :      effort      |   medium   |      medium      |        
RUN-1001 :     fix_hold     |    off     |       off        |        
RUN-1001 :    opt_timing    |   medium   |      medium      |        
RUN-1001 :   phy_sim_model  |    off     |       off        |        
RUN-1001 :     priority     |   timing   |      timing      |        
RUN-1001 :     swap_pin     |     on     |        on        |        
RUN-1001 : -------------------------------------------------------
PHY-1001 : Route runs in 12 thread(s)
RUN-1001 : There are total 24 instances
RUN-1001 : 0 mslices, 1 lslices, 18 pads, 0 brams, 0 dsps
RUN-1001 : There are total 25 nets
RUN-1001 : 24 nets have 2 pins
RUN-1001 : 1 nets have [21 - 99] pins
RUN-1002 : start command "start_timer -report"
TMR-5001 WARNING: No sdc constraints found while initiating timer.
TMR-2505 : Start building timing graph for model TOP_test.
TMR-2506 : Build timing graph completely. Port num: 18, tpin num: 46, tnet num: 23, tinst num: 22, tnode num: 55, tedge num: 27.
TMR-2508 : Levelizing timing graph completed, there are 5 levels in total.
TMR-2501 : Timing graph initialized successfully.
PHY-1001 : 0 mslices, 1 lslices, 18 pads, 0 brams, 0 dsps
TMR-2503 : Start to update net delay, extr mode = 3.
TMR-2504 : Update delay of 23 nets completely.
TMR-2502 : Annotate delay completely, extr mode = 3.
TMR-3002 : No user constraint, initiate default constraint.
TMR-1501 : Assign derive clock DeriveClock to 0 clock pins, and constraint 0 relative nodes.
TMR-3003 : Constraints initiated successfully.
TMR-3501 : Forward propagation: start to calculate arrival time...
TMR-3502 : Backward propagation: start to calculate required time...
TMR-3503 : Timing propagation completes.
PHY-1001 : Start global routing, caller is route ...
RUN-1001 : Generating global routing grids ...
PHY-1001 : Generate routing nets ...
PHY-1001 : Global iterations in 12 thread ...
PHY-1002 : len = 368, over cnt = 0(0%), over = 0, worst = 0
PHY-1001 : End global iterations;  0.002238s wall, 0.000000s user + 0.000000s system = 0.000000s CPU (n/a%)

PHY-1001 : Congestion index: top1 = 1.26, top5 = 0.32, top10 = 0.16, top15 = 0.11.
PHY-1001 : End global routing;  0.013314s wall, 0.000000s user + 0.000000s system = 0.000000s CPU (n/a%)

PHY-1001 : Start detail routing ...
PHY-1001 : Current memory(MB): used = 150, reserve = 120, peak = 159.
PHY-1001 : Detailed router is running in normal mode.
PHY-1001 : Generate detailed routing grids ...
PHY-1001 : Generate nets ...
PHY-1001 : net I_clk_25m_dup_1 will be routed on clock mesh
PHY-1001 : clock net u_pll/clk0_out will be merged with clock u_pll/clk0_buf
PHY-1001 : Current memory(MB): used = 244, reserve = 215, peak = 244.
PHY-1001 : End build detailed router design. 1.684778s wall, 0.687500s user + 0.000000s system = 0.687500s CPU (40.8%)

PHY-1001 : Detail Route ...
PHY-1001 : ===== Detail Route Phase 1 =====
PHY-1001 : Clock net routing.....
PHY-1001 : Routed 8% nets.
PHY-1022 : len = 208, over cnt = 0(0%), over = 0, worst = 0, crit = 0
PHY-1001 : End initial clock net routed; 0.001470s wall, 0.000000s user + 0.000000s system = 0.000000s CPU (n/a%)

PHY-1001 : Current memory(MB): used = 244, reserve = 215, peak = 244.
PHY-1001 : End phase 1; 0.003918s wall, 0.000000s user + 0.000000s system = 0.000000s CPU (n/a%)

PHY-1001 : ===== Detail Route Phase 2 =====
PHY-1001 : Initial routing.....
PHY-1001 : Routed 12% nets.
PHY-1001 : Routed 16% nets.
PHY-1022 : len = 560, over cnt = 0(0%), over = 0, worst = 0, crit = 0
PHY-1001 : Current memory(MB): used = 247, reserve = 218, peak = 247.
PHY-1001 : End initial routed; 0.016231s wall, 0.000000s user + 0.000000s system = 0.000000s CPU (n/a%)

PHY-1001 : Current memory(MB): used = 247, reserve = 218, peak = 247.
PHY-1001 : End phase 2; 0.016275s wall, 0.000000s user + 0.000000s system = 0.000000s CPU (n/a%)

PHY-1001 : ===== Detail Route Phase 3 =====
PHY-1001 : Commit to database.....
PHY-5014 WARNING: Detail route doesn't find pib for u_pll/pll_inst.ssc_en[0]
PHY-5014 WARNING: Detail route doesn't find pib for u_pll/pll_inst.dsm_refclk[0]
PHY-5014 WARNING: Detail route doesn't find pib for u_pll/pll_inst.dsm_rst[0]
PHY-5014 WARNING: Detail route doesn't find pib for u_pll/pll_inst.frac_offset_valid[0]
PHY-1001 : 0 feed throughs used by 0 nets
PHY-1001 : End commit to database; 0.007450s wall, 0.000000s user + 0.000000s system = 0.000000s CPU (n/a%)

PHY-1001 : Current memory(MB): used = 253, reserve = 224, peak = 253.
PHY-1001 : End phase 3; 0.007546s wall, 0.000000s user + 0.000000s system = 0.000000s CPU (n/a%)

PHY-1003 : Routed, final wirelength = 560
PHY-1001 : Current memory(MB): used = 253, reserve = 224, peak = 253.
PHY-1001 : End export database. 0.001807s wall, 0.000000s user + 0.000000s system = 0.000000s CPU (n/a%)

PHY-1001 : End detail routing;  1.803874s wall, 0.718750s user + 0.015625s system = 0.734375s CPU (40.7%)

RUN-1003 : finish command "route" in  2.086170s wall, 0.921875s user + 0.015625s system = 0.937500s CPU (44.9%)

RUN-1004 : used memory is 229 MB, reserved memory is 201 MB, peak memory is 253 MB
RUN-1002 : start command "report_area -io_info -file FOC_Controller_phy.area"
RUN-1001 : standard
***Report Model: TOP_test Device: SF1S60CG121I***

IO Statistics
#IO                        18
  #input                    8
  #output                   9
  #inout                    1

Utilization Statistics
#lut                        1   out of   5824    0.02%
#reg                        0   out of   5824    0.00%
#le                         1
  #lut only                 1   out of      1  100.00%
  #reg only                 0   out of      1    0.00%
  #lut&reg                  0   out of      1    0.00%
#dsp                        0   out of     10    0.00%
#bram                       0   out of     26    0.00%
  #bram9k                   0
  #fifo9k                   0
#hard-ip                    0
  #mcu                      0   out of      1    0.00%
  #dsc                      0   out of      1    0.00%
  #dsi                      0   out of      2    0.00%
  #psram controller         0   out of      2    0.00%
#pad                       18   out of     55   32.73%
  #ireg                     0
  #oreg                     0
  #treg                     0
#pll                        1   out of      2   50.00%
#gclk                       1   out of     16    6.25%

Clock Resource Statistics
Index     ClockNet           Type               DriverType         Driver                Fanout
#1        I_clk_25m_dup_1    GeneralRouting     io                 I_clk_25m_syn_2.di    1


Detailed IO Report

     Name       Direction    Location    IOStandard    DriveStrength    PullType    PackReg  
  I_clk_25m       INPUT         D7        LVCMOS18          N/A          PULLUP      NONE    
   I_hall_u       INPUT        G10        LVCMOS18          N/A          PULLUP      NONE    
   I_hall_v       INPUT        H11        LVCMOS18          N/A          PULLUP      NONE    
   I_hall_w       INPUT        H10        LVCMOS18          N/A          PULLUP      NONE    
    I_rstn        INPUT         J2        LVCMOS18          N/A          PULLUP      NONE    
  I_spi_miso      INPUT         B9        LVCMOS18          N/A          PULLUP      NONE    
     key1         INPUT         H2        LVCMOS18          N/A          PULLUP      NONE    
     key2         INPUT         J4        LVCMOS18          N/A          PULLUP      NONE    
  O_i2c_scl      OUTPUT         G3        LVCMOS18           8            NONE       NONE    
   O_pwm_a       OUTPUT        C10        LVCMOS18           8            NONE       NONE    
   O_pwm_b       OUTPUT        C11        LVCMOS18           8            NONE       NONE    
   O_pwm_c       OUTPUT        E11        LVCMOS18           8            NONE       NONE    
   O_pwm_en      OUTPUT        F11        LVCMOS18           8            NONE       NONE    
  O_spi_mosi     OUTPUT         B8        LVCMOS18           8            NONE       NONE    
  O_spi_sck      OUTPUT         A9        LVCMOS18           8            NONE       NONE    
   O_spi_ss      OUTPUT         A8        LVCMOS18           8            NONE       NONE    
  O_uart_tx      OUTPUT         A4        LVCMOS18           8            NONE       NONE    
  IO_i2c_sda      INOUT         H3        LVCMOS18           8           PULLUP      NONE    

Report Hierarchy Area:
+------------------------------------------------------------------------+
|Instance |Module   |le     |lut     |ripple  |seq     |bram    |dsp     |
+------------------------------------------------------------------------+
|top      |TOP_test |1      |1       |0       |0       |0       |0       |
|  u_pll  |pll      |0      |0       |0       |0       |0       |0       |
+------------------------------------------------------------------------+


DataNet Average Fanout:

   Index     Fanout    Nets  
    #1         1        3    
  Average     1.00           

RUN-1002 : start command "export_db FOC_Controller_pr.db"
RUN-1001 : Exported /
RUN-1001 : Exported flow parameters
RUN-1001 : Exported libs
RUN-1001 : Exported entities
RUN-1001 : Exported ports
RUN-1001 : Exported pins
RUN-1001 : Exported instances
RUN-1001 : Exported nets
RUN-1001 : Exported buses
RUN-1001 : Exported models
RUN-1001 : Exported congestions
RUN-1001 : Exported violations
RUN-1001 : Exported IO constraints
RUN-1001 : Exported Inst constraints
RUN-1002 : start command "export_bid FOC_Controller_inst.bid"
RUN-1002 : start command "bitgen -bit FOC_Controller.bit"
BIT-1003 : Start to generate bitstream. 
BIT-1002 : Init instances with 12 threads.
BIT-1002 : Init instances completely, inst num: 22
BIT-1002 : Init pips with 12 threads.
BIT-1002 : Init pips completely, net num: 25, pip num: 71
BIT-1003 : Multithreading accelaration with 12 threads.
BIT-1003 : Generate bitstream completely, there are 83 valid insts, and 235 bits set as '1'.
BIT-1004 : Generate bits file FOC_Controller.bit.
RUN-1002 : start command "backup_run_log run.log ../.logs/phy_1/td_20231108_201751.log"
