============================================================
   Tang Dynasty, V5.6.71036
      Copyright (c) 2012-2023 Anlogic Inc.
   Executable = D:/Anlogic/TD5.6.2/bin/td.exe
   Built at =   20:34:38 Mar 21 2023
   Run by =     15597
   Run Date =   Mon Nov  6 23:46:41 2023

   Run on =     XR097-DELL-G7
============================================================
RUN-1002 : start command "open_project FOC_Controller.prj"
RUN-1001 : Print Global Property
RUN-1001 : ---------------------------------------------------------------
RUN-1001 :        Parameters        |  Settings  |  Default Values  |  Note  
RUN-1001 : ---------------------------------------------------------------
RUN-1001 :          message         |  standard  |     standard     |        
RUN-1001 :   mixed_pack_place_flow  |     on     |        on        |        
RUN-1001 :        qor_monitor       |    off     |       off        |        
RUN-1001 :        syn_ip_flow       |    off     |       off        |        
RUN-1001 :          thread          |    auto    |       auto       |        
RUN-1001 : ---------------------------------------------------------------
RUN-1001 : Print Design Property
RUN-1001 : --------------------------------------------------------------
RUN-1001 :        Parameters       |  Settings  |  Default Values  |  Note  
RUN-1001 : --------------------------------------------------------------
RUN-1001 :   default_reg_initial   |    auto    |       auto       |        
RUN-1001 :        infer_add        |     on     |        on        |        
RUN-1001 :        infer_fsm        |    off     |       off        |        
RUN-1001 :        infer_mult       |     on     |        on        |        
RUN-1001 :        infer_ram        |     on     |        on        |        
RUN-1001 :        infer_reg        |     on     |        on        |        
RUN-1001 :   infer_reg_init_value  |     on     |        on        |        
RUN-1001 :        infer_rom        |     on     |        on        |        
RUN-1001 :      infer_shifter      |     on     |        on        |        
RUN-1001 : --------------------------------------------------------------
RUN-1001 : Print Rtl Property
RUN-1001 : --------------------------------------------------------------
RUN-1001 :        Parameters       |  Settings  |  Default Values  |  Note  
RUN-1001 : --------------------------------------------------------------
RUN-1001 :       compress_add      |   ripple   |      ripple      |        
RUN-1001 :        elf_sload        |    off     |       off        |        
RUN-1001 :       fix_undriven      |     0      |        0         |        
RUN-1001 :         flatten         |    off     |       off        |        
RUN-1001 :       gate_sharing      |     on     |        on        |        
RUN-1001 :    hdl_warning_level    |   normal   |      normal      |        
RUN-1001 :   impl_internal_tribuf  |     on     |        on        |        
RUN-1001 :      impl_set_reset     |     on     |        on        |        
RUN-1001 :        infer_gsr        |    off     |       off        |        
RUN-1001 :      keep_hierarchy     |    auto    |       auto       |        
RUN-1001 :        max_fanout       |    9999    |       9999       |        
RUN-1001 :      max_oh2bin_len     |     10     |        10        |        
RUN-1001 :       merge_equal       |     on     |        on        |        
RUN-1001 :       merge_equiv       |     on     |        on        |        
RUN-1001 :        merge_mux        |    off     |       off        |        
RUN-1001 :     min_control_set     |     8      |        8         |        
RUN-1001 :      min_ripple_len     |    auto    |       auto       |        
RUN-1001 :       oh2bin_ratio      |    0.08    |       0.08       |        
RUN-1001 :     opt_adder_fanout    |     on     |        on        |        
RUN-1001 :        opt_arith        |     on     |        on        |        
RUN-1001 :       opt_big_gate      |    off     |       off        |        
RUN-1001 :        opt_const        |     on     |        on        |        
RUN-1001 :      opt_const_mult     |     on     |        on        |        
RUN-1001 :       opt_lessthan      |     on     |        on        |        
RUN-1001 :         opt_mux         |    off     |       off        |        
RUN-1001 :         opt_ram         |    high    |       high       |        
RUN-1001 :      rtl_sim_model      |    off     |       off        |        
RUN-1001 :         seq_syn         |     on     |        on        |        
RUN-1001 : --------------------------------------------------------------
HDL-1007 : analyze verilog file ../../al_ip/pll.v
HDL-1007 : undeclared symbol 'open', assumed default net type 'wire' in ../../al_ip/pll.v(86)
HDL-1007 : analyze verilog file ../../RTL/adc_ad7928.v
HDL-1007 : analyze verilog file ../../RTL/fpga_top.v
HDL-1007 : analyze verilog file ../../RTL/i2c_register_read.v
HDL-1007 : analyze verilog file ../../RTL/uart_monitor.v
RUN-1001 : Project manager successfully analyzed 5 source files.
RUN-1002 : start command "import_device sf1_6.db -package SF1S60CG121I"
ARC-1001 : Device Initialization.
ARC-1001 : -------------------------------------------------
ARC-1001 :       OPTION       |      IO       |   SETTING   
ARC-1001 : -------------------------------------------------
ARC-1001 :        done        |      B4       |    gpio    
ARC-1001 :        initn       |      A5       |    gpio    
ARC-1001 :       jtagen       |      B7       |    gpio    
ARC-1001 :      programn      |      B5       |  dedicate  
ARC-1001 :   tdi/tms/tck/tdo  |  C4/A6/A7/C5  |  dedicate  
ARC-1001 : -------------------------------------------------
ARC-1004 : Device setting, marked 5 dedicate IOs in total.
RUN-1002 : start command "import_db ../syn_1/FOC_Controller_gate.db"
RUN-1001 : Importing database generated by Tang Dynasty, V5.6.71036.
RUN-1001 : Database version number 46146.
RUN-1001 : Import flow parameters
RUN-1001 : Import IO constraints
RUN-1001 : Import Inst constraints
RUN-1001 : Import design success TD_VERSION=5.6.71036 , DB_VERSION=46146
RUN-1002 : start command "place"
RUN-1001 : Open license file D:/Anlogic/TD5.6.2/license/Anlogic.lic
RUN-1001 : Print Global Property
RUN-1001 : ---------------------------------------------------------------
RUN-1001 :        Parameters        |  Settings  |  Default Values  |  Note  
RUN-1001 : ---------------------------------------------------------------
RUN-1001 :          message         |  standard  |     standard     |        
RUN-1001 :   mixed_pack_place_flow  |     on     |        on        |        
RUN-1001 :        qor_monitor       |    off     |       off        |        
RUN-1001 :        syn_ip_flow       |    off     |       off        |        
RUN-1001 :          thread          |    auto    |       auto       |        
RUN-1001 : ---------------------------------------------------------------
RUN-1001 : Print Place Property
RUN-1001 : --------------------------------------------------------------
RUN-1001 :        Parameters       |  Settings  |  Default Values  |  Note  
RUN-1001 : --------------------------------------------------------------
RUN-1001 :      detailed_place     |     on     |        on        |        
RUN-1001 :          effort         |   medium   |      medium      |        
RUN-1001 :         fix_hold        |    off     |       off        |        
RUN-1001 :       legalization      |    ori     |       ori        |        
RUN-1001 :      new_spreading      |     on     |        on        |        
RUN-1001 :        opt_timing       |   medium   |      medium      |        
RUN-1001 :   post_clock_route_opt  |    off     |       off        |        
RUN-1001 :       pr_strategy       |     1      |        1         |        
RUN-1001 :        relaxation       |    1.00    |       1.00       |        
RUN-1001 :         retiming        |    off     |       off        |        
RUN-1001 : --------------------------------------------------------------
PHY-3001 : Placer runs in 12 thread(s).
RUN-1002 : start command "legalize_phy_inst"
SYN-1011 : Flatten model TOP
RUN-1002 : start command "phys_opt -simplify_lut"
SYN-4016 : Net u_adc_ad7928/clk driven by BUFG (179 clock/control pins, 1 other pins).
SYN-4019 : Net clk_25m_dup_1 is refclk of pll pll_inst/pll_inst.
SYN-4020 : Net clk_25m_dup_1 is fbclk of pll pll_inst/pll_inst.
SYN-4025 : Tag rtl::Net clk_25m_dup_1 as clock net
SYN-4025 : Tag rtl::Net u_adc_ad7928/clk as clock net
SYN-4026 : Tagged 2 rtl::Net as clock net
PHY-1001 : Populate physical database on model TOP.
RUN-1001 : There are total 506 instances
RUN-0007 : 210 luts, 173 seqs, 87 mslices, 18 lslices, 13 pads, 0 brams, 0 dsps
RUN-1001 : There are total 565 nets
RUN-1001 : 360 nets have 2 pins
RUN-1001 : 142 nets have [3 - 5] pins
RUN-1001 : 38 nets have [6 - 10] pins
RUN-1001 : 13 nets have [11 - 20] pins
RUN-1001 : 9 nets have [21 - 99] pins
RUN-1001 : 3 nets have 100+ pins
RUN-1001 : Report Control nets information:
RUN-1001 : DFF Distribution
RUN-1001 : ----------------------------------
RUN-1001 :   CE   |  SSR  |  ASR  |  DFF Count  
RUN-1001 : ----------------------------------
RUN-1001 :   No   |  No   |  No   |      0      
RUN-1001 :   No   |  No   |  Yes  |     129     
RUN-1001 :   No   |  Yes  |  No   |      0      
RUN-1001 :   Yes  |  No   |  No   |      0      
RUN-1001 :   Yes  |  No   |  Yes  |     44      
RUN-1001 :   Yes  |  Yes  |  No   |      0      
RUN-1001 : ----------------------------------
RUN-0007 : Control Group Statistic
RUN-0007 : ---------------------------
RUN-0007 :   #CLK  |  #CE  |  #SSR/ASR  
RUN-0007 : ---------------------------
RUN-0007 :    1    |   3   |     2      
RUN-0007 : ---------------------------
RUN-0007 : Control Set = 3
PHY-3001 : Initial placement ...
PHY-3001 : design contains 504 instances, 210 luts, 173 seqs, 105 slices, 22 macros(105 instances: 87 mslices 18 lslices)
PHY-0007 : Cell area utilization is 7%
PHY-3001 : Global placement ...
PHY-3001 : Initial: Len = 62703
PHY-3001 : Run with size of 3
PHY-3001 : Cell area utilization is 7%
PHY-3001 : :::0::: Try harder cell spreading with beta_ = 0
PHY-3002 : Step(1): len = 37880.4, overlap = 0
PHY-3002 : Step(2): len = 24256.6, overlap = 0
PHY-3002 : Step(3): len = 18075.6, overlap = 0.5
PHY-3002 : Step(4): len = 14282.4, overlap = 0
PHY-3002 : Step(5): len = 13326.1, overlap = 1.25
PHY-3002 : Step(6): len = 10922.1, overlap = 1.25
PHY-3002 : Step(7): len = 9948.3, overlap = 3.25
PHY-3002 : Step(8): len = 9831.6, overlap = 21.375
PHY-3002 : Step(9): len = 7703, overlap = 24.0625
PHY-3002 : Step(10): len = 6639.5, overlap = 24.625
PHY-3002 : Step(11): len = 6818.1, overlap = 24.7188
PHY-3001 : :::1::: Try harder cell spreading with beta_ = 0.0010942
PHY-3002 : Step(12): len = 6841.9, overlap = 6.96875
PHY-3002 : Step(13): len = 6172.2, overlap = 8
PHY-3002 : Step(14): len = 6194.3, overlap = 8.0625
PHY-3002 : Step(15): len = 6338.2, overlap = 6.375
PHY-3001 : :::2::: Try harder cell spreading with beta_ = 0.00218841
PHY-3002 : Step(16): len = 6119, overlap = 6.125
PHY-3002 : Step(17): len = 5854.1, overlap = 6.625
PHY-3001 : Legalization ...
PHY-3001 : End legalization;  0.002120s wall, 0.000000s user + 0.000000s system = 0.000000s CPU (n/a%)

PHY-3001 : Run with size of 3
PHY-3001 : Cell area utilization is 9%
PHY-3001 : :::0::: Try harder cell spreading with beta_ = 6.19281e-06
PHY-3002 : Step(18): len = 5781, overlap = 20.75
PHY-3002 : Step(19): len = 5813.7, overlap = 21.0625
PHY-3001 : :::1::: Try harder cell spreading with beta_ = 1.23856e-05
PHY-3002 : Step(20): len = 5661.9, overlap = 21.3125
PHY-3002 : Step(21): len = 5700.6, overlap = 21.3125
PHY-3002 : Step(22): len = 5896.9, overlap = 21.2812
PHY-3001 : :::2::: Try harder cell spreading with beta_ = 2.47713e-05
PHY-3002 : Step(23): len = 5842.9, overlap = 17.2188
PHY-3002 : Step(24): len = 5887.9, overlap = 17.1562
PHY-3002 : Step(25): len = 5998.6, overlap = 16.7812
PHY-3001 : Run with size of 1
PHY-3001 : Cell area utilization is 9%
PHY-3001 : :::0::: Try harder cell spreading with beta_ = 1.41856e-05
PHY-3002 : Step(26): len = 5962.1, overlap = 46.375
PHY-3002 : Step(27): len = 5962.1, overlap = 46.375
PHY-3002 : Step(28): len = 5869.4, overlap = 42.5312
PHY-3001 : :::1::: Try harder cell spreading with beta_ = 2.81594e-05
PHY-3002 : Step(29): len = 6399.5, overlap = 38.7188
PHY-3002 : Step(30): len = 6399.5, overlap = 38.7188
PHY-3002 : Step(31): len = 6291.1, overlap = 40.125
PHY-3001 : :::2::: Try harder cell spreading with beta_ = 5.50832e-05
PHY-3002 : Step(32): len = 6811, overlap = 38
PHY-3002 : Step(33): len = 6963.1, overlap = 37.5
PHY-3002 : Step(34): len = 7065.1, overlap = 33.8438
PHY-3001 : :::3::: Try harder cell spreading with beta_ = 0.000110166
PHY-3002 : Step(35): len = 7054.1, overlap = 32.4062
PHY-3002 : Step(36): len = 7083.1, overlap = 32.25
PHY-3002 : Step(37): len = 7122.3, overlap = 31.3438
PHY-3001 : :::4::: Try harder cell spreading with beta_ = 0.000219889
PHY-3002 : Step(38): len = 7246.2, overlap = 30.5938
PHY-3002 : Step(39): len = 7346.2, overlap = 30.2812
PHY-3002 : Step(40): len = 7535.1, overlap = 30.3438
PHY-3001 : :::5::: Try harder cell spreading with beta_ = 0.000439778
PHY-3002 : Step(41): len = 7627.9, overlap = 29.8438
PHY-3002 : Step(42): len = 7676, overlap = 28.125
PHY-3002 : Step(43): len = 7838, overlap = 27.625
PHY-3002 : Step(44): len = 7879, overlap = 27.6875
PHY-3002 : Step(45): len = 7901.3, overlap = 24.1562
PHY-3001 : :::6::: Try harder cell spreading with beta_ = 0.000879555
PHY-3002 : Step(46): len = 7934.3, overlap = 24
PHY-3002 : Step(47): len = 7936.6, overlap = 24.1875
PHY-3001 : :::7::: Try harder cell spreading with beta_ = 0.00166237
PHY-3002 : Step(48): len = 8022.7, overlap = 24.25
PHY-3002 : Step(49): len = 8054.4, overlap = 24.1562
PHY-3002 : Step(50): len = 8249.6, overlap = 24.75
PHY-3002 : Step(51): len = 8268.6, overlap = 24.6875
PHY-3002 : Step(52): len = 8246, overlap = 24.375
OPT-1001 : Start physical optimization ...
OPT-1001 : Total overflow 24.38 peak overflow 0.91
OPT-1001 : Start high-fanout net optimization ...
OPT-1001 : Update timing in global mode
PHY-1001 : Start incremental global routing, caller is place ...
RUN-1001 : Generating global routing grids ...
RUN-1001 : Building simple global routing graph ...
PHY-1001 : Generate routing nets ...
PHY-1001 : Reuse net number 0/565.
PHY-1001 : Global iterations in 12 thread ...
PHY-1002 : len = 11472, over cnt = 48(0%), over = 134, worst = 10
PHY-1001 : End global iterations;  0.037173s wall, 0.000000s user + 0.000000s system = 0.000000s CPU (n/a%)

PHY-1001 : Congestion index: top1 = 21.94, top5 = 16.15, top10 = 11.88, top15 = 9.08.
PHY-1001 : End incremental global routing;  0.056368s wall, 0.000000s user + 0.000000s system = 0.000000s CPU (n/a%)

RUN-1002 : start command "start_timer -report"
TMR-5001 WARNING: No sdc constraints found while initiating timer.
TMR-2505 : Start building timing graph for model TOP.
TMR-2506 : Build timing graph completely. Port num: 13, tpin num: 2226, tnet num: 563, tinst num: 504, tnode num: 2811, tedge num: 3489.
TMR-2508 : Levelizing timing graph completed, there are 21 levels in total.
TMR-2501 : Timing graph initialized successfully.
OPT-1001 : End timing update;  0.143383s wall, 0.109375s user + 0.000000s system = 0.109375s CPU (76.3%)

OPT-1001 : 0 high-fanout net processed.
OPT-1001 : End high-fanout net optimization;  0.206965s wall, 0.125000s user + 0.000000s system = 0.125000s CPU (60.4%)

OPT-1001 : Current memory(MB): used = 144, reserve = 113, peak = 144.
OPT-1001 : End physical optimization;  0.211437s wall, 0.125000s user + 0.000000s system = 0.125000s CPU (59.1%)

PHY-3001 : Start packing ...
SYN-4007 : Packing 0 MUX to BLE ...
SYN-4008 : Packed 0 MUX and 0 SEQ to BLE.
SYN-4007 : Packing 210 LUT to BLE ...
SYN-4008 : Packed 210 LUT and 103 SEQ to BLE.
SYN-4003 : Packing 70 remaining SEQ's ...
SYN-4005 : Packed 42 SEQ with LUT/SLICE
SYN-4006 : 71 single LUT's are left
SYN-4006 : 28 single SEQ's are left
SYN-4011 : Packing model "TOP" (AL_USER_NORMAL) with 238/361 primitive instances ...
PHY-3001 : End packing;  0.016837s wall, 0.015625s user + 0.000000s system = 0.015625s CPU (92.8%)

PHY-1001 : Populate physical database on model TOP.
RUN-1001 : There are total 250 instances
RUN-1001 : 116 mslices, 116 lslices, 13 pads, 0 brams, 0 dsps
RUN-1001 : There are total 470 nets
RUN-1001 : 269 nets have 2 pins
RUN-1001 : 138 nets have [3 - 5] pins
RUN-1001 : 38 nets have [6 - 10] pins
RUN-1001 : 13 nets have [11 - 20] pins
RUN-1001 : 9 nets have [21 - 99] pins
RUN-1001 : 3 nets have 100+ pins
PHY-3001 : design contains 248 instances, 232 slices, 22 macros(105 instances: 87 mslices 18 lslices)
PHY-3001 : Cell area utilization is 10%
PHY-3001 : After packing: Len = 8523, Over = 26
PHY-3001 : Run with size of 1
PHY-3001 : Cell area utilization is 10%
PHY-3001 : :::0::: Try harder cell spreading with beta_ = 3.05634e-05
PHY-3002 : Step(53): len = 7670.3, overlap = 27.75
PHY-3002 : Step(54): len = 7744.2, overlap = 26
PHY-3002 : Step(55): len = 7573.6, overlap = 26.75
PHY-3002 : Step(56): len = 7132.5, overlap = 29.5
PHY-3002 : Step(57): len = 7118.2, overlap = 29.75
PHY-3002 : Step(58): len = 7020.8, overlap = 30.25
PHY-3002 : Step(59): len = 7020.8, overlap = 30.25
PHY-3002 : Step(60): len = 6910.4, overlap = 29.25
PHY-3001 : :::1::: Try harder cell spreading with beta_ = 6.11268e-05
PHY-3002 : Step(61): len = 7375.3, overlap = 28.5
PHY-3002 : Step(62): len = 7468.2, overlap = 28.25
PHY-3002 : Step(63): len = 7654.3, overlap = 28
PHY-3001 : :::2::: Try harder cell spreading with beta_ = 0.000122254
PHY-3002 : Step(64): len = 7897.1, overlap = 25.25
PHY-3002 : Step(65): len = 7897.1, overlap = 25.25
PHY-3002 : Step(66): len = 7970.8, overlap = 25
PHY-3001 : Legalization ...
PHY-3001 : End legalization;  0.061342s wall, 0.015625s user + 0.015625s system = 0.031250s CPU (50.9%)

PHY-3001 : Trial Legalized: Len = 10110
PHY-3001 : Run with size of 1
PHY-3001 : Cell area utilization is 10%
PHY-3001 : :::0::: Try harder cell spreading with beta_ = 0.000258093
PHY-3002 : Step(67): len = 8954.2, overlap = 7.5
PHY-3002 : Step(68): len = 8591.4, overlap = 14
PHY-3002 : Step(69): len = 8500.7, overlap = 13.75
PHY-3002 : Step(70): len = 8463.5, overlap = 13
PHY-3002 : Step(71): len = 8397.9, overlap = 11.75
PHY-3001 : :::1::: Try harder cell spreading with beta_ = 0.000516185
PHY-3002 : Step(72): len = 8492.9, overlap = 12
PHY-3002 : Step(73): len = 8536.6, overlap = 12.25
PHY-3002 : Step(74): len = 8562.6, overlap = 12
PHY-3001 : :::2::: Try harder cell spreading with beta_ = 0.00103237
PHY-3002 : Step(75): len = 8640, overlap = 12.25
PHY-3002 : Step(76): len = 8669, overlap = 12
PHY-3001 : Legalization ...
PHY-3001 : End legalization;  0.002816s wall, 0.000000s user + 0.000000s system = 0.000000s CPU (n/a%)

PHY-3001 : Legalized: Len = 9252, Over = 0
PHY-3001 : End spreading;  0.001470s wall, 0.000000s user + 0.000000s system = 0.000000s CPU (n/a%)

PHY-3001 : Final: Len = 9252, Over = 0
RUN-1003 : finish command "place" in  2.025054s wall, 0.515625s user + 0.250000s system = 0.765625s CPU (37.8%)

RUN-1004 : used memory is 137 MB, reserved memory is 106 MB, peak memory is 145 MB
RUN-1002 : start command "export_db FOC_Controller_place.db"
RUN-1001 : Exported /
RUN-1001 : Exported flow parameters
RUN-1001 : Exported libs
RUN-1001 : Exported entities
RUN-1001 : Exported ports
RUN-1001 : Exported pins
RUN-1001 : Exported instances
RUN-1001 : Exported nets
RUN-1001 : Exported buses
RUN-1001 : Exported models
RUN-1001 : Exported congestions
RUN-1001 : Exported violations
RUN-1001 : Exported IO constraints
RUN-1001 : Exported Inst constraints
RUN-1002 : start command "route"
RUN-1001 : Open license file D:/Anlogic/TD5.6.2/license/Anlogic.lic
RUN-1001 : Print Global Property
RUN-1001 : ---------------------------------------------------------------
RUN-1001 :        Parameters        |  Settings  |  Default Values  |  Note  
RUN-1001 : ---------------------------------------------------------------
RUN-1001 :          message         |  standard  |     standard     |        
RUN-1001 :   mixed_pack_place_flow  |     on     |        on        |        
RUN-1001 :        qor_monitor       |    off     |       off        |        
RUN-1001 :        syn_ip_flow       |    off     |       off        |        
RUN-1001 :          thread          |    auto    |       auto       |        
RUN-1001 : ---------------------------------------------------------------
RUN-1001 : Print Route Property
RUN-1001 : -------------------------------------------------------
RUN-1001 :    Parameters    |  Settings  |  Default Values  |  Note  
RUN-1001 : -------------------------------------------------------
RUN-1001 :      effort      |   medium   |      medium      |        
RUN-1001 :     fix_hold     |    off     |       off        |        
RUN-1001 :    opt_timing    |   medium   |      medium      |        
RUN-1001 :   phy_sim_model  |    off     |       off        |        
RUN-1001 :     priority     |   timing   |      timing      |        
RUN-1001 :     swap_pin     |     on     |        on        |        
RUN-1001 : -------------------------------------------------------
PHY-1001 : Route runs in 12 thread(s)
RUN-1001 : There are total 250 instances
RUN-1001 : 116 mslices, 116 lslices, 13 pads, 0 brams, 0 dsps
RUN-1001 : There are total 470 nets
RUN-1001 : 269 nets have 2 pins
RUN-1001 : 138 nets have [3 - 5] pins
RUN-1001 : 38 nets have [6 - 10] pins
RUN-1001 : 13 nets have [11 - 20] pins
RUN-1001 : 9 nets have [21 - 99] pins
RUN-1001 : 3 nets have 100+ pins
RUN-1002 : start command "start_timer -report"
TMR-5001 WARNING: No sdc constraints found while initiating timer.
TMR-2505 : Start building timing graph for model TOP.
TMR-2506 : Build timing graph completely. Port num: 13, tpin num: 1870, tnet num: 468, tinst num: 248, tnode num: 2297, tedge num: 3072.
TMR-2508 : Levelizing timing graph completed, there are 21 levels in total.
TMR-2501 : Timing graph initialized successfully.
PHY-1001 : 116 mslices, 116 lslices, 13 pads, 0 brams, 0 dsps
TMR-2503 : Start to update net delay, extr mode = 3.
TMR-2504 : Update delay of 468 nets completely.
TMR-2502 : Annotate delay completely, extr mode = 3.
TMR-3002 : No user constraint, initiate default constraint.
TMR-1501 : Assign derive clock DeriveClock to 216 clock pins, and constraint 421 relative nodes.
TMR-3003 : Constraints initiated successfully.
TMR-3501 : Forward propagation: start to calculate arrival time...
TMR-3502 : Backward propagation: start to calculate required time...
TMR-3503 : Timing propagation completes.
PHY-1001 : Start global routing, caller is route ...
RUN-1001 : Generating global routing grids ...
PHY-1001 : Generate routing nets ...
PHY-1001 : Global iterations in 12 thread ...
PHY-1002 : len = 11968, over cnt = 33(0%), over = 43, worst = 3
PHY-1002 : len = 12200, over cnt = 10(0%), over = 12, worst = 3
PHY-1002 : len = 12352, over cnt = 0(0%), over = 0, worst = 0
PHY-1001 : End global iterations;  0.056302s wall, 0.000000s user + 0.000000s system = 0.000000s CPU (n/a%)

PHY-1001 : Congestion index: top1 = 21.81, top5 = 16.13, top10 = 12.21, top15 = 9.31.
PHY-1001 : End global routing;  0.072678s wall, 0.000000s user + 0.000000s system = 0.000000s CPU (n/a%)

PHY-1001 : Start detail routing ...
PHY-1001 : Current memory(MB): used = 162, reserve = 131, peak = 173.
PHY-1001 : Detailed router is running in normal mode.
PHY-1001 : Generate detailed routing grids ...
PHY-1001 : Generate nets ...
PHY-1001 : net clk_25m_dup_1 will be routed on clock mesh
PHY-1001 : clock net u_adc_ad7928/clk will be merged with clock pll_inst/clk0_buf
PHY-1001 : Current memory(MB): used = 257, reserve = 228, peak = 257.
PHY-1001 : End build detailed router design. 1.643141s wall, 0.906250s user + 0.000000s system = 0.906250s CPU (55.2%)

PHY-1001 : Detail Route ...
PHY-1001 : ===== Detail Route Phase 1 =====
PHY-1001 : Clock net routing.....
PHY-1001 : Routed 0% nets.
PHY-1022 : len = 4832, over cnt = 0(0%), over = 0, worst = 0, crit = 0
PHY-1001 : End initial clock net routed; 0.105043s wall, 0.046875s user + 0.000000s system = 0.046875s CPU (44.6%)

PHY-1001 : Current memory(MB): used = 268, reserve = 239, peak = 268.
PHY-1001 : End phase 1; 0.106769s wall, 0.046875s user + 0.000000s system = 0.046875s CPU (43.9%)

PHY-1001 : ===== Detail Route Phase 2 =====
PHY-1001 : Initial routing.....
PHY-1001 : Routed 42% nets.
PHY-1001 : Routed 46% nets.
PHY-1001 : Routed 54% nets.
PHY-1001 : Routed 62% nets.
PHY-1001 : Routed 78% nets.
PHY-1022 : len = 45264, over cnt = 11(0%), over = 11, worst = 1, crit = 0
PHY-1001 : Current memory(MB): used = 268, reserve = 239, peak = 268.
PHY-1001 : End initial routed; 0.262826s wall, 0.093750s user + 0.000000s system = 0.093750s CPU (35.7%)

PHY-1001 : Current memory(MB): used = 268, reserve = 239, peak = 268.
PHY-1001 : End phase 2; 0.262871s wall, 0.093750s user + 0.000000s system = 0.093750s CPU (35.7%)

PHY-1001 : ===== Detail Route Phase 3 =====
PHY-1001 : Ripup-reroute.....
PHY-1001 : ===== DR Iter 1 =====
PHY-1022 : len = 45144, over cnt = 2(0%), over = 2, worst = 1, crit = 0
PHY-1001 : End DR Iter 1; 0.011960s wall, 0.000000s user + 0.000000s system = 0.000000s CPU (n/a%)

PHY-1001 : ===== DR Iter 2 =====
PHY-1022 : len = 45160, over cnt = 0(0%), over = 0, worst = 0, crit = 0
PHY-1001 : End DR Iter 2; 0.008994s wall, 0.000000s user + 0.000000s system = 0.000000s CPU (n/a%)

PHY-1001 : Commit to database.....
PHY-5014 WARNING: Detail route doesn't find pib for pll_inst/pll_inst.frac_offset_valid[0]
PHY-5014 WARNING: Detail route doesn't find pib for pll_inst/pll_inst.ssc_en[0]
PHY-5014 WARNING: Detail route doesn't find pib for pll_inst/pll_inst.dsm_rst[0]
PHY-5014 WARNING: Detail route doesn't find pib for pll_inst/pll_inst.dsm_refclk[0]
PHY-1001 : 3 feed throughs used by 3 nets
PHY-1001 : End commit to database; 0.074811s wall, 0.046875s user + 0.000000s system = 0.046875s CPU (62.7%)

PHY-1001 : Current memory(MB): used = 277, reserve = 247, peak = 277.
PHY-1001 : End phase 3; 0.128706s wall, 0.062500s user + 0.000000s system = 0.062500s CPU (48.6%)

PHY-1003 : Routed, final wirelength = 45160
PHY-1001 : Current memory(MB): used = 277, reserve = 247, peak = 277.
PHY-1001 : End export database. 0.002824s wall, 0.000000s user + 0.000000s system = 0.000000s CPU (n/a%)

PHY-1001 : End detail routing;  2.239846s wall, 1.203125s user + 0.000000s system = 1.203125s CPU (53.7%)

RUN-1003 : finish command "route" in  2.465367s wall, 1.296875s user + 0.000000s system = 1.296875s CPU (52.6%)

RUN-1004 : used memory is 245 MB, reserved memory is 217 MB, peak memory is 277 MB
RUN-1002 : start command "report_area -io_info -file FOC_Controller_phy.area"
RUN-1001 : standard
***Report Model: TOP Device: SF1S60CG121I***

IO Statistics
#IO                        13
  #input                    2
  #output                  10
  #inout                    1

Utilization Statistics
#lut                      420   out of   5824    7.21%
#reg                      173   out of   5824    2.97%
#le                       448
  #lut only               275   out of    448   61.38%
  #reg only                28   out of    448    6.25%
  #lut&reg                145   out of    448   32.37%
#dsp                        0   out of     10    0.00%
#bram                       0   out of     26    0.00%
  #bram9k                   0
  #fifo9k                   0
#hard-ip                    0
  #mcu                      0   out of      1    0.00%
  #dsc                      0   out of      1    0.00%
  #dsi                      0   out of      2    0.00%
  #psram controller         0   out of      2    0.00%
#pad                       13   out of     55   23.64%
  #ireg                     0
  #oreg                     6
  #treg                     1
#pll                        1   out of      2   50.00%
#gclk                       1   out of     16    6.25%

Clock Resource Statistics
Index     ClockNet             Type               DriverType         Driver                     Fanout
#1        pll_inst/clk0_buf    GCLK               pll                pll_inst/pll_inst.clkc0    109
#2        clk_25m_dup_1        GeneralRouting     io                 clk_25m_syn_2.di           1


Detailed IO Report

    Name      Direction    Location    IOStandard    DriveStrength    PullType     PackReg   
  clk_25m       INPUT         D7        LVCMOS33          N/A          PULLUP       NONE     
  spi_miso      INPUT         B9        LVCMOS33          N/A          PULLUP       NONE     
  i2c_scl      OUTPUT         G3        LVCMOS33           8            NONE        OREG     
   pwm_a       OUTPUT        C10        LVCMOS33           8            NONE        NONE     
   pwm_b       OUTPUT        C11        LVCMOS33           8            NONE        NONE     
   pwm_c       OUTPUT        E11        LVCMOS33           8            NONE        NONE     
   pwm_en      OUTPUT        F11        LVCMOS33           8            NONE        NONE     
    rstn       OUTPUT         J5        LVCMOS33           8            NONE        NONE     
  spi_mosi     OUTPUT         B8        LVCMOS33           8            NONE        OREG     
  spi_sck      OUTPUT         A9        LVCMOS33           8            NONE        OREG     
   spi_ss      OUTPUT         A8        LVCMOS33           8            NONE        OREG     
  uart_tx      OUTPUT         A4        LVCMOS33           8            NONE        OREG     
  i2c_sda       INOUT         H3        LVCMOS33           8           PULLUP     OREG;TREG  

Report Hierarchy Area:
+-----------------------------------------------------------------------------------------+
|Instance         |Module            |le     |lut     |ripple  |seq     |bram    |dsp     |
+-----------------------------------------------------------------------------------------+
|top              |TOP               |448    |315     |105     |180     |0       |0       |
|  pll_inst       |pll               |0      |0       |0       |0       |0       |0       |
|  u_adc_ad7928   |adc_ad7928        |44     |40      |4       |22      |0       |0       |
|  u_as5600_read  |i2c_register_read |238    |153     |80      |35      |0       |0       |
|  u_uart_monitor |uart_monitor      |116    |105     |9       |86      |0       |0       |
+-----------------------------------------------------------------------------------------+


DataNet Average Fanout:

   Index     Fanout     Nets  
    #1          1       255   
    #2          2        97   
    #3          3        26   
    #4          4        15   
    #5        5-10       41   
    #6        11-50      18   
    #7       101-500     1    
  Average     2.82            

RUN-1002 : start command "export_db FOC_Controller_pr.db"
RUN-1001 : Exported /
RUN-1001 : Exported flow parameters
RUN-1001 : Exported libs
RUN-1001 : Exported entities
RUN-1001 : Exported ports
RUN-1001 : Exported pins
RUN-1001 : Exported instances
RUN-1001 : Exported nets
RUN-1001 : Exported buses
RUN-1001 : Exported models
RUN-1001 : Exported congestions
RUN-1001 : Exported violations
RUN-1001 : Exported IO constraints
RUN-1001 : Exported Inst constraints
RUN-1002 : start command "export_bid FOC_Controller_inst.bid"
RUN-1002 : start command "bitgen -bit FOC_Controller.bit"
BIT-1003 : Start to generate bitstream. 
BIT-1002 : Init instances with 12 threads.
BIT-1002 : Init instances completely, inst num: 248
BIT-1002 : Init pips with 12 threads.
BIT-1002 : Init pips completely, net num: 470, pip num: 4006
BIT-1002 : Init feedthrough completely, num: 3
BIT-1003 : Multithreading accelaration with 12 threads.
BIT-1003 : Generate bitstream completely, there are 475 valid insts, and 12894 bits set as '1'.
BIT-1004 : Generate bits file FOC_Controller.bit.
RUN-1003 : finish command "bitgen -bit FOC_Controller.bit" in  1.122991s wall, 4.421875s user + 0.046875s system = 4.468750s CPU (397.9%)

RUN-1004 : used memory is 251 MB, reserved memory is 224 MB, peak memory is 426 MB
RUN-1002 : start command "backup_run_log run.log ../.logs/phy_1/td_20231106_234641.log"
