============================================================
   Tang Dynasty, V5.6.71036
      Copyright (c) 2012-2023 Anlogic Inc.
   Executable = D:/Anlogic/TD5.6.2/bin/td.exe
   Built at =   20:34:38 Mar 21 2023
   Run by =     15597
   Run Date =   Sat Nov 11 23:25:16 2023

   Run on =     XR097-DELL-G7
============================================================
RUN-1002 : start command "open_project FOC_Controller.prj"
RUN-1001 : Print Global Property
RUN-1001 : ---------------------------------------------------------------
RUN-1001 :        Parameters        |  Settings  |  Default Values  |  Note  
RUN-1001 : ---------------------------------------------------------------
RUN-1001 :          message         |  standard  |     standard     |        
RUN-1001 :   mixed_pack_place_flow  |     on     |        on        |        
RUN-1001 :        qor_monitor       |    off     |       off        |        
RUN-1001 :        syn_ip_flow       |    off     |       off        |        
RUN-1001 :          thread          |    auto    |       auto       |        
RUN-1001 : ---------------------------------------------------------------
RUN-1001 : Print Design Property
RUN-1001 : --------------------------------------------------------------
RUN-1001 :        Parameters       |  Settings  |  Default Values  |  Note  
RUN-1001 : --------------------------------------------------------------
RUN-1001 :   default_reg_initial   |    auto    |       auto       |        
RUN-1001 :        infer_add        |     on     |        on        |        
RUN-1001 :        infer_fsm        |    off     |       off        |        
RUN-1001 :        infer_mult       |     on     |        on        |        
RUN-1001 :        infer_ram        |     on     |        on        |        
RUN-1001 :        infer_reg        |     on     |        on        |        
RUN-1001 :   infer_reg_init_value  |     on     |        on        |        
RUN-1001 :        infer_rom        |     on     |        on        |        
RUN-1001 :      infer_shifter      |     on     |        on        |        
RUN-1001 : --------------------------------------------------------------
RUN-1001 : Print Rtl Property
RUN-1001 : --------------------------------------------------------------
RUN-1001 :        Parameters       |  Settings  |  Default Values  |  Note  
RUN-1001 : --------------------------------------------------------------
RUN-1001 :       compress_add      |   ripple   |      ripple      |        
RUN-1001 :        elf_sload        |    off     |       off        |        
RUN-1001 :       fix_undriven      |     0      |        0         |        
RUN-1001 :         flatten         |    off     |       off        |        
RUN-1001 :       gate_sharing      |     on     |        on        |        
RUN-1001 :    hdl_warning_level    |   normal   |      normal      |        
RUN-1001 :   impl_internal_tribuf  |     on     |        on        |        
RUN-1001 :      impl_set_reset     |     on     |        on        |        
RUN-1001 :        infer_gsr        |    off     |       off        |        
RUN-1001 :      keep_hierarchy     |    auto    |       auto       |        
RUN-1001 :        max_fanout       |    9999    |       9999       |        
RUN-1001 :      max_oh2bin_len     |     10     |        10        |        
RUN-1001 :       merge_equal       |     on     |        on        |        
RUN-1001 :       merge_equiv       |     on     |        on        |        
RUN-1001 :        merge_mux        |    off     |       off        |        
RUN-1001 :     min_control_set     |     8      |        8         |        
RUN-1001 :      min_ripple_len     |    auto    |       auto       |        
RUN-1001 :       oh2bin_ratio      |    0.08    |       0.08       |        
RUN-1001 :     opt_adder_fanout    |     on     |        on        |        
RUN-1001 :        opt_arith        |     on     |        on        |        
RUN-1001 :       opt_big_gate      |    off     |       off        |        
RUN-1001 :        opt_const        |     on     |        on        |        
RUN-1001 :      opt_const_mult     |     on     |        on        |        
RUN-1001 :       opt_lessthan      |     on     |        on        |        
RUN-1001 :         opt_mux         |    off     |       off        |        
RUN-1001 :         opt_ram         |    high    |       high       |        
RUN-1001 :      rtl_sim_model      |    off     |       off        |        
RUN-1001 :         seq_syn         |     on     |        on        |        
RUN-1001 : --------------------------------------------------------------
HDL-1007 : analyze verilog file ../../al_ip/pll.v
HDL-1007 : undeclared symbol 'open', assumed default net type 'wire' in ../../al_ip/pll.v(88)
HDL-1007 : analyze verilog file ../../al_ip/MCU.v
HDL-1007 : analyze verilog file ../../RTL/adc_ad7928.v
HDL-1007 : analyze verilog file ../../RTL/foc/cartesian2polar.v
HDL-1007 : analyze verilog file ../../RTL/foc/clark_tr.v
HDL-1007 : analyze verilog file ../../RTL/foc/foc_top.v
HDL-1007 : analyze verilog file ../../RTL/foc/hold_detect.v
HDL-1007 : analyze verilog file ../../RTL/foc/park_tr.v
HDL-1007 : analyze verilog file ../../RTL/foc/pi_controller.v
HDL-1007 : analyze verilog file ../../RTL/foc/sincos.v
HDL-1007 : analyze verilog file ../../RTL/foc/svpwm.v
HDL-1007 : analyze verilog file ../../RTL/fpga_top.v
HDL-1007 : analyze verilog file ../../RTL/i2c_register_read.v
HDL-1007 : analyze verilog file ../../TOP.v
HDL-1007 : analyze verilog file ../../AS5600_sensor.v
HDL-1007 : analyze verilog file ../../ahb_foc_controller.v
RUN-1001 : Project manager successfully analyzed 16 source files.
RUN-1002 : start command "import_device sf1_6.db -package SF1S60CG121I"
ARC-1001 : Device Initialization.
ARC-1001 : -------------------------------------------------
ARC-1001 :       OPTION       |      IO       |   SETTING   
ARC-1001 : -------------------------------------------------
ARC-1001 :        done        |      B4       |    gpio    
ARC-1001 :        initn       |      A5       |    gpio    
ARC-1001 :       jtagen       |      B7       |    gpio    
ARC-1001 :      programn      |      B5       |  dedicate  
ARC-1001 :   tdi/tms/tck/tdo  |  C4/A6/A7/C5  |  dedicate  
ARC-1001 : -------------------------------------------------
ARC-1004 : Device setting, marked 5 dedicate IOs in total.
RUN-1002 : start command "import_db ../syn_1/FOC_Controller_gate.db"
RUN-1001 : Importing database generated by Tang Dynasty, V5.6.71036.
RUN-1001 : Database version number 46146.
RUN-1001 : Import flow parameters
RUN-1001 : Import IO constraints
RUN-1001 : Import Inst constraints
RUN-1001 : Import design success TD_VERSION=5.6.71036 , DB_VERSION=46146
RUN-1003 : finish command "import_db ../syn_1/FOC_Controller_gate.db" in  1.302868s wall, 0.531250s user + 0.015625s system = 0.546875s CPU (42.0%)

RUN-1004 : used memory is 245 MB, reserved memory is 222 MB, peak memory is 249 MB
RUN-1002 : start command "place"
RUN-1001 : Open license file D:/Anlogic/TD5.6.2/license/Anlogic.lic
RUN-1001 : Print Global Property
RUN-1001 : ---------------------------------------------------------------
RUN-1001 :        Parameters        |  Settings  |  Default Values  |  Note  
RUN-1001 : ---------------------------------------------------------------
RUN-1001 :          message         |  standard  |     standard     |        
RUN-1001 :   mixed_pack_place_flow  |     on     |        on        |        
RUN-1001 :        qor_monitor       |    off     |       off        |        
RUN-1001 :        syn_ip_flow       |    off     |       off        |        
RUN-1001 :          thread          |    auto    |       auto       |        
RUN-1001 : ---------------------------------------------------------------
RUN-1001 : Print Place Property
RUN-1001 : --------------------------------------------------------------
RUN-1001 :        Parameters       |  Settings  |  Default Values  |  Note  
RUN-1001 : --------------------------------------------------------------
RUN-1001 :      detailed_place     |     on     |        on        |        
RUN-1001 :          effort         |   medium   |      medium      |        
RUN-1001 :         fix_hold        |    off     |       off        |        
RUN-1001 :       legalization      |    ori     |       ori        |        
RUN-1001 :      new_spreading      |     on     |        on        |        
RUN-1001 :        opt_timing       |   medium   |      medium      |        
RUN-1001 :   post_clock_route_opt  |    off     |       off        |        
RUN-1001 :       pr_strategy       |     1      |        1         |        
RUN-1001 :        relaxation       |    1.00    |       1.00       |        
RUN-1001 :         retiming        |    off     |       off        |        
RUN-1001 : --------------------------------------------------------------
PHY-3001 : Placer runs in 12 thread(s).
RUN-1002 : start command "legalize_phy_inst"
SYN-1011 : Flatten model fpga_top
SYN-5055 WARNING: The kept net u_mcu/hsize_int[2] will be merged to another kept net u_ahb_foc_controller/I_ahb_hsize[2]
SYN-5055 WARNING: The kept net u_mcu/hsize_int[1] will be merged to another kept net u_ahb_foc_controller/I_ahb_hsize[1]
SYN-5055 WARNING: The kept net u_mcu/hsize_int[0] will be merged to another kept net u_ahb_foc_controller/I_ahb_hsize[0]
SYN-5055 WARNING: The kept net u_mcu/hrdata[31] will be merged to another kept net u_ahb_foc_controller/O_ahb_hrdata[31]
SYN-5055 WARNING: The kept net u_mcu/hrdata[30] will be merged to another kept net u_ahb_foc_controller/O_ahb_hrdata[30]
SYN-5055 WARNING: The kept net u_mcu/hrdata[29] will be merged to another kept net u_ahb_foc_controller/O_ahb_hrdata[29]
SYN-5055 WARNING: The kept net u_mcu/hrdata[28] will be merged to another kept net u_ahb_foc_controller/O_ahb_hrdata[28]
SYN-5055 WARNING: The kept net u_mcu/hrdata[27] will be merged to another kept net u_ahb_foc_controller/O_ahb_hrdata[27]
SYN-5055 WARNING: The kept net u_mcu/hrdata[26] will be merged to another kept net u_ahb_foc_controller/O_ahb_hrdata[26]
SYN-5055 WARNING: The kept net u_mcu/hrdata[25] will be merged to another kept net u_ahb_foc_controller/O_ahb_hrdata[25]
SYN-5055 Similar messages will be suppressed.
RUN-1002 : start command "phys_opt -simplify_lut"
SYN-4016 : Net u_mcu/hclk driven by BUFG (1124 clock/control pins, 1 other pins).
SYN-4027 : Net u_ahb_foc_controller/u_foc_controller/u_adc_ad7928/clk is clkc1 of pll u_pll/pll_inst.
SYN-4019 : Net I_clk_25m_dup_1 is refclk of pll u_pll/pll_inst.
SYN-4020 : Net I_clk_25m_dup_1 is fbclk of pll u_pll/pll_inst.
SYN-4024 : Net "u_ahb_foc_controller/u_foc_controller/S_angle_velocity_clk" drives clk pins.
SYN-4024 : Net "u_ahb_foc_controller/u_foc_controller/S_angle_position_clk" drives clk pins.
SYN-4024 : Net "u_ahb_foc_controller/u_foc_controller/u_foc_top/O_init_done" drives clk pins.
SYN-4025 : Tag rtl::Net I_clk_25m_dup_1 as clock net
SYN-4025 : Tag rtl::Net u_ahb_foc_controller/u_foc_controller/S_angle_position_clk as clock net
SYN-4025 : Tag rtl::Net u_ahb_foc_controller/u_foc_controller/S_angle_velocity_clk as clock net
SYN-4025 : Tag rtl::Net u_ahb_foc_controller/u_foc_controller/u_adc_ad7928/clk as clock net
SYN-4025 : Tag rtl::Net u_ahb_foc_controller/u_foc_controller/u_foc_top/O_init_done as clock net
SYN-4025 : Tag rtl::Net u_mcu/hclk as clock net
SYN-4026 : Tagged 6 rtl::Net as clock net
SYN-4015 : Create BUFG instance for clk Net u_ahb_foc_controller/u_foc_controller/S_angle_velocity_clk to drive 156 clock pins.
SYN-4015 : Create BUFG instance for clk Net u_ahb_foc_controller/u_foc_controller/S_angle_position_clk to drive 24 clock pins.
SYN-4015 : Create BUFG instance for clk Net u_ahb_foc_controller/u_foc_controller/u_foc_top/O_init_done to drive 12 clock pins.
PHY-1001 : Populate physical database on model fpga_top.
RUN-1001 : There are total 6808 instances
RUN-0007 : 2778 luts, 2508 seqs, 962 mslices, 501 lslices, 27 pads, 11 brams, 10 dsps
RUN-1001 : There are total 9887 nets
RUN-6004 WARNING: There are 3 nets with only 1 pin.
RUN-1001 : 7874 nets have 2 pins
RUN-1001 : 1471 nets have [3 - 5] pins
RUN-1001 : 155 nets have [6 - 10] pins
RUN-1001 : 238 nets have [11 - 20] pins
RUN-1001 : 132 nets have [21 - 99] pins
RUN-1001 : 14 nets have 100+ pins
RUN-1001 : Report Control nets information:
RUN-1001 : DFF Distribution
RUN-1001 : ----------------------------------
RUN-1001 :   CE   |  SSR  |  ASR  |  DFF Count  
RUN-1001 : ----------------------------------
RUN-1001 :   No   |  No   |  No   |     74      
RUN-1001 :   No   |  No   |  Yes  |     719     
RUN-1001 :   No   |  Yes  |  No   |      9      
RUN-1001 :   Yes  |  No   |  No   |     57      
RUN-1001 :   Yes  |  No   |  Yes  |    1649     
RUN-1001 :   Yes  |  Yes  |  No   |      0      
RUN-1001 : ----------------------------------
RUN-0007 : Control Group Statistic
RUN-0007 : ---------------------------
RUN-0007 :   #CLK  |  #CE  |  #SSR/ASR  
RUN-0007 : ---------------------------
RUN-0007 :    5    |  55   |     4      
RUN-0007 : ---------------------------
RUN-0007 : Control Set = 63
PHY-3001 : Initial placement ...
PHY-3001 : design contains 6804 instances, 2778 luts, 2508 seqs, 1463 slices, 211 macros(1463 instances: 962 mslices 501 lslices)
PHY-3001 : Huge net I_rstn_dup_3 with 1636 pins
PHY-0007 : Cell area utilization is 97%
PHY-3001 : Global placement ...
PHY-3001 : Initial: Len = 1.26325e+06
PHY-3001 : Run with size of 3
PHY-3001 : Cell area utilization is 97%
PHY-3001 : :::0::: Try harder cell spreading with beta_ = 0
PHY-3002 : Step(1): len = 849122, overlap = 277.062
PHY-3002 : Step(2): len = 784813, overlap = 321.188
PHY-3002 : Step(3): len = 561186, overlap = 419.375
PHY-3002 : Step(4): len = 554072, overlap = 435.938
PHY-3002 : Step(5): len = 408843, overlap = 458.125
PHY-3002 : Step(6): len = 395745, overlap = 465.469
PHY-3002 : Step(7): len = 361841, overlap = 483.781
PHY-3002 : Step(8): len = 328958, overlap = 528.938
PHY-3002 : Step(9): len = 276551, overlap = 547.531
PHY-3002 : Step(10): len = 237765, overlap = 561.25
PHY-3002 : Step(11): len = 221090, overlap = 572.281
PHY-3002 : Step(12): len = 208442, overlap = 590.812
PHY-3002 : Step(13): len = 192815, overlap = 614.062
PHY-3002 : Step(14): len = 179012, overlap = 627.031
PHY-3002 : Step(15): len = 166885, overlap = 649.219
PHY-3001 : :::1::: Try harder cell spreading with beta_ = 3.64636e-06
PHY-3002 : Step(16): len = 166821, overlap = 628.344
PHY-3002 : Step(17): len = 169137, overlap = 626.156
PHY-3002 : Step(18): len = 178083, overlap = 584.688
PHY-3002 : Step(19): len = 185913, overlap = 564.625
PHY-3002 : Step(20): len = 181169, overlap = 552.906
PHY-3002 : Step(21): len = 183476, overlap = 546.469
PHY-3002 : Step(22): len = 185851, overlap = 528.688
PHY-3002 : Step(23): len = 179072, overlap = 525.438
PHY-3002 : Step(24): len = 177842, overlap = 526.75
PHY-3002 : Step(25): len = 177784, overlap = 510.094
PHY-3002 : Step(26): len = 171197, overlap = 491.688
PHY-3002 : Step(27): len = 169377, overlap = 480.344
PHY-3002 : Step(28): len = 168184, overlap = 472.781
PHY-3002 : Step(29): len = 163991, overlap = 470.219
PHY-3002 : Step(30): len = 162976, overlap = 465.312
PHY-3002 : Step(31): len = 162725, overlap = 455.844
PHY-3002 : Step(32): len = 160321, overlap = 443.875
PHY-3002 : Step(33): len = 156624, overlap = 438.438
PHY-3002 : Step(34): len = 156234, overlap = 435.656
PHY-3002 : Step(35): len = 155457, overlap = 440.938
PHY-3001 : :::2::: Try harder cell spreading with beta_ = 7.29272e-06
PHY-3002 : Step(36): len = 154657, overlap = 441.562
PHY-3002 : Step(37): len = 154806, overlap = 441.812
PHY-3002 : Step(38): len = 156275, overlap = 436.438
PHY-3001 : :::3::: Try harder cell spreading with beta_ = 1.24634e-05
PHY-3002 : Step(39): len = 157994, overlap = 436.938
PHY-3002 : Step(40): len = 158480, overlap = 437.219
PHY-3002 : Step(41): len = 162554, overlap = 434.188
PHY-3002 : Step(42): len = 165851, overlap = 431.75
PHY-3002 : Step(43): len = 169583, overlap = 417.844
PHY-3002 : Step(44): len = 172014, overlap = 411.25
PHY-3002 : Step(45): len = 172680, overlap = 391.312
PHY-3002 : Step(46): len = 174183, overlap = 378.281
PHY-3002 : Step(47): len = 178016, overlap = 365.438
PHY-3002 : Step(48): len = 178897, overlap = 360.125
PHY-3002 : Step(49): len = 178071, overlap = 350.156
PHY-3002 : Step(50): len = 176776, overlap = 338.188
PHY-3002 : Step(51): len = 176269, overlap = 337.688
PHY-3002 : Step(52): len = 175334, overlap = 339.281
PHY-3002 : Step(53): len = 174952, overlap = 339.531
PHY-3002 : Step(54): len = 172760, overlap = 340.531
PHY-3002 : Step(55): len = 171689, overlap = 332.875
PHY-3002 : Step(56): len = 170631, overlap = 324.281
PHY-3002 : Step(57): len = 169454, overlap = 333.844
PHY-3002 : Step(58): len = 169232, overlap = 334.656
PHY-3001 : :::4::: Try harder cell spreading with beta_ = 2.49268e-05
PHY-3002 : Step(59): len = 170650, overlap = 331.688
PHY-3002 : Step(60): len = 171018, overlap = 331.125
PHY-3002 : Step(61): len = 171629, overlap = 328.594
PHY-3001 : :::5::: Try harder cell spreading with beta_ = 4.09012e-05
PHY-3002 : Step(62): len = 173940, overlap = 324.812
PHY-3002 : Step(63): len = 174858, overlap = 323.438
PHY-3002 : Step(64): len = 176829, overlap = 319.5
PHY-3001 : :::6::: Try harder cell spreading with beta_ = 6.61782e-05
PHY-3002 : Step(65): len = 178179, overlap = 319.188
PHY-3002 : Step(66): len = 179057, overlap = 321.688
PHY-3002 : Step(67): len = 187800, overlap = 306.031
PHY-3002 : Step(68): len = 197603, overlap = 278.344
PHY-3002 : Step(69): len = 196576, overlap = 262.781
PHY-3002 : Step(70): len = 196093, overlap = 271.688
PHY-3002 : Step(71): len = 197151, overlap = 273.656
PHY-3002 : Step(72): len = 198086, overlap = 272
PHY-3002 : Step(73): len = 198402, overlap = 263.406
PHY-3002 : Step(74): len = 198750, overlap = 262.938
PHY-3002 : Step(75): len = 198995, overlap = 264.562
PHY-3002 : Step(76): len = 198299, overlap = 258.562
PHY-3002 : Step(77): len = 197068, overlap = 260.219
PHY-3001 : :::7::: Try harder cell spreading with beta_ = 0.000131205
PHY-3002 : Step(78): len = 199811, overlap = 260.25
PHY-3002 : Step(79): len = 200768, overlap = 259.688
PHY-3002 : Step(80): len = 200603, overlap = 260.031
PHY-3001 : Legalization ...
PHY-3001 : End legalization;  0.013553s wall, 0.000000s user + 0.000000s system = 0.000000s CPU (n/a%)

PHY-3001 : Run with size of 3
PHY-3001 : Cell area utilization is 98%
PHY-3001 : Analyzing congestion ...
RUN-1001 : Generating global routing grids ...
RUN-1001 : Building simple global routing graph ...
PHY-1001 : Generate routing nets ...
PHY-1001 : Reuse net number 0/9887.
PHY-1001 : Global iterations in 12 thread ...
PHY-1002 : len = 260360, over cnt = 1215(11%), over = 7887, worst = 57
PHY-1001 : End global iterations;  0.511768s wall, 0.156250s user + 0.000000s system = 0.156250s CPU (30.5%)

PHY-1001 : Congestion index: top1 = 121.53, top5 = 100.04, top10 = 86.26, top15 = 78.02.
PHY-3001 : End congestion estimation;  0.609253s wall, 0.218750s user + 0.000000s system = 0.218750s CPU (35.9%)

PHY-3001 : Update density targets...
PHY-3001 : Update congestion history...
PHY-3001 : :::0::: Try harder cell spreading with beta_ = 3.1882e-06
PHY-3002 : Step(81): len = 214979, overlap = 271.719
PHY-3002 : Step(82): len = 215380, overlap = 302.25
PHY-3002 : Step(83): len = 210045, overlap = 360.75
PHY-3002 : Step(84): len = 197354, overlap = 384.062
PHY-3002 : Step(85): len = 183816, overlap = 392.844
PHY-3002 : Step(86): len = 178445, overlap = 392.812
PHY-3002 : Step(87): len = 178005, overlap = 404.625
PHY-3002 : Step(88): len = 171790, overlap = 413.688
PHY-3002 : Step(89): len = 167986, overlap = 414.844
PHY-3002 : Step(90): len = 161754, overlap = 402.031
PHY-3002 : Step(91): len = 160227, overlap = 397.062
PHY-3002 : Step(92): len = 161031, overlap = 399.219
PHY-3002 : Step(93): len = 159963, overlap = 390.5
PHY-3002 : Step(94): len = 157561, overlap = 381
PHY-3002 : Step(95): len = 154829, overlap = 388.375
PHY-3002 : Step(96): len = 155402, overlap = 396.406
PHY-3002 : Step(97): len = 155218, overlap = 396.281
PHY-3002 : Step(98): len = 155875, overlap = 372.812
PHY-3002 : Step(99): len = 153417, overlap = 368.281
PHY-3002 : Step(100): len = 150092, overlap = 370.375
PHY-3002 : Step(101): len = 149856, overlap = 379.562
PHY-3002 : Step(102): len = 148520, overlap = 387.469
PHY-3001 : :::1::: Try harder cell spreading with beta_ = 6.3764e-06
PHY-3002 : Step(103): len = 149661, overlap = 385.625
PHY-3002 : Step(104): len = 152591, overlap = 379.5
PHY-3002 : Step(105): len = 156151, overlap = 369.875
PHY-3002 : Step(106): len = 158607, overlap = 368.438
PHY-3002 : Step(107): len = 158302, overlap = 369.875
PHY-3002 : Step(108): len = 156763, overlap = 355.062
PHY-3002 : Step(109): len = 154556, overlap = 356.188
PHY-3002 : Step(110): len = 154650, overlap = 359.375
PHY-3002 : Step(111): len = 154001, overlap = 360.688
PHY-3001 : :::2::: Try harder cell spreading with beta_ = 1.27528e-05
PHY-3002 : Step(112): len = 155418, overlap = 352.125
PHY-3002 : Step(113): len = 159810, overlap = 347.375
PHY-3002 : Step(114): len = 162628, overlap = 329.875
PHY-3001 : :::3::: Try harder cell spreading with beta_ = 2.55056e-05
PHY-3002 : Step(115): len = 166933, overlap = 325.344
PHY-3002 : Step(116): len = 177785, overlap = 290.781
PHY-3002 : Step(117): len = 180015, overlap = 288.531
PHY-3002 : Step(118): len = 180093, overlap = 279.156
PHY-3002 : Step(119): len = 181028, overlap = 283.469
PHY-3002 : Step(120): len = 180251, overlap = 279.031
PHY-3002 : Step(121): len = 180659, overlap = 262.688
PHY-3002 : Step(122): len = 180206, overlap = 251.219
PHY-3001 : :::4::: Try harder cell spreading with beta_ = 5.10112e-05
PHY-3002 : Step(123): len = 185552, overlap = 233.438
PHY-3002 : Step(124): len = 190529, overlap = 216.188
PHY-3002 : Step(125): len = 194062, overlap = 208.031
PHY-3002 : Step(126): len = 196797, overlap = 218.781
PHY-3002 : Step(127): len = 197269, overlap = 222
PHY-3002 : Step(128): len = 197803, overlap = 225.406
PHY-3002 : Step(129): len = 195255, overlap = 224.906
PHY-3002 : Step(130): len = 192800, overlap = 227.062
PHY-3002 : Step(131): len = 191319, overlap = 230.156
PHY-3001 : :::5::: Try harder cell spreading with beta_ = 0.000102022
PHY-3002 : Step(132): len = 196666, overlap = 213.969
PHY-3002 : Step(133): len = 204178, overlap = 212.281
PHY-3002 : Step(134): len = 207641, overlap = 192.906
PHY-3002 : Step(135): len = 209498, overlap = 176.188
PHY-3002 : Step(136): len = 210542, overlap = 181.906
PHY-3002 : Step(137): len = 211604, overlap = 180
PHY-3002 : Step(138): len = 211987, overlap = 181.188
PHY-3002 : Step(139): len = 210041, overlap = 172.5
PHY-3002 : Step(140): len = 208624, overlap = 174.875
PHY-3002 : Step(141): len = 208347, overlap = 172.75
PHY-3001 : :::6::: Try harder cell spreading with beta_ = 0.000193866
PHY-3002 : Step(142): len = 210958, overlap = 179.562
PHY-3002 : Step(143): len = 214388, overlap = 178.094
PHY-3002 : Step(144): len = 218568, overlap = 173.062
PHY-3001 : :::7::: Try harder cell spreading with beta_ = 0.000375941
PHY-3002 : Step(145): len = 219376, overlap = 173.875
PHY-3002 : Step(146): len = 224388, overlap = 167.031
PHY-3002 : Step(147): len = 232930, overlap = 165.375
PHY-3002 : Step(148): len = 235169, overlap = 159.969
PHY-3002 : Step(149): len = 235641, overlap = 158.781
PHY-3002 : Step(150): len = 234595, overlap = 148.031
PHY-3002 : Step(151): len = 233832, overlap = 141.156
PHY-3002 : Step(152): len = 233065, overlap = 139.938
PHY-3002 : Step(153): len = 231523, overlap = 143.25
PHY-3002 : Step(154): len = 230566, overlap = 144.406
PHY-3002 : Step(155): len = 229487, overlap = 148.75
PHY-3001 : :::8::: Try harder cell spreading with beta_ = 0.000682149
PHY-3002 : Step(156): len = 230166, overlap = 146.156
PHY-3002 : Step(157): len = 231769, overlap = 145.906
PHY-3001 : Run with size of 1
PHY-3001 : Cell area utilization is 98%
PHY-3001 : Analyzing congestion ...
RUN-1001 : Generating global routing grids ...
PHY-1001 : Generate routing nets ...
PHY-1001 : Reuse net number 42/9887.
PHY-1001 : Global iterations in 12 thread ...
PHY-1002 : len = 264552, over cnt = 1323(11%), over = 7664, worst = 34
PHY-1001 : End global iterations;  0.601483s wall, 0.265625s user + 0.000000s system = 0.265625s CPU (44.2%)

PHY-1001 : Congestion index: top1 = 115.62, top5 = 93.46, top10 = 80.22, top15 = 72.63.
PHY-3001 : End congestion estimation;  0.709769s wall, 0.281250s user + 0.000000s system = 0.281250s CPU (39.6%)

PHY-3001 : Update density targets...
PHY-3001 : Update congestion history...
PHY-3001 : :::0::: Try harder cell spreading with beta_ = 3.78638e-05
PHY-3002 : Step(158): len = 232097, overlap = 349.5
PHY-3002 : Step(159): len = 226560, overlap = 315.344
PHY-3002 : Step(160): len = 217269, overlap = 322.844
PHY-3002 : Step(161): len = 213658, overlap = 322.062
PHY-3002 : Step(162): len = 209174, overlap = 312.938
PHY-3002 : Step(163): len = 205209, overlap = 309.375
PHY-3002 : Step(164): len = 199431, overlap = 314.219
PHY-3002 : Step(165): len = 196360, overlap = 310
PHY-3002 : Step(166): len = 193575, overlap = 316.562
PHY-3002 : Step(167): len = 190862, overlap = 334.562
PHY-3002 : Step(168): len = 189772, overlap = 323.969
PHY-3002 : Step(169): len = 188331, overlap = 326.094
PHY-3002 : Step(170): len = 187322, overlap = 345.812
PHY-3002 : Step(171): len = 185912, overlap = 346.719
PHY-3002 : Step(172): len = 184655, overlap = 334.5
PHY-3002 : Step(173): len = 183003, overlap = 335.812
PHY-3001 : :::1::: Try harder cell spreading with beta_ = 7.57276e-05
PHY-3002 : Step(174): len = 185517, overlap = 329.656
PHY-3002 : Step(175): len = 186690, overlap = 329.438
PHY-3002 : Step(176): len = 187234, overlap = 322.844
PHY-3002 : Step(177): len = 187455, overlap = 319.031
PHY-3002 : Step(178): len = 187520, overlap = 314.688
PHY-3001 : :::2::: Try harder cell spreading with beta_ = 0.00013221
PHY-3002 : Step(179): len = 189370, overlap = 319.312
PHY-3002 : Step(180): len = 190308, overlap = 321.938
PHY-3002 : Step(181): len = 192410, overlap = 311.969
PHY-3002 : Step(182): len = 194694, overlap = 306.531
PHY-3002 : Step(183): len = 197626, overlap = 288.094
PHY-3002 : Step(184): len = 199112, overlap = 282.562
PHY-3002 : Step(185): len = 199603, overlap = 264.969
PHY-3001 : :::3::: Try harder cell spreading with beta_ = 0.00026442
PHY-3002 : Step(186): len = 200880, overlap = 266.5
PHY-3002 : Step(187): len = 202335, overlap = 264.406
PHY-3001 : :::4::: Try harder cell spreading with beta_ = 0.000427831
PHY-3002 : Step(188): len = 202807, overlap = 261.188
PHY-3002 : Step(189): len = 204534, overlap = 251.031
PHY-3002 : Step(190): len = 208479, overlap = 243.5
PHY-3002 : Step(191): len = 210810, overlap = 238.312
PHY-3002 : Step(192): len = 212018, overlap = 233.562
PHY-3002 : Step(193): len = 213535, overlap = 225.375
PHY-3002 : Step(194): len = 215220, overlap = 224.438
PHY-3002 : Step(195): len = 215928, overlap = 227.625
PHY-3002 : Step(196): len = 216298, overlap = 232.031
PHY-3001 : :::5::: Try harder cell spreading with beta_ = 0.000737522
PHY-3002 : Step(197): len = 216672, overlap = 227.844
PHY-3002 : Step(198): len = 217852, overlap = 225.5
PHY-3001 : :::6::: Try harder cell spreading with beta_ = 0.00119331
PHY-3002 : Step(199): len = 218235, overlap = 222.906
PHY-3002 : Step(200): len = 219607, overlap = 221.75
PHY-3002 : Step(201): len = 222232, overlap = 221.812
PHY-3002 : Step(202): len = 223732, overlap = 223.812
PHY-3002 : Step(203): len = 224696, overlap = 217.875
PHY-3002 : Step(204): len = 225669, overlap = 216.188
PHY-3002 : Step(205): len = 227059, overlap = 218.219
PHY-3002 : Step(206): len = 227487, overlap = 217.625
PHY-3002 : Step(207): len = 228040, overlap = 212.219
PHY-3001 : :::7::: Try harder cell spreading with beta_ = 0.00193078
PHY-3002 : Step(208): len = 228306, overlap = 214.375
PHY-3002 : Step(209): len = 229118, overlap = 216
OPT-1001 : Start physical optimization ...
OPT-1001 : Total overflow 216.00 peak overflow 1.94
OPT-1001 : Start high-fanout net optimization ...
OPT-1001 : Update timing in global mode
PHY-1001 : Start incremental global routing, caller is place ...
RUN-1001 : Generating global routing grids ...
PHY-1001 : Generate routing nets ...
PHY-1001 : Reuse net number 335/9887.
PHY-1001 : Global iterations in 12 thread ...
PHY-1002 : len = 272512, over cnt = 1624(14%), over = 7464, worst = 27
PHY-1001 : End global iterations;  0.585739s wall, 0.171875s user + 0.000000s system = 0.171875s CPU (29.3%)

PHY-1001 : Congestion index: top1 = 106.18, top5 = 87.42, top10 = 76.84, top15 = 70.22.
PHY-1001 : End incremental global routing;  0.679750s wall, 0.187500s user + 0.000000s system = 0.187500s CPU (27.6%)

RUN-1002 : start command "start_timer -report"
TMR-5001 WARNING: No sdc constraints found while initiating timer.
TMR-2505 : Start building timing graph for model fpga_top.
TMR-2506 : Build timing graph completely. Port num: 21, tpin num: 35880, tnet num: 9883, tinst num: 6804, tnode num: 45481, tedge num: 64993.
TMR-2508 : Levelizing timing graph completed, there are 45 levels in total.
TMR-2501 : Timing graph initialized successfully.
OPT-1001 : End timing update;  0.702757s wall, 0.328125s user + 0.031250s system = 0.359375s CPU (51.1%)

OPT-1001 : 0 high-fanout net processed.
OPT-1001 : End high-fanout net optimization;  1.539187s wall, 0.609375s user + 0.031250s system = 0.640625s CPU (41.6%)

OPT-1001 : Current memory(MB): used = 362, reserve = 341, peak = 362.
OPT-1001 : End physical optimization;  1.613989s wall, 0.625000s user + 0.031250s system = 0.656250s CPU (40.7%)

PHY-3001 : Start packing ...
SYN-4007 : Packing 0 MUX to BLE ...
SYN-4008 : Packed 0 MUX and 0 SEQ to BLE.
SYN-4007 : Packing 2778 LUT to BLE ...
SYN-4008 : Packed 2778 LUT and 734 SEQ to BLE.
SYN-4003 : Packing 1774 remaining SEQ's ...
SYN-4005 : Packed 1324 SEQ with LUT/SLICE
SYN-4006 : 879 single LUT's are left
SYN-4006 : 450 single SEQ's are left
SYN-4011 : Packing model "fpga_top" (AL_USER_NORMAL) with 3228/4820 primitive instances ...
PHY-3001 : End packing;  0.430799s wall, 0.140625s user + 0.000000s system = 0.140625s CPU (32.6%)

PHY-1001 : Populate physical database on model fpga_top.
RUN-1001 : There are total 3278 instances
RUN-1001 : 1610 mslices, 1609 lslices, 27 pads, 11 brams, 10 dsps
RUN-1001 : There are total 9267 nets
RUN-6004 WARNING: There are 3 nets with only 1 pin.
RUN-1001 : 7265 nets have 2 pins
RUN-1001 : 1458 nets have [3 - 5] pins
RUN-1001 : 169 nets have [6 - 10] pins
RUN-1001 : 245 nets have [11 - 20] pins
RUN-1001 : 116 nets have [21 - 99] pins
RUN-1001 : 11 nets have 100+ pins
PHY-9009 ERROR: Design's mslice number = 1610, exceeds the limit 1456.
RUN-1003 : finish command "place" in  12.922156s wall, 5.234375s user + 0.453125s system = 5.687500s CPU (44.0%)

RUN-1004 : used memory is 306 MB, reserved memory is 287 MB, peak memory is 364 MB
RUN-1002 : start command "backup_run_log run.log ../.logs/phy_1/td_20231111_232516.log"
