============================================================
   Tang Dynasty, V5.6.71036
      Copyright (c) 2012-2023 Anlogic Inc.
   Executable = D:/Anlogic/TD5.6.2/bin/td.exe
   Built at =   20:34:38 Mar 21 2023
   Run by =     15597
   Run Date =   Thu Nov  9 01:46:55 2023

   Run on =     XR097-DELL-G7
============================================================
RUN-1002 : start command "open_project FOC_Controller.prj"
RUN-1001 : Print Global Property
RUN-1001 : ---------------------------------------------------------------
RUN-1001 :        Parameters        |  Settings  |  Default Values  |  Note  
RUN-1001 : ---------------------------------------------------------------
RUN-1001 :          message         |  standard  |     standard     |        
RUN-1001 :   mixed_pack_place_flow  |     on     |        on        |        
RUN-1001 :        qor_monitor       |    off     |       off        |        
RUN-1001 :        syn_ip_flow       |    off     |       off        |        
RUN-1001 :          thread          |    auto    |       auto       |        
RUN-1001 : ---------------------------------------------------------------
RUN-1001 : Print Design Property
RUN-1001 : --------------------------------------------------------------
RUN-1001 :        Parameters       |  Settings  |  Default Values  |  Note  
RUN-1001 : --------------------------------------------------------------
RUN-1001 :   default_reg_initial   |    auto    |       auto       |        
RUN-1001 :        infer_add        |     on     |        on        |        
RUN-1001 :        infer_fsm        |    off     |       off        |        
RUN-1001 :        infer_mult       |     on     |        on        |        
RUN-1001 :        infer_ram        |     on     |        on        |        
RUN-1001 :        infer_reg        |     on     |        on        |        
RUN-1001 :   infer_reg_init_value  |     on     |        on        |        
RUN-1001 :        infer_rom        |     on     |        on        |        
RUN-1001 :      infer_shifter      |     on     |        on        |        
RUN-1001 : --------------------------------------------------------------
RUN-1001 : Print Rtl Property
RUN-1001 : --------------------------------------------------------------
RUN-1001 :        Parameters       |  Settings  |  Default Values  |  Note  
RUN-1001 : --------------------------------------------------------------
RUN-1001 :       compress_add      |   ripple   |      ripple      |        
RUN-1001 :        elf_sload        |    off     |       off        |        
RUN-1001 :       fix_undriven      |     0      |        0         |        
RUN-1001 :         flatten         |    off     |       off        |        
RUN-1001 :       gate_sharing      |     on     |        on        |        
RUN-1001 :    hdl_warning_level    |   normal   |      normal      |        
RUN-1001 :   impl_internal_tribuf  |     on     |        on        |        
RUN-1001 :      impl_set_reset     |     on     |        on        |        
RUN-1001 :        infer_gsr        |    off     |       off        |        
RUN-1001 :      keep_hierarchy     |    auto    |       auto       |        
RUN-1001 :        max_fanout       |    9999    |       9999       |        
RUN-1001 :      max_oh2bin_len     |     10     |        10        |        
RUN-1001 :       merge_equal       |     on     |        on        |        
RUN-1001 :       merge_equiv       |     on     |        on        |        
RUN-1001 :        merge_mux        |    off     |       off        |        
RUN-1001 :     min_control_set     |     8      |        8         |        
RUN-1001 :      min_ripple_len     |    auto    |       auto       |        
RUN-1001 :       oh2bin_ratio      |    0.08    |       0.08       |        
RUN-1001 :     opt_adder_fanout    |     on     |        on        |        
RUN-1001 :        opt_arith        |     on     |        on        |        
RUN-1001 :       opt_big_gate      |    off     |       off        |        
RUN-1001 :        opt_const        |     on     |        on        |        
RUN-1001 :      opt_const_mult     |     on     |        on        |        
RUN-1001 :       opt_lessthan      |     on     |        on        |        
RUN-1001 :         opt_mux         |    off     |       off        |        
RUN-1001 :         opt_ram         |    high    |       high       |        
RUN-1001 :      rtl_sim_model      |    off     |       off        |        
RUN-1001 :         seq_syn         |     on     |        on        |        
RUN-1001 : --------------------------------------------------------------
HDL-1007 : analyze verilog file ../../al_ip/pll.v
HDL-1007 : undeclared symbol 'open', assumed default net type 'wire' in ../../al_ip/pll.v(88)
HDL-1007 : analyze verilog file ../../RTL/adc_ad7928.v
HDL-1007 : analyze verilog file ../../RTL/foc/cartesian2polar.v
HDL-1007 : analyze verilog file ../../RTL/foc/clark_tr.v
HDL-1007 : analyze verilog file ../../RTL/foc/foc_top.v
HDL-1007 : analyze verilog file ../../RTL/foc/hold_detect.v
HDL-1007 : analyze verilog file ../../RTL/foc/park_tr.v
HDL-1007 : analyze verilog file ../../RTL/foc/pi_controller.v
HDL-1007 : analyze verilog file ../../RTL/foc/sincos.v
HDL-1007 : analyze verilog file ../../RTL/foc/svpwm.v
HDL-1007 : analyze verilog file ../../RTL/fpga_top.v
HDL-1007 : analyze verilog file ../../RTL/i2c_register_read.v
HDL-1007 : analyze verilog file ../../RTL/uart_monitor.v
HDL-1007 : analyze verilog file ../../hall_sensor.v
HDL-1007 : analyze verilog file ../../TOP_test.v
HDL-1007 : analyze verilog file ../../AS5600_sensor.v
RUN-1001 : Project manager successfully analyzed 16 source files.
RUN-1002 : start command "import_device sf1_6.db -package SF1S60CG121I"
ARC-1001 : Device Initialization.
ARC-1001 : -------------------------------------------------
ARC-1001 :       OPTION       |      IO       |   SETTING   
ARC-1001 : -------------------------------------------------
ARC-1001 :        done        |      B4       |    gpio    
ARC-1001 :        initn       |      A5       |    gpio    
ARC-1001 :       jtagen       |      B7       |    gpio    
ARC-1001 :      programn      |      B5       |  dedicate  
ARC-1001 :   tdi/tms/tck/tdo  |  C4/A6/A7/C5  |  dedicate  
ARC-1001 : -------------------------------------------------
ARC-1004 : Device setting, marked 5 dedicate IOs in total.
RUN-1002 : start command "import_db ../syn_1/FOC_Controller_gate.db"
RUN-1001 : Importing database generated by Tang Dynasty, V5.6.71036.
RUN-1001 : Database version number 46146.
RUN-1001 : Import flow parameters
RUN-1001 : Import IO constraints
RUN-1001 : Import Inst constraints
RUN-1001 : Import design success TD_VERSION=5.6.71036 , DB_VERSION=46146
RUN-1003 : finish command "import_db ../syn_1/FOC_Controller_gate.db" in  1.169357s wall, 0.343750s user + 0.015625s system = 0.359375s CPU (30.7%)

RUN-1004 : used memory is 230 MB, reserved memory is 203 MB, peak memory is 233 MB
RUN-1002 : start command "place"
RUN-1001 : Open license file D:/Anlogic/TD5.6.2/license/Anlogic.lic
RUN-1001 : Print Global Property
RUN-1001 : ---------------------------------------------------------------
RUN-1001 :        Parameters        |  Settings  |  Default Values  |  Note  
RUN-1001 : ---------------------------------------------------------------
RUN-1001 :          message         |  standard  |     standard     |        
RUN-1001 :   mixed_pack_place_flow  |     on     |        on        |        
RUN-1001 :        qor_monitor       |    off     |       off        |        
RUN-1001 :        syn_ip_flow       |    off     |       off        |        
RUN-1001 :          thread          |    auto    |       auto       |        
RUN-1001 : ---------------------------------------------------------------
RUN-1001 : Print Place Property
RUN-1001 : --------------------------------------------------------------
RUN-1001 :        Parameters       |  Settings  |  Default Values  |  Note  
RUN-1001 : --------------------------------------------------------------
RUN-1001 :      detailed_place     |     on     |        on        |        
RUN-1001 :          effort         |   medium   |      medium      |        
RUN-1001 :         fix_hold        |    off     |       off        |        
RUN-1001 :       legalization      |    ori     |       ori        |        
RUN-1001 :      new_spreading      |     on     |        on        |        
RUN-1001 :        opt_timing       |   medium   |      medium      |        
RUN-1001 :   post_clock_route_opt  |    off     |       off        |        
RUN-1001 :       pr_strategy       |     1      |        1         |        
RUN-1001 :        relaxation       |    1.00    |       1.00       |        
RUN-1001 :         retiming        |    off     |       off        |        
RUN-1001 : --------------------------------------------------------------
PHY-3001 : Placer runs in 12 thread(s).
RUN-1002 : start command "legalize_phy_inst"
SYN-1011 : Flatten model TOP_test
RUN-1002 : start command "phys_opt -simplify_lut"
SYN-4016 : Net u_pll/clk0_out driven by BUFG (0 clock/control pins, 1 other pins).
SYN-4027 : Net u_foc_controller/u_adc_ad7928/clk is clkc1 of pll u_pll/pll_inst.
SYN-4019 : Net I_clk_25m_dup_1 is refclk of pll u_pll/pll_inst.
SYN-4020 : Net I_clk_25m_dup_1 is fbclk of pll u_pll/pll_inst.
SYN-4024 : Net "u_foc_controller/u_foc_top/init_done" drives clk pins.
SYN-4025 : Tag rtl::Net I_clk_25m_dup_1 as clock net
SYN-4025 : Tag rtl::Net u_foc_controller/u_adc_ad7928/clk as clock net
SYN-4025 : Tag rtl::Net u_foc_controller/u_foc_top/init_done as clock net
SYN-4025 : Tag rtl::Net u_pll/clk0_out as clock net
SYN-4026 : Tagged 4 rtl::Net as clock net
SYN-4015 : Create BUFG instance for clk Net u_foc_controller/u_foc_top/init_done to drive 12 clock pins.
PHY-1001 : Populate physical database on model TOP_test.
RUN-1001 : There are total 3354 instances
RUN-0007 : 1094 luts, 1297 seqs, 590 mslices, 326 lslices, 18 pads, 11 brams, 10 dsps
RUN-1001 : There are total 4654 nets
RUN-1001 : 3196 nets have 2 pins
RUN-1001 : 1171 nets have [3 - 5] pins
RUN-1001 : 162 nets have [6 - 10] pins
RUN-1001 : 67 nets have [11 - 20] pins
RUN-1001 : 51 nets have [21 - 99] pins
RUN-1001 : 7 nets have 100+ pins
RUN-1001 : Report Control nets information:
RUN-1001 : DFF Distribution
RUN-1001 : ----------------------------------
RUN-1001 :   CE   |  SSR  |  ASR  |  DFF Count  
RUN-1001 : ----------------------------------
RUN-1001 :   No   |  No   |  No   |     40      
RUN-1001 :   No   |  No   |  Yes  |     422     
RUN-1001 :   No   |  Yes  |  No   |      9      
RUN-1001 :   Yes  |  No   |  No   |      0      
RUN-1001 :   Yes  |  No   |  Yes  |     826     
RUN-1001 :   Yes  |  Yes  |  No   |      0      
RUN-1001 : ----------------------------------
RUN-0007 : Control Group Statistic
RUN-0007 : ---------------------------
RUN-0007 :   #CLK  |  #CE  |  #SSR/ASR  
RUN-0007 : ---------------------------
RUN-0007 :    2    |  30   |     4      
RUN-0007 : ---------------------------
RUN-0007 : Control Set = 34
PHY-3001 : Initial placement ...
PHY-3001 : design contains 3350 instances, 1094 luts, 1297 seqs, 916 slices, 121 macros(916 instances: 590 mslices 326 lslices)
PHY-0007 : Cell area utilization is 50%
PHY-3001 : Global placement ...
PHY-3001 : Initial: Len = 611659
PHY-3001 : Run with size of 3
PHY-3001 : Cell area utilization is 50%
PHY-3001 : :::0::: Try harder cell spreading with beta_ = 0
PHY-3002 : Step(1): len = 394588, overlap = 69.5625
PHY-3002 : Step(2): len = 375922, overlap = 74.4375
PHY-3002 : Step(3): len = 231984, overlap = 72.5625
PHY-3002 : Step(4): len = 211157, overlap = 91.8438
PHY-3002 : Step(5): len = 203756, overlap = 89.5625
PHY-3002 : Step(6): len = 167430, overlap = 91.6875
PHY-3002 : Step(7): len = 158979, overlap = 103.75
PHY-3002 : Step(8): len = 147793, overlap = 127.625
PHY-3002 : Step(9): len = 134870, overlap = 146.125
PHY-3002 : Step(10): len = 122692, overlap = 162.688
PHY-3002 : Step(11): len = 113835, overlap = 190.219
PHY-3002 : Step(12): len = 99782.4, overlap = 198.125
PHY-3002 : Step(13): len = 95676.7, overlap = 189.25
PHY-3002 : Step(14): len = 92257.9, overlap = 191.375
PHY-3001 : :::1::: Try harder cell spreading with beta_ = 1.06271e-05
PHY-3002 : Step(15): len = 93117.3, overlap = 190.219
PHY-3002 : Step(16): len = 95690.1, overlap = 189.312
PHY-3002 : Step(17): len = 97940.6, overlap = 171.531
PHY-3002 : Step(18): len = 96998.4, overlap = 164.562
PHY-3002 : Step(19): len = 98194, overlap = 138.938
PHY-3002 : Step(20): len = 97550.7, overlap = 129.312
PHY-3002 : Step(21): len = 97947, overlap = 119.906
PHY-3002 : Step(22): len = 95719.6, overlap = 120.125
PHY-3002 : Step(23): len = 95056.7, overlap = 119.5
PHY-3002 : Step(24): len = 94160.6, overlap = 118.938
PHY-3002 : Step(25): len = 91662.6, overlap = 113.719
PHY-3002 : Step(26): len = 90165.8, overlap = 111.625
PHY-3002 : Step(27): len = 87599.2, overlap = 111.75
PHY-3002 : Step(28): len = 86247.9, overlap = 114.219
PHY-3002 : Step(29): len = 86458.8, overlap = 111.75
PHY-3002 : Step(30): len = 86174.8, overlap = 106.438
PHY-3002 : Step(31): len = 85120, overlap = 107.562
PHY-3002 : Step(32): len = 84510.7, overlap = 99.5938
PHY-3002 : Step(33): len = 82756.1, overlap = 98.8125
PHY-3002 : Step(34): len = 82849.5, overlap = 103.188
PHY-3002 : Step(35): len = 83554.9, overlap = 94.7188
PHY-3002 : Step(36): len = 83296.4, overlap = 104.438
PHY-3002 : Step(37): len = 81492.3, overlap = 107.125
PHY-3002 : Step(38): len = 79979.1, overlap = 105.531
PHY-3002 : Step(39): len = 79766.2, overlap = 106.312
PHY-3002 : Step(40): len = 79454.9, overlap = 110.406
PHY-3002 : Step(41): len = 79454.9, overlap = 110.406
PHY-3002 : Step(42): len = 78977.7, overlap = 107.531
PHY-3001 : :::2::: Try harder cell spreading with beta_ = 2.12541e-05
PHY-3002 : Step(43): len = 80530.2, overlap = 114.719
PHY-3002 : Step(44): len = 80720.8, overlap = 114.719
PHY-3002 : Step(45): len = 81636.4, overlap = 111.75
PHY-3001 : :::3::: Try harder cell spreading with beta_ = 4.25083e-05
PHY-3002 : Step(46): len = 82805.6, overlap = 99.9688
PHY-3002 : Step(47): len = 83178.5, overlap = 100.75
PHY-3002 : Step(48): len = 85731, overlap = 86.7188
PHY-3002 : Step(49): len = 88737.8, overlap = 86.8438
PHY-3002 : Step(50): len = 93635.1, overlap = 67
PHY-3002 : Step(51): len = 93684.3, overlap = 65.125
PHY-3002 : Step(52): len = 94307.3, overlap = 62.9062
PHY-3002 : Step(53): len = 95778, overlap = 62.0938
PHY-3002 : Step(54): len = 95955.2, overlap = 61.3438
PHY-3002 : Step(55): len = 95856.5, overlap = 65.0938
PHY-3002 : Step(56): len = 95098.9, overlap = 62.5938
PHY-3002 : Step(57): len = 94948.7, overlap = 58.0312
PHY-3002 : Step(58): len = 94622.1, overlap = 54.4688
PHY-3002 : Step(59): len = 94522.3, overlap = 54.8125
PHY-3002 : Step(60): len = 93859.1, overlap = 55.6562
PHY-3001 : :::4::: Try harder cell spreading with beta_ = 8.50166e-05
PHY-3002 : Step(61): len = 94228.2, overlap = 53.5625
PHY-3002 : Step(62): len = 94351.5, overlap = 53.25
PHY-3002 : Step(63): len = 95179.7, overlap = 52.4062
PHY-3001 : Legalization ...
PHY-3001 : End legalization;  0.020960s wall, 0.000000s user + 0.000000s system = 0.000000s CPU (n/a%)

PHY-3001 : Run with size of 3
PHY-3001 : Cell area utilization is 57%
PHY-3001 : Analyzing congestion ...
RUN-1001 : Generating global routing grids ...
RUN-1001 : Building simple global routing graph ...
PHY-1001 : Generate routing nets ...
PHY-1001 : Reuse net number 0/4654.
PHY-1001 : Global iterations in 12 thread ...
PHY-1002 : len = 116640, over cnt = 560(5%), over = 2948, worst = 41
PHY-1001 : End global iterations;  0.252267s wall, 0.109375s user + 0.000000s system = 0.109375s CPU (43.4%)

PHY-1001 : Congestion index: top1 = 78.68, top5 = 59.09, top10 = 50.48, top15 = 44.95.
PHY-3001 : End congestion estimation;  0.311973s wall, 0.125000s user + 0.000000s system = 0.125000s CPU (40.1%)

PHY-3001 : Update density targets...
PHY-3001 : Update congestion history...
PHY-3001 : :::0::: Try harder cell spreading with beta_ = 3.33073e-06
PHY-3002 : Step(64): len = 98145.8, overlap = 89.4062
PHY-3002 : Step(65): len = 98268.1, overlap = 98.5938
PHY-3002 : Step(66): len = 93809.9, overlap = 104.375
PHY-3002 : Step(67): len = 94650.3, overlap = 106.25
PHY-3002 : Step(68): len = 89531.5, overlap = 125.781
PHY-3002 : Step(69): len = 86248.5, overlap = 145.219
PHY-3002 : Step(70): len = 81766.7, overlap = 151.219
PHY-3002 : Step(71): len = 78456.6, overlap = 150.594
PHY-3002 : Step(72): len = 78559.6, overlap = 143.781
PHY-3002 : Step(73): len = 77983.2, overlap = 147.75
PHY-3002 : Step(74): len = 77511, overlap = 143.438
PHY-3002 : Step(75): len = 77445.1, overlap = 128.156
PHY-3002 : Step(76): len = 77763.8, overlap = 142.438
PHY-3002 : Step(77): len = 77777.1, overlap = 141.281
PHY-3002 : Step(78): len = 77135.7, overlap = 115.781
PHY-3002 : Step(79): len = 77376.9, overlap = 120.25
PHY-3002 : Step(80): len = 76783.6, overlap = 118.094
PHY-3002 : Step(81): len = 77426.9, overlap = 117.844
PHY-3002 : Step(82): len = 77158.9, overlap = 109.969
PHY-3002 : Step(83): len = 76867, overlap = 109.781
PHY-3002 : Step(84): len = 76640.1, overlap = 110.469
PHY-3001 : :::1::: Try harder cell spreading with beta_ = 6.66145e-06
PHY-3002 : Step(85): len = 77151.8, overlap = 102.469
PHY-3002 : Step(86): len = 77151.8, overlap = 102.469
PHY-3002 : Step(87): len = 76342.3, overlap = 100.062
PHY-3002 : Step(88): len = 76562.2, overlap = 99.8125
PHY-3002 : Step(89): len = 77309.3, overlap = 94.1875
PHY-3001 : :::2::: Try harder cell spreading with beta_ = 1.33229e-05
PHY-3002 : Step(90): len = 81692.5, overlap = 87.3438
PHY-3002 : Step(91): len = 82566.1, overlap = 85.2812
PHY-3002 : Step(92): len = 88093.9, overlap = 86.7812
PHY-3002 : Step(93): len = 89891.5, overlap = 79.6562
PHY-3002 : Step(94): len = 89414.7, overlap = 78.25
PHY-3002 : Step(95): len = 90283.8, overlap = 74.1875
PHY-3002 : Step(96): len = 89687.8, overlap = 67.9062
PHY-3002 : Step(97): len = 89705.9, overlap = 63.75
PHY-3002 : Step(98): len = 89523.4, overlap = 61.5938
PHY-3002 : Step(99): len = 88552.9, overlap = 62.125
PHY-3001 : :::3::: Try harder cell spreading with beta_ = 2.66458e-05
PHY-3002 : Step(100): len = 90514.1, overlap = 52.0938
PHY-3002 : Step(101): len = 91104.4, overlap = 52
PHY-3002 : Step(102): len = 92779, overlap = 47.8438
PHY-3001 : :::4::: Try harder cell spreading with beta_ = 5.32916e-05
PHY-3002 : Step(103): len = 96663, overlap = 54.5
PHY-3002 : Step(104): len = 98096.1, overlap = 53.25
PHY-3002 : Step(105): len = 100185, overlap = 49.7812
PHY-3002 : Step(106): len = 100004, overlap = 48.5312
PHY-3002 : Step(107): len = 100417, overlap = 52.3438
PHY-3002 : Step(108): len = 100659, overlap = 46.6562
PHY-3002 : Step(109): len = 99579.7, overlap = 45.875
PHY-3002 : Step(110): len = 99579.7, overlap = 45.875
PHY-3002 : Step(111): len = 99377.6, overlap = 48.625
PHY-3001 : :::5::: Try harder cell spreading with beta_ = 0.000106583
PHY-3002 : Step(112): len = 103489, overlap = 41.6562
PHY-3002 : Step(113): len = 104351, overlap = 41.3438
PHY-3002 : Step(114): len = 104829, overlap = 36.0312
PHY-3002 : Step(115): len = 104958, overlap = 35.9688
PHY-3002 : Step(116): len = 105215, overlap = 35.6562
PHY-3002 : Step(117): len = 105570, overlap = 36.3125
PHY-3002 : Step(118): len = 106156, overlap = 34.8438
PHY-3002 : Step(119): len = 105904, overlap = 35.3125
PHY-3002 : Step(120): len = 105248, overlap = 34.4062
PHY-3001 : :::6::: Try harder cell spreading with beta_ = 0.000213167
PHY-3002 : Step(121): len = 106321, overlap = 34.0625
PHY-3002 : Step(122): len = 106496, overlap = 33.875
PHY-3002 : Step(123): len = 108055, overlap = 30.0625
PHY-3002 : Step(124): len = 108587, overlap = 29.4062
PHY-3002 : Step(125): len = 109790, overlap = 27.5625
PHY-3002 : Step(126): len = 110558, overlap = 27.8438
PHY-3002 : Step(127): len = 111395, overlap = 27.2188
PHY-3001 : Run with size of 1
PHY-3001 : Cell area utilization is 57%
PHY-3001 : Analyzing congestion ...
RUN-1001 : Generating global routing grids ...
PHY-1001 : Generate routing nets ...
PHY-1001 : Reuse net number 35/4654.
PHY-1001 : Global iterations in 12 thread ...
PHY-1002 : len = 123664, over cnt = 588(5%), over = 2788, worst = 26
PHY-1001 : End global iterations;  0.272684s wall, 0.140625s user + 0.015625s system = 0.156250s CPU (57.3%)

PHY-1001 : Congestion index: top1 = 64.03, top5 = 49.32, top10 = 43.04, top15 = 39.16.
PHY-3001 : End congestion estimation;  0.326384s wall, 0.171875s user + 0.015625s system = 0.187500s CPU (57.4%)

PHY-3001 : Update density targets...
PHY-3001 : Update congestion history...
PHY-3001 : :::0::: Try harder cell spreading with beta_ = 5.08349e-05
PHY-3002 : Step(128): len = 112894, overlap = 159.438
PHY-3002 : Step(129): len = 113224, overlap = 160.031
PHY-3002 : Step(130): len = 108721, overlap = 153.594
PHY-3002 : Step(131): len = 107615, overlap = 159.75
PHY-3002 : Step(132): len = 106232, overlap = 154.469
PHY-3002 : Step(133): len = 104888, overlap = 160.781
PHY-3002 : Step(134): len = 103926, overlap = 165.188
PHY-3002 : Step(135): len = 102047, overlap = 164.5
PHY-3002 : Step(136): len = 100475, overlap = 155.562
PHY-3002 : Step(137): len = 99994.4, overlap = 162.812
PHY-3002 : Step(138): len = 97331.5, overlap = 150.562
PHY-3002 : Step(139): len = 96653.9, overlap = 153.812
PHY-3002 : Step(140): len = 95492.2, overlap = 157.281
PHY-3002 : Step(141): len = 95520.8, overlap = 156.656
PHY-3002 : Step(142): len = 94620.9, overlap = 151.875
PHY-3002 : Step(143): len = 94245.3, overlap = 155.688
PHY-3002 : Step(144): len = 93145.6, overlap = 150.469
PHY-3001 : :::1::: Try harder cell spreading with beta_ = 0.00010167
PHY-3002 : Step(145): len = 94535, overlap = 146.875
PHY-3002 : Step(146): len = 95106.6, overlap = 144.438
PHY-3002 : Step(147): len = 96572.8, overlap = 141.344
PHY-3001 : :::2::: Try harder cell spreading with beta_ = 0.000179488
PHY-3002 : Step(148): len = 97325.5, overlap = 137.188
PHY-3002 : Step(149): len = 98329.7, overlap = 139.875
PHY-3002 : Step(150): len = 100182, overlap = 145.156
PHY-3002 : Step(151): len = 102107, overlap = 142.031
PHY-3002 : Step(152): len = 102963, overlap = 129.094
PHY-3002 : Step(153): len = 102856, overlap = 131.562
PHY-3001 : :::3::: Try harder cell spreading with beta_ = 0.000358976
PHY-3002 : Step(154): len = 103392, overlap = 130.438
PHY-3002 : Step(155): len = 104656, overlap = 131.094
PHY-3002 : Step(156): len = 106587, overlap = 123.281
PHY-3002 : Step(157): len = 107910, overlap = 118.594
PHY-3002 : Step(158): len = 108283, overlap = 120.906
PHY-3002 : Step(159): len = 108353, overlap = 122.656
PHY-3002 : Step(160): len = 108410, overlap = 124.188
PHY-3001 : :::4::: Try harder cell spreading with beta_ = 0.000717952
PHY-3002 : Step(161): len = 109001, overlap = 119.031
PHY-3002 : Step(162): len = 110447, overlap = 118.562
PHY-3002 : Step(163): len = 111602, overlap = 117.375
PHY-3002 : Step(164): len = 111852, overlap = 117.094
PHY-3002 : Step(165): len = 111829, overlap = 115.312
PHY-3002 : Step(166): len = 111890, overlap = 112.969
PHY-3001 : :::5::: Try harder cell spreading with beta_ = 0.00119445
PHY-3002 : Step(167): len = 112505, overlap = 115.375
PHY-3002 : Step(168): len = 113340, overlap = 125.594
PHY-3002 : Step(169): len = 114336, overlap = 120.531
PHY-3002 : Step(170): len = 115322, overlap = 119.969
PHY-3002 : Step(171): len = 116184, overlap = 116.969
PHY-3002 : Step(172): len = 116618, overlap = 114.969
PHY-3002 : Step(173): len = 117002, overlap = 114.625
PHY-3002 : Step(174): len = 117657, overlap = 105.969
PHY-3002 : Step(175): len = 117796, overlap = 106.344
PHY-3002 : Step(176): len = 117804, overlap = 105.562
PHY-3002 : Step(177): len = 117815, overlap = 104.906
PHY-3002 : Step(178): len = 118108, overlap = 105.375
PHY-3002 : Step(179): len = 118208, overlap = 109.531
PHY-3002 : Step(180): len = 118075, overlap = 110.312
PHY-3001 : :::6::: Try harder cell spreading with beta_ = 0.00212971
PHY-3002 : Step(181): len = 118177, overlap = 110.594
PHY-3002 : Step(182): len = 118548, overlap = 110.625
PHY-3001 : :::7::: Try harder cell spreading with beta_ = 0.00344588
PHY-3002 : Step(183): len = 118634, overlap = 110.25
PHY-3002 : Step(184): len = 119504, overlap = 108.062
PHY-3002 : Step(185): len = 120023, overlap = 108.5
PHY-3002 : Step(186): len = 120198, overlap = 110.125
PHY-3002 : Step(187): len = 120297, overlap = 110.031
OPT-1001 : Start physical optimization ...
OPT-1001 : Total overflow 110.03 peak overflow 2.44
OPT-1001 : Start high-fanout net optimization ...
OPT-1001 : Update timing in global mode
PHY-1001 : Start incremental global routing, caller is place ...
RUN-1001 : Generating global routing grids ...
PHY-1001 : Generate routing nets ...
PHY-1001 : Reuse net number 175/4654.
PHY-1001 : Global iterations in 12 thread ...
PHY-1002 : len = 137048, over cnt = 635(5%), over = 2371, worst = 22
PHY-1001 : End global iterations;  0.295897s wall, 0.109375s user + 0.000000s system = 0.109375s CPU (37.0%)

PHY-1001 : Congestion index: top1 = 62.64, top5 = 49.29, top10 = 43.03, top15 = 39.36.
PHY-1001 : End incremental global routing;  0.350198s wall, 0.109375s user + 0.000000s system = 0.109375s CPU (31.2%)

RUN-1002 : start command "start_timer -report"
TMR-5001 WARNING: No sdc constraints found while initiating timer.
TMR-2505 : Start building timing graph for model TOP_test.
TMR-2506 : Build timing graph completely. Port num: 18, tpin num: 17198, tnet num: 4650, tinst num: 3350, tnode num: 22041, tedge num: 29764.
TMR-2508 : Levelizing timing graph completed, there are 63 levels in total.
TMR-2501 : Timing graph initialized successfully.
OPT-1001 : End timing update;  0.444345s wall, 0.109375s user + 0.000000s system = 0.109375s CPU (24.6%)

OPT-1001 : 0 high-fanout net processed.
OPT-1001 : End high-fanout net optimization;  0.868729s wall, 0.218750s user + 0.000000s system = 0.218750s CPU (25.2%)

OPT-1001 : Current memory(MB): used = 299, reserve = 273, peak = 299.
OPT-1001 : End physical optimization;  0.903382s wall, 0.218750s user + 0.000000s system = 0.218750s CPU (24.2%)

PHY-3001 : Start packing ...
SYN-4007 : Packing 0 MUX to BLE ...
SYN-4008 : Packed 0 MUX and 0 SEQ to BLE.
SYN-4007 : Packing 1094 LUT to BLE ...
SYN-4008 : Packed 1094 LUT and 708 SEQ to BLE.
SYN-4003 : Packing 589 remaining SEQ's ...
SYN-4005 : Packed 253 SEQ with LUT/SLICE
SYN-4006 : 250 single LUT's are left
SYN-4006 : 336 single SEQ's are left
SYN-4011 : Packing model "TOP_test" (AL_USER_NORMAL) with 1430/2393 primitive instances ...
PHY-3001 : End packing;  0.147235s wall, 0.062500s user + 0.000000s system = 0.062500s CPU (42.4%)

PHY-1001 : Populate physical database on model TOP_test.
RUN-1001 : There are total 1741 instances
RUN-1001 : 847 mslices, 847 lslices, 18 pads, 11 brams, 10 dsps
RUN-1001 : There are total 4030 nets
RUN-1001 : 2651 nets have 2 pins
RUN-1001 : 1088 nets have [3 - 5] pins
RUN-1001 : 174 nets have [6 - 10] pins
RUN-1001 : 64 nets have [11 - 20] pins
RUN-1001 : 48 nets have [21 - 99] pins
RUN-1001 : 5 nets have 100+ pins
PHY-3001 : design contains 1737 instances, 1694 slices, 121 macros(916 instances: 590 mslices 326 lslices)
PHY-3001 : Cell area utilization is 64%
PHY-3001 : After packing: Len = 119421, Over = 125.25
PHY-3001 : Run with size of 1
PHY-3001 : Cell area utilization is 64%
PHY-3001 : Analyzing congestion ...
RUN-1001 : Generating global routing grids ...
PHY-1001 : Generate routing nets ...
PHY-1001 : Reuse net number 2345/4030.
PHY-1001 : Global iterations in 12 thread ...
PHY-1002 : len = 137448, over cnt = 487(4%), over = 1432, worst = 21
PHY-1002 : len = 144784, over cnt = 255(2%), over = 530, worst = 14
PHY-1002 : len = 147512, over cnt = 81(0%), over = 156, worst = 9
PHY-1002 : len = 149640, over cnt = 3(0%), over = 3, worst = 1
PHY-1002 : len = 149752, over cnt = 0(0%), over = 0, worst = 0
PHY-1001 : End global iterations;  0.435709s wall, 0.125000s user + 0.000000s system = 0.125000s CPU (28.7%)

PHY-1001 : Congestion index: top1 = 51.74, top5 = 42.55, top10 = 38.36, top15 = 35.72.
PHY-3001 : End congestion estimation;  0.495753s wall, 0.125000s user + 0.000000s system = 0.125000s CPU (25.2%)

PHY-3001 : Update density targets...
PHY-3001 : Update congestion history...
PHY-3001 : :::0::: Try harder cell spreading with beta_ = 2.99163e-05
PHY-3002 : Step(188): len = 104366, overlap = 138
PHY-3002 : Step(189): len = 102644, overlap = 136.25
PHY-3002 : Step(190): len = 101577, overlap = 142.5
PHY-3002 : Step(191): len = 100633, overlap = 138
PHY-3002 : Step(192): len = 98182.3, overlap = 143.5
PHY-3002 : Step(193): len = 97564.5, overlap = 151
PHY-3002 : Step(194): len = 96056.3, overlap = 143.75
PHY-3002 : Step(195): len = 95484.8, overlap = 141.5
PHY-3002 : Step(196): len = 93959.4, overlap = 138.5
PHY-3002 : Step(197): len = 93015.5, overlap = 142.5
PHY-3002 : Step(198): len = 92975, overlap = 146.25
PHY-3002 : Step(199): len = 92962.7, overlap = 149
PHY-3001 : :::1::: Try harder cell spreading with beta_ = 5.98326e-05
PHY-3002 : Step(200): len = 95863.6, overlap = 139
PHY-3002 : Step(201): len = 96953.1, overlap = 131.25
PHY-3002 : Step(202): len = 98742.8, overlap = 122.5
PHY-3002 : Step(203): len = 99650.5, overlap = 120.75
PHY-3002 : Step(204): len = 100288, overlap = 123
PHY-3001 : :::2::: Try harder cell spreading with beta_ = 0.00011796
PHY-3002 : Step(205): len = 102388, overlap = 120.75
PHY-3002 : Step(206): len = 103297, overlap = 118.5
PHY-3002 : Step(207): len = 105897, overlap = 116.5
PHY-3002 : Step(208): len = 107489, overlap = 106
PHY-3002 : Step(209): len = 107806, overlap = 107.75
PHY-3002 : Step(210): len = 108053, overlap = 113.5
PHY-3002 : Step(211): len = 108550, overlap = 112
PHY-3002 : Step(212): len = 109244, overlap = 111.25
PHY-3002 : Step(213): len = 110043, overlap = 109.75
PHY-3001 : :::3::: Try harder cell spreading with beta_ = 0.000235162
PHY-3002 : Step(214): len = 111960, overlap = 106.5
PHY-3002 : Step(215): len = 114084, overlap = 105.25
PHY-3002 : Step(216): len = 115649, overlap = 101.25
PHY-3002 : Step(217): len = 116145, overlap = 90.75
PHY-3002 : Step(218): len = 116533, overlap = 87.75
PHY-3002 : Step(219): len = 117236, overlap = 86.5
PHY-3002 : Step(220): len = 118215, overlap = 86.75
PHY-3002 : Step(221): len = 119024, overlap = 87.25
PHY-3002 : Step(222): len = 119556, overlap = 80.75
PHY-3002 : Step(223): len = 119949, overlap = 82.25
PHY-3002 : Step(224): len = 120479, overlap = 78.25
PHY-3001 : :::4::: Try harder cell spreading with beta_ = 0.000428778
PHY-3002 : Step(225): len = 121905, overlap = 80.25
PHY-3002 : Step(226): len = 123244, overlap = 79.75
PHY-3002 : Step(227): len = 124137, overlap = 75.25
PHY-3002 : Step(228): len = 124021, overlap = 74.5
PHY-3002 : Step(229): len = 124070, overlap = 71.5
PHY-3002 : Step(230): len = 124487, overlap = 71.5
PHY-3001 : Legalization ...
PHY-3001 : End legalization;  0.555242s wall, 0.078125s user + 0.078125s system = 0.156250s CPU (28.1%)

PHY-3001 : Trial Legalized: Len = 132561
PHY-3001 : Run with size of 1
PHY-3001 : Cell area utilization is 62%
PHY-3001 : Analyzing congestion ...
RUN-1001 : Generating global routing grids ...
PHY-1001 : Generate routing nets ...
PHY-1001 : Reuse net number 252/4030.
PHY-1001 : Global iterations in 12 thread ...
PHY-1002 : len = 153584, over cnt = 393(3%), over = 661, worst = 9
PHY-1002 : len = 156384, over cnt = 217(1%), over = 304, worst = 9
PHY-1002 : len = 158320, over cnt = 118(1%), over = 157, worst = 4
PHY-1002 : len = 160272, over cnt = 5(0%), over = 5, worst = 1
PHY-1002 : len = 160656, over cnt = 0(0%), over = 0, worst = 0
PHY-1001 : End global iterations;  0.525694s wall, 0.156250s user + 0.000000s system = 0.156250s CPU (29.7%)

PHY-1001 : Congestion index: top1 = 47.71, top5 = 39.01, top10 = 35.37, top15 = 33.26.
PHY-3001 : End congestion estimation;  0.594028s wall, 0.171875s user + 0.000000s system = 0.171875s CPU (28.9%)

PHY-3001 : Update density targets...
PHY-3001 : Update congestion history...
PHY-3001 : :::0::: Try harder cell spreading with beta_ = 6.25158e-05
PHY-3002 : Step(231): len = 124084, overlap = 41.5
PHY-3002 : Step(232): len = 121319, overlap = 58.5
PHY-3002 : Step(233): len = 120829, overlap = 58
PHY-3002 : Step(234): len = 120734, overlap = 54.25
PHY-3002 : Step(235): len = 120810, overlap = 54.25
PHY-3002 : Step(236): len = 120556, overlap = 55.5
PHY-3002 : Step(237): len = 120513, overlap = 54
PHY-3002 : Step(238): len = 120398, overlap = 53.75
PHY-3001 : :::1::: Try harder cell spreading with beta_ = 0.000125032
PHY-3002 : Step(239): len = 121708, overlap = 48.5
PHY-3002 : Step(240): len = 122046, overlap = 48.75
PHY-3002 : Step(241): len = 122663, overlap = 44.5
PHY-3001 : :::2::: Try harder cell spreading with beta_ = 0.000250063
PHY-3002 : Step(242): len = 124067, overlap = 41.75
PHY-3002 : Step(243): len = 124463, overlap = 42
PHY-3002 : Step(244): len = 125009, overlap = 39.25
PHY-3002 : Step(245): len = 125340, overlap = 38.25
PHY-3002 : Step(246): len = 125674, overlap = 40
PHY-3001 : Legalization ...
PHY-3001 : End legalization;  0.004863s wall, 0.000000s user + 0.000000s system = 0.000000s CPU (n/a%)

PHY-3001 : Legalized: Len = 126797, Over = 0
PHY-3001 : Spreading special nets. 1 overflows in 930 tiles.
PHY-3001 : End spreading;  0.009720s wall, 0.000000s user + 0.000000s system = 0.000000s CPU (n/a%)

PHY-3001 : 1 instances has been re-located, deltaX = 0, deltaY = 1, maxDist = 1.
PHY-3001 : Final: Len = 126807, Over = 0
RUN-1003 : finish command "place" in  11.606423s wall, 3.421875s user + 1.609375s system = 5.031250s CPU (43.3%)

RUN-1004 : used memory is 283 MB, reserved memory is 258 MB, peak memory is 300 MB
RUN-1002 : start command "export_db FOC_Controller_place.db"
RUN-1001 : Exported /
RUN-1001 : Exported flow parameters
RUN-1001 : Exported libs
RUN-1001 : Exported entities
RUN-1001 : Exported ports
RUN-1001 : Exported pins
RUN-1001 : Exported instances
RUN-1001 : Exported nets
RUN-1001 : Exported buses
RUN-1001 : Exported models
RUN-1001 : Exported congestions
RUN-1001 : Exported violations
RUN-1001 : Exported IO constraints
RUN-1001 : Exported Inst constraints
RUN-1003 : finish command "export_db FOC_Controller_place.db" in  1.176058s wall, 0.796875s user + 0.000000s system = 0.796875s CPU (67.8%)

RUN-1004 : used memory is 274 MB, reserved memory is 249 MB, peak memory is 359 MB
RUN-1002 : start command "route"
RUN-1001 : Open license file D:/Anlogic/TD5.6.2/license/Anlogic.lic
RUN-1001 : Print Global Property
RUN-1001 : ---------------------------------------------------------------
RUN-1001 :        Parameters        |  Settings  |  Default Values  |  Note  
RUN-1001 : ---------------------------------------------------------------
RUN-1001 :          message         |  standard  |     standard     |        
RUN-1001 :   mixed_pack_place_flow  |     on     |        on        |        
RUN-1001 :        qor_monitor       |    off     |       off        |        
RUN-1001 :        syn_ip_flow       |    off     |       off        |        
RUN-1001 :          thread          |    auto    |       auto       |        
RUN-1001 : ---------------------------------------------------------------
RUN-1001 : Print Route Property
RUN-1001 : -------------------------------------------------------
RUN-1001 :    Parameters    |  Settings  |  Default Values  |  Note  
RUN-1001 : -------------------------------------------------------
RUN-1001 :      effort      |   medium   |      medium      |        
RUN-1001 :     fix_hold     |    off     |       off        |        
RUN-1001 :    opt_timing    |   medium   |      medium      |        
RUN-1001 :   phy_sim_model  |    off     |       off        |        
RUN-1001 :     priority     |   timing   |      timing      |        
RUN-1001 :     swap_pin     |     on     |        on        |        
RUN-1001 : -------------------------------------------------------
PHY-1001 : Route runs in 12 thread(s)
RUN-1001 : There are total 1741 instances
RUN-1001 : 847 mslices, 847 lslices, 18 pads, 11 brams, 10 dsps
RUN-1001 : There are total 4030 nets
RUN-1001 : 2651 nets have 2 pins
RUN-1001 : 1088 nets have [3 - 5] pins
RUN-1001 : 174 nets have [6 - 10] pins
RUN-1001 : 64 nets have [11 - 20] pins
RUN-1001 : 48 nets have [21 - 99] pins
RUN-1001 : 5 nets have 100+ pins
RUN-1002 : start command "start_timer -report"
TMR-5001 WARNING: No sdc constraints found while initiating timer.
TMR-2505 : Start building timing graph for model TOP_test.
TMR-2506 : Build timing graph completely. Port num: 18, tpin num: 14492, tnet num: 4026, tinst num: 1737, tnode num: 17909, tedge num: 26452.
TMR-2508 : Levelizing timing graph completed, there are 61 levels in total.
TMR-2501 : Timing graph initialized successfully.
PHY-1001 : 847 mslices, 847 lslices, 18 pads, 11 brams, 10 dsps
TMR-2503 : Start to update net delay, extr mode = 3.
TMR-2504 : Update delay of 4026 nets completely.
TMR-2502 : Annotate delay completely, extr mode = 3.
TMR-3002 : No user constraint, initiate default constraint.
TMR-1501 : Assign derive clock DeriveClock to 1590 clock pins, and constraint 3415 relative nodes.
TMR-3003 : Constraints initiated successfully.
TMR-3501 : Forward propagation: start to calculate arrival time...
TMR-3502 : Backward propagation: start to calculate required time...
TMR-3503 : Timing propagation completes.
PHY-1001 : Start global routing, caller is route ...
RUN-1001 : Generating global routing grids ...
PHY-1001 : Generate routing nets ...
PHY-1001 : Global iterations in 12 thread ...
PHY-1002 : len = 145288, over cnt = 406(3%), over = 720, worst = 9
PHY-1002 : len = 148936, over cnt = 211(1%), over = 309, worst = 9
PHY-1002 : len = 151872, over cnt = 66(0%), over = 82, worst = 4
PHY-1002 : len = 153024, over cnt = 1(0%), over = 1, worst = 1
PHY-1002 : len = 153088, over cnt = 0(0%), over = 0, worst = 0
PHY-1001 : End global iterations;  0.509173s wall, 0.203125s user + 0.000000s system = 0.203125s CPU (39.9%)

PHY-1001 : Congestion index: top1 = 45.49, top5 = 38.36, top10 = 35.26, top15 = 33.26.
PHY-1001 : End global routing;  0.579969s wall, 0.218750s user + 0.000000s system = 0.218750s CPU (37.7%)

PHY-1001 : Start detail routing ...
PHY-1001 : Current memory(MB): used = 344, reserve = 319, peak = 359.
PHY-1001 : Detailed router is running in normal mode.
PHY-1001 : Generate detailed routing grids ...
PHY-1001 : Generate nets ...
PHY-1001 : net I_clk_25m_dup_1 will be routed on clock mesh
PHY-1001 : net u_foc_controller/u_adc_ad7928/clk will be routed on clock mesh
PHY-1001 : clock net u_foc_controller/u_foc_top/init_done_syn_4 will be merged with clock u_foc_controller/u_foc_top/init_done
PHY-1001 : clock net u_pll/clk0_out will be merged with clock u_pll/clk0_buf
PHY-1001 : Current memory(MB): used = 429, reserve = 404, peak = 429.
PHY-1001 : End build detailed router design. 1.901929s wall, 0.546875s user + 0.000000s system = 0.546875s CPU (28.8%)

PHY-1001 : Detail Route ...
PHY-1001 : ===== Detail Route Phase 1 =====
PHY-1001 : Clock net routing.....
PHY-1001 : Routed 0% nets.
PHY-1022 : len = 66504, over cnt = 0(0%), over = 0, worst = 0, crit = 0
PHY-1001 : End initial clock net routed; 0.363993s wall, 0.062500s user + 0.000000s system = 0.062500s CPU (17.2%)

PHY-1001 : Current memory(MB): used = 440, reserve = 416, peak = 440.
PHY-1001 : End phase 1; 0.366506s wall, 0.062500s user + 0.000000s system = 0.062500s CPU (17.1%)

PHY-1001 : ===== Detail Route Phase 2 =====
PHY-1001 : Initial routing.....
PHY-1001 : Routed 32% nets.
PHY-1001 : Routed 40% nets.
PHY-1001 : Routed 49% nets.
PHY-1001 : Routed 61% nets.
PHY-1001 : Routed 79% nets.
PHY-1022 : len = 368504, over cnt = 117(0%), over = 117, worst = 1, crit = 0
PHY-1001 : Current memory(MB): used = 441, reserve = 417, peak = 441.
PHY-1001 : End initial routed; 3.419970s wall, 1.093750s user + 0.000000s system = 1.093750s CPU (32.0%)

PHY-1001 : Current memory(MB): used = 441, reserve = 417, peak = 441.
PHY-1001 : End phase 2; 3.420019s wall, 1.093750s user + 0.000000s system = 1.093750s CPU (32.0%)

PHY-1001 : ===== Detail Route Phase 3 =====
PHY-1001 : Ripup-reroute.....
PHY-1001 : ===== DR Iter 1 =====
PHY-1022 : len = 367584, over cnt = 29(0%), over = 29, worst = 1, crit = 0
PHY-1001 : End DR Iter 1; 0.100699s wall, 0.031250s user + 0.000000s system = 0.031250s CPU (31.0%)

PHY-1001 : ===== DR Iter 2 =====
PHY-1022 : len = 367784, over cnt = 3(0%), over = 3, worst = 1, crit = 0
PHY-1001 : End DR Iter 2; 0.045571s wall, 0.015625s user + 0.000000s system = 0.015625s CPU (34.3%)

PHY-1001 : ===== DR Iter 3 =====
PHY-1022 : len = 367872, over cnt = 0(0%), over = 0, worst = 0, crit = 0
PHY-1001 : End DR Iter 3; 0.033015s wall, 0.015625s user + 0.000000s system = 0.015625s CPU (47.3%)

PHY-1001 : Commit to database.....
PHY-5014 WARNING: Detail route doesn't find pib for u_pll/pll_inst.frac_offset_valid[0]
PHY-5014 WARNING: Detail route doesn't find pib for u_pll/pll_inst.ssc_en[0]
PHY-5014 WARNING: Detail route doesn't find pib for u_pll/pll_inst.dsm_rst[0]
PHY-5014 WARNING: Detail route doesn't find pib for u_pll/pll_inst.dsm_refclk[0]
PHY-1001 : 12 feed throughs used by 11 nets
PHY-1001 : End commit to database; 0.517205s wall, 0.109375s user + 0.000000s system = 0.109375s CPU (21.1%)

PHY-1001 : Current memory(MB): used = 459, reserve = 435, peak = 459.
PHY-1001 : End phase 3; 0.751340s wall, 0.187500s user + 0.000000s system = 0.187500s CPU (25.0%)

PHY-1003 : Routed, final wirelength = 367872
PHY-1001 : Current memory(MB): used = 459, reserve = 436, peak = 459.
PHY-1001 : End export database. 0.010688s wall, 0.000000s user + 0.000000s system = 0.000000s CPU (n/a%)

PHY-1001 : End detail routing;  6.580932s wall, 1.984375s user + 0.000000s system = 1.984375s CPU (30.2%)

RUN-1003 : finish command "route" in  7.836944s wall, 2.546875s user + 0.015625s system = 2.562500s CPU (32.7%)

RUN-1004 : used memory is 394 MB, reserved memory is 373 MB, peak memory is 460 MB
RUN-1002 : start command "report_area -io_info -file FOC_Controller_phy.area"
RUN-1001 : standard
***Report Model: TOP_test Device: SF1S60CG121I***

IO Statistics
#IO                        18
  #input                    8
  #output                   9
  #inout                    1

Utilization Statistics
#lut                     2939   out of   5824   50.46%
#reg                     1309   out of   5824   22.48%
#le                      3275
  #lut only              1966   out of   3275   60.03%
  #reg only               336   out of   3275   10.26%
  #lut&reg                973   out of   3275   29.71%
#dsp                       10   out of     10  100.00%
#bram                      11   out of     26   42.31%
  #bram9k                  11
  #fifo9k                   0
#hard-ip                    0
  #mcu                      0   out of      1    0.00%
  #dsc                      0   out of      1    0.00%
  #dsi                      0   out of      2    0.00%
  #psram controller         0   out of      2    0.00%
#pad                       18   out of     55   32.73%
  #ireg                     1
  #oreg                    10
  #treg                     1
#pll                        1   out of      2   50.00%
#gclk                       2   out of     16   12.50%

Clock Resource Statistics
Index     ClockNet                                Type               DriverType         Driver                                                Fanout
#1        u_foc_controller/u_adc_ad7928/clk       GCLK               pll                u_pll/pll_inst.clkc1                                  788
#2        u_foc_controller/u_foc_top/init_done    GCLK               lslice             u_foc_controller/u_foc_top/init_done_reg_syn_39.q0    8
#3        I_clk_25m_dup_1                         GeneralRouting     io                 I_clk_25m_syn_2.di                                    1


Detailed IO Report

     Name       Direction    Location    IOStandard    DriveStrength    PullType     PackReg   
  I_clk_25m       INPUT         D7        LVCMOS18          N/A          PULLUP       NONE     
   I_hall_u       INPUT        G10        LVCMOS18          N/A          PULLUP       NONE     
   I_hall_v       INPUT        H11        LVCMOS18          N/A          PULLUP       NONE     
   I_hall_w       INPUT        H10        LVCMOS18          N/A          PULLUP       NONE     
    I_rstn        INPUT         J2        LVCMOS18          N/A          PULLUP       NONE     
  I_spi_miso      INPUT         B9        LVCMOS18          N/A          PULLUP       IREG     
     key1         INPUT         H2        LVCMOS18          N/A          PULLUP       NONE     
     key2         INPUT         J4        LVCMOS18          N/A          PULLUP       NONE     
  O_i2c_scl      OUTPUT         G3        LVCMOS18           8            NONE        OREG     
   O_pwm_a       OUTPUT        C10        LVCMOS18           8            NONE        OREG     
   O_pwm_b       OUTPUT        C11        LVCMOS18           8            NONE        OREG     
   O_pwm_c       OUTPUT        E11        LVCMOS18           8            NONE        OREG     
   O_pwm_en      OUTPUT        F11        LVCMOS18           8            NONE        OREG     
  O_spi_mosi     OUTPUT         B8        LVCMOS18           8            NONE        OREG     
  O_spi_sck      OUTPUT         A9        LVCMOS18           8            NONE        OREG     
   O_spi_ss      OUTPUT         A8        LVCMOS18           8            NONE        OREG     
  O_uart_tx      OUTPUT         A4        LVCMOS18           8            NONE        OREG     
  IO_i2c_sda      INOUT         H3        LVCMOS18           8           PULLUP     OREG;TREG  

Report Hierarchy Area:
+------------------------------------------------------------------------------------------------+
|Instance                |Module            |le     |lut     |ripple  |seq     |bram    |dsp     |
+------------------------------------------------------------------------------------------------+
|top                     |TOP_test          |3275   |2023    |916     |1321    |11      |10      |
|  u_foc_controller      |foc_controller    |3005   |1792    |880     |1171    |11      |10      |
|    u_adc_ad7928        |adc_ad7928        |143    |83      |28      |80      |0       |0       |
|    u_as5600_encoder    |as5600_encoder    |417    |249     |154     |99      |0       |0       |
|      u_as5600_read     |i2c_register_read |259    |173     |80      |63      |0       |0       |
|    u_foc_top           |foc_top           |2444   |1459    |698     |992     |11      |10      |
|      u_adc_sn_ctrl     |hold_detect       |17     |15      |2       |10      |0       |0       |
|      u_cartesian2polar |cartesian2polar   |379    |307     |59      |182     |8       |1       |
|      u_clark_tr        |clark_tr          |167    |53      |44      |101     |0       |0       |
|      u_id_pi           |pi_controller     |622    |352     |231     |179     |0       |2       |
|      u_iq_pi           |pi_controller     |644    |356     |236     |173     |0       |2       |
|      u_park_tr         |park_tr           |201    |141     |44      |85      |2       |4       |
|        u_sincos        |sincos            |140    |114     |26      |58      |2       |0       |
|      u_svpwm           |svpwm             |291    |168     |57      |186     |1       |1       |
|    u_hall_encoder      |hall_encoder      |1      |1       |0       |0       |0       |0       |
|  u_pll                 |pll               |0      |0       |0       |0       |0       |0       |
|  u_uart_monitor        |uart_monitor      |194    |177     |14      |106     |0       |0       |
+------------------------------------------------------------------------------------------------+


DataNet Average Fanout:

   Index     Fanout     Nets  
    #1          1       2629  
    #2          2       553   
    #3          3       464   
    #4          4        71   
    #5        5-10      181   
    #6        11-50      98   
    #7       51-100      6    
    #8       101-500     2    
  Average     2.41            

RUN-1002 : start command "export_db FOC_Controller_pr.db"
RUN-1001 : Exported /
RUN-1001 : Exported flow parameters
RUN-1001 : Exported libs
RUN-1001 : Exported entities
RUN-1001 : Exported ports
RUN-1001 : Exported pins
RUN-1001 : Exported instances
RUN-1001 : Exported nets
RUN-1001 : Exported buses
RUN-1001 : Exported models
RUN-1001 : Exported congestions
RUN-1001 : Exported violations
RUN-1001 : Exported IO constraints
RUN-1001 : Exported Inst constraints
RUN-1003 : finish command "export_db FOC_Controller_pr.db" in  1.202791s wall, 0.750000s user + 0.000000s system = 0.750000s CPU (62.4%)

RUN-1004 : used memory is 399 MB, reserved memory is 380 MB, peak memory is 474 MB
RUN-1002 : start command "export_bid FOC_Controller_inst.bid"
PRG-1000 : <!-- HMAC is: 6b861322dd0de563203fbe03c30b788e711c277bbb67479877cd6350b45f30ee -->
RUN-1002 : start command "bitgen -bit FOC_Controller.bit"
BIT-1003 : Start to generate bitstream. 
BIT-1002 : Init instances with 12 threads.
BIT-1002 : Init instances completely, inst num: 1737
BIT-1002 : Init pips with 12 threads.
BIT-1002 : Init pips completely, net num: 4030, pip num: 32287
BIT-1002 : Init feedthrough with 12 threads.
BIT-1002 : Init feedthrough completely, num: 12
BIT-1003 : Multithreading accelaration with 12 threads.
BIT-1003 : Generate bitstream completely, there are 1084 valid insts, and 102176 bits set as '1'.
BIT-1004 : the usercode register value: 00000000110001010000000000000000
BIT-1004 : Generate bits file FOC_Controller.bit.
RUN-1003 : finish command "bitgen -bit FOC_Controller.bit" in  3.283876s wall, 22.812500s user + 0.046875s system = 22.859375s CPU (696.1%)

RUN-1004 : used memory is 404 MB, reserved memory is 385 MB, peak memory is 580 MB
RUN-1002 : start command "backup_run_log run.log ../.logs/phy_1/td_20231109_014655.log"
