============================================================
   Tang Dynasty, V5.6.71036
      Copyright (c) 2012-2023 Anlogic Inc.
   Executable = D:/Anlogic/TD5.6.2/bin/td.exe
   Built at =   20:34:38 Mar 21 2023
   Run by =     15597
   Run Date =   Tue Nov  7 00:11:36 2023

   Run on =     XR097-DELL-G7
============================================================
RUN-1002 : start command "open_project FOC_Controller.prj"
RUN-1001 : Print Global Property
RUN-1001 : ---------------------------------------------------------------
RUN-1001 :        Parameters        |  Settings  |  Default Values  |  Note  
RUN-1001 : ---------------------------------------------------------------
RUN-1001 :          message         |  standard  |     standard     |        
RUN-1001 :   mixed_pack_place_flow  |     on     |        on        |        
RUN-1001 :        qor_monitor       |    off     |       off        |        
RUN-1001 :        syn_ip_flow       |    off     |       off        |        
RUN-1001 :          thread          |    auto    |       auto       |        
RUN-1001 : ---------------------------------------------------------------
RUN-1001 : Print Design Property
RUN-1001 : --------------------------------------------------------------
RUN-1001 :        Parameters       |  Settings  |  Default Values  |  Note  
RUN-1001 : --------------------------------------------------------------
RUN-1001 :   default_reg_initial   |    auto    |       auto       |        
RUN-1001 :        infer_add        |     on     |        on        |        
RUN-1001 :        infer_fsm        |    off     |       off        |        
RUN-1001 :        infer_mult       |     on     |        on        |        
RUN-1001 :        infer_ram        |     on     |        on        |        
RUN-1001 :        infer_reg        |     on     |        on        |        
RUN-1001 :   infer_reg_init_value  |     on     |        on        |        
RUN-1001 :        infer_rom        |     on     |        on        |        
RUN-1001 :      infer_shifter      |     on     |        on        |        
RUN-1001 : --------------------------------------------------------------
RUN-1001 : Print Rtl Property
RUN-1001 : --------------------------------------------------------------
RUN-1001 :        Parameters       |  Settings  |  Default Values  |  Note  
RUN-1001 : --------------------------------------------------------------
RUN-1001 :       compress_add      |   ripple   |      ripple      |        
RUN-1001 :        elf_sload        |    off     |       off        |        
RUN-1001 :       fix_undriven      |     0      |        0         |        
RUN-1001 :         flatten         |    off     |       off        |        
RUN-1001 :       gate_sharing      |     on     |        on        |        
RUN-1001 :    hdl_warning_level    |   normal   |      normal      |        
RUN-1001 :   impl_internal_tribuf  |     on     |        on        |        
RUN-1001 :      impl_set_reset     |     on     |        on        |        
RUN-1001 :        infer_gsr        |    off     |       off        |        
RUN-1001 :      keep_hierarchy     |    auto    |       auto       |        
RUN-1001 :        max_fanout       |    9999    |       9999       |        
RUN-1001 :      max_oh2bin_len     |     10     |        10        |        
RUN-1001 :       merge_equal       |     on     |        on        |        
RUN-1001 :       merge_equiv       |     on     |        on        |        
RUN-1001 :        merge_mux        |    off     |       off        |        
RUN-1001 :     min_control_set     |     8      |        8         |        
RUN-1001 :      min_ripple_len     |    auto    |       auto       |        
RUN-1001 :       oh2bin_ratio      |    0.08    |       0.08       |        
RUN-1001 :     opt_adder_fanout    |     on     |        on        |        
RUN-1001 :        opt_arith        |     on     |        on        |        
RUN-1001 :       opt_big_gate      |    off     |       off        |        
RUN-1001 :        opt_const        |     on     |        on        |        
RUN-1001 :      opt_const_mult     |     on     |        on        |        
RUN-1001 :       opt_lessthan      |     on     |        on        |        
RUN-1001 :         opt_mux         |    off     |       off        |        
RUN-1001 :         opt_ram         |    high    |       high       |        
RUN-1001 :      rtl_sim_model      |    off     |       off        |        
RUN-1001 :         seq_syn         |     on     |        on        |        
RUN-1001 : --------------------------------------------------------------
HDL-1007 : analyze verilog file ../../RTL/adc_ad7928.v
HDL-1007 : analyze verilog file ../../RTL/fpga_top.v
HDL-1007 : analyze verilog file ../../RTL/i2c_register_read.v
HDL-1007 : analyze verilog file ../../RTL/uart_monitor.v
RUN-1001 : Project manager successfully analyzed 4 source files.
RUN-1002 : start command "import_device sf1_6.db -package SF1S60CG121I"
ARC-1001 : Device Initialization.
ARC-1001 : -------------------------------------------------
ARC-1001 :       OPTION       |      IO       |   SETTING   
ARC-1001 : -------------------------------------------------
ARC-1001 :        done        |      B4       |    gpio    
ARC-1001 :        initn       |      A5       |    gpio    
ARC-1001 :       jtagen       |      B7       |    gpio    
ARC-1001 :      programn      |      B5       |  dedicate  
ARC-1001 :   tdi/tms/tck/tdo  |  C4/A6/A7/C5  |  dedicate  
ARC-1001 : -------------------------------------------------
ARC-1004 : Device setting, marked 5 dedicate IOs in total.
RUN-1002 : start command "import_db ../syn_1/FOC_Controller_gate.db"
RUN-1001 : Importing database generated by Tang Dynasty, V5.6.71036.
RUN-1001 : Database version number 46146.
RUN-1001 : Import flow parameters
RUN-1001 : Import IO constraints
RUN-1001 : Import Inst constraints
RUN-1001 : Import design success TD_VERSION=5.6.71036 , DB_VERSION=46146
RUN-1002 : start command "place"
RUN-1001 : Open license file D:/Anlogic/TD5.6.2/license/Anlogic.lic
RUN-1001 : Print Global Property
RUN-1001 : ---------------------------------------------------------------
RUN-1001 :        Parameters        |  Settings  |  Default Values  |  Note  
RUN-1001 : ---------------------------------------------------------------
RUN-1001 :          message         |  standard  |     standard     |        
RUN-1001 :   mixed_pack_place_flow  |     on     |        on        |        
RUN-1001 :        qor_monitor       |    off     |       off        |        
RUN-1001 :        syn_ip_flow       |    off     |       off        |        
RUN-1001 :          thread          |    auto    |       auto       |        
RUN-1001 : ---------------------------------------------------------------
RUN-1001 : Print Place Property
RUN-1001 : --------------------------------------------------------------
RUN-1001 :        Parameters       |  Settings  |  Default Values  |  Note  
RUN-1001 : --------------------------------------------------------------
RUN-1001 :      detailed_place     |     on     |        on        |        
RUN-1001 :          effort         |   medium   |      medium      |        
RUN-1001 :         fix_hold        |    off     |       off        |        
RUN-1001 :       legalization      |    ori     |       ori        |        
RUN-1001 :      new_spreading      |     on     |        on        |        
RUN-1001 :        opt_timing       |   medium   |      medium      |        
RUN-1001 :   post_clock_route_opt  |    off     |       off        |        
RUN-1001 :       pr_strategy       |     1      |        1         |        
RUN-1001 :        relaxation       |    1.00    |       1.00       |        
RUN-1001 :         retiming        |    off     |       off        |        
RUN-1001 : --------------------------------------------------------------
PHY-3001 : Placer runs in 12 thread(s).
RUN-1002 : start command "legalize_phy_inst"
SYN-1011 : Flatten model TOP
RUN-1002 : start command "phys_opt -simplify_lut"
SYN-4024 : Net "clk_25m_dup_1" drives clk pins.
SYN-4025 : Tag rtl::Net clk_25m_dup_1 as clock net
SYN-4026 : Tagged 1 rtl::Net as clock net
PHY-1001 : Populate physical database on model TOP.
RUN-1001 : There are total 509 instances
RUN-0007 : 215 luts, 172 seqs, 87 mslices, 18 lslices, 14 pads, 0 brams, 0 dsps
RUN-1001 : There are total 567 nets
RUN-1001 : 359 nets have 2 pins
RUN-1001 : 146 nets have [3 - 5] pins
RUN-1001 : 39 nets have [6 - 10] pins
RUN-1001 : 11 nets have [11 - 20] pins
RUN-1001 : 9 nets have [21 - 99] pins
RUN-1001 : 3 nets have 100+ pins
RUN-1001 : Report Control nets information:
RUN-1001 : DFF Distribution
RUN-1001 : ----------------------------------
RUN-1001 :   CE   |  SSR  |  ASR  |  DFF Count  
RUN-1001 : ----------------------------------
RUN-1001 :   No   |  No   |  No   |      0      
RUN-1001 :   No   |  No   |  Yes  |     128     
RUN-1001 :   No   |  Yes  |  No   |      0      
RUN-1001 :   Yes  |  No   |  No   |      0      
RUN-1001 :   Yes  |  No   |  Yes  |     44      
RUN-1001 :   Yes  |  Yes  |  No   |      0      
RUN-1001 : ----------------------------------
RUN-0007 : Control Group Statistic
RUN-0007 : ---------------------------
RUN-0007 :   #CLK  |  #CE  |  #SSR/ASR  
RUN-0007 : ---------------------------
RUN-0007 :    1    |   3   |     2      
RUN-0007 : ---------------------------
RUN-0007 : Control Set = 3
PHY-3001 : Initial placement ...
PHY-3001 : design contains 507 instances, 215 luts, 172 seqs, 105 slices, 22 macros(105 instances: 87 mslices 18 lslices)
PHY-0007 : Cell area utilization is 7%
PHY-3001 : Global placement ...
PHY-3001 : Initial: Len = 62974.4
PHY-3001 : Run with size of 3
PHY-3001 : Cell area utilization is 7%
PHY-3001 : :::0::: Try harder cell spreading with beta_ = 0
PHY-3002 : Step(1): len = 37394.5, overlap = 0
PHY-3002 : Step(2): len = 24205.4, overlap = 0
PHY-3002 : Step(3): len = 17929.2, overlap = 0.5
PHY-3002 : Step(4): len = 14300.9, overlap = 0
PHY-3002 : Step(5): len = 13418.8, overlap = 0
PHY-3002 : Step(6): len = 11577, overlap = 0.25
PHY-3002 : Step(7): len = 9180, overlap = 0.75
PHY-3002 : Step(8): len = 9284.7, overlap = 1.0625
PHY-3002 : Step(9): len = 9022.6, overlap = 19.7188
PHY-3002 : Step(10): len = 7521.3, overlap = 24.0938
PHY-3001 : :::1::: Try harder cell spreading with beta_ = 0.000894024
PHY-3002 : Step(11): len = 7352.5, overlap = 8.0625
PHY-3002 : Step(12): len = 6529.9, overlap = 8.53125
PHY-3002 : Step(13): len = 6554.6, overlap = 8.53125
PHY-3002 : Step(14): len = 5996, overlap = 12.9375
PHY-3002 : Step(15): len = 6172.2, overlap = 12.5938
PHY-3002 : Step(16): len = 5879.5, overlap = 12.3438
PHY-3001 : Legalization ...
PHY-3001 : End legalization;  0.002237s wall, 0.000000s user + 0.000000s system = 0.000000s CPU (n/a%)

PHY-3001 : Run with size of 3
PHY-3001 : Cell area utilization is 9%
PHY-3001 : :::0::: Try harder cell spreading with beta_ = 5.17769e-06
PHY-3002 : Step(17): len = 5861.7, overlap = 29.125
PHY-3002 : Step(18): len = 5861.7, overlap = 29.125
PHY-3001 : :::1::: Try harder cell spreading with beta_ = 1.03554e-05
PHY-3002 : Step(19): len = 5680.8, overlap = 28.5625
PHY-3002 : Step(20): len = 5680.8, overlap = 28.5625
PHY-3002 : Step(21): len = 5650.5, overlap = 28.1875
PHY-3001 : :::2::: Try harder cell spreading with beta_ = 2.07108e-05
PHY-3002 : Step(22): len = 5777.5, overlap = 24.8125
PHY-3002 : Step(23): len = 5817.2, overlap = 24.7188
PHY-3002 : Step(24): len = 5819.8, overlap = 23.9688
PHY-3001 : Run with size of 1
PHY-3001 : Cell area utilization is 9%
PHY-3001 : :::0::: Try harder cell spreading with beta_ = 8.38919e-06
PHY-3002 : Step(25): len = 6102.9, overlap = 41.3438
PHY-3002 : Step(26): len = 6102.9, overlap = 41.3438
PHY-3002 : Step(27): len = 5735.9, overlap = 42.1562
PHY-3001 : :::1::: Try harder cell spreading with beta_ = 1.67784e-05
PHY-3002 : Step(28): len = 6325.9, overlap = 36.5312
PHY-3002 : Step(29): len = 6464, overlap = 36.4688
PHY-3002 : Step(30): len = 6544.5, overlap = 36.3125
PHY-3001 : :::2::: Try harder cell spreading with beta_ = 3.35568e-05
PHY-3002 : Step(31): len = 6506.3, overlap = 34.4375
PHY-3002 : Step(32): len = 6506.3, overlap = 34.4375
PHY-3002 : Step(33): len = 6616.1, overlap = 34.75
PHY-3001 : :::3::: Try harder cell spreading with beta_ = 6.60512e-05
PHY-3002 : Step(34): len = 6850.7, overlap = 32.0312
PHY-3002 : Step(35): len = 7015.4, overlap = 28.8438
PHY-3002 : Step(36): len = 7152, overlap = 27.8438
PHY-3001 : :::4::: Try harder cell spreading with beta_ = 0.000132102
PHY-3002 : Step(37): len = 7347.1, overlap = 23.8438
PHY-3002 : Step(38): len = 7454.8, overlap = 23.2812
PHY-3002 : Step(39): len = 7531.1, overlap = 22.9688
PHY-3001 : :::5::: Try harder cell spreading with beta_ = 0.000264205
PHY-3002 : Step(40): len = 7599, overlap = 23.3125
PHY-3002 : Step(41): len = 7641.3, overlap = 23.4688
PHY-3002 : Step(42): len = 7697.3, overlap = 23.125
PHY-3001 : :::6::: Try harder cell spreading with beta_ = 0.00052841
PHY-3002 : Step(43): len = 7797.7, overlap = 23.625
PHY-3002 : Step(44): len = 7873.9, overlap = 23.5625
PHY-3001 : :::7::: Try harder cell spreading with beta_ = 0.000901619
PHY-3002 : Step(45): len = 7922.4, overlap = 23.9062
PHY-3002 : Step(46): len = 8028.2, overlap = 24.2188
PHY-3001 : :::8::: Try harder cell spreading with beta_ = 0.00150204
PHY-3002 : Step(47): len = 8091.1, overlap = 23.75
PHY-3002 : Step(48): len = 8202.1, overlap = 23.8438
PHY-3002 : Step(49): len = 8280.1, overlap = 23.7188
PHY-3001 : :::9::: Try harder cell spreading with beta_ = 0.00247231
PHY-3002 : Step(50): len = 8315.3, overlap = 23.5
PHY-3002 : Step(51): len = 8383.4, overlap = 22.6562
PHY-3002 : Step(52): len = 8433.4, overlap = 23.2812
PHY-3001 : :::10::: Try harder cell spreading with beta_ = 0.0040002
PHY-3002 : Step(53): len = 8467, overlap = 22.9375
PHY-3002 : Step(54): len = 8520.6, overlap = 22.4062
PHY-3002 : Step(55): len = 8572.3, overlap = 22.8438
OPT-1001 : Start physical optimization ...
OPT-1001 : Total overflow 22.84 peak overflow 0.97
OPT-1001 : Start high-fanout net optimization ...
OPT-1001 : Update timing in global mode
PHY-1001 : Start incremental global routing, caller is place ...
RUN-1001 : Generating global routing grids ...
RUN-1001 : Building simple global routing graph ...
PHY-1001 : Generate routing nets ...
PHY-1001 : Reuse net number 0/567.
PHY-1001 : Global iterations in 12 thread ...
PHY-1002 : len = 11536, over cnt = 47(0%), over = 97, worst = 6
PHY-1001 : End global iterations;  0.038117s wall, 0.000000s user + 0.000000s system = 0.000000s CPU (n/a%)

PHY-1001 : Congestion index: top1 = 22.85, top5 = 15.42, top10 = 11.56, top15 = 9.06.
PHY-1001 : End incremental global routing;  0.057923s wall, 0.000000s user + 0.000000s system = 0.000000s CPU (n/a%)

RUN-1002 : start command "start_timer -report"
TMR-5001 WARNING: No sdc constraints found while initiating timer.
TMR-2505 : Start building timing graph for model TOP.
TMR-2506 : Build timing graph completely. Port num: 14, tpin num: 2218, tnet num: 565, tinst num: 507, tnode num: 2803, tedge num: 3467.
TMR-2508 : Levelizing timing graph completed, there are 21 levels in total.
TMR-2501 : Timing graph initialized successfully.
OPT-1001 : End timing update;  0.151499s wall, 0.046875s user + 0.000000s system = 0.046875s CPU (30.9%)

OPT-1001 : 0 high-fanout net processed.
OPT-1001 : End high-fanout net optimization;  0.216786s wall, 0.046875s user + 0.000000s system = 0.046875s CPU (21.6%)

OPT-1001 : Current memory(MB): used = 145, reserve = 114, peak = 145.
OPT-1001 : End physical optimization;  0.221274s wall, 0.046875s user + 0.000000s system = 0.046875s CPU (21.2%)

PHY-3001 : Start packing ...
SYN-4007 : Packing 0 MUX to BLE ...
SYN-4008 : Packed 0 MUX and 0 SEQ to BLE.
SYN-4007 : Packing 215 LUT to BLE ...
SYN-4008 : Packed 215 LUT and 102 SEQ to BLE.
SYN-4003 : Packing 70 remaining SEQ's ...
SYN-4005 : Packed 43 SEQ with LUT/SLICE
SYN-4006 : 77 single LUT's are left
SYN-4006 : 27 single SEQ's are left
SYN-4011 : Packing model "TOP" (AL_USER_NORMAL) with 242/364 primitive instances ...
PHY-3001 : End packing;  0.017088s wall, 0.000000s user + 0.000000s system = 0.000000s CPU (n/a%)

PHY-1001 : Populate physical database on model TOP.
RUN-1001 : There are total 252 instances
RUN-1001 : 117 mslices, 118 lslices, 14 pads, 0 brams, 0 dsps
RUN-1001 : There are total 473 nets
RUN-1001 : 269 nets have 2 pins
RUN-1001 : 142 nets have [3 - 5] pins
RUN-1001 : 39 nets have [6 - 10] pins
RUN-1001 : 11 nets have [11 - 20] pins
RUN-1001 : 9 nets have [21 - 99] pins
RUN-1001 : 3 nets have 100+ pins
PHY-3001 : design contains 250 instances, 235 slices, 22 macros(105 instances: 87 mslices 18 lslices)
PHY-3001 : Cell area utilization is 10%
PHY-3001 : After packing: Len = 8577.6, Over = 25
PHY-3001 : Run with size of 1
PHY-3001 : Cell area utilization is 10%
PHY-3001 : :::0::: Try harder cell spreading with beta_ = 3.47095e-05
PHY-3002 : Step(56): len = 7888.9, overlap = 26.25
PHY-3002 : Step(57): len = 7897.7, overlap = 26.5
PHY-3002 : Step(58): len = 7366.4, overlap = 26.5
PHY-3002 : Step(59): len = 7310.9, overlap = 27.5
PHY-3002 : Step(60): len = 7247.3, overlap = 27.5
PHY-3002 : Step(61): len = 7255.4, overlap = 28.75
PHY-3002 : Step(62): len = 7258, overlap = 28.75
PHY-3001 : :::1::: Try harder cell spreading with beta_ = 6.9419e-05
PHY-3002 : Step(63): len = 7716.6, overlap = 27.5
PHY-3002 : Step(64): len = 7716.6, overlap = 27.5
PHY-3002 : Step(65): len = 7669.1, overlap = 26.5
PHY-3001 : :::2::: Try harder cell spreading with beta_ = 0.000127164
PHY-3002 : Step(66): len = 8030.8, overlap = 25.25
PHY-3002 : Step(67): len = 8119.7, overlap = 25.25
PHY-3002 : Step(68): len = 8328, overlap = 24.25
PHY-3001 : Legalization ...
PHY-3001 : End legalization;  0.072567s wall, 0.015625s user + 0.000000s system = 0.015625s CPU (21.5%)

PHY-3001 : Trial Legalized: Len = 9897.6
PHY-3001 : Run with size of 1
PHY-3001 : Cell area utilization is 10%
PHY-3001 : :::0::: Try harder cell spreading with beta_ = 0.000246462
PHY-3002 : Step(69): len = 9040.6, overlap = 5.5
PHY-3002 : Step(70): len = 8707.3, overlap = 11.25
PHY-3002 : Step(71): len = 8706.1, overlap = 11.75
PHY-3002 : Step(72): len = 8700.5, overlap = 12.75
PHY-3002 : Step(73): len = 8609.9, overlap = 14.5
PHY-3002 : Step(74): len = 8559.8, overlap = 14.25
PHY-3002 : Step(75): len = 8527.5, overlap = 14.75
PHY-3001 : :::1::: Try harder cell spreading with beta_ = 0.000445408
PHY-3002 : Step(76): len = 8651, overlap = 14
PHY-3002 : Step(77): len = 8681.6, overlap = 13.75
PHY-3002 : Step(78): len = 8735.6, overlap = 13.75
PHY-3001 : :::2::: Try harder cell spreading with beta_ = 0.000890815
PHY-3002 : Step(79): len = 8807.4, overlap = 13
PHY-3002 : Step(80): len = 8807.4, overlap = 13
PHY-3001 : Legalization ...
PHY-3001 : End legalization;  0.002849s wall, 0.000000s user + 0.000000s system = 0.000000s CPU (n/a%)

PHY-3001 : Legalized: Len = 9585.6, Over = 0
PHY-3001 : End spreading;  0.001522s wall, 0.000000s user + 0.000000s system = 0.000000s CPU (n/a%)

PHY-3001 : Final: Len = 9585.6, Over = 0
RUN-1003 : finish command "place" in  2.259096s wall, 0.359375s user + 0.250000s system = 0.609375s CPU (27.0%)

RUN-1004 : used memory is 138 MB, reserved memory is 106 MB, peak memory is 146 MB
RUN-1002 : start command "export_db FOC_Controller_place.db"
RUN-1001 : Exported /
RUN-1001 : Exported flow parameters
RUN-1001 : Exported libs
RUN-1001 : Exported entities
RUN-1001 : Exported ports
RUN-1001 : Exported pins
RUN-1001 : Exported instances
RUN-1001 : Exported nets
RUN-1001 : Exported buses
RUN-1001 : Exported models
RUN-1001 : Exported congestions
RUN-1001 : Exported violations
RUN-1001 : Exported IO constraints
RUN-1001 : Exported Inst constraints
RUN-1002 : start command "route"
RUN-1001 : Open license file D:/Anlogic/TD5.6.2/license/Anlogic.lic
RUN-1001 : Print Global Property
RUN-1001 : ---------------------------------------------------------------
RUN-1001 :        Parameters        |  Settings  |  Default Values  |  Note  
RUN-1001 : ---------------------------------------------------------------
RUN-1001 :          message         |  standard  |     standard     |        
RUN-1001 :   mixed_pack_place_flow  |     on     |        on        |        
RUN-1001 :        qor_monitor       |    off     |       off        |        
RUN-1001 :        syn_ip_flow       |    off     |       off        |        
RUN-1001 :          thread          |    auto    |       auto       |        
RUN-1001 : ---------------------------------------------------------------
RUN-1001 : Print Route Property
RUN-1001 : -------------------------------------------------------
RUN-1001 :    Parameters    |  Settings  |  Default Values  |  Note  
RUN-1001 : -------------------------------------------------------
RUN-1001 :      effort      |   medium   |      medium      |        
RUN-1001 :     fix_hold     |    off     |       off        |        
RUN-1001 :    opt_timing    |   medium   |      medium      |        
RUN-1001 :   phy_sim_model  |    off     |       off        |        
RUN-1001 :     priority     |   timing   |      timing      |        
RUN-1001 :     swap_pin     |     on     |        on        |        
RUN-1001 : -------------------------------------------------------
PHY-1001 : Route runs in 12 thread(s)
RUN-1001 : There are total 252 instances
RUN-1001 : 117 mslices, 118 lslices, 14 pads, 0 brams, 0 dsps
RUN-1001 : There are total 473 nets
RUN-1001 : 269 nets have 2 pins
RUN-1001 : 142 nets have [3 - 5] pins
RUN-1001 : 39 nets have [6 - 10] pins
RUN-1001 : 11 nets have [11 - 20] pins
RUN-1001 : 9 nets have [21 - 99] pins
RUN-1001 : 3 nets have 100+ pins
RUN-1002 : start command "start_timer -report"
TMR-5001 WARNING: No sdc constraints found while initiating timer.
TMR-2505 : Start building timing graph for model TOP.
TMR-2506 : Build timing graph completely. Port num: 14, tpin num: 1867, tnet num: 471, tinst num: 250, tnode num: 2297, tedge num: 3056.
TMR-2508 : Levelizing timing graph completed, there are 21 levels in total.
TMR-2501 : Timing graph initialized successfully.
PHY-1001 : 117 mslices, 118 lslices, 14 pads, 0 brams, 0 dsps
TMR-2503 : Start to update net delay, extr mode = 3.
TMR-2504 : Update delay of 471 nets completely.
TMR-2502 : Annotate delay completely, extr mode = 3.
TMR-3002 : No user constraint, initiate default constraint.
TMR-1501 : Assign derive clock DeriveClock to 220 clock pins, and constraint 424 relative nodes.
TMR-3003 : Constraints initiated successfully.
TMR-3501 : Forward propagation: start to calculate arrival time...
TMR-3502 : Backward propagation: start to calculate required time...
TMR-3503 : Timing propagation completes.
PHY-1001 : Start global routing, caller is route ...
RUN-1001 : Generating global routing grids ...
PHY-1001 : Generate routing nets ...
PHY-1001 : Global iterations in 12 thread ...
PHY-1002 : len = 12296, over cnt = 38(0%), over = 47, worst = 3
PHY-1002 : len = 12360, over cnt = 29(0%), over = 36, worst = 3
PHY-1002 : len = 12696, over cnt = 7(0%), over = 7, worst = 1
PHY-1002 : len = 12816, over cnt = 0(0%), over = 0, worst = 0
PHY-1001 : End global iterations;  0.054992s wall, 0.000000s user + 0.000000s system = 0.000000s CPU (n/a%)

PHY-1001 : Congestion index: top1 = 23.19, top5 = 15.98, top10 = 11.99, top15 = 9.43.
PHY-1001 : End global routing;  0.071996s wall, 0.000000s user + 0.000000s system = 0.000000s CPU (n/a%)

PHY-1001 : Start detail routing ...
PHY-1001 : Current memory(MB): used = 163, reserve = 132, peak = 174.
PHY-1001 : Detailed router is running in normal mode.
PHY-1001 : Generate detailed routing grids ...
PHY-1001 : Generate nets ...
PHY-1001 : net clk_25m_dup_1 will be routed on clock mesh
PHY-1001 : Current memory(MB): used = 260, reserve = 230, peak = 260.
PHY-1001 : End build detailed router design. 1.637009s wall, 0.828125s user + 0.031250s system = 0.859375s CPU (52.5%)

PHY-1001 : Detail Route ...
PHY-1001 : ===== Detail Route Phase 1 =====
PHY-1001 : Clock net routing.....
PHY-1001 : Routed 0% nets.
PHY-1022 : len = 5184, over cnt = 0(0%), over = 0, worst = 0, crit = 0
PHY-1001 : End initial clock net routed; 0.004577s wall, 0.000000s user + 0.000000s system = 0.000000s CPU (n/a%)

PHY-1001 : Current memory(MB): used = 262, reserve = 231, peak = 262.
PHY-1001 : End phase 1; 0.006364s wall, 0.000000s user + 0.000000s system = 0.000000s CPU (n/a%)

PHY-1001 : ===== Detail Route Phase 2 =====
PHY-1001 : Initial routing.....
PHY-1001 : Routed 39% nets.
PHY-1001 : Routed 47% nets.
PHY-1001 : Routed 53% nets.
PHY-1001 : Routed 62% nets.
PHY-1001 : Routed 79% nets.
PHY-1022 : len = 39608, over cnt = 13(0%), over = 13, worst = 1, crit = 0
PHY-1001 : Current memory(MB): used = 270, reserve = 240, peak = 270.
PHY-1001 : End initial routed; 0.344253s wall, 0.218750s user + 0.000000s system = 0.218750s CPU (63.5%)

PHY-1001 : Current memory(MB): used = 270, reserve = 240, peak = 270.
PHY-1001 : End phase 2; 0.344323s wall, 0.218750s user + 0.000000s system = 0.218750s CPU (63.5%)

PHY-1001 : ===== Detail Route Phase 3 =====
PHY-1001 : Ripup-reroute.....
PHY-1001 : ===== DR Iter 1 =====
PHY-1022 : len = 39488, over cnt = 1(0%), over = 1, worst = 1, crit = 0
PHY-1001 : End DR Iter 1; 0.012590s wall, 0.000000s user + 0.000000s system = 0.000000s CPU (n/a%)

PHY-1001 : ===== DR Iter 2 =====
PHY-1022 : len = 39488, over cnt = 0(0%), over = 0, worst = 0, crit = 0
PHY-1001 : End DR Iter 2; 0.006186s wall, 0.000000s user + 0.000000s system = 0.000000s CPU (n/a%)

PHY-1001 : Commit to database.....
PHY-1001 : 2 feed throughs used by 2 nets
PHY-1001 : End commit to database; 0.062801s wall, 0.031250s user + 0.000000s system = 0.031250s CPU (49.8%)

PHY-1001 : Current memory(MB): used = 277, reserve = 247, peak = 277.
PHY-1001 : End phase 3; 0.120293s wall, 0.046875s user + 0.000000s system = 0.046875s CPU (39.0%)

PHY-1003 : Routed, final wirelength = 39488
PHY-1001 : Current memory(MB): used = 277, reserve = 247, peak = 277.
PHY-1001 : End export database. 0.002961s wall, 0.000000s user + 0.000000s system = 0.000000s CPU (n/a%)

PHY-1001 : End detail routing;  2.207943s wall, 1.140625s user + 0.031250s system = 1.171875s CPU (53.1%)

RUN-1003 : finish command "route" in  2.445757s wall, 1.203125s user + 0.031250s system = 1.234375s CPU (50.5%)

RUN-1004 : used memory is 247 MB, reserved memory is 217 MB, peak memory is 277 MB
RUN-1002 : start command "report_area -io_info -file FOC_Controller_phy.area"
RUN-1001 : standard
***Report Model: TOP Device: SF1S60CG121I***

IO Statistics
#IO                        14
  #input                    3
  #output                  10
  #inout                    1

Utilization Statistics
#lut                      425   out of   5824    7.30%
#reg                      172   out of   5824    2.95%
#le                       452
  #lut only               280   out of    452   61.95%
  #reg only                27   out of    452    5.97%
  #lut&reg                145   out of    452   32.08%
#dsp                        0   out of     10    0.00%
#bram                       0   out of     26    0.00%
  #bram9k                   0
  #fifo9k                   0
#hard-ip                    0
  #mcu                      0   out of      1    0.00%
  #dsc                      0   out of      1    0.00%
  #dsi                      0   out of      2    0.00%
  #psram controller         0   out of      2    0.00%
#pad                       14   out of     55   25.45%
  #ireg                     0
  #oreg                     7
  #treg                     1
#pll                        0   out of      2    0.00%
#gclk                       0   out of     16    0.00%

Clock Resource Statistics
Index     ClockNet         Type               DriverType         Driver              Fanout
#1        clk_25m_dup_1    GCLK               io                 clk_25m_syn_2.di    110


Detailed IO Report

    Name      Direction    Location    IOStandard    DriveStrength    PullType     PackReg   
  clk_25m       INPUT         D7        LVCMOS18          N/A          PULLUP       NONE     
    rstn        INPUT         J2        LVCMOS18          N/A           NONE        NONE     
  spi_miso      INPUT         B9        LVCMOS18          N/A          PULLUP       NONE     
  i2c_scl      OUTPUT         G3        LVCMOS18           8            NONE        OREG     
    led0       OUTPUT         J5        LVCMOS18           8            NONE        OREG     
   pwm_a       OUTPUT        C10        LVCMOS18           8            NONE        NONE     
   pwm_b       OUTPUT        C11        LVCMOS18           8            NONE        NONE     
   pwm_c       OUTPUT        E11        LVCMOS18           8            NONE        NONE     
   pwm_en      OUTPUT        F11        LVCMOS18           8            NONE        NONE     
  spi_mosi     OUTPUT         B8        LVCMOS18           8            NONE        OREG     
  spi_sck      OUTPUT         A9        LVCMOS18           8            NONE        OREG     
   spi_ss      OUTPUT         A8        LVCMOS18           8            NONE        OREG     
  uart_tx      OUTPUT         A4        LVCMOS18           8            NONE        OREG     
  i2c_sda       INOUT         H3        LVCMOS18           8           PULLUP     OREG;TREG  

Report Hierarchy Area:
+-----------------------------------------------------------------------------------------+
|Instance         |Module            |le     |lut     |ripple  |seq     |bram    |dsp     |
+-----------------------------------------------------------------------------------------+
|top              |TOP               |452    |320     |105     |180     |0       |0       |
|  u_adc_ad7928   |adc_ad7928        |48     |44      |4       |24      |0       |0       |
|  u_as5600_read  |i2c_register_read |242    |159     |80      |35      |0       |0       |
|  u_uart_monitor |uart_monitor      |115    |104     |9       |86      |0       |0       |
+-----------------------------------------------------------------------------------------+


DataNet Average Fanout:

   Index     Fanout     Nets  
    #1          1       255   
    #2          2        95   
    #3          3        30   
    #4          4        17   
    #5        5-10       41   
    #6        11-50      17   
    #7       101-500     1    
  Average     2.79            

RUN-1002 : start command "export_db FOC_Controller_pr.db"
RUN-1001 : Exported /
RUN-1001 : Exported flow parameters
RUN-1001 : Exported libs
RUN-1001 : Exported entities
RUN-1001 : Exported ports
RUN-1001 : Exported pins
RUN-1001 : Exported instances
RUN-1001 : Exported nets
RUN-1001 : Exported buses
RUN-1001 : Exported models
RUN-1001 : Exported congestions
RUN-1001 : Exported violations
RUN-1001 : Exported IO constraints
RUN-1001 : Exported Inst constraints
RUN-1002 : start command "export_bid FOC_Controller_inst.bid"
RUN-1002 : start command "bitgen -bit FOC_Controller.bit"
BIT-1003 : Start to generate bitstream. 
BIT-1002 : Init instances with 12 threads.
BIT-1002 : Init instances completely, inst num: 250
BIT-1002 : Init pips with 12 threads.
BIT-1002 : Init pips completely, net num: 473, pip num: 3880
BIT-1002 : Init feedthrough completely, num: 2
BIT-1003 : Multithreading accelaration with 12 threads.
BIT-1003 : Generate bitstream completely, there are 394 valid insts, and 12739 bits set as '1'.
BIT-1004 : Generate bits file FOC_Controller.bit.
RUN-1003 : finish command "bitgen -bit FOC_Controller.bit" in  1.052769s wall, 3.125000s user + 0.062500s system = 3.187500s CPU (302.8%)

RUN-1004 : used memory is 254 MB, reserved memory is 226 MB, peak memory is 429 MB
RUN-1002 : start command "backup_run_log run.log ../.logs/phy_1/td_20231107_001136.log"
