============================================================
   Tang Dynasty, V5.6.71036
      Copyright (c) 2012-2023 Anlogic Inc.
   Executable = D:/Anlogic/TD5.6.2/bin/td.exe
   Built at =   20:34:38 Mar 21 2023
   Run by =     15597
   Run Date =   Sun Nov  5 22:01:10 2023

   Run on =     XR097-DELL-G7
============================================================
RUN-1002 : start command "open_project FOC_Controller.prj"
RUN-1001 : Print Global Property
RUN-1001 : ---------------------------------------------------------------
RUN-1001 :        Parameters        |  Settings  |  Default Values  |  Note  
RUN-1001 : ---------------------------------------------------------------
RUN-1001 :          message         |  standard  |     standard     |        
RUN-1001 :   mixed_pack_place_flow  |     on     |        on        |        
RUN-1001 :        qor_monitor       |    off     |       off        |        
RUN-1001 :        syn_ip_flow       |    off     |       off        |        
RUN-1001 :          thread          |    auto    |       auto       |        
RUN-1001 : ---------------------------------------------------------------
RUN-1001 : Print Design Property
RUN-1001 : --------------------------------------------------------------
RUN-1001 :        Parameters       |  Settings  |  Default Values  |  Note  
RUN-1001 : --------------------------------------------------------------
RUN-1001 :   default_reg_initial   |    auto    |       auto       |        
RUN-1001 :        infer_add        |     on     |        on        |        
RUN-1001 :        infer_fsm        |    off     |       off        |        
RUN-1001 :        infer_mult       |     on     |        on        |        
RUN-1001 :        infer_ram        |     on     |        on        |        
RUN-1001 :        infer_reg        |     on     |        on        |        
RUN-1001 :   infer_reg_init_value  |     on     |        on        |        
RUN-1001 :        infer_rom        |     on     |        on        |        
RUN-1001 :      infer_shifter      |     on     |        on        |        
RUN-1001 : --------------------------------------------------------------
RUN-1001 : Print Rtl Property
RUN-1001 : --------------------------------------------------------------
RUN-1001 :        Parameters       |  Settings  |  Default Values  |  Note  
RUN-1001 : --------------------------------------------------------------
RUN-1001 :       compress_add      |   ripple   |      ripple      |        
RUN-1001 :        elf_sload        |    off     |       off        |        
RUN-1001 :       fix_undriven      |     0      |        0         |        
RUN-1001 :         flatten         |    off     |       off        |        
RUN-1001 :       gate_sharing      |     on     |        on        |        
RUN-1001 :    hdl_warning_level    |   normal   |      normal      |        
RUN-1001 :   impl_internal_tribuf  |     on     |        on        |        
RUN-1001 :      impl_set_reset     |     on     |        on        |        
RUN-1001 :        infer_gsr        |    off     |       off        |        
RUN-1001 :      keep_hierarchy     |    auto    |       auto       |        
RUN-1001 :        max_fanout       |    9999    |       9999       |        
RUN-1001 :      max_oh2bin_len     |     10     |        10        |        
RUN-1001 :       merge_equal       |     on     |        on        |        
RUN-1001 :       merge_equiv       |     on     |        on        |        
RUN-1001 :        merge_mux        |    off     |       off        |        
RUN-1001 :     min_control_set     |     8      |        8         |        
RUN-1001 :      min_ripple_len     |    auto    |       auto       |        
RUN-1001 :       oh2bin_ratio      |    0.08    |       0.08       |        
RUN-1001 :     opt_adder_fanout    |     on     |        on        |        
RUN-1001 :        opt_arith        |     on     |        on        |        
RUN-1001 :       opt_big_gate      |    off     |       off        |        
RUN-1001 :        opt_const        |     on     |        on        |        
RUN-1001 :      opt_const_mult     |     on     |        on        |        
RUN-1001 :       opt_lessthan      |     on     |        on        |        
RUN-1001 :         opt_mux         |    off     |       off        |        
RUN-1001 :         opt_ram         |    high    |       high       |        
RUN-1001 :      rtl_sim_model      |    off     |       off        |        
RUN-1001 :         seq_syn         |     on     |        on        |        
RUN-1001 : --------------------------------------------------------------
HDL-1007 : analyze verilog file ../../al_ip/pll.v
HDL-1007 : undeclared symbol 'open', assumed default net type 'wire' in ../../al_ip/pll.v(96)
HDL-1007 : analyze verilog file ../../RTL/adc_ad7928.v
HDL-1007 : analyze verilog file ../../RTL/foc/cartesian2polar.v
HDL-1007 : analyze verilog file ../../RTL/foc/clark_tr.v
HDL-1007 : analyze verilog file ../../RTL/foc/foc_top.v
HDL-1007 : analyze verilog file ../../RTL/foc/hold_detect.v
HDL-1007 : analyze verilog file ../../RTL/foc/park_tr.v
HDL-1007 : analyze verilog file ../../RTL/foc/pi_controller.v
HDL-1007 : analyze verilog file ../../RTL/foc/sincos.v
HDL-1007 : analyze verilog file ../../RTL/foc/svpwm.v
HDL-1007 : analyze verilog file ../../RTL/fpga_top.v
HDL-1007 : undeclared symbol 'S_sys_clk_100m', assumed default net type 'wire' in ../../RTL/fpga_top.v(56)
HDL-1007 : analyze verilog file ../../RTL/i2c_register_read.v
HDL-1007 : analyze verilog file ../../RTL/uart_monitor.v
RUN-1001 : Project manager successfully analyzed 13 source files.
RUN-1002 : start command "import_device sf1_6.db -package SF1S60CG121I"
ARC-1001 : Device Initialization.
ARC-1001 : -------------------------------------------------
ARC-1001 :       OPTION       |      IO       |   SETTING   
ARC-1001 : -------------------------------------------------
ARC-1001 :        done        |      B4       |    gpio    
ARC-1001 :        initn       |      A5       |    gpio    
ARC-1001 :       jtagen       |      B7       |    gpio    
ARC-1001 :      programn      |      B5       |  dedicate  
ARC-1001 :   tdi/tms/tck/tdo  |  C4/A6/A7/C5  |  dedicate  
ARC-1001 : -------------------------------------------------
ARC-1004 : Device setting, marked 5 dedicate IOs in total.
RUN-1002 : start command "import_db ../syn_1/FOC_Controller_gate.db"
RUN-1001 : Importing database generated by Tang Dynasty, V5.6.71036.
RUN-1001 : Database version number 46146.
RUN-1001 : Import flow parameters
RUN-1001 : Import IO constraints
RUN-1001 : Import Inst constraints
RUN-1001 : Import design success TD_VERSION=5.6.71036 , DB_VERSION=46146
RUN-1003 : finish command "import_db ../syn_1/FOC_Controller_gate.db" in  1.039338s wall, 0.546875s user + 0.015625s system = 0.562500s CPU (54.1%)

RUN-1004 : used memory is 218 MB, reserved memory is 194 MB, peak memory is 221 MB
RUN-1002 : start command "place"
RUN-1001 : Open license file D:/Anlogic/TD5.6.2/license/Anlogic.lic
RUN-1001 : Print Global Property
RUN-1001 : ---------------------------------------------------------------
RUN-1001 :        Parameters        |  Settings  |  Default Values  |  Note  
RUN-1001 : ---------------------------------------------------------------
RUN-1001 :          message         |  standard  |     standard     |        
RUN-1001 :   mixed_pack_place_flow  |     on     |        on        |        
RUN-1001 :        qor_monitor       |    off     |       off        |        
RUN-1001 :        syn_ip_flow       |    off     |       off        |        
RUN-1001 :          thread          |    auto    |       auto       |        
RUN-1001 : ---------------------------------------------------------------
RUN-1001 : Print Place Property
RUN-1001 : --------------------------------------------------------------
RUN-1001 :        Parameters       |  Settings  |  Default Values  |  Note  
RUN-1001 : --------------------------------------------------------------
RUN-1001 :      detailed_place     |     on     |        on        |        
RUN-1001 :          effort         |   medium   |      medium      |        
RUN-1001 :         fix_hold        |    off     |       off        |        
RUN-1001 :       legalization      |    ori     |       ori        |        
RUN-1001 :      new_spreading      |     on     |        on        |        
RUN-1001 :        opt_timing       |   medium   |      medium      |        
RUN-1001 :   post_clock_route_opt  |    off     |       off        |        
RUN-1001 :       pr_strategy       |     1      |        1         |        
RUN-1001 :        relaxation       |    1.00    |       1.00       |        
RUN-1001 :         retiming        |    off     |       off        |        
RUN-1001 : --------------------------------------------------------------
PHY-3001 : Placer runs in 12 thread(s).
RUN-1002 : start command "legalize_phy_inst"
SYN-1011 : Flatten model TOP
RUN-1002 : start command "phys_opt -simplify_lut"
SYN-4016 : Net pll_inst/clk0_out driven by BUFG (0 clock/control pins, 1 other pins).
SYN-4027 : Net u_adc_ad7928/clk is clkc1 of pll pll_inst/pll_inst.
SYN-4019 : Net clk_25m_dup_1 is refclk of pll pll_inst/pll_inst.
SYN-4020 : Net clk_25m_dup_1 is fbclk of pll pll_inst/pll_inst.
SYN-4025 : Tag rtl::Net clk_25m_dup_1 as clock net
SYN-4025 : Tag rtl::Net pll_inst/clk0_out as clock net
SYN-4025 : Tag rtl::Net u_adc_ad7928/clk as clock net
SYN-4026 : Tagged 3 rtl::Net as clock net
PHY-1001 : Populate physical database on model TOP.
RUN-1001 : There are total 3539 instances
RUN-0007 : 1274 luts, 1301 seqs, 598 mslices, 328 lslices, 12 pads, 11 brams, 10 dsps
RUN-1001 : There are total 4937 nets
RUN-1001 : 3526 nets have 2 pins
RUN-1001 : 1102 nets have [3 - 5] pins
RUN-1001 : 138 nets have [6 - 10] pins
RUN-1001 : 112 nets have [11 - 20] pins
RUN-1001 : 52 nets have [21 - 99] pins
RUN-1001 : 7 nets have 100+ pins
RUN-1001 : Report Control nets information:
RUN-1001 : DFF Distribution
RUN-1001 : ----------------------------------
RUN-1001 :   CE   |  SSR  |  ASR  |  DFF Count  
RUN-1001 : ----------------------------------
RUN-1001 :   No   |  No   |  No   |     28      
RUN-1001 :   No   |  No   |  Yes  |     441     
RUN-1001 :   No   |  Yes  |  No   |      9      
RUN-1001 :   Yes  |  No   |  No   |      0      
RUN-1001 :   Yes  |  No   |  Yes  |     823     
RUN-1001 :   Yes  |  Yes  |  No   |      0      
RUN-1001 : ----------------------------------
RUN-0007 : Control Group Statistic
RUN-0007 : ---------------------------
RUN-0007 :   #CLK  |  #CE  |  #SSR/ASR  
RUN-0007 : ---------------------------
RUN-0007 :    1    |  30   |     4      
RUN-0007 : ---------------------------
RUN-0007 : Control Set = 33
PHY-3001 : Initial placement ...
PHY-3001 : design contains 3537 instances, 1274 luts, 1301 seqs, 926 slices, 122 macros(926 instances: 598 mslices 328 lslices)
PHY-0007 : Cell area utilization is 53%
PHY-3001 : Global placement ...
PHY-3001 : Initial: Len = 605002
PHY-3001 : Run with size of 3
PHY-3001 : Cell area utilization is 53%
PHY-3001 : :::0::: Try harder cell spreading with beta_ = 0
PHY-3002 : Step(1): len = 427053, overlap = 83.0625
PHY-3002 : Step(2): len = 407212, overlap = 110.031
PHY-3002 : Step(3): len = 253620, overlap = 114.219
PHY-3002 : Step(4): len = 237149, overlap = 121.094
PHY-3002 : Step(5): len = 207119, overlap = 129.562
PHY-3002 : Step(6): len = 187796, overlap = 133.562
PHY-3002 : Step(7): len = 164832, overlap = 157.062
PHY-3002 : Step(8): len = 142094, overlap = 169
PHY-3002 : Step(9): len = 125136, overlap = 183.562
PHY-3002 : Step(10): len = 117954, overlap = 188.156
PHY-3002 : Step(11): len = 107524, overlap = 195.594
PHY-3002 : Step(12): len = 101917, overlap = 188.75
PHY-3002 : Step(13): len = 94452.7, overlap = 188.562
PHY-3002 : Step(14): len = 88705.1, overlap = 190.625
PHY-3002 : Step(15): len = 84740.3, overlap = 199.875
PHY-3001 : :::1::: Try harder cell spreading with beta_ = 9.56582e-06
PHY-3002 : Step(16): len = 88787.3, overlap = 185.688
PHY-3002 : Step(17): len = 90911.9, overlap = 188.312
PHY-3002 : Step(18): len = 89305.2, overlap = 189.469
PHY-3002 : Step(19): len = 90794.4, overlap = 184.469
PHY-3002 : Step(20): len = 96089.5, overlap = 176.188
PHY-3002 : Step(21): len = 98872, overlap = 143.094
PHY-3002 : Step(22): len = 97200.4, overlap = 132.938
PHY-3002 : Step(23): len = 95707.3, overlap = 130.594
PHY-3002 : Step(24): len = 93862.3, overlap = 124.062
PHY-3002 : Step(25): len = 93310, overlap = 119.219
PHY-3002 : Step(26): len = 91686.3, overlap = 108.781
PHY-3002 : Step(27): len = 90516.2, overlap = 103.094
PHY-3002 : Step(28): len = 89464.4, overlap = 102.094
PHY-3002 : Step(29): len = 87134.8, overlap = 90.4688
PHY-3002 : Step(30): len = 87429.4, overlap = 90.0312
PHY-3002 : Step(31): len = 86186.5, overlap = 92.9688
PHY-3002 : Step(32): len = 86010, overlap = 101.125
PHY-3002 : Step(33): len = 85816, overlap = 102.312
PHY-3002 : Step(34): len = 84127.2, overlap = 96.5312
PHY-3002 : Step(35): len = 83800.6, overlap = 96.75
PHY-3002 : Step(36): len = 82700.1, overlap = 97.625
PHY-3002 : Step(37): len = 81926.1, overlap = 101.062
PHY-3002 : Step(38): len = 80677.6, overlap = 101.875
PHY-3002 : Step(39): len = 80729.1, overlap = 103.031
PHY-3002 : Step(40): len = 79556.2, overlap = 108.125
PHY-3002 : Step(41): len = 79578.6, overlap = 100.312
PHY-3002 : Step(42): len = 79041.1, overlap = 89.375
PHY-3002 : Step(43): len = 78563.7, overlap = 89.4375
PHY-3002 : Step(44): len = 77418.3, overlap = 86.8125
PHY-3002 : Step(45): len = 76168.2, overlap = 86.0938
PHY-3002 : Step(46): len = 75662.9, overlap = 88.875
PHY-3002 : Step(47): len = 75634.9, overlap = 103.781
PHY-3002 : Step(48): len = 75938.1, overlap = 98.5938
PHY-3002 : Step(49): len = 74529.1, overlap = 93.8125
PHY-3002 : Step(50): len = 73965.7, overlap = 95.875
PHY-3002 : Step(51): len = 73390.7, overlap = 91.5312
PHY-3001 : :::2::: Try harder cell spreading with beta_ = 1.91316e-05
PHY-3002 : Step(52): len = 74178.1, overlap = 93.7188
PHY-3002 : Step(53): len = 74327.2, overlap = 93.1875
PHY-3002 : Step(54): len = 74513.8, overlap = 93.125
PHY-3001 : :::3::: Try harder cell spreading with beta_ = 3.82633e-05
PHY-3002 : Step(55): len = 75655.3, overlap = 91.9688
PHY-3002 : Step(56): len = 75968.1, overlap = 91.5312
PHY-3002 : Step(57): len = 77609.4, overlap = 88.6562
PHY-3002 : Step(58): len = 79136.2, overlap = 86.7812
PHY-3002 : Step(59): len = 83790.5, overlap = 83.9062
PHY-3002 : Step(60): len = 84524.2, overlap = 79.5
PHY-3002 : Step(61): len = 84742.6, overlap = 71.625
PHY-3002 : Step(62): len = 84542.4, overlap = 71.8438
PHY-3002 : Step(63): len = 84506.5, overlap = 69.3125
PHY-3002 : Step(64): len = 84475.7, overlap = 68.625
PHY-3001 : :::4::: Try harder cell spreading with beta_ = 7.65265e-05
PHY-3002 : Step(65): len = 84967.4, overlap = 68.1875
PHY-3002 : Step(66): len = 85068.5, overlap = 67.7812
PHY-3002 : Step(67): len = 86013.1, overlap = 67.875
PHY-3002 : Step(68): len = 86074.6, overlap = 67.7812
PHY-3002 : Step(69): len = 86922.9, overlap = 69.625
PHY-3002 : Step(70): len = 86954, overlap = 69.4688
PHY-3002 : Step(71): len = 86905.2, overlap = 68.5
PHY-3001 : Legalization ...
PHY-3001 : End legalization;  0.016325s wall, 0.000000s user + 0.015625s system = 0.015625s CPU (95.7%)

PHY-3001 : Run with size of 3
PHY-3001 : Cell area utilization is 60%
PHY-3001 : Analyzing congestion ...
RUN-1001 : Generating global routing grids ...
RUN-1001 : Building simple global routing graph ...
PHY-1001 : Generate routing nets ...
PHY-1001 : Reuse net number 0/4937.
PHY-1001 : Global iterations in 12 thread ...
PHY-1002 : len = 116864, over cnt = 591(5%), over = 3394, worst = 39
PHY-1001 : End global iterations;  0.246171s wall, 0.046875s user + 0.000000s system = 0.046875s CPU (19.0%)

PHY-1001 : Congestion index: top1 = 85.42, top5 = 64.65, top10 = 53.79, top15 = 47.39.
PHY-3001 : End congestion estimation;  0.302022s wall, 0.078125s user + 0.000000s system = 0.078125s CPU (25.9%)

PHY-3001 : Update density targets...
PHY-3001 : Update congestion history...
PHY-3001 : :::0::: Try harder cell spreading with beta_ = 3.33979e-06
PHY-3002 : Step(72): len = 98149.4, overlap = 79.6875
PHY-3002 : Step(73): len = 97864.5, overlap = 82.6875
PHY-3002 : Step(74): len = 93665, overlap = 87
PHY-3002 : Step(75): len = 94310.1, overlap = 96.625
PHY-3002 : Step(76): len = 91646.5, overlap = 102
PHY-3002 : Step(77): len = 90189.2, overlap = 122.594
PHY-3002 : Step(78): len = 87630.9, overlap = 131.25
PHY-3002 : Step(79): len = 85451.1, overlap = 153.656
PHY-3002 : Step(80): len = 83501.4, overlap = 153.875
PHY-3002 : Step(81): len = 83209.5, overlap = 149.438
PHY-3002 : Step(82): len = 82804.4, overlap = 161.094
PHY-3002 : Step(83): len = 81436.5, overlap = 163.562
PHY-3002 : Step(84): len = 81149.5, overlap = 182.281
PHY-3002 : Step(85): len = 80183.9, overlap = 169.969
PHY-3001 : :::1::: Try harder cell spreading with beta_ = 6.67957e-06
PHY-3002 : Step(86): len = 81667.3, overlap = 160.625
PHY-3002 : Step(87): len = 82749.3, overlap = 159.688
PHY-3002 : Step(88): len = 85100.1, overlap = 139.469
PHY-3001 : :::2::: Try harder cell spreading with beta_ = 1.33591e-05
PHY-3002 : Step(89): len = 89091.8, overlap = 116.094
PHY-3002 : Step(90): len = 90287.8, overlap = 111.062
PHY-3002 : Step(91): len = 90349.2, overlap = 101.844
PHY-3002 : Step(92): len = 91580.3, overlap = 100.062
PHY-3002 : Step(93): len = 91204.8, overlap = 103.094
PHY-3002 : Step(94): len = 92999.5, overlap = 102.062
PHY-3002 : Step(95): len = 93918, overlap = 106.625
PHY-3001 : :::3::: Try harder cell spreading with beta_ = 2.67183e-05
PHY-3002 : Step(96): len = 94353.1, overlap = 108.75
PHY-3002 : Step(97): len = 95384.8, overlap = 108.312
PHY-3002 : Step(98): len = 100385, overlap = 108.531
PHY-3002 : Step(99): len = 102731, overlap = 84.7188
PHY-3002 : Step(100): len = 102310, overlap = 72.9062
PHY-3002 : Step(101): len = 101889, overlap = 69.9688
PHY-3002 : Step(102): len = 100010, overlap = 71.875
PHY-3002 : Step(103): len = 100052, overlap = 71.1562
PHY-3002 : Step(104): len = 99357.6, overlap = 68.375
PHY-3001 : :::4::: Try harder cell spreading with beta_ = 5.34366e-05
PHY-3002 : Step(105): len = 102836, overlap = 55.125
PHY-3002 : Step(106): len = 102836, overlap = 55.125
PHY-3002 : Step(107): len = 102957, overlap = 56.5625
PHY-3002 : Step(108): len = 103165, overlap = 56.4688
PHY-3002 : Step(109): len = 106080, overlap = 45.3438
PHY-3002 : Step(110): len = 107342, overlap = 49.1875
PHY-3002 : Step(111): len = 108360, overlap = 42.4062
PHY-3002 : Step(112): len = 108612, overlap = 43.5
PHY-3002 : Step(113): len = 106907, overlap = 44.5625
PHY-3002 : Step(114): len = 106624, overlap = 43.9688
PHY-3002 : Step(115): len = 105212, overlap = 43.7188
PHY-3001 : :::5::: Try harder cell spreading with beta_ = 0.000106873
PHY-3002 : Step(116): len = 108225, overlap = 42.1875
PHY-3002 : Step(117): len = 109778, overlap = 38.2188
PHY-3002 : Step(118): len = 110031, overlap = 39.4375
PHY-3001 : :::6::: Try harder cell spreading with beta_ = 0.000213746
PHY-3002 : Step(119): len = 112518, overlap = 39.0938
PHY-3002 : Step(120): len = 116278, overlap = 37.8438
PHY-3002 : Step(121): len = 119438, overlap = 29.75
PHY-3002 : Step(122): len = 118508, overlap = 36.875
PHY-3002 : Step(123): len = 117865, overlap = 37.625
PHY-3002 : Step(124): len = 117806, overlap = 38.5
PHY-3002 : Step(125): len = 117434, overlap = 35.4375
PHY-3002 : Step(126): len = 117270, overlap = 34.9062
PHY-3002 : Step(127): len = 116595, overlap = 36.625
PHY-3001 : :::7::: Try harder cell spreading with beta_ = 0.000427492
PHY-3002 : Step(128): len = 117316, overlap = 36.875
PHY-3002 : Step(129): len = 118296, overlap = 34.5938
PHY-3002 : Step(130): len = 119454, overlap = 33.75
PHY-3002 : Step(131): len = 120227, overlap = 29.5312
PHY-3002 : Step(132): len = 121022, overlap = 30.5625
PHY-3001 : :::8::: Try harder cell spreading with beta_ = 0.000854985
PHY-3002 : Step(133): len = 121725, overlap = 27.7812
PHY-3002 : Step(134): len = 122400, overlap = 27.5625
PHY-3002 : Step(135): len = 123397, overlap = 26.3125
PHY-3001 : Run with size of 1
PHY-3001 : Cell area utilization is 60%
PHY-3001 : Analyzing congestion ...
RUN-1001 : Generating global routing grids ...
PHY-1001 : Generate routing nets ...
PHY-1001 : Reuse net number 27/4937.
PHY-1001 : Global iterations in 12 thread ...
PHY-1002 : len = 136936, over cnt = 656(5%), over = 2927, worst = 28
PHY-1001 : End global iterations;  0.212634s wall, 0.078125s user + 0.000000s system = 0.078125s CPU (36.7%)

PHY-1001 : Congestion index: top1 = 65.21, top5 = 51.05, top10 = 44.23, top15 = 40.18.
PHY-3001 : End congestion estimation;  0.268914s wall, 0.093750s user + 0.000000s system = 0.093750s CPU (34.9%)

PHY-3001 : Update density targets...
PHY-3001 : Update congestion history...
PHY-3001 : :::0::: Try harder cell spreading with beta_ = 6.09299e-05
PHY-3002 : Step(136): len = 122649, overlap = 175.25
PHY-3002 : Step(137): len = 123765, overlap = 154.188
PHY-3002 : Step(138): len = 119329, overlap = 160.031
PHY-3002 : Step(139): len = 117773, overlap = 139.125
PHY-3002 : Step(140): len = 115400, overlap = 136.5
PHY-3002 : Step(141): len = 115390, overlap = 119.281
PHY-3002 : Step(142): len = 114312, overlap = 142.156
PHY-3002 : Step(143): len = 113876, overlap = 142.688
PHY-3002 : Step(144): len = 111581, overlap = 139.375
PHY-3002 : Step(145): len = 110334, overlap = 131.438
PHY-3002 : Step(146): len = 108949, overlap = 138.062
PHY-3002 : Step(147): len = 108708, overlap = 141.156
PHY-3002 : Step(148): len = 108250, overlap = 138.688
PHY-3002 : Step(149): len = 107568, overlap = 124.156
PHY-3002 : Step(150): len = 107221, overlap = 123.312
PHY-3002 : Step(151): len = 106635, overlap = 133.906
PHY-3002 : Step(152): len = 106568, overlap = 132.938
PHY-3002 : Step(153): len = 106086, overlap = 138.906
PHY-3001 : :::1::: Try harder cell spreading with beta_ = 0.00012186
PHY-3002 : Step(154): len = 108167, overlap = 129.875
PHY-3002 : Step(155): len = 109099, overlap = 126.25
PHY-3002 : Step(156): len = 109856, overlap = 118.719
PHY-3001 : :::2::: Try harder cell spreading with beta_ = 0.000205844
PHY-3002 : Step(157): len = 110855, overlap = 114.875
PHY-3002 : Step(158): len = 112769, overlap = 113
PHY-3002 : Step(159): len = 114524, overlap = 106.375
PHY-3002 : Step(160): len = 114799, overlap = 104.594
PHY-3002 : Step(161): len = 114933, overlap = 100.75
PHY-3001 : :::3::: Try harder cell spreading with beta_ = 0.000411689
PHY-3002 : Step(162): len = 115849, overlap = 97.0938
PHY-3002 : Step(163): len = 116479, overlap = 98.3438
PHY-3002 : Step(164): len = 118038, overlap = 95.5
OPT-1001 : Start physical optimization ...
OPT-1001 : Total overflow 95.50 peak overflow 1.94
OPT-1001 : Start high-fanout net optimization ...
OPT-1001 : Update timing in global mode
PHY-1001 : Start incremental global routing, caller is place ...
RUN-1001 : Generating global routing grids ...
PHY-1001 : Generate routing nets ...
PHY-1001 : Reuse net number 228/4937.
PHY-1001 : Global iterations in 12 thread ...
PHY-1002 : len = 134568, over cnt = 670(6%), over = 2571, worst = 22
PHY-1001 : End global iterations;  0.259004s wall, 0.125000s user + 0.000000s system = 0.125000s CPU (48.3%)

PHY-1001 : Congestion index: top1 = 65.42, top5 = 49.12, top10 = 42.18, top15 = 38.30.
PHY-1001 : End incremental global routing;  0.310865s wall, 0.140625s user + 0.000000s system = 0.140625s CPU (45.2%)

RUN-1002 : start command "start_timer -report"
TMR-5001 WARNING: No sdc constraints found while initiating timer.
TMR-2505 : Start building timing graph for model TOP.
TMR-2506 : Build timing graph completely. Port num: 12, tpin num: 18068, tnet num: 4935, tinst num: 3537, tnode num: 22932, tedge num: 31559.
TMR-2508 : Levelizing timing graph completed, there are 61 levels in total.
TMR-2501 : Timing graph initialized successfully.
OPT-1001 : End timing update;  0.416170s wall, 0.265625s user + 0.000000s system = 0.265625s CPU (63.8%)

OPT-1001 : 0 high-fanout net processed.
OPT-1001 : End high-fanout net optimization;  0.795754s wall, 0.437500s user + 0.000000s system = 0.437500s CPU (55.0%)

OPT-1001 : Current memory(MB): used = 289, reserve = 265, peak = 289.
OPT-1001 : End physical optimization;  0.828883s wall, 0.468750s user + 0.000000s system = 0.468750s CPU (56.6%)

PHY-3001 : Start packing ...
SYN-4007 : Packing 0 MUX to BLE ...
SYN-4008 : Packed 0 MUX and 0 SEQ to BLE.
SYN-4007 : Packing 1274 LUT to BLE ...
SYN-4008 : Packed 1274 LUT and 676 SEQ to BLE.
SYN-4003 : Packing 625 remaining SEQ's ...
SYN-4005 : Packed 316 SEQ with LUT/SLICE
SYN-4006 : 411 single LUT's are left
SYN-4006 : 309 single SEQ's are left
SYN-4011 : Packing model "TOP" (AL_USER_NORMAL) with 1583/2547 primitive instances ...
PHY-3001 : End packing;  0.147395s wall, 0.109375s user + 0.000000s system = 0.109375s CPU (74.2%)

PHY-1001 : Populate physical database on model TOP.
RUN-1001 : There are total 1807 instances
RUN-1001 : 884 mslices, 885 lslices, 12 pads, 11 brams, 10 dsps
RUN-1001 : There are total 4335 nets
RUN-1001 : 2993 nets have 2 pins
RUN-1001 : 1032 nets have [3 - 5] pins
RUN-1001 : 152 nets have [6 - 10] pins
RUN-1001 : 105 nets have [11 - 20] pins
RUN-1001 : 48 nets have [21 - 99] pins
RUN-1001 : 5 nets have 100+ pins
PHY-3001 : design contains 1805 instances, 1769 slices, 122 macros(926 instances: 598 mslices 328 lslices)
PHY-3001 : Cell area utilization is 67%
PHY-3001 : After packing: Len = 118434, Over = 127.75
PHY-3001 : Run with size of 1
PHY-3001 : Cell area utilization is 67%
PHY-3001 : Analyzing congestion ...
RUN-1001 : Generating global routing grids ...
PHY-1001 : Generate routing nets ...
PHY-1001 : Reuse net number 2542/4335.
PHY-1001 : Global iterations in 12 thread ...
PHY-1002 : len = 137640, over cnt = 541(4%), over = 1583, worst = 19
PHY-1002 : len = 144864, over cnt = 359(3%), over = 729, worst = 19
PHY-1002 : len = 148584, over cnt = 136(1%), over = 330, worst = 10
PHY-1002 : len = 152152, over cnt = 12(0%), over = 12, worst = 1
PHY-1002 : len = 152984, over cnt = 0(0%), over = 0, worst = 0
PHY-1001 : End global iterations;  0.436522s wall, 0.109375s user + 0.000000s system = 0.109375s CPU (25.1%)

PHY-1001 : Congestion index: top1 = 52.43, top5 = 43.51, top10 = 38.79, top15 = 35.95.
PHY-3001 : End congestion estimation;  0.494574s wall, 0.140625s user + 0.000000s system = 0.140625s CPU (28.4%)

PHY-3001 : Update density targets...
PHY-3001 : Update congestion history...
PHY-3001 : :::0::: Try harder cell spreading with beta_ = 2.10734e-05
PHY-3002 : Step(165): len = 107504, overlap = 142.75
PHY-3002 : Step(166): len = 105830, overlap = 143
PHY-3002 : Step(167): len = 103952, overlap = 146.75
PHY-3002 : Step(168): len = 103410, overlap = 155.75
PHY-3002 : Step(169): len = 102889, overlap = 152
PHY-3002 : Step(170): len = 103159, overlap = 151.75
PHY-3002 : Step(171): len = 102976, overlap = 150
PHY-3001 : :::1::: Try harder cell spreading with beta_ = 4.21468e-05
PHY-3002 : Step(172): len = 105022, overlap = 151.5
PHY-3002 : Step(173): len = 105841, overlap = 145.5
PHY-3002 : Step(174): len = 106809, overlap = 137
PHY-3001 : :::2::: Try harder cell spreading with beta_ = 8.42935e-05
PHY-3002 : Step(175): len = 109767, overlap = 125
PHY-3002 : Step(176): len = 110988, overlap = 125
PHY-3002 : Step(177): len = 113259, overlap = 117.25
PHY-3002 : Step(178): len = 113649, overlap = 115.5
PHY-3002 : Step(179): len = 113813, overlap = 112.5
PHY-3002 : Step(180): len = 114300, overlap = 97.25
PHY-3001 : :::3::: Try harder cell spreading with beta_ = 0.000155078
PHY-3002 : Step(181): len = 117206, overlap = 89.75
PHY-3002 : Step(182): len = 119036, overlap = 83.25
PHY-3002 : Step(183): len = 120046, overlap = 81.5
PHY-3002 : Step(184): len = 120669, overlap = 85.75
PHY-3002 : Step(185): len = 120965, overlap = 84.5
PHY-3002 : Step(186): len = 121250, overlap = 87
PHY-3002 : Step(187): len = 121471, overlap = 88.75
PHY-3002 : Step(188): len = 121577, overlap = 90.25
PHY-3002 : Step(189): len = 121555, overlap = 89.25
PHY-3001 : :::4::: Try harder cell spreading with beta_ = 0.000292284
PHY-3002 : Step(190): len = 124062, overlap = 83
PHY-3002 : Step(191): len = 125609, overlap = 84
PHY-3002 : Step(192): len = 126599, overlap = 82
PHY-3001 : :::5::: Try harder cell spreading with beta_ = 0.000584568
PHY-3002 : Step(193): len = 127406, overlap = 81.5
PHY-3002 : Step(194): len = 129008, overlap = 83.5
PHY-3002 : Step(195): len = 130686, overlap = 83.5
PHY-3002 : Step(196): len = 131497, overlap = 80.5
PHY-3002 : Step(197): len = 132017, overlap = 79.25
PHY-3002 : Step(198): len = 132354, overlap = 84
PHY-3002 : Step(199): len = 132645, overlap = 81
PHY-3002 : Step(200): len = 132953, overlap = 82
PHY-3002 : Step(201): len = 133421, overlap = 78.25
PHY-3002 : Step(202): len = 133858, overlap = 72.25
PHY-3002 : Step(203): len = 134270, overlap = 74.25
PHY-3002 : Step(204): len = 134600, overlap = 67.25
PHY-3002 : Step(205): len = 134945, overlap = 66.25
PHY-3001 : :::6::: Try harder cell spreading with beta_ = 0.000980269
PHY-3002 : Step(206): len = 135508, overlap = 65.75
PHY-3002 : Step(207): len = 135936, overlap = 67.5
PHY-3002 : Step(208): len = 136459, overlap = 66.75
PHY-3001 : Legalization ...
PHY-3001 : End legalization;  0.607709s wall, 0.062500s user + 0.109375s system = 0.171875s CPU (28.3%)

PHY-3001 : Trial Legalized: Len = 145218
PHY-3001 : Run with size of 1
PHY-3001 : Cell area utilization is 65%
PHY-3001 : Analyzing congestion ...
RUN-1001 : Generating global routing grids ...
PHY-1001 : Generate routing nets ...
PHY-1001 : Reuse net number 290/4335.
PHY-1001 : Global iterations in 12 thread ...
PHY-1002 : len = 167432, over cnt = 435(3%), over = 759, worst = 8
PHY-1002 : len = 170040, over cnt = 233(2%), over = 334, worst = 6
PHY-1002 : len = 173336, over cnt = 43(0%), over = 47, worst = 2
PHY-1002 : len = 174168, over cnt = 2(0%), over = 2, worst = 1
PHY-1002 : len = 174296, over cnt = 0(0%), over = 0, worst = 0
PHY-1001 : End global iterations;  0.454019s wall, 0.250000s user + 0.015625s system = 0.265625s CPU (58.5%)

PHY-1001 : Congestion index: top1 = 48.06, top5 = 40.58, top10 = 36.93, top15 = 34.78.
PHY-3001 : End congestion estimation;  0.523776s wall, 0.281250s user + 0.015625s system = 0.296875s CPU (56.7%)

PHY-3001 : Update density targets...
PHY-3001 : Update congestion history...
PHY-3001 : :::0::: Try harder cell spreading with beta_ = 7.53177e-05
PHY-3002 : Step(209): len = 134707, overlap = 48.5
PHY-3002 : Step(210): len = 131580, overlap = 57.25
PHY-3002 : Step(211): len = 131207, overlap = 56.25
PHY-3002 : Step(212): len = 131441, overlap = 58.25
PHY-3002 : Step(213): len = 131639, overlap = 57
PHY-3001 : :::1::: Try harder cell spreading with beta_ = 0.000150635
PHY-3002 : Step(214): len = 132803, overlap = 53.25
PHY-3002 : Step(215): len = 133285, overlap = 49
PHY-3002 : Step(216): len = 133470, overlap = 50
PHY-3001 : :::2::: Try harder cell spreading with beta_ = 0.000301271
PHY-3002 : Step(217): len = 134645, overlap = 47
PHY-3002 : Step(218): len = 135573, overlap = 43.75
PHY-3002 : Step(219): len = 136080, overlap = 41.75
PHY-3001 : Legalization ...
PHY-3001 : End legalization;  0.004906s wall, 0.015625s user + 0.000000s system = 0.015625s CPU (318.5%)

PHY-3001 : Legalized: Len = 137771, Over = 0
PHY-3001 : End spreading;  0.008812s wall, 0.000000s user + 0.000000s system = 0.000000s CPU (n/a%)

PHY-3001 : Final: Len = 137771, Over = 0
RUN-1003 : finish command "place" in  10.108551s wall, 3.531250s user + 0.921875s system = 4.453125s CPU (44.1%)

RUN-1004 : used memory is 269 MB, reserved memory is 247 MB, peak memory is 290 MB
RUN-1002 : start command "export_db FOC_Controller_place.db"
RUN-1001 : Exported /
RUN-1001 : Exported flow parameters
RUN-1001 : Exported libs
RUN-1001 : Exported entities
RUN-1001 : Exported ports
RUN-1001 : Exported pins
RUN-1001 : Exported instances
RUN-1001 : Exported nets
RUN-1001 : Exported buses
RUN-1001 : Exported models
RUN-1001 : Exported congestions
RUN-1001 : Exported violations
RUN-1001 : Exported IO constraints
RUN-1001 : Exported Inst constraints
RUN-1003 : finish command "export_db FOC_Controller_place.db" in  1.080061s wall, 0.703125s user + 0.015625s system = 0.718750s CPU (66.5%)

RUN-1004 : used memory is 266 MB, reserved memory is 243 MB, peak memory is 343 MB
RUN-1002 : start command "route"
RUN-1001 : Open license file D:/Anlogic/TD5.6.2/license/Anlogic.lic
RUN-1001 : Print Global Property
RUN-1001 : ---------------------------------------------------------------
RUN-1001 :        Parameters        |  Settings  |  Default Values  |  Note  
RUN-1001 : ---------------------------------------------------------------
RUN-1001 :          message         |  standard  |     standard     |        
RUN-1001 :   mixed_pack_place_flow  |     on     |        on        |        
RUN-1001 :        qor_monitor       |    off     |       off        |        
RUN-1001 :        syn_ip_flow       |    off     |       off        |        
RUN-1001 :          thread          |    auto    |       auto       |        
RUN-1001 : ---------------------------------------------------------------
RUN-1001 : Print Route Property
RUN-1001 : -------------------------------------------------------
RUN-1001 :    Parameters    |  Settings  |  Default Values  |  Note  
RUN-1001 : -------------------------------------------------------
RUN-1001 :      effort      |   medium   |      medium      |        
RUN-1001 :     fix_hold     |    off     |       off        |        
RUN-1001 :    opt_timing    |   medium   |      medium      |        
RUN-1001 :   phy_sim_model  |    off     |       off        |        
RUN-1001 :     priority     |   timing   |      timing      |        
RUN-1001 :     swap_pin     |     on     |        on        |        
RUN-1001 : -------------------------------------------------------
PHY-1001 : Route runs in 12 thread(s)
RUN-1001 : There are total 1807 instances
RUN-1001 : 884 mslices, 885 lslices, 12 pads, 11 brams, 10 dsps
RUN-1001 : There are total 4335 nets
RUN-1001 : 2993 nets have 2 pins
RUN-1001 : 1032 nets have [3 - 5] pins
RUN-1001 : 152 nets have [6 - 10] pins
RUN-1001 : 105 nets have [11 - 20] pins
RUN-1001 : 48 nets have [21 - 99] pins
RUN-1001 : 5 nets have 100+ pins
RUN-1002 : start command "start_timer -report"
TMR-5001 WARNING: No sdc constraints found while initiating timer.
TMR-2505 : Start building timing graph for model TOP.
TMR-2506 : Build timing graph completely. Port num: 12, tpin num: 15346, tnet num: 4333, tinst num: 1805, tnode num: 18742, tedge num: 28108.
TMR-2508 : Levelizing timing graph completed, there are 59 levels in total.
TMR-2501 : Timing graph initialized successfully.
PHY-1001 : 884 mslices, 885 lslices, 12 pads, 11 brams, 10 dsps
TMR-2503 : Start to update net delay, extr mode = 3.
TMR-2504 : Update delay of 4333 nets completely.
TMR-2502 : Annotate delay completely, extr mode = 3.
TMR-3002 : No user constraint, initiate default constraint.
TMR-1501 : Assign derive clock DeriveClock to 1564 clock pins, and constraint 3394 relative nodes.
TMR-3003 : Constraints initiated successfully.
TMR-3501 : Forward propagation: start to calculate arrival time...
TMR-3502 : Backward propagation: start to calculate required time...
TMR-3503 : Timing propagation completes.
PHY-1001 : Start global routing, caller is route ...
RUN-1001 : Generating global routing grids ...
PHY-1001 : Generate routing nets ...
PHY-1001 : Global iterations in 12 thread ...
PHY-1002 : len = 157144, over cnt = 426(3%), over = 768, worst = 8
PHY-1002 : len = 160032, over cnt = 248(2%), over = 370, worst = 8
PHY-1002 : len = 163248, over cnt = 68(0%), over = 101, worst = 4
PHY-1002 : len = 164832, over cnt = 2(0%), over = 2, worst = 1
PHY-1002 : len = 164944, over cnt = 0(0%), over = 0, worst = 0
PHY-1001 : End global iterations;  0.483215s wall, 0.156250s user + 0.000000s system = 0.156250s CPU (32.3%)

PHY-1001 : Congestion index: top1 = 50.28, top5 = 39.99, top10 = 35.93, top15 = 33.74.
PHY-1001 : End global routing;  0.552323s wall, 0.171875s user + 0.000000s system = 0.171875s CPU (31.1%)

PHY-1001 : Start detail routing ...
PHY-1001 : Current memory(MB): used = 334, reserve = 310, peak = 343.
PHY-1001 : Detailed router is running in normal mode.
PHY-1001 : Generate detailed routing grids ...
PHY-1001 : Generate nets ...
PHY-1001 : net clk_25m_dup_1 will be routed on clock mesh
PHY-1001 : clock net pll_inst/clk0_out will be merged with clock pll_inst/clk0_buf
PHY-1001 : net u_adc_ad7928/clk will be routed on clock mesh
PHY-1001 : Current memory(MB): used = 420, reserve = 397, peak = 420.
PHY-1001 : End build detailed router design. 1.811136s wall, 0.703125s user + 0.015625s system = 0.718750s CPU (39.7%)

PHY-1001 : Detail Route ...
PHY-1001 : ===== Detail Route Phase 1 =====
PHY-1001 : Clock net routing.....
PHY-1001 : Routed 0% nets.
PHY-1022 : len = 31896, over cnt = 0(0%), over = 0, worst = 0, crit = 0
PHY-1001 : End initial clock net routed; 0.118202s wall, 0.062500s user + 0.000000s system = 0.062500s CPU (52.9%)

PHY-1001 : Current memory(MB): used = 431, reserve = 408, peak = 431.
PHY-1001 : End phase 1; 0.120063s wall, 0.062500s user + 0.000000s system = 0.062500s CPU (52.1%)

PHY-1001 : ===== Detail Route Phase 2 =====
PHY-1001 : Initial routing.....
PHY-1001 : Routed 34% nets.
PHY-1001 : Routed 42% nets.
PHY-1001 : Routed 51% nets.
PHY-1001 : Routed 63% nets.
PHY-1001 : Routed 81% nets.
PHY-1022 : len = 393752, over cnt = 124(0%), over = 124, worst = 1, crit = 0
PHY-1001 : Current memory(MB): used = 432, reserve = 409, peak = 432.
PHY-1001 : End initial routed; 2.664749s wall, 1.437500s user + 0.015625s system = 1.453125s CPU (54.5%)

PHY-1001 : Current memory(MB): used = 432, reserve = 409, peak = 432.
PHY-1001 : End phase 2; 2.664803s wall, 1.437500s user + 0.015625s system = 1.453125s CPU (54.5%)

PHY-1001 : ===== Detail Route Phase 3 =====
PHY-1001 : Ripup-reroute.....
PHY-1001 : ===== DR Iter 1 =====
PHY-1022 : len = 391192, over cnt = 33(0%), over = 33, worst = 1, crit = 0
PHY-1001 : End DR Iter 1; 0.092931s wall, 0.015625s user + 0.000000s system = 0.015625s CPU (16.8%)

PHY-1001 : ===== DR Iter 2 =====
PHY-1022 : len = 391088, over cnt = 0(0%), over = 0, worst = 0, crit = 0
PHY-1001 : End DR Iter 2; 0.054296s wall, 0.046875s user + 0.000000s system = 0.046875s CPU (86.3%)

PHY-1001 : Commit to database.....
PHY-5014 WARNING: Detail route doesn't find pib for pll_inst/pll_inst.ssc_en[0]
PHY-5014 WARNING: Detail route doesn't find pib for pll_inst/pll_inst.frac_offset_valid[0]
PHY-5014 WARNING: Detail route doesn't find pib for pll_inst/pll_inst.dsm_refclk[0]
PHY-5014 WARNING: Detail route doesn't find pib for pll_inst/pll_inst.dsm_rst[0]
PHY-1001 : 12 feed throughs used by 10 nets
PHY-1001 : End commit to database; 0.611670s wall, 0.328125s user + 0.000000s system = 0.328125s CPU (53.6%)

PHY-1001 : Current memory(MB): used = 451, reserve = 429, peak = 451.
PHY-1001 : End phase 3; 0.813214s wall, 0.406250s user + 0.000000s system = 0.406250s CPU (50.0%)

PHY-1003 : Routed, final wirelength = 391088
PHY-1001 : Current memory(MB): used = 452, reserve = 430, peak = 452.
PHY-1001 : End export database. 0.011285s wall, 0.015625s user + 0.000000s system = 0.015625s CPU (138.5%)

PHY-1001 : End detail routing;  5.541975s wall, 2.671875s user + 0.046875s system = 2.718750s CPU (49.1%)

RUN-1003 : finish command "route" in  6.701629s wall, 3.140625s user + 0.046875s system = 3.187500s CPU (47.6%)

RUN-1004 : used memory is 387 MB, reserved memory is 367 MB, peak memory is 452 MB
RUN-1002 : start command "report_area -io_info -file FOC_Controller_phy.area"
RUN-1001 : standard
***Report Model: TOP Device: SF1S60CG121I***

IO Statistics
#IO                        12
  #input                    2
  #output                   9
  #inout                    1

Utilization Statistics
#lut                     3132   out of   5824   53.78%
#reg                     1313   out of   5824   22.54%
#le                      3441
  #lut only              2128   out of   3441   61.84%
  #reg only               309   out of   3441    8.98%
  #lut&reg               1004   out of   3441   29.18%
#dsp                       10   out of     10  100.00%
#bram                      11   out of     26   42.31%
  #bram9k                  11
  #fifo9k                   0
#hard-ip                    0
  #mcu                      0   out of      1    0.00%
  #dsc                      0   out of      1    0.00%
  #dsi                      0   out of      2    0.00%
  #psram controller         0   out of      2    0.00%
#pad                       12   out of     55   21.82%
  #ireg                     1
  #oreg                    10
  #treg                     1
#pll                        1   out of      2   50.00%
#gclk                       1   out of     16    6.25%

Clock Resource Statistics
Index     ClockNet            Type               DriverType         Driver                     Fanout
#1        u_adc_ad7928/clk    GCLK               pll                pll_inst/pll_inst.clkc1    782
#2        clk_25m_dup_1       GeneralRouting     io                 clk_25m_syn_2.di           1


Detailed IO Report

    Name      Direction    Location    IOStandard    DriveStrength    PullType     PackReg   
  clk_25m       INPUT         D7        LVCMOS18          N/A          PULLUP       NONE     
  spi_miso      INPUT         K1        LVCMOS18          N/A          PULLUP       IREG     
  i2c_scl      OUTPUT        C10        LVCMOS18           8            NONE        OREG     
   pwm_a       OUTPUT         A8        LVCMOS18           8            NONE        OREG     
   pwm_b       OUTPUT         A9        LVCMOS18           8            NONE        OREG     
   pwm_c       OUTPUT         B8        LVCMOS18           8            NONE        OREG     
   pwm_en      OUTPUT         B9        LVCMOS18           8            NONE        OREG     
  spi_mosi     OUTPUT         L1        LVCMOS18           8            NONE        OREG     
  spi_sck      OUTPUT         K2        LVCMOS18           8            NONE        OREG     
   spi_ss      OUTPUT         L2        LVCMOS18           8            NONE        OREG     
  uart_tx      OUTPUT         A4        LVCMOS18           8            NONE        OREG     
  i2c_sda       INOUT        C11        LVCMOS18           8           PULLUP     OREG;TREG  

Report Hierarchy Area:
+----------------------------------------------------------------------------------------------+
|Instance              |Module            |le     |lut     |ripple  |seq     |bram    |dsp     |
+----------------------------------------------------------------------------------------------+
|top                   |TOP               |3441   |2206    |926     |1325    |11      |10      |
|  pll_inst            |pll               |0      |0       |0       |0       |0       |0       |
|  u_adc_ad7928        |adc_ad7928        |131    |76      |28      |76      |0       |0       |
|  u_as5600_read       |i2c_register_read |279    |170     |87      |81      |0       |0       |
|  u_foc_top           |foc_top           |2817   |1790    |793     |1010    |11      |10      |
|    u_adc_sn_ctrl     |hold_detect       |20     |16      |4       |10      |0       |0       |
|    u_cartesian2polar |cartesian2polar   |604    |491     |98      |204     |8       |0       |
|    u_clark_tr        |clark_tr          |148    |60      |42      |88      |0       |0       |
|    u_id_pi           |pi_controller     |565    |319     |207     |157     |0       |3       |
|    u_iq_pi           |pi_controller     |697    |391     |274     |194     |0       |3       |
|    u_park_tr         |park_tr           |192    |131     |44      |88      |2       |4       |
|      u_sincos        |sincos            |133    |107     |26      |64      |2       |0       |
|    u_svpwm           |svpwm             |451    |319     |95      |179     |1       |0       |
|  u_uart_monitor      |uart_monitor      |173    |159     |11      |117     |0       |0       |
+----------------------------------------------------------------------------------------------+


DataNet Average Fanout:

   Index     Fanout     Nets  
    #1          1       2979  
    #2          2       546   
    #3          3       421   
    #4          4        65   
    #5        5-10      168   
    #6        11-50     133   
    #7       51-100      4    
    #8       101-500     2    
  Average     2.37            

RUN-1002 : start command "export_db FOC_Controller_pr.db"
RUN-1001 : Exported /
RUN-1001 : Exported flow parameters
RUN-1001 : Exported libs
RUN-1001 : Exported entities
RUN-1001 : Exported ports
RUN-1001 : Exported pins
RUN-1001 : Exported instances
RUN-1001 : Exported nets
RUN-1001 : Exported buses
RUN-1001 : Exported models
RUN-1001 : Exported congestions
RUN-1001 : Exported violations
RUN-1001 : Exported IO constraints
RUN-1001 : Exported Inst constraints
RUN-1003 : finish command "export_db FOC_Controller_pr.db" in  1.113382s wall, 1.031250s user + 0.015625s system = 1.046875s CPU (94.0%)

RUN-1004 : used memory is 391 MB, reserved memory is 372 MB, peak memory is 465 MB
RUN-1002 : start command "export_bid FOC_Controller_inst.bid"
PRG-1000 : <!-- HMAC is: 7094e746a9b3a9fc3b4ed42cf74d118601410328f2312c834dddc4b70e308358 -->
RUN-1002 : start command "bitgen -bit FOC_Controller.bit"
BIT-1003 : Start to generate bitstream. 
BIT-1002 : Init instances with 12 threads.
BIT-1002 : Init instances completely, inst num: 1805
BIT-1002 : Init pips with 12 threads.
BIT-1002 : Init pips completely, net num: 4335, pip num: 34006
BIT-1002 : Init feedthrough with 12 threads.
BIT-1002 : Init feedthrough completely, num: 12
BIT-1003 : Multithreading accelaration with 12 threads.
BIT-1003 : Generate bitstream completely, there are 1060 valid insts, and 106554 bits set as '1'.
BIT-1004 : the usercode register value: 00000000010110010000000000000000
BIT-1004 : Generate bits file FOC_Controller.bit.
RUN-1003 : finish command "bitgen -bit FOC_Controller.bit" in  3.036551s wall, 22.390625s user + 0.046875s system = 22.437500s CPU (738.9%)

RUN-1004 : used memory is 408 MB, reserved memory is 388 MB, peak memory is 573 MB
RUN-1002 : start command "backup_run_log run.log ../.logs/phy_1/td_20231105_220110.log"
