============================================================
   Tang Dynasty, V5.6.71036
      Copyright (c) 2012-2023 Anlogic Inc.
   Executable = D:/Anlogic/TD5.6.2/bin/td.exe
   Built at =   20:34:38 Mar 21 2023
   Run by =     15597
   Run Date =   Wed Nov  8 14:29:29 2023

   Run on =     XR097-DELL-G7
============================================================
RUN-1002 : start command "open_project FOC_Controller.prj"
RUN-1001 : Print Global Property
RUN-1001 : ---------------------------------------------------------------
RUN-1001 :        Parameters        |  Settings  |  Default Values  |  Note  
RUN-1001 : ---------------------------------------------------------------
RUN-1001 :          message         |  standard  |     standard     |        
RUN-1001 :   mixed_pack_place_flow  |     on     |        on        |        
RUN-1001 :        qor_monitor       |    off     |       off        |        
RUN-1001 :        syn_ip_flow       |    off     |       off        |        
RUN-1001 :          thread          |    auto    |       auto       |        
RUN-1001 : ---------------------------------------------------------------
RUN-1001 : Print Design Property
RUN-1001 : --------------------------------------------------------------
RUN-1001 :        Parameters       |  Settings  |  Default Values  |  Note  
RUN-1001 : --------------------------------------------------------------
RUN-1001 :   default_reg_initial   |    auto    |       auto       |        
RUN-1001 :        infer_add        |     on     |        on        |        
RUN-1001 :        infer_fsm        |    off     |       off        |        
RUN-1001 :        infer_mult       |     on     |        on        |        
RUN-1001 :        infer_ram        |     on     |        on        |        
RUN-1001 :        infer_reg        |     on     |        on        |        
RUN-1001 :   infer_reg_init_value  |     on     |        on        |        
RUN-1001 :        infer_rom        |     on     |        on        |        
RUN-1001 :      infer_shifter      |     on     |        on        |        
RUN-1001 : --------------------------------------------------------------
RUN-1001 : Print Rtl Property
RUN-1001 : --------------------------------------------------------------
RUN-1001 :        Parameters       |  Settings  |  Default Values  |  Note  
RUN-1001 : --------------------------------------------------------------
RUN-1001 :       compress_add      |   ripple   |      ripple      |        
RUN-1001 :        elf_sload        |    off     |       off        |        
RUN-1001 :       fix_undriven      |     0      |        0         |        
RUN-1001 :         flatten         |    off     |       off        |        
RUN-1001 :       gate_sharing      |     on     |        on        |        
RUN-1001 :    hdl_warning_level    |   normal   |      normal      |        
RUN-1001 :   impl_internal_tribuf  |     on     |        on        |        
RUN-1001 :      impl_set_reset     |     on     |        on        |        
RUN-1001 :        infer_gsr        |    off     |       off        |        
RUN-1001 :      keep_hierarchy     |    auto    |       auto       |        
RUN-1001 :        max_fanout       |    9999    |       9999       |        
RUN-1001 :      max_oh2bin_len     |     10     |        10        |        
RUN-1001 :       merge_equal       |     on     |        on        |        
RUN-1001 :       merge_equiv       |     on     |        on        |        
RUN-1001 :        merge_mux        |    off     |       off        |        
RUN-1001 :     min_control_set     |     8      |        8         |        
RUN-1001 :      min_ripple_len     |    auto    |       auto       |        
RUN-1001 :       oh2bin_ratio      |    0.08    |       0.08       |        
RUN-1001 :     opt_adder_fanout    |     on     |        on        |        
RUN-1001 :        opt_arith        |     on     |        on        |        
RUN-1001 :       opt_big_gate      |    off     |       off        |        
RUN-1001 :        opt_const        |     on     |        on        |        
RUN-1001 :      opt_const_mult     |     on     |        on        |        
RUN-1001 :       opt_lessthan      |     on     |        on        |        
RUN-1001 :         opt_mux         |    off     |       off        |        
RUN-1001 :         opt_ram         |    high    |       high       |        
RUN-1001 :      rtl_sim_model      |    off     |       off        |        
RUN-1001 :         seq_syn         |     on     |        on        |        
RUN-1001 : --------------------------------------------------------------
HDL-1007 : analyze verilog file ../../al_ip/pll.v
HDL-1007 : undeclared symbol 'open', assumed default net type 'wire' in ../../al_ip/pll.v(88)
HDL-1007 : analyze verilog file ../../RTL/adc_ad7928.v
HDL-1007 : analyze verilog file ../../RTL/foc/cartesian2polar.v
HDL-1007 : analyze verilog file ../../RTL/foc/clark_tr.v
HDL-1007 : analyze verilog file ../../RTL/foc/foc_top.v
HDL-1007 : analyze verilog file ../../RTL/foc/hold_detect.v
HDL-1007 : analyze verilog file ../../RTL/foc/park_tr.v
HDL-1007 : analyze verilog file ../../RTL/foc/pi_controller.v
HDL-1007 : analyze verilog file ../../RTL/foc/sincos.v
HDL-1007 : analyze verilog file ../../RTL/foc/svpwm.v
HDL-1007 : analyze verilog file ../../RTL/fpga_top.v
HDL-1007 : analyze verilog file ../../RTL/i2c_register_read.v
HDL-1007 : analyze verilog file ../../RTL/uart_monitor.v
HDL-1007 : analyze verilog file ../../hall_sensor.v
HDL-1007 : analyze verilog file ../../TOP_test.v
HDL-1007 : analyze verilog file ../../AS5600_sensor.v
RUN-1001 : Project manager successfully analyzed 16 source files.
RUN-1002 : start command "import_device sf1_6.db -package SF1S60CG121I"
ARC-1001 : Device Initialization.
ARC-1001 : -------------------------------------------------
ARC-1001 :       OPTION       |      IO       |   SETTING   
ARC-1001 : -------------------------------------------------
ARC-1001 :        done        |      B4       |    gpio    
ARC-1001 :        initn       |      A5       |    gpio    
ARC-1001 :       jtagen       |      B7       |    gpio    
ARC-1001 :      programn      |      B5       |  dedicate  
ARC-1001 :   tdi/tms/tck/tdo  |  C4/A6/A7/C5  |  dedicate  
ARC-1001 : -------------------------------------------------
ARC-1004 : Device setting, marked 5 dedicate IOs in total.
RUN-1002 : start command "import_db ../syn_1/FOC_Controller_gate.db"
RUN-1001 : Importing database generated by Tang Dynasty, V5.6.71036.
RUN-1001 : Database version number 46146.
RUN-1001 : Import flow parameters
RUN-1001 : Import IO constraints
RUN-1001 : Import Inst constraints
RUN-1001 : Import design success TD_VERSION=5.6.71036 , DB_VERSION=46146
RUN-1003 : finish command "import_db ../syn_1/FOC_Controller_gate.db" in  1.136353s wall, 0.406250s user + 0.000000s system = 0.406250s CPU (35.8%)

RUN-1004 : used memory is 229 MB, reserved memory is 203 MB, peak memory is 232 MB
RUN-1002 : start command "place"
RUN-1001 : Open license file D:/Anlogic/TD5.6.2/license/Anlogic.lic
RUN-1001 : Print Global Property
RUN-1001 : ---------------------------------------------------------------
RUN-1001 :        Parameters        |  Settings  |  Default Values  |  Note  
RUN-1001 : ---------------------------------------------------------------
RUN-1001 :          message         |  standard  |     standard     |        
RUN-1001 :   mixed_pack_place_flow  |     on     |        on        |        
RUN-1001 :        qor_monitor       |    off     |       off        |        
RUN-1001 :        syn_ip_flow       |    off     |       off        |        
RUN-1001 :          thread          |    auto    |       auto       |        
RUN-1001 : ---------------------------------------------------------------
RUN-1001 : Print Place Property
RUN-1001 : --------------------------------------------------------------
RUN-1001 :        Parameters       |  Settings  |  Default Values  |  Note  
RUN-1001 : --------------------------------------------------------------
RUN-1001 :      detailed_place     |     on     |        on        |        
RUN-1001 :          effort         |   medium   |      medium      |        
RUN-1001 :         fix_hold        |    off     |       off        |        
RUN-1001 :       legalization      |    ori     |       ori        |        
RUN-1001 :      new_spreading      |     on     |        on        |        
RUN-1001 :        opt_timing       |   medium   |      medium      |        
RUN-1001 :   post_clock_route_opt  |    off     |       off        |        
RUN-1001 :       pr_strategy       |     1      |        1         |        
RUN-1001 :        relaxation       |    1.00    |       1.00       |        
RUN-1001 :         retiming        |    off     |       off        |        
RUN-1001 : --------------------------------------------------------------
PHY-3001 : Placer runs in 12 thread(s).
RUN-1002 : start command "legalize_phy_inst"
SYN-1011 : Flatten model TOP_test
RUN-1002 : start command "phys_opt -simplify_lut"
SYN-4016 : Net u_pll/clk0_out driven by BUFG (0 clock/control pins, 1 other pins).
SYN-4027 : Net u_foc_controller/u_adc_ad7928/clk is clkc1 of pll u_pll/pll_inst.
SYN-4019 : Net I_clk_25m_dup_1 is refclk of pll u_pll/pll_inst.
SYN-4020 : Net I_clk_25m_dup_1 is fbclk of pll u_pll/pll_inst.
SYN-4024 : Net "u_foc_controller/u_foc_top/init_done" drives clk pins.
SYN-4025 : Tag rtl::Net I_clk_25m_dup_1 as clock net
SYN-4025 : Tag rtl::Net u_foc_controller/u_adc_ad7928/clk as clock net
SYN-4025 : Tag rtl::Net u_foc_controller/u_foc_top/init_done as clock net
SYN-4025 : Tag rtl::Net u_pll/clk0_out as clock net
SYN-4026 : Tagged 4 rtl::Net as clock net
SYN-4015 : Create BUFG instance for clk Net u_foc_controller/u_foc_top/init_done to drive 12 clock pins.
PHY-1001 : Populate physical database on model TOP_test.
RUN-1001 : There are total 3615 instances
RUN-0007 : 1306 luts, 1309 seqs, 617 mslices, 338 lslices, 18 pads, 11 brams, 10 dsps
RUN-1001 : There are total 5051 nets
RUN-1001 : 3608 nets have 2 pins
RUN-1001 : 1118 nets have [3 - 5] pins
RUN-1001 : 151 nets have [6 - 10] pins
RUN-1001 : 115 nets have [11 - 20] pins
RUN-1001 : 52 nets have [21 - 99] pins
RUN-1001 : 7 nets have 100+ pins
RUN-1001 : Report Control nets information:
RUN-1001 : DFF Distribution
RUN-1001 : ----------------------------------
RUN-1001 :   CE   |  SSR  |  ASR  |  DFF Count  
RUN-1001 : ----------------------------------
RUN-1001 :   No   |  No   |  No   |     40      
RUN-1001 :   No   |  No   |  Yes  |     434     
RUN-1001 :   No   |  Yes  |  No   |      9      
RUN-1001 :   Yes  |  No   |  No   |      0      
RUN-1001 :   Yes  |  No   |  Yes  |     826     
RUN-1001 :   Yes  |  Yes  |  No   |      0      
RUN-1001 : ----------------------------------
RUN-0007 : Control Group Statistic
RUN-0007 : ---------------------------
RUN-0007 :   #CLK  |  #CE  |  #SSR/ASR  
RUN-0007 : ---------------------------
RUN-0007 :    2    |  30   |     4      
RUN-0007 : ---------------------------
RUN-0007 : Control Set = 34
PHY-3001 : Initial placement ...
PHY-3001 : design contains 3613 instances, 1306 luts, 1309 seqs, 955 slices, 127 macros(955 instances: 617 mslices 338 lslices)
PHY-0007 : Cell area utilization is 55%
PHY-3001 : Global placement ...
PHY-3001 : Initial: Len = 639262
PHY-3001 : Run with size of 3
PHY-3001 : Cell area utilization is 55%
PHY-3001 : :::0::: Try harder cell spreading with beta_ = 0
PHY-3002 : Step(1): len = 425377, overlap = 73.7812
PHY-3002 : Step(2): len = 399084, overlap = 100.75
PHY-3002 : Step(3): len = 250015, overlap = 113.406
PHY-3002 : Step(4): len = 229753, overlap = 113.531
PHY-3002 : Step(5): len = 202222, overlap = 119.25
PHY-3002 : Step(6): len = 179533, overlap = 133.844
PHY-3002 : Step(7): len = 164865, overlap = 136.812
PHY-3002 : Step(8): len = 149147, overlap = 145.719
PHY-3002 : Step(9): len = 128582, overlap = 151.625
PHY-3002 : Step(10): len = 118236, overlap = 157.094
PHY-3002 : Step(11): len = 111602, overlap = 166.281
PHY-3002 : Step(12): len = 105141, overlap = 166.031
PHY-3002 : Step(13): len = 96461.2, overlap = 182.125
PHY-3002 : Step(14): len = 93451.8, overlap = 196.906
PHY-3002 : Step(15): len = 87212.9, overlap = 212.188
PHY-3002 : Step(16): len = 84757.5, overlap = 212.25
PHY-3002 : Step(17): len = 82277, overlap = 212.188
PHY-3001 : :::1::: Try harder cell spreading with beta_ = 8.79743e-06
PHY-3002 : Step(18): len = 87971.4, overlap = 191.219
PHY-3002 : Step(19): len = 87977.9, overlap = 191.062
PHY-3002 : Step(20): len = 86527, overlap = 172.562
PHY-3002 : Step(21): len = 87345.7, overlap = 169.594
PHY-3002 : Step(22): len = 86935.2, overlap = 175.844
PHY-3002 : Step(23): len = 88611.7, overlap = 165.125
PHY-3002 : Step(24): len = 89299.2, overlap = 155.625
PHY-3002 : Step(25): len = 90693, overlap = 149.469
PHY-3002 : Step(26): len = 88943.2, overlap = 160.062
PHY-3002 : Step(27): len = 89270.3, overlap = 153.781
PHY-3002 : Step(28): len = 90000.2, overlap = 147.969
PHY-3002 : Step(29): len = 89629.7, overlap = 128.219
PHY-3002 : Step(30): len = 88428.8, overlap = 123.594
PHY-3002 : Step(31): len = 89205, overlap = 121.719
PHY-3002 : Step(32): len = 87507, overlap = 121.312
PHY-3002 : Step(33): len = 86728.1, overlap = 122.281
PHY-3002 : Step(34): len = 85027.6, overlap = 115.312
PHY-3002 : Step(35): len = 83821.8, overlap = 107.594
PHY-3002 : Step(36): len = 83665.3, overlap = 106.375
PHY-3002 : Step(37): len = 83500.1, overlap = 100.375
PHY-3002 : Step(38): len = 81990.7, overlap = 95.9062
PHY-3002 : Step(39): len = 81617.5, overlap = 99.0938
PHY-3002 : Step(40): len = 80611.5, overlap = 104.906
PHY-3002 : Step(41): len = 79275.4, overlap = 106.594
PHY-3002 : Step(42): len = 78656.2, overlap = 115.062
PHY-3002 : Step(43): len = 77910, overlap = 117.344
PHY-3002 : Step(44): len = 77948.1, overlap = 118.094
PHY-3002 : Step(45): len = 77457.4, overlap = 115.375
PHY-3002 : Step(46): len = 77315.8, overlap = 114.75
PHY-3002 : Step(47): len = 76185, overlap = 123.344
PHY-3002 : Step(48): len = 75914.5, overlap = 124.594
PHY-3002 : Step(49): len = 75008.9, overlap = 113.219
PHY-3002 : Step(50): len = 74513.9, overlap = 108.156
PHY-3002 : Step(51): len = 74454.4, overlap = 106.062
PHY-3001 : :::2::: Try harder cell spreading with beta_ = 1.75949e-05
PHY-3002 : Step(52): len = 75685.9, overlap = 103.375
PHY-3002 : Step(53): len = 76073.6, overlap = 103.531
PHY-3002 : Step(54): len = 76680.3, overlap = 107.219
PHY-3001 : :::3::: Try harder cell spreading with beta_ = 3.51897e-05
PHY-3002 : Step(55): len = 78425.2, overlap = 104.5
PHY-3002 : Step(56): len = 78471.5, overlap = 104.344
PHY-3002 : Step(57): len = 79289.7, overlap = 103.062
PHY-3002 : Step(58): len = 79333.9, overlap = 103.656
PHY-3002 : Step(59): len = 78708.6, overlap = 103.75
PHY-3002 : Step(60): len = 78732.5, overlap = 101.844
PHY-3002 : Step(61): len = 79926.8, overlap = 98.8125
PHY-3002 : Step(62): len = 80402.7, overlap = 98.4688
PHY-3002 : Step(63): len = 80772.3, overlap = 97.4375
PHY-3001 : Legalization ...
PHY-3001 : End legalization;  0.015973s wall, 0.000000s user + 0.000000s system = 0.000000s CPU (n/a%)

PHY-3001 : Run with size of 3
PHY-3001 : Cell area utilization is 62%
PHY-3001 : Analyzing congestion ...
RUN-1001 : Generating global routing grids ...
RUN-1001 : Building simple global routing graph ...
PHY-1001 : Generate routing nets ...
PHY-1001 : Reuse net number 0/5051.
PHY-1001 : Global iterations in 12 thread ...
PHY-1002 : len = 118424, over cnt = 600(5%), over = 3517, worst = 36
PHY-1001 : End global iterations;  0.239201s wall, 0.109375s user + 0.000000s system = 0.109375s CPU (45.7%)

PHY-1001 : Congestion index: top1 = 114.93, top5 = 73.12, top10 = 58.35, top15 = 50.23.
PHY-3001 : End congestion estimation;  0.298557s wall, 0.125000s user + 0.000000s system = 0.125000s CPU (41.9%)

PHY-3001 : Update density targets...
PHY-3001 : Update congestion history...
PHY-3001 : :::0::: Try harder cell spreading with beta_ = 2.21839e-06
PHY-3002 : Step(64): len = 101216, overlap = 114.344
PHY-3002 : Step(65): len = 101135, overlap = 123.25
PHY-3002 : Step(66): len = 96129.5, overlap = 131.281
PHY-3002 : Step(67): len = 96404.6, overlap = 144.125
PHY-3002 : Step(68): len = 94979.1, overlap = 178.812
PHY-3002 : Step(69): len = 91134.3, overlap = 185.906
PHY-3002 : Step(70): len = 87466, overlap = 197.219
PHY-3002 : Step(71): len = 84799.4, overlap = 195.781
PHY-3002 : Step(72): len = 83979.6, overlap = 205.625
PHY-3002 : Step(73): len = 83498.8, overlap = 209.875
PHY-3002 : Step(74): len = 82753.4, overlap = 208.562
PHY-3002 : Step(75): len = 81986.3, overlap = 208.938
PHY-3002 : Step(76): len = 81448.6, overlap = 205.812
PHY-3002 : Step(77): len = 79949.8, overlap = 203.156
PHY-3002 : Step(78): len = 79936.2, overlap = 205.75
PHY-3002 : Step(79): len = 80004.1, overlap = 206.031
PHY-3001 : :::1::: Try harder cell spreading with beta_ = 4.43679e-06
PHY-3002 : Step(80): len = 82378.6, overlap = 198.219
PHY-3002 : Step(81): len = 83358.4, overlap = 193.688
PHY-3002 : Step(82): len = 85239.5, overlap = 192
PHY-3001 : :::2::: Try harder cell spreading with beta_ = 8.87358e-06
PHY-3002 : Step(83): len = 88746.2, overlap = 171.25
PHY-3002 : Step(84): len = 90359.3, overlap = 168.156
PHY-3002 : Step(85): len = 92295.3, overlap = 159.688
PHY-3002 : Step(86): len = 93666.4, overlap = 142.562
PHY-3002 : Step(87): len = 93621.1, overlap = 138.125
PHY-3002 : Step(88): len = 93428.1, overlap = 127.25
PHY-3002 : Step(89): len = 93661.7, overlap = 123.25
PHY-3001 : :::3::: Try harder cell spreading with beta_ = 1.77472e-05
PHY-3002 : Step(90): len = 95778.5, overlap = 121.656
PHY-3002 : Step(91): len = 96094.1, overlap = 121.812
PHY-3002 : Step(92): len = 99925.1, overlap = 116
PHY-3002 : Step(93): len = 101410, overlap = 112.875
PHY-3002 : Step(94): len = 102409, overlap = 110.75
PHY-3002 : Step(95): len = 103091, overlap = 108.844
PHY-3002 : Step(96): len = 102203, overlap = 106.094
PHY-3001 : :::4::: Try harder cell spreading with beta_ = 3.54943e-05
PHY-3002 : Step(97): len = 104789, overlap = 92.9688
PHY-3002 : Step(98): len = 104789, overlap = 92.9688
PHY-3002 : Step(99): len = 104554, overlap = 81.9688
PHY-3001 : :::5::: Try harder cell spreading with beta_ = 6.7237e-05
PHY-3002 : Step(100): len = 113070, overlap = 72.0938
PHY-3002 : Step(101): len = 116267, overlap = 68.3125
PHY-3002 : Step(102): len = 120307, overlap = 61.4375
PHY-3002 : Step(103): len = 120989, overlap = 51.4688
PHY-3002 : Step(104): len = 118826, overlap = 38.6562
PHY-3002 : Step(105): len = 117124, overlap = 39.8438
PHY-3002 : Step(106): len = 115823, overlap = 34.6875
PHY-3002 : Step(107): len = 115336, overlap = 28.625
PHY-3002 : Step(108): len = 115734, overlap = 30.625
PHY-3002 : Step(109): len = 115598, overlap = 31.2188
PHY-3002 : Step(110): len = 114398, overlap = 26.0312
PHY-3002 : Step(111): len = 113681, overlap = 23.5938
PHY-3002 : Step(112): len = 113138, overlap = 23.9375
PHY-3001 : :::6::: Try harder cell spreading with beta_ = 0.000134474
PHY-3002 : Step(113): len = 115049, overlap = 21.4375
PHY-3002 : Step(114): len = 115489, overlap = 20.9688
PHY-3002 : Step(115): len = 116079, overlap = 23.375
PHY-3002 : Step(116): len = 116275, overlap = 22.9062
PHY-3002 : Step(117): len = 117316, overlap = 23.125
PHY-3001 : :::7::: Try harder cell spreading with beta_ = 0.000268948
PHY-3002 : Step(118): len = 118511, overlap = 22.4062
PHY-3002 : Step(119): len = 119901, overlap = 21.4375
PHY-3002 : Step(120): len = 122108, overlap = 20.7188
PHY-3001 : Run with size of 1
PHY-3001 : Cell area utilization is 62%
PHY-3001 : Analyzing congestion ...
RUN-1001 : Generating global routing grids ...
PHY-1001 : Generate routing nets ...
PHY-1001 : Reuse net number 8/5051.
PHY-1001 : Global iterations in 12 thread ...
PHY-1002 : len = 134568, over cnt = 623(5%), over = 3101, worst = 24
PHY-1001 : End global iterations;  0.280534s wall, 0.078125s user + 0.000000s system = 0.078125s CPU (27.8%)

PHY-1001 : Congestion index: top1 = 76.81, top5 = 55.38, top10 = 47.27, top15 = 42.58.
PHY-3001 : End congestion estimation;  0.338811s wall, 0.109375s user + 0.000000s system = 0.109375s CPU (32.3%)

PHY-3001 : Update density targets...
PHY-3001 : Update congestion history...
PHY-3001 : :::0::: Try harder cell spreading with beta_ = 4.64042e-05
PHY-3002 : Step(121): len = 120231, overlap = 177.969
PHY-3002 : Step(122): len = 121022, overlap = 161.25
PHY-3002 : Step(123): len = 118737, overlap = 157.25
PHY-3002 : Step(124): len = 117140, overlap = 158.188
PHY-3002 : Step(125): len = 115735, overlap = 153.562
PHY-3002 : Step(126): len = 114997, overlap = 152.5
PHY-3002 : Step(127): len = 112930, overlap = 150.531
PHY-3002 : Step(128): len = 112028, overlap = 163.469
PHY-3002 : Step(129): len = 110128, overlap = 151
PHY-3002 : Step(130): len = 108264, overlap = 155.25
PHY-3002 : Step(131): len = 106640, overlap = 167.281
PHY-3002 : Step(132): len = 105805, overlap = 161.469
PHY-3002 : Step(133): len = 105421, overlap = 168.844
PHY-3002 : Step(134): len = 105396, overlap = 166.188
PHY-3002 : Step(135): len = 105290, overlap = 163.656
PHY-3001 : :::1::: Try harder cell spreading with beta_ = 9.28084e-05
PHY-3002 : Step(136): len = 107162, overlap = 159.031
PHY-3002 : Step(137): len = 107425, overlap = 158.125
PHY-3002 : Step(138): len = 107839, overlap = 156.188
PHY-3002 : Step(139): len = 107931, overlap = 157.312
PHY-3002 : Step(140): len = 108623, overlap = 152.406
PHY-3001 : :::2::: Try harder cell spreading with beta_ = 0.000172537
PHY-3002 : Step(141): len = 110143, overlap = 152.562
PHY-3002 : Step(142): len = 110808, overlap = 148.719
PHY-3002 : Step(143): len = 113211, overlap = 150.688
PHY-3002 : Step(144): len = 114796, overlap = 137.719
PHY-3002 : Step(145): len = 115886, overlap = 123.375
PHY-3001 : :::3::: Try harder cell spreading with beta_ = 0.000345074
PHY-3002 : Step(146): len = 116584, overlap = 121.625
PHY-3002 : Step(147): len = 117114, overlap = 118.188
PHY-3002 : Step(148): len = 118470, overlap = 116.719
PHY-3001 : :::4::: Try harder cell spreading with beta_ = 0.000558329
PHY-3002 : Step(149): len = 118710, overlap = 117.5
PHY-3002 : Step(150): len = 119077, overlap = 117.156
PHY-3002 : Step(151): len = 120145, overlap = 118.188
PHY-3002 : Step(152): len = 122358, overlap = 109.969
PHY-3002 : Step(153): len = 123733, overlap = 108.75
PHY-3002 : Step(154): len = 123860, overlap = 119.219
PHY-3002 : Step(155): len = 123818, overlap = 118.25
PHY-3002 : Step(156): len = 123858, overlap = 116.531
PHY-3001 : :::5::: Try harder cell spreading with beta_ = 0.000925534
PHY-3002 : Step(157): len = 124373, overlap = 115.469
PHY-3002 : Step(158): len = 124874, overlap = 114.469
PHY-3002 : Step(159): len = 126120, overlap = 114.812
PHY-3001 : :::6::: Try harder cell spreading with beta_ = 0.00149751
PHY-3002 : Step(160): len = 126210, overlap = 113.406
PHY-3002 : Step(161): len = 126501, overlap = 115.719
PHY-3002 : Step(162): len = 128255, overlap = 106.875
PHY-3002 : Step(163): len = 130785, overlap = 103.75
PHY-3002 : Step(164): len = 131256, overlap = 98
PHY-3002 : Step(165): len = 131330, overlap = 96.2812
PHY-3002 : Step(166): len = 131271, overlap = 93.3438
PHY-3002 : Step(167): len = 131315, overlap = 94.0938
PHY-3002 : Step(168): len = 131387, overlap = 90.8438
PHY-3002 : Step(169): len = 131502, overlap = 89.8438
PHY-3002 : Step(170): len = 131914, overlap = 86.75
OPT-1001 : Start physical optimization ...
OPT-1001 : Total overflow 86.75 peak overflow 1.81
OPT-1001 : Start high-fanout net optimization ...
OPT-1001 : Update timing in global mode
PHY-1001 : Start incremental global routing, caller is place ...
RUN-1001 : Generating global routing grids ...
PHY-1001 : Generate routing nets ...
PHY-1001 : Reuse net number 344/5051.
PHY-1001 : Global iterations in 12 thread ...
PHY-1002 : len = 150864, over cnt = 744(6%), over = 2747, worst = 24
PHY-1001 : End global iterations;  0.313695s wall, 0.109375s user + 0.000000s system = 0.109375s CPU (34.9%)

PHY-1001 : Congestion index: top1 = 67.71, top5 = 53.56, top10 = 46.51, top15 = 42.36.
PHY-1001 : End incremental global routing;  0.366970s wall, 0.109375s user + 0.000000s system = 0.109375s CPU (29.8%)

RUN-1002 : start command "start_timer -report"
TMR-5001 WARNING: No sdc constraints found while initiating timer.
TMR-2505 : Start building timing graph for model TOP_test.
TMR-2506 : Build timing graph completely. Port num: 18, tpin num: 18401, tnet num: 5049, tinst num: 3613, tnode num: 23282, tedge num: 32108.
TMR-2508 : Levelizing timing graph completed, there are 61 levels in total.
TMR-2501 : Timing graph initialized successfully.
OPT-1001 : End timing update;  0.450587s wall, 0.187500s user + 0.000000s system = 0.187500s CPU (41.6%)

OPT-1001 : 0 high-fanout net processed.
OPT-1001 : End high-fanout net optimization;  0.895831s wall, 0.312500s user + 0.000000s system = 0.312500s CPU (34.9%)

OPT-1001 : Current memory(MB): used = 301, reserve = 275, peak = 301.
OPT-1001 : End physical optimization;  0.936450s wall, 0.312500s user + 0.000000s system = 0.312500s CPU (33.4%)

PHY-3001 : Start packing ...
SYN-4007 : Packing 0 MUX to BLE ...
SYN-4008 : Packed 0 MUX and 0 SEQ to BLE.
SYN-4007 : Packing 1306 LUT to BLE ...
SYN-4008 : Packed 1306 LUT and 711 SEQ to BLE.
SYN-4003 : Packing 598 remaining SEQ's ...
SYN-4005 : Packed 290 SEQ with LUT/SLICE
SYN-4006 : 421 single LUT's are left
SYN-4006 : 308 single SEQ's are left
SYN-4011 : Packing model "TOP_test" (AL_USER_NORMAL) with 1614/2614 primitive instances ...
PHY-3001 : End packing;  0.152536s wall, 0.125000s user + 0.000000s system = 0.125000s CPU (81.9%)

PHY-1001 : Populate physical database on model TOP_test.
RUN-1001 : There are total 1856 instances
RUN-1001 : 905 mslices, 906 lslices, 18 pads, 11 brams, 10 dsps
RUN-1001 : There are total 4413 nets
RUN-1001 : 3037 nets have 2 pins
RUN-1001 : 1049 nets have [3 - 5] pins
RUN-1001 : 164 nets have [6 - 10] pins
RUN-1001 : 110 nets have [11 - 20] pins
RUN-1001 : 48 nets have [21 - 99] pins
RUN-1001 : 5 nets have 100+ pins
PHY-3001 : design contains 1854 instances, 1811 slices, 127 macros(955 instances: 617 mslices 338 lslices)
PHY-3001 : Cell area utilization is 68%
PHY-3001 : After packing: Len = 131498, Over = 136.5
PHY-3001 : Run with size of 1
PHY-3001 : Cell area utilization is 68%
PHY-3001 : Analyzing congestion ...
RUN-1001 : Generating global routing grids ...
PHY-1001 : Generate routing nets ...
PHY-1001 : Reuse net number 2607/4413.
PHY-1001 : Global iterations in 12 thread ...
PHY-1002 : len = 152320, over cnt = 573(5%), over = 1699, worst = 24
PHY-1002 : len = 159280, over cnt = 302(2%), over = 705, worst = 19
PHY-1002 : len = 165688, over cnt = 68(0%), over = 104, worst = 8
PHY-1002 : len = 167184, over cnt = 4(0%), over = 4, worst = 1
PHY-1002 : len = 167504, over cnt = 0(0%), over = 0, worst = 0
PHY-1001 : End global iterations;  0.450249s wall, 0.140625s user + 0.000000s system = 0.140625s CPU (31.2%)

PHY-1001 : Congestion index: top1 = 54.72, top5 = 46.29, top10 = 41.23, top15 = 38.26.
PHY-3001 : End congestion estimation;  0.515746s wall, 0.156250s user + 0.000000s system = 0.156250s CPU (30.3%)

PHY-3001 : Update density targets...
PHY-3001 : Update congestion history...
PHY-3001 : :::0::: Try harder cell spreading with beta_ = 2.79436e-05
PHY-3002 : Step(171): len = 117366, overlap = 132.5
PHY-3002 : Step(172): len = 115340, overlap = 149.5
PHY-3002 : Step(173): len = 113703, overlap = 160.75
PHY-3002 : Step(174): len = 112118, overlap = 149
PHY-3002 : Step(175): len = 111178, overlap = 150
PHY-3002 : Step(176): len = 110331, overlap = 149.5
PHY-3002 : Step(177): len = 108963, overlap = 152.5
PHY-3002 : Step(178): len = 108872, overlap = 157.5
PHY-3002 : Step(179): len = 108865, overlap = 151.75
PHY-3001 : :::1::: Try harder cell spreading with beta_ = 5.58873e-05
PHY-3002 : Step(180): len = 112131, overlap = 144
PHY-3002 : Step(181): len = 113332, overlap = 142.25
PHY-3002 : Step(182): len = 114653, overlap = 135
PHY-3001 : :::2::: Try harder cell spreading with beta_ = 0.000111775
PHY-3002 : Step(183): len = 117239, overlap = 124.25
PHY-3002 : Step(184): len = 119107, overlap = 116.5
PHY-3002 : Step(185): len = 121934, overlap = 113.5
PHY-3002 : Step(186): len = 123625, overlap = 115
PHY-3002 : Step(187): len = 124407, overlap = 111.75
PHY-3002 : Step(188): len = 124135, overlap = 107.75
PHY-3002 : Step(189): len = 123542, overlap = 108
PHY-3002 : Step(190): len = 123189, overlap = 108.25
PHY-3001 : :::3::: Try harder cell spreading with beta_ = 0.000202508
PHY-3002 : Step(191): len = 124823, overlap = 106.5
PHY-3002 : Step(192): len = 126592, overlap = 103
PHY-3002 : Step(193): len = 128026, overlap = 99.25
PHY-3001 : :::4::: Try harder cell spreading with beta_ = 0.000405017
PHY-3002 : Step(194): len = 129065, overlap = 98.75
PHY-3002 : Step(195): len = 130804, overlap = 97.25
PHY-3002 : Step(196): len = 132382, overlap = 95.75
PHY-3002 : Step(197): len = 133226, overlap = 92
PHY-3002 : Step(198): len = 133682, overlap = 96.75
PHY-3002 : Step(199): len = 133834, overlap = 99
PHY-3002 : Step(200): len = 134039, overlap = 101
PHY-3002 : Step(201): len = 134499, overlap = 98.25
PHY-3002 : Step(202): len = 134904, overlap = 96.75
PHY-3002 : Step(203): len = 135106, overlap = 98
PHY-3002 : Step(204): len = 135392, overlap = 97.5
PHY-3002 : Step(205): len = 135693, overlap = 94.75
PHY-3001 : :::5::: Try harder cell spreading with beta_ = 0.000750163
PHY-3002 : Step(206): len = 136539, overlap = 90.25
PHY-3002 : Step(207): len = 137852, overlap = 84.5
PHY-3002 : Step(208): len = 138757, overlap = 84
PHY-3002 : Step(209): len = 138681, overlap = 86.25
PHY-3002 : Step(210): len = 138520, overlap = 87
PHY-3002 : Step(211): len = 138561, overlap = 88
PHY-3001 : Legalization ...
PHY-3001 : End legalization;  0.587191s wall, 0.109375s user + 0.078125s system = 0.187500s CPU (31.9%)

PHY-3001 : Trial Legalized: Len = 147678
PHY-3001 : Run with size of 1
PHY-3001 : Cell area utilization is 66%
PHY-3001 : Analyzing congestion ...
RUN-1001 : Generating global routing grids ...
PHY-1001 : Generate routing nets ...
PHY-1001 : Reuse net number 253/4413.
PHY-1001 : Global iterations in 12 thread ...
PHY-1002 : len = 170840, over cnt = 504(4%), over = 909, worst = 9
PHY-1002 : len = 174456, over cnt = 322(2%), over = 498, worst = 8
PHY-1002 : len = 177128, over cnt = 169(1%), over = 264, worst = 6
PHY-1002 : len = 180800, over cnt = 6(0%), over = 6, worst = 1
PHY-1002 : len = 181184, over cnt = 0(0%), over = 0, worst = 0
PHY-1001 : End global iterations;  0.566310s wall, 0.125000s user + 0.000000s system = 0.125000s CPU (22.1%)

PHY-1001 : Congestion index: top1 = 50.62, top5 = 42.24, top10 = 38.37, top15 = 35.96.
PHY-3001 : End congestion estimation;  0.634645s wall, 0.171875s user + 0.000000s system = 0.171875s CPU (27.1%)

PHY-3001 : Update density targets...
PHY-3001 : Update congestion history...
PHY-3001 : :::0::: Try harder cell spreading with beta_ = 6.40189e-05
PHY-3002 : Step(212): len = 137219, overlap = 51.75
PHY-3002 : Step(213): len = 134677, overlap = 62.75
PHY-3002 : Step(214): len = 134489, overlap = 63.5
PHY-3002 : Step(215): len = 134777, overlap = 65
PHY-3002 : Step(216): len = 134925, overlap = 66
PHY-3001 : :::1::: Try harder cell spreading with beta_ = 0.000128038
PHY-3002 : Step(217): len = 136010, overlap = 54.25
PHY-3002 : Step(218): len = 136558, overlap = 53.25
PHY-3002 : Step(219): len = 137039, overlap = 53.25
PHY-3001 : :::2::: Try harder cell spreading with beta_ = 0.000256076
PHY-3002 : Step(220): len = 137911, overlap = 50.25
PHY-3002 : Step(221): len = 138219, overlap = 48
PHY-3002 : Step(222): len = 138968, overlap = 46
PHY-3002 : Step(223): len = 139200, overlap = 44
PHY-3002 : Step(224): len = 139264, overlap = 43.75
PHY-3001 : Legalization ...
PHY-3001 : End legalization;  0.005139s wall, 0.015625s user + 0.000000s system = 0.015625s CPU (304.0%)

PHY-3001 : Legalized: Len = 140620, Over = 0
PHY-3001 : Spreading special nets. 1 overflows in 930 tiles.
PHY-3001 : End spreading;  0.009882s wall, 0.000000s user + 0.000000s system = 0.000000s CPU (n/a%)

PHY-3001 : 1 instances has been re-located, deltaX = 0, deltaY = 1, maxDist = 1.
PHY-3001 : Final: Len = 140620, Over = 0
RUN-1003 : finish command "place" in  10.964534s wall, 3.187500s user + 0.750000s system = 3.937500s CPU (35.9%)

RUN-1004 : used memory is 287 MB, reserved memory is 260 MB, peak memory is 302 MB
RUN-1002 : start command "export_db FOC_Controller_place.db"
RUN-1001 : Exported /
RUN-1001 : Exported flow parameters
RUN-1001 : Exported libs
RUN-1001 : Exported entities
RUN-1001 : Exported ports
RUN-1001 : Exported pins
RUN-1001 : Exported instances
RUN-1001 : Exported nets
RUN-1001 : Exported buses
RUN-1001 : Exported models
RUN-1001 : Exported congestions
RUN-1001 : Exported violations
RUN-1001 : Exported IO constraints
RUN-1001 : Exported Inst constraints
RUN-1003 : finish command "export_db FOC_Controller_place.db" in  1.070365s wall, 0.687500s user + 0.015625s system = 0.703125s CPU (65.7%)

RUN-1004 : used memory is 275 MB, reserved memory is 250 MB, peak memory is 360 MB
RUN-1002 : start command "route"
RUN-1001 : Open license file D:/Anlogic/TD5.6.2/license/Anlogic.lic
RUN-1001 : Print Global Property
RUN-1001 : ---------------------------------------------------------------
RUN-1001 :        Parameters        |  Settings  |  Default Values  |  Note  
RUN-1001 : ---------------------------------------------------------------
RUN-1001 :          message         |  standard  |     standard     |        
RUN-1001 :   mixed_pack_place_flow  |     on     |        on        |        
RUN-1001 :        qor_monitor       |    off     |       off        |        
RUN-1001 :        syn_ip_flow       |    off     |       off        |        
RUN-1001 :          thread          |    auto    |       auto       |        
RUN-1001 : ---------------------------------------------------------------
RUN-1001 : Print Route Property
RUN-1001 : -------------------------------------------------------
RUN-1001 :    Parameters    |  Settings  |  Default Values  |  Note  
RUN-1001 : -------------------------------------------------------
RUN-1001 :      effort      |   medium   |      medium      |        
RUN-1001 :     fix_hold     |    off     |       off        |        
RUN-1001 :    opt_timing    |   medium   |      medium      |        
RUN-1001 :   phy_sim_model  |    off     |       off        |        
RUN-1001 :     priority     |   timing   |      timing      |        
RUN-1001 :     swap_pin     |     on     |        on        |        
RUN-1001 : -------------------------------------------------------
PHY-1001 : Route runs in 12 thread(s)
RUN-1001 : There are total 1856 instances
RUN-1001 : 905 mslices, 906 lslices, 18 pads, 11 brams, 10 dsps
RUN-1001 : There are total 4413 nets
RUN-1001 : 3037 nets have 2 pins
RUN-1001 : 1049 nets have [3 - 5] pins
RUN-1001 : 164 nets have [6 - 10] pins
RUN-1001 : 110 nets have [11 - 20] pins
RUN-1001 : 48 nets have [21 - 99] pins
RUN-1001 : 5 nets have 100+ pins
RUN-1002 : start command "start_timer -report"
TMR-5001 WARNING: No sdc constraints found while initiating timer.
TMR-2505 : Start building timing graph for model TOP_test.
TMR-2506 : Build timing graph completely. Port num: 18, tpin num: 15576, tnet num: 4411, tinst num: 1854, tnode num: 18965, tedge num: 28531.
TMR-2508 : Levelizing timing graph completed, there are 59 levels in total.
TMR-2501 : Timing graph initialized successfully.
PHY-1001 : 905 mslices, 906 lslices, 18 pads, 11 brams, 10 dsps
TMR-2503 : Start to update net delay, extr mode = 3.
TMR-2504 : Update delay of 4411 nets completely.
TMR-2502 : Annotate delay completely, extr mode = 3.
TMR-3002 : No user constraint, initiate default constraint.
TMR-1501 : Assign derive clock DeriveClock to 1560 clock pins, and constraint 3387 relative nodes.
TMR-3003 : Constraints initiated successfully.
TMR-3501 : Forward propagation: start to calculate arrival time...
TMR-3502 : Backward propagation: start to calculate required time...
TMR-3503 : Timing propagation completes.
PHY-1001 : Start global routing, caller is route ...
RUN-1001 : Generating global routing grids ...
PHY-1001 : Generate routing nets ...
PHY-1001 : Global iterations in 12 thread ...
PHY-1002 : len = 161048, over cnt = 495(4%), over = 891, worst = 9
PHY-1002 : len = 165096, over cnt = 294(2%), over = 436, worst = 8
PHY-1002 : len = 169936, over cnt = 25(0%), over = 29, worst = 2
PHY-1002 : len = 170544, over cnt = 5(0%), over = 5, worst = 1
PHY-1002 : len = 170896, over cnt = 0(0%), over = 0, worst = 0
PHY-1001 : End global iterations;  0.556027s wall, 0.250000s user + 0.015625s system = 0.265625s CPU (47.8%)

PHY-1001 : Congestion index: top1 = 49.51, top5 = 41.88, top10 = 37.77, top15 = 35.32.
PHY-1001 : End global routing;  0.628431s wall, 0.281250s user + 0.015625s system = 0.296875s CPU (47.2%)

PHY-1001 : Start detail routing ...
PHY-1001 : Current memory(MB): used = 347, reserve = 322, peak = 360.
PHY-1001 : Detailed router is running in normal mode.
PHY-1001 : Generate detailed routing grids ...
PHY-1001 : Generate nets ...
PHY-1001 : net I_clk_25m_dup_1 will be routed on clock mesh
PHY-1001 : net u_foc_controller/u_adc_ad7928/clk will be routed on clock mesh
PHY-1001 : clock net u_foc_controller/u_foc_top/init_done_syn_4 will be merged with clock u_foc_controller/u_foc_top/init_done
PHY-1001 : clock net u_pll/clk0_out will be merged with clock u_pll/clk0_buf
PHY-1001 : Current memory(MB): used = 432, reserve = 408, peak = 432.
PHY-1001 : End build detailed router design. 1.846961s wall, 0.625000s user + 0.015625s system = 0.640625s CPU (34.7%)

PHY-1001 : Detail Route ...
PHY-1001 : ===== Detail Route Phase 1 =====
PHY-1001 : Clock net routing.....
PHY-1001 : Routed 0% nets.
PHY-1022 : len = 74560, over cnt = 0(0%), over = 0, worst = 0, crit = 0
PHY-1001 : End initial clock net routed; 0.333141s wall, 0.093750s user + 0.000000s system = 0.093750s CPU (28.1%)

PHY-1001 : Current memory(MB): used = 443, reserve = 420, peak = 443.
PHY-1001 : End phase 1; 0.335483s wall, 0.093750s user + 0.000000s system = 0.093750s CPU (27.9%)

PHY-1001 : ===== Detail Route Phase 2 =====
PHY-1001 : Initial routing.....
PHY-1001 : Routed 34% nets.
PHY-1001 : Routed 41% nets.
PHY-1001 : Routed 51% nets.
PHY-1001 : Routed 62% nets.
PHY-1001 : Routed 80% nets.
PHY-1022 : len = 413904, over cnt = 177(0%), over = 177, worst = 1, crit = 0
PHY-1001 : Current memory(MB): used = 444, reserve = 421, peak = 444.
PHY-1001 : End initial routed; 2.700442s wall, 1.109375s user + 0.015625s system = 1.125000s CPU (41.7%)

PHY-1001 : Current memory(MB): used = 444, reserve = 421, peak = 444.
PHY-1001 : End phase 2; 2.700491s wall, 1.109375s user + 0.015625s system = 1.125000s CPU (41.7%)

PHY-1001 : ===== Detail Route Phase 3 =====
PHY-1001 : Ripup-reroute.....
PHY-1001 : ===== DR Iter 1 =====
PHY-1022 : len = 411592, over cnt = 49(0%), over = 49, worst = 1, crit = 0
PHY-1001 : End DR Iter 1; 0.172751s wall, 0.093750s user + 0.000000s system = 0.093750s CPU (54.3%)

PHY-1001 : ===== DR Iter 2 =====
PHY-1022 : len = 411744, over cnt = 10(0%), over = 10, worst = 1, crit = 0
PHY-1001 : End DR Iter 2; 0.064241s wall, 0.015625s user + 0.015625s system = 0.031250s CPU (48.6%)

PHY-1001 : ===== DR Iter 3 =====
PHY-1022 : len = 411968, over cnt = 1(0%), over = 1, worst = 1, crit = 0
PHY-1001 : End DR Iter 3; 0.046791s wall, 0.015625s user + 0.000000s system = 0.015625s CPU (33.4%)

PHY-1001 : ===== DR Iter 4 =====
PHY-1022 : len = 412000, over cnt = 0(0%), over = 0, worst = 0, crit = 0
PHY-1001 : End DR Iter 4; 0.030890s wall, 0.000000s user + 0.000000s system = 0.000000s CPU (n/a%)

PHY-1001 : Commit to database.....
PHY-5014 WARNING: Detail route doesn't find pib for u_pll/pll_inst.frac_offset_valid[0]
PHY-5014 WARNING: Detail route doesn't find pib for u_pll/pll_inst.ssc_en[0]
PHY-5014 WARNING: Detail route doesn't find pib for u_pll/pll_inst.dsm_rst[0]
PHY-5014 WARNING: Detail route doesn't find pib for u_pll/pll_inst.dsm_refclk[0]
PHY-1001 : 28 feed throughs used by 24 nets
PHY-1001 : End commit to database; 0.577834s wall, 0.234375s user + 0.000000s system = 0.234375s CPU (40.6%)

PHY-1001 : Current memory(MB): used = 469, reserve = 446, peak = 469.
PHY-1001 : End phase 3; 0.949237s wall, 0.375000s user + 0.015625s system = 0.390625s CPU (41.2%)

PHY-1003 : Routed, final wirelength = 412000
PHY-1001 : Current memory(MB): used = 470, reserve = 447, peak = 470.
PHY-1001 : End export database. 0.011765s wall, 0.000000s user + 0.000000s system = 0.000000s CPU (n/a%)

PHY-1001 : End detail routing;  5.976546s wall, 2.234375s user + 0.046875s system = 2.281250s CPU (38.2%)

RUN-1003 : finish command "route" in  7.280234s wall, 2.796875s user + 0.062500s system = 2.859375s CPU (39.3%)

RUN-1004 : used memory is 401 MB, reserved memory is 380 MB, peak memory is 470 MB
RUN-1002 : start command "report_area -io_info -file FOC_Controller_phy.area"
RUN-1001 : standard
***Report Model: TOP_test Device: SF1S60CG121I***

IO Statistics
#IO                        18
  #input                    8
  #output                   9
  #inout                    1

Utilization Statistics
#lut                     3220   out of   5824   55.29%
#reg                     1321   out of   5824   22.68%
#le                      3528
  #lut only              2207   out of   3528   62.56%
  #reg only               308   out of   3528    8.73%
  #lut&reg               1013   out of   3528   28.71%
#dsp                       10   out of     10  100.00%
#bram                      11   out of     26   42.31%
  #bram9k                  11
  #fifo9k                   0
#hard-ip                    0
  #mcu                      0   out of      1    0.00%
  #dsc                      0   out of      1    0.00%
  #dsi                      0   out of      2    0.00%
  #psram controller         0   out of      2    0.00%
#pad                       18   out of     55   32.73%
  #ireg                     1
  #oreg                    10
  #treg                     1
#pll                        1   out of      2   50.00%
#gclk                       2   out of     16   12.50%

Clock Resource Statistics
Index     ClockNet                                Type               DriverType         Driver                                                Fanout
#1        u_foc_controller/u_adc_ad7928/clk       GCLK               pll                u_pll/pll_inst.clkc1                                  773
#2        u_foc_controller/u_foc_top/init_done    GCLK               lslice             u_foc_controller/u_foc_top/init_done_reg_syn_36.q0    8
#3        I_clk_25m_dup_1                         GeneralRouting     io                 I_clk_25m_syn_2.di                                    1


Detailed IO Report

     Name       Direction    Location    IOStandard    DriveStrength    PullType     PackReg   
  I_clk_25m       INPUT         D7        LVCMOS18          N/A          PULLUP       NONE     
   I_hall_u       INPUT        G10        LVCMOS18          N/A          PULLUP       NONE     
   I_hall_v       INPUT        H11        LVCMOS18          N/A          PULLUP       NONE     
   I_hall_w       INPUT        H10        LVCMOS18          N/A          PULLUP       NONE     
    I_rstn        INPUT         J2        LVCMOS18          N/A          PULLUP       NONE     
  I_spi_miso      INPUT         B9        LVCMOS18          N/A          PULLUP       IREG     
     key1         INPUT         H2        LVCMOS18          N/A          PULLUP       NONE     
     key2         INPUT         J4        LVCMOS18          N/A          PULLUP       NONE     
  O_i2c_scl      OUTPUT         G3        LVCMOS18           8            NONE        OREG     
   O_pwm_a       OUTPUT        C10        LVCMOS18           8            NONE        OREG     
   O_pwm_b       OUTPUT        C11        LVCMOS18           8            NONE        OREG     
   O_pwm_c       OUTPUT        E11        LVCMOS18           8            NONE        OREG     
   O_pwm_en      OUTPUT        F11        LVCMOS18           8            NONE        OREG     
  O_spi_mosi     OUTPUT         B8        LVCMOS18           8            NONE        OREG     
  O_spi_sck      OUTPUT         A9        LVCMOS18           8            NONE        OREG     
   O_spi_ss      OUTPUT         A8        LVCMOS18           8            NONE        OREG     
  O_uart_tx      OUTPUT         A4        LVCMOS18           8            NONE        OREG     
  IO_i2c_sda      INOUT         H3        LVCMOS18           8           PULLUP     OREG;TREG  

Report Hierarchy Area:
+------------------------------------------------------------------------------------------------+
|Instance                |Module            |le     |lut     |ripple  |seq     |bram    |dsp     |
+------------------------------------------------------------------------------------------------+
|top                     |TOP_test          |3528   |2265    |955     |1333    |11      |10      |
|  u_foc_controller      |foc_controller    |3283   |2060    |916     |1174    |11      |10      |
|    u_adc_ad7928        |adc_ad7928        |148    |82      |28      |81      |0       |0       |
|    u_as5600_encoder    |as5600_encoder    |404    |237     |156     |99      |0       |0       |
|      u_as5600_read     |i2c_register_read |248    |162     |82      |61      |0       |0       |
|    u_foc_top           |foc_top           |2730   |1740    |732     |994     |11      |10      |
|      u_adc_sn_ctrl     |hold_detect       |16     |12      |4       |9       |0       |0       |
|      u_cartesian2polar |cartesian2polar   |611    |498     |98      |197     |8       |0       |
|      u_clark_tr        |clark_tr          |165    |47      |44      |96      |0       |0       |
|      u_id_pi           |pi_controller     |572    |316     |207     |164     |0       |3       |
|      u_iq_pi           |pi_controller     |579    |336     |212     |171     |0       |3       |
|      u_park_tr         |park_tr           |190    |122     |44      |89      |2       |4       |
|        u_sincos        |sincos            |127    |101     |26      |59      |2       |0       |
|      u_svpwm           |svpwm             |471    |338     |98      |188     |1       |0       |
|    u_hall_encoder      |hall_encoder      |1      |1       |0       |0       |0       |0       |
|  u_pll                 |pll               |0      |0       |0       |0       |0       |0       |
|  u_uart_monitor        |uart_monitor      |168    |150     |17      |114     |0       |0       |
+------------------------------------------------------------------------------------------------+


DataNet Average Fanout:

   Index     Fanout     Nets  
    #1          1       3017  
    #2          2       562   
    #3          3       420   
    #4          4        67   
    #5        5-10      182   
    #6        11-50     135   
    #7       51-100      4    
    #8       101-500     2    
  Average     2.36            

RUN-1002 : start command "export_db FOC_Controller_pr.db"
RUN-1001 : Exported /
RUN-1001 : Exported flow parameters
RUN-1001 : Exported libs
RUN-1001 : Exported entities
RUN-1001 : Exported ports
RUN-1001 : Exported pins
RUN-1001 : Exported instances
RUN-1001 : Exported nets
RUN-1001 : Exported buses
RUN-1001 : Exported models
RUN-1001 : Exported congestions
RUN-1001 : Exported violations
RUN-1001 : Exported IO constraints
RUN-1001 : Exported Inst constraints
RUN-1003 : finish command "export_db FOC_Controller_pr.db" in  1.201798s wall, 0.781250s user + 0.000000s system = 0.781250s CPU (65.0%)

RUN-1004 : used memory is 407 MB, reserved memory is 386 MB, peak memory is 483 MB
RUN-1002 : start command "export_bid FOC_Controller_inst.bid"
PRG-1000 : <!-- HMAC is: 6b861322dd0de563203fbe03c30b788e711c277bbb67479877cd6350b45f30ee -->
RUN-1002 : start command "bitgen -bit FOC_Controller.bit"
BIT-1003 : Start to generate bitstream. 
BIT-1002 : Init instances with 12 threads.
BIT-1002 : Init instances completely, inst num: 1854
BIT-1002 : Init pips with 12 threads.
BIT-1002 : Init pips completely, net num: 4413, pip num: 34962
BIT-1002 : Init feedthrough with 12 threads.
BIT-1002 : Init feedthrough completely, num: 28
BIT-1003 : Multithreading accelaration with 12 threads.
BIT-1003 : Generate bitstream completely, there are 1056 valid insts, and 109881 bits set as '1'.
BIT-1004 : the usercode register value: 00000000110001010000000000000000
BIT-1004 : Generate bits file FOC_Controller.bit.
RUN-1003 : finish command "bitgen -bit FOC_Controller.bit" in  3.186710s wall, 22.937500s user + 0.093750s system = 23.031250s CPU (722.7%)

RUN-1004 : used memory is 404 MB, reserved memory is 383 MB, peak memory is 589 MB
RUN-1002 : start command "backup_run_log run.log ../.logs/phy_1/td_20231108_142929.log"
