============================================================
   Tang Dynasty, V5.6.71036
      Copyright (c) 2012-2023 Anlogic Inc.
   Executable = D:/Anlogic/TD5.6.2/bin/td.exe
   Built at =   20:34:38 Mar 21 2023
   Run by =     15597
   Run Date =   Wed Nov  8 14:12:51 2023

   Run on =     XR097-DELL-G7
============================================================
RUN-1002 : start command "open_project FOC_Controller.prj"
RUN-1001 : Print Global Property
RUN-1001 : ---------------------------------------------------------------
RUN-1001 :        Parameters        |  Settings  |  Default Values  |  Note  
RUN-1001 : ---------------------------------------------------------------
RUN-1001 :          message         |  standard  |     standard     |        
RUN-1001 :   mixed_pack_place_flow  |     on     |        on        |        
RUN-1001 :        qor_monitor       |    off     |       off        |        
RUN-1001 :        syn_ip_flow       |    off     |       off        |        
RUN-1001 :          thread          |    auto    |       auto       |        
RUN-1001 : ---------------------------------------------------------------
RUN-1001 : Print Design Property
RUN-1001 : --------------------------------------------------------------
RUN-1001 :        Parameters       |  Settings  |  Default Values  |  Note  
RUN-1001 : --------------------------------------------------------------
RUN-1001 :   default_reg_initial   |    auto    |       auto       |        
RUN-1001 :        infer_add        |     on     |        on        |        
RUN-1001 :        infer_fsm        |    off     |       off        |        
RUN-1001 :        infer_mult       |     on     |        on        |        
RUN-1001 :        infer_ram        |     on     |        on        |        
RUN-1001 :        infer_reg        |     on     |        on        |        
RUN-1001 :   infer_reg_init_value  |     on     |        on        |        
RUN-1001 :        infer_rom        |     on     |        on        |        
RUN-1001 :      infer_shifter      |     on     |        on        |        
RUN-1001 : --------------------------------------------------------------
RUN-1001 : Print Rtl Property
RUN-1001 : --------------------------------------------------------------
RUN-1001 :        Parameters       |  Settings  |  Default Values  |  Note  
RUN-1001 : --------------------------------------------------------------
RUN-1001 :       compress_add      |   ripple   |      ripple      |        
RUN-1001 :        elf_sload        |    off     |       off        |        
RUN-1001 :       fix_undriven      |     0      |        0         |        
RUN-1001 :         flatten         |    off     |       off        |        
RUN-1001 :       gate_sharing      |     on     |        on        |        
RUN-1001 :    hdl_warning_level    |   normal   |      normal      |        
RUN-1001 :   impl_internal_tribuf  |     on     |        on        |        
RUN-1001 :      impl_set_reset     |     on     |        on        |        
RUN-1001 :        infer_gsr        |    off     |       off        |        
RUN-1001 :      keep_hierarchy     |    auto    |       auto       |        
RUN-1001 :        max_fanout       |    9999    |       9999       |        
RUN-1001 :      max_oh2bin_len     |     10     |        10        |        
RUN-1001 :       merge_equal       |     on     |        on        |        
RUN-1001 :       merge_equiv       |     on     |        on        |        
RUN-1001 :        merge_mux        |    off     |       off        |        
RUN-1001 :     min_control_set     |     8      |        8         |        
RUN-1001 :      min_ripple_len     |    auto    |       auto       |        
RUN-1001 :       oh2bin_ratio      |    0.08    |       0.08       |        
RUN-1001 :     opt_adder_fanout    |     on     |        on        |        
RUN-1001 :        opt_arith        |     on     |        on        |        
RUN-1001 :       opt_big_gate      |    off     |       off        |        
RUN-1001 :        opt_const        |     on     |        on        |        
RUN-1001 :      opt_const_mult     |     on     |        on        |        
RUN-1001 :       opt_lessthan      |     on     |        on        |        
RUN-1001 :         opt_mux         |    off     |       off        |        
RUN-1001 :         opt_ram         |    high    |       high       |        
RUN-1001 :      rtl_sim_model      |    off     |       off        |        
RUN-1001 :         seq_syn         |     on     |        on        |        
RUN-1001 : --------------------------------------------------------------
HDL-1007 : analyze verilog file ../../al_ip/pll.v
HDL-1007 : undeclared symbol 'open', assumed default net type 'wire' in ../../al_ip/pll.v(88)
HDL-1007 : analyze verilog file ../../RTL/adc_ad7928.v
HDL-1007 : analyze verilog file ../../RTL/foc/cartesian2polar.v
HDL-1007 : analyze verilog file ../../RTL/foc/clark_tr.v
HDL-1007 : analyze verilog file ../../RTL/foc/foc_top.v
HDL-1007 : analyze verilog file ../../RTL/foc/hold_detect.v
HDL-1007 : analyze verilog file ../../RTL/foc/park_tr.v
HDL-1007 : analyze verilog file ../../RTL/foc/pi_controller.v
HDL-1007 : analyze verilog file ../../RTL/foc/sincos.v
HDL-1007 : analyze verilog file ../../RTL/foc/svpwm.v
HDL-1007 : analyze verilog file ../../RTL/fpga_top.v
HDL-1007 : analyze verilog file ../../RTL/i2c_register_read.v
HDL-1007 : analyze verilog file ../../RTL/uart_monitor.v
HDL-1007 : analyze verilog file ../../hall_sensor.v
HDL-1007 : analyze verilog file ../../TOP_test.v
HDL-1007 : analyze verilog file ../../AS5600_sensor.v
RUN-1001 : Project manager successfully analyzed 16 source files.
RUN-1002 : start command "import_device sf1_6.db -package SF1S60CG121I"
ARC-1001 : Device Initialization.
ARC-1001 : -------------------------------------------------
ARC-1001 :       OPTION       |      IO       |   SETTING   
ARC-1001 : -------------------------------------------------
ARC-1001 :        done        |      B4       |    gpio    
ARC-1001 :        initn       |      A5       |    gpio    
ARC-1001 :       jtagen       |      B7       |    gpio    
ARC-1001 :      programn      |      B5       |  dedicate  
ARC-1001 :   tdi/tms/tck/tdo  |  C4/A6/A7/C5  |  dedicate  
ARC-1001 : -------------------------------------------------
ARC-1004 : Device setting, marked 5 dedicate IOs in total.
RUN-1002 : start command "import_db ../syn_1/FOC_Controller_gate.db"
RUN-1001 : Importing database generated by Tang Dynasty, V5.6.71036.
RUN-1001 : Database version number 46146.
RUN-1001 : Import flow parameters
RUN-1001 : Import IO constraints
RUN-1001 : Import Inst constraints
RUN-1001 : Import design success TD_VERSION=5.6.71036 , DB_VERSION=46146
RUN-1003 : finish command "import_db ../syn_1/FOC_Controller_gate.db" in  1.213987s wall, 0.343750s user + 0.046875s system = 0.390625s CPU (32.2%)

RUN-1004 : used memory is 235 MB, reserved memory is 208 MB, peak memory is 238 MB
RUN-1002 : start command "place"
RUN-1001 : Open license file D:/Anlogic/TD5.6.2/license/Anlogic.lic
RUN-1001 : Print Global Property
RUN-1001 : ---------------------------------------------------------------
RUN-1001 :        Parameters        |  Settings  |  Default Values  |  Note  
RUN-1001 : ---------------------------------------------------------------
RUN-1001 :          message         |  standard  |     standard     |        
RUN-1001 :   mixed_pack_place_flow  |     on     |        on        |        
RUN-1001 :        qor_monitor       |    off     |       off        |        
RUN-1001 :        syn_ip_flow       |    off     |       off        |        
RUN-1001 :          thread          |    auto    |       auto       |        
RUN-1001 : ---------------------------------------------------------------
RUN-1001 : Print Place Property
RUN-1001 : --------------------------------------------------------------
RUN-1001 :        Parameters       |  Settings  |  Default Values  |  Note  
RUN-1001 : --------------------------------------------------------------
RUN-1001 :      detailed_place     |     on     |        on        |        
RUN-1001 :          effort         |   medium   |      medium      |        
RUN-1001 :         fix_hold        |    off     |       off        |        
RUN-1001 :       legalization      |    ori     |       ori        |        
RUN-1001 :      new_spreading      |     on     |        on        |        
RUN-1001 :        opt_timing       |   medium   |      medium      |        
RUN-1001 :   post_clock_route_opt  |    off     |       off        |        
RUN-1001 :       pr_strategy       |     1      |        1         |        
RUN-1001 :        relaxation       |    1.00    |       1.00       |        
RUN-1001 :         retiming        |    off     |       off        |        
RUN-1001 : --------------------------------------------------------------
PHY-3001 : Placer runs in 12 thread(s).
RUN-1002 : start command "legalize_phy_inst"
SYN-1011 : Flatten model TOP_test
RUN-1002 : start command "phys_opt -simplify_lut"
SYN-4016 : Net u_pll/clk0_out driven by BUFG (0 clock/control pins, 1 other pins).
SYN-4027 : Net u_foc_controller/u_adc_ad7928/clk is clkc1 of pll u_pll/pll_inst.
SYN-4019 : Net I_clk_25m_dup_1 is refclk of pll u_pll/pll_inst.
SYN-4020 : Net I_clk_25m_dup_1 is fbclk of pll u_pll/pll_inst.
SYN-4025 : Tag rtl::Net I_clk_25m_dup_1 as clock net
SYN-4025 : Tag rtl::Net u_foc_controller/u_adc_ad7928/clk as clock net
SYN-4025 : Tag rtl::Net u_pll/clk0_out as clock net
SYN-4026 : Tagged 3 rtl::Net as clock net
PHY-1001 : Populate physical database on model TOP_test.
RUN-1001 : There are total 4158 instances
RUN-0007 : 1418 luts, 1641 seqs, 682 mslices, 375 lslices, 16 pads, 11 brams, 10 dsps
RUN-1001 : There are total 5778 nets
RUN-1001 : 4184 nets have 2 pins
RUN-1001 : 1243 nets have [3 - 5] pins
RUN-1001 : 168 nets have [6 - 10] pins
RUN-1001 : 128 nets have [11 - 20] pins
RUN-1001 : 47 nets have [21 - 99] pins
RUN-1001 : 8 nets have 100+ pins
RUN-1001 : Report Control nets information:
RUN-1001 : DFF Distribution
RUN-1001 : ----------------------------------
RUN-1001 :   CE   |  SSR  |  ASR  |  DFF Count  
RUN-1001 : ----------------------------------
RUN-1001 :   No   |  No   |  No   |     28      
RUN-1001 :   No   |  No   |  Yes  |     453     
RUN-1001 :   No   |  Yes  |  No   |      9      
RUN-1001 :   Yes  |  No   |  No   |     65      
RUN-1001 :   Yes  |  No   |  Yes  |    1086     
RUN-1001 :   Yes  |  Yes  |  No   |      0      
RUN-1001 : ----------------------------------
RUN-0007 : Control Group Statistic
RUN-0007 : ---------------------------
RUN-0007 :   #CLK  |  #CE  |  #SSR/ASR  
RUN-0007 : ---------------------------
RUN-0007 :    1    |  30   |     4      
RUN-0007 : ---------------------------
RUN-0007 : Control Set = 33
PHY-3001 : Initial placement ...
PHY-3001 : design contains 4156 instances, 1418 luts, 1641 seqs, 1057 slices, 137 macros(1057 instances: 682 mslices 375 lslices)
PHY-0007 : Cell area utilization is 60%
PHY-3001 : Global placement ...
PHY-3001 : Initial: Len = 775995
PHY-3001 : Run with size of 3
PHY-3001 : Cell area utilization is 60%
PHY-3001 : :::0::: Try harder cell spreading with beta_ = 0
PHY-3002 : Step(1): len = 491225, overlap = 103.844
PHY-3002 : Step(2): len = 457823, overlap = 118.688
PHY-3002 : Step(3): len = 292839, overlap = 138.188
PHY-3002 : Step(4): len = 267159, overlap = 154.562
PHY-3002 : Step(5): len = 229482, overlap = 172.75
PHY-3002 : Step(6): len = 201650, overlap = 163.188
PHY-3002 : Step(7): len = 180967, overlap = 196.594
PHY-3002 : Step(8): len = 153694, overlap = 217
PHY-3002 : Step(9): len = 138705, overlap = 226.25
PHY-3002 : Step(10): len = 127763, overlap = 229.375
PHY-3002 : Step(11): len = 118455, overlap = 239.281
PHY-3002 : Step(12): len = 108278, overlap = 239.938
PHY-3002 : Step(13): len = 99320.9, overlap = 243.375
PHY-3002 : Step(14): len = 95798.6, overlap = 251.469
PHY-3001 : :::1::: Try harder cell spreading with beta_ = 9.27922e-06
PHY-3002 : Step(15): len = 101090, overlap = 249.469
PHY-3002 : Step(16): len = 102794, overlap = 246.438
PHY-3002 : Step(17): len = 99966.5, overlap = 239.531
PHY-3002 : Step(18): len = 101421, overlap = 236.469
PHY-3002 : Step(19): len = 108084, overlap = 194.094
PHY-3002 : Step(20): len = 112750, overlap = 189.531
PHY-3002 : Step(21): len = 109458, overlap = 182.188
PHY-3002 : Step(22): len = 107736, overlap = 174.156
PHY-3002 : Step(23): len = 105713, overlap = 168.094
PHY-3002 : Step(24): len = 103917, overlap = 166.938
PHY-3002 : Step(25): len = 99187.5, overlap = 164.25
PHY-3002 : Step(26): len = 97329.1, overlap = 164.281
PHY-3002 : Step(27): len = 96272.2, overlap = 165.719
PHY-3002 : Step(28): len = 93907.5, overlap = 166.781
PHY-3002 : Step(29): len = 90982.3, overlap = 167.438
PHY-3002 : Step(30): len = 89526, overlap = 158.844
PHY-3002 : Step(31): len = 88422.2, overlap = 157.594
PHY-3002 : Step(32): len = 86992.8, overlap = 156.969
PHY-3002 : Step(33): len = 87424.1, overlap = 155.062
PHY-3002 : Step(34): len = 86195.3, overlap = 160.344
PHY-3002 : Step(35): len = 85946.9, overlap = 159.75
PHY-3002 : Step(36): len = 84857.5, overlap = 157.156
PHY-3002 : Step(37): len = 83815.7, overlap = 157.531
PHY-3002 : Step(38): len = 83547.7, overlap = 150.625
PHY-3002 : Step(39): len = 82551.6, overlap = 151.188
PHY-3002 : Step(40): len = 83330.9, overlap = 151.594
PHY-3002 : Step(41): len = 83642.6, overlap = 153.719
PHY-3001 : :::2::: Try harder cell spreading with beta_ = 1.85584e-05
PHY-3002 : Step(42): len = 82577.1, overlap = 153.812
PHY-3002 : Step(43): len = 82862.7, overlap = 153.375
PHY-3002 : Step(44): len = 83113.4, overlap = 153.219
PHY-3001 : :::3::: Try harder cell spreading with beta_ = 3.30197e-05
PHY-3002 : Step(45): len = 84400.9, overlap = 154.188
PHY-3002 : Step(46): len = 84999.8, overlap = 155.344
PHY-3002 : Step(47): len = 88159.8, overlap = 143.906
PHY-3002 : Step(48): len = 91615.1, overlap = 136.5
PHY-3002 : Step(49): len = 92944.5, overlap = 126.344
PHY-3002 : Step(50): len = 94262.3, overlap = 118.406
PHY-3002 : Step(51): len = 94946.3, overlap = 115.844
PHY-3002 : Step(52): len = 94802.4, overlap = 115.844
PHY-3002 : Step(53): len = 95630.1, overlap = 126.688
PHY-3002 : Step(54): len = 95595, overlap = 120.219
PHY-3002 : Step(55): len = 95713.9, overlap = 119.656
PHY-3002 : Step(56): len = 95420.4, overlap = 118.344
PHY-3002 : Step(57): len = 95355.2, overlap = 116.375
PHY-3002 : Step(58): len = 94921.9, overlap = 119.812
PHY-3001 : :::4::: Try harder cell spreading with beta_ = 6.60395e-05
PHY-3002 : Step(59): len = 95658.8, overlap = 114.812
PHY-3002 : Step(60): len = 95894.4, overlap = 112.438
PHY-3002 : Step(61): len = 96822, overlap = 101.562
PHY-3001 : :::5::: Try harder cell spreading with beta_ = 0.000107986
PHY-3002 : Step(62): len = 97602.6, overlap = 105.062
PHY-3002 : Step(63): len = 98030.8, overlap = 104.906
PHY-3002 : Step(64): len = 100003, overlap = 104.125
PHY-3002 : Step(65): len = 101661, overlap = 101.156
PHY-3002 : Step(66): len = 103716, overlap = 99.9688
PHY-3002 : Step(67): len = 104575, overlap = 96.3438
PHY-3002 : Step(68): len = 105578, overlap = 92.3438
PHY-3002 : Step(69): len = 107550, overlap = 85
PHY-3002 : Step(70): len = 107362, overlap = 82.125
PHY-3002 : Step(71): len = 107356, overlap = 81.6875
PHY-3002 : Step(72): len = 107663, overlap = 84.1562
PHY-3002 : Step(73): len = 108157, overlap = 82.875
PHY-3002 : Step(74): len = 107962, overlap = 80.3125
PHY-3001 : :::6::: Try harder cell spreading with beta_ = 0.000215972
PHY-3002 : Step(75): len = 108581, overlap = 80.125
PHY-3002 : Step(76): len = 108974, overlap = 80.0938
PHY-3002 : Step(77): len = 109729, overlap = 79.75
PHY-3001 : Legalization ...
PHY-3001 : End legalization;  0.017226s wall, 0.000000s user + 0.000000s system = 0.000000s CPU (n/a%)

PHY-3001 : Run with size of 3
PHY-3001 : Cell area utilization is 67%
PHY-3001 : Analyzing congestion ...
RUN-1001 : Generating global routing grids ...
RUN-1001 : Building simple global routing graph ...
PHY-1001 : Generate routing nets ...
PHY-1001 : Reuse net number 0/5778.
PHY-1001 : Global iterations in 12 thread ...
PHY-1002 : len = 142568, over cnt = 730(6%), over = 3793, worst = 29
PHY-1001 : End global iterations;  0.347296s wall, 0.125000s user + 0.000000s system = 0.125000s CPU (36.0%)

PHY-1001 : Congestion index: top1 = 104.17, top5 = 69.18, top10 = 57.79, top15 = 51.15.
PHY-3001 : End congestion estimation;  0.416323s wall, 0.187500s user + 0.000000s system = 0.187500s CPU (45.0%)

PHY-3001 : Update density targets...
PHY-3001 : Update congestion history...
PHY-3001 : :::0::: Try harder cell spreading with beta_ = 5.70721e-06
PHY-3002 : Step(78): len = 118270, overlap = 98.5
PHY-3002 : Step(79): len = 116073, overlap = 92.2188
PHY-3002 : Step(80): len = 108175, overlap = 106
PHY-3002 : Step(81): len = 107728, overlap = 115.938
PHY-3002 : Step(82): len = 105537, overlap = 126.719
PHY-3002 : Step(83): len = 102675, overlap = 135.5
PHY-3002 : Step(84): len = 100152, overlap = 137.031
PHY-3002 : Step(85): len = 99761.9, overlap = 147.281
PHY-3002 : Step(86): len = 97801.6, overlap = 162.094
PHY-3002 : Step(87): len = 97942.6, overlap = 152.25
PHY-3002 : Step(88): len = 96803.9, overlap = 155.094
PHY-3002 : Step(89): len = 94546.5, overlap = 152.281
PHY-3002 : Step(90): len = 92968.1, overlap = 163.406
PHY-3002 : Step(91): len = 92981.3, overlap = 160
PHY-3002 : Step(92): len = 91240.7, overlap = 152.375
PHY-3002 : Step(93): len = 92073.1, overlap = 132.938
PHY-3002 : Step(94): len = 90632.5, overlap = 138.969
PHY-3002 : Step(95): len = 89229.2, overlap = 127.906
PHY-3002 : Step(96): len = 86479.1, overlap = 130.938
PHY-3002 : Step(97): len = 86492.9, overlap = 129.906
PHY-3002 : Step(98): len = 85535.9, overlap = 138.562
PHY-3002 : Step(99): len = 85582.7, overlap = 152.812
PHY-3002 : Step(100): len = 84142.3, overlap = 161.656
PHY-3001 : :::1::: Try harder cell spreading with beta_ = 1.14144e-05
PHY-3002 : Step(101): len = 86351.7, overlap = 144.156
PHY-3002 : Step(102): len = 86849.3, overlap = 143.438
PHY-3002 : Step(103): len = 87942.2, overlap = 134.5
PHY-3002 : Step(104): len = 87942.2, overlap = 134.5
PHY-3002 : Step(105): len = 86882.8, overlap = 134.188
PHY-3001 : :::2::: Try harder cell spreading with beta_ = 2.28289e-05
PHY-3002 : Step(106): len = 96450.3, overlap = 125.781
PHY-3002 : Step(107): len = 98583.3, overlap = 123.031
PHY-3002 : Step(108): len = 97525.1, overlap = 96.4688
PHY-3002 : Step(109): len = 98506.5, overlap = 94.3438
PHY-3002 : Step(110): len = 97509.3, overlap = 93.75
PHY-3002 : Step(111): len = 98718.6, overlap = 88.1875
PHY-3002 : Step(112): len = 99824, overlap = 83.75
PHY-3001 : :::3::: Try harder cell spreading with beta_ = 4.56577e-05
PHY-3002 : Step(113): len = 100806, overlap = 80.7812
PHY-3002 : Step(114): len = 102051, overlap = 82.5938
PHY-3002 : Step(115): len = 104176, overlap = 83.0625
PHY-3002 : Step(116): len = 105870, overlap = 74.9688
PHY-3002 : Step(117): len = 107573, overlap = 70.4375
PHY-3001 : :::4::: Try harder cell spreading with beta_ = 9.13154e-05
PHY-3002 : Step(118): len = 108328, overlap = 62.0625
PHY-3002 : Step(119): len = 109537, overlap = 62.0938
PHY-3002 : Step(120): len = 110912, overlap = 55.9062
PHY-3002 : Step(121): len = 112487, overlap = 49.1875
PHY-3002 : Step(122): len = 113620, overlap = 47.5312
PHY-3002 : Step(123): len = 114262, overlap = 47.9375
PHY-3002 : Step(124): len = 113444, overlap = 41.2188
PHY-3002 : Step(125): len = 113140, overlap = 42.1562
PHY-3002 : Step(126): len = 112644, overlap = 42.875
PHY-3002 : Step(127): len = 111419, overlap = 42.5
PHY-3002 : Step(128): len = 109925, overlap = 36.0938
PHY-3002 : Step(129): len = 109724, overlap = 33.9688
PHY-3002 : Step(130): len = 109736, overlap = 35.2188
PHY-3001 : :::5::: Try harder cell spreading with beta_ = 0.000182631
PHY-3002 : Step(131): len = 111645, overlap = 35.1875
PHY-3002 : Step(132): len = 113181, overlap = 38.4375
PHY-3002 : Step(133): len = 113789, overlap = 33.9375
PHY-3001 : :::6::: Try harder cell spreading with beta_ = 0.000365262
PHY-3002 : Step(134): len = 115603, overlap = 34.2188
PHY-3002 : Step(135): len = 116879, overlap = 34.7812
PHY-3002 : Step(136): len = 120024, overlap = 30.5625
PHY-3002 : Step(137): len = 121272, overlap = 25.6562
PHY-3002 : Step(138): len = 122399, overlap = 25.0312
PHY-3002 : Step(139): len = 122882, overlap = 24.9062
PHY-3002 : Step(140): len = 122476, overlap = 25.2812
PHY-3002 : Step(141): len = 121756, overlap = 23.9062
PHY-3002 : Step(142): len = 121380, overlap = 20.5312
PHY-3001 : :::7::: Try harder cell spreading with beta_ = 0.000730523
PHY-3002 : Step(143): len = 122537, overlap = 20.2812
PHY-3002 : Step(144): len = 124583, overlap = 20.0938
PHY-3002 : Step(145): len = 125465, overlap = 19.0938
PHY-3002 : Step(146): len = 126260, overlap = 19.5
PHY-3002 : Step(147): len = 127105, overlap = 22.9688
PHY-3001 : :::8::: Try harder cell spreading with beta_ = 0.00137464
PHY-3002 : Step(148): len = 127675, overlap = 19.8125
PHY-3002 : Step(149): len = 129661, overlap = 18.8125
PHY-3002 : Step(150): len = 130735, overlap = 22.5312
PHY-3002 : Step(151): len = 130795, overlap = 22.4688
PHY-3002 : Step(152): len = 130817, overlap = 22.4062
PHY-3001 : Run with size of 1
PHY-3001 : Cell area utilization is 67%
PHY-3001 : Analyzing congestion ...
RUN-1001 : Generating global routing grids ...
PHY-1001 : Generate routing nets ...
PHY-1001 : Reuse net number 12/5778.
PHY-1001 : Global iterations in 12 thread ...
PHY-1002 : len = 143232, over cnt = 697(6%), over = 3392, worst = 27
PHY-1001 : End global iterations;  0.336370s wall, 0.109375s user + 0.000000s system = 0.109375s CPU (32.5%)

PHY-1001 : Congestion index: top1 = 71.67, top5 = 54.80, top10 = 47.44, top15 = 43.31.
PHY-3001 : End congestion estimation;  0.405854s wall, 0.125000s user + 0.000000s system = 0.125000s CPU (30.8%)

PHY-3001 : Update density targets...
PHY-3001 : Update congestion history...
PHY-3001 : :::0::: Try harder cell spreading with beta_ = 5.69185e-05
PHY-3002 : Step(153): len = 125483, overlap = 189.75
PHY-3002 : Step(154): len = 123414, overlap = 179.938
PHY-3002 : Step(155): len = 119085, overlap = 171.781
PHY-3002 : Step(156): len = 118468, overlap = 175.656
PHY-3002 : Step(157): len = 116548, overlap = 167.656
PHY-3002 : Step(158): len = 115208, overlap = 173.875
PHY-3002 : Step(159): len = 112063, overlap = 161.781
PHY-3002 : Step(160): len = 111244, overlap = 163.812
PHY-3002 : Step(161): len = 110571, overlap = 166.562
PHY-3002 : Step(162): len = 110012, overlap = 157.812
PHY-3002 : Step(163): len = 108016, overlap = 161.875
PHY-3002 : Step(164): len = 107284, overlap = 182.812
PHY-3002 : Step(165): len = 105840, overlap = 164.875
PHY-3002 : Step(166): len = 104885, overlap = 155.531
PHY-3002 : Step(167): len = 104255, overlap = 166.406
PHY-3002 : Step(168): len = 103234, overlap = 173.625
PHY-3002 : Step(169): len = 103193, overlap = 172.5
PHY-3002 : Step(170): len = 103141, overlap = 167.094
PHY-3001 : :::1::: Try harder cell spreading with beta_ = 0.000113837
PHY-3002 : Step(171): len = 104203, overlap = 160.562
PHY-3002 : Step(172): len = 104897, overlap = 154.531
PHY-3002 : Step(173): len = 105405, overlap = 154.656
PHY-3001 : :::2::: Try harder cell spreading with beta_ = 0.000200526
PHY-3002 : Step(174): len = 106414, overlap = 150.438
PHY-3002 : Step(175): len = 107924, overlap = 144.625
PHY-3002 : Step(176): len = 109273, overlap = 128.656
PHY-3002 : Step(177): len = 110672, overlap = 127.906
PHY-3002 : Step(178): len = 111246, overlap = 127.812
PHY-3001 : :::3::: Try harder cell spreading with beta_ = 0.000401052
PHY-3002 : Step(179): len = 112005, overlap = 122.75
PHY-3002 : Step(180): len = 112295, overlap = 122.438
PHY-3002 : Step(181): len = 113753, overlap = 121.75
PHY-3002 : Step(182): len = 115295, overlap = 120.594
PHY-3002 : Step(183): len = 115784, overlap = 121.75
PHY-3002 : Step(184): len = 115693, overlap = 119.469
PHY-3002 : Step(185): len = 115564, overlap = 120
PHY-3001 : :::4::: Try harder cell spreading with beta_ = 0.00072765
PHY-3002 : Step(186): len = 116124, overlap = 118.438
PHY-3002 : Step(187): len = 117098, overlap = 118.719
PHY-3002 : Step(188): len = 118094, overlap = 115.875
PHY-3001 : :::5::: Try harder cell spreading with beta_ = 0.00117734
PHY-3002 : Step(189): len = 118257, overlap = 116.062
PHY-3002 : Step(190): len = 118844, overlap = 108.844
PHY-3002 : Step(191): len = 120393, overlap = 111.25
PHY-3002 : Step(192): len = 122102, overlap = 114.344
PHY-3002 : Step(193): len = 123306, overlap = 111.062
PHY-3002 : Step(194): len = 123991, overlap = 110.812
PHY-3002 : Step(195): len = 124885, overlap = 114.5
PHY-3002 : Step(196): len = 125652, overlap = 110.969
PHY-3002 : Step(197): len = 126076, overlap = 111.156
PHY-3002 : Step(198): len = 126290, overlap = 111.969
PHY-3002 : Step(199): len = 126519, overlap = 108.219
PHY-3001 : :::6::: Try harder cell spreading with beta_ = 0.00228008
PHY-3002 : Step(200): len = 126727, overlap = 107.219
PHY-3002 : Step(201): len = 127606, overlap = 107.438
OPT-1001 : Start physical optimization ...
OPT-1001 : Total overflow 107.44 peak overflow 1.69
OPT-1001 : Start high-fanout net optimization ...
OPT-1001 : Update timing in global mode
PHY-1001 : Start incremental global routing, caller is place ...
RUN-1001 : Generating global routing grids ...
PHY-1001 : Generate routing nets ...
PHY-1001 : Reuse net number 167/5778.
PHY-1001 : Global iterations in 12 thread ...
PHY-1002 : len = 146928, over cnt = 765(6%), over = 2877, worst = 22
PHY-1001 : End global iterations;  0.356417s wall, 0.125000s user + 0.000000s system = 0.125000s CPU (35.1%)

PHY-1001 : Congestion index: top1 = 71.11, top5 = 53.22, top10 = 45.24, top15 = 40.98.
PHY-1001 : End incremental global routing;  0.419198s wall, 0.171875s user + 0.015625s system = 0.187500s CPU (44.7%)

RUN-1002 : start command "start_timer -report"
TMR-5001 WARNING: No sdc constraints found while initiating timer.
TMR-2505 : Start building timing graph for model TOP_test.
TMR-2506 : Build timing graph completely. Port num: 16, tpin num: 21268, tnet num: 5776, tinst num: 4156, tnode num: 27417, tedge num: 37290.
TMR-2508 : Levelizing timing graph completed, there are 61 levels in total.
TMR-2501 : Timing graph initialized successfully.
OPT-1001 : End timing update;  0.470627s wall, 0.203125s user + 0.000000s system = 0.203125s CPU (43.2%)

OPT-1001 : 0 high-fanout net processed.
OPT-1001 : End high-fanout net optimization;  0.982268s wall, 0.468750s user + 0.015625s system = 0.484375s CPU (49.3%)

OPT-1001 : Current memory(MB): used = 315, reserve = 290, peak = 315.
OPT-1001 : End physical optimization;  1.028046s wall, 0.468750s user + 0.015625s system = 0.484375s CPU (47.1%)

PHY-3001 : Start packing ...
SYN-4007 : Packing 0 MUX to BLE ...
SYN-4008 : Packed 0 MUX and 0 SEQ to BLE.
SYN-4007 : Packing 1418 LUT to BLE ...
SYN-4008 : Packed 1418 LUT and 789 SEQ to BLE.
SYN-4003 : Packing 852 remaining SEQ's ...
SYN-4005 : Packed 348 SEQ with LUT/SLICE
SYN-4006 : 404 single LUT's are left
SYN-4006 : 504 single SEQ's are left
SYN-4011 : Packing model "TOP_test" (AL_USER_NORMAL) with 1922/3021 primitive instances ...
PHY-3001 : End packing;  0.197289s wall, 0.093750s user + 0.000000s system = 0.093750s CPU (47.5%)

PHY-1001 : Populate physical database on model TOP_test.
RUN-1001 : There are total 2119 instances
RUN-1001 : 1038 mslices, 1039 lslices, 16 pads, 11 brams, 10 dsps
RUN-1001 : There are total 5077 nets
RUN-1001 : 3534 nets have 2 pins
RUN-1001 : 1198 nets have [3 - 5] pins
RUN-1001 : 171 nets have [6 - 10] pins
RUN-1001 : 124 nets have [11 - 20] pins
RUN-1001 : 44 nets have [21 - 99] pins
RUN-1001 : 6 nets have 100+ pins
PHY-3001 : design contains 2117 instances, 2077 slices, 137 macros(1057 instances: 682 mslices 375 lslices)
PHY-3001 : Cell area utilization is 76%
PHY-3001 : After packing: Len = 128403, Over = 159.75
PHY-3001 : Run with size of 1
PHY-3001 : Cell area utilization is 76%
PHY-3001 : Analyzing congestion ...
RUN-1001 : Generating global routing grids ...
PHY-1001 : Generate routing nets ...
PHY-1001 : Reuse net number 2968/5077.
PHY-1001 : Global iterations in 12 thread ...
PHY-1002 : len = 149936, over cnt = 609(5%), over = 1797, worst = 16
PHY-1002 : len = 159344, over cnt = 328(2%), over = 569, worst = 9
PHY-1002 : len = 164040, over cnt = 97(0%), over = 146, worst = 9
PHY-1002 : len = 165776, over cnt = 6(0%), over = 6, worst = 1
PHY-1002 : len = 166128, over cnt = 0(0%), over = 0, worst = 0
PHY-1001 : End global iterations;  0.502395s wall, 0.156250s user + 0.015625s system = 0.171875s CPU (34.2%)

PHY-1001 : Congestion index: top1 = 49.79, top5 = 42.99, top10 = 39.36, top15 = 37.01.
PHY-3001 : End congestion estimation;  0.574179s wall, 0.187500s user + 0.015625s system = 0.203125s CPU (35.4%)

PHY-3001 : Update density targets...
PHY-3001 : Update congestion history...
PHY-3001 : :::0::: Try harder cell spreading with beta_ = 2.52926e-05
PHY-3002 : Step(202): len = 112435, overlap = 168
PHY-3002 : Step(203): len = 110768, overlap = 170.25
PHY-3002 : Step(204): len = 109306, overlap = 174
PHY-3002 : Step(205): len = 108852, overlap = 175.25
PHY-3002 : Step(206): len = 108316, overlap = 184.25
PHY-3002 : Step(207): len = 106410, overlap = 191.25
PHY-3002 : Step(208): len = 105877, overlap = 190.25
PHY-3002 : Step(209): len = 105675, overlap = 189.5
PHY-3001 : :::1::: Try harder cell spreading with beta_ = 5.05852e-05
PHY-3002 : Step(210): len = 108895, overlap = 169.25
PHY-3002 : Step(211): len = 110361, overlap = 156.25
PHY-3002 : Step(212): len = 111849, overlap = 153.5
PHY-3001 : :::2::: Try harder cell spreading with beta_ = 0.00010117
PHY-3002 : Step(213): len = 113543, overlap = 148.75
PHY-3002 : Step(214): len = 115318, overlap = 141.5
PHY-3002 : Step(215): len = 118461, overlap = 135.5
PHY-3002 : Step(216): len = 119076, overlap = 130.75
PHY-3002 : Step(217): len = 119094, overlap = 130.5
PHY-3002 : Step(218): len = 118751, overlap = 129.75
PHY-3001 : :::3::: Try harder cell spreading with beta_ = 0.000188659
PHY-3002 : Step(219): len = 121020, overlap = 127.5
PHY-3002 : Step(220): len = 122752, overlap = 124.75
PHY-3002 : Step(221): len = 123985, overlap = 124.75
PHY-3001 : :::4::: Try harder cell spreading with beta_ = 0.000346146
PHY-3002 : Step(222): len = 124631, overlap = 118.5
PHY-3002 : Step(223): len = 126722, overlap = 118
PHY-3002 : Step(224): len = 129321, overlap = 111.5
PHY-3002 : Step(225): len = 130687, overlap = 115.75
PHY-3002 : Step(226): len = 130685, overlap = 110.5
PHY-3002 : Step(227): len = 130654, overlap = 102.75
PHY-3002 : Step(228): len = 130815, overlap = 101.75
PHY-3002 : Step(229): len = 131080, overlap = 98
PHY-3002 : Step(230): len = 131308, overlap = 98.25
PHY-3002 : Step(231): len = 131643, overlap = 96.75
PHY-3001 : :::5::: Try harder cell spreading with beta_ = 0.000585913
PHY-3002 : Step(232): len = 132781, overlap = 95.75
PHY-3002 : Step(233): len = 133860, overlap = 96
PHY-3002 : Step(234): len = 134705, overlap = 98
PHY-3002 : Step(235): len = 135622, overlap = 96
PHY-3002 : Step(236): len = 135891, overlap = 93
PHY-3002 : Step(237): len = 136046, overlap = 92.75
PHY-3001 : :::6::: Try harder cell spreading with beta_ = 0.00100155
PHY-3002 : Step(238): len = 136912, overlap = 93.5
PHY-3002 : Step(239): len = 137588, overlap = 93.75
PHY-3002 : Step(240): len = 137970, overlap = 94
PHY-3001 : Legalization ...
PHY-3001 : End legalization;  0.597609s wall, 0.109375s user + 0.156250s system = 0.265625s CPU (44.4%)

PHY-3001 : Trial Legalized: Len = 147487
PHY-3001 : Run with size of 1
PHY-3001 : Cell area utilization is 74%
PHY-3001 : Analyzing congestion ...
RUN-1001 : Generating global routing grids ...
PHY-1001 : Generate routing nets ...
PHY-1001 : Reuse net number 264/5077.
PHY-1001 : Global iterations in 12 thread ...
PHY-1002 : len = 173096, over cnt = 555(5%), over = 966, worst = 8
PHY-1002 : len = 177704, over cnt = 310(2%), over = 416, worst = 7
PHY-1002 : len = 181680, over cnt = 102(0%), over = 125, worst = 4
PHY-1002 : len = 183544, over cnt = 12(0%), over = 12, worst = 1
PHY-1002 : len = 184456, over cnt = 0(0%), over = 0, worst = 0
PHY-1001 : End global iterations;  0.671315s wall, 0.296875s user + 0.000000s system = 0.296875s CPU (44.2%)

PHY-1001 : Congestion index: top1 = 48.89, top5 = 41.88, top10 = 38.79, top15 = 36.71.
PHY-3001 : End congestion estimation;  0.750012s wall, 0.328125s user + 0.000000s system = 0.328125s CPU (43.7%)

PHY-3001 : Update density targets...
PHY-3001 : Update congestion history...
PHY-3001 : :::0::: Try harder cell spreading with beta_ = 7.25874e-05
PHY-3002 : Step(241): len = 135948, overlap = 58.75
PHY-3002 : Step(242): len = 132124, overlap = 77.5
PHY-3002 : Step(243): len = 131677, overlap = 80.75
PHY-3002 : Step(244): len = 131792, overlap = 77.25
PHY-3002 : Step(245): len = 131947, overlap = 75
PHY-3002 : Step(246): len = 131814, overlap = 74.5
PHY-3001 : :::1::: Try harder cell spreading with beta_ = 0.000145175
PHY-3002 : Step(247): len = 133324, overlap = 69.5
PHY-3002 : Step(248): len = 134124, overlap = 66.75
PHY-3002 : Step(249): len = 134821, overlap = 64.5
PHY-3001 : :::2::: Try harder cell spreading with beta_ = 0.00029035
PHY-3002 : Step(250): len = 135645, overlap = 64
PHY-3002 : Step(251): len = 136010, overlap = 62.75
PHY-3002 : Step(252): len = 137171, overlap = 60.75
PHY-3002 : Step(253): len = 137516, overlap = 61
PHY-3002 : Step(254): len = 137568, overlap = 60.5
PHY-3001 : Legalization ...
PHY-3001 : End legalization;  0.005340s wall, 0.000000s user + 0.000000s system = 0.000000s CPU (n/a%)

PHY-3001 : Legalized: Len = 140570, Over = 0
PHY-3001 : End spreading;  0.011244s wall, 0.000000s user + 0.000000s system = 0.000000s CPU (n/a%)

PHY-3001 : Final: Len = 140570, Over = 0
RUN-1003 : finish command "place" in  13.057733s wall, 4.859375s user + 1.031250s system = 5.890625s CPU (45.1%)

RUN-1004 : used memory is 295 MB, reserved memory is 269 MB, peak memory is 317 MB
RUN-1002 : start command "export_db FOC_Controller_place.db"
RUN-1001 : Exported /
RUN-1001 : Exported flow parameters
RUN-1001 : Exported libs
RUN-1001 : Exported entities
RUN-1001 : Exported ports
RUN-1001 : Exported pins
RUN-1001 : Exported instances
RUN-1001 : Exported nets
RUN-1001 : Exported buses
RUN-1001 : Exported models
RUN-1001 : Exported congestions
RUN-1001 : Exported violations
RUN-1001 : Exported IO constraints
RUN-1001 : Exported Inst constraints
RUN-1003 : finish command "export_db FOC_Controller_place.db" in  1.188189s wall, 1.015625s user + 0.046875s system = 1.062500s CPU (89.4%)

RUN-1004 : used memory is 283 MB, reserved memory is 258 MB, peak memory is 370 MB
RUN-1002 : start command "route"
RUN-1001 : Open license file D:/Anlogic/TD5.6.2/license/Anlogic.lic
RUN-1001 : Print Global Property
RUN-1001 : ---------------------------------------------------------------
RUN-1001 :        Parameters        |  Settings  |  Default Values  |  Note  
RUN-1001 : ---------------------------------------------------------------
RUN-1001 :          message         |  standard  |     standard     |        
RUN-1001 :   mixed_pack_place_flow  |     on     |        on        |        
RUN-1001 :        qor_monitor       |    off     |       off        |        
RUN-1001 :        syn_ip_flow       |    off     |       off        |        
RUN-1001 :          thread          |    auto    |       auto       |        
RUN-1001 : ---------------------------------------------------------------
RUN-1001 : Print Route Property
RUN-1001 : -------------------------------------------------------
RUN-1001 :    Parameters    |  Settings  |  Default Values  |  Note  
RUN-1001 : -------------------------------------------------------
RUN-1001 :      effort      |   medium   |      medium      |        
RUN-1001 :     fix_hold     |    off     |       off        |        
RUN-1001 :    opt_timing    |   medium   |      medium      |        
RUN-1001 :   phy_sim_model  |    off     |       off        |        
RUN-1001 :     priority     |   timing   |      timing      |        
RUN-1001 :     swap_pin     |     on     |        on        |        
RUN-1001 : -------------------------------------------------------
PHY-1001 : Route runs in 12 thread(s)
RUN-1001 : There are total 2119 instances
RUN-1001 : 1038 mslices, 1039 lslices, 16 pads, 11 brams, 10 dsps
RUN-1001 : There are total 5077 nets
RUN-1001 : 3534 nets have 2 pins
RUN-1001 : 1198 nets have [3 - 5] pins
RUN-1001 : 171 nets have [6 - 10] pins
RUN-1001 : 124 nets have [11 - 20] pins
RUN-1001 : 44 nets have [21 - 99] pins
RUN-1001 : 6 nets have 100+ pins
RUN-1002 : start command "start_timer -report"
TMR-5001 WARNING: No sdc constraints found while initiating timer.
TMR-2505 : Start building timing graph for model TOP_test.
TMR-2506 : Build timing graph completely. Port num: 16, tpin num: 17921, tnet num: 5075, tinst num: 2117, tnode num: 22133, tedge num: 33013.
TMR-2508 : Levelizing timing graph completed, there are 59 levels in total.
TMR-2501 : Timing graph initialized successfully.
PHY-1001 : 1038 mslices, 1039 lslices, 16 pads, 11 brams, 10 dsps
TMR-2503 : Start to update net delay, extr mode = 3.
TMR-2504 : Update delay of 5075 nets completely.
TMR-2502 : Annotate delay completely, extr mode = 3.
TMR-3002 : No user constraint, initiate default constraint.
TMR-1501 : Assign derive clock DeriveClock to 1912 clock pins, and constraint 4210 relative nodes.
TMR-3003 : Constraints initiated successfully.
TMR-3501 : Forward propagation: start to calculate arrival time...
TMR-3502 : Backward propagation: start to calculate required time...
TMR-3503 : Timing propagation completes.
PHY-1001 : Start global routing, caller is route ...
RUN-1001 : Generating global routing grids ...
PHY-1001 : Generate routing nets ...
PHY-1001 : Global iterations in 12 thread ...
PHY-1002 : len = 163096, over cnt = 581(5%), over = 1008, worst = 8
PHY-1002 : len = 168344, over cnt = 336(3%), over = 464, worst = 6
PHY-1002 : len = 173064, over cnt = 87(0%), over = 109, worst = 4
PHY-1002 : len = 174864, over cnt = 10(0%), over = 10, worst = 1
PHY-1002 : len = 175568, over cnt = 0(0%), over = 0, worst = 0
PHY-1001 : End global iterations;  0.670517s wall, 0.265625s user + 0.000000s system = 0.265625s CPU (39.6%)

PHY-1001 : Congestion index: top1 = 49.38, top5 = 41.56, top10 = 37.92, top15 = 35.83.
PHY-1001 : End global routing;  0.755608s wall, 0.312500s user + 0.000000s system = 0.312500s CPU (41.4%)

PHY-1001 : Start detail routing ...
PHY-1001 : Current memory(MB): used = 363, reserve = 339, peak = 370.
PHY-1001 : Detailed router is running in normal mode.
PHY-1001 : Generate detailed routing grids ...
PHY-1001 : Generate nets ...
PHY-1001 : net I_clk_25m_dup_1 will be routed on clock mesh
PHY-1001 : net u_foc_controller/u_adc_ad7928/clk will be routed on clock mesh
PHY-1001 : clock net u_pll/clk0_out will be merged with clock u_pll/clk0_buf
PHY-1001 : Current memory(MB): used = 449, reserve = 425, peak = 449.
PHY-1001 : End build detailed router design. 1.924863s wall, 0.890625s user + 0.000000s system = 0.890625s CPU (46.3%)

PHY-1001 : Detail Route ...
PHY-1001 : ===== Detail Route Phase 1 =====
PHY-1001 : Clock net routing.....
PHY-1001 : Routed 0% nets.
PHY-1022 : len = 34928, over cnt = 0(0%), over = 0, worst = 0, crit = 0
PHY-1001 : End initial clock net routed; 0.144709s wall, 0.015625s user + 0.015625s system = 0.031250s CPU (21.6%)

PHY-1001 : Current memory(MB): used = 460, reserve = 437, peak = 460.
PHY-1001 : End phase 1; 0.146824s wall, 0.015625s user + 0.015625s system = 0.031250s CPU (21.3%)

PHY-1001 : ===== Detail Route Phase 2 =====
PHY-1001 : Initial routing.....
PHY-1001 : Routed 33% nets.
PHY-1001 : Routed 40% nets.
PHY-1001 : Routed 50% nets.
PHY-1001 : Routed 64% nets.
PHY-1001 : Routed 81% nets.
PHY-1022 : len = 427440, over cnt = 208(0%), over = 208, worst = 1, crit = 0
PHY-1001 : Current memory(MB): used = 461, reserve = 438, peak = 461.
PHY-1001 : End initial routed; 3.073734s wall, 1.656250s user + 0.000000s system = 1.656250s CPU (53.9%)

PHY-1001 : Current memory(MB): used = 461, reserve = 438, peak = 461.
PHY-1001 : End phase 2; 3.073829s wall, 1.656250s user + 0.000000s system = 1.656250s CPU (53.9%)

PHY-1001 : ===== Detail Route Phase 3 =====
PHY-1001 : Ripup-reroute.....
PHY-1001 : ===== DR Iter 1 =====
PHY-1022 : len = 424880, over cnt = 63(0%), over = 63, worst = 1, crit = 0
PHY-1001 : End DR Iter 1; 0.185236s wall, 0.078125s user + 0.000000s system = 0.078125s CPU (42.2%)

PHY-1001 : ===== DR Iter 2 =====
PHY-1022 : len = 425072, over cnt = 6(0%), over = 6, worst = 1, crit = 0
PHY-1001 : End DR Iter 2; 0.075866s wall, 0.015625s user + 0.000000s system = 0.015625s CPU (20.6%)

PHY-1001 : ===== DR Iter 3 =====
PHY-1022 : len = 425096, over cnt = 2(0%), over = 2, worst = 1, crit = 0
PHY-1001 : End DR Iter 3; 0.044183s wall, 0.000000s user + 0.000000s system = 0.000000s CPU (n/a%)

PHY-1001 : ===== DR Iter 4 =====
PHY-1022 : len = 425160, over cnt = 0(0%), over = 0, worst = 0, crit = 0
PHY-1001 : End DR Iter 4; 0.036776s wall, 0.015625s user + 0.000000s system = 0.015625s CPU (42.5%)

PHY-1001 : Commit to database.....
PHY-5014 WARNING: Detail route doesn't find pib for u_pll/pll_inst.ssc_en[0]
PHY-5014 WARNING: Detail route doesn't find pib for u_pll/pll_inst.dsm_rst[0]
PHY-5014 WARNING: Detail route doesn't find pib for u_pll/pll_inst.dsm_refclk[0]
PHY-5014 WARNING: Detail route doesn't find pib for u_pll/pll_inst.frac_offset_valid[0]
PHY-1001 : 25 feed throughs used by 24 nets
PHY-1001 : End commit to database; 0.670396s wall, 0.265625s user + 0.000000s system = 0.265625s CPU (39.6%)

PHY-1001 : Current memory(MB): used = 488, reserve = 466, peak = 488.
PHY-1001 : End phase 3; 1.075939s wall, 0.390625s user + 0.000000s system = 0.390625s CPU (36.3%)

PHY-1003 : Routed, final wirelength = 425160
PHY-1001 : Current memory(MB): used = 489, reserve = 467, peak = 489.
PHY-1001 : End export database. 0.018257s wall, 0.015625s user + 0.000000s system = 0.015625s CPU (85.6%)

PHY-1001 : End detail routing;  6.376396s wall, 3.015625s user + 0.015625s system = 3.031250s CPU (47.5%)

RUN-1003 : finish command "route" in  7.891295s wall, 3.625000s user + 0.046875s system = 3.671875s CPU (46.5%)

RUN-1004 : used memory is 416 MB, reserved memory is 396 MB, peak memory is 489 MB
RUN-1002 : start command "report_area -io_info -file FOC_Controller_phy.area"
RUN-1001 : standard
***Report Model: TOP_test Device: SF1S60CG121I***

IO Statistics
#IO                        16
  #input                    6
  #output                   9
  #inout                    1

Utilization Statistics
#lut                     3552   out of   5824   60.99%
#reg                     1653   out of   5824   28.38%
#le                      4056
  #lut only              2403   out of   4056   59.25%
  #reg only               504   out of   4056   12.43%
  #lut&reg               1149   out of   4056   28.33%
#dsp                       10   out of     10  100.00%
#bram                      11   out of     26   42.31%
  #bram9k                  11
  #fifo9k                   0
#hard-ip                    0
  #mcu                      0   out of      1    0.00%
  #dsc                      0   out of      1    0.00%
  #dsi                      0   out of      2    0.00%
  #psram controller         0   out of      2    0.00%
#pad                       16   out of     55   29.09%
  #ireg                     1
  #oreg                    10
  #treg                     1
#pll                        1   out of      2   50.00%
#gclk                       1   out of     16    6.25%

Clock Resource Statistics
Index     ClockNet                             Type               DriverType         Driver                  Fanout
#1        u_foc_controller/u_adc_ad7928/clk    GCLK               pll                u_pll/pll_inst.clkc1    956
#2        I_clk_25m_dup_1                      GeneralRouting     io                 I_clk_25m_syn_2.di      1


Detailed IO Report

     Name       Direction    Location    IOStandard    DriveStrength    PullType     PackReg   
  I_clk_25m       INPUT         D7        LVCMOS18          N/A          PULLUP       NONE     
   I_hall_u       INPUT        G10        LVCMOS18          N/A          PULLUP       NONE     
   I_hall_v       INPUT        H11        LVCMOS18          N/A          PULLUP       NONE     
   I_hall_w       INPUT        H10        LVCMOS18          N/A          PULLUP       NONE     
    I_rstn        INPUT         J2        LVCMOS18          N/A          PULLUP       NONE     
  I_spi_miso      INPUT         B9        LVCMOS18          N/A          PULLUP       IREG     
  O_i2c_scl      OUTPUT         G3        LVCMOS18           8            NONE        OREG     
   O_pwm_a       OUTPUT        C10        LVCMOS18           8            NONE        OREG     
   O_pwm_b       OUTPUT        C11        LVCMOS18           8            NONE        OREG     
   O_pwm_c       OUTPUT        E11        LVCMOS18           8            NONE        OREG     
   O_pwm_en      OUTPUT        F11        LVCMOS18           8            NONE        OREG     
  O_spi_mosi     OUTPUT         B8        LVCMOS18           8            NONE        OREG     
  O_spi_sck      OUTPUT         A9        LVCMOS18           8            NONE        OREG     
   O_spi_ss      OUTPUT         A8        LVCMOS18           8            NONE        OREG     
  O_uart_tx      OUTPUT         A4        LVCMOS18           8            NONE        OREG     
  IO_i2c_sda      INOUT         H3        LVCMOS18           8           PULLUP     OREG;TREG  

Report Hierarchy Area:
+------------------------------------------------------------------------------------------------+
|Instance                |Module            |le     |lut     |ripple  |seq     |bram    |dsp     |
+------------------------------------------------------------------------------------------------+
|top                     |TOP_test          |4056   |2495    |1057    |1665    |11      |10      |
|  u_foc_controller      |foc_controller    |3773   |2253    |1018    |1504    |11      |10      |
|    u_adc_ad7928        |adc_ad7928        |148    |98      |28      |77      |0       |0       |
|    u_as5600_encoder    |as5600_encoder    |435    |254     |179     |63      |0       |0       |
|      u_as5600_read     |i2c_register_read |241    |157     |82      |36      |0       |0       |
|    u_foc_top           |foc_top           |2652   |1695    |735     |998     |11      |10      |
|      u_adc_sn_ctrl     |hold_detect       |16     |12      |4       |8       |0       |0       |
|      u_cartesian2polar |cartesian2polar   |531    |428     |101     |197     |8       |0       |
|      u_clark_tr        |clark_tr          |157    |77      |44      |88      |0       |0       |
|      u_id_pi           |pi_controller     |575    |317     |207     |176     |0       |3       |
|      u_iq_pi           |pi_controller     |575    |327     |212     |167     |0       |3       |
|      u_park_tr         |park_tr           |206    |152     |44      |90      |2       |4       |
|        u_sincos        |sincos            |146    |120     |26      |62      |2       |0       |
|      u_svpwm           |svpwm             |465    |309     |98      |192     |1       |0       |
|    u_hall_encoder      |hall_encoder      |536    |204     |76      |365     |0       |0       |
|  u_pll                 |pll               |0      |0       |0       |0       |0       |0       |
|  u_uart_monitor        |uart_monitor      |199    |180     |17      |111     |0       |0       |
+------------------------------------------------------------------------------------------------+


DataNet Average Fanout:

   Index     Fanout     Nets  
    #1          1       3516  
    #2          2       643   
    #3          3       483   
    #4          4        72   
    #5        5-10      194   
    #6        11-50     140   
    #7       51-100      5    
    #8       101-500     3    
  Average     2.35            

RUN-1002 : start command "export_db FOC_Controller_pr.db"
RUN-1001 : Exported /
RUN-1001 : Exported flow parameters
RUN-1001 : Exported libs
RUN-1001 : Exported entities
RUN-1001 : Exported ports
RUN-1001 : Exported pins
RUN-1001 : Exported instances
RUN-1001 : Exported nets
RUN-1001 : Exported buses
RUN-1001 : Exported models
RUN-1001 : Exported congestions
RUN-1001 : Exported violations
RUN-1001 : Exported IO constraints
RUN-1001 : Exported Inst constraints
RUN-1003 : finish command "export_db FOC_Controller_pr.db" in  1.288865s wall, 0.718750s user + 0.015625s system = 0.734375s CPU (57.0%)

RUN-1004 : used memory is 422 MB, reserved memory is 404 MB, peak memory is 498 MB
RUN-1002 : start command "export_bid FOC_Controller_inst.bid"
PRG-1000 : <!-- HMAC is: 6b861322dd0de563203fbe03c30b788e711c277bbb67479877cd6350b45f30ee -->
RUN-1002 : start command "bitgen -bit FOC_Controller.bit"
BIT-1003 : Start to generate bitstream. 
BIT-1002 : Init instances with 12 threads.
BIT-1002 : Init instances completely, inst num: 2117
BIT-1002 : Init pips with 12 threads.
BIT-1002 : Init pips completely, net num: 5077, pip num: 38575
BIT-1002 : Init feedthrough with 12 threads.
BIT-1002 : Init feedthrough completely, num: 25
BIT-1003 : Multithreading accelaration with 12 threads.
BIT-1003 : Generate bitstream completely, there are 1095 valid insts, and 119775 bits set as '1'.
BIT-1004 : the usercode register value: 00000000110001010000000000000000
BIT-1004 : Generate bits file FOC_Controller.bit.
RUN-1003 : finish command "bitgen -bit FOC_Controller.bit" in  3.602111s wall, 20.250000s user + 0.046875s system = 20.296875s CPU (563.5%)

RUN-1004 : used memory is 426 MB, reserved memory is 410 MB, peak memory is 605 MB
RUN-1002 : start command "backup_run_log run.log ../.logs/phy_1/td_20231108_141250.log"
