============================================================
   Tang Dynasty, V5.6.71036
      Copyright (c) 2012-2023 Anlogic Inc.
   Executable = D:/Anlogic/TD5.6.2/bin/td.exe
   Built at =   20:34:38 Mar 21 2023
   Run by =     15597
   Run Date =   Mon Nov  6 13:06:45 2023

   Run on =     XR097-DELL-G7
============================================================
RUN-1002 : start command "open_project FOC_Controller.prj"
RUN-1001 : Print Global Property
RUN-1001 : ---------------------------------------------------------------
RUN-1001 :        Parameters        |  Settings  |  Default Values  |  Note  
RUN-1001 : ---------------------------------------------------------------
RUN-1001 :          message         |  standard  |     standard     |        
RUN-1001 :   mixed_pack_place_flow  |     on     |        on        |        
RUN-1001 :        qor_monitor       |    off     |       off        |        
RUN-1001 :        syn_ip_flow       |    off     |       off        |        
RUN-1001 :          thread          |    auto    |       auto       |        
RUN-1001 : ---------------------------------------------------------------
RUN-1001 : Print Design Property
RUN-1001 : --------------------------------------------------------------
RUN-1001 :        Parameters       |  Settings  |  Default Values  |  Note  
RUN-1001 : --------------------------------------------------------------
RUN-1001 :   default_reg_initial   |    auto    |       auto       |        
RUN-1001 :        infer_add        |     on     |        on        |        
RUN-1001 :        infer_fsm        |    off     |       off        |        
RUN-1001 :        infer_mult       |     on     |        on        |        
RUN-1001 :        infer_ram        |     on     |        on        |        
RUN-1001 :        infer_reg        |     on     |        on        |        
RUN-1001 :   infer_reg_init_value  |     on     |        on        |        
RUN-1001 :        infer_rom        |     on     |        on        |        
RUN-1001 :      infer_shifter      |     on     |        on        |        
RUN-1001 : --------------------------------------------------------------
RUN-1001 : Print Rtl Property
RUN-1001 : --------------------------------------------------------------
RUN-1001 :        Parameters       |  Settings  |  Default Values  |  Note  
RUN-1001 : --------------------------------------------------------------
RUN-1001 :       compress_add      |   ripple   |      ripple      |        
RUN-1001 :        elf_sload        |    off     |       off        |        
RUN-1001 :       fix_undriven      |     0      |        0         |        
RUN-1001 :         flatten         |    off     |       off        |        
RUN-1001 :       gate_sharing      |     on     |        on        |        
RUN-1001 :    hdl_warning_level    |   normal   |      normal      |        
RUN-1001 :   impl_internal_tribuf  |     on     |        on        |        
RUN-1001 :      impl_set_reset     |     on     |        on        |        
RUN-1001 :        infer_gsr        |    off     |       off        |        
RUN-1001 :      keep_hierarchy     |    auto    |       auto       |        
RUN-1001 :        max_fanout       |    9999    |       9999       |        
RUN-1001 :      max_oh2bin_len     |     10     |        10        |        
RUN-1001 :       merge_equal       |     on     |        on        |        
RUN-1001 :       merge_equiv       |     on     |        on        |        
RUN-1001 :        merge_mux        |    off     |       off        |        
RUN-1001 :     min_control_set     |     8      |        8         |        
RUN-1001 :      min_ripple_len     |    auto    |       auto       |        
RUN-1001 :       oh2bin_ratio      |    0.08    |       0.08       |        
RUN-1001 :     opt_adder_fanout    |     on     |        on        |        
RUN-1001 :        opt_arith        |     on     |        on        |        
RUN-1001 :       opt_big_gate      |    off     |       off        |        
RUN-1001 :        opt_const        |     on     |        on        |        
RUN-1001 :      opt_const_mult     |     on     |        on        |        
RUN-1001 :       opt_lessthan      |     on     |        on        |        
RUN-1001 :         opt_mux         |    off     |       off        |        
RUN-1001 :         opt_ram         |    high    |       high       |        
RUN-1001 :      rtl_sim_model      |    off     |       off        |        
RUN-1001 :         seq_syn         |     on     |        on        |        
RUN-1001 : --------------------------------------------------------------
HDL-1007 : analyze verilog file ../../al_ip/pll.v
HDL-1007 : undeclared symbol 'open', assumed default net type 'wire' in ../../al_ip/pll.v(96)
HDL-1007 : analyze verilog file ../../al_ip/MCU.v
HDL-1007 : analyze verilog file ../../hall_sensor.v
HDL-1007 : analyze verilog file ../../shift_filter.v
HDL-1007 : analyze verilog file ../../ahb2hall_sensor.v
HDL-1007 : analyze verilog file ../../TOP.v
HDL-1007 : undeclared symbol 'S_sys_clk_40m', assumed default net type 'wire' in ../../TOP.v(26)
RUN-1001 : Project manager successfully analyzed 6 source files.
RUN-1002 : start command "import_device sf1_6.db -package SF1S60CG121I"
ARC-1001 : Device Initialization.
ARC-1001 : -------------------------------------------------
ARC-1001 :       OPTION       |      IO       |   SETTING   
ARC-1001 : -------------------------------------------------
ARC-1001 :        done        |      B4       |    gpio    
ARC-1001 :        initn       |      A5       |    gpio    
ARC-1001 :       jtagen       |      B7       |    gpio    
ARC-1001 :      programn      |      B5       |  dedicate  
ARC-1001 :   tdi/tms/tck/tdo  |  C4/A6/A7/C5  |  dedicate  
ARC-1001 : -------------------------------------------------
ARC-1004 : Device setting, marked 5 dedicate IOs in total.
RUN-1002 : start command "import_db ../syn_1/FOC_Controller_gate.db"
RUN-1001 : Importing database generated by Tang Dynasty, V5.6.71036.
RUN-1001 : Database version number 46146.
RUN-1001 : Import flow parameters
RUN-1001 : Import IO constraints
RUN-1001 : Import Inst constraints
RUN-1001 : Import design success TD_VERSION=5.6.71036 , DB_VERSION=46146
RUN-1002 : start command "place"
RUN-1001 : Open license file D:/Anlogic/TD5.6.2/license/Anlogic.lic
RUN-1001 : Print Global Property
RUN-1001 : ---------------------------------------------------------------
RUN-1001 :        Parameters        |  Settings  |  Default Values  |  Note  
RUN-1001 : ---------------------------------------------------------------
RUN-1001 :          message         |  standard  |     standard     |        
RUN-1001 :   mixed_pack_place_flow  |     on     |        on        |        
RUN-1001 :        qor_monitor       |    off     |       off        |        
RUN-1001 :        syn_ip_flow       |    off     |       off        |        
RUN-1001 :          thread          |    auto    |       auto       |        
RUN-1001 : ---------------------------------------------------------------
RUN-1001 : Print Place Property
RUN-1001 : --------------------------------------------------------------
RUN-1001 :        Parameters       |  Settings  |  Default Values  |  Note  
RUN-1001 : --------------------------------------------------------------
RUN-1001 :      detailed_place     |     on     |        on        |        
RUN-1001 :          effort         |   medium   |      medium      |        
RUN-1001 :         fix_hold        |    off     |       off        |        
RUN-1001 :       legalization      |    ori     |       ori        |        
RUN-1001 :      new_spreading      |     on     |        on        |        
RUN-1001 :        opt_timing       |   medium   |      medium      |        
RUN-1001 :   post_clock_route_opt  |    off     |       off        |        
RUN-1001 :       pr_strategy       |     1      |        1         |        
RUN-1001 :        relaxation       |    1.00    |       1.00       |        
RUN-1001 :         retiming        |    off     |       off        |        
RUN-1001 : --------------------------------------------------------------
PHY-3001 : Placer runs in 12 thread(s).
RUN-1002 : start command "legalize_phy_inst"
SYN-1011 : Flatten model fpga_top
SYN-5055 WARNING: The kept net u_mcu/hsize_int[2] will be merged to another kept net u_ahb_hall_sensor/I_ahb_hsize[2]
SYN-5055 WARNING: The kept net u_mcu/hsize_int[1] will be merged to another kept net u_ahb_hall_sensor/I_ahb_hsize[1]
SYN-5055 WARNING: The kept net u_mcu/hsize_int[0] will be merged to another kept net u_ahb_hall_sensor/I_ahb_hsize[0]
SYN-5055 WARNING: The kept net u_mcu/hrdata[31] will be merged to another kept net u_ahb_hall_sensor/O_ahb_hrdata[31]
SYN-5055 WARNING: The kept net u_mcu/hrdata[30] will be merged to another kept net u_ahb_hall_sensor/O_ahb_hrdata[30]
SYN-5055 WARNING: The kept net u_mcu/hrdata[29] will be merged to another kept net u_ahb_hall_sensor/O_ahb_hrdata[29]
SYN-5055 WARNING: The kept net u_mcu/hrdata[28] will be merged to another kept net u_ahb_hall_sensor/O_ahb_hrdata[28]
SYN-5055 WARNING: The kept net u_mcu/hrdata[27] will be merged to another kept net u_ahb_hall_sensor/O_ahb_hrdata[27]
SYN-5055 WARNING: The kept net u_mcu/hrdata[26] will be merged to another kept net u_ahb_hall_sensor/O_ahb_hrdata[26]
SYN-5055 WARNING: The kept net u_mcu/hrdata[25] will be merged to another kept net u_ahb_hall_sensor/O_ahb_hrdata[25]
SYN-5055 Similar messages will be suppressed.
RUN-1002 : start command "phys_opt -simplify_lut"
SYN-4016 : Net u_mcu/hclk driven by BUFG (119 clock/control pins, 1 other pins).
SYN-4027 : Net u_ahb_hall_sensor/hall_sendor_u1/clk is clkc1 of pll u_pll/pll_inst.
SYN-4019 : Net I_clk_25m_dup_1 is refclk of pll u_pll/pll_inst.
SYN-4020 : Net I_clk_25m_dup_1 is fbclk of pll u_pll/pll_inst.
SYN-4025 : Tag rtl::Net I_clk_25m_dup_1 as clock net
SYN-4025 : Tag rtl::Net u_ahb_hall_sensor/hall_sendor_u1/clk as clock net
SYN-4025 : Tag rtl::Net u_mcu/hclk as clock net
SYN-4026 : Tagged 3 rtl::Net as clock net
PHY-1001 : Populate physical database on model fpga_top.
RUN-1001 : There are total 573 instances
RUN-0007 : 230 luts, 250 seqs, 43 mslices, 27 lslices, 17 pads, 0 brams, 0 dsps
RUN-1001 : There are total 747 nets
RUN-6004 WARNING: There are 3 nets with only 1 pin.
RUN-1001 : 510 nets have 2 pins
RUN-1001 : 184 nets have [3 - 5] pins
RUN-1001 : 20 nets have [6 - 10] pins
RUN-1001 : 8 nets have [11 - 20] pins
RUN-1001 : 16 nets have [21 - 99] pins
RUN-1001 : 6 nets have 100+ pins
RUN-1001 : Report Control nets information:
RUN-1001 : DFF Distribution
RUN-1001 : ----------------------------------
RUN-1001 :   CE   |  SSR  |  ASR  |  DFF Count  
RUN-1001 : ----------------------------------
RUN-1001 :   No   |  No   |  No   |     19      
RUN-1001 :   No   |  No   |  Yes  |     50      
RUN-1001 :   No   |  Yes  |  No   |      0      
RUN-1001 :   Yes  |  No   |  No   |     69      
RUN-1001 :   Yes  |  No   |  Yes  |     112     
RUN-1001 :   Yes  |  Yes  |  No   |      0      
RUN-1001 : ----------------------------------
RUN-0007 : Control Group Statistic
RUN-0007 : ---------------------------
RUN-0007 :   #CLK  |  #CE  |  #SSR/ASR  
RUN-0007 : ---------------------------
RUN-0007 :    2    |   6   |     3      
RUN-0007 : ---------------------------
RUN-0007 : Control Set = 9
PHY-3001 : Initial placement ...
PHY-3001 : design contains 571 instances, 230 luts, 250 seqs, 70 slices, 8 macros(70 instances: 43 mslices 27 lslices)
PHY-0007 : Cell area utilization is 6%
PHY-3001 : Global placement ...
PHY-3001 : Initial: Len = 115000
PHY-3001 : Run with size of 3
PHY-3001 : Cell area utilization is 6%
PHY-3001 : :::0::: Try harder cell spreading with beta_ = 0
PHY-3002 : Step(1): len = 68128.6, overlap = 0
PHY-3002 : Step(2): len = 48573.8, overlap = 0
PHY-3002 : Step(3): len = 37148.2, overlap = 0
PHY-3002 : Step(4): len = 31359.3, overlap = 0
PHY-3002 : Step(5): len = 26744, overlap = 0
PHY-3002 : Step(6): len = 25470.4, overlap = 0.125
PHY-3002 : Step(7): len = 23161.1, overlap = 1.0625
PHY-3002 : Step(8): len = 21167, overlap = 0
PHY-3002 : Step(9): len = 19526.2, overlap = 1.40625
PHY-3002 : Step(10): len = 17592, overlap = 9.65625
PHY-3002 : Step(11): len = 16905.6, overlap = 7.65625
PHY-3002 : Step(12): len = 14930.9, overlap = 8.90625
PHY-3002 : Step(13): len = 13250, overlap = 7.53125
PHY-3002 : Step(14): len = 13059.9, overlap = 9.09375
PHY-3002 : Step(15): len = 12253.7, overlap = 9.53125
PHY-3001 : :::1::: Try harder cell spreading with beta_ = 0.000194228
PHY-3002 : Step(16): len = 12040.8, overlap = 9.90625
PHY-3002 : Step(17): len = 11263.1, overlap = 11.25
PHY-3002 : Step(18): len = 11365.3, overlap = 12.25
PHY-3002 : Step(19): len = 11410.8, overlap = 11.375
PHY-3001 : :::2::: Try harder cell spreading with beta_ = 0.000388455
PHY-3002 : Step(20): len = 10979.9, overlap = 10.8438
PHY-3002 : Step(21): len = 10902, overlap = 10.9375
PHY-3001 : :::3::: Try harder cell spreading with beta_ = 0.00077691
PHY-3002 : Step(22): len = 10757.5, overlap = 10.625
PHY-3002 : Step(23): len = 10873.4, overlap = 10.125
PHY-3001 : Legalization ...
PHY-3001 : End legalization;  0.002184s wall, 0.000000s user + 0.000000s system = 0.000000s CPU (n/a%)

PHY-3001 : Run with size of 3
PHY-3001 : Cell area utilization is 8%
PHY-3001 : :::0::: Try harder cell spreading with beta_ = 9.97632e-05
PHY-3002 : Step(24): len = 10840.2, overlap = 20.9688
PHY-3002 : Step(25): len = 10848.4, overlap = 20.75
PHY-3002 : Step(26): len = 10806.9, overlap = 20.875
PHY-3001 : :::1::: Try harder cell spreading with beta_ = 0.000199526
PHY-3002 : Step(27): len = 10533.5, overlap = 20
PHY-3002 : Step(28): len = 10416.8, overlap = 20.0625
PHY-3002 : Step(29): len = 10360.7, overlap = 20.0625
PHY-3001 : :::2::: Try harder cell spreading with beta_ = 0.00038046
PHY-3002 : Step(30): len = 10718.3, overlap = 19.1562
PHY-3002 : Step(31): len = 10718.3, overlap = 19.1562
PHY-3002 : Step(32): len = 10566.7, overlap = 17.9688
PHY-3001 : :::3::: Try harder cell spreading with beta_ = 0.00076092
PHY-3002 : Step(33): len = 10902.6, overlap = 16.9375
PHY-3002 : Step(34): len = 10902.6, overlap = 16.9375
PHY-3001 : :::4::: Try harder cell spreading with beta_ = 0.00152184
PHY-3002 : Step(35): len = 11253, overlap = 17.5938
PHY-3002 : Step(36): len = 11253, overlap = 17.5938
PHY-3001 : Run with size of 1
PHY-3001 : Cell area utilization is 8%
PHY-3001 : :::0::: Try harder cell spreading with beta_ = 1.72678e-05
PHY-3002 : Step(37): len = 11666.3, overlap = 48.875
PHY-3002 : Step(38): len = 12588.9, overlap = 45.2812
PHY-3002 : Step(39): len = 12953.7, overlap = 44.8125
PHY-3002 : Step(40): len = 12771.1, overlap = 39.9062
PHY-3002 : Step(41): len = 12756.9, overlap = 36.8438
PHY-3002 : Step(42): len = 11979.4, overlap = 34.0625
PHY-3002 : Step(43): len = 11558.1, overlap = 32.5
PHY-3002 : Step(44): len = 11397, overlap = 33.625
PHY-3002 : Step(45): len = 11071.7, overlap = 32.375
PHY-3001 : :::1::: Try harder cell spreading with beta_ = 3.45355e-05
PHY-3002 : Step(46): len = 11319, overlap = 32.25
PHY-3002 : Step(47): len = 11267, overlap = 32.625
PHY-3002 : Step(48): len = 11265.3, overlap = 31.5
PHY-3001 : :::2::: Try harder cell spreading with beta_ = 5.58785e-05
PHY-3002 : Step(49): len = 11939.5, overlap = 28.9688
PHY-3002 : Step(50): len = 12167, overlap = 29.5312
PHY-3002 : Step(51): len = 12218.1, overlap = 29.75
PHY-3002 : Step(52): len = 12392.1, overlap = 31
PHY-3001 : :::3::: Try harder cell spreading with beta_ = 0.000111757
PHY-3002 : Step(53): len = 12876.5, overlap = 27.4062
PHY-3002 : Step(54): len = 13055.2, overlap = 27.0938
PHY-3002 : Step(55): len = 12838.7, overlap = 27.375
PHY-3002 : Step(56): len = 12837.5, overlap = 26.4688
PHY-3002 : Step(57): len = 13115, overlap = 25.8438
PHY-3001 : :::4::: Try harder cell spreading with beta_ = 0.000223514
PHY-3002 : Step(58): len = 13444.9, overlap = 25.5938
PHY-3002 : Step(59): len = 13380.8, overlap = 25.25
PHY-3002 : Step(60): len = 13647.6, overlap = 24.6562
PHY-3001 : :::5::: Try harder cell spreading with beta_ = 0.000385953
PHY-3002 : Step(61): len = 13815.8, overlap = 23.6562
PHY-3002 : Step(62): len = 14241.1, overlap = 22.9062
PHY-3002 : Step(63): len = 14370.4, overlap = 23.7188
PHY-3002 : Step(64): len = 14294.3, overlap = 23.625
PHY-3001 : :::6::: Try harder cell spreading with beta_ = 0.000771905
PHY-3002 : Step(65): len = 14458.4, overlap = 23.0312
PHY-3002 : Step(66): len = 14429.3, overlap = 23.25
PHY-3001 : :::7::: Try harder cell spreading with beta_ = 0.00124894
PHY-3002 : Step(67): len = 14587.4, overlap = 23.1875
PHY-3002 : Step(68): len = 14670.6, overlap = 23
PHY-3001 : :::8::: Try harder cell spreading with beta_ = 0.00202079
PHY-3002 : Step(69): len = 14704.3, overlap = 22.9375
PHY-3002 : Step(70): len = 14826.1, overlap = 23.25
PHY-3001 : :::9::: Try harder cell spreading with beta_ = 0.00326964
PHY-3002 : Step(71): len = 15150, overlap = 22.5312
PHY-3002 : Step(72): len = 15172.5, overlap = 22.5938
PHY-3002 : Step(73): len = 15676.5, overlap = 22.5938
PHY-3001 : :::10::: Try harder cell spreading with beta_ = 0.00529027
PHY-3002 : Step(74): len = 15575, overlap = 22.3125
PHY-3002 : Step(75): len = 15535.5, overlap = 22.625
PHY-3002 : Step(76): len = 15585.7, overlap = 23.0312
PHY-3001 : :::11::: Try harder cell spreading with beta_ = 0.00898531
PHY-3002 : Step(77): len = 15557.3, overlap = 23.0312
PHY-3002 : Step(78): len = 15570.5, overlap = 23
PHY-3001 : :::12::: Try harder cell spreading with beta_ = 0.0145382
PHY-3002 : Step(79): len = 15647.5, overlap = 22.9688
PHY-3002 : Step(80): len = 15669.8, overlap = 22.7188
PHY-3001 : :::13::: Try harder cell spreading with beta_ = 0.0235229
PHY-3002 : Step(81): len = 15674, overlap = 22.5938
PHY-3002 : Step(82): len = 15660.1, overlap = 22.4062
OPT-1001 : Start physical optimization ...
OPT-1001 : Total overflow 22.41 peak overflow 1.41
OPT-1001 : Start high-fanout net optimization ...
OPT-1001 : Update timing in global mode
PHY-1001 : Start incremental global routing, caller is place ...
RUN-1001 : Generating global routing grids ...
RUN-1001 : Building simple global routing graph ...
PHY-1001 : Generate routing nets ...
PHY-1001 : Reuse net number 0/747.
PHY-1001 : Global iterations in 12 thread ...
PHY-1002 : len = 19016, over cnt = 86(0%), over = 300, worst = 13
PHY-1001 : End global iterations;  0.049675s wall, 0.015625s user + 0.000000s system = 0.015625s CPU (31.5%)

PHY-1001 : Congestion index: top1 = 38.12, top5 = 25.07, top10 = 18.05, top15 = 13.82.
PHY-1001 : End incremental global routing;  0.073012s wall, 0.015625s user + 0.000000s system = 0.015625s CPU (21.4%)

RUN-1002 : start command "start_timer -report"
TMR-5001 WARNING: No sdc constraints found while initiating timer.
TMR-2505 : Start building timing graph for model fpga_top.
TMR-2506 : Build timing graph completely. Port num: 11, tpin num: 2858, tnet num: 745, tinst num: 571, tnode num: 3701, tedge num: 4708.
TMR-2508 : Levelizing timing graph completed, there are 41 levels in total.
TMR-2501 : Timing graph initialized successfully.
OPT-1001 : End timing update;  0.184938s wall, 0.078125s user + 0.000000s system = 0.078125s CPU (42.2%)

OPT-1001 : 0 high-fanout net processed.
OPT-1001 : End high-fanout net optimization;  0.269408s wall, 0.109375s user + 0.000000s system = 0.109375s CPU (40.6%)

OPT-1001 : Current memory(MB): used = 147, reserve = 116, peak = 147.
OPT-1001 : End physical optimization;  0.275331s wall, 0.109375s user + 0.000000s system = 0.109375s CPU (39.7%)

PHY-3001 : Start packing ...
SYN-4007 : Packing 0 MUX to BLE ...
SYN-4008 : Packed 0 MUX and 0 SEQ to BLE.
SYN-4007 : Packing 230 LUT to BLE ...
SYN-4008 : Packed 230 LUT and 134 SEQ to BLE.
SYN-4003 : Packing 116 remaining SEQ's ...
SYN-4005 : Packed 52 SEQ with LUT/SLICE
SYN-4006 : 48 single LUT's are left
SYN-4006 : 64 single SEQ's are left
SYN-4011 : Packing model "fpga_top" (AL_USER_NORMAL) with 294/457 primitive instances ...
PHY-3001 : End packing;  0.021845s wall, 0.000000s user + 0.000000s system = 0.000000s CPU (n/a%)

PHY-1001 : Populate physical database on model fpga_top.
RUN-1001 : There are total 258 instances
RUN-1001 : 117 mslices, 118 lslices, 17 pads, 0 brams, 0 dsps
RUN-1001 : There are total 616 nets
RUN-6004 WARNING: There are 3 nets with only 1 pin.
RUN-1001 : 361 nets have 2 pins
RUN-1001 : 201 nets have [3 - 5] pins
RUN-1001 : 20 nets have [6 - 10] pins
RUN-1001 : 9 nets have [11 - 20] pins
RUN-1001 : 21 nets have [21 - 99] pins
RUN-1001 : 1 nets have 100+ pins
PHY-3001 : design contains 256 instances, 235 slices, 8 macros(70 instances: 43 mslices 27 lslices)
PHY-3001 : Cell area utilization is 10%
PHY-3001 : After packing: Len = 15372.6, Over = 24.75
PHY-3001 : Run with size of 1
PHY-3001 : Cell area utilization is 10%
PHY-3001 : :::0::: Try harder cell spreading with beta_ = 3.88763e-05
PHY-3002 : Step(83): len = 13630.2, overlap = 28.5
PHY-3002 : Step(84): len = 13020.3, overlap = 28
PHY-3002 : Step(85): len = 12832.9, overlap = 28.25
PHY-3002 : Step(86): len = 12573.3, overlap = 31.25
PHY-3002 : Step(87): len = 12457.2, overlap = 27.75
PHY-3002 : Step(88): len = 12604.8, overlap = 29.25
PHY-3002 : Step(89): len = 12690.8, overlap = 29.75
PHY-3001 : :::1::: Try harder cell spreading with beta_ = 7.6927e-05
PHY-3002 : Step(90): len = 13320.3, overlap = 28
PHY-3002 : Step(91): len = 13579.5, overlap = 28.5
PHY-3002 : Step(92): len = 13692.3, overlap = 27.25
PHY-3001 : :::2::: Try harder cell spreading with beta_ = 0.000153854
PHY-3002 : Step(93): len = 14144.9, overlap = 26
PHY-3002 : Step(94): len = 14513.6, overlap = 26
PHY-3002 : Step(95): len = 14691.8, overlap = 26
PHY-3001 : :::3::: Try harder cell spreading with beta_ = 0.000307708
PHY-3002 : Step(96): len = 14800.8, overlap = 25
PHY-3002 : Step(97): len = 14822.6, overlap = 24.75
PHY-3002 : Step(98): len = 14995.4, overlap = 24.5
PHY-3002 : Step(99): len = 15035.9, overlap = 24.5
PHY-3002 : Step(100): len = 15128.9, overlap = 24
PHY-3001 : Legalization ...
PHY-3001 : End legalization;  0.092521s wall, 0.000000s user + 0.000000s system = 0.000000s CPU (n/a%)

PHY-3001 : Trial Legalized: Len = 16610.6
PHY-3001 : Run with size of 1
PHY-3001 : Cell area utilization is 10%
PHY-3001 : :::0::: Try harder cell spreading with beta_ = 0.000225367
PHY-3002 : Step(101): len = 15022.4, overlap = 9.75
PHY-3002 : Step(102): len = 14624, overlap = 10.75
PHY-3002 : Step(103): len = 14590, overlap = 10
PHY-3002 : Step(104): len = 14614.6, overlap = 10.5
PHY-3002 : Step(105): len = 14629, overlap = 12.25
PHY-3002 : Step(106): len = 14626.9, overlap = 12.75
PHY-3002 : Step(107): len = 14608.5, overlap = 13.5
PHY-3001 : :::1::: Try harder cell spreading with beta_ = 0.000450733
PHY-3002 : Step(108): len = 14795.9, overlap = 12.75
PHY-3002 : Step(109): len = 14943.9, overlap = 12.5
PHY-3001 : :::2::: Try harder cell spreading with beta_ = 0.000901467
PHY-3002 : Step(110): len = 15016.1, overlap = 11.75
PHY-3002 : Step(111): len = 15074.9, overlap = 12
PHY-3001 : Legalization ...
PHY-3001 : End legalization;  0.002987s wall, 0.000000s user + 0.000000s system = 0.000000s CPU (n/a%)

PHY-3001 : Legalized: Len = 15608.6, Over = 0
PHY-3001 : End spreading;  0.003478s wall, 0.015625s user + 0.000000s system = 0.015625s CPU (449.2%)

PHY-3001 : Final: Len = 15608.6, Over = 0
RUN-1003 : finish command "place" in  3.281156s wall, 0.406250s user + 0.187500s system = 0.593750s CPU (18.1%)

RUN-1004 : used memory is 134 MB, reserved memory is 104 MB, peak memory is 148 MB
RUN-1002 : start command "export_db FOC_Controller_place.db"
RUN-1001 : Exported /
RUN-1001 : Exported flow parameters
RUN-1001 : Exported libs
RUN-1001 : Exported entities
RUN-1001 : Exported ports
RUN-1001 : Exported pins
RUN-1001 : Exported instances
RUN-1001 : Exported nets
RUN-1001 : Exported buses
RUN-1001 : Exported models
RUN-1001 : Exported congestions
RUN-1001 : Exported violations
RUN-1001 : Exported IO constraints
RUN-1001 : Exported Inst constraints
RUN-1002 : start command "route"
RUN-1001 : Open license file D:/Anlogic/TD5.6.2/license/Anlogic.lic
RUN-1001 : Print Global Property
RUN-1001 : ---------------------------------------------------------------
RUN-1001 :        Parameters        |  Settings  |  Default Values  |  Note  
RUN-1001 : ---------------------------------------------------------------
RUN-1001 :          message         |  standard  |     standard     |        
RUN-1001 :   mixed_pack_place_flow  |     on     |        on        |        
RUN-1001 :        qor_monitor       |    off     |       off        |        
RUN-1001 :        syn_ip_flow       |    off     |       off        |        
RUN-1001 :          thread          |    auto    |       auto       |        
RUN-1001 : ---------------------------------------------------------------
RUN-1001 : Print Route Property
RUN-1001 : -------------------------------------------------------
RUN-1001 :    Parameters    |  Settings  |  Default Values  |  Note  
RUN-1001 : -------------------------------------------------------
RUN-1001 :      effort      |   medium   |      medium      |        
RUN-1001 :     fix_hold     |    off     |       off        |        
RUN-1001 :    opt_timing    |   medium   |      medium      |        
RUN-1001 :   phy_sim_model  |    off     |       off        |        
RUN-1001 :     priority     |   timing   |      timing      |        
RUN-1001 :     swap_pin     |     on     |        on        |        
RUN-1001 : -------------------------------------------------------
PHY-1001 : Route runs in 12 thread(s)
RUN-1001 : There are total 258 instances
RUN-1001 : 117 mslices, 118 lslices, 17 pads, 0 brams, 0 dsps
RUN-1001 : There are total 616 nets
RUN-6004 WARNING: There are 3 nets with only 1 pin.
RUN-1001 : 361 nets have 2 pins
RUN-1001 : 201 nets have [3 - 5] pins
RUN-1001 : 20 nets have [6 - 10] pins
RUN-1001 : 9 nets have [11 - 20] pins
RUN-1001 : 21 nets have [21 - 99] pins
RUN-1001 : 1 nets have 100+ pins
RUN-1002 : start command "start_timer -report"
TMR-5001 WARNING: No sdc constraints found while initiating timer.
TMR-2505 : Start building timing graph for model fpga_top.
TMR-2506 : Build timing graph completely. Port num: 11, tpin num: 2417, tnet num: 614, tinst num: 256, tnode num: 3000, tedge num: 4203.
TMR-2508 : Levelizing timing graph completed, there are 39 levels in total.
TMR-2501 : Timing graph initialized successfully.
PHY-1001 : 117 mslices, 118 lslices, 17 pads, 0 brams, 0 dsps
TMR-2503 : Start to update net delay, extr mode = 3.
TMR-2504 : Update delay of 614 nets completely.
TMR-2502 : Annotate delay completely, extr mode = 3.
TMR-3002 : No user constraint, initiate default constraint.
TMR-1501 : Assign derive clock DeriveClock to 288 clock pins, and constraint 583 relative nodes.
TMR-3003 : Constraints initiated successfully.
TMR-3501 : Forward propagation: start to calculate arrival time...
TMR-3502 : Backward propagation: start to calculate required time...
TMR-3503 : Timing propagation completes.
PHY-1001 : Start global routing, caller is route ...
RUN-1001 : Generating global routing grids ...
PHY-1001 : Generate routing nets ...
PHY-1001 : Global iterations in 12 thread ...
PHY-1002 : len = 18800, over cnt = 63(0%), over = 95, worst = 4
PHY-1002 : len = 19328, over cnt = 29(0%), over = 31, worst = 3
PHY-1002 : len = 19680, over cnt = 0(0%), over = 0, worst = 0
PHY-1001 : End global iterations;  0.069021s wall, 0.000000s user + 0.000000s system = 0.000000s CPU (n/a%)

PHY-1001 : Congestion index: top1 = 30.00, top5 = 21.77, top10 = 16.76, top15 = 12.99.
PHY-1001 : End global routing;  0.090186s wall, 0.015625s user + 0.000000s system = 0.015625s CPU (17.3%)

PHY-1001 : Start detail routing ...
PHY-1001 : Current memory(MB): used = 165, reserve = 135, peak = 176.
PHY-1001 : Detailed router is running in normal mode.
PHY-1001 : Generate detailed routing grids ...
PHY-1001 : Generate nets ...
PHY-1001 : net I_clk_25m_dup_1 will be routed on clock mesh
PHY-5010 WARNING: Net u_ahb_hall_sensor/I_ahb_hsize[2] is skipped due to 0 input or output
PHY-5010 WARNING: Net u_ahb_hall_sensor/I_ahb_hsize[1] is skipped due to 0 input or output
PHY-5010 WARNING: Net u_ahb_hall_sensor/I_ahb_hsize[0] is skipped due to 0 input or output
PHY-1001 : clock net u_mcu/hclk will be merged with clock u_pll/clk0_buf
PHY-1001 : net u_ahb_hall_sensor/hall_sendor_u1/clk will be routed on clock mesh
PHY-5010 WARNING: Net u_ahb_hall_sensor/I_ahb_hsize[2] is skipped due to 0 input or output
PHY-5010 WARNING: Net u_ahb_hall_sensor/I_ahb_hsize[1] is skipped due to 0 input or output
PHY-5010 WARNING: Net u_ahb_hall_sensor/I_ahb_hsize[0] is skipped due to 0 input or output
PHY-1001 : Current memory(MB): used = 262, reserve = 233, peak = 262.
PHY-1001 : End build detailed router design. 1.744024s wall, 1.109375s user + 0.015625s system = 1.125000s CPU (64.5%)

PHY-1001 : Detail Route ...
PHY-1001 : ===== Detail Route Phase 1 =====
PHY-1001 : Clock net routing.....
PHY-1001 : Routed 0% nets.
PHY-1022 : len = 6192, over cnt = 0(0%), over = 0, worst = 0, crit = 0
PHY-1001 : End initial clock net routed; 0.206418s wall, 0.156250s user + 0.000000s system = 0.156250s CPU (75.7%)

PHY-1001 : Current memory(MB): used = 273, reserve = 244, peak = 273.
PHY-1001 : End phase 1; 0.208163s wall, 0.156250s user + 0.000000s system = 0.156250s CPU (75.1%)

PHY-1001 : ===== Detail Route Phase 2 =====
PHY-1001 : Initial routing.....
PHY-1001 : Routed 33% nets.
PHY-1001 : Routed 43% nets.
PHY-1001 : Routed 57% nets.
PHY-1001 : Routed 69% nets.
PHY-1001 : Routed 87% nets.
PHY-1022 : len = 51984, over cnt = 23(0%), over = 23, worst = 1, crit = 0
PHY-1001 : Current memory(MB): used = 273, reserve = 244, peak = 273.
PHY-1001 : End initial routed; 0.456281s wall, 0.093750s user + 0.000000s system = 0.093750s CPU (20.5%)

PHY-1001 : Current memory(MB): used = 273, reserve = 244, peak = 273.
PHY-1001 : End phase 2; 0.456329s wall, 0.093750s user + 0.000000s system = 0.093750s CPU (20.5%)

PHY-1001 : ===== Detail Route Phase 3 =====
PHY-1001 : Ripup-reroute.....
PHY-1001 : ===== DR Iter 1 =====
PHY-1022 : len = 51872, over cnt = 6(0%), over = 6, worst = 1, crit = 0
PHY-1001 : End DR Iter 1; 0.019854s wall, 0.000000s user + 0.000000s system = 0.000000s CPU (n/a%)

PHY-1001 : ===== DR Iter 2 =====
PHY-1022 : len = 51936, over cnt = 0(0%), over = 0, worst = 0, crit = 0
PHY-1001 : End DR Iter 2; 0.015527s wall, 0.000000s user + 0.000000s system = 0.000000s CPU (n/a%)

PHY-1001 : Commit to database.....
PHY-5014 WARNING: Detail route doesn't find pib for u_pll/pll_inst.dsm_refclk[0]
PHY-5014 WARNING: Detail route doesn't find pib for u_pll/pll_inst.dsm_rst[0]
PHY-5014 WARNING: Detail route doesn't find pib for u_pll/pll_inst.frac_offset_valid[0]
PHY-5014 WARNING: Detail route doesn't find pib for u_pll/pll_inst.ssc_en[0]
PHY-1001 : 4 feed throughs used by 4 nets
PHY-1001 : End commit to database; 0.086071s wall, 0.062500s user + 0.000000s system = 0.062500s CPU (72.6%)

PHY-1001 : Current memory(MB): used = 282, reserve = 253, peak = 282.
PHY-1001 : End phase 3; 0.157433s wall, 0.078125s user + 0.000000s system = 0.078125s CPU (49.6%)

PHY-1003 : Routed, final wirelength = 51936
PHY-1001 : Current memory(MB): used = 282, reserve = 253, peak = 282.
PHY-1001 : End export database. 0.003206s wall, 0.000000s user + 0.000000s system = 0.000000s CPU (n/a%)

PHY-1001 : End detail routing;  2.673563s wall, 1.453125s user + 0.015625s system = 1.468750s CPU (54.9%)

RUN-1003 : finish command "route" in  2.963769s wall, 1.593750s user + 0.015625s system = 1.609375s CPU (54.3%)

RUN-1004 : used memory is 251 MB, reserved memory is 222 MB, peak memory is 282 MB
RUN-1002 : start command "report_area -io_info -file FOC_Controller_phy.area"
RUN-1001 : standard
***Report Model: fpga_top Device: SF1S60CG121I***

IO Statistics
#IO                        11
  #input                    9
  #output                   2
  #inout                    0

Utilization Statistics
#lut                      391   out of   5824    6.71%
#reg                      250   out of   5824    4.29%
#le                       454
  #lut only               204   out of    454   44.93%
  #reg only                63   out of    454   13.88%
  #lut&reg                187   out of    454   41.19%
#dsp                        0   out of     10    0.00%
#bram                       0   out of     26    0.00%
  #bram9k                   0
  #fifo9k                   0
#hard-ip                    1
  #mcu                      1   out of      1  100.00%
  #dsc                      0   out of      1    0.00%
  #dsi                      0   out of      2    0.00%
  #psram controller         0   out of      2    0.00%
#pad                       11   out of     55   20.00%
  #ireg                     0
  #oreg                     0
  #treg                     0
#pll                        1   out of      2   50.00%
#gclk                       1   out of     16    6.25%

Clock Resource Statistics
Index     ClockNet                                Type               DriverType         Driver                  Fanout
#1        u_ahb_hall_sensor/hall_sendor_u1/clk    GCLK               pll                u_pll/pll_inst.clkc1    76
#2        u_pll/clk0_buf                          GCLK               pll                u_pll/pll_inst.clkc0    71
#3        I_clk_25m_dup_1                         GCLK               io                 I_clk_25m_syn_2.di      1


Detailed IO Report

     Name       Direction    Location    IOStandard    DriveStrength    PullType    PackReg  
  I_clk_25m       INPUT         D7        LVCMOS18          N/A          PULLUP      NONE    
   I_hall_u       INPUT        C10        LVCMOS18          N/A          PULLUP      NONE    
   I_hall_v       INPUT        C11        LVCMOS18          N/A          PULLUP      NONE    
   I_hall_w       INPUT        E11        LVCMOS18          N/A          PULLUP      NONE    
  I_jtag_tck      INPUT         C7        LVCMOS18          N/A          PULLUP      NONE    
  I_jtag_tdi      INPUT         D5        LVCMOS18          N/A          PULLUP      NONE    
  I_jtag_tms      INPUT         D6        LVCMOS18          N/A          PULLUP      NONE    
   I_rst_n        INPUT         J2        LVCMOS18          N/A          PULLUP      NONE    
  I_uart_rx       INPUT         E4        LVCMOS18          N/A          PULLUP      NONE    
  O_jtag_tdo     OUTPUT         C6        LVCMOS18           8            NONE       NONE    
  O_uart_tx      OUTPUT         A4        LVCMOS18           8            NONE       NONE    
  hold_n_io3     OUTPUT        S6_1       LVCMOS18           8            NONE       NONE    
   mosi_io0       INOUT        S6_5       LVCMOS18           8           PULLUP      NONE    

Report Hierarchy Area:
+------------------------------------------------------------------------------------------+
|Instance            |Module          |le     |lut     |ripple  |seq     |bram    |dsp     |
+------------------------------------------------------------------------------------------+
|top                 |fpga_top        |454    |321     |70      |250     |0       |0       |
|  u_ahb_hall_sensor |ahb2hall_sensor |442    |315     |64      |250     |0       |0       |
|    hall_sendor_u1  |hall_sensor     |291    |199     |64      |117     |0       |0       |
|  u_mcu             |MCU             |0      |0       |0       |0       |0       |0       |
|  u_pll             |pll             |0      |0       |0       |0       |0       |0       |
+------------------------------------------------------------------------------------------+


DataNet Average Fanout:

   Index     Fanout    Nets  
    #1         1       350   
    #2         2       186   
    #3         3        10   
    #4         4        4    
    #5        5-10      22   
    #6       11-50      22   
    #7       51-100     3    
  Average     2.74           

RUN-1002 : start command "export_db FOC_Controller_pr.db"
RUN-1001 : Exported /
RUN-1001 : Exported flow parameters
RUN-1001 : Exported libs
RUN-1001 : Exported entities
RUN-1001 : Exported ports
RUN-1001 : Exported pins
RUN-1001 : Exported instances
RUN-1001 : Exported nets
RUN-1001 : Exported buses
RUN-1001 : Exported models
RUN-1001 : Exported congestions
RUN-1001 : Exported violations
RUN-1001 : Exported IO constraints
RUN-1001 : Exported Inst constraints
RUN-1002 : start command "export_bid FOC_Controller_inst.bid"
RUN-1002 : start command "bitgen -bit FOC_Controller.bit"
BIT-1003 : Start to generate bitstream. 
BIT-1002 : Init instances with 12 threads.
BIT-1002 : Init instances completely, inst num: 256
BIT-1002 : Init pips with 12 threads.
BIT-1002 : Init pips completely, net num: 616, pip num: 5235
BIT-1002 : Init feedthrough completely, num: 4
BIT-1003 : Multithreading accelaration with 12 threads.
BIT-1003 : Generate bitstream completely, there are 480 valid insts, and 14295 bits set as '1'.
BIT-1004 : Generate bits file FOC_Controller.bit.
RUN-1003 : finish command "bitgen -bit FOC_Controller.bit" in  1.208658s wall, 4.015625s user + 0.015625s system = 4.031250s CPU (333.5%)

RUN-1004 : used memory is 255 MB, reserved memory is 227 MB, peak memory is 431 MB
RUN-1002 : start command "backup_run_log run.log ../.logs/phy_1/td_20231106_130645.log"
