============================================================
   Tang Dynasty, V5.6.71036
      Copyright (c) 2012-2023 Anlogic Inc.
   Executable = D:/Anlogic/TD5.6.2/bin/td.exe
   Built at =   20:34:38 Mar 21 2023
   Run by =     15597
   Run Date =   Tue Nov  7 00:16:07 2023

   Run on =     XR097-DELL-G7
============================================================
RUN-1002 : start command "open_project FOC_Controller.prj"
RUN-1001 : Print Global Property
RUN-1001 : ---------------------------------------------------------------
RUN-1001 :        Parameters        |  Settings  |  Default Values  |  Note  
RUN-1001 : ---------------------------------------------------------------
RUN-1001 :          message         |  standard  |     standard     |        
RUN-1001 :   mixed_pack_place_flow  |     on     |        on        |        
RUN-1001 :        qor_monitor       |    off     |       off        |        
RUN-1001 :        syn_ip_flow       |    off     |       off        |        
RUN-1001 :          thread          |    auto    |       auto       |        
RUN-1001 : ---------------------------------------------------------------
RUN-1001 : Print Design Property
RUN-1001 : --------------------------------------------------------------
RUN-1001 :        Parameters       |  Settings  |  Default Values  |  Note  
RUN-1001 : --------------------------------------------------------------
RUN-1001 :   default_reg_initial   |    auto    |       auto       |        
RUN-1001 :        infer_add        |     on     |        on        |        
RUN-1001 :        infer_fsm        |    off     |       off        |        
RUN-1001 :        infer_mult       |     on     |        on        |        
RUN-1001 :        infer_ram        |     on     |        on        |        
RUN-1001 :        infer_reg        |     on     |        on        |        
RUN-1001 :   infer_reg_init_value  |     on     |        on        |        
RUN-1001 :        infer_rom        |     on     |        on        |        
RUN-1001 :      infer_shifter      |     on     |        on        |        
RUN-1001 : --------------------------------------------------------------
RUN-1001 : Print Rtl Property
RUN-1001 : --------------------------------------------------------------
RUN-1001 :        Parameters       |  Settings  |  Default Values  |  Note  
RUN-1001 : --------------------------------------------------------------
RUN-1001 :       compress_add      |   ripple   |      ripple      |        
RUN-1001 :        elf_sload        |    off     |       off        |        
RUN-1001 :       fix_undriven      |     0      |        0         |        
RUN-1001 :         flatten         |    off     |       off        |        
RUN-1001 :       gate_sharing      |     on     |        on        |        
RUN-1001 :    hdl_warning_level    |   normal   |      normal      |        
RUN-1001 :   impl_internal_tribuf  |     on     |        on        |        
RUN-1001 :      impl_set_reset     |     on     |        on        |        
RUN-1001 :        infer_gsr        |    off     |       off        |        
RUN-1001 :      keep_hierarchy     |    auto    |       auto       |        
RUN-1001 :        max_fanout       |    9999    |       9999       |        
RUN-1001 :      max_oh2bin_len     |     10     |        10        |        
RUN-1001 :       merge_equal       |     on     |        on        |        
RUN-1001 :       merge_equiv       |     on     |        on        |        
RUN-1001 :        merge_mux        |    off     |       off        |        
RUN-1001 :     min_control_set     |     8      |        8         |        
RUN-1001 :      min_ripple_len     |    auto    |       auto       |        
RUN-1001 :       oh2bin_ratio      |    0.08    |       0.08       |        
RUN-1001 :     opt_adder_fanout    |     on     |        on        |        
RUN-1001 :        opt_arith        |     on     |        on        |        
RUN-1001 :       opt_big_gate      |    off     |       off        |        
RUN-1001 :        opt_const        |     on     |        on        |        
RUN-1001 :      opt_const_mult     |     on     |        on        |        
RUN-1001 :       opt_lessthan      |     on     |        on        |        
RUN-1001 :         opt_mux         |    off     |       off        |        
RUN-1001 :         opt_ram         |    high    |       high       |        
RUN-1001 :      rtl_sim_model      |    off     |       off        |        
RUN-1001 :         seq_syn         |     on     |        on        |        
RUN-1001 : --------------------------------------------------------------
HDL-1007 : analyze verilog file ../../RTL/adc_ad7928.v
HDL-1007 : analyze verilog file ../../RTL/foc/cartesian2polar.v
HDL-1007 : analyze verilog file ../../RTL/foc/clark_tr.v
HDL-1007 : analyze verilog file ../../RTL/foc/foc_top.v
HDL-1007 : analyze verilog file ../../RTL/foc/hold_detect.v
HDL-1007 : analyze verilog file ../../RTL/foc/park_tr.v
HDL-1007 : analyze verilog file ../../RTL/foc/pi_controller.v
HDL-1007 : analyze verilog file ../../RTL/foc/sincos.v
HDL-1007 : analyze verilog file ../../RTL/foc/svpwm.v
HDL-1007 : analyze verilog file ../../RTL/fpga_top.v
HDL-1007 : analyze verilog file ../../RTL/i2c_register_read.v
HDL-1007 : analyze verilog file ../../RTL/uart_monitor.v
RUN-1001 : Project manager successfully analyzed 12 source files.
RUN-1002 : start command "import_device sf1_6.db -package SF1S60CG121I"
ARC-1001 : Device Initialization.
ARC-1001 : -------------------------------------------------
ARC-1001 :       OPTION       |      IO       |   SETTING   
ARC-1001 : -------------------------------------------------
ARC-1001 :        done        |      B4       |    gpio    
ARC-1001 :        initn       |      A5       |    gpio    
ARC-1001 :       jtagen       |      B7       |    gpio    
ARC-1001 :      programn      |      B5       |  dedicate  
ARC-1001 :   tdi/tms/tck/tdo  |  C4/A6/A7/C5  |  dedicate  
ARC-1001 : -------------------------------------------------
ARC-1004 : Device setting, marked 5 dedicate IOs in total.
RUN-1002 : start command "import_db ../syn_1/FOC_Controller_gate.db"
RUN-1001 : Importing database generated by Tang Dynasty, V5.6.71036.
RUN-1001 : Database version number 46146.
RUN-1001 : Import flow parameters
RUN-1001 : Import IO constraints
RUN-1001 : Import Inst constraints
RUN-1001 : Import design success TD_VERSION=5.6.71036 , DB_VERSION=46146
RUN-1003 : finish command "import_db ../syn_1/FOC_Controller_gate.db" in  1.038231s wall, 0.531250s user + 0.062500s system = 0.593750s CPU (57.2%)

RUN-1004 : used memory is 221 MB, reserved memory is 193 MB, peak memory is 224 MB
RUN-1002 : start command "place"
RUN-1001 : Open license file D:/Anlogic/TD5.6.2/license/Anlogic.lic
RUN-1001 : Print Global Property
RUN-1001 : ---------------------------------------------------------------
RUN-1001 :        Parameters        |  Settings  |  Default Values  |  Note  
RUN-1001 : ---------------------------------------------------------------
RUN-1001 :          message         |  standard  |     standard     |        
RUN-1001 :   mixed_pack_place_flow  |     on     |        on        |        
RUN-1001 :        qor_monitor       |    off     |       off        |        
RUN-1001 :        syn_ip_flow       |    off     |       off        |        
RUN-1001 :          thread          |    auto    |       auto       |        
RUN-1001 : ---------------------------------------------------------------
RUN-1001 : Print Place Property
RUN-1001 : --------------------------------------------------------------
RUN-1001 :        Parameters       |  Settings  |  Default Values  |  Note  
RUN-1001 : --------------------------------------------------------------
RUN-1001 :      detailed_place     |     on     |        on        |        
RUN-1001 :          effort         |   medium   |      medium      |        
RUN-1001 :         fix_hold        |    off     |       off        |        
RUN-1001 :       legalization      |    ori     |       ori        |        
RUN-1001 :      new_spreading      |     on     |        on        |        
RUN-1001 :        opt_timing       |   medium   |      medium      |        
RUN-1001 :   post_clock_route_opt  |    off     |       off        |        
RUN-1001 :       pr_strategy       |     1      |        1         |        
RUN-1001 :        relaxation       |    1.00    |       1.00       |        
RUN-1001 :         retiming        |    off     |       off        |        
RUN-1001 : --------------------------------------------------------------
PHY-3001 : Placer runs in 12 thread(s).
RUN-1002 : start command "legalize_phy_inst"
SYN-1011 : Flatten model TOP
RUN-1002 : start command "phys_opt -simplify_lut"
SYN-4024 : Net "clk_25m_dup_1" drives clk pins.
SYN-4025 : Tag rtl::Net clk_25m_dup_1 as clock net
SYN-4026 : Tagged 1 rtl::Net as clock net
PHY-1001 : Populate physical database on model TOP.
RUN-1001 : There are total 3531 instances
RUN-0007 : 1264 luts, 1300 seqs, 598 mslices, 331 lslices, 14 pads, 11 brams, 10 dsps
RUN-1001 : There are total 4927 nets
RUN-1001 : 3508 nets have 2 pins
RUN-1001 : 1107 nets have [3 - 5] pins
RUN-1001 : 138 nets have [6 - 10] pins
RUN-1001 : 118 nets have [11 - 20] pins
RUN-1001 : 49 nets have [21 - 99] pins
RUN-1001 : 7 nets have 100+ pins
RUN-1001 : Report Control nets information:
RUN-1001 : DFF Distribution
RUN-1001 : ----------------------------------
RUN-1001 :   CE   |  SSR  |  ASR  |  DFF Count  
RUN-1001 : ----------------------------------
RUN-1001 :   No   |  No   |  No   |     28      
RUN-1001 :   No   |  No   |  Yes  |     440     
RUN-1001 :   No   |  Yes  |  No   |      9      
RUN-1001 :   Yes  |  No   |  No   |      0      
RUN-1001 :   Yes  |  No   |  Yes  |     823     
RUN-1001 :   Yes  |  Yes  |  No   |      0      
RUN-1001 : ----------------------------------
RUN-0007 : Control Group Statistic
RUN-0007 : ---------------------------
RUN-0007 :   #CLK  |  #CE  |  #SSR/ASR  
RUN-0007 : ---------------------------
RUN-0007 :    1    |  30   |     4      
RUN-0007 : ---------------------------
RUN-0007 : Control Set = 33
PHY-3001 : Initial placement ...
PHY-3001 : design contains 3529 instances, 1264 luts, 1300 seqs, 929 slices, 123 macros(929 instances: 598 mslices 331 lslices)
PHY-0007 : Cell area utilization is 53%
PHY-3001 : Global placement ...
PHY-3001 : Initial: Len = 608604
PHY-3001 : Run with size of 3
PHY-3001 : Cell area utilization is 53%
PHY-3001 : :::0::: Try harder cell spreading with beta_ = 0
PHY-3002 : Step(1): len = 432369, overlap = 77.5312
PHY-3002 : Step(2): len = 404562, overlap = 100.031
PHY-3002 : Step(3): len = 251331, overlap = 110.344
PHY-3002 : Step(4): len = 232655, overlap = 119.031
PHY-3002 : Step(5): len = 197455, overlap = 127.719
PHY-3002 : Step(6): len = 180729, overlap = 136.094
PHY-3002 : Step(7): len = 159314, overlap = 166.312
PHY-3002 : Step(8): len = 138579, overlap = 166.188
PHY-3002 : Step(9): len = 122080, overlap = 177.281
PHY-3002 : Step(10): len = 113989, overlap = 186.281
PHY-3002 : Step(11): len = 107832, overlap = 195.062
PHY-3002 : Step(12): len = 96451.1, overlap = 204.969
PHY-3002 : Step(13): len = 90684.4, overlap = 218.594
PHY-3002 : Step(14): len = 89367.3, overlap = 223.344
PHY-3001 : :::1::: Try harder cell spreading with beta_ = 1.02667e-05
PHY-3002 : Step(15): len = 93879.5, overlap = 192.75
PHY-3002 : Step(16): len = 96610.6, overlap = 196.25
PHY-3002 : Step(17): len = 92813.9, overlap = 184.688
PHY-3002 : Step(18): len = 96903, overlap = 174.438
PHY-3002 : Step(19): len = 100596, overlap = 140
PHY-3002 : Step(20): len = 102514, overlap = 137.094
PHY-3002 : Step(21): len = 97977.7, overlap = 137.594
PHY-3002 : Step(22): len = 96583.6, overlap = 133.844
PHY-3002 : Step(23): len = 96565.8, overlap = 138.062
PHY-3002 : Step(24): len = 95406.8, overlap = 134.844
PHY-3002 : Step(25): len = 95672, overlap = 136.594
PHY-3002 : Step(26): len = 93962.2, overlap = 136.719
PHY-3002 : Step(27): len = 93379.7, overlap = 130.469
PHY-3002 : Step(28): len = 94145.8, overlap = 135.875
PHY-3002 : Step(29): len = 91986.5, overlap = 140.312
PHY-3002 : Step(30): len = 91499.3, overlap = 140.875
PHY-3002 : Step(31): len = 89740, overlap = 133.781
PHY-3002 : Step(32): len = 89238.6, overlap = 122.281
PHY-3002 : Step(33): len = 89220.4, overlap = 119.938
PHY-3002 : Step(34): len = 88635.9, overlap = 121.312
PHY-3002 : Step(35): len = 88323.4, overlap = 115.281
PHY-3002 : Step(36): len = 85932.2, overlap = 107.969
PHY-3002 : Step(37): len = 83566, overlap = 105.469
PHY-3002 : Step(38): len = 83839.4, overlap = 111.094
PHY-3002 : Step(39): len = 83210.4, overlap = 113.031
PHY-3002 : Step(40): len = 82168.7, overlap = 106.031
PHY-3002 : Step(41): len = 81380.1, overlap = 110.156
PHY-3002 : Step(42): len = 79297.9, overlap = 116.969
PHY-3002 : Step(43): len = 78405.2, overlap = 123.438
PHY-3002 : Step(44): len = 77627.3, overlap = 131.344
PHY-3002 : Step(45): len = 77761.4, overlap = 131.344
PHY-3002 : Step(46): len = 76660.9, overlap = 132.781
PHY-3002 : Step(47): len = 76445.6, overlap = 130.688
PHY-3002 : Step(48): len = 76199.9, overlap = 130.094
PHY-3001 : :::2::: Try harder cell spreading with beta_ = 2.05333e-05
PHY-3002 : Step(49): len = 76595.2, overlap = 130.719
PHY-3002 : Step(50): len = 76598.6, overlap = 130.062
PHY-3002 : Step(51): len = 76919.6, overlap = 130.562
PHY-3001 : :::3::: Try harder cell spreading with beta_ = 4.10667e-05
PHY-3002 : Step(52): len = 79444.7, overlap = 129
PHY-3002 : Step(53): len = 79500.5, overlap = 129
PHY-3002 : Step(54): len = 79152.2, overlap = 130.438
PHY-3002 : Step(55): len = 79151.4, overlap = 130.656
PHY-3002 : Step(56): len = 80598, overlap = 123.188
PHY-3002 : Step(57): len = 83944.8, overlap = 106.781
PHY-3002 : Step(58): len = 85832.4, overlap = 106.062
PHY-3002 : Step(59): len = 86752.4, overlap = 105.969
PHY-3002 : Step(60): len = 87013.8, overlap = 104.719
PHY-3001 : :::4::: Try harder cell spreading with beta_ = 8.21333e-05
PHY-3002 : Step(61): len = 87855.9, overlap = 100.281
PHY-3002 : Step(62): len = 88213.2, overlap = 99.8125
PHY-3002 : Step(63): len = 89180, overlap = 100.312
PHY-3001 : Legalization ...
PHY-3001 : End legalization;  0.015623s wall, 0.000000s user + 0.000000s system = 0.000000s CPU (n/a%)

PHY-3001 : Run with size of 3
PHY-3001 : Cell area utilization is 60%
PHY-3001 : Analyzing congestion ...
RUN-1001 : Generating global routing grids ...
RUN-1001 : Building simple global routing graph ...
PHY-1001 : Generate routing nets ...
PHY-1001 : Reuse net number 0/4927.
PHY-1001 : Global iterations in 12 thread ...
PHY-1002 : len = 121904, over cnt = 568(5%), over = 3226, worst = 53
PHY-1001 : End global iterations;  0.260382s wall, 0.062500s user + 0.000000s system = 0.062500s CPU (24.0%)

PHY-1001 : Congestion index: top1 = 86.18, top5 = 66.05, top10 = 54.95, top15 = 48.18.
PHY-3001 : End congestion estimation;  0.315516s wall, 0.093750s user + 0.000000s system = 0.093750s CPU (29.7%)

PHY-3001 : Update density targets...
PHY-3001 : Update congestion history...
PHY-3001 : :::0::: Try harder cell spreading with beta_ = 3.64671e-06
PHY-3002 : Step(64): len = 100592, overlap = 113.281
PHY-3002 : Step(65): len = 100475, overlap = 117.594
PHY-3002 : Step(66): len = 93760, overlap = 122.844
PHY-3002 : Step(67): len = 94745.1, overlap = 120.781
PHY-3002 : Step(68): len = 91072, overlap = 147.062
PHY-3002 : Step(69): len = 88610.7, overlap = 158.094
PHY-3002 : Step(70): len = 84937.9, overlap = 172.875
PHY-3002 : Step(71): len = 82005.1, overlap = 170.906
PHY-3002 : Step(72): len = 80962.7, overlap = 170.531
PHY-3002 : Step(73): len = 79833.1, overlap = 174.75
PHY-3002 : Step(74): len = 79925.6, overlap = 187.281
PHY-3002 : Step(75): len = 78676.7, overlap = 183.312
PHY-3002 : Step(76): len = 77761.3, overlap = 189.125
PHY-3002 : Step(77): len = 77720.6, overlap = 189.75
PHY-3002 : Step(78): len = 77803.7, overlap = 187.25
PHY-3002 : Step(79): len = 77152.7, overlap = 186.469
PHY-3001 : :::1::: Try harder cell spreading with beta_ = 7.29342e-06
PHY-3002 : Step(80): len = 79821, overlap = 174.781
PHY-3002 : Step(81): len = 81641.5, overlap = 170.469
PHY-3002 : Step(82): len = 84292.9, overlap = 149.719
PHY-3002 : Step(83): len = 85785.3, overlap = 138.531
PHY-3002 : Step(84): len = 85462.5, overlap = 133.812
PHY-3002 : Step(85): len = 84419.7, overlap = 124.125
PHY-3002 : Step(86): len = 84377.9, overlap = 115.031
PHY-3002 : Step(87): len = 84233.5, overlap = 103.406
PHY-3002 : Step(88): len = 84584.2, overlap = 98.5312
PHY-3002 : Step(89): len = 84144.1, overlap = 102.375
PHY-3001 : :::2::: Try harder cell spreading with beta_ = 1.45868e-05
PHY-3002 : Step(90): len = 85135.3, overlap = 103.312
PHY-3002 : Step(91): len = 85864.4, overlap = 105.75
PHY-3002 : Step(92): len = 87839.5, overlap = 98.1562
PHY-3001 : :::3::: Try harder cell spreading with beta_ = 2.91737e-05
PHY-3002 : Step(93): len = 92711.3, overlap = 82.0312
PHY-3002 : Step(94): len = 93687.1, overlap = 80.1875
PHY-3002 : Step(95): len = 95455, overlap = 78.9062
PHY-3002 : Step(96): len = 96901.8, overlap = 73.1562
PHY-3002 : Step(97): len = 97368.4, overlap = 65.7812
PHY-3002 : Step(98): len = 96317.4, overlap = 63.9688
PHY-3002 : Step(99): len = 96322.6, overlap = 63.5
PHY-3002 : Step(100): len = 95961.9, overlap = 64.5
PHY-3001 : :::4::: Try harder cell spreading with beta_ = 5.83473e-05
PHY-3002 : Step(101): len = 99970.2, overlap = 58.2812
PHY-3002 : Step(102): len = 100543, overlap = 58.375
PHY-3002 : Step(103): len = 102520, overlap = 55.7188
PHY-3002 : Step(104): len = 104039, overlap = 51.3438
PHY-3002 : Step(105): len = 105833, overlap = 45.625
PHY-3002 : Step(106): len = 105149, overlap = 41.25
PHY-3002 : Step(107): len = 104043, overlap = 37.75
PHY-3002 : Step(108): len = 103581, overlap = 46.5625
PHY-3002 : Step(109): len = 102723, overlap = 45.2188
PHY-3001 : :::5::: Try harder cell spreading with beta_ = 0.000116695
PHY-3002 : Step(110): len = 104602, overlap = 36.125
PHY-3002 : Step(111): len = 105358, overlap = 35.0625
PHY-3002 : Step(112): len = 105386, overlap = 32.5312
PHY-3002 : Step(113): len = 105386, overlap = 32.5312
PHY-3002 : Step(114): len = 105489, overlap = 32.0938
PHY-3001 : :::6::: Try harder cell spreading with beta_ = 0.000223891
PHY-3002 : Step(115): len = 108911, overlap = 36.0625
PHY-3002 : Step(116): len = 111158, overlap = 32.5625
PHY-3002 : Step(117): len = 113078, overlap = 30.1562
PHY-3002 : Step(118): len = 113585, overlap = 28.125
PHY-3002 : Step(119): len = 114017, overlap = 24.5938
PHY-3002 : Step(120): len = 113608, overlap = 28.5
PHY-3002 : Step(121): len = 113540, overlap = 28.7812
PHY-3002 : Step(122): len = 113581, overlap = 23.9375
PHY-3002 : Step(123): len = 113253, overlap = 25.1562
PHY-3002 : Step(124): len = 112506, overlap = 24.375
PHY-3002 : Step(125): len = 112083, overlap = 21.5
PHY-3002 : Step(126): len = 112097, overlap = 19.3438
PHY-3001 : :::7::: Try harder cell spreading with beta_ = 0.000417747
PHY-3002 : Step(127): len = 112912, overlap = 18.9375
PHY-3002 : Step(128): len = 113720, overlap = 18.7188
PHY-3002 : Step(129): len = 114552, overlap = 20.125
PHY-3002 : Step(130): len = 115116, overlap = 20.0938
PHY-3002 : Step(131): len = 115890, overlap = 17.9688
PHY-3001 : :::8::: Try harder cell spreading with beta_ = 0.000819477
PHY-3002 : Step(132): len = 116361, overlap = 19.3125
PHY-3002 : Step(133): len = 117404, overlap = 17.625
PHY-3001 : Run with size of 1
PHY-3001 : Cell area utilization is 60%
PHY-3001 : Analyzing congestion ...
RUN-1001 : Generating global routing grids ...
PHY-1001 : Generate routing nets ...
PHY-1001 : Reuse net number 5/4927.
PHY-1001 : Global iterations in 12 thread ...
PHY-1002 : len = 130832, over cnt = 612(5%), over = 2808, worst = 26
PHY-1001 : End global iterations;  0.225784s wall, 0.093750s user + 0.000000s system = 0.093750s CPU (41.5%)

PHY-1001 : Congestion index: top1 = 61.53, top5 = 48.55, top10 = 42.60, top15 = 38.80.
PHY-3001 : End congestion estimation;  0.280920s wall, 0.125000s user + 0.000000s system = 0.125000s CPU (44.5%)

PHY-3001 : Update density targets...
PHY-3001 : Update congestion history...
PHY-3001 : :::0::: Try harder cell spreading with beta_ = 4.84548e-05
PHY-3002 : Step(134): len = 115111, overlap = 157
PHY-3002 : Step(135): len = 115898, overlap = 155.094
PHY-3002 : Step(136): len = 110767, overlap = 153.438
PHY-3002 : Step(137): len = 110205, overlap = 172.219
PHY-3002 : Step(138): len = 109773, overlap = 161.844
PHY-3002 : Step(139): len = 107497, overlap = 137.469
PHY-3002 : Step(140): len = 105361, overlap = 169.406
PHY-3002 : Step(141): len = 103493, overlap = 175.781
PHY-3002 : Step(142): len = 101695, overlap = 158.438
PHY-3002 : Step(143): len = 100170, overlap = 160.125
PHY-3002 : Step(144): len = 98814.7, overlap = 151.5
PHY-3002 : Step(145): len = 99143.5, overlap = 142.469
PHY-3002 : Step(146): len = 99336.5, overlap = 145.875
PHY-3002 : Step(147): len = 97895, overlap = 166.719
PHY-3002 : Step(148): len = 96468, overlap = 157.688
PHY-3002 : Step(149): len = 95754, overlap = 161.344
PHY-3002 : Step(150): len = 95567.1, overlap = 164.062
PHY-3001 : :::1::: Try harder cell spreading with beta_ = 9.69095e-05
PHY-3002 : Step(151): len = 97549.9, overlap = 156.219
PHY-3002 : Step(152): len = 98835.3, overlap = 150.406
PHY-3002 : Step(153): len = 99982, overlap = 146.938
PHY-3001 : :::2::: Try harder cell spreading with beta_ = 0.000193819
PHY-3002 : Step(154): len = 101023, overlap = 146.125
PHY-3002 : Step(155): len = 101349, overlap = 144.688
PHY-3002 : Step(156): len = 101658, overlap = 142.062
PHY-3002 : Step(157): len = 102023, overlap = 141.906
PHY-3002 : Step(158): len = 102982, overlap = 141.469
PHY-3001 : :::3::: Try harder cell spreading with beta_ = 0.00032141
PHY-3002 : Step(159): len = 103671, overlap = 138.844
PHY-3002 : Step(160): len = 104345, overlap = 138.281
PHY-3002 : Step(161): len = 105651, overlap = 134.844
PHY-3001 : :::4::: Try harder cell spreading with beta_ = 0.000520041
PHY-3002 : Step(162): len = 105732, overlap = 132.031
PHY-3002 : Step(163): len = 106179, overlap = 131.25
PHY-3002 : Step(164): len = 107133, overlap = 140.25
PHY-3002 : Step(165): len = 107920, overlap = 139.906
PHY-3002 : Step(166): len = 108712, overlap = 138.594
PHY-3002 : Step(167): len = 109535, overlap = 135.844
PHY-3002 : Step(168): len = 109914, overlap = 133.594
PHY-3002 : Step(169): len = 110506, overlap = 126.219
PHY-3002 : Step(170): len = 111013, overlap = 125.656
PHY-3002 : Step(171): len = 111713, overlap = 117.375
PHY-3002 : Step(172): len = 112249, overlap = 115.844
PHY-3002 : Step(173): len = 112226, overlap = 114.156
PHY-3001 : :::5::: Try harder cell spreading with beta_ = 0.00104008
PHY-3002 : Step(174): len = 112599, overlap = 113.906
PHY-3002 : Step(175): len = 113863, overlap = 111.969
PHY-3002 : Step(176): len = 114419, overlap = 113.344
PHY-3002 : Step(177): len = 114247, overlap = 111.688
PHY-3001 : :::6::: Try harder cell spreading with beta_ = 0.00168285
PHY-3002 : Step(178): len = 114464, overlap = 112.969
PHY-3002 : Step(179): len = 115389, overlap = 104.562
PHY-3002 : Step(180): len = 115998, overlap = 102.781
PHY-3002 : Step(181): len = 116871, overlap = 102.719
PHY-3002 : Step(182): len = 117362, overlap = 97.6562
PHY-3002 : Step(183): len = 118048, overlap = 82.6875
PHY-3002 : Step(184): len = 118426, overlap = 83.4062
PHY-3002 : Step(185): len = 118679, overlap = 81.6875
PHY-3002 : Step(186): len = 118810, overlap = 81.5
PHY-3002 : Step(187): len = 118960, overlap = 81.5625
OPT-1001 : Start physical optimization ...
OPT-1001 : Total overflow 81.56 peak overflow 1.50
OPT-1001 : Start high-fanout net optimization ...
OPT-1001 : Update timing in global mode
PHY-1001 : Start incremental global routing, caller is place ...
RUN-1001 : Generating global routing grids ...
PHY-1001 : Generate routing nets ...
PHY-1001 : Reuse net number 193/4927.
PHY-1001 : Global iterations in 12 thread ...
PHY-1002 : len = 139640, over cnt = 666(6%), over = 2420, worst = 21
PHY-1001 : End global iterations;  0.282102s wall, 0.156250s user + 0.000000s system = 0.156250s CPU (55.4%)

PHY-1001 : Congestion index: top1 = 59.38, top5 = 47.30, top10 = 41.56, top15 = 38.09.
PHY-1001 : End incremental global routing;  0.332790s wall, 0.171875s user + 0.000000s system = 0.171875s CPU (51.6%)

RUN-1002 : start command "start_timer -report"
TMR-5001 WARNING: No sdc constraints found while initiating timer.
TMR-2505 : Start building timing graph for model TOP.
TMR-2506 : Build timing graph completely. Port num: 14, tpin num: 18072, tnet num: 4925, tinst num: 3529, tnode num: 22936, tedge num: 31592.
TMR-2508 : Levelizing timing graph completed, there are 61 levels in total.
TMR-2501 : Timing graph initialized successfully.
OPT-1001 : End timing update;  0.390854s wall, 0.203125s user + 0.000000s system = 0.203125s CPU (52.0%)

OPT-1001 : 0 high-fanout net processed.
OPT-1001 : End high-fanout net optimization;  0.791566s wall, 0.406250s user + 0.000000s system = 0.406250s CPU (51.3%)

OPT-1001 : Current memory(MB): used = 291, reserve = 265, peak = 291.
OPT-1001 : End physical optimization;  0.824747s wall, 0.421875s user + 0.000000s system = 0.421875s CPU (51.2%)

PHY-3001 : Start packing ...
SYN-4007 : Packing 0 MUX to BLE ...
SYN-4008 : Packed 0 MUX and 0 SEQ to BLE.
SYN-4007 : Packing 1264 LUT to BLE ...
SYN-4008 : Packed 1264 LUT and 675 SEQ to BLE.
SYN-4003 : Packing 625 remaining SEQ's ...
SYN-4005 : Packed 259 SEQ with LUT/SLICE
SYN-4006 : 444 single LUT's are left
SYN-4006 : 366 single SEQ's are left
SYN-4011 : Packing model "TOP" (AL_USER_NORMAL) with 1630/2597 primitive instances ...
PHY-3001 : End packing;  0.149587s wall, 0.062500s user + 0.000000s system = 0.062500s CPU (41.8%)

PHY-1001 : Populate physical database on model TOP.
RUN-1001 : There are total 1845 instances
RUN-1001 : 904 mslices, 903 lslices, 14 pads, 11 brams, 10 dsps
RUN-1001 : There are total 4326 nets
RUN-1001 : 2970 nets have 2 pins
RUN-1001 : 1042 nets have [3 - 5] pins
RUN-1001 : 150 nets have [6 - 10] pins
RUN-1001 : 114 nets have [11 - 20] pins
RUN-1001 : 45 nets have [21 - 99] pins
RUN-1001 : 5 nets have 100+ pins
PHY-3001 : design contains 1843 instances, 1807 slices, 123 macros(929 instances: 598 mslices 331 lslices)
PHY-3001 : Cell area utilization is 68%
PHY-3001 : After packing: Len = 118209, Over = 121.25
PHY-3001 : Run with size of 1
PHY-3001 : Cell area utilization is 68%
PHY-3001 : Analyzing congestion ...
RUN-1001 : Generating global routing grids ...
PHY-1001 : Generate routing nets ...
PHY-1001 : Reuse net number 2583/4326.
PHY-1001 : Global iterations in 12 thread ...
PHY-1002 : len = 139912, over cnt = 531(4%), over = 1524, worst = 21
PHY-1002 : len = 144112, over cnt = 358(3%), over = 922, worst = 21
PHY-1002 : len = 151976, over cnt = 141(1%), over = 278, worst = 10
PHY-1002 : len = 154024, over cnt = 4(0%), over = 4, worst = 1
PHY-1002 : len = 154232, over cnt = 0(0%), over = 0, worst = 0
PHY-1001 : End global iterations;  0.371642s wall, 0.093750s user + 0.015625s system = 0.109375s CPU (29.4%)

PHY-1001 : Congestion index: top1 = 51.46, top5 = 41.24, top10 = 37.56, top15 = 35.31.
PHY-3001 : End congestion estimation;  0.430161s wall, 0.109375s user + 0.031250s system = 0.140625s CPU (32.7%)

PHY-3001 : Update density targets...
PHY-3001 : Update congestion history...
PHY-3001 : :::0::: Try harder cell spreading with beta_ = 3.00898e-05
PHY-3002 : Step(188): len = 105344, overlap = 138.75
PHY-3002 : Step(189): len = 103191, overlap = 139.5
PHY-3002 : Step(190): len = 101619, overlap = 139
PHY-3002 : Step(191): len = 101472, overlap = 144
PHY-3002 : Step(192): len = 101225, overlap = 138.25
PHY-3002 : Step(193): len = 100476, overlap = 131
PHY-3002 : Step(194): len = 99315.8, overlap = 132
PHY-3002 : Step(195): len = 98608.3, overlap = 135.75
PHY-3002 : Step(196): len = 98052.1, overlap = 139
PHY-3001 : :::1::: Try harder cell spreading with beta_ = 6.01796e-05
PHY-3002 : Step(197): len = 101648, overlap = 131.5
PHY-3002 : Step(198): len = 103129, overlap = 125.5
PHY-3002 : Step(199): len = 105050, overlap = 112.25
PHY-3001 : :::2::: Try harder cell spreading with beta_ = 0.000120359
PHY-3002 : Step(200): len = 106366, overlap = 103.5
PHY-3002 : Step(201): len = 107314, overlap = 104.5
PHY-3002 : Step(202): len = 110731, overlap = 90.75
PHY-3002 : Step(203): len = 111986, overlap = 97.25
PHY-3002 : Step(204): len = 112316, overlap = 98.25
PHY-3002 : Step(205): len = 112298, overlap = 98.5
PHY-3001 : :::3::: Try harder cell spreading with beta_ = 0.000240718
PHY-3002 : Step(206): len = 113932, overlap = 100
PHY-3002 : Step(207): len = 115489, overlap = 98.75
PHY-3002 : Step(208): len = 116553, overlap = 101
PHY-3001 : :::4::: Try harder cell spreading with beta_ = 0.00044736
PHY-3002 : Step(209): len = 116650, overlap = 102.25
PHY-3002 : Step(210): len = 117688, overlap = 93.25
PHY-3002 : Step(211): len = 120913, overlap = 88.5
PHY-3002 : Step(212): len = 122487, overlap = 85.25
PHY-3002 : Step(213): len = 122153, overlap = 81.75
PHY-3002 : Step(214): len = 122061, overlap = 81.25
PHY-3002 : Step(215): len = 121974, overlap = 82
PHY-3002 : Step(216): len = 121931, overlap = 80.25
PHY-3002 : Step(217): len = 121970, overlap = 79
PHY-3002 : Step(218): len = 122118, overlap = 75.75
PHY-3002 : Step(219): len = 122258, overlap = 74.5
PHY-3002 : Step(220): len = 122475, overlap = 73.5
PHY-3001 : :::5::: Try harder cell spreading with beta_ = 0.000797793
PHY-3002 : Step(221): len = 123149, overlap = 71.5
PHY-3002 : Step(222): len = 123790, overlap = 71.75
PHY-3002 : Step(223): len = 124169, overlap = 71.5
PHY-3002 : Step(224): len = 124666, overlap = 71.5
PHY-3002 : Step(225): len = 125277, overlap = 68.5
PHY-3002 : Step(226): len = 125955, overlap = 69.75
PHY-3002 : Step(227): len = 126178, overlap = 69.25
PHY-3002 : Step(228): len = 126353, overlap = 72.25
PHY-3001 : Legalization ...
PHY-3001 : End legalization;  0.560888s wall, 0.000000s user + 0.000000s system = 0.000000s CPU (n/a%)

PHY-3001 : Trial Legalized: Len = 133817
PHY-3001 : Run with size of 1
PHY-3001 : Cell area utilization is 66%
PHY-3001 : Analyzing congestion ...
RUN-1001 : Generating global routing grids ...
PHY-1001 : Generate routing nets ...
PHY-1001 : Reuse net number 312/4326.
PHY-1001 : Global iterations in 12 thread ...
PHY-1002 : len = 156152, over cnt = 477(4%), over = 819, worst = 9
PHY-1002 : len = 159584, over cnt = 244(2%), over = 354, worst = 7
PHY-1002 : len = 162704, over cnt = 69(0%), over = 98, worst = 4
PHY-1002 : len = 164152, over cnt = 1(0%), over = 1, worst = 1
PHY-1002 : len = 164200, over cnt = 0(0%), over = 0, worst = 0
PHY-1001 : End global iterations;  0.519776s wall, 0.203125s user + 0.000000s system = 0.203125s CPU (39.1%)

PHY-1001 : Congestion index: top1 = 45.83, top5 = 39.31, top10 = 35.90, top15 = 33.63.
PHY-3001 : End congestion estimation;  0.586806s wall, 0.234375s user + 0.000000s system = 0.234375s CPU (39.9%)

PHY-3001 : Update density targets...
PHY-3001 : Update congestion history...
PHY-3001 : :::0::: Try harder cell spreading with beta_ = 6.22087e-05
PHY-3002 : Step(229): len = 123877, overlap = 42
PHY-3002 : Step(230): len = 121660, overlap = 58.5
PHY-3002 : Step(231): len = 121406, overlap = 58.25
PHY-3002 : Step(232): len = 121530, overlap = 59.25
PHY-3002 : Step(233): len = 121264, overlap = 61.75
PHY-3002 : Step(234): len = 121263, overlap = 61.75
PHY-3002 : Step(235): len = 121115, overlap = 60.75
PHY-3001 : :::1::: Try harder cell spreading with beta_ = 0.000124417
PHY-3002 : Step(236): len = 122786, overlap = 56.25
PHY-3002 : Step(237): len = 123257, overlap = 52.75
PHY-3002 : Step(238): len = 123950, overlap = 52.75
PHY-3001 : :::2::: Try harder cell spreading with beta_ = 0.000248835
PHY-3002 : Step(239): len = 125026, overlap = 47
PHY-3002 : Step(240): len = 125026, overlap = 47
PHY-3002 : Step(241): len = 125241, overlap = 45.25
PHY-3001 : Legalization ...
PHY-3001 : End legalization;  0.004856s wall, 0.000000s user + 0.000000s system = 0.000000s CPU (n/a%)

PHY-3001 : Legalized: Len = 127417, Over = 0
PHY-3001 : End spreading;  0.008478s wall, 0.000000s user + 0.000000s system = 0.000000s CPU (n/a%)

PHY-3001 : Final: Len = 127417, Over = 0
RUN-1003 : finish command "place" in  10.694321s wall, 3.437500s user + 0.796875s system = 4.234375s CPU (39.6%)

RUN-1004 : used memory is 262 MB, reserved memory is 235 MB, peak memory is 292 MB
RUN-1002 : start command "export_db FOC_Controller_place.db"
RUN-1001 : Exported /
RUN-1001 : Exported flow parameters
RUN-1001 : Exported libs
RUN-1001 : Exported entities
RUN-1001 : Exported ports
RUN-1001 : Exported pins
RUN-1001 : Exported instances
RUN-1001 : Exported nets
RUN-1001 : Exported buses
RUN-1001 : Exported models
RUN-1001 : Exported congestions
RUN-1001 : Exported violations
RUN-1001 : Exported IO constraints
RUN-1001 : Exported Inst constraints
RUN-1003 : finish command "export_db FOC_Controller_place.db" in  1.017939s wall, 0.796875s user + 0.000000s system = 0.796875s CPU (78.3%)

RUN-1004 : used memory is 270 MB, reserved memory is 245 MB, peak memory is 344 MB
RUN-1002 : start command "route"
RUN-1001 : Open license file D:/Anlogic/TD5.6.2/license/Anlogic.lic
RUN-1001 : Print Global Property
RUN-1001 : ---------------------------------------------------------------
RUN-1001 :        Parameters        |  Settings  |  Default Values  |  Note  
RUN-1001 : ---------------------------------------------------------------
RUN-1001 :          message         |  standard  |     standard     |        
RUN-1001 :   mixed_pack_place_flow  |     on     |        on        |        
RUN-1001 :        qor_monitor       |    off     |       off        |        
RUN-1001 :        syn_ip_flow       |    off     |       off        |        
RUN-1001 :          thread          |    auto    |       auto       |        
RUN-1001 : ---------------------------------------------------------------
RUN-1001 : Print Route Property
RUN-1001 : -------------------------------------------------------
RUN-1001 :    Parameters    |  Settings  |  Default Values  |  Note  
RUN-1001 : -------------------------------------------------------
RUN-1001 :      effort      |   medium   |      medium      |        
RUN-1001 :     fix_hold     |    off     |       off        |        
RUN-1001 :    opt_timing    |   medium   |      medium      |        
RUN-1001 :   phy_sim_model  |    off     |       off        |        
RUN-1001 :     priority     |   timing   |      timing      |        
RUN-1001 :     swap_pin     |     on     |        on        |        
RUN-1001 : -------------------------------------------------------
PHY-1001 : Route runs in 12 thread(s)
RUN-1001 : There are total 1845 instances
RUN-1001 : 904 mslices, 903 lslices, 14 pads, 11 brams, 10 dsps
RUN-1001 : There are total 4326 nets
RUN-1001 : 2970 nets have 2 pins
RUN-1001 : 1042 nets have [3 - 5] pins
RUN-1001 : 150 nets have [6 - 10] pins
RUN-1001 : 114 nets have [11 - 20] pins
RUN-1001 : 45 nets have [21 - 99] pins
RUN-1001 : 5 nets have 100+ pins
RUN-1002 : start command "start_timer -report"
TMR-5001 WARNING: No sdc constraints found while initiating timer.
TMR-2505 : Start building timing graph for model TOP.
TMR-2506 : Build timing graph completely. Port num: 14, tpin num: 15398, tnet num: 4324, tinst num: 1843, tnode num: 18804, tedge num: 28231.
TMR-2508 : Levelizing timing graph completed, there are 59 levels in total.
TMR-2501 : Timing graph initialized successfully.
PHY-1001 : 904 mslices, 903 lslices, 14 pads, 11 brams, 10 dsps
TMR-2503 : Start to update net delay, extr mode = 3.
TMR-2504 : Update delay of 4324 nets completely.
TMR-2502 : Annotate delay completely, extr mode = 3.
TMR-3002 : No user constraint, initiate default constraint.
TMR-1501 : Assign derive clock DeriveClock to 1570 clock pins, and constraint 3404 relative nodes.
TMR-3003 : Constraints initiated successfully.
TMR-3501 : Forward propagation: start to calculate arrival time...
TMR-3502 : Backward propagation: start to calculate required time...
TMR-3503 : Timing propagation completes.
PHY-1001 : Start global routing, caller is route ...
RUN-1001 : Generating global routing grids ...
PHY-1001 : Generate routing nets ...
PHY-1001 : Global iterations in 12 thread ...
PHY-1002 : len = 147664, over cnt = 462(4%), over = 809, worst = 9
PHY-1002 : len = 151520, over cnt = 259(2%), over = 370, worst = 7
PHY-1002 : len = 156336, over cnt = 11(0%), over = 11, worst = 1
PHY-1002 : len = 156648, over cnt = 0(0%), over = 0, worst = 0
PHY-1001 : End global iterations;  0.463112s wall, 0.234375s user + 0.000000s system = 0.234375s CPU (50.6%)

PHY-1001 : Congestion index: top1 = 46.46, top5 = 39.05, top10 = 35.50, top15 = 33.33.
PHY-1001 : End global routing;  0.532386s wall, 0.265625s user + 0.000000s system = 0.265625s CPU (49.9%)

PHY-1001 : Start detail routing ...
PHY-1001 : Current memory(MB): used = 337, reserve = 312, peak = 344.
PHY-1001 : Detailed router is running in normal mode.
PHY-1001 : Generate detailed routing grids ...
PHY-1001 : Generate nets ...
PHY-1001 : net clk_25m_dup_1 will be routed on clock mesh
PHY-1001 : Current memory(MB): used = 422, reserve = 398, peak = 422.
PHY-1001 : End build detailed router design. 1.769564s wall, 0.828125s user + 0.015625s system = 0.843750s CPU (47.7%)

PHY-1001 : Detail Route ...
PHY-1001 : ===== Detail Route Phase 1 =====
PHY-1001 : Clock net routing.....
PHY-1001 : Routed 0% nets.
PHY-1022 : len = 31248, over cnt = 0(0%), over = 0, worst = 0, crit = 0
PHY-1001 : End initial clock net routed; 0.006147s wall, 0.000000s user + 0.000000s system = 0.000000s CPU (n/a%)

PHY-1001 : Current memory(MB): used = 423, reserve = 399, peak = 423.
PHY-1001 : End phase 1; 0.007865s wall, 0.000000s user + 0.000000s system = 0.000000s CPU (n/a%)

PHY-1001 : ===== Detail Route Phase 2 =====
PHY-1001 : Initial routing.....
PHY-1001 : Routed 33% nets.
PHY-1001 : Routed 41% nets.
PHY-1001 : Routed 50% nets.
PHY-1001 : Routed 63% nets.
PHY-1001 : Routed 80% nets.
PHY-1022 : len = 378040, over cnt = 184(0%), over = 184, worst = 1, crit = 0
PHY-1001 : Current memory(MB): used = 432, reserve = 407, peak = 432.
PHY-1001 : End initial routed; 2.422441s wall, 1.312500s user + 0.000000s system = 1.312500s CPU (54.2%)

PHY-1001 : Current memory(MB): used = 432, reserve = 407, peak = 432.
PHY-1001 : End phase 2; 2.422500s wall, 1.312500s user + 0.000000s system = 1.312500s CPU (54.2%)

PHY-1001 : ===== Detail Route Phase 3 =====
PHY-1001 : Ripup-reroute.....
PHY-1001 : ===== DR Iter 1 =====
PHY-1022 : len = 374544, over cnt = 42(0%), over = 42, worst = 1, crit = 0
PHY-1001 : End DR Iter 1; 0.149071s wall, 0.078125s user + 0.000000s system = 0.078125s CPU (52.4%)

PHY-1001 : ===== DR Iter 2 =====
PHY-1022 : len = 374736, over cnt = 5(0%), over = 5, worst = 1, crit = 0
PHY-1001 : End DR Iter 2; 0.051600s wall, 0.015625s user + 0.000000s system = 0.015625s CPU (30.3%)

PHY-1001 : ===== DR Iter 3 =====
PHY-1022 : len = 374856, over cnt = 0(0%), over = 0, worst = 0, crit = 0
PHY-1001 : End DR Iter 3; 0.030948s wall, 0.000000s user + 0.000000s system = 0.000000s CPU (n/a%)

PHY-1001 : Commit to database.....
PHY-1001 : 22 feed throughs used by 21 nets
PHY-1001 : End commit to database; 0.514417s wall, 0.156250s user + 0.000000s system = 0.156250s CPU (30.4%)

PHY-1001 : Current memory(MB): used = 451, reserve = 427, peak = 451.
PHY-1001 : End phase 3; 0.800728s wall, 0.265625s user + 0.000000s system = 0.265625s CPU (33.2%)

PHY-1003 : Routed, final wirelength = 374856
PHY-1001 : Current memory(MB): used = 452, reserve = 428, peak = 452.
PHY-1001 : End export database. 0.010887s wall, 0.000000s user + 0.000000s system = 0.000000s CPU (n/a%)

PHY-1001 : End detail routing;  5.136539s wall, 2.484375s user + 0.046875s system = 2.531250s CPU (49.3%)

RUN-1003 : finish command "route" in  6.291493s wall, 3.109375s user + 0.062500s system = 3.171875s CPU (50.4%)

RUN-1004 : used memory is 387 MB, reserved memory is 363 MB, peak memory is 452 MB
RUN-1002 : start command "report_area -io_info -file FOC_Controller_phy.area"
RUN-1001 : standard
***Report Model: TOP Device: SF1S60CG121I***

IO Statistics
#IO                        14
  #input                    3
  #output                  10
  #inout                    1

Utilization Statistics
#lut                     3137   out of   5824   53.86%
#reg                     1312   out of   5824   22.53%
#le                      3503
  #lut only              2191   out of   3503   62.55%
  #reg only               366   out of   3503   10.45%
  #lut&reg                946   out of   3503   27.01%
#dsp                       10   out of     10  100.00%
#bram                      11   out of     26   42.31%
  #bram9k                  11
  #fifo9k                   0
#hard-ip                    0
  #mcu                      0   out of      1    0.00%
  #dsc                      0   out of      1    0.00%
  #dsi                      0   out of      2    0.00%
  #psram controller         0   out of      2    0.00%
#pad                       14   out of     55   25.45%
  #ireg                     1
  #oreg                    11
  #treg                     1
#pll                        0   out of      2    0.00%
#gclk                       0   out of     16    0.00%

Clock Resource Statistics
Index     ClockNet         Type               DriverType         Driver              Fanout
#1        clk_25m_dup_1    GCLK               io                 clk_25m_syn_2.di    785


Detailed IO Report

    Name      Direction    Location    IOStandard    DriveStrength    PullType     PackReg   
  clk_25m       INPUT         D7        LVCMOS18          N/A          PULLUP       NONE     
    rstn        INPUT         J2        LVCMOS18          N/A           NONE        NONE     
  spi_miso      INPUT         B9        LVCMOS18          N/A          PULLUP       IREG     
  i2c_scl      OUTPUT         G3        LVCMOS18           8            NONE        OREG     
    led0       OUTPUT         J5        LVCMOS18           8            NONE        OREG     
   pwm_a       OUTPUT        C10        LVCMOS18           8            NONE        OREG     
   pwm_b       OUTPUT        C11        LVCMOS18           8            NONE        OREG     
   pwm_c       OUTPUT        E11        LVCMOS18           8            NONE        OREG     
   pwm_en      OUTPUT        F11        LVCMOS18           8            NONE        OREG     
  spi_mosi     OUTPUT         B8        LVCMOS18           8            NONE        OREG     
  spi_sck      OUTPUT         A9        LVCMOS18           8            NONE        OREG     
   spi_ss      OUTPUT         A8        LVCMOS18           8            NONE        OREG     
  uart_tx      OUTPUT         A4        LVCMOS18           8            NONE        OREG     
  i2c_sda       INOUT         H3        LVCMOS18           8           PULLUP     OREG;TREG  

Report Hierarchy Area:
+----------------------------------------------------------------------------------------------+
|Instance              |Module            |le     |lut     |ripple  |seq     |bram    |dsp     |
+----------------------------------------------------------------------------------------------+
|top                   |TOP               |3503   |2208    |929     |1325    |11      |10      |
|  u_adc_ad7928        |adc_ad7928        |141    |72      |28      |83      |0       |0       |
|  u_as5600_read       |i2c_register_read |274    |177     |87      |61      |0       |0       |
|  u_foc_top           |foc_top           |2838   |1759    |791     |1029    |11      |10      |
|    u_adc_sn_ctrl     |hold_detect       |16     |12      |4       |10      |0       |0       |
|    u_cartesian2polar |cartesian2polar   |593    |489     |98      |193     |8       |0       |
|    u_clark_tr        |clark_tr          |149    |61      |42      |88      |0       |0       |
|    u_id_pi           |pi_controller     |571    |321     |207     |171     |0       |3       |
|    u_iq_pi           |pi_controller     |709    |376     |274     |196     |0       |3       |
|    u_park_tr         |park_tr           |192    |124     |44      |91      |2       |4       |
|      u_sincos        |sincos            |128    |102     |26      |61      |2       |0       |
|    u_svpwm           |svpwm             |458    |303     |93      |184     |1       |0       |
|  u_uart_monitor      |uart_monitor      |210    |192     |16      |112     |0       |0       |
+----------------------------------------------------------------------------------------------+


DataNet Average Fanout:

   Index     Fanout     Nets  
    #1          1       2956  
    #2          2       552   
    #3          3       422   
    #4          4        68   
    #5        5-10      172   
    #6        11-50     132   
    #7       51-100      5    
    #8       101-500     2    
  Average     2.38            

RUN-1002 : start command "export_db FOC_Controller_pr.db"
RUN-1001 : Exported /
RUN-1001 : Exported flow parameters
RUN-1001 : Exported libs
RUN-1001 : Exported entities
RUN-1001 : Exported ports
RUN-1001 : Exported pins
RUN-1001 : Exported instances
RUN-1001 : Exported nets
RUN-1001 : Exported buses
RUN-1001 : Exported models
RUN-1001 : Exported congestions
RUN-1001 : Exported violations
RUN-1001 : Exported IO constraints
RUN-1001 : Exported Inst constraints
RUN-1003 : finish command "export_db FOC_Controller_pr.db" in  1.083722s wall, 0.796875s user + 0.031250s system = 0.828125s CPU (76.4%)

RUN-1004 : used memory is 391 MB, reserved memory is 372 MB, peak memory is 465 MB
RUN-1002 : start command "export_bid FOC_Controller_inst.bid"
PRG-1000 : <!-- HMAC is: 7094e746a9b3a9fc3b4ed42cf74d118601410328f2312c834dddc4b70e308358 -->
RUN-1002 : start command "bitgen -bit FOC_Controller.bit"
BIT-1003 : Start to generate bitstream. 
BIT-1002 : Init instances with 12 threads.
BIT-1002 : Init instances completely, inst num: 1843
BIT-1002 : Init pips with 12 threads.
BIT-1002 : Init pips completely, net num: 4326, pip num: 33629
BIT-1002 : Init feedthrough with 12 threads.
BIT-1002 : Init feedthrough completely, num: 22
BIT-1003 : Multithreading accelaration with 12 threads.
BIT-1003 : Generate bitstream completely, there are 1053 valid insts, and 105780 bits set as '1'.
BIT-1004 : the usercode register value: 00000000010110010000000000000000
BIT-1004 : Generate bits file FOC_Controller.bit.
RUN-1003 : finish command "bitgen -bit FOC_Controller.bit" in  2.970003s wall, 21.921875s user + 0.078125s system = 22.000000s CPU (740.7%)

RUN-1004 : used memory is 397 MB, reserved memory is 385 MB, peak memory is 574 MB
RUN-1002 : start command "backup_run_log run.log ../.logs/phy_1/td_20231107_001607.log"
