============================================================
   Tang Dynasty, V5.6.71036
      Copyright (c) 2012-2023 Anlogic Inc.
   Executable = D:/Anlogic/TD5.6.2/bin/td.exe
   Built at =   20:34:38 Mar 21 2023
   Run by =     15597
   Run Date =   Tue Nov  7 21:33:25 2023

   Run on =     XR097-DELL-G7
============================================================
RUN-1002 : start command "open_project FOC_Controller.prj"
RUN-1001 : Print Global Property
RUN-1001 : ---------------------------------------------------------------
RUN-1001 :        Parameters        |  Settings  |  Default Values  |  Note  
RUN-1001 : ---------------------------------------------------------------
RUN-1001 :          message         |  standard  |     standard     |        
RUN-1001 :   mixed_pack_place_flow  |     on     |        on        |        
RUN-1001 :        qor_monitor       |    off     |       off        |        
RUN-1001 :        syn_ip_flow       |    off     |       off        |        
RUN-1001 :          thread          |    auto    |       auto       |        
RUN-1001 : ---------------------------------------------------------------
RUN-1001 : Print Design Property
RUN-1001 : --------------------------------------------------------------
RUN-1001 :        Parameters       |  Settings  |  Default Values  |  Note  
RUN-1001 : --------------------------------------------------------------
RUN-1001 :   default_reg_initial   |    auto    |       auto       |        
RUN-1001 :        infer_add        |     on     |        on        |        
RUN-1001 :        infer_fsm        |    off     |       off        |        
RUN-1001 :        infer_mult       |     on     |        on        |        
RUN-1001 :        infer_ram        |     on     |        on        |        
RUN-1001 :        infer_reg        |     on     |        on        |        
RUN-1001 :   infer_reg_init_value  |     on     |        on        |        
RUN-1001 :        infer_rom        |     on     |        on        |        
RUN-1001 :      infer_shifter      |     on     |        on        |        
RUN-1001 : --------------------------------------------------------------
RUN-1001 : Print Rtl Property
RUN-1001 : --------------------------------------------------------------
RUN-1001 :        Parameters       |  Settings  |  Default Values  |  Note  
RUN-1001 : --------------------------------------------------------------
RUN-1001 :       compress_add      |   ripple   |      ripple      |        
RUN-1001 :        elf_sload        |    off     |       off        |        
RUN-1001 :       fix_undriven      |     0      |        0         |        
RUN-1001 :         flatten         |    off     |       off        |        
RUN-1001 :       gate_sharing      |     on     |        on        |        
RUN-1001 :    hdl_warning_level    |   normal   |      normal      |        
RUN-1001 :   impl_internal_tribuf  |     on     |        on        |        
RUN-1001 :      impl_set_reset     |     on     |        on        |        
RUN-1001 :        infer_gsr        |    off     |       off        |        
RUN-1001 :      keep_hierarchy     |    auto    |       auto       |        
RUN-1001 :        max_fanout       |    9999    |       9999       |        
RUN-1001 :      max_oh2bin_len     |     10     |        10        |        
RUN-1001 :       merge_equal       |     on     |        on        |        
RUN-1001 :       merge_equiv       |     on     |        on        |        
RUN-1001 :        merge_mux        |    off     |       off        |        
RUN-1001 :     min_control_set     |     8      |        8         |        
RUN-1001 :      min_ripple_len     |    auto    |       auto       |        
RUN-1001 :       oh2bin_ratio      |    0.08    |       0.08       |        
RUN-1001 :     opt_adder_fanout    |     on     |        on        |        
RUN-1001 :        opt_arith        |     on     |        on        |        
RUN-1001 :       opt_big_gate      |    off     |       off        |        
RUN-1001 :        opt_const        |     on     |        on        |        
RUN-1001 :      opt_const_mult     |     on     |        on        |        
RUN-1001 :       opt_lessthan      |     on     |        on        |        
RUN-1001 :         opt_mux         |    off     |       off        |        
RUN-1001 :         opt_ram         |    high    |       high       |        
RUN-1001 :      rtl_sim_model      |    off     |       off        |        
RUN-1001 :         seq_syn         |     on     |        on        |        
RUN-1001 : --------------------------------------------------------------
HDL-1007 : analyze verilog file ../../RTL/foc/svpwm.v
HDL-1007 : analyze verilog file ../../TOP_test.v
RUN-1001 : Project manager successfully analyzed 2 source files.
RUN-1002 : start command "import_device sf1_6.db -package SF1S60CG121I"
ARC-1001 : Device Initialization.
ARC-1001 : -------------------------------------------------
ARC-1001 :       OPTION       |      IO       |   SETTING   
ARC-1001 : -------------------------------------------------
ARC-1001 :        done        |      B4       |    gpio    
ARC-1001 :        initn       |      A5       |    gpio    
ARC-1001 :       jtagen       |      B7       |    gpio    
ARC-1001 :      programn      |      B5       |  dedicate  
ARC-1001 :   tdi/tms/tck/tdo  |  C4/A6/A7/C5  |  dedicate  
ARC-1001 : -------------------------------------------------
ARC-1004 : Device setting, marked 5 dedicate IOs in total.
RUN-1002 : start command "import_db ../syn_1/FOC_Controller_gate.db"
RUN-1001 : Importing database generated by Tang Dynasty, V5.6.71036.
RUN-1001 : Database version number 46146.
RUN-1001 : Import flow parameters
RUN-1001 : Import IO constraints
RUN-1001 : Import Inst constraints
RUN-1001 : Import design success TD_VERSION=5.6.71036 , DB_VERSION=46146
RUN-1002 : start command "place"
RUN-1001 : Open license file D:/Anlogic/TD5.6.2/license/Anlogic.lic
RUN-1001 : Print Global Property
RUN-1001 : ---------------------------------------------------------------
RUN-1001 :        Parameters        |  Settings  |  Default Values  |  Note  
RUN-1001 : ---------------------------------------------------------------
RUN-1001 :          message         |  standard  |     standard     |        
RUN-1001 :   mixed_pack_place_flow  |     on     |        on        |        
RUN-1001 :        qor_monitor       |    off     |       off        |        
RUN-1001 :        syn_ip_flow       |    off     |       off        |        
RUN-1001 :          thread          |    auto    |       auto       |        
RUN-1001 : ---------------------------------------------------------------
RUN-1001 : Print Place Property
RUN-1001 : --------------------------------------------------------------
RUN-1001 :        Parameters       |  Settings  |  Default Values  |  Note  
RUN-1001 : --------------------------------------------------------------
RUN-1001 :      detailed_place     |     on     |        on        |        
RUN-1001 :          effort         |   medium   |      medium      |        
RUN-1001 :         fix_hold        |    off     |       off        |        
RUN-1001 :       legalization      |    ori     |       ori        |        
RUN-1001 :      new_spreading      |     on     |        on        |        
RUN-1001 :        opt_timing       |   medium   |      medium      |        
RUN-1001 :   post_clock_route_opt  |    off     |       off        |        
RUN-1001 :       pr_strategy       |     1      |        1         |        
RUN-1001 :        relaxation       |    1.00    |       1.00       |        
RUN-1001 :         retiming        |    off     |       off        |        
RUN-1001 : --------------------------------------------------------------
PHY-3001 : Placer runs in 12 thread(s).
RUN-1002 : start command "legalize_phy_inst"
SYN-1011 : Flatten model TOP_test
RUN-1002 : start command "phys_opt -simplify_lut"
SYN-4024 : Net "clk_25m_dup_1" drives clk pins.
SYN-4025 : Tag rtl::Net clk_25m_dup_1 as clock net
SYN-4026 : Tagged 1 rtl::Net as clock net
PHY-1001 : Populate physical database on model TOP_test.
RUN-1001 : There are total 455 instances
RUN-0007 : 120 luts, 214 seqs, 68 mslices, 36 lslices, 12 pads, 1 brams, 1 dsps
RUN-1001 : There are total 596 nets
RUN-1001 : 428 nets have 2 pins
RUN-1001 : 126 nets have [3 - 5] pins
RUN-1001 : 22 nets have [6 - 10] pins
RUN-1001 : 12 nets have [11 - 20] pins
RUN-1001 : 4 nets have [21 - 99] pins
RUN-1001 : 4 nets have 100+ pins
RUN-1001 : Report Control nets information:
RUN-1001 : DFF Distribution
RUN-1001 : ----------------------------------
RUN-1001 :   CE   |  SSR  |  ASR  |  DFF Count  
RUN-1001 : ----------------------------------
RUN-1001 :   No   |  No   |  No   |     26      
RUN-1001 :   No   |  No   |  Yes  |     57      
RUN-1001 :   No   |  Yes  |  No   |      9      
RUN-1001 :   Yes  |  No   |  No   |      0      
RUN-1001 :   Yes  |  No   |  Yes  |     122     
RUN-1001 :   Yes  |  Yes  |  No   |      0      
RUN-1001 : ----------------------------------
RUN-0007 : Control Group Statistic
RUN-0007 : ---------------------------
RUN-0007 :   #CLK  |  #CE  |  #SSR/ASR  
RUN-0007 : ---------------------------
RUN-0007 :    1    |   6   |     3      
RUN-0007 : ---------------------------
RUN-0007 : Control Set = 8
PHY-3001 : Initial placement ...
PHY-3001 : design contains 453 instances, 120 luts, 214 seqs, 104 slices, 21 macros(104 instances: 68 mslices 36 lslices)
PHY-0007 : Cell area utilization is 5%
PHY-3001 : Global placement ...
PHY-3001 : Initial: Len = 90420.6
PHY-3001 : Run with size of 3
PHY-3001 : Cell area utilization is 5%
PHY-3001 : :::0::: Try harder cell spreading with beta_ = 0
PHY-3002 : Step(1): len = 54922.1, overlap = 4.25
PHY-3002 : Step(2): len = 48666.3, overlap = 4.25
PHY-3002 : Step(3): len = 27642.5, overlap = 4.25
PHY-3002 : Step(4): len = 23060, overlap = 4.25
PHY-3002 : Step(5): len = 20619.2, overlap = 4.25
PHY-3002 : Step(6): len = 17794.4, overlap = 0
PHY-3002 : Step(7): len = 15166.3, overlap = 4.25
PHY-3002 : Step(8): len = 12995.8, overlap = 4.25
PHY-3002 : Step(9): len = 12199.9, overlap = 4.5
PHY-3002 : Step(10): len = 11265.8, overlap = 3.0625
PHY-3002 : Step(11): len = 10167.7, overlap = 5.25
PHY-3002 : Step(12): len = 9779.3, overlap = 5.96875
PHY-3002 : Step(13): len = 9033.9, overlap = 9.59375
PHY-3001 : :::1::: Try harder cell spreading with beta_ = 0.000199102
PHY-3002 : Step(14): len = 9806.2, overlap = 7.65625
PHY-3002 : Step(15): len = 9801.9, overlap = 7.75
PHY-3002 : Step(16): len = 9329, overlap = 8.4375
PHY-3002 : Step(17): len = 9182.2, overlap = 8.65625
PHY-3002 : Step(18): len = 8789.8, overlap = 11.5625
PHY-3002 : Step(19): len = 8768.2, overlap = 11.5625
PHY-3002 : Step(20): len = 8806.8, overlap = 11.625
PHY-3001 : :::2::: Try harder cell spreading with beta_ = 0.000398205
PHY-3002 : Step(21): len = 8829, overlap = 9.46875
PHY-3002 : Step(22): len = 8829.1, overlap = 9.46875
PHY-3001 : :::3::: Try harder cell spreading with beta_ = 0.00079641
PHY-3002 : Step(23): len = 8823.8, overlap = 8.03125
PHY-3002 : Step(24): len = 8819.3, overlap = 8
PHY-3001 : Legalization ...
PHY-3001 : End legalization;  0.004379s wall, 0.000000s user + 0.000000s system = 0.000000s CPU (n/a%)

PHY-3001 : Run with size of 3
PHY-3001 : Cell area utilization is 7%
PHY-3001 : :::0::: Try harder cell spreading with beta_ = 1.36146e-05
PHY-3002 : Step(25): len = 8701.5, overlap = 20.5625
PHY-3002 : Step(26): len = 8829.2, overlap = 20.2812
PHY-3002 : Step(27): len = 8013.9, overlap = 27.6875
PHY-3002 : Step(28): len = 8092.9, overlap = 31.875
PHY-3002 : Step(29): len = 7591.7, overlap = 33
PHY-3002 : Step(30): len = 7413.4, overlap = 33.3125
PHY-3002 : Step(31): len = 7242.2, overlap = 24.1562
PHY-3002 : Step(32): len = 7358.8, overlap = 24
PHY-3002 : Step(33): len = 6801.8, overlap = 21.375
PHY-3002 : Step(34): len = 6647, overlap = 21.6875
PHY-3002 : Step(35): len = 6609.5, overlap = 21.875
PHY-3002 : Step(36): len = 6514.4, overlap = 20.75
PHY-3001 : :::1::: Try harder cell spreading with beta_ = 2.72292e-05
PHY-3002 : Step(37): len = 6470.6, overlap = 15.8438
PHY-3002 : Step(38): len = 6537.3, overlap = 17.1562
PHY-3002 : Step(39): len = 6642.8, overlap = 16.2812
PHY-3001 : :::2::: Try harder cell spreading with beta_ = 5.44584e-05
PHY-3002 : Step(40): len = 6417.3, overlap = 15.4062
PHY-3002 : Step(41): len = 6526.8, overlap = 15.4062
PHY-3002 : Step(42): len = 6526.8, overlap = 15.4062
PHY-3001 : Run with size of 1
PHY-3001 : Cell area utilization is 7%
PHY-3001 : :::0::: Try harder cell spreading with beta_ = 1.15901e-05
PHY-3002 : Step(43): len = 6808.8, overlap = 43.25
PHY-3002 : Step(44): len = 6980.8, overlap = 42.375
PHY-3002 : Step(45): len = 7344.6, overlap = 39.625
PHY-3001 : :::1::: Try harder cell spreading with beta_ = 2.31801e-05
PHY-3002 : Step(46): len = 7305.8, overlap = 36.0312
PHY-3002 : Step(47): len = 7362.8, overlap = 35.7812
PHY-3002 : Step(48): len = 7714.2, overlap = 34.375
PHY-3002 : Step(49): len = 7993.4, overlap = 34.2812
PHY-3002 : Step(50): len = 7897.2, overlap = 34.0625
PHY-3002 : Step(51): len = 7796.3, overlap = 30
PHY-3002 : Step(52): len = 7707.5, overlap = 32
PHY-3001 : :::2::: Try harder cell spreading with beta_ = 4.63602e-05
PHY-3002 : Step(53): len = 7866.7, overlap = 29.4375
PHY-3002 : Step(54): len = 7938.6, overlap = 29.1875
PHY-3002 : Step(55): len = 7986.3, overlap = 28.875
PHY-3001 : :::3::: Try harder cell spreading with beta_ = 9.27204e-05
PHY-3002 : Step(56): len = 8207.2, overlap = 26.1875
PHY-3002 : Step(57): len = 8207.2, overlap = 26.1875
PHY-3002 : Step(58): len = 8206.5, overlap = 26.4688
PHY-3001 : :::4::: Try harder cell spreading with beta_ = 0.000185441
PHY-3002 : Step(59): len = 8545.5, overlap = 24.9062
PHY-3002 : Step(60): len = 8749.4, overlap = 24.7812
PHY-3002 : Step(61): len = 8756.4, overlap = 25.0312
PHY-3001 : :::5::: Try harder cell spreading with beta_ = 0.000370882
PHY-3002 : Step(62): len = 8811.1, overlap = 24.75
PHY-3002 : Step(63): len = 8937.6, overlap = 24.4688
PHY-3002 : Step(64): len = 9027.5, overlap = 23.3438
PHY-3002 : Step(65): len = 9060.6, overlap = 23.9062
PHY-3001 : :::6::: Try harder cell spreading with beta_ = 0.000741763
PHY-3002 : Step(66): len = 9102.1, overlap = 23.4062
PHY-3002 : Step(67): len = 9112.8, overlap = 23.4062
PHY-3001 : :::7::: Try harder cell spreading with beta_ = 0.00148353
PHY-3002 : Step(68): len = 9144.1, overlap = 23.4375
PHY-3002 : Step(69): len = 9194.9, overlap = 23.4062
PHY-3001 : :::8::: Try harder cell spreading with beta_ = 0.00240035
PHY-3002 : Step(70): len = 9247.4, overlap = 23.3125
PHY-3002 : Step(71): len = 9395.2, overlap = 23.2188
PHY-3002 : Step(72): len = 9645.3, overlap = 22.4688
PHY-3002 : Step(73): len = 9583, overlap = 22.4688
PHY-3002 : Step(74): len = 9509.4, overlap = 21.9688
PHY-3001 : :::9::: Try harder cell spreading with beta_ = 0.0045468
PHY-3002 : Step(75): len = 9531.4, overlap = 21.8438
PHY-3002 : Step(76): len = 9545.2, overlap = 21.5312
PHY-3001 : :::10::: Try harder cell spreading with beta_ = 0.00735672
PHY-3002 : Step(77): len = 9574.2, overlap = 21.4688
PHY-3002 : Step(78): len = 9820.4, overlap = 21.7812
PHY-3002 : Step(79): len = 9882.2, overlap = 20.9375
PHY-3002 : Step(80): len = 9962.2, overlap = 20.4375
PHY-3002 : Step(81): len = 9981.1, overlap = 20.125
PHY-3002 : Step(82): len = 9950.9, overlap = 20.3438
PHY-3001 : :::11::: Try harder cell spreading with beta_ = 0.0147134
PHY-3002 : Step(83): len = 9928.7, overlap = 20.4375
PHY-3002 : Step(84): len = 9909.3, overlap = 20.9375
PHY-3001 : :::12::: Try harder cell spreading with beta_ = 0.0271208
PHY-3002 : Step(85): len = 9905.7, overlap = 21.1562
PHY-3002 : Step(86): len = 9903, overlap = 20.9062
PHY-3001 : :::13::: Try harder cell spreading with beta_ = 0.0438815
PHY-3002 : Step(87): len = 9896.3, overlap = 21.2812
PHY-3002 : Step(88): len = 9896.3, overlap = 21.1875
PHY-3002 : Step(89): len = 9901.1, overlap = 20.6875
PHY-3002 : Step(90): len = 9914.4, overlap = 20.625
PHY-3002 : Step(91): len = 9913.9, overlap = 20.625
PHY-3002 : Step(92): len = 9910.3, overlap = 20.6875
PHY-3001 : :::14::: Try harder cell spreading with beta_ = 0.0710003
PHY-3002 : Step(93): len = 9906.5, overlap = 20.625
PHY-3002 : Step(94): len = 9910, overlap = 20.8125
OPT-1001 : Start physical optimization ...
OPT-1001 : Total overflow 20.81 peak overflow 1.50
OPT-1001 : Start high-fanout net optimization ...
OPT-1001 : Update timing in global mode
PHY-1001 : Start incremental global routing, caller is place ...
RUN-1001 : Generating global routing grids ...
RUN-1001 : Building simple global routing graph ...
PHY-1001 : Generate routing nets ...
PHY-1001 : Reuse net number 0/596.
PHY-1001 : Global iterations in 12 thread ...
PHY-1002 : len = 11728, over cnt = 72(0%), over = 195, worst = 10
PHY-1001 : End global iterations;  0.035929s wall, 0.031250s user + 0.000000s system = 0.031250s CPU (87.0%)

PHY-1001 : Congestion index: top1 = 26.88, top5 = 19.50, top10 = 13.88, top15 = 10.05.
PHY-1001 : End incremental global routing;  0.055381s wall, 0.031250s user + 0.000000s system = 0.031250s CPU (56.4%)

RUN-1002 : start command "start_timer -report"
TMR-5001 WARNING: No sdc constraints found while initiating timer.
TMR-2505 : Start building timing graph for model TOP_test.
TMR-2506 : Build timing graph completely. Port num: 12, tpin num: 2178, tnet num: 594, tinst num: 453, tnode num: 2937, tedge num: 3528.
TMR-2508 : Levelizing timing graph completed, there are 21 levels in total.
TMR-2501 : Timing graph initialized successfully.
OPT-1001 : End timing update;  0.145398s wall, 0.078125s user + 0.000000s system = 0.078125s CPU (53.7%)

OPT-1001 : 0 high-fanout net processed.
OPT-1001 : End high-fanout net optimization;  0.207973s wall, 0.109375s user + 0.000000s system = 0.109375s CPU (52.6%)

OPT-1001 : Current memory(MB): used = 145, reserve = 114, peak = 145.
OPT-1001 : End physical optimization;  0.213131s wall, 0.109375s user + 0.000000s system = 0.109375s CPU (51.3%)

PHY-3001 : Start packing ...
SYN-4007 : Packing 0 MUX to BLE ...
SYN-4008 : Packed 0 MUX and 0 SEQ to BLE.
SYN-4007 : Packing 120 LUT to BLE ...
SYN-4008 : Packed 120 LUT and 94 SEQ to BLE.
SYN-4003 : Packing 120 remaining SEQ's ...
SYN-4005 : Packed 47 SEQ with LUT/SLICE
SYN-4006 : 7 single LUT's are left
SYN-4006 : 73 single SEQ's are left
SYN-4011 : Packing model "TOP_test" (AL_USER_NORMAL) with 193/314 primitive instances ...
PHY-3001 : End packing;  0.019403s wall, 0.015625s user + 0.000000s system = 0.015625s CPU (80.5%)

PHY-1001 : Populate physical database on model TOP_test.
RUN-1001 : There are total 227 instances
RUN-1001 : 105 mslices, 105 lslices, 12 pads, 1 brams, 1 dsps
RUN-1001 : There are total 523 nets
RUN-1001 : 376 nets have 2 pins
RUN-1001 : 105 nets have [3 - 5] pins
RUN-1001 : 23 nets have [6 - 10] pins
RUN-1001 : 13 nets have [11 - 20] pins
RUN-1001 : 2 nets have [21 - 99] pins
RUN-1001 : 4 nets have 100+ pins
PHY-3001 : design contains 225 instances, 210 slices, 21 macros(104 instances: 68 mslices 36 lslices)
PHY-3001 : Cell area utilization is 9%
PHY-3001 : After packing: Len = 10189, Over = 22
PHY-3001 : Run with size of 1
PHY-3001 : Cell area utilization is 9%
PHY-3001 : :::0::: Try harder cell spreading with beta_ = 4.04096e-05
PHY-3002 : Step(95): len = 8832.5, overlap = 23.25
PHY-3002 : Step(96): len = 8605.8, overlap = 22.75
PHY-3002 : Step(97): len = 8389.3, overlap = 25.5
PHY-3002 : Step(98): len = 8381.5, overlap = 26
PHY-3002 : Step(99): len = 8362.6, overlap = 26.25
PHY-3001 : :::1::: Try harder cell spreading with beta_ = 8.08192e-05
PHY-3002 : Step(100): len = 8830.2, overlap = 24.75
PHY-3002 : Step(101): len = 8903.6, overlap = 24
PHY-3002 : Step(102): len = 8979.4, overlap = 24
PHY-3002 : Step(103): len = 8992.3, overlap = 23.25
PHY-3002 : Step(104): len = 8992.3, overlap = 23.25
PHY-3001 : :::2::: Try harder cell spreading with beta_ = 0.000161638
PHY-3002 : Step(105): len = 9335.9, overlap = 22
PHY-3002 : Step(106): len = 9445.3, overlap = 21.75
PHY-3002 : Step(107): len = 9619, overlap = 20.75
PHY-3001 : Legalization ...
PHY-3001 : End legalization;  0.055788s wall, 0.000000s user + 0.031250s system = 0.031250s CPU (56.0%)

PHY-3001 : Trial Legalized: Len = 11766
PHY-3001 : Run with size of 1
PHY-3001 : Cell area utilization is 9%
PHY-3001 : :::0::: Try harder cell spreading with beta_ = 0.000249092
PHY-3002 : Step(108): len = 10627, overlap = 9
PHY-3002 : Step(109): len = 10159.5, overlap = 13
PHY-3002 : Step(110): len = 10083.6, overlap = 11.75
PHY-3002 : Step(111): len = 10056.6, overlap = 12.25
PHY-3002 : Step(112): len = 9979.7, overlap = 12.25
PHY-3002 : Step(113): len = 9875.6, overlap = 12.5
PHY-3002 : Step(114): len = 9823, overlap = 11.5
PHY-3001 : :::1::: Try harder cell spreading with beta_ = 0.000450373
PHY-3002 : Step(115): len = 9948.9, overlap = 12
PHY-3002 : Step(116): len = 10076.6, overlap = 12
PHY-3002 : Step(117): len = 10128.3, overlap = 11
PHY-3001 : :::2::: Try harder cell spreading with beta_ = 0.000900747
PHY-3002 : Step(118): len = 10208.1, overlap = 11.75
PHY-3002 : Step(119): len = 10235, overlap = 11.25
PHY-3001 : Legalization ...
PHY-3001 : End legalization;  0.002856s wall, 0.000000s user + 0.000000s system = 0.000000s CPU (n/a%)

PHY-3001 : Legalized: Len = 10632, Over = 0
PHY-3001 : End spreading;  0.001560s wall, 0.000000s user + 0.000000s system = 0.000000s CPU (n/a%)

PHY-3001 : Final: Len = 10632, Over = 0
RUN-1003 : finish command "place" in  3.247450s wall, 0.546875s user + 0.593750s system = 1.140625s CPU (35.1%)

RUN-1004 : used memory is 138 MB, reserved memory is 106 MB, peak memory is 145 MB
RUN-1002 : start command "export_db FOC_Controller_place.db"
RUN-1001 : Exported /
RUN-1001 : Exported flow parameters
RUN-1001 : Exported libs
RUN-1001 : Exported entities
RUN-1001 : Exported ports
RUN-1001 : Exported pins
RUN-1001 : Exported instances
RUN-1001 : Exported nets
RUN-1001 : Exported buses
RUN-1001 : Exported models
RUN-1001 : Exported congestions
RUN-1001 : Exported violations
RUN-1001 : Exported IO constraints
RUN-1001 : Exported Inst constraints
RUN-1002 : start command "route"
RUN-1001 : Open license file D:/Anlogic/TD5.6.2/license/Anlogic.lic
RUN-1001 : Print Global Property
RUN-1001 : ---------------------------------------------------------------
RUN-1001 :        Parameters        |  Settings  |  Default Values  |  Note  
RUN-1001 : ---------------------------------------------------------------
RUN-1001 :          message         |  standard  |     standard     |        
RUN-1001 :   mixed_pack_place_flow  |     on     |        on        |        
RUN-1001 :        qor_monitor       |    off     |       off        |        
RUN-1001 :        syn_ip_flow       |    off     |       off        |        
RUN-1001 :          thread          |    auto    |       auto       |        
RUN-1001 : ---------------------------------------------------------------
RUN-1001 : Print Route Property
RUN-1001 : -------------------------------------------------------
RUN-1001 :    Parameters    |  Settings  |  Default Values  |  Note  
RUN-1001 : -------------------------------------------------------
RUN-1001 :      effort      |   medium   |      medium      |        
RUN-1001 :     fix_hold     |    off     |       off        |        
RUN-1001 :    opt_timing    |   medium   |      medium      |        
RUN-1001 :   phy_sim_model  |    off     |       off        |        
RUN-1001 :     priority     |   timing   |      timing      |        
RUN-1001 :     swap_pin     |     on     |        on        |        
RUN-1001 : -------------------------------------------------------
PHY-1001 : Route runs in 12 thread(s)
RUN-1001 : There are total 227 instances
RUN-1001 : 105 mslices, 105 lslices, 12 pads, 1 brams, 1 dsps
RUN-1001 : There are total 523 nets
RUN-1001 : 376 nets have 2 pins
RUN-1001 : 105 nets have [3 - 5] pins
RUN-1001 : 23 nets have [6 - 10] pins
RUN-1001 : 13 nets have [11 - 20] pins
RUN-1001 : 2 nets have [21 - 99] pins
RUN-1001 : 4 nets have 100+ pins
RUN-1002 : start command "start_timer -report"
TMR-5001 WARNING: No sdc constraints found while initiating timer.
TMR-2505 : Start building timing graph for model TOP_test.
TMR-2506 : Build timing graph completely. Port num: 12, tpin num: 1774, tnet num: 521, tinst num: 225, tnode num: 2296, tedge num: 3058.
TMR-2508 : Levelizing timing graph completed, there are 19 levels in total.
TMR-2501 : Timing graph initialized successfully.
PHY-1001 : 105 mslices, 105 lslices, 12 pads, 1 brams, 1 dsps
TMR-2503 : Start to update net delay, extr mode = 3.
TMR-2504 : Update delay of 521 nets completely.
TMR-2502 : Annotate delay completely, extr mode = 3.
TMR-3002 : No user constraint, initiate default constraint.
TMR-1501 : Assign derive clock DeriveClock to 250 clock pins, and constraint 522 relative nodes.
TMR-3003 : Constraints initiated successfully.
TMR-3501 : Forward propagation: start to calculate arrival time...
TMR-3502 : Backward propagation: start to calculate required time...
TMR-3503 : Timing propagation completes.
PHY-1001 : Start global routing, caller is route ...
RUN-1001 : Generating global routing grids ...
PHY-1001 : Generate routing nets ...
PHY-1001 : Global iterations in 12 thread ...
PHY-1002 : len = 12584, over cnt = 38(0%), over = 55, worst = 6
PHY-1002 : len = 12904, over cnt = 14(0%), over = 15, worst = 2
PHY-1002 : len = 13136, over cnt = 0(0%), over = 0, worst = 0
PHY-1001 : End global iterations;  0.052770s wall, 0.000000s user + 0.000000s system = 0.000000s CPU (n/a%)

PHY-1001 : Congestion index: top1 = 26.94, top5 = 18.68, top10 = 13.68, top15 = 10.09.
PHY-1001 : End global routing;  0.070674s wall, 0.000000s user + 0.000000s system = 0.000000s CPU (n/a%)

PHY-1001 : Start detail routing ...
PHY-1001 : Current memory(MB): used = 162, reserve = 131, peak = 173.
PHY-1001 : Detailed router is running in normal mode.
PHY-1001 : Generate detailed routing grids ...
PHY-1001 : Generate nets ...
PHY-1001 : net clk_25m_dup_1 will be routed on clock mesh
PHY-1001 : Current memory(MB): used = 258, reserve = 228, peak = 258.
PHY-1001 : End build detailed router design. 1.664250s wall, 0.890625s user + 0.015625s system = 0.906250s CPU (54.5%)

PHY-1001 : Detail Route ...
PHY-1001 : ===== Detail Route Phase 1 =====
PHY-1001 : Clock net routing.....
PHY-1001 : Routed 0% nets.
PHY-1022 : len = 3192, over cnt = 0(0%), over = 0, worst = 0, crit = 0
PHY-1001 : End initial clock net routed; 0.004672s wall, 0.015625s user + 0.000000s system = 0.015625s CPU (334.5%)

PHY-1001 : Current memory(MB): used = 259, reserve = 230, peak = 259.
PHY-1001 : End phase 1; 0.006586s wall, 0.015625s user + 0.000000s system = 0.015625s CPU (237.2%)

PHY-1001 : ===== Detail Route Phase 2 =====
PHY-1001 : Initial routing.....
PHY-1001 : Routed 36% nets.
PHY-1001 : Routed 44% nets.
PHY-1001 : Routed 48% nets.
PHY-1001 : Routed 61% nets.
PHY-1001 : Routed 81% nets.
PHY-1022 : len = 32608, over cnt = 13(0%), over = 13, worst = 1, crit = 0
PHY-1001 : Current memory(MB): used = 265, reserve = 235, peak = 265.
PHY-1001 : End initial routed; 0.195769s wall, 0.031250s user + 0.000000s system = 0.031250s CPU (16.0%)

PHY-1001 : Current memory(MB): used = 265, reserve = 235, peak = 265.
PHY-1001 : End phase 2; 0.195823s wall, 0.031250s user + 0.000000s system = 0.031250s CPU (16.0%)

PHY-1001 : ===== Detail Route Phase 3 =====
PHY-1001 : Ripup-reroute.....
PHY-1001 : ===== DR Iter 1 =====
PHY-1022 : len = 32448, over cnt = 2(0%), over = 2, worst = 1, crit = 0
PHY-1001 : End DR Iter 1; 0.010950s wall, 0.000000s user + 0.000000s system = 0.000000s CPU (n/a%)

PHY-1001 : ===== DR Iter 2 =====
PHY-1022 : len = 32440, over cnt = 0(0%), over = 0, worst = 0, crit = 0
PHY-1001 : End DR Iter 2; 0.006264s wall, 0.000000s user + 0.000000s system = 0.000000s CPU (n/a%)

PHY-1001 : Commit to database.....
PHY-1001 : 3 feed throughs used by 2 nets
PHY-1001 : End commit to database; 0.070049s wall, 0.046875s user + 0.000000s system = 0.046875s CPU (66.9%)

PHY-1001 : Current memory(MB): used = 274, reserve = 244, peak = 274.
PHY-1001 : End phase 3; 0.120521s wall, 0.062500s user + 0.000000s system = 0.062500s CPU (51.9%)

PHY-1003 : Routed, final wirelength = 32440
PHY-1001 : Current memory(MB): used = 274, reserve = 244, peak = 274.
PHY-1001 : End export database. 0.002649s wall, 0.000000s user + 0.000000s system = 0.000000s CPU (n/a%)

PHY-1001 : End detail routing;  2.085507s wall, 1.031250s user + 0.015625s system = 1.046875s CPU (50.2%)

RUN-1003 : finish command "route" in  2.310352s wall, 1.078125s user + 0.015625s system = 1.093750s CPU (47.3%)

RUN-1004 : used memory is 247 MB, reserved memory is 218 MB, peak memory is 274 MB
RUN-1002 : start command "report_area -io_info -file FOC_Controller_phy.area"
RUN-1001 : standard
***Report Model: TOP_test Device: SF1S60CG121I***

IO Statistics
#IO                        12
  #input                    5
  #output                   7
  #inout                    0

Utilization Statistics
#lut                      328   out of   5824    5.63%
#reg                      215   out of   5824    3.69%
#le                       401
  #lut only               186   out of    401   46.38%
  #reg only                73   out of    401   18.20%
  #lut&reg                142   out of    401   35.41%
#dsp                        1   out of     10   10.00%
#bram                       1   out of     26    3.85%
  #bram9k                   1
  #fifo9k                   0
#hard-ip                    0
  #mcu                      0   out of      1    0.00%
  #dsc                      0   out of      1    0.00%
  #dsi                      0   out of      2    0.00%
  #psram controller         0   out of      2    0.00%
#pad                       12   out of     55   21.82%
  #ireg                     0
  #oreg                     4
  #treg                     0
#pll                        0   out of      2    0.00%
#gclk                       0   out of     16    0.00%

Clock Resource Statistics
Index     ClockNet         Type               DriverType         Driver              Fanout
#1        clk_25m_dup_1    GCLK               io                 clk_25m_syn_2.di    125


Detailed IO Report

   Name      Direction    Location    IOStandard    DriveStrength    PullType    PackReg  
  clk_25m      INPUT         D7        LVCMOS18          N/A          PULLUP      NONE    
  hall_u       INPUT        G10        LVCMOS18          N/A          PULLUP      NONE    
  hall_v       INPUT        H11        LVCMOS18          N/A          PULLUP      NONE    
  hall_w       INPUT        H10        LVCMOS18          N/A          PULLUP      NONE    
   rstn        INPUT         J2        LVCMOS18          N/A           NONE       NONE    
   LED0       OUTPUT         J5        LVCMOS18           8            NONE       NONE    
   LED1       OUTPUT         H5        LVCMOS18           8            NONE       NONE    
   LED2       OUTPUT         G4        LVCMOS18           8            NONE       NONE    
   pwm_a      OUTPUT        C10        LVCMOS18           8            NONE       OREG    
   pwm_b      OUTPUT        C11        LVCMOS18           8            NONE       OREG    
   pwm_c      OUTPUT        E11        LVCMOS18           8            NONE       OREG    
  pwm_en      OUTPUT        F11        LVCMOS18           8            NONE       OREG    

Report Hierarchy Area:
+-------------------------------------------------------------------------+
|Instance  |Module   |le     |lut     |ripple  |seq     |bram    |dsp     |
+-------------------------------------------------------------------------+
|top       |TOP_test |401    |224     |104     |219     |1       |1       |
|  u_svpwm |svpwm    |351    |196     |90      |194     |1       |1       |
+-------------------------------------------------------------------------+


DataNet Average Fanout:

   Index     Fanout     Nets  
    #1          1       364   
    #2          2        79   
    #3          3        2    
    #4          4        24   
    #5        5-10       25   
    #6        11-50      13   
    #7       101-500     1    
  Average     2.20            

RUN-1002 : start command "export_db FOC_Controller_pr.db"
RUN-1001 : Exported /
RUN-1001 : Exported flow parameters
RUN-1001 : Exported libs
RUN-1001 : Exported entities
RUN-1001 : Exported ports
RUN-1001 : Exported pins
RUN-1001 : Exported instances
RUN-1001 : Exported nets
RUN-1001 : Exported buses
RUN-1001 : Exported models
RUN-1001 : Exported congestions
RUN-1001 : Exported violations
RUN-1001 : Exported IO constraints
RUN-1001 : Exported Inst constraints
RUN-1002 : start command "export_bid FOC_Controller_inst.bid"
PRG-1000 : <!-- HMAC is: 09106ca1dc0a596e4e6edd5b5da86f69732b707f282e92cd27115529081b1dec -->
RUN-1002 : start command "bitgen -bit FOC_Controller.bit"
BIT-1003 : Start to generate bitstream. 
BIT-1002 : Init instances with 12 threads.
BIT-1002 : Init instances completely, inst num: 225
BIT-1002 : Init pips with 12 threads.
BIT-1002 : Init pips completely, net num: 523, pip num: 3613
BIT-1002 : Init feedthrough completely, num: 3
BIT-1003 : Multithreading accelaration with 12 threads.
BIT-1003 : Generate bitstream completely, there are 362 valid insts, and 11431 bits set as '1'.
BIT-1004 : the usercode register value: 00000000110010000000000000000000
BIT-1004 : Generate bits file FOC_Controller.bit.
RUN-1002 : start command "backup_run_log run.log ../.logs/phy_1/td_20231107_213325.log"
