============================================================
   Tang Dynasty, V5.6.71036
      Copyright (c) 2012-2023 Anlogic Inc.
   Executable = D:/Anlogic/TD5.6.2/bin/td.exe
   Built at =   20:34:38 Mar 21 2023
   Run by =     15597
   Run Date =   Sun Nov  5 20:33:08 2023

   Run on =     XR097-DELL-G7
============================================================
RUN-1002 : start command "open_project FOC_Controller.prj"
RUN-1001 : Print Global Property
RUN-1001 : ---------------------------------------------------------------
RUN-1001 :        Parameters        |  Settings  |  Default Values  |  Note  
RUN-1001 : ---------------------------------------------------------------
RUN-1001 :          message         |  standard  |     standard     |        
RUN-1001 :   mixed_pack_place_flow  |     on     |        on        |        
RUN-1001 :        qor_monitor       |    off     |       off        |        
RUN-1001 :        syn_ip_flow       |    off     |       off        |        
RUN-1001 :          thread          |    auto    |       auto       |        
RUN-1001 : ---------------------------------------------------------------
RUN-1001 : Print Design Property
RUN-1001 : --------------------------------------------------------------
RUN-1001 :        Parameters       |  Settings  |  Default Values  |  Note  
RUN-1001 : --------------------------------------------------------------
RUN-1001 :   default_reg_initial   |    auto    |       auto       |        
RUN-1001 :        infer_add        |     on     |        on        |        
RUN-1001 :        infer_fsm        |    off     |       off        |        
RUN-1001 :        infer_mult       |     on     |        on        |        
RUN-1001 :        infer_ram        |     on     |        on        |        
RUN-1001 :        infer_reg        |     on     |        on        |        
RUN-1001 :   infer_reg_init_value  |     on     |        on        |        
RUN-1001 :        infer_rom        |     on     |        on        |        
RUN-1001 :      infer_shifter      |     on     |        on        |        
RUN-1001 : --------------------------------------------------------------
RUN-1001 : Print Rtl Property
RUN-1001 : --------------------------------------------------------------
RUN-1001 :        Parameters       |  Settings  |  Default Values  |  Note  
RUN-1001 : --------------------------------------------------------------
RUN-1001 :       compress_add      |   ripple   |      ripple      |        
RUN-1001 :        elf_sload        |    off     |       off        |        
RUN-1001 :       fix_undriven      |     0      |        0         |        
RUN-1001 :         flatten         |    off     |       off        |        
RUN-1001 :       gate_sharing      |     on     |        on        |        
RUN-1001 :    hdl_warning_level    |   normal   |      normal      |        
RUN-1001 :   impl_internal_tribuf  |     on     |        on        |        
RUN-1001 :      impl_set_reset     |     on     |        on        |        
RUN-1001 :        infer_gsr        |    off     |       off        |        
RUN-1001 :      keep_hierarchy     |    auto    |       auto       |        
RUN-1001 :        max_fanout       |    9999    |       9999       |        
RUN-1001 :      max_oh2bin_len     |     10     |        10        |        
RUN-1001 :       merge_equal       |     on     |        on        |        
RUN-1001 :       merge_equiv       |     on     |        on        |        
RUN-1001 :        merge_mux        |    off     |       off        |        
RUN-1001 :     min_control_set     |     8      |        8         |        
RUN-1001 :      min_ripple_len     |    auto    |       auto       |        
RUN-1001 :       oh2bin_ratio      |    0.08    |       0.08       |        
RUN-1001 :     opt_adder_fanout    |     on     |        on        |        
RUN-1001 :        opt_arith        |     on     |        on        |        
RUN-1001 :       opt_big_gate      |    off     |       off        |        
RUN-1001 :        opt_const        |     on     |        on        |        
RUN-1001 :      opt_const_mult     |     on     |        on        |        
RUN-1001 :       opt_lessthan      |     on     |        on        |        
RUN-1001 :         opt_mux         |    off     |       off        |        
RUN-1001 :         opt_ram         |    high    |       high       |        
RUN-1001 :      rtl_sim_model      |    off     |       off        |        
RUN-1001 :         seq_syn         |     on     |        on        |        
RUN-1001 : --------------------------------------------------------------
HDL-1007 : analyze verilog file ../../al_ip/pll.v
HDL-1007 : undeclared symbol 'open', assumed default net type 'wire' in ../../al_ip/pll.v(96)
HDL-1007 : analyze verilog file ../../al_ip/MCU.v
HDL-1007 : analyze verilog file ../../hall_sensor.v
HDL-5007 WARNING: redeclaration of ANSI port 'lost' is not allowed in ../../hall_sensor.v(40)
HDL-1007 : analyze verilog file ../../shift_filter.v
HDL-1007 : analyze verilog file ../../ahb2hall_sensor.v
HDL-1007 : analyze verilog file ../../TOP.v
HDL-1007 : undeclared symbol 'S_sys_clk_40m', assumed default net type 'wire' in ../../TOP.v(26)
RUN-1001 : Project manager successfully analyzed 6 source files.
RUN-1002 : start command "import_device sf1_6.db -package SF1S60CG121I"
ARC-1001 : Device Initialization.
ARC-1001 : -------------------------------------------------
ARC-1001 :       OPTION       |      IO       |   SETTING   
ARC-1001 : -------------------------------------------------
ARC-1001 :        done        |      B4       |    gpio    
ARC-1001 :        initn       |      A5       |    gpio    
ARC-1001 :       jtagen       |      B7       |    gpio    
ARC-1001 :      programn      |      B5       |  dedicate  
ARC-1001 :   tdi/tms/tck/tdo  |  C4/A6/A7/C5  |  dedicate  
ARC-1001 : -------------------------------------------------
ARC-1004 : Device setting, marked 5 dedicate IOs in total.
RUN-1002 : start command "import_db ../syn_1/FOC_Controller_gate.db"
RUN-1001 : Importing database generated by Tang Dynasty, V5.6.71036.
RUN-1001 : Database version number 46146.
RUN-1001 : Import flow parameters
RUN-1001 : Import IO constraints
RUN-1001 : Import Inst constraints
RUN-1001 : Import design success TD_VERSION=5.6.71036 , DB_VERSION=46146
RUN-1002 : start command "place"
RUN-1001 : Open license file D:/Anlogic/TD5.6.2/license/Anlogic.lic
RUN-1001 : Print Global Property
RUN-1001 : ---------------------------------------------------------------
RUN-1001 :        Parameters        |  Settings  |  Default Values  |  Note  
RUN-1001 : ---------------------------------------------------------------
RUN-1001 :          message         |  standard  |     standard     |        
RUN-1001 :   mixed_pack_place_flow  |     on     |        on        |        
RUN-1001 :        qor_monitor       |    off     |       off        |        
RUN-1001 :        syn_ip_flow       |    off     |       off        |        
RUN-1001 :          thread          |    auto    |       auto       |        
RUN-1001 : ---------------------------------------------------------------
RUN-1001 : Print Place Property
RUN-1001 : --------------------------------------------------------------
RUN-1001 :        Parameters       |  Settings  |  Default Values  |  Note  
RUN-1001 : --------------------------------------------------------------
RUN-1001 :      detailed_place     |     on     |        on        |        
RUN-1001 :          effort         |   medium   |      medium      |        
RUN-1001 :         fix_hold        |    off     |       off        |        
RUN-1001 :       legalization      |    ori     |       ori        |        
RUN-1001 :      new_spreading      |     on     |        on        |        
RUN-1001 :        opt_timing       |   medium   |      medium      |        
RUN-1001 :   post_clock_route_opt  |    off     |       off        |        
RUN-1001 :       pr_strategy       |     1      |        1         |        
RUN-1001 :        relaxation       |    1.00    |       1.00       |        
RUN-1001 :         retiming        |    off     |       off        |        
RUN-1001 : --------------------------------------------------------------
PHY-3001 : Placer runs in 12 thread(s).
RUN-1002 : start command "legalize_phy_inst"
SYN-1011 : Flatten model TOP
SYN-5055 WARNING: The kept net u_mcu/hsize_int[2] will be merged to another kept net u_ahb_hall_sensor/I_ahb_hsize[2]
SYN-5055 WARNING: The kept net u_mcu/hsize_int[1] will be merged to another kept net u_ahb_hall_sensor/I_ahb_hsize[1]
SYN-5055 WARNING: The kept net u_mcu/hsize_int[0] will be merged to another kept net u_ahb_hall_sensor/I_ahb_hsize[0]
SYN-5055 WARNING: The kept net u_mcu/hrdata[31] will be merged to another kept net u_ahb_hall_sensor/O_ahb_hrdata[31]
SYN-5055 WARNING: The kept net u_mcu/hrdata[30] will be merged to another kept net u_ahb_hall_sensor/O_ahb_hrdata[30]
SYN-5055 WARNING: The kept net u_mcu/hrdata[29] will be merged to another kept net u_ahb_hall_sensor/O_ahb_hrdata[29]
SYN-5055 WARNING: The kept net u_mcu/hrdata[28] will be merged to another kept net u_ahb_hall_sensor/O_ahb_hrdata[28]
SYN-5055 WARNING: The kept net u_mcu/hrdata[27] will be merged to another kept net u_ahb_hall_sensor/O_ahb_hrdata[27]
SYN-5055 WARNING: The kept net u_mcu/hrdata[26] will be merged to another kept net u_ahb_hall_sensor/O_ahb_hrdata[26]
SYN-5055 WARNING: The kept net u_mcu/hrdata[25] will be merged to another kept net u_ahb_hall_sensor/O_ahb_hrdata[25]
SYN-5055 Similar messages will be suppressed.
RUN-1002 : start command "phys_opt -simplify_lut"
SYN-4016 : Net u_mcu/hclk driven by BUFG (119 clock/control pins, 1 other pins).
SYN-4027 : Net u_ahb_hall_sensor/hall_sendor_u1/clk is clkc1 of pll u_pll/pll_inst.
SYN-4019 : Net I_clk_25m_dup_1 is refclk of pll u_pll/pll_inst.
SYN-4020 : Net I_clk_25m_dup_1 is fbclk of pll u_pll/pll_inst.
SYN-4024 : Net "u_ahb_hall_sensor/hall_sendor_u1/filter_inst/i_clk" drives clk pins.
SYN-4025 : Tag rtl::Net I_clk_25m_dup_1 as clock net
SYN-4025 : Tag rtl::Net u_ahb_hall_sensor/hall_sendor_u1/clk as clock net
SYN-4025 : Tag rtl::Net u_ahb_hall_sensor/hall_sendor_u1/filter_inst/i_clk as clock net
SYN-4025 : Tag rtl::Net u_mcu/hclk as clock net
SYN-4026 : Tagged 4 rtl::Net as clock net
SYN-4015 : Create BUFG instance for clk Net u_ahb_hall_sensor/hall_sendor_u1/filter_inst/i_clk to drive 275 clock pins.
PHY-1001 : Populate physical database on model TOP.
RUN-1001 : There are total 814 instances
RUN-0007 : 214 luts, 470 seqs, 68 mslices, 36 lslices, 17 pads, 0 brams, 2 dsps
RUN-1001 : There are total 1112 nets
RUN-6004 WARNING: There are 3 nets with only 1 pin.
RUN-1001 : 890 nets have 2 pins
RUN-1001 : 185 nets have [3 - 5] pins
RUN-1001 : 6 nets have [6 - 10] pins
RUN-1001 : 5 nets have [11 - 20] pins
RUN-1001 : 17 nets have [21 - 99] pins
RUN-1001 : 6 nets have 100+ pins
RUN-1001 : Report Control nets information:
RUN-1001 : DFF Distribution
RUN-1001 : ----------------------------------
RUN-1001 :   CE   |  SSR  |  ASR  |  DFF Count  
RUN-1001 : ----------------------------------
RUN-1001 :   No   |  No   |  No   |     16      
RUN-1001 :   No   |  No   |  Yes  |     296     
RUN-1001 :   No   |  Yes  |  No   |      0      
RUN-1001 :   Yes  |  No   |  No   |     70      
RUN-1001 :   Yes  |  No   |  Yes  |     88      
RUN-1001 :   Yes  |  Yes  |  No   |      0      
RUN-1001 : ----------------------------------
RUN-0007 : Control Group Statistic
RUN-0007 : ---------------------------
RUN-0007 :   #CLK  |  #CE  |  #SSR/ASR  
RUN-0007 : ---------------------------
RUN-0007 :    3    |   6   |     3      
RUN-0007 : ---------------------------
RUN-0007 : Control Set = 10
PHY-3001 : Initial placement ...
PHY-3001 : design contains 812 instances, 214 luts, 470 seqs, 104 slices, 11 macros(104 instances: 68 mslices 36 lslices)
PHY-0007 : Cell area utilization is 9%
PHY-3001 : Global placement ...
PHY-3001 : Initial: Len = 158861
PHY-3001 : Run with size of 3
PHY-3001 : Cell area utilization is 9%
PHY-3001 : :::0::: Try harder cell spreading with beta_ = 0
PHY-3002 : Step(1): len = 109576, overlap = 4
PHY-3002 : Step(2): len = 93650.9, overlap = 4.5
PHY-3002 : Step(3): len = 62079, overlap = 5
PHY-3002 : Step(4): len = 52508.5, overlap = 5.75
PHY-3002 : Step(5): len = 44866.4, overlap = 9.75
PHY-3002 : Step(6): len = 41982.4, overlap = 9.5625
PHY-3002 : Step(7): len = 37541.9, overlap = 4.8125
PHY-3002 : Step(8): len = 34287.2, overlap = 5.5
PHY-3002 : Step(9): len = 32807.1, overlap = 5.46875
PHY-3002 : Step(10): len = 28956.6, overlap = 10.0312
PHY-3002 : Step(11): len = 28832.9, overlap = 10.7812
PHY-3002 : Step(12): len = 26507.4, overlap = 9.53125
PHY-3002 : Step(13): len = 26251.9, overlap = 9.65625
PHY-3002 : Step(14): len = 25756.6, overlap = 16.8125
PHY-3001 : :::1::: Try harder cell spreading with beta_ = 0.000135231
PHY-3002 : Step(15): len = 25839.9, overlap = 14.6875
PHY-3002 : Step(16): len = 25605.8, overlap = 14.3438
PHY-3002 : Step(17): len = 25535.9, overlap = 14.1562
PHY-3002 : Step(18): len = 24381.4, overlap = 18.7812
PHY-3002 : Step(19): len = 24301.3, overlap = 18.5938
PHY-3002 : Step(20): len = 23881.7, overlap = 16.5938
PHY-3001 : :::2::: Try harder cell spreading with beta_ = 0.000270462
PHY-3002 : Step(21): len = 24073.6, overlap = 16.4062
PHY-3002 : Step(22): len = 24171.6, overlap = 16.4062
PHY-3002 : Step(23): len = 24202.5, overlap = 18.4688
PHY-3001 : :::3::: Try harder cell spreading with beta_ = 0.000540924
PHY-3002 : Step(24): len = 24016.1, overlap = 15.6562
PHY-3002 : Step(25): len = 23971.2, overlap = 15.4062
PHY-3002 : Step(26): len = 23966.9, overlap = 15.4062
PHY-3001 : Legalization ...
PHY-3001 : End legalization;  0.004137s wall, 0.000000s user + 0.000000s system = 0.000000s CPU (n/a%)

PHY-3001 : Run with size of 3
PHY-3001 : Cell area utilization is 11%
PHY-3001 : :::0::: Try harder cell spreading with beta_ = 5.01431e-06
PHY-3002 : Step(27): len = 22774.3, overlap = 24.875
PHY-3002 : Step(28): len = 23254.1, overlap = 26.9062
PHY-3002 : Step(29): len = 19842.7, overlap = 29.3125
PHY-3002 : Step(30): len = 17428.6, overlap = 23.875
PHY-3002 : Step(31): len = 14453.2, overlap = 22.0938
PHY-3002 : Step(32): len = 13644.7, overlap = 22.4688
PHY-3002 : Step(33): len = 12935.3, overlap = 22.0938
PHY-3002 : Step(34): len = 12534.4, overlap = 23.5
PHY-3002 : Step(35): len = 12388.4, overlap = 24.9375
PHY-3002 : Step(36): len = 12303.7, overlap = 26.7812
PHY-3002 : Step(37): len = 11921.1, overlap = 28.1875
PHY-3002 : Step(38): len = 11697.7, overlap = 27.9688
PHY-3002 : Step(39): len = 11442.7, overlap = 27.375
PHY-3002 : Step(40): len = 11420.8, overlap = 28.875
PHY-3002 : Step(41): len = 11128.1, overlap = 29.375
PHY-3001 : :::1::: Try harder cell spreading with beta_ = 1.00286e-05
PHY-3002 : Step(42): len = 11052.9, overlap = 27.0938
PHY-3002 : Step(43): len = 11052.9, overlap = 27.0938
PHY-3002 : Step(44): len = 10994.1, overlap = 26.5625
PHY-3001 : :::2::: Try harder cell spreading with beta_ = 2.00572e-05
PHY-3002 : Step(45): len = 11391.5, overlap = 26.0938
PHY-3002 : Step(46): len = 11886.1, overlap = 26.2188
PHY-3002 : Step(47): len = 12566.6, overlap = 25.3438
PHY-3002 : Step(48): len = 12508.7, overlap = 23.1562
PHY-3002 : Step(49): len = 12499.6, overlap = 22
PHY-3001 : Run with size of 1
PHY-3001 : Cell area utilization is 11%
PHY-3001 : :::0::: Try harder cell spreading with beta_ = 1.40533e-05
PHY-3002 : Step(50): len = 12911.2, overlap = 51.7812
PHY-3002 : Step(51): len = 13303.9, overlap = 49.1875
PHY-3002 : Step(52): len = 13241.8, overlap = 48.3438
PHY-3001 : :::1::: Try harder cell spreading with beta_ = 2.81067e-05
PHY-3002 : Step(53): len = 13401.3, overlap = 46.0938
PHY-3002 : Step(54): len = 14039.7, overlap = 47.4375
PHY-3002 : Step(55): len = 14422.1, overlap = 47.1562
PHY-3001 : :::2::: Try harder cell spreading with beta_ = 5.62134e-05
PHY-3002 : Step(56): len = 14962.7, overlap = 40.0938
PHY-3002 : Step(57): len = 15706.7, overlap = 38.4375
PHY-3002 : Step(58): len = 16028.9, overlap = 39.3438
PHY-3002 : Step(59): len = 16149.8, overlap = 38.7188
PHY-3002 : Step(60): len = 16166.6, overlap = 36.4062
PHY-3002 : Step(61): len = 15864.2, overlap = 36.0312
PHY-3002 : Step(62): len = 15691.2, overlap = 35.4062
PHY-3001 : :::3::: Try harder cell spreading with beta_ = 0.000112427
PHY-3002 : Step(63): len = 16474.6, overlap = 35.125
PHY-3002 : Step(64): len = 16357.6, overlap = 34.6562
PHY-3002 : Step(65): len = 16357.6, overlap = 34.6562
PHY-3001 : :::4::: Try harder cell spreading with beta_ = 0.00018763
PHY-3002 : Step(66): len = 16861.7, overlap = 34.1875
PHY-3002 : Step(67): len = 17325.9, overlap = 33.5
PHY-3002 : Step(68): len = 17457.1, overlap = 32.875
PHY-3002 : Step(69): len = 17599.4, overlap = 31.8438
PHY-3001 : :::5::: Try harder cell spreading with beta_ = 0.000375261
PHY-3002 : Step(70): len = 17810.3, overlap = 32.375
PHY-3002 : Step(71): len = 18068.2, overlap = 32.25
PHY-3002 : Step(72): len = 18132.9, overlap = 33.6875
PHY-3002 : Step(73): len = 18191, overlap = 32.2812
PHY-3001 : :::6::: Try harder cell spreading with beta_ = 0.000664716
PHY-3002 : Step(74): len = 18369.5, overlap = 31.7812
PHY-3002 : Step(75): len = 18389, overlap = 31.875
PHY-3001 : :::7::: Try harder cell spreading with beta_ = 0.00107551
PHY-3002 : Step(76): len = 18532.3, overlap = 31.5625
PHY-3002 : Step(77): len = 18979.1, overlap = 31.5312
PHY-3002 : Step(78): len = 19114, overlap = 31.9062
PHY-3002 : Step(79): len = 19160.3, overlap = 31.625
PHY-3001 : :::8::: Try harder cell spreading with beta_ = 0.00215102
PHY-3002 : Step(80): len = 19252.8, overlap = 31.5625
PHY-3002 : Step(81): len = 19323.1, overlap = 31.0625
PHY-3001 : :::9::: Try harder cell spreading with beta_ = 0.00348035
PHY-3002 : Step(82): len = 19326.7, overlap = 30.9688
PHY-3002 : Step(83): len = 19367, overlap = 30.8438
PHY-3001 : :::10::: Try harder cell spreading with beta_ = 0.00563121
PHY-3002 : Step(84): len = 19437.6, overlap = 30.75
PHY-3002 : Step(85): len = 19650.8, overlap = 29.8125
PHY-3002 : Step(86): len = 19727.5, overlap = 29.5
PHY-3002 : Step(87): len = 19785.4, overlap = 29.2188
PHY-3002 : Step(88): len = 19810.7, overlap = 29
PHY-3002 : Step(89): len = 19816.1, overlap = 28.0312
PHY-3001 : :::11::: Try harder cell spreading with beta_ = 0.0095335
PHY-3002 : Step(90): len = 19837.1, overlap = 27.5938
PHY-3002 : Step(91): len = 19854.8, overlap = 27.5938
PHY-3001 : :::12::: Try harder cell spreading with beta_ = 0.0154252
PHY-3002 : Step(92): len = 19871.8, overlap = 27.5938
PHY-3002 : Step(93): len = 19968.1, overlap = 27.7812
PHY-3002 : Step(94): len = 20064.4, overlap = 28.5
PHY-3002 : Step(95): len = 20077.2, overlap = 28.4688
PHY-3002 : Step(96): len = 20102.4, overlap = 27.9375
PHY-3002 : Step(97): len = 20116.4, overlap = 28
PHY-3002 : Step(98): len = 20136.4, overlap = 28.2188
PHY-3001 : :::13::: Try harder cell spreading with beta_ = 0.024958
PHY-3002 : Step(99): len = 20149, overlap = 28.25
PHY-3002 : Step(100): len = 20154.6, overlap = 28.4062
OPT-1001 : Start physical optimization ...
OPT-1001 : Total overflow 28.41 peak overflow 1.69
OPT-1001 : Start high-fanout net optimization ...
OPT-1001 : Update timing in global mode
PHY-1001 : Start incremental global routing, caller is place ...
RUN-1001 : Generating global routing grids ...
RUN-1001 : Building simple global routing graph ...
PHY-1001 : Generate routing nets ...
PHY-1001 : Reuse net number 0/1112.
PHY-1001 : Global iterations in 12 thread ...
PHY-1002 : len = 23504, over cnt = 101(0%), over = 352, worst = 13
PHY-1001 : End global iterations;  0.064490s wall, 0.015625s user + 0.015625s system = 0.031250s CPU (48.5%)

PHY-1001 : Congestion index: top1 = 40.90, top5 = 26.73, top10 = 19.96, top15 = 15.84.
PHY-1001 : End incremental global routing;  0.089636s wall, 0.015625s user + 0.015625s system = 0.031250s CPU (34.9%)

RUN-1002 : start command "start_timer -report"
TMR-5001 WARNING: No sdc constraints found while initiating timer.
TMR-2505 : Start building timing graph for model TOP.
TMR-2506 : Build timing graph completely. Port num: 11, tpin num: 4022, tnet num: 1110, tinst num: 812, tnode num: 5642, tedge num: 6770.
TMR-2508 : Levelizing timing graph completed, there are 39 levels in total.
TMR-2501 : Timing graph initialized successfully.
OPT-1001 : End timing update;  0.190937s wall, 0.109375s user + 0.000000s system = 0.109375s CPU (57.3%)

OPT-1001 : 0 high-fanout net processed.
OPT-1001 : End high-fanout net optimization;  0.295754s wall, 0.125000s user + 0.015625s system = 0.140625s CPU (47.5%)

OPT-1001 : Current memory(MB): used = 154, reserve = 123, peak = 154.
OPT-1001 : End physical optimization;  0.304165s wall, 0.125000s user + 0.015625s system = 0.140625s CPU (46.2%)

PHY-3001 : Start packing ...
SYN-4007 : Packing 0 MUX to BLE ...
SYN-4008 : Packed 0 MUX and 0 SEQ to BLE.
SYN-4007 : Packing 214 LUT to BLE ...
SYN-4008 : Packed 214 LUT and 122 SEQ to BLE.
SYN-4003 : Packing 348 remaining SEQ's ...
SYN-4005 : Packed 52 SEQ with LUT/SLICE
SYN-4006 : 46 single LUT's are left
SYN-4006 : 296 single SEQ's are left
SYN-4011 : Packing model "TOP" (AL_USER_NORMAL) with 510/710 primitive instances ...
PHY-3001 : End packing;  0.031134s wall, 0.031250s user + 0.000000s system = 0.031250s CPU (100.4%)

PHY-1001 : Populate physical database on model TOP.
RUN-1001 : There are total 397 instances
RUN-1001 : 186 mslices, 185 lslices, 17 pads, 0 brams, 2 dsps
RUN-1001 : There are total 991 nets
RUN-6004 WARNING: There are 3 nets with only 1 pin.
RUN-1001 : 769 nets have 2 pins
RUN-1001 : 185 nets have [3 - 5] pins
RUN-1001 : 6 nets have [6 - 10] pins
RUN-1001 : 6 nets have [11 - 20] pins
RUN-1001 : 19 nets have [21 - 99] pins
RUN-1001 : 3 nets have 100+ pins
PHY-3001 : design contains 395 instances, 371 slices, 11 macros(104 instances: 68 mslices 36 lslices)
PHY-3001 : Cell area utilization is 16%
PHY-3001 : After packing: Len = 20048.2, Over = 35.25
PHY-3001 : Run with size of 1
PHY-3001 : Cell area utilization is 16%
PHY-3001 : :::0::: Try harder cell spreading with beta_ = 4.32597e-05
PHY-3002 : Step(101): len = 17454.7, overlap = 36.75
PHY-3002 : Step(102): len = 17182.7, overlap = 36.5
PHY-3002 : Step(103): len = 17141.4, overlap = 35.5
PHY-3002 : Step(104): len = 16668.2, overlap = 38.75
PHY-3002 : Step(105): len = 16596, overlap = 39.25
PHY-3002 : Step(106): len = 16255.3, overlap = 38.5
PHY-3002 : Step(107): len = 16255.3, overlap = 38.5
PHY-3002 : Step(108): len = 16131.5, overlap = 38.5
PHY-3001 : :::1::: Try harder cell spreading with beta_ = 8.65193e-05
PHY-3002 : Step(109): len = 16730.2, overlap = 37.5
PHY-3002 : Step(110): len = 17173.4, overlap = 37.25
PHY-3002 : Step(111): len = 17356.1, overlap = 36.75
PHY-3001 : :::2::: Try harder cell spreading with beta_ = 0.000173039
PHY-3002 : Step(112): len = 17716.2, overlap = 34.5
PHY-3002 : Step(113): len = 17980.4, overlap = 32.25
PHY-3002 : Step(114): len = 18488.4, overlap = 31.25
PHY-3002 : Step(115): len = 18590.6, overlap = 32
PHY-3002 : Step(116): len = 18507.4, overlap = 33
PHY-3001 : Legalization ...
PHY-3001 : End legalization;  0.159909s wall, 0.031250s user + 0.031250s system = 0.062500s CPU (39.1%)

PHY-3001 : Trial Legalized: Len = 20639.3
PHY-3001 : Run with size of 1
PHY-3001 : Cell area utilization is 16%
PHY-3001 : :::0::: Try harder cell spreading with beta_ = 0.000151066
PHY-3002 : Step(117): len = 18884.5, overlap = 13
PHY-3002 : Step(118): len = 18474.2, overlap = 19
PHY-3002 : Step(119): len = 18363.5, overlap = 23
PHY-3002 : Step(120): len = 18350.8, overlap = 21.25
PHY-3002 : Step(121): len = 18297.7, overlap = 22.75
PHY-3001 : :::1::: Try harder cell spreading with beta_ = 0.000302131
PHY-3002 : Step(122): len = 18478.5, overlap = 22.25
PHY-3002 : Step(123): len = 18586.4, overlap = 21.75
PHY-3002 : Step(124): len = 18687.8, overlap = 20.75
PHY-3001 : :::2::: Try harder cell spreading with beta_ = 0.000604263
PHY-3002 : Step(125): len = 18764, overlap = 20
PHY-3002 : Step(126): len = 18818.8, overlap = 19.25
PHY-3001 : Legalization ...
PHY-3001 : End legalization;  0.003433s wall, 0.000000s user + 0.000000s system = 0.000000s CPU (n/a%)

PHY-3001 : Legalized: Len = 19561.1, Over = 0
PHY-3001 : Spreading special nets. 6 overflows in 930 tiles.
PHY-3001 : End spreading;  0.002814s wall, 0.000000s user + 0.000000s system = 0.000000s CPU (n/a%)

PHY-3001 : 8 instances has been re-located, deltaX = 7, deltaY = 1, maxDist = 1.
PHY-3001 : Final: Len = 19637.1, Over = 0
RUN-1003 : finish command "place" in  3.584922s wall, 0.953125s user + 0.359375s system = 1.312500s CPU (36.6%)

RUN-1004 : used memory is 139 MB, reserved memory is 109 MB, peak memory is 154 MB
RUN-1002 : start command "export_db FOC_Controller_place.db"
RUN-1001 : Exported /
RUN-1001 : Exported flow parameters
RUN-1001 : Exported libs
RUN-1001 : Exported entities
RUN-1001 : Exported ports
RUN-1001 : Exported pins
RUN-1001 : Exported instances
RUN-1001 : Exported nets
RUN-1001 : Exported buses
RUN-1001 : Exported models
RUN-1001 : Exported congestions
RUN-1001 : Exported violations
RUN-1001 : Exported IO constraints
RUN-1001 : Exported Inst constraints
RUN-1002 : start command "route"
RUN-1001 : Open license file D:/Anlogic/TD5.6.2/license/Anlogic.lic
RUN-1001 : Print Global Property
RUN-1001 : ---------------------------------------------------------------
RUN-1001 :        Parameters        |  Settings  |  Default Values  |  Note  
RUN-1001 : ---------------------------------------------------------------
RUN-1001 :          message         |  standard  |     standard     |        
RUN-1001 :   mixed_pack_place_flow  |     on     |        on        |        
RUN-1001 :        qor_monitor       |    off     |       off        |        
RUN-1001 :        syn_ip_flow       |    off     |       off        |        
RUN-1001 :          thread          |    auto    |       auto       |        
RUN-1001 : ---------------------------------------------------------------
RUN-1001 : Print Route Property
RUN-1001 : -------------------------------------------------------
RUN-1001 :    Parameters    |  Settings  |  Default Values  |  Note  
RUN-1001 : -------------------------------------------------------
RUN-1001 :      effort      |   medium   |      medium      |        
RUN-1001 :     fix_hold     |    off     |       off        |        
RUN-1001 :    opt_timing    |   medium   |      medium      |        
RUN-1001 :   phy_sim_model  |    off     |       off        |        
RUN-1001 :     priority     |   timing   |      timing      |        
RUN-1001 :     swap_pin     |     on     |        on        |        
RUN-1001 : -------------------------------------------------------
PHY-1001 : Route runs in 12 thread(s)
RUN-1001 : There are total 397 instances
RUN-1001 : 186 mslices, 185 lslices, 17 pads, 0 brams, 2 dsps
RUN-1001 : There are total 991 nets
RUN-6004 WARNING: There are 3 nets with only 1 pin.
RUN-1001 : 769 nets have 2 pins
RUN-1001 : 185 nets have [3 - 5] pins
RUN-1001 : 6 nets have [6 - 10] pins
RUN-1001 : 6 nets have [11 - 20] pins
RUN-1001 : 19 nets have [21 - 99] pins
RUN-1001 : 3 nets have 100+ pins
RUN-1002 : start command "start_timer -report"
TMR-5001 WARNING: No sdc constraints found while initiating timer.
TMR-2505 : Start building timing graph for model TOP.
TMR-2506 : Build timing graph completely. Port num: 11, tpin num: 3302, tnet num: 989, tinst num: 395, tnode num: 4445, tedge num: 5797.
TMR-2508 : Levelizing timing graph completed, there are 39 levels in total.
TMR-2501 : Timing graph initialized successfully.
PHY-1001 : 186 mslices, 185 lslices, 17 pads, 0 brams, 2 dsps
TMR-2503 : Start to update net delay, extr mode = 3.
TMR-2504 : Update delay of 989 nets completely.
TMR-2502 : Annotate delay completely, extr mode = 3.
TMR-3002 : No user constraint, initiate default constraint.
TMR-1501 : Assign derive clock DeriveClock to 562 clock pins, and constraint 1143 relative nodes.
TMR-3003 : Constraints initiated successfully.
TMR-3501 : Forward propagation: start to calculate arrival time...
TMR-3502 : Backward propagation: start to calculate required time...
TMR-3503 : Timing propagation completes.
PHY-1001 : Start global routing, caller is route ...
RUN-1001 : Generating global routing grids ...
PHY-1001 : Generate routing nets ...
PHY-1001 : Global iterations in 12 thread ...
PHY-1002 : len = 23568, over cnt = 65(0%), over = 95, worst = 5
PHY-1002 : len = 24128, over cnt = 22(0%), over = 24, worst = 2
PHY-1002 : len = 24400, over cnt = 1(0%), over = 1, worst = 1
PHY-1002 : len = 24432, over cnt = 0(0%), over = 0, worst = 0
PHY-1001 : End global iterations;  0.092527s wall, 0.015625s user + 0.000000s system = 0.015625s CPU (16.9%)

PHY-1001 : Congestion index: top1 = 27.43, top5 = 21.87, top10 = 18.10, top15 = 15.10.
PHY-1001 : End global routing;  0.116761s wall, 0.015625s user + 0.000000s system = 0.015625s CPU (13.4%)

PHY-1001 : Start detail routing ...
PHY-1001 : Current memory(MB): used = 176, reserve = 146, peak = 185.
PHY-1001 : Detailed router is running in normal mode.
PHY-1001 : Generate detailed routing grids ...
PHY-1001 : Generate nets ...
PHY-1001 : net I_clk_25m_dup_1 will be routed on clock mesh
PHY-5010 WARNING: Net u_ahb_hall_sensor/I_ahb_hsize[2] is skipped due to 0 input or output
PHY-5010 WARNING: Net u_ahb_hall_sensor/I_ahb_hsize[1] is skipped due to 0 input or output
PHY-5010 WARNING: Net u_ahb_hall_sensor/I_ahb_hsize[0] is skipped due to 0 input or output
PHY-1001 : clock net u_mcu/hclk will be merged with clock u_pll/clk0_buf
PHY-1001 : clock net u_ahb_hall_sensor/hall_sendor_u1/filter_inst/i_clk_syn_4 will be merged with clock u_ahb_hall_sensor/hall_sendor_u1/filter_inst/i_clk
PHY-1001 : net u_ahb_hall_sensor/hall_sendor_u1/clk will be routed on clock mesh
PHY-5010 WARNING: Net u_ahb_hall_sensor/I_ahb_hsize[2] is skipped due to 0 input or output
PHY-5010 WARNING: Net u_ahb_hall_sensor/I_ahb_hsize[1] is skipped due to 0 input or output
PHY-5010 WARNING: Net u_ahb_hall_sensor/I_ahb_hsize[0] is skipped due to 0 input or output
PHY-1001 : Current memory(MB): used = 272, reserve = 242, peak = 272.
PHY-1001 : End build detailed router design. 1.667815s wall, 0.750000s user + 0.000000s system = 0.750000s CPU (45.0%)

PHY-1001 : Detail Route ...
PHY-1001 : ===== Detail Route Phase 1 =====
PHY-1001 : Clock net routing.....
PHY-1001 : Routed 0% nets.
PHY-1022 : len = 8712, over cnt = 0(0%), over = 0, worst = 0, crit = 0
PHY-1001 : End initial clock net routed; 0.339675s wall, 0.171875s user + 0.000000s system = 0.171875s CPU (50.6%)

PHY-1001 : Current memory(MB): used = 282, reserve = 253, peak = 282.
PHY-1001 : End phase 1; 0.341410s wall, 0.171875s user + 0.000000s system = 0.171875s CPU (50.3%)

PHY-1001 : ===== Detail Route Phase 2 =====
PHY-1001 : Initial routing.....
PHY-1001 : Routed 40% nets.
PHY-1001 : Routed 46% nets.
PHY-1001 : Routed 59% nets.
PHY-1001 : Routed 70% nets.
PHY-1001 : Routed 88% nets.
PHY-1022 : len = 68784, over cnt = 21(0%), over = 22, worst = 2, crit = 0
PHY-1001 : Current memory(MB): used = 283, reserve = 253, peak = 283.
PHY-1001 : End initial routed; 0.405117s wall, 0.140625s user + 0.031250s system = 0.171875s CPU (42.4%)

PHY-1001 : Current memory(MB): used = 283, reserve = 253, peak = 283.
PHY-1001 : End phase 2; 0.405168s wall, 0.140625s user + 0.031250s system = 0.171875s CPU (42.4%)

PHY-1001 : ===== Detail Route Phase 3 =====
PHY-1001 : Ripup-reroute.....
PHY-1001 : ===== DR Iter 1 =====
PHY-1022 : len = 68672, over cnt = 3(0%), over = 3, worst = 1, crit = 0
PHY-1001 : End DR Iter 1; 0.017487s wall, 0.000000s user + 0.000000s system = 0.000000s CPU (n/a%)

PHY-1001 : ===== DR Iter 2 =====
PHY-1022 : len = 68688, over cnt = 0(0%), over = 0, worst = 0, crit = 0
PHY-1001 : End DR Iter 2; 0.011405s wall, 0.000000s user + 0.000000s system = 0.000000s CPU (n/a%)

PHY-1001 : Commit to database.....
PHY-5014 WARNING: Detail route doesn't find pib for u_pll/pll_inst.dsm_refclk[0]
PHY-5014 WARNING: Detail route doesn't find pib for u_pll/pll_inst.ssc_en[0]
PHY-5014 WARNING: Detail route doesn't find pib for u_pll/pll_inst.dsm_rst[0]
PHY-5014 WARNING: Detail route doesn't find pib for u_pll/pll_inst.frac_offset_valid[0]
PHY-1001 : 4 feed throughs used by 3 nets
PHY-1001 : End commit to database; 0.105427s wall, 0.046875s user + 0.015625s system = 0.062500s CPU (59.3%)

PHY-1001 : Current memory(MB): used = 292, reserve = 263, peak = 292.
PHY-1001 : End phase 3; 0.170531s wall, 0.062500s user + 0.015625s system = 0.078125s CPU (45.8%)

PHY-1003 : Routed, final wirelength = 68688
PHY-1001 : Current memory(MB): used = 292, reserve = 263, peak = 292.
PHY-1001 : End export database. 0.003627s wall, 0.000000s user + 0.000000s system = 0.000000s CPU (n/a%)

PHY-1001 : End detail routing;  2.691718s wall, 1.187500s user + 0.062500s system = 1.250000s CPU (46.4%)

RUN-1003 : finish command "route" in  3.037724s wall, 1.328125s user + 0.062500s system = 1.390625s CPU (45.8%)

RUN-1004 : used memory is 260 MB, reserved memory is 231 MB, peak memory is 292 MB
RUN-1002 : start command "report_area -io_info -file FOC_Controller_phy.area"
RUN-1001 : standard
***Report Model: TOP Device: SF1S60CG121I***

IO Statistics
#IO                        11
  #input                    9
  #output                   2
  #inout                    0

Utilization Statistics
#lut                      422   out of   5824    7.25%
#reg                      527   out of   5824    9.05%
#le                       718
  #lut only               191   out of    718   26.60%
  #reg only               296   out of    718   41.23%
  #lut&reg                231   out of    718   32.17%
#dsp                        2   out of     10   20.00%
#bram                       0   out of     26    0.00%
  #bram9k                   0
  #fifo9k                   0
#hard-ip                    1
  #mcu                      1   out of      1  100.00%
  #dsc                      0   out of      1    0.00%
  #dsi                      0   out of      2    0.00%
  #psram controller         0   out of      2    0.00%
#pad                       11   out of     55   20.00%
  #ireg                     0
  #oreg                     0
  #treg                     0
#pll                        1   out of      2   50.00%
#gclk                       2   out of     16   12.50%

Clock Resource Statistics
Index     ClockNet                                              Type               DriverType         Driver                                              Fanout
#1        u_ahb_hall_sensor/hall_sendor_u1/filter_inst/i_clk    GCLK               mslice             u_ahb_hall_sensor/hall_sendor_u1/reg4_syn_163.q0    152
#2        u_ahb_hall_sensor/hall_sendor_u1/clk                  GCLK               pll                u_pll/pll_inst.clkc1                                68
#3        u_pll/clk0_buf                                        GCLK               pll                u_pll/pll_inst.clkc0                                65
#4        I_clk_25m_dup_1                                       GCLK               io                 I_clk_25m_syn_2.di                                  1


Detailed IO Report

     Name       Direction    Location    IOStandard    DriveStrength    PullType    PackReg  
  I_clk_25m       INPUT         D7        LVCMOS18          N/A          PULLUP      NONE    
   I_hall_u       INPUT        C10        LVCMOS33          N/A          PULLUP      NONE    
   I_hall_v       INPUT        C11        LVCMOS33          N/A          PULLUP      NONE    
   I_hall_w       INPUT        E11        LVCMOS33          N/A          PULLUP      NONE    
  I_jtag_tck      INPUT         C7        LVCMOS18          N/A          PULLUP      NONE    
  I_jtag_tdi      INPUT         D5        LVCMOS18          N/A          PULLUP      NONE    
  I_jtag_tms      INPUT         D6        LVCMOS18          N/A          PULLUP      NONE    
   I_rst_n        INPUT         J2        LVCMOS18          N/A          PULLUP      NONE    
  I_uart_rx       INPUT         E4        LVCMOS18          N/A          PULLUP      NONE    
  O_jtag_tdo     OUTPUT         C6        LVCMOS18           8            NONE       NONE    
  O_uart_tx      OUTPUT         A4        LVCMOS18           8            NONE       NONE    
  hold_n_io3     OUTPUT        S6_1       LVCMOS18           8            NONE       NONE    
   mosi_io0       INOUT        S6_5       LVCMOS18           8           PULLUP      NONE    

Report Hierarchy Area:
+------------------------------------------------------------------------------------------+
|Instance            |Module          |le     |lut     |ripple  |seq     |bram    |dsp     |
+------------------------------------------------------------------------------------------+
|top                 |TOP             |718    |318     |104     |527     |0       |2       |
|  u_ahb_hall_sensor |ahb2hall_sensor |718    |318     |104     |527     |0       |2       |
|    hall_sendor_u1  |hall_sensor     |558    |222     |104     |395     |0       |2       |
|      filter_inst   |shift_filter    |283    |40      |17      |281     |0       |0       |
|  u_mcu             |MCU             |0      |0       |0       |0       |0       |0       |
|  u_pll             |pll             |0      |0       |0       |0       |0       |0       |
+------------------------------------------------------------------------------------------+


DataNet Average Fanout:

   Index     Fanout     Nets  
    #1          1       758   
    #2          2       130   
    #3          3        39   
    #4          4        15   
    #5        5-10       6    
    #6        11-50      20   
    #7       51-100      2    
    #8       101-500     1    
  Average     2.07            

RUN-1002 : start command "export_db FOC_Controller_pr.db"
RUN-1001 : Exported /
RUN-1001 : Exported flow parameters
RUN-1001 : Exported libs
RUN-1001 : Exported entities
RUN-1001 : Exported ports
RUN-1001 : Exported pins
RUN-1001 : Exported instances
RUN-1001 : Exported nets
RUN-1001 : Exported buses
RUN-1001 : Exported models
RUN-1001 : Exported congestions
RUN-1001 : Exported violations
RUN-1001 : Exported IO constraints
RUN-1001 : Exported Inst constraints
RUN-1002 : start command "export_bid FOC_Controller_inst.bid"
RUN-1002 : start command "bitgen -bit FOC_Controller.bit"
BIT-1003 : Start to generate bitstream. 
BIT-1002 : Init instances with 12 threads.
BIT-1002 : Init instances completely, inst num: 395
BIT-1002 : Init pips with 12 threads.
BIT-1002 : Init pips completely, net num: 991, pip num: 6840
BIT-1002 : Init feedthrough completely, num: 4
BIT-1003 : Multithreading accelaration with 12 threads.
BIT-1003 : Generate bitstream completely, there are 545 valid insts, and 18405 bits set as '1'.
BIT-1004 : Generate bits file FOC_Controller.bit.
RUN-1003 : finish command "bitgen -bit FOC_Controller.bit" in  1.234011s wall, 5.468750s user + 0.015625s system = 5.484375s CPU (444.4%)

RUN-1004 : used memory is 263 MB, reserved memory is 240 MB, peak memory is 439 MB
RUN-1002 : start command "backup_run_log run.log ../.logs/phy_1/td_20231105_203308.log"
