============================================================
   Tang Dynasty, V5.6.71036
      Copyright (c) 2012-2023 Anlogic Inc.
   Executable = D:/Anlogic/TD5.6.2/bin/td.exe
   Built at =   20:34:38 Mar 21 2023
   Run by =     15597
   Run Date =   Sun Nov  5 23:46:47 2023

   Run on =     XR097-DELL-G7
============================================================
RUN-1002 : start command "open_project FOC_Controller.prj"
RUN-1001 : Print Global Property
RUN-1001 : ---------------------------------------------------------------
RUN-1001 :        Parameters        |  Settings  |  Default Values  |  Note  
RUN-1001 : ---------------------------------------------------------------
RUN-1001 :          message         |  standard  |     standard     |        
RUN-1001 :   mixed_pack_place_flow  |     on     |        on        |        
RUN-1001 :        qor_monitor       |    off     |       off        |        
RUN-1001 :        syn_ip_flow       |    off     |       off        |        
RUN-1001 :          thread          |    auto    |       auto       |        
RUN-1001 : ---------------------------------------------------------------
RUN-1001 : Print Design Property
RUN-1001 : --------------------------------------------------------------
RUN-1001 :        Parameters       |  Settings  |  Default Values  |  Note  
RUN-1001 : --------------------------------------------------------------
RUN-1001 :   default_reg_initial   |    auto    |       auto       |        
RUN-1001 :        infer_add        |     on     |        on        |        
RUN-1001 :        infer_fsm        |    off     |       off        |        
RUN-1001 :        infer_mult       |     on     |        on        |        
RUN-1001 :        infer_ram        |     on     |        on        |        
RUN-1001 :        infer_reg        |     on     |        on        |        
RUN-1001 :   infer_reg_init_value  |     on     |        on        |        
RUN-1001 :        infer_rom        |     on     |        on        |        
RUN-1001 :      infer_shifter      |     on     |        on        |        
RUN-1001 : --------------------------------------------------------------
RUN-1001 : Print Rtl Property
RUN-1001 : --------------------------------------------------------------
RUN-1001 :        Parameters       |  Settings  |  Default Values  |  Note  
RUN-1001 : --------------------------------------------------------------
RUN-1001 :       compress_add      |   ripple   |      ripple      |        
RUN-1001 :        elf_sload        |    off     |       off        |        
RUN-1001 :       fix_undriven      |     0      |        0         |        
RUN-1001 :         flatten         |    off     |       off        |        
RUN-1001 :       gate_sharing      |     on     |        on        |        
RUN-1001 :    hdl_warning_level    |   normal   |      normal      |        
RUN-1001 :   impl_internal_tribuf  |     on     |        on        |        
RUN-1001 :      impl_set_reset     |     on     |        on        |        
RUN-1001 :        infer_gsr        |    off     |       off        |        
RUN-1001 :      keep_hierarchy     |    auto    |       auto       |        
RUN-1001 :        max_fanout       |    9999    |       9999       |        
RUN-1001 :      max_oh2bin_len     |     10     |        10        |        
RUN-1001 :       merge_equal       |     on     |        on        |        
RUN-1001 :       merge_equiv       |     on     |        on        |        
RUN-1001 :        merge_mux        |    off     |       off        |        
RUN-1001 :     min_control_set     |     8      |        8         |        
RUN-1001 :      min_ripple_len     |    auto    |       auto       |        
RUN-1001 :       oh2bin_ratio      |    0.08    |       0.08       |        
RUN-1001 :     opt_adder_fanout    |     on     |        on        |        
RUN-1001 :        opt_arith        |     on     |        on        |        
RUN-1001 :       opt_big_gate      |    off     |       off        |        
RUN-1001 :        opt_const        |     on     |        on        |        
RUN-1001 :      opt_const_mult     |     on     |        on        |        
RUN-1001 :       opt_lessthan      |     on     |        on        |        
RUN-1001 :         opt_mux         |    off     |       off        |        
RUN-1001 :         opt_ram         |    high    |       high       |        
RUN-1001 :      rtl_sim_model      |    off     |       off        |        
RUN-1001 :         seq_syn         |     on     |        on        |        
RUN-1001 : --------------------------------------------------------------
HDL-1007 : analyze verilog file ../../al_ip/pll.v
HDL-1007 : undeclared symbol 'open', assumed default net type 'wire' in ../../al_ip/pll.v(96)
HDL-1007 : analyze verilog file ../../RTL/adc_ad7928.v
HDL-1007 : analyze verilog file ../../RTL/foc/cartesian2polar.v
HDL-1007 : analyze verilog file ../../RTL/foc/clark_tr.v
HDL-1007 : analyze verilog file ../../RTL/foc/foc_top.v
HDL-1007 : analyze verilog file ../../RTL/foc/hold_detect.v
HDL-1007 : analyze verilog file ../../RTL/foc/park_tr.v
HDL-1007 : analyze verilog file ../../RTL/foc/pi_controller.v
HDL-1007 : analyze verilog file ../../RTL/foc/sincos.v
HDL-1007 : analyze verilog file ../../RTL/foc/svpwm.v
HDL-1007 : analyze verilog file ../../RTL/fpga_top.v
HDL-1007 : undeclared symbol 'S_sys_clk_100m', assumed default net type 'wire' in ../../RTL/fpga_top.v(56)
HDL-1007 : analyze verilog file ../../RTL/i2c_register_read.v
HDL-1007 : analyze verilog file ../../RTL/uart_monitor.v
RUN-1001 : Project manager successfully analyzed 13 source files.
RUN-1002 : start command "import_device sf1_6.db -package SF1S60CG121I"
ARC-1001 : Device Initialization.
ARC-1001 : -------------------------------------------------
ARC-1001 :       OPTION       |      IO       |   SETTING   
ARC-1001 : -------------------------------------------------
ARC-1001 :        done        |      B4       |    gpio    
ARC-1001 :        initn       |      A5       |    gpio    
ARC-1001 :       jtagen       |      B7       |    gpio    
ARC-1001 :      programn      |      B5       |  dedicate  
ARC-1001 :   tdi/tms/tck/tdo  |  C4/A6/A7/C5  |  dedicate  
ARC-1001 : -------------------------------------------------
ARC-1004 : Device setting, marked 5 dedicate IOs in total.
RUN-1002 : start command "import_db ../syn_1/FOC_Controller_gate.db"
RUN-1001 : Importing database generated by Tang Dynasty, V5.6.71036.
RUN-1001 : Database version number 46146.
RUN-1001 : Import flow parameters
RUN-1001 : Import IO constraints
RUN-1001 : Import Inst constraints
RUN-1001 : Import design success TD_VERSION=5.6.71036 , DB_VERSION=46146
RUN-1003 : finish command "import_db ../syn_1/FOC_Controller_gate.db" in  1.170360s wall, 0.296875s user + 0.093750s system = 0.390625s CPU (33.4%)

RUN-1004 : used memory is 219 MB, reserved memory is 193 MB, peak memory is 222 MB
RUN-1002 : start command "place"
RUN-1001 : Open license file D:/Anlogic/TD5.6.2/license/Anlogic.lic
RUN-1001 : Print Global Property
RUN-1001 : ---------------------------------------------------------------
RUN-1001 :        Parameters        |  Settings  |  Default Values  |  Note  
RUN-1001 : ---------------------------------------------------------------
RUN-1001 :          message         |  standard  |     standard     |        
RUN-1001 :   mixed_pack_place_flow  |     on     |        on        |        
RUN-1001 :        qor_monitor       |    off     |       off        |        
RUN-1001 :        syn_ip_flow       |    off     |       off        |        
RUN-1001 :          thread          |    auto    |       auto       |        
RUN-1001 : ---------------------------------------------------------------
RUN-1001 : Print Place Property
RUN-1001 : --------------------------------------------------------------
RUN-1001 :        Parameters       |  Settings  |  Default Values  |  Note  
RUN-1001 : --------------------------------------------------------------
RUN-1001 :      detailed_place     |     on     |        on        |        
RUN-1001 :          effort         |   medium   |      medium      |        
RUN-1001 :         fix_hold        |    off     |       off        |        
RUN-1001 :       legalization      |    ori     |       ori        |        
RUN-1001 :      new_spreading      |     on     |        on        |        
RUN-1001 :        opt_timing       |   medium   |      medium      |        
RUN-1001 :   post_clock_route_opt  |    off     |       off        |        
RUN-1001 :       pr_strategy       |     1      |        1         |        
RUN-1001 :        relaxation       |    1.00    |       1.00       |        
RUN-1001 :         retiming        |    off     |       off        |        
RUN-1001 : --------------------------------------------------------------
PHY-3001 : Placer runs in 12 thread(s).
RUN-1002 : start command "legalize_phy_inst"
SYN-1011 : Flatten model TOP
RUN-1002 : start command "phys_opt -simplify_lut"
SYN-4016 : Net pll_inst/clk0_out driven by BUFG (0 clock/control pins, 1 other pins).
SYN-4027 : Net u_adc_ad7928/clk is clkc1 of pll pll_inst/pll_inst.
SYN-4019 : Net clk_25m_dup_1 is refclk of pll pll_inst/pll_inst.
SYN-4020 : Net clk_25m_dup_1 is fbclk of pll pll_inst/pll_inst.
SYN-4025 : Tag rtl::Net clk_25m_dup_1 as clock net
SYN-4025 : Tag rtl::Net pll_inst/clk0_out as clock net
SYN-4025 : Tag rtl::Net u_adc_ad7928/clk as clock net
SYN-4026 : Tagged 3 rtl::Net as clock net
PHY-1001 : Populate physical database on model TOP.
RUN-1001 : There are total 3539 instances
RUN-0007 : 1274 luts, 1301 seqs, 598 mslices, 328 lslices, 12 pads, 11 brams, 10 dsps
RUN-1001 : There are total 4937 nets
RUN-1001 : 3526 nets have 2 pins
RUN-1001 : 1102 nets have [3 - 5] pins
RUN-1001 : 138 nets have [6 - 10] pins
RUN-1001 : 112 nets have [11 - 20] pins
RUN-1001 : 52 nets have [21 - 99] pins
RUN-1001 : 7 nets have 100+ pins
RUN-1001 : Report Control nets information:
RUN-1001 : DFF Distribution
RUN-1001 : ----------------------------------
RUN-1001 :   CE   |  SSR  |  ASR  |  DFF Count  
RUN-1001 : ----------------------------------
RUN-1001 :   No   |  No   |  No   |     28      
RUN-1001 :   No   |  No   |  Yes  |     441     
RUN-1001 :   No   |  Yes  |  No   |      9      
RUN-1001 :   Yes  |  No   |  No   |      0      
RUN-1001 :   Yes  |  No   |  Yes  |     823     
RUN-1001 :   Yes  |  Yes  |  No   |      0      
RUN-1001 : ----------------------------------
RUN-0007 : Control Group Statistic
RUN-0007 : ---------------------------
RUN-0007 :   #CLK  |  #CE  |  #SSR/ASR  
RUN-0007 : ---------------------------
RUN-0007 :    1    |  30   |     4      
RUN-0007 : ---------------------------
RUN-0007 : Control Set = 33
PHY-3001 : Initial placement ...
PHY-3001 : design contains 3537 instances, 1274 luts, 1301 seqs, 926 slices, 122 macros(926 instances: 598 mslices 328 lslices)
PHY-0007 : Cell area utilization is 53%
PHY-3001 : Global placement ...
PHY-3001 : Initial: Len = 605861
PHY-3001 : Run with size of 3
PHY-3001 : Cell area utilization is 53%
PHY-3001 : :::0::: Try harder cell spreading with beta_ = 0
PHY-3002 : Step(1): len = 427897, overlap = 83.0625
PHY-3002 : Step(2): len = 407995, overlap = 110.094
PHY-3002 : Step(3): len = 254424, overlap = 114.219
PHY-3002 : Step(4): len = 237922, overlap = 121.094
PHY-3002 : Step(5): len = 207936, overlap = 129.438
PHY-3002 : Step(6): len = 188617, overlap = 133.562
PHY-3002 : Step(7): len = 165546, overlap = 157.375
PHY-3002 : Step(8): len = 142997, overlap = 169.25
PHY-3002 : Step(9): len = 125941, overlap = 182.938
PHY-3002 : Step(10): len = 118770, overlap = 188.125
PHY-3002 : Step(11): len = 108292, overlap = 196.406
PHY-3002 : Step(12): len = 102660, overlap = 188.656
PHY-3002 : Step(13): len = 95358.7, overlap = 192.125
PHY-3002 : Step(14): len = 89773, overlap = 191.75
PHY-3002 : Step(15): len = 84414.9, overlap = 195.219
PHY-3001 : :::1::: Try harder cell spreading with beta_ = 9.16903e-06
PHY-3002 : Step(16): len = 89837.2, overlap = 187.156
PHY-3002 : Step(17): len = 91101.5, overlap = 189.75
PHY-3002 : Step(18): len = 87469.1, overlap = 191.562
PHY-3002 : Step(19): len = 89185.7, overlap = 197.125
PHY-3002 : Step(20): len = 95130, overlap = 177.531
PHY-3002 : Step(21): len = 97630, overlap = 135.906
PHY-3002 : Step(22): len = 98732.7, overlap = 125.125
PHY-3002 : Step(23): len = 98239, overlap = 124.875
PHY-3002 : Step(24): len = 94781.7, overlap = 127.562
PHY-3002 : Step(25): len = 92971, overlap = 121.281
PHY-3002 : Step(26): len = 91905, overlap = 116.438
PHY-3002 : Step(27): len = 90431.6, overlap = 107.812
PHY-3002 : Step(28): len = 89057.1, overlap = 108.688
PHY-3002 : Step(29): len = 87615.8, overlap = 99.8438
PHY-3002 : Step(30): len = 87502.1, overlap = 96.4688
PHY-3002 : Step(31): len = 87620.8, overlap = 88.9688
PHY-3002 : Step(32): len = 87400.9, overlap = 95.0312
PHY-3002 : Step(33): len = 85509, overlap = 100.594
PHY-3002 : Step(34): len = 85215, overlap = 98.4375
PHY-3002 : Step(35): len = 84401.1, overlap = 98.9062
PHY-3002 : Step(36): len = 84083.5, overlap = 101.125
PHY-3002 : Step(37): len = 83119.8, overlap = 106.938
PHY-3002 : Step(38): len = 82289, overlap = 103.062
PHY-3002 : Step(39): len = 80753, overlap = 93.4688
PHY-3002 : Step(40): len = 80355.2, overlap = 90.7188
PHY-3002 : Step(41): len = 80617.9, overlap = 92.3125
PHY-3002 : Step(42): len = 80667.4, overlap = 88.9688
PHY-3002 : Step(43): len = 79350.4, overlap = 83.5625
PHY-3002 : Step(44): len = 78939.6, overlap = 83.75
PHY-3002 : Step(45): len = 77826.8, overlap = 85.9062
PHY-3002 : Step(46): len = 77614.1, overlap = 86.4062
PHY-3002 : Step(47): len = 77560.9, overlap = 86.4062
PHY-3002 : Step(48): len = 76311.6, overlap = 89.1562
PHY-3002 : Step(49): len = 75829, overlap = 88.2812
PHY-3002 : Step(50): len = 75506, overlap = 88.75
PHY-3001 : :::2::: Try harder cell spreading with beta_ = 1.83381e-05
PHY-3002 : Step(51): len = 75728.5, overlap = 88.5312
PHY-3002 : Step(52): len = 75914.9, overlap = 88.625
PHY-3002 : Step(53): len = 76353.4, overlap = 88.125
PHY-3001 : :::3::: Try harder cell spreading with beta_ = 3.66761e-05
PHY-3002 : Step(54): len = 77463.7, overlap = 87.5938
PHY-3002 : Step(55): len = 77543.5, overlap = 87.6562
PHY-3002 : Step(56): len = 77616.1, overlap = 87.5
PHY-3002 : Step(57): len = 77742.5, overlap = 87.25
PHY-3002 : Step(58): len = 77863.2, overlap = 86.9062
PHY-3001 : Legalization ...
PHY-3001 : End legalization;  0.013246s wall, 0.000000s user + 0.000000s system = 0.000000s CPU (n/a%)

PHY-3001 : Run with size of 3
PHY-3001 : Cell area utilization is 60%
PHY-3001 : Analyzing congestion ...
RUN-1001 : Generating global routing grids ...
RUN-1001 : Building simple global routing graph ...
PHY-1001 : Generate routing nets ...
PHY-1001 : Reuse net number 0/4937.
PHY-1001 : Global iterations in 12 thread ...
PHY-1002 : len = 111936, over cnt = 551(4%), over = 3008, worst = 28
PHY-1001 : End global iterations;  0.240856s wall, 0.093750s user + 0.000000s system = 0.093750s CPU (38.9%)

PHY-1001 : Congestion index: top1 = 79.24, top5 = 60.88, top10 = 51.65, top15 = 45.36.
PHY-3001 : End congestion estimation;  0.310200s wall, 0.109375s user + 0.000000s system = 0.109375s CPU (35.3%)

PHY-3001 : Update density targets...
PHY-3001 : Update congestion history...
PHY-3001 : :::0::: Try harder cell spreading with beta_ = 2.41818e-06
PHY-3002 : Step(59): len = 97562.5, overlap = 98.0312
PHY-3002 : Step(60): len = 97202.1, overlap = 103.188
PHY-3002 : Step(61): len = 93366.6, overlap = 113.125
PHY-3002 : Step(62): len = 94038.6, overlap = 121.344
PHY-3002 : Step(63): len = 89707.2, overlap = 144.031
PHY-3002 : Step(64): len = 89472.2, overlap = 149.219
PHY-3002 : Step(65): len = 86964.5, overlap = 169.5
PHY-3002 : Step(66): len = 86390.2, overlap = 172.781
PHY-3002 : Step(67): len = 83538.9, overlap = 173.719
PHY-3002 : Step(68): len = 82293.4, overlap = 187.094
PHY-3002 : Step(69): len = 82011.8, overlap = 189.875
PHY-3002 : Step(70): len = 80256.5, overlap = 189.719
PHY-3002 : Step(71): len = 80445.2, overlap = 186.375
PHY-3002 : Step(72): len = 79108.3, overlap = 187.188
PHY-3001 : :::1::: Try harder cell spreading with beta_ = 4.83635e-06
PHY-3002 : Step(73): len = 79796.8, overlap = 184.906
PHY-3002 : Step(74): len = 80521.5, overlap = 174.25
PHY-3002 : Step(75): len = 81691.4, overlap = 168.969
PHY-3001 : :::2::: Try harder cell spreading with beta_ = 9.6727e-06
PHY-3002 : Step(76): len = 84840, overlap = 163.406
PHY-3002 : Step(77): len = 86785.9, overlap = 161.812
PHY-3002 : Step(78): len = 92415.3, overlap = 136.406
PHY-3002 : Step(79): len = 93031.2, overlap = 97.3438
PHY-3002 : Step(80): len = 91374.9, overlap = 100.375
PHY-3002 : Step(81): len = 89921.4, overlap = 103.625
PHY-3002 : Step(82): len = 89911.7, overlap = 106.094
PHY-3002 : Step(83): len = 90010.9, overlap = 108.406
PHY-3001 : :::3::: Try harder cell spreading with beta_ = 1.93454e-05
PHY-3002 : Step(84): len = 93142.4, overlap = 85.6562
PHY-3002 : Step(85): len = 94395.7, overlap = 85.5
PHY-3002 : Step(86): len = 96940.9, overlap = 84.0625
PHY-3001 : :::4::: Try harder cell spreading with beta_ = 3.86908e-05
PHY-3002 : Step(87): len = 103391, overlap = 76.125
PHY-3002 : Step(88): len = 106121, overlap = 76.375
PHY-3002 : Step(89): len = 107616, overlap = 64.0938
PHY-3002 : Step(90): len = 109091, overlap = 68.7812
PHY-3002 : Step(91): len = 108590, overlap = 58.3125
PHY-3002 : Step(92): len = 107235, overlap = 56.5938
PHY-3002 : Step(93): len = 105963, overlap = 53.7188
PHY-3002 : Step(94): len = 105609, overlap = 54.5
PHY-3002 : Step(95): len = 104818, overlap = 50.25
PHY-3002 : Step(96): len = 104860, overlap = 52.8438
PHY-3002 : Step(97): len = 104801, overlap = 51.9062
PHY-3001 : :::5::: Try harder cell spreading with beta_ = 7.73816e-05
PHY-3002 : Step(98): len = 106284, overlap = 49.0312
PHY-3002 : Step(99): len = 108089, overlap = 48
PHY-3002 : Step(100): len = 109694, overlap = 45.7188
PHY-3001 : :::6::: Try harder cell spreading with beta_ = 0.000154763
PHY-3002 : Step(101): len = 111908, overlap = 46.8438
PHY-3002 : Step(102): len = 114586, overlap = 35.7188
PHY-3002 : Step(103): len = 116357, overlap = 25.9375
PHY-3002 : Step(104): len = 116307, overlap = 29.9062
PHY-3002 : Step(105): len = 116331, overlap = 23.6875
PHY-3002 : Step(106): len = 115486, overlap = 19.8438
PHY-3002 : Step(107): len = 114413, overlap = 18.875
PHY-3002 : Step(108): len = 113648, overlap = 20.5625
PHY-3002 : Step(109): len = 113025, overlap = 21.3438
PHY-3001 : :::7::: Try harder cell spreading with beta_ = 0.000309526
PHY-3002 : Step(110): len = 114476, overlap = 18.6562
PHY-3002 : Step(111): len = 116452, overlap = 17.7188
PHY-3002 : Step(112): len = 117315, overlap = 18.875
PHY-3002 : Step(113): len = 117869, overlap = 18.0625
PHY-3001 : :::8::: Try harder cell spreading with beta_ = 0.000619053
PHY-3002 : Step(114): len = 118594, overlap = 15.3438
PHY-3002 : Step(115): len = 118594, overlap = 15.3438
PHY-3002 : Step(116): len = 118695, overlap = 14.5938
PHY-3001 : Run with size of 1
PHY-3001 : Cell area utilization is 60%
PHY-3001 : Analyzing congestion ...
RUN-1001 : Generating global routing grids ...
PHY-1001 : Generate routing nets ...
PHY-1001 : Reuse net number 29/4937.
PHY-1001 : Global iterations in 12 thread ...
PHY-1002 : len = 132856, over cnt = 658(5%), over = 2974, worst = 29
PHY-1001 : End global iterations;  0.234766s wall, 0.109375s user + 0.000000s system = 0.109375s CPU (46.6%)

PHY-1001 : Congestion index: top1 = 59.17, top5 = 50.61, top10 = 44.38, top15 = 40.39.
PHY-3001 : End congestion estimation;  0.295236s wall, 0.109375s user + 0.000000s system = 0.109375s CPU (37.0%)

PHY-3001 : Update density targets...
PHY-3001 : Update congestion history...
PHY-3001 : :::0::: Try harder cell spreading with beta_ = 4.73232e-05
PHY-3002 : Step(117): len = 117832, overlap = 167.438
PHY-3002 : Step(118): len = 118115, overlap = 158
PHY-3002 : Step(119): len = 115139, overlap = 164.125
PHY-3002 : Step(120): len = 115235, overlap = 155.531
PHY-3002 : Step(121): len = 113349, overlap = 154.781
PHY-3002 : Step(122): len = 112797, overlap = 145.969
PHY-3002 : Step(123): len = 111303, overlap = 151.625
PHY-3002 : Step(124): len = 110679, overlap = 161
PHY-3002 : Step(125): len = 109305, overlap = 162.281
PHY-3002 : Step(126): len = 107956, overlap = 165.25
PHY-3002 : Step(127): len = 106944, overlap = 162.344
PHY-3002 : Step(128): len = 106252, overlap = 159.844
PHY-3002 : Step(129): len = 104849, overlap = 183.438
PHY-3002 : Step(130): len = 104089, overlap = 178.188
PHY-3002 : Step(131): len = 101912, overlap = 178.312
PHY-3002 : Step(132): len = 101249, overlap = 180.625
PHY-3002 : Step(133): len = 101057, overlap = 164.625
PHY-3002 : Step(134): len = 100859, overlap = 157.188
PHY-3002 : Step(135): len = 100617, overlap = 163.219
PHY-3002 : Step(136): len = 100390, overlap = 171.562
PHY-3001 : :::1::: Try harder cell spreading with beta_ = 9.46463e-05
PHY-3002 : Step(137): len = 101412, overlap = 171.75
PHY-3002 : Step(138): len = 102188, overlap = 164.562
PHY-3002 : Step(139): len = 103544, overlap = 162.906
PHY-3001 : :::2::: Try harder cell spreading with beta_ = 0.000166226
PHY-3002 : Step(140): len = 104722, overlap = 162.094
PHY-3002 : Step(141): len = 106207, overlap = 152.719
PHY-3002 : Step(142): len = 108397, overlap = 144.938
PHY-3002 : Step(143): len = 109133, overlap = 148.531
PHY-3002 : Step(144): len = 109168, overlap = 137.469
PHY-3001 : :::3::: Try harder cell spreading with beta_ = 0.000332452
PHY-3002 : Step(145): len = 110244, overlap = 137.281
PHY-3002 : Step(146): len = 111700, overlap = 139.156
PHY-3002 : Step(147): len = 112863, overlap = 133.875
PHY-3002 : Step(148): len = 112844, overlap = 129.469
PHY-3002 : Step(149): len = 112859, overlap = 128.156
PHY-3002 : Step(150): len = 113319, overlap = 121.656
PHY-3002 : Step(151): len = 113900, overlap = 122.031
PHY-3002 : Step(152): len = 114129, overlap = 130.625
PHY-3001 : :::4::: Try harder cell spreading with beta_ = 0.000664905
PHY-3002 : Step(153): len = 114429, overlap = 131.375
PHY-3002 : Step(154): len = 115128, overlap = 131.875
PHY-3002 : Step(155): len = 116561, overlap = 132.125
PHY-3002 : Step(156): len = 117336, overlap = 134.156
PHY-3002 : Step(157): len = 117652, overlap = 131.688
PHY-3002 : Step(158): len = 118144, overlap = 122.312
PHY-3002 : Step(159): len = 118586, overlap = 117.531
PHY-3002 : Step(160): len = 118937, overlap = 118.969
PHY-3002 : Step(161): len = 119431, overlap = 117.219
PHY-3002 : Step(162): len = 119681, overlap = 115.469
PHY-3001 : :::5::: Try harder cell spreading with beta_ = 0.00118136
PHY-3002 : Step(163): len = 119834, overlap = 115.156
PHY-3002 : Step(164): len = 120249, overlap = 116.281
PHY-3002 : Step(165): len = 120808, overlap = 114.25
PHY-3001 : :::6::: Try harder cell spreading with beta_ = 0.00191144
PHY-3002 : Step(166): len = 121112, overlap = 111.719
PHY-3002 : Step(167): len = 121767, overlap = 110.281
PHY-3002 : Step(168): len = 123168, overlap = 106.625
PHY-3002 : Step(169): len = 124554, overlap = 103.125
PHY-3002 : Step(170): len = 124672, overlap = 103.031
PHY-3002 : Step(171): len = 124724, overlap = 99.4375
PHY-3002 : Step(172): len = 124931, overlap = 99.4688
PHY-3002 : Step(173): len = 125379, overlap = 98.0312
PHY-3002 : Step(174): len = 125599, overlap = 96.9688
PHY-3002 : Step(175): len = 125949, overlap = 100.812
PHY-3001 : :::7::: Try harder cell spreading with beta_ = 0.00309271
PHY-3002 : Step(176): len = 126073, overlap = 100.844
PHY-3002 : Step(177): len = 126909, overlap = 101.812
PHY-3002 : Step(178): len = 128057, overlap = 98.8125
PHY-3002 : Step(179): len = 128160, overlap = 98.375
PHY-3002 : Step(180): len = 128267, overlap = 97.6875
PHY-3002 : Step(181): len = 128330, overlap = 97.7188
PHY-3002 : Step(182): len = 128430, overlap = 97.3125
PHY-3002 : Step(183): len = 128597, overlap = 98.375
OPT-1001 : Start physical optimization ...
OPT-1001 : Total overflow 98.38 peak overflow 2.25
OPT-1001 : Start high-fanout net optimization ...
OPT-1001 : Update timing in global mode
PHY-1001 : Start incremental global routing, caller is place ...
RUN-1001 : Generating global routing grids ...
PHY-1001 : Generate routing nets ...
PHY-1001 : Reuse net number 145/4937.
PHY-1001 : Global iterations in 12 thread ...
PHY-1002 : len = 149136, over cnt = 680(6%), over = 2320, worst = 21
PHY-1001 : End global iterations;  0.294570s wall, 0.062500s user + 0.000000s system = 0.062500s CPU (21.2%)

PHY-1001 : Congestion index: top1 = 56.53, top5 = 46.85, top10 = 41.40, top15 = 38.29.
PHY-1001 : End incremental global routing;  0.345082s wall, 0.062500s user + 0.015625s system = 0.078125s CPU (22.6%)

RUN-1002 : start command "start_timer -report"
TMR-5001 WARNING: No sdc constraints found while initiating timer.
TMR-2505 : Start building timing graph for model TOP.
TMR-2506 : Build timing graph completely. Port num: 12, tpin num: 18068, tnet num: 4935, tinst num: 3537, tnode num: 22932, tedge num: 31559.
TMR-2508 : Levelizing timing graph completed, there are 61 levels in total.
TMR-2501 : Timing graph initialized successfully.
OPT-1001 : End timing update;  0.424582s wall, 0.250000s user + 0.000000s system = 0.250000s CPU (58.9%)

OPT-1001 : 0 high-fanout net processed.
OPT-1001 : End high-fanout net optimization;  0.840122s wall, 0.312500s user + 0.015625s system = 0.328125s CPU (39.1%)

OPT-1001 : Current memory(MB): used = 291, reserve = 266, peak = 291.
OPT-1001 : End physical optimization;  0.880534s wall, 0.328125s user + 0.015625s system = 0.343750s CPU (39.0%)

PHY-3001 : Start packing ...
SYN-4007 : Packing 0 MUX to BLE ...
SYN-4008 : Packed 0 MUX and 0 SEQ to BLE.
SYN-4007 : Packing 1274 LUT to BLE ...
SYN-4008 : Packed 1274 LUT and 676 SEQ to BLE.
SYN-4003 : Packing 625 remaining SEQ's ...
SYN-4005 : Packed 296 SEQ with LUT/SLICE
SYN-4006 : 424 single LUT's are left
SYN-4006 : 329 single SEQ's are left
SYN-4011 : Packing model "TOP" (AL_USER_NORMAL) with 1603/2567 primitive instances ...
PHY-3001 : End packing;  0.149237s wall, 0.078125s user + 0.000000s system = 0.078125s CPU (52.3%)

PHY-1001 : Populate physical database on model TOP.
RUN-1001 : There are total 1828 instances
RUN-1001 : 895 mslices, 895 lslices, 12 pads, 11 brams, 10 dsps
RUN-1001 : There are total 4335 nets
RUN-1001 : 2990 nets have 2 pins
RUN-1001 : 1031 nets have [3 - 5] pins
RUN-1001 : 156 nets have [6 - 10] pins
RUN-1001 : 105 nets have [11 - 20] pins
RUN-1001 : 48 nets have [21 - 99] pins
RUN-1001 : 5 nets have 100+ pins
PHY-3001 : design contains 1826 instances, 1790 slices, 122 macros(926 instances: 598 mslices 328 lslices)
PHY-3001 : Cell area utilization is 68%
PHY-3001 : After packing: Len = 127280, Over = 125
PHY-3001 : Run with size of 1
PHY-3001 : Cell area utilization is 68%
PHY-3001 : Analyzing congestion ...
RUN-1001 : Generating global routing grids ...
PHY-1001 : Generate routing nets ...
PHY-1001 : Reuse net number 2552/4335.
PHY-1001 : Global iterations in 12 thread ...
PHY-1002 : len = 148216, over cnt = 528(4%), over = 1474, worst = 14
PHY-1002 : len = 153576, over cnt = 321(2%), over = 703, worst = 14
PHY-1002 : len = 157312, over cnt = 150(1%), over = 318, worst = 8
PHY-1002 : len = 160952, over cnt = 3(0%), over = 3, worst = 1
PHY-1002 : len = 161056, over cnt = 0(0%), over = 0, worst = 0
PHY-1001 : End global iterations;  0.394624s wall, 0.109375s user + 0.015625s system = 0.125000s CPU (31.7%)

PHY-1001 : Congestion index: top1 = 51.53, top5 = 43.27, top10 = 38.60, top15 = 35.94.
PHY-3001 : End congestion estimation;  0.461534s wall, 0.156250s user + 0.015625s system = 0.171875s CPU (37.2%)

PHY-3001 : Update density targets...
PHY-3001 : Update congestion history...
PHY-3001 : :::0::: Try harder cell spreading with beta_ = 3.41693e-05
PHY-3002 : Step(184): len = 113108, overlap = 133.25
PHY-3002 : Step(185): len = 110281, overlap = 130.75
PHY-3002 : Step(186): len = 109422, overlap = 136.25
PHY-3002 : Step(187): len = 108150, overlap = 142.75
PHY-3002 : Step(188): len = 107695, overlap = 146
PHY-3002 : Step(189): len = 106083, overlap = 134.25
PHY-3002 : Step(190): len = 105722, overlap = 135.75
PHY-3002 : Step(191): len = 105326, overlap = 141.75
PHY-3001 : :::1::: Try harder cell spreading with beta_ = 6.83386e-05
PHY-3002 : Step(192): len = 108283, overlap = 131.25
PHY-3002 : Step(193): len = 109868, overlap = 127.5
PHY-3002 : Step(194): len = 111028, overlap = 119.5
PHY-3001 : :::2::: Try harder cell spreading with beta_ = 0.000136677
PHY-3002 : Step(195): len = 112534, overlap = 113.5
PHY-3002 : Step(196): len = 113758, overlap = 111
PHY-3002 : Step(197): len = 116352, overlap = 103.75
PHY-3002 : Step(198): len = 117450, overlap = 100.75
PHY-3002 : Step(199): len = 118010, overlap = 100
PHY-3002 : Step(200): len = 118176, overlap = 97.5
PHY-3002 : Step(201): len = 117898, overlap = 100.75
PHY-3002 : Step(202): len = 117857, overlap = 102.75
PHY-3002 : Step(203): len = 117929, overlap = 102.25
PHY-3001 : :::3::: Try harder cell spreading with beta_ = 0.000242814
PHY-3002 : Step(204): len = 120086, overlap = 99
PHY-3002 : Step(205): len = 121496, overlap = 95.75
PHY-3002 : Step(206): len = 123497, overlap = 91.75
PHY-3002 : Step(207): len = 124366, overlap = 92.75
PHY-3002 : Step(208): len = 123907, overlap = 89.25
PHY-3002 : Step(209): len = 123480, overlap = 86.75
PHY-3002 : Step(210): len = 123210, overlap = 78.75
PHY-3001 : Legalization ...
PHY-3001 : End legalization;  0.546960s wall, 0.093750s user + 0.031250s system = 0.125000s CPU (22.9%)

PHY-3001 : Trial Legalized: Len = 131750
PHY-3001 : Run with size of 1
PHY-3001 : Cell area utilization is 65%
PHY-3001 : Analyzing congestion ...
RUN-1001 : Generating global routing grids ...
PHY-1001 : Generate routing nets ...
PHY-1001 : Reuse net number 267/4335.
PHY-1001 : Global iterations in 12 thread ...
PHY-1002 : len = 154344, over cnt = 461(4%), over = 807, worst = 9
PHY-1002 : len = 157832, over cnt = 312(2%), over = 433, worst = 6
PHY-1002 : len = 161360, over cnt = 112(1%), over = 146, worst = 6
PHY-1002 : len = 163776, over cnt = 5(0%), over = 5, worst = 1
PHY-1002 : len = 164096, over cnt = 0(0%), over = 0, worst = 0
PHY-1001 : End global iterations;  0.525564s wall, 0.125000s user + 0.000000s system = 0.125000s CPU (23.8%)

PHY-1001 : Congestion index: top1 = 45.97, top5 = 40.14, top10 = 36.76, top15 = 34.60.
PHY-3001 : End congestion estimation;  0.593120s wall, 0.140625s user + 0.000000s system = 0.140625s CPU (23.7%)

PHY-3001 : Update density targets...
PHY-3001 : Update congestion history...
PHY-3001 : :::0::: Try harder cell spreading with beta_ = 6.0377e-05
PHY-3002 : Step(211): len = 123644, overlap = 45.5
PHY-3002 : Step(212): len = 121359, overlap = 68.5
PHY-3002 : Step(213): len = 121072, overlap = 66.25
PHY-3002 : Step(214): len = 121192, overlap = 64.75
PHY-3002 : Step(215): len = 120894, overlap = 62.5
PHY-3002 : Step(216): len = 120905, overlap = 61.5
PHY-3002 : Step(217): len = 121002, overlap = 62.5
PHY-3001 : :::1::: Try harder cell spreading with beta_ = 0.000120754
PHY-3002 : Step(218): len = 122854, overlap = 55.5
PHY-3002 : Step(219): len = 123332, overlap = 54
PHY-3002 : Step(220): len = 124334, overlap = 52.25
PHY-3001 : :::2::: Try harder cell spreading with beta_ = 0.000241508
PHY-3002 : Step(221): len = 125310, overlap = 44.75
PHY-3002 : Step(222): len = 125654, overlap = 43.25
PHY-3002 : Step(223): len = 126567, overlap = 42.75
PHY-3002 : Step(224): len = 127049, overlap = 41.75
PHY-3002 : Step(225): len = 127387, overlap = 45.25
PHY-3001 : Legalization ...
PHY-3001 : End legalization;  0.005294s wall, 0.000000s user + 0.000000s system = 0.000000s CPU (n/a%)

PHY-3001 : Legalized: Len = 128612, Over = 0
PHY-3001 : End spreading;  0.010084s wall, 0.000000s user + 0.000000s system = 0.000000s CPU (n/a%)

PHY-3001 : Final: Len = 128612, Over = 0
RUN-1003 : finish command "place" in  10.716900s wall, 3.296875s user + 0.562500s system = 3.859375s CPU (36.0%)

RUN-1004 : used memory is 273 MB, reserved memory is 248 MB, peak memory is 292 MB
RUN-1002 : start command "export_db FOC_Controller_place.db"
RUN-1001 : Exported /
RUN-1001 : Exported flow parameters
RUN-1001 : Exported libs
RUN-1001 : Exported entities
RUN-1001 : Exported ports
RUN-1001 : Exported pins
RUN-1001 : Exported instances
RUN-1001 : Exported nets
RUN-1001 : Exported buses
RUN-1001 : Exported models
RUN-1001 : Exported congestions
RUN-1001 : Exported violations
RUN-1001 : Exported IO constraints
RUN-1001 : Exported Inst constraints
RUN-1003 : finish command "export_db FOC_Controller_place.db" in  1.115620s wall, 0.671875s user + 0.031250s system = 0.703125s CPU (63.0%)

RUN-1004 : used memory is 270 MB, reserved memory is 246 MB, peak memory is 347 MB
RUN-1002 : start command "route"
RUN-1001 : Open license file D:/Anlogic/TD5.6.2/license/Anlogic.lic
RUN-1001 : Print Global Property
RUN-1001 : ---------------------------------------------------------------
RUN-1001 :        Parameters        |  Settings  |  Default Values  |  Note  
RUN-1001 : ---------------------------------------------------------------
RUN-1001 :          message         |  standard  |     standard     |        
RUN-1001 :   mixed_pack_place_flow  |     on     |        on        |        
RUN-1001 :        qor_monitor       |    off     |       off        |        
RUN-1001 :        syn_ip_flow       |    off     |       off        |        
RUN-1001 :          thread          |    auto    |       auto       |        
RUN-1001 : ---------------------------------------------------------------
RUN-1001 : Print Route Property
RUN-1001 : -------------------------------------------------------
RUN-1001 :    Parameters    |  Settings  |  Default Values  |  Note  
RUN-1001 : -------------------------------------------------------
RUN-1001 :      effort      |   medium   |      medium      |        
RUN-1001 :     fix_hold     |    off     |       off        |        
RUN-1001 :    opt_timing    |   medium   |      medium      |        
RUN-1001 :   phy_sim_model  |    off     |       off        |        
RUN-1001 :     priority     |   timing   |      timing      |        
RUN-1001 :     swap_pin     |     on     |        on        |        
RUN-1001 : -------------------------------------------------------
PHY-1001 : Route runs in 12 thread(s)
RUN-1001 : There are total 1828 instances
RUN-1001 : 895 mslices, 895 lslices, 12 pads, 11 brams, 10 dsps
RUN-1001 : There are total 4335 nets
RUN-1001 : 2990 nets have 2 pins
RUN-1001 : 1031 nets have [3 - 5] pins
RUN-1001 : 156 nets have [6 - 10] pins
RUN-1001 : 105 nets have [11 - 20] pins
RUN-1001 : 48 nets have [21 - 99] pins
RUN-1001 : 5 nets have 100+ pins
RUN-1002 : start command "start_timer -report"
TMR-5001 WARNING: No sdc constraints found while initiating timer.
TMR-2505 : Start building timing graph for model TOP.
TMR-2506 : Build timing graph completely. Port num: 12, tpin num: 15359, tnet num: 4333, tinst num: 1826, tnode num: 18744, tedge num: 28135.
TMR-2508 : Levelizing timing graph completed, there are 59 levels in total.
TMR-2501 : Timing graph initialized successfully.
PHY-1001 : 895 mslices, 895 lslices, 12 pads, 11 brams, 10 dsps
TMR-2503 : Start to update net delay, extr mode = 3.
TMR-2504 : Update delay of 4333 nets completely.
TMR-2502 : Annotate delay completely, extr mode = 3.
TMR-3002 : No user constraint, initiate default constraint.
TMR-1501 : Assign derive clock DeriveClock to 1562 clock pins, and constraint 3383 relative nodes.
TMR-3003 : Constraints initiated successfully.
TMR-3501 : Forward propagation: start to calculate arrival time...
TMR-3502 : Backward propagation: start to calculate required time...
TMR-3503 : Timing propagation completes.
PHY-1001 : Start global routing, caller is route ...
RUN-1001 : Generating global routing grids ...
PHY-1001 : Generate routing nets ...
PHY-1001 : Global iterations in 12 thread ...
PHY-1002 : len = 148704, over cnt = 476(4%), over = 859, worst = 8
PHY-1002 : len = 153112, over cnt = 246(2%), over = 360, worst = 6
PHY-1002 : len = 155224, over cnt = 135(1%), over = 192, worst = 6
PHY-1002 : len = 158056, over cnt = 5(0%), over = 5, worst = 1
PHY-1002 : len = 158376, over cnt = 0(0%), over = 0, worst = 0
PHY-1001 : End global iterations;  0.526003s wall, 0.171875s user + 0.000000s system = 0.171875s CPU (32.7%)

PHY-1001 : Congestion index: top1 = 45.49, top5 = 39.66, top10 = 36.08, top15 = 33.93.
PHY-1001 : End global routing;  0.605821s wall, 0.171875s user + 0.015625s system = 0.187500s CPU (30.9%)

PHY-1001 : Start detail routing ...
PHY-1001 : Current memory(MB): used = 337, reserve = 312, peak = 347.
PHY-1001 : Detailed router is running in normal mode.
PHY-1001 : Generate detailed routing grids ...
PHY-1001 : Generate nets ...
PHY-1001 : net clk_25m_dup_1 will be routed on clock mesh
PHY-1001 : clock net pll_inst/clk0_out will be merged with clock pll_inst/clk0_buf
PHY-1001 : net u_adc_ad7928/clk will be routed on clock mesh
PHY-1001 : Current memory(MB): used = 421, reserve = 398, peak = 421.
PHY-1001 : End build detailed router design. 1.888032s wall, 0.421875s user + 0.031250s system = 0.453125s CPU (24.0%)

PHY-1001 : Detail Route ...
PHY-1001 : ===== Detail Route Phase 1 =====
PHY-1001 : Clock net routing.....
PHY-1001 : Routed 0% nets.
PHY-1022 : len = 30904, over cnt = 0(0%), over = 0, worst = 0, crit = 0
PHY-1001 : End initial clock net routed; 0.117636s wall, 0.031250s user + 0.000000s system = 0.031250s CPU (26.6%)

PHY-1001 : Current memory(MB): used = 432, reserve = 409, peak = 432.
PHY-1001 : End phase 1; 0.119365s wall, 0.031250s user + 0.000000s system = 0.031250s CPU (26.2%)

PHY-1001 : ===== Detail Route Phase 2 =====
PHY-1001 : Initial routing.....
PHY-1001 : Routed 34% nets.
PHY-1001 : Routed 42% nets.
PHY-1001 : Routed 52% nets.
PHY-1001 : Routed 64% nets.
PHY-1001 : Routed 81% nets.
PHY-1022 : len = 383776, over cnt = 161(0%), over = 161, worst = 1, crit = 0
PHY-1001 : Current memory(MB): used = 433, reserve = 410, peak = 433.
PHY-1001 : End initial routed; 3.027555s wall, 1.343750s user + 0.015625s system = 1.359375s CPU (44.9%)

PHY-1001 : Current memory(MB): used = 433, reserve = 410, peak = 433.
PHY-1001 : End phase 2; 3.027604s wall, 1.343750s user + 0.015625s system = 1.359375s CPU (44.9%)

PHY-1001 : ===== Detail Route Phase 3 =====
PHY-1001 : Ripup-reroute.....
PHY-1001 : ===== DR Iter 1 =====
PHY-1022 : len = 380864, over cnt = 38(0%), over = 38, worst = 1, crit = 0
PHY-1001 : End DR Iter 1; 0.138126s wall, 0.046875s user + 0.000000s system = 0.046875s CPU (33.9%)

PHY-1001 : ===== DR Iter 2 =====
PHY-1022 : len = 380936, over cnt = 7(0%), over = 7, worst = 1, crit = 0
PHY-1001 : End DR Iter 2; 0.047136s wall, 0.015625s user + 0.000000s system = 0.015625s CPU (33.1%)

PHY-1001 : ===== DR Iter 3 =====
PHY-1022 : len = 381112, over cnt = 0(0%), over = 0, worst = 0, crit = 0
PHY-1001 : End DR Iter 3; 0.034283s wall, 0.000000s user + 0.000000s system = 0.000000s CPU (n/a%)

PHY-1001 : Commit to database.....
PHY-5014 WARNING: Detail route doesn't find pib for pll_inst/pll_inst.ssc_en[0]
PHY-5014 WARNING: Detail route doesn't find pib for pll_inst/pll_inst.frac_offset_valid[0]
PHY-5014 WARNING: Detail route doesn't find pib for pll_inst/pll_inst.dsm_refclk[0]
PHY-5014 WARNING: Detail route doesn't find pib for pll_inst/pll_inst.dsm_rst[0]
PHY-1001 : 18 feed throughs used by 18 nets
PHY-1001 : End commit to database; 0.678921s wall, 0.265625s user + 0.000000s system = 0.265625s CPU (39.1%)

PHY-1001 : Current memory(MB): used = 453, reserve = 430, peak = 453.
PHY-1001 : End phase 3; 0.952246s wall, 0.359375s user + 0.000000s system = 0.359375s CPU (37.7%)

PHY-1003 : Routed, final wirelength = 381112
PHY-1001 : Current memory(MB): used = 454, reserve = 431, peak = 454.
PHY-1001 : End export database. 0.010897s wall, 0.000000s user + 0.000000s system = 0.000000s CPU (n/a%)

PHY-1001 : End detail routing;  6.138705s wall, 2.187500s user + 0.062500s system = 2.250000s CPU (36.7%)

RUN-1003 : finish command "route" in  7.362789s wall, 2.562500s user + 0.093750s system = 2.656250s CPU (36.1%)

RUN-1004 : used memory is 388 MB, reserved memory is 367 MB, peak memory is 454 MB
RUN-1002 : start command "report_area -io_info -file FOC_Controller_phy.area"
RUN-1001 : standard
***Report Model: TOP Device: SF1S60CG121I***

IO Statistics
#IO                        12
  #input                    2
  #output                   9
  #inout                    1

Utilization Statistics
#lut                     3138   out of   5824   53.88%
#reg                     1313   out of   5824   22.54%
#le                      3467
  #lut only              2154   out of   3467   62.13%
  #reg only               329   out of   3467    9.49%
  #lut&reg                984   out of   3467   28.38%
#dsp                       10   out of     10  100.00%
#bram                      11   out of     26   42.31%
  #bram9k                  11
  #fifo9k                   0
#hard-ip                    0
  #mcu                      0   out of      1    0.00%
  #dsc                      0   out of      1    0.00%
  #dsi                      0   out of      2    0.00%
  #psram controller         0   out of      2    0.00%
#pad                       12   out of     55   21.82%
  #ireg                     1
  #oreg                    10
  #treg                     1
#pll                        1   out of      2   50.00%
#gclk                       1   out of     16    6.25%

Clock Resource Statistics
Index     ClockNet            Type               DriverType         Driver                     Fanout
#1        u_adc_ad7928/clk    GCLK               pll                pll_inst/pll_inst.clkc1    781
#2        clk_25m_dup_1       GeneralRouting     io                 clk_25m_syn_2.di           1


Detailed IO Report

    Name      Direction    Location    IOStandard    DriveStrength    PullType     PackReg   
  clk_25m       INPUT         D7        LVCMOS18          N/A          PULLUP       NONE     
  spi_miso      INPUT        C11        LVCMOS18          N/A          PULLUP       IREG     
  i2c_scl      OUTPUT         A4        LVCMOS18           8            NONE        OREG     
   pwm_a       OUTPUT        A10        LVCMOS18           8            NONE        OREG     
   pwm_b       OUTPUT        B10        LVCMOS18           8            NONE        OREG     
   pwm_c       OUTPUT        B11        LVCMOS18           8            NONE        OREG     
   pwm_en      OUTPUT        C10        LVCMOS18           8            NONE        OREG     
  spi_mosi     OUTPUT        E11        LVCMOS18           8            NONE        OREG     
  spi_sck      OUTPUT         G4        LVCMOS18           8            NONE        OREG     
   spi_ss      OUTPUT         H1        LVCMOS18           8            NONE        OREG     
  uart_tx      OUTPUT         L1        LVCMOS18           8            NONE        OREG     
  i2c_sda       INOUT        A11        LVCMOS18           8           PULLUP     OREG;TREG  

Report Hierarchy Area:
+----------------------------------------------------------------------------------------------+
|Instance              |Module            |le     |lut     |ripple  |seq     |bram    |dsp     |
+----------------------------------------------------------------------------------------------+
|top                   |TOP               |3467   |2212    |926     |1325    |11      |10      |
|  pll_inst            |pll               |0      |0       |0       |0       |0       |0       |
|  u_adc_ad7928        |adc_ad7928        |138    |75      |28      |70      |0       |0       |
|  u_as5600_read       |i2c_register_read |267    |168     |87      |76      |0       |0       |
|  u_foc_top           |foc_top           |2841   |1791    |793     |1031    |11      |10      |
|    u_adc_sn_ctrl     |hold_detect       |20     |16      |4       |9       |0       |0       |
|    u_cartesian2polar |cartesian2polar   |589    |473     |98      |204     |8       |0       |
|    u_clark_tr        |clark_tr          |143    |65      |42      |82      |0       |0       |
|    u_id_pi           |pi_controller     |573    |330     |207     |165     |0       |3       |
|    u_iq_pi           |pi_controller     |707    |394     |274     |199     |0       |3       |
|    u_park_tr         |park_tr           |187    |127     |44      |85      |2       |4       |
|      u_sincos        |sincos            |128    |102     |26      |58      |2       |0       |
|    u_svpwm           |svpwm             |471    |313     |95      |187     |1       |0       |
|  u_uart_monitor      |uart_monitor      |184    |169     |11      |111     |0       |0       |
+----------------------------------------------------------------------------------------------+


DataNet Average Fanout:

   Index     Fanout     Nets  
    #1          1       2976  
    #2          2       546   
    #3          3       417   
    #4          4        68   
    #5        5-10      172   
    #6        11-50     133   
    #7       51-100      4    
    #8       101-500     2    
  Average     2.37            

RUN-1002 : start command "export_db FOC_Controller_pr.db"
RUN-1001 : Exported /
RUN-1001 : Exported flow parameters
RUN-1001 : Exported libs
RUN-1001 : Exported entities
RUN-1001 : Exported ports
RUN-1001 : Exported pins
RUN-1001 : Exported instances
RUN-1001 : Exported nets
RUN-1001 : Exported buses
RUN-1001 : Exported models
RUN-1001 : Exported congestions
RUN-1001 : Exported violations
RUN-1001 : Exported IO constraints
RUN-1001 : Exported Inst constraints
RUN-1003 : finish command "export_db FOC_Controller_pr.db" in  1.092479s wall, 0.750000s user + 0.000000s system = 0.750000s CPU (68.7%)

RUN-1004 : used memory is 392 MB, reserved memory is 373 MB, peak memory is 466 MB
RUN-1002 : start command "export_bid FOC_Controller_inst.bid"
PRG-1000 : <!-- HMAC is: 7094e746a9b3a9fc3b4ed42cf74d118601410328f2312c834dddc4b70e308358 -->
RUN-1002 : start command "bitgen -bit FOC_Controller.bit"
BIT-1003 : Start to generate bitstream. 
BIT-1002 : Init instances with 12 threads.
BIT-1002 : Init instances completely, inst num: 1826
BIT-1002 : Init pips with 12 threads.
BIT-1002 : Init pips completely, net num: 4335, pip num: 33732
BIT-1002 : Init feedthrough with 12 threads.
BIT-1002 : Init feedthrough completely, num: 18
BIT-1003 : Multithreading accelaration with 12 threads.
BIT-1003 : Generate bitstream completely, there are 1059 valid insts, and 106285 bits set as '1'.
BIT-1004 : the usercode register value: 00000000010110010000000000000000
BIT-1004 : Generate bits file FOC_Controller.bit.
RUN-1003 : finish command "bitgen -bit FOC_Controller.bit" in  2.993163s wall, 21.062500s user + 0.046875s system = 21.109375s CPU (705.3%)

RUN-1004 : used memory is 406 MB, reserved memory is 385 MB, peak memory is 574 MB
RUN-1002 : start command "backup_run_log run.log ../.logs/phy_1/td_20231105_234647.log"
