============================================================
   Tang Dynasty, V5.6.71036
      Copyright (c) 2012-2023 Anlogic Inc.
   Executable = D:/Anlogic/TD5.6.2/bin/td.exe
   Built at =   20:34:38 Mar 21 2023
   Run by =     15597
   Run Date =   Wed Nov  8 20:41:44 2023

   Run on =     XR097-DELL-G7
============================================================
RUN-1002 : start command "open_project FOC_Controller.prj"
RUN-1001 : Print Global Property
RUN-1001 : ---------------------------------------------------------------
RUN-1001 :        Parameters        |  Settings  |  Default Values  |  Note  
RUN-1001 : ---------------------------------------------------------------
RUN-1001 :          message         |  standard  |     standard     |        
RUN-1001 :   mixed_pack_place_flow  |     on     |        on        |        
RUN-1001 :        qor_monitor       |    off     |       off        |        
RUN-1001 :        syn_ip_flow       |    off     |       off        |        
RUN-1001 :          thread          |    auto    |       auto       |        
RUN-1001 : ---------------------------------------------------------------
RUN-1001 : Print Design Property
RUN-1001 : --------------------------------------------------------------
RUN-1001 :        Parameters       |  Settings  |  Default Values  |  Note  
RUN-1001 : --------------------------------------------------------------
RUN-1001 :   default_reg_initial   |    auto    |       auto       |        
RUN-1001 :        infer_add        |     on     |        on        |        
RUN-1001 :        infer_fsm        |    off     |       off        |        
RUN-1001 :        infer_mult       |     on     |        on        |        
RUN-1001 :        infer_ram        |     on     |        on        |        
RUN-1001 :        infer_reg        |     on     |        on        |        
RUN-1001 :   infer_reg_init_value  |     on     |        on        |        
RUN-1001 :        infer_rom        |     on     |        on        |        
RUN-1001 :      infer_shifter      |     on     |        on        |        
RUN-1001 : --------------------------------------------------------------
RUN-1001 : Print Rtl Property
RUN-1001 : --------------------------------------------------------------
RUN-1001 :        Parameters       |  Settings  |  Default Values  |  Note  
RUN-1001 : --------------------------------------------------------------
RUN-1001 :       compress_add      |   ripple   |      ripple      |        
RUN-1001 :        elf_sload        |    off     |       off        |        
RUN-1001 :       fix_undriven      |     0      |        0         |        
RUN-1001 :         flatten         |    off     |       off        |        
RUN-1001 :       gate_sharing      |     on     |        on        |        
RUN-1001 :    hdl_warning_level    |   normal   |      normal      |        
RUN-1001 :   impl_internal_tribuf  |     on     |        on        |        
RUN-1001 :      impl_set_reset     |     on     |        on        |        
RUN-1001 :        infer_gsr        |    off     |       off        |        
RUN-1001 :      keep_hierarchy     |    auto    |       auto       |        
RUN-1001 :        max_fanout       |    9999    |       9999       |        
RUN-1001 :      max_oh2bin_len     |     10     |        10        |        
RUN-1001 :       merge_equal       |     on     |        on        |        
RUN-1001 :       merge_equiv       |     on     |        on        |        
RUN-1001 :        merge_mux        |    off     |       off        |        
RUN-1001 :     min_control_set     |     8      |        8         |        
RUN-1001 :      min_ripple_len     |    auto    |       auto       |        
RUN-1001 :       oh2bin_ratio      |    0.08    |       0.08       |        
RUN-1001 :     opt_adder_fanout    |     on     |        on        |        
RUN-1001 :        opt_arith        |     on     |        on        |        
RUN-1001 :       opt_big_gate      |    off     |       off        |        
RUN-1001 :        opt_const        |     on     |        on        |        
RUN-1001 :      opt_const_mult     |     on     |        on        |        
RUN-1001 :       opt_lessthan      |     on     |        on        |        
RUN-1001 :         opt_mux         |    off     |       off        |        
RUN-1001 :         opt_ram         |    high    |       high       |        
RUN-1001 :      rtl_sim_model      |    off     |       off        |        
RUN-1001 :         seq_syn         |     on     |        on        |        
RUN-1001 : --------------------------------------------------------------
HDL-1007 : analyze verilog file ../../al_ip/pll.v
HDL-1007 : undeclared symbol 'open', assumed default net type 'wire' in ../../al_ip/pll.v(88)
HDL-1007 : analyze verilog file ../../RTL/adc_ad7928.v
HDL-1007 : analyze verilog file ../../RTL/foc/cartesian2polar.v
HDL-1007 : analyze verilog file ../../RTL/foc/clark_tr.v
HDL-1007 : analyze verilog file ../../RTL/foc/foc_top.v
HDL-1007 : analyze verilog file ../../RTL/foc/hold_detect.v
HDL-1007 : analyze verilog file ../../RTL/foc/park_tr.v
HDL-1007 : analyze verilog file ../../RTL/foc/pi_controller.v
HDL-1007 : analyze verilog file ../../RTL/foc/sincos.v
HDL-1007 : analyze verilog file ../../RTL/foc/svpwm.v
HDL-1007 : analyze verilog file ../../RTL/fpga_top.v
HDL-1007 : analyze verilog file ../../RTL/i2c_register_read.v
HDL-1007 : analyze verilog file ../../RTL/uart_monitor.v
HDL-1007 : analyze verilog file ../../hall_sensor.v
HDL-1007 : analyze verilog file ../../TOP_test.v
HDL-1007 : undeclared symbol 'S_id_aim', assumed default net type 'wire' in ../../TOP_test.v(132)
HDL-1007 : undeclared symbol 'S_iq_aim', assumed default net type 'wire' in ../../TOP_test.v(134)
HDL-1007 : analyze verilog file ../../AS5600_sensor.v
RUN-1001 : Project manager successfully analyzed 16 source files.
RUN-1002 : start command "import_device sf1_6.db -package SF1S60CG121I"
ARC-1001 : Device Initialization.
ARC-1001 : -------------------------------------------------
ARC-1001 :       OPTION       |      IO       |   SETTING   
ARC-1001 : -------------------------------------------------
ARC-1001 :        done        |      B4       |    gpio    
ARC-1001 :        initn       |      A5       |    gpio    
ARC-1001 :       jtagen       |      B7       |    gpio    
ARC-1001 :      programn      |      B5       |  dedicate  
ARC-1001 :   tdi/tms/tck/tdo  |  C4/A6/A7/C5  |  dedicate  
ARC-1001 : -------------------------------------------------
ARC-1004 : Device setting, marked 5 dedicate IOs in total.
RUN-1002 : start command "import_db ../syn_1/FOC_Controller_gate.db"
RUN-1001 : Importing database generated by Tang Dynasty, V5.6.71036.
RUN-1001 : Database version number 46146.
RUN-1001 : Import flow parameters
RUN-1001 : Import IO constraints
RUN-1001 : Import Inst constraints
RUN-1001 : Import design success TD_VERSION=5.6.71036 , DB_VERSION=46146
RUN-1003 : finish command "import_db ../syn_1/FOC_Controller_gate.db" in  1.115999s wall, 0.578125s user + 0.046875s system = 0.625000s CPU (56.0%)

RUN-1004 : used memory is 228 MB, reserved memory is 203 MB, peak memory is 232 MB
RUN-1002 : start command "place"
RUN-1001 : Open license file D:/Anlogic/TD5.6.2/license/Anlogic.lic
RUN-1001 : Print Global Property
RUN-1001 : ---------------------------------------------------------------
RUN-1001 :        Parameters        |  Settings  |  Default Values  |  Note  
RUN-1001 : ---------------------------------------------------------------
RUN-1001 :          message         |  standard  |     standard     |        
RUN-1001 :   mixed_pack_place_flow  |     on     |        on        |        
RUN-1001 :        qor_monitor       |    off     |       off        |        
RUN-1001 :        syn_ip_flow       |    off     |       off        |        
RUN-1001 :          thread          |    auto    |       auto       |        
RUN-1001 : ---------------------------------------------------------------
RUN-1001 : Print Place Property
RUN-1001 : --------------------------------------------------------------
RUN-1001 :        Parameters       |  Settings  |  Default Values  |  Note  
RUN-1001 : --------------------------------------------------------------
RUN-1001 :      detailed_place     |     on     |        on        |        
RUN-1001 :          effort         |   medium   |      medium      |        
RUN-1001 :         fix_hold        |    off     |       off        |        
RUN-1001 :       legalization      |    ori     |       ori        |        
RUN-1001 :      new_spreading      |     on     |        on        |        
RUN-1001 :        opt_timing       |   medium   |      medium      |        
RUN-1001 :   post_clock_route_opt  |    off     |       off        |        
RUN-1001 :       pr_strategy       |     1      |        1         |        
RUN-1001 :        relaxation       |    1.00    |       1.00       |        
RUN-1001 :         retiming        |    off     |       off        |        
RUN-1001 : --------------------------------------------------------------
PHY-3001 : Placer runs in 12 thread(s).
RUN-1002 : start command "legalize_phy_inst"
SYN-1011 : Flatten model TOP_test
RUN-1002 : start command "phys_opt -simplify_lut"
SYN-4016 : Net u_pll/clk0_out driven by BUFG (0 clock/control pins, 1 other pins).
SYN-4027 : Net u_foc_controller/u_adc_ad7928/clk is clkc1 of pll u_pll/pll_inst.
SYN-4019 : Net I_clk_25m_dup_1 is refclk of pll u_pll/pll_inst.
SYN-4020 : Net I_clk_25m_dup_1 is fbclk of pll u_pll/pll_inst.
SYN-4024 : Net "u_foc_controller/u_foc_top/init_done" drives clk pins.
SYN-4025 : Tag rtl::Net I_clk_25m_dup_1 as clock net
SYN-4025 : Tag rtl::Net u_foc_controller/u_adc_ad7928/clk as clock net
SYN-4025 : Tag rtl::Net u_foc_controller/u_foc_top/init_done as clock net
SYN-4025 : Tag rtl::Net u_pll/clk0_out as clock net
SYN-4026 : Tagged 4 rtl::Net as clock net
SYN-4015 : Create BUFG instance for clk Net u_foc_controller/u_foc_top/init_done to drive 12 clock pins.
PHY-1001 : Populate physical database on model TOP_test.
RUN-1001 : There are total 3603 instances
RUN-0007 : 1294 luts, 1309 seqs, 617 mslices, 338 lslices, 18 pads, 11 brams, 10 dsps
RUN-1001 : There are total 5039 nets
RUN-1001 : 3594 nets have 2 pins
RUN-1001 : 1134 nets have [3 - 5] pins
RUN-1001 : 138 nets have [6 - 10] pins
RUN-1001 : 115 nets have [11 - 20] pins
RUN-1001 : 51 nets have [21 - 99] pins
RUN-1001 : 7 nets have 100+ pins
RUN-1001 : Report Control nets information:
RUN-1001 : DFF Distribution
RUN-1001 : ----------------------------------
RUN-1001 :   CE   |  SSR  |  ASR  |  DFF Count  
RUN-1001 : ----------------------------------
RUN-1001 :   No   |  No   |  No   |     40      
RUN-1001 :   No   |  No   |  Yes  |     438     
RUN-1001 :   No   |  Yes  |  No   |      9      
RUN-1001 :   Yes  |  No   |  No   |      0      
RUN-1001 :   Yes  |  No   |  Yes  |     822     
RUN-1001 :   Yes  |  Yes  |  No   |      0      
RUN-1001 : ----------------------------------
RUN-0007 : Control Group Statistic
RUN-0007 : ---------------------------
RUN-0007 :   #CLK  |  #CE  |  #SSR/ASR  
RUN-0007 : ---------------------------
RUN-0007 :    2    |  30   |     4      
RUN-0007 : ---------------------------
RUN-0007 : Control Set = 34
PHY-3001 : Initial placement ...
PHY-3001 : design contains 3601 instances, 1294 luts, 1309 seqs, 955 slices, 127 macros(955 instances: 617 mslices 338 lslices)
PHY-0007 : Cell area utilization is 55%
PHY-3001 : Global placement ...
PHY-3001 : Initial: Len = 660861
PHY-3001 : Run with size of 3
PHY-3001 : Cell area utilization is 55%
PHY-3001 : :::0::: Try harder cell spreading with beta_ = 0
PHY-3002 : Step(1): len = 424127, overlap = 99.2812
PHY-3002 : Step(2): len = 398348, overlap = 116.156
PHY-3002 : Step(3): len = 254155, overlap = 131.938
PHY-3002 : Step(4): len = 235022, overlap = 138.125
PHY-3002 : Step(5): len = 219680, overlap = 151.781
PHY-3002 : Step(6): len = 176578, overlap = 156.844
PHY-3002 : Step(7): len = 169582, overlap = 156.062
PHY-3002 : Step(8): len = 155639, overlap = 172.719
PHY-3002 : Step(9): len = 143736, overlap = 183.812
PHY-3002 : Step(10): len = 130695, overlap = 207.125
PHY-3002 : Step(11): len = 113753, overlap = 232
PHY-3002 : Step(12): len = 101731, overlap = 226.969
PHY-3002 : Step(13): len = 97756.8, overlap = 227.688
PHY-3002 : Step(14): len = 92695.3, overlap = 236.344
PHY-3001 : :::1::: Try harder cell spreading with beta_ = 9.98694e-06
PHY-3002 : Step(15): len = 97880, overlap = 214.781
PHY-3002 : Step(16): len = 100586, overlap = 203.906
PHY-3002 : Step(17): len = 96237, overlap = 186.375
PHY-3002 : Step(18): len = 99806.1, overlap = 182.656
PHY-3002 : Step(19): len = 103414, overlap = 147.188
PHY-3002 : Step(20): len = 102326, overlap = 124.031
PHY-3002 : Step(21): len = 100725, overlap = 127.938
PHY-3002 : Step(22): len = 99740.7, overlap = 121
PHY-3002 : Step(23): len = 100154, overlap = 116.375
PHY-3002 : Step(24): len = 97231.5, overlap = 123
PHY-3002 : Step(25): len = 97173.6, overlap = 114.281
PHY-3002 : Step(26): len = 94413.6, overlap = 114.969
PHY-3002 : Step(27): len = 93608.4, overlap = 119.969
PHY-3002 : Step(28): len = 91014.5, overlap = 120.688
PHY-3002 : Step(29): len = 89690.4, overlap = 120.5
PHY-3002 : Step(30): len = 88543.6, overlap = 117.281
PHY-3002 : Step(31): len = 86323, overlap = 113.406
PHY-3002 : Step(32): len = 84866.6, overlap = 118.125
PHY-3002 : Step(33): len = 84449.7, overlap = 120.844
PHY-3002 : Step(34): len = 84198.1, overlap = 118.188
PHY-3002 : Step(35): len = 82276.2, overlap = 126.375
PHY-3002 : Step(36): len = 81113.6, overlap = 122.781
PHY-3002 : Step(37): len = 80179.9, overlap = 124.938
PHY-3002 : Step(38): len = 80168.7, overlap = 123.375
PHY-3002 : Step(39): len = 80765.1, overlap = 122.625
PHY-3002 : Step(40): len = 79344.4, overlap = 123.281
PHY-3002 : Step(41): len = 79268.7, overlap = 116.844
PHY-3002 : Step(42): len = 79492, overlap = 121.375
PHY-3001 : :::2::: Try harder cell spreading with beta_ = 1.99739e-05
PHY-3002 : Step(43): len = 80042.6, overlap = 123.125
PHY-3002 : Step(44): len = 80143.9, overlap = 123.281
PHY-3002 : Step(45): len = 80490.8, overlap = 116.781
PHY-3002 : Step(46): len = 80621.6, overlap = 116.219
PHY-3002 : Step(47): len = 80827.3, overlap = 117.406
PHY-3001 : :::3::: Try harder cell spreading with beta_ = 3.74405e-05
PHY-3002 : Step(48): len = 83391.8, overlap = 105.219
PHY-3002 : Step(49): len = 83729.3, overlap = 105.125
PHY-3002 : Step(50): len = 84772.3, overlap = 105.938
PHY-3002 : Step(51): len = 85111, overlap = 102.938
PHY-3002 : Step(52): len = 86762.3, overlap = 95.0938
PHY-3002 : Step(53): len = 88170.6, overlap = 105.562
PHY-3002 : Step(54): len = 89856.2, overlap = 103.375
PHY-3002 : Step(55): len = 91143.5, overlap = 107.656
PHY-3002 : Step(56): len = 92181.7, overlap = 93.9375
PHY-3002 : Step(57): len = 92613, overlap = 84.5938
PHY-3002 : Step(58): len = 92605.6, overlap = 83.9375
PHY-3001 : :::4::: Try harder cell spreading with beta_ = 7.4881e-05
PHY-3002 : Step(59): len = 92978.3, overlap = 82.1562
PHY-3002 : Step(60): len = 93354.1, overlap = 81.5625
PHY-3002 : Step(61): len = 95047.7, overlap = 78.8125
PHY-3001 : Legalization ...
PHY-3001 : End legalization;  0.019569s wall, 0.000000s user + 0.000000s system = 0.000000s CPU (n/a%)

PHY-3001 : Run with size of 3
PHY-3001 : Cell area utilization is 61%
PHY-3001 : Analyzing congestion ...
RUN-1001 : Generating global routing grids ...
RUN-1001 : Building simple global routing graph ...
PHY-1001 : Generate routing nets ...
PHY-1001 : Reuse net number 0/5039.
PHY-1001 : Global iterations in 12 thread ...
PHY-1002 : len = 126848, over cnt = 618(5%), over = 3485, worst = 46
PHY-1001 : End global iterations;  0.242130s wall, 0.093750s user + 0.000000s system = 0.093750s CPU (38.7%)

PHY-1001 : Congestion index: top1 = 88.75, top5 = 68.27, top10 = 57.55, top15 = 50.13.
PHY-3001 : End congestion estimation;  0.298067s wall, 0.109375s user + 0.000000s system = 0.109375s CPU (36.7%)

PHY-3001 : Update density targets...
PHY-3001 : Update congestion history...
PHY-3001 : :::0::: Try harder cell spreading with beta_ = 3.23199e-06
PHY-3002 : Step(62): len = 105840, overlap = 123.031
PHY-3002 : Step(63): len = 106240, overlap = 116.5
PHY-3002 : Step(64): len = 99327.6, overlap = 126.281
PHY-3002 : Step(65): len = 100021, overlap = 135.344
PHY-3002 : Step(66): len = 95919.8, overlap = 155.219
PHY-3002 : Step(67): len = 90077.6, overlap = 168.812
PHY-3002 : Step(68): len = 84003.5, overlap = 187.75
PHY-3002 : Step(69): len = 83322.4, overlap = 194.125
PHY-3002 : Step(70): len = 82819.6, overlap = 198.969
PHY-3002 : Step(71): len = 81725.9, overlap = 204.031
PHY-3002 : Step(72): len = 80372.5, overlap = 207.125
PHY-3002 : Step(73): len = 80641.5, overlap = 207.062
PHY-3002 : Step(74): len = 81006.9, overlap = 211.719
PHY-3002 : Step(75): len = 81670.4, overlap = 207.688
PHY-3002 : Step(76): len = 80037.4, overlap = 191.938
PHY-3002 : Step(77): len = 80248.7, overlap = 189.562
PHY-3002 : Step(78): len = 79393.7, overlap = 186.125
PHY-3001 : :::1::: Try harder cell spreading with beta_ = 6.46397e-06
PHY-3002 : Step(79): len = 81418.1, overlap = 179.75
PHY-3002 : Step(80): len = 83229.5, overlap = 180
PHY-3002 : Step(81): len = 86215.8, overlap = 179.875
PHY-3002 : Step(82): len = 88141.3, overlap = 169.188
PHY-3002 : Step(83): len = 86979.3, overlap = 157.344
PHY-3002 : Step(84): len = 86695.9, overlap = 135.094
PHY-3002 : Step(85): len = 86977.1, overlap = 127.156
PHY-3002 : Step(86): len = 87222.9, overlap = 124.25
PHY-3002 : Step(87): len = 86758.3, overlap = 137.625
PHY-3001 : :::2::: Try harder cell spreading with beta_ = 1.29279e-05
PHY-3002 : Step(88): len = 88901.6, overlap = 127.875
PHY-3002 : Step(89): len = 89766.5, overlap = 117.969
PHY-3002 : Step(90): len = 91173.2, overlap = 112.219
PHY-3001 : :::3::: Try harder cell spreading with beta_ = 2.58559e-05
PHY-3002 : Step(91): len = 95489.5, overlap = 97.0938
PHY-3002 : Step(92): len = 100054, overlap = 99.1562
PHY-3002 : Step(93): len = 100936, overlap = 90.5938
PHY-3002 : Step(94): len = 100418, overlap = 88.9375
PHY-3002 : Step(95): len = 100637, overlap = 83.9062
PHY-3002 : Step(96): len = 99457.8, overlap = 84.3438
PHY-3002 : Step(97): len = 98988.5, overlap = 84.0938
PHY-3002 : Step(98): len = 97861.6, overlap = 79.2812
PHY-3001 : :::4::: Try harder cell spreading with beta_ = 5.17118e-05
PHY-3002 : Step(99): len = 103945, overlap = 62.0312
PHY-3002 : Step(100): len = 103945, overlap = 62.0312
PHY-3002 : Step(101): len = 103165, overlap = 54.875
PHY-3002 : Step(102): len = 103282, overlap = 54.5625
PHY-3002 : Step(103): len = 105643, overlap = 50.375
PHY-3002 : Step(104): len = 106374, overlap = 58.5312
PHY-3002 : Step(105): len = 106812, overlap = 54.4688
PHY-3002 : Step(106): len = 107118, overlap = 50.1875
PHY-3002 : Step(107): len = 107193, overlap = 56.375
PHY-3001 : :::5::: Try harder cell spreading with beta_ = 0.000103424
PHY-3002 : Step(108): len = 109514, overlap = 47.75
PHY-3002 : Step(109): len = 111419, overlap = 48.6562
PHY-3002 : Step(110): len = 113788, overlap = 45.7188
PHY-3002 : Step(111): len = 114951, overlap = 44.3125
PHY-3002 : Step(112): len = 115108, overlap = 45.6875
PHY-3002 : Step(113): len = 114456, overlap = 48.1562
PHY-3002 : Step(114): len = 113095, overlap = 47.2812
PHY-3002 : Step(115): len = 112118, overlap = 45.5625
PHY-3001 : :::6::: Try harder cell spreading with beta_ = 0.000206847
PHY-3002 : Step(116): len = 113588, overlap = 44.5
PHY-3002 : Step(117): len = 114257, overlap = 44.6875
PHY-3002 : Step(118): len = 115050, overlap = 42.7188
PHY-3002 : Step(119): len = 115719, overlap = 42.5
PHY-3002 : Step(120): len = 116886, overlap = 41.25
PHY-3001 : :::7::: Try harder cell spreading with beta_ = 0.000413694
PHY-3002 : Step(121): len = 117746, overlap = 41.8125
PHY-3002 : Step(122): len = 118029, overlap = 42.2188
PHY-3002 : Step(123): len = 119690, overlap = 40.625
PHY-3002 : Step(124): len = 122029, overlap = 36.9062
PHY-3002 : Step(125): len = 124233, overlap = 36.4688
PHY-3002 : Step(126): len = 123304, overlap = 35.125
PHY-3002 : Step(127): len = 122532, overlap = 32.5312
PHY-3002 : Step(128): len = 122054, overlap = 31.7188
PHY-3002 : Step(129): len = 121950, overlap = 30.5312
PHY-3002 : Step(130): len = 121650, overlap = 29.5312
PHY-3002 : Step(131): len = 120712, overlap = 31.2812
PHY-3002 : Step(132): len = 119999, overlap = 32.3438
PHY-3002 : Step(133): len = 119798, overlap = 32.125
PHY-3001 : :::8::: Try harder cell spreading with beta_ = 0.000827388
PHY-3002 : Step(134): len = 120447, overlap = 34.8125
PHY-3002 : Step(135): len = 120851, overlap = 34.875
PHY-3002 : Step(136): len = 121476, overlap = 35.0625
PHY-3001 : Run with size of 1
PHY-3001 : Cell area utilization is 61%
PHY-3001 : Analyzing congestion ...
RUN-1001 : Generating global routing grids ...
PHY-1001 : Generate routing nets ...
PHY-1001 : Reuse net number 5/5039.
PHY-1001 : Global iterations in 12 thread ...
PHY-1002 : len = 136296, over cnt = 625(5%), over = 3049, worst = 30
PHY-1001 : End global iterations;  0.237729s wall, 0.109375s user + 0.000000s system = 0.109375s CPU (46.0%)

PHY-1001 : Congestion index: top1 = 72.85, top5 = 53.71, top10 = 45.97, top15 = 41.39.
PHY-3001 : End congestion estimation;  0.295802s wall, 0.156250s user + 0.000000s system = 0.156250s CPU (52.8%)

PHY-3001 : Update density targets...
PHY-3001 : Update congestion history...
PHY-3001 : :::0::: Try harder cell spreading with beta_ = 5.2546e-05
PHY-3002 : Step(137): len = 123343, overlap = 176
PHY-3002 : Step(138): len = 124463, overlap = 151.75
PHY-3002 : Step(139): len = 118206, overlap = 175.625
PHY-3002 : Step(140): len = 117576, overlap = 173.781
PHY-3002 : Step(141): len = 115686, overlap = 155.375
PHY-3002 : Step(142): len = 112297, overlap = 153.562
PHY-3002 : Step(143): len = 110571, overlap = 174.031
PHY-3002 : Step(144): len = 107886, overlap = 158.094
PHY-3002 : Step(145): len = 104352, overlap = 156.75
PHY-3002 : Step(146): len = 102496, overlap = 145.906
PHY-3002 : Step(147): len = 101325, overlap = 163.375
PHY-3002 : Step(148): len = 101223, overlap = 173.031
PHY-3002 : Step(149): len = 100647, overlap = 172.562
PHY-3002 : Step(150): len = 98905.5, overlap = 166.562
PHY-3002 : Step(151): len = 98509.4, overlap = 159.781
PHY-3002 : Step(152): len = 98357.5, overlap = 159.594
PHY-3002 : Step(153): len = 97311.5, overlap = 154.5
PHY-3002 : Step(154): len = 96924.1, overlap = 156.875
PHY-3002 : Step(155): len = 95521, overlap = 166.344
PHY-3002 : Step(156): len = 95521, overlap = 166.344
PHY-3002 : Step(157): len = 95551.9, overlap = 166.344
PHY-3001 : :::1::: Try harder cell spreading with beta_ = 0.000105092
PHY-3002 : Step(158): len = 98156.8, overlap = 156.25
PHY-3002 : Step(159): len = 98760.9, overlap = 155.156
PHY-3002 : Step(160): len = 99796.6, overlap = 153.656
PHY-3002 : Step(161): len = 100208, overlap = 156.125
PHY-3002 : Step(162): len = 100640, overlap = 148.188
PHY-3001 : :::2::: Try harder cell spreading with beta_ = 0.000210184
PHY-3002 : Step(163): len = 102150, overlap = 140.656
PHY-3002 : Step(164): len = 102751, overlap = 141.594
PHY-3002 : Step(165): len = 104025, overlap = 132.219
PHY-3001 : :::3::: Try harder cell spreading with beta_ = 0.000340078
PHY-3002 : Step(166): len = 104125, overlap = 131.156
PHY-3002 : Step(167): len = 106419, overlap = 127.469
PHY-3002 : Step(168): len = 109424, overlap = 114.344
PHY-3002 : Step(169): len = 110269, overlap = 123.406
PHY-3002 : Step(170): len = 110250, overlap = 123.969
PHY-3002 : Step(171): len = 109976, overlap = 121.656
PHY-3002 : Step(172): len = 109731, overlap = 117.531
PHY-3002 : Step(173): len = 109794, overlap = 119.344
PHY-3002 : Step(174): len = 110179, overlap = 117.969
PHY-3001 : :::4::: Try harder cell spreading with beta_ = 0.000588972
PHY-3002 : Step(175): len = 110657, overlap = 116.812
PHY-3002 : Step(176): len = 111762, overlap = 114.5
PHY-3002 : Step(177): len = 112836, overlap = 116.219
PHY-3002 : Step(178): len = 114389, overlap = 106.438
PHY-3002 : Step(179): len = 115949, overlap = 96.8438
PHY-3002 : Step(180): len = 117318, overlap = 99.1875
PHY-3002 : Step(181): len = 117886, overlap = 97.2812
PHY-3002 : Step(182): len = 117552, overlap = 98.0625
PHY-3002 : Step(183): len = 117213, overlap = 96.8125
PHY-3002 : Step(184): len = 116998, overlap = 94.2812
PHY-3001 : :::5::: Try harder cell spreading with beta_ = 0.00102661
PHY-3002 : Step(185): len = 117344, overlap = 94.25
PHY-3002 : Step(186): len = 118059, overlap = 93.5
OPT-1001 : Start physical optimization ...
OPT-1001 : Total overflow 93.50 peak overflow 1.38
OPT-1001 : Start high-fanout net optimization ...
OPT-1001 : Update timing in global mode
PHY-1001 : Start incremental global routing, caller is place ...
RUN-1001 : Generating global routing grids ...
PHY-1001 : Generate routing nets ...
PHY-1001 : Reuse net number 134/5039.
PHY-1001 : Global iterations in 12 thread ...
PHY-1002 : len = 135672, over cnt = 707(6%), over = 2609, worst = 20
PHY-1001 : End global iterations;  0.281787s wall, 0.140625s user + 0.000000s system = 0.140625s CPU (49.9%)

PHY-1001 : Congestion index: top1 = 62.57, top5 = 50.12, top10 = 43.82, top15 = 40.18.
PHY-1001 : End incremental global routing;  0.332839s wall, 0.171875s user + 0.000000s system = 0.171875s CPU (51.6%)

RUN-1002 : start command "start_timer -report"
TMR-5001 WARNING: No sdc constraints found while initiating timer.
TMR-2505 : Start building timing graph for model TOP_test.
TMR-2506 : Build timing graph completely. Port num: 18, tpin num: 18338, tnet num: 5037, tinst num: 3601, tnode num: 23215, tedge num: 32023.
TMR-2508 : Levelizing timing graph completed, there are 61 levels in total.
TMR-2501 : Timing graph initialized successfully.
OPT-1001 : End timing update;  0.420443s wall, 0.203125s user + 0.000000s system = 0.203125s CPU (48.3%)

OPT-1001 : 0 high-fanout net processed.
OPT-1001 : End high-fanout net optimization;  0.828122s wall, 0.390625s user + 0.000000s system = 0.390625s CPU (47.2%)

OPT-1001 : Current memory(MB): used = 300, reserve = 276, peak = 300.
OPT-1001 : End physical optimization;  0.863189s wall, 0.406250s user + 0.015625s system = 0.421875s CPU (48.9%)

PHY-3001 : Start packing ...
SYN-4007 : Packing 0 MUX to BLE ...
SYN-4008 : Packed 0 MUX and 0 SEQ to BLE.
SYN-4007 : Packing 1294 LUT to BLE ...
SYN-4008 : Packed 1294 LUT and 711 SEQ to BLE.
SYN-4003 : Packing 598 remaining SEQ's ...
SYN-4005 : Packed 230 SEQ with LUT/SLICE
SYN-4006 : 451 single LUT's are left
SYN-4006 : 368 single SEQ's are left
SYN-4011 : Packing model "TOP_test" (AL_USER_NORMAL) with 1662/2662 primitive instances ...
PHY-3001 : End packing;  0.150489s wall, 0.078125s user + 0.000000s system = 0.078125s CPU (51.9%)

PHY-1001 : Populate physical database on model TOP_test.
RUN-1001 : There are total 1887 instances
RUN-1001 : 921 mslices, 921 lslices, 18 pads, 11 brams, 10 dsps
RUN-1001 : There are total 4401 nets
RUN-1001 : 3023 nets have 2 pins
RUN-1001 : 1065 nets have [3 - 5] pins
RUN-1001 : 153 nets have [6 - 10] pins
RUN-1001 : 107 nets have [11 - 20] pins
RUN-1001 : 48 nets have [21 - 99] pins
RUN-1001 : 5 nets have 100+ pins
PHY-3001 : design contains 1885 instances, 1842 slices, 127 macros(955 instances: 617 mslices 338 lslices)
PHY-3001 : Cell area utilization is 69%
PHY-3001 : After packing: Len = 117874, Over = 142.5
PHY-3001 : Run with size of 1
PHY-3001 : Cell area utilization is 69%
PHY-3001 : Analyzing congestion ...
RUN-1001 : Generating global routing grids ...
PHY-1001 : Generate routing nets ...
PHY-1001 : Reuse net number 2701/4401.
PHY-1001 : Global iterations in 12 thread ...
PHY-1002 : len = 136680, over cnt = 585(5%), over = 1665, worst = 18
PHY-1002 : len = 146080, over cnt = 304(2%), over = 532, worst = 12
PHY-1002 : len = 148968, over cnt = 142(1%), over = 245, worst = 7
PHY-1002 : len = 152208, over cnt = 3(0%), over = 3, worst = 1
PHY-1002 : len = 152384, over cnt = 0(0%), over = 0, worst = 0
PHY-1001 : End global iterations;  0.433756s wall, 0.171875s user + 0.000000s system = 0.171875s CPU (39.6%)

PHY-1001 : Congestion index: top1 = 50.83, top5 = 43.78, top10 = 39.81, top15 = 37.39.
PHY-3001 : End congestion estimation;  0.492327s wall, 0.203125s user + 0.000000s system = 0.203125s CPU (41.3%)

PHY-3001 : Update density targets...
PHY-3001 : Update congestion history...
PHY-3001 : :::0::: Try harder cell spreading with beta_ = 2.4854e-05
PHY-3002 : Step(187): len = 105411, overlap = 150.25
PHY-3002 : Step(188): len = 104052, overlap = 151.5
PHY-3002 : Step(189): len = 102365, overlap = 156
PHY-3002 : Step(190): len = 100620, overlap = 154.75
PHY-3002 : Step(191): len = 98672.4, overlap = 157.75
PHY-3002 : Step(192): len = 96587.1, overlap = 157.5
PHY-3002 : Step(193): len = 95315.2, overlap = 157.5
PHY-3002 : Step(194): len = 95193.3, overlap = 157
PHY-3002 : Step(195): len = 94540.7, overlap = 160.5
PHY-3002 : Step(196): len = 94158.2, overlap = 175.5
PHY-3002 : Step(197): len = 94022, overlap = 177.5
PHY-3001 : :::1::: Try harder cell spreading with beta_ = 4.97079e-05
PHY-3002 : Step(198): len = 97042.8, overlap = 154.75
PHY-3002 : Step(199): len = 98214.9, overlap = 153
PHY-3002 : Step(200): len = 100630, overlap = 149.5
PHY-3001 : :::2::: Try harder cell spreading with beta_ = 9.94159e-05
PHY-3002 : Step(201): len = 103014, overlap = 144.25
PHY-3002 : Step(202): len = 104153, overlap = 136.25
PHY-3002 : Step(203): len = 107609, overlap = 129.75
PHY-3002 : Step(204): len = 109984, overlap = 125.25
PHY-3002 : Step(205): len = 111421, overlap = 122.25
PHY-3002 : Step(206): len = 111991, overlap = 115
PHY-3002 : Step(207): len = 112226, overlap = 108.75
PHY-3002 : Step(208): len = 112465, overlap = 112.25
PHY-3002 : Step(209): len = 112758, overlap = 116.5
PHY-3001 : :::3::: Try harder cell spreading with beta_ = 0.00018643
PHY-3002 : Step(210): len = 114952, overlap = 115.5
PHY-3002 : Step(211): len = 116733, overlap = 111.5
PHY-3002 : Step(212): len = 117870, overlap = 109.75
PHY-3001 : :::4::: Try harder cell spreading with beta_ = 0.00037286
PHY-3002 : Step(213): len = 118199, overlap = 108.5
PHY-3002 : Step(214): len = 119537, overlap = 105.25
PHY-3002 : Step(215): len = 121603, overlap = 105.75
PHY-3002 : Step(216): len = 122701, overlap = 108.25
PHY-3002 : Step(217): len = 122885, overlap = 108.25
PHY-3002 : Step(218): len = 123154, overlap = 104.75
PHY-3002 : Step(219): len = 123511, overlap = 104
PHY-3002 : Step(220): len = 123910, overlap = 101
PHY-3002 : Step(221): len = 124441, overlap = 101.75
PHY-3002 : Step(222): len = 124870, overlap = 100.25
PHY-3002 : Step(223): len = 125112, overlap = 98.25
PHY-3002 : Step(224): len = 125336, overlap = 99
PHY-3002 : Step(225): len = 125516, overlap = 97.25
PHY-3001 : :::5::: Try harder cell spreading with beta_ = 0.000677499
PHY-3002 : Step(226): len = 126270, overlap = 96.25
PHY-3002 : Step(227): len = 127367, overlap = 95.5
PHY-3002 : Step(228): len = 127827, overlap = 96.25
PHY-3002 : Step(229): len = 127762, overlap = 94.5
PHY-3002 : Step(230): len = 127812, overlap = 94.25
PHY-3002 : Step(231): len = 128036, overlap = 94
PHY-3001 : Legalization ...
PHY-3001 : End legalization;  0.571609s wall, 0.093750s user + 0.125000s system = 0.218750s CPU (38.3%)

PHY-3001 : Trial Legalized: Len = 135036
PHY-3001 : Run with size of 1
PHY-3001 : Cell area utilization is 67%
PHY-3001 : Analyzing congestion ...
RUN-1001 : Generating global routing grids ...
PHY-1001 : Generate routing nets ...
PHY-1001 : Reuse net number 237/4401.
PHY-1001 : Global iterations in 12 thread ...
PHY-1002 : len = 158912, over cnt = 483(4%), over = 827, worst = 9
PHY-1002 : len = 162624, over cnt = 232(2%), over = 332, worst = 6
PHY-1002 : len = 165760, over cnt = 65(0%), over = 79, worst = 4
PHY-1002 : len = 167128, over cnt = 7(0%), over = 7, worst = 1
PHY-1002 : len = 167480, over cnt = 0(0%), over = 0, worst = 0
PHY-1001 : End global iterations;  0.527467s wall, 0.218750s user + 0.000000s system = 0.218750s CPU (41.5%)

PHY-1001 : Congestion index: top1 = 45.42, top5 = 39.39, top10 = 36.08, top15 = 34.13.
PHY-3001 : End congestion estimation;  0.594117s wall, 0.234375s user + 0.000000s system = 0.234375s CPU (39.4%)

PHY-3001 : Update density targets...
PHY-3001 : Update congestion history...
PHY-3001 : :::0::: Try harder cell spreading with beta_ = 6.55564e-05
PHY-3002 : Step(232): len = 126202, overlap = 50.5
PHY-3002 : Step(233): len = 123471, overlap = 65.25
PHY-3002 : Step(234): len = 123537, overlap = 66.5
PHY-3002 : Step(235): len = 123718, overlap = 63.25
PHY-3002 : Step(236): len = 123594, overlap = 56.5
PHY-3001 : :::1::: Try harder cell spreading with beta_ = 0.000131113
PHY-3002 : Step(237): len = 125037, overlap = 49
PHY-3002 : Step(238): len = 125523, overlap = 46.5
PHY-3002 : Step(239): len = 126179, overlap = 43.25
PHY-3001 : :::2::: Try harder cell spreading with beta_ = 0.000262226
PHY-3002 : Step(240): len = 126908, overlap = 43.5
PHY-3002 : Step(241): len = 127176, overlap = 43.75
PHY-3002 : Step(242): len = 127640, overlap = 41.5
PHY-3001 : Legalization ...
PHY-3001 : End legalization;  0.005495s wall, 0.000000s user + 0.000000s system = 0.000000s CPU (n/a%)

PHY-3001 : Legalized: Len = 128975, Over = 0
PHY-3001 : Spreading special nets. 1 overflows in 930 tiles.
PHY-3001 : End spreading;  0.008824s wall, 0.000000s user + 0.000000s system = 0.000000s CPU (n/a%)

PHY-3001 : 1 instances has been re-located, deltaX = 1, deltaY = 0, maxDist = 1.
PHY-3001 : Final: Len = 128999, Over = 0
RUN-1003 : finish command "place" in  10.825483s wall, 3.843750s user + 0.734375s system = 4.578125s CPU (42.3%)

RUN-1004 : used memory is 284 MB, reserved memory is 259 MB, peak memory is 301 MB
RUN-1002 : start command "export_db FOC_Controller_place.db"
RUN-1001 : Exported /
RUN-1001 : Exported flow parameters
RUN-1001 : Exported libs
RUN-1001 : Exported entities
RUN-1001 : Exported ports
RUN-1001 : Exported pins
RUN-1001 : Exported instances
RUN-1001 : Exported nets
RUN-1001 : Exported buses
RUN-1001 : Exported models
RUN-1001 : Exported congestions
RUN-1001 : Exported violations
RUN-1001 : Exported IO constraints
RUN-1001 : Exported Inst constraints
RUN-1003 : finish command "export_db FOC_Controller_place.db" in  1.066362s wall, 1.125000s user + 0.031250s system = 1.156250s CPU (108.4%)

RUN-1004 : used memory is 274 MB, reserved memory is 249 MB, peak memory is 359 MB
RUN-1002 : start command "route"
RUN-1001 : Open license file D:/Anlogic/TD5.6.2/license/Anlogic.lic
RUN-1001 : Print Global Property
RUN-1001 : ---------------------------------------------------------------
RUN-1001 :        Parameters        |  Settings  |  Default Values  |  Note  
RUN-1001 : ---------------------------------------------------------------
RUN-1001 :          message         |  standard  |     standard     |        
RUN-1001 :   mixed_pack_place_flow  |     on     |        on        |        
RUN-1001 :        qor_monitor       |    off     |       off        |        
RUN-1001 :        syn_ip_flow       |    off     |       off        |        
RUN-1001 :          thread          |    auto    |       auto       |        
RUN-1001 : ---------------------------------------------------------------
RUN-1001 : Print Route Property
RUN-1001 : -------------------------------------------------------
RUN-1001 :    Parameters    |  Settings  |  Default Values  |  Note  
RUN-1001 : -------------------------------------------------------
RUN-1001 :      effort      |   medium   |      medium      |        
RUN-1001 :     fix_hold     |    off     |       off        |        
RUN-1001 :    opt_timing    |   medium   |      medium      |        
RUN-1001 :   phy_sim_model  |    off     |       off        |        
RUN-1001 :     priority     |   timing   |      timing      |        
RUN-1001 :     swap_pin     |     on     |        on        |        
RUN-1001 : -------------------------------------------------------
PHY-1001 : Route runs in 12 thread(s)
RUN-1001 : There are total 1887 instances
RUN-1001 : 921 mslices, 921 lslices, 18 pads, 11 brams, 10 dsps
RUN-1001 : There are total 4401 nets
RUN-1001 : 3023 nets have 2 pins
RUN-1001 : 1065 nets have [3 - 5] pins
RUN-1001 : 153 nets have [6 - 10] pins
RUN-1001 : 107 nets have [11 - 20] pins
RUN-1001 : 48 nets have [21 - 99] pins
RUN-1001 : 5 nets have 100+ pins
RUN-1002 : start command "start_timer -report"
TMR-5001 WARNING: No sdc constraints found while initiating timer.
TMR-2505 : Start building timing graph for model TOP_test.
TMR-2506 : Build timing graph completely. Port num: 18, tpin num: 15541, tnet num: 4399, tinst num: 1885, tnode num: 18934, tedge num: 28497.
TMR-2508 : Levelizing timing graph completed, there are 59 levels in total.
TMR-2501 : Timing graph initialized successfully.
PHY-1001 : 921 mslices, 921 lslices, 18 pads, 11 brams, 10 dsps
TMR-2503 : Start to update net delay, extr mode = 3.
TMR-2504 : Update delay of 4399 nets completely.
TMR-2502 : Annotate delay completely, extr mode = 3.
TMR-3002 : No user constraint, initiate default constraint.
TMR-1501 : Assign derive clock DeriveClock to 1568 clock pins, and constraint 3391 relative nodes.
TMR-3003 : Constraints initiated successfully.
TMR-3501 : Forward propagation: start to calculate arrival time...
TMR-3502 : Backward propagation: start to calculate required time...
TMR-3503 : Timing propagation completes.
PHY-1001 : Start global routing, caller is route ...
RUN-1001 : Generating global routing grids ...
PHY-1001 : Generate routing nets ...
PHY-1001 : Global iterations in 12 thread ...
PHY-1002 : len = 150080, over cnt = 501(4%), over = 864, worst = 9
PHY-1002 : len = 154736, over cnt = 216(1%), over = 304, worst = 6
PHY-1002 : len = 158040, over cnt = 52(0%), over = 61, worst = 3
PHY-1002 : len = 159272, over cnt = 8(0%), over = 8, worst = 1
PHY-1002 : len = 159688, over cnt = 0(0%), over = 0, worst = 0
PHY-1001 : End global iterations;  0.526710s wall, 0.203125s user + 0.015625s system = 0.218750s CPU (41.5%)

PHY-1001 : Congestion index: top1 = 46.53, top5 = 39.58, top10 = 35.93, top15 = 33.80.
PHY-1001 : End global routing;  0.595940s wall, 0.250000s user + 0.015625s system = 0.265625s CPU (44.6%)

PHY-1001 : Start detail routing ...
PHY-1001 : Current memory(MB): used = 348, reserve = 324, peak = 359.
PHY-1001 : Detailed router is running in normal mode.
PHY-1001 : Generate detailed routing grids ...
PHY-1001 : Generate nets ...
PHY-1001 : net I_clk_25m_dup_1 will be routed on clock mesh
PHY-1001 : net u_foc_controller/u_adc_ad7928/clk will be routed on clock mesh
PHY-1001 : clock net u_foc_controller/u_foc_top/init_done_syn_4 will be merged with clock u_foc_controller/u_foc_top/init_done
PHY-1001 : clock net u_pll/clk0_out will be merged with clock u_pll/clk0_buf
PHY-1001 : Current memory(MB): used = 433, reserve = 410, peak = 433.
PHY-1001 : End build detailed router design. 1.784958s wall, 1.578125s user + 0.000000s system = 1.578125s CPU (88.4%)

PHY-1001 : Detail Route ...
PHY-1001 : ===== Detail Route Phase 1 =====
PHY-1001 : Clock net routing.....
PHY-1001 : Routed 0% nets.
PHY-1022 : len = 65576, over cnt = 0(0%), over = 0, worst = 0, crit = 0
PHY-1001 : End initial clock net routed; 0.305779s wall, 0.281250s user + 0.000000s system = 0.281250s CPU (92.0%)

PHY-1001 : Current memory(MB): used = 444, reserve = 422, peak = 444.
PHY-1001 : End phase 1; 0.307644s wall, 0.281250s user + 0.000000s system = 0.281250s CPU (91.4%)

PHY-1001 : ===== Detail Route Phase 2 =====
PHY-1001 : Initial routing.....
PHY-1001 : Routed 36% nets.
PHY-1001 : Routed 43% nets.
PHY-1001 : Routed 51% nets.
PHY-1001 : Routed 63% nets.
PHY-1001 : Routed 80% nets.
PHY-1022 : len = 392832, over cnt = 166(0%), over = 166, worst = 1, crit = 0
PHY-1001 : Current memory(MB): used = 446, reserve = 423, peak = 446.
PHY-1001 : End initial routed; 2.556397s wall, 1.375000s user + 0.015625s system = 1.390625s CPU (54.4%)

PHY-1001 : Current memory(MB): used = 446, reserve = 423, peak = 446.
PHY-1001 : End phase 2; 2.556446s wall, 1.375000s user + 0.015625s system = 1.390625s CPU (54.4%)

PHY-1001 : ===== Detail Route Phase 3 =====
PHY-1001 : Ripup-reroute.....
PHY-1001 : ===== DR Iter 1 =====
PHY-1022 : len = 390392, over cnt = 31(0%), over = 31, worst = 1, crit = 0
PHY-1001 : End DR Iter 1; 0.114131s wall, 0.078125s user + 0.000000s system = 0.078125s CPU (68.5%)

PHY-1001 : ===== DR Iter 2 =====
PHY-1022 : len = 390384, over cnt = 5(0%), over = 5, worst = 1, crit = 0
PHY-1001 : End DR Iter 2; 0.048418s wall, 0.015625s user + 0.000000s system = 0.015625s CPU (32.3%)

PHY-1001 : ===== DR Iter 3 =====
PHY-1022 : len = 390520, over cnt = 0(0%), over = 0, worst = 0, crit = 0
PHY-1001 : End DR Iter 3; 0.038472s wall, 0.031250s user + 0.000000s system = 0.031250s CPU (81.2%)

PHY-1001 : Commit to database.....
PHY-5014 WARNING: Detail route doesn't find pib for u_pll/pll_inst.ssc_en[0]
PHY-5014 WARNING: Detail route doesn't find pib for u_pll/pll_inst.dsm_refclk[0]
PHY-5014 WARNING: Detail route doesn't find pib for u_pll/pll_inst.frac_offset_valid[0]
PHY-5014 WARNING: Detail route doesn't find pib for u_pll/pll_inst.dsm_rst[0]
PHY-1001 : 15 feed throughs used by 15 nets
PHY-1001 : End commit to database; 0.538216s wall, 0.218750s user + 0.000000s system = 0.218750s CPU (40.6%)

PHY-1001 : Current memory(MB): used = 464, reserve = 442, peak = 464.
PHY-1001 : End phase 3; 0.797247s wall, 0.390625s user + 0.000000s system = 0.390625s CPU (49.0%)

PHY-1003 : Routed, final wirelength = 390520
PHY-1001 : Current memory(MB): used = 465, reserve = 443, peak = 465.
PHY-1001 : End export database. 0.010853s wall, 0.000000s user + 0.000000s system = 0.000000s CPU (n/a%)

PHY-1001 : End detail routing;  5.581450s wall, 3.656250s user + 0.031250s system = 3.687500s CPU (66.1%)

RUN-1003 : finish command "route" in  6.832304s wall, 4.171875s user + 0.046875s system = 4.218750s CPU (61.7%)

RUN-1004 : used memory is 396 MB, reserved memory is 376 MB, peak memory is 465 MB
RUN-1002 : start command "report_area -io_info -file FOC_Controller_phy.area"
RUN-1001 : standard
***Report Model: TOP_test Device: SF1S60CG121I***

IO Statistics
#IO                        18
  #input                    8
  #output                   9
  #inout                    1

Utilization Statistics
#lut                     3213   out of   5824   55.17%
#reg                     1321   out of   5824   22.68%
#le                      3581
  #lut only              2260   out of   3581   63.11%
  #reg only               368   out of   3581   10.28%
  #lut&reg                953   out of   3581   26.61%
#dsp                       10   out of     10  100.00%
#bram                      11   out of     26   42.31%
  #bram9k                  11
  #fifo9k                   0
#hard-ip                    0
  #mcu                      0   out of      1    0.00%
  #dsc                      0   out of      1    0.00%
  #dsi                      0   out of      2    0.00%
  #psram controller         0   out of      2    0.00%
#pad                       18   out of     55   32.73%
  #ireg                     1
  #oreg                    10
  #treg                     1
#pll                        1   out of      2   50.00%
#gclk                       2   out of     16   12.50%

Clock Resource Statistics
Index     ClockNet                                Type               DriverType         Driver                                                Fanout
#1        u_foc_controller/u_adc_ad7928/clk       GCLK               pll                u_pll/pll_inst.clkc1                                  777
#2        u_foc_controller/u_foc_top/init_done    GCLK               lslice             u_foc_controller/u_foc_top/init_done_reg_syn_38.q0    8
#3        I_clk_25m_dup_1                         GeneralRouting     io                 I_clk_25m_syn_2.di                                    1


Detailed IO Report

     Name       Direction    Location    IOStandard    DriveStrength    PullType     PackReg   
  I_clk_25m       INPUT         D7        LVCMOS18          N/A          PULLUP       NONE     
   I_hall_u       INPUT        G10        LVCMOS18          N/A          PULLUP       NONE     
   I_hall_v       INPUT        H11        LVCMOS18          N/A          PULLUP       NONE     
   I_hall_w       INPUT        H10        LVCMOS18          N/A          PULLUP       NONE     
    I_rstn        INPUT         J2        LVCMOS18          N/A          PULLUP       NONE     
  I_spi_miso      INPUT         B9        LVCMOS18          N/A          PULLUP       IREG     
     key1         INPUT         H2        LVCMOS18          N/A          PULLUP       NONE     
     key2         INPUT         J4        LVCMOS18          N/A          PULLUP       NONE     
  O_i2c_scl      OUTPUT         G3        LVCMOS18           8            NONE        OREG     
   O_pwm_a       OUTPUT        C10        LVCMOS18           8            NONE        OREG     
   O_pwm_b       OUTPUT        C11        LVCMOS18           8            NONE        OREG     
   O_pwm_c       OUTPUT        E11        LVCMOS18           8            NONE        OREG     
   O_pwm_en      OUTPUT        F11        LVCMOS18           8            NONE        OREG     
  O_spi_mosi     OUTPUT         B8        LVCMOS18           8            NONE        OREG     
  O_spi_sck      OUTPUT         A9        LVCMOS18           8            NONE        OREG     
   O_spi_ss      OUTPUT         A8        LVCMOS18           8            NONE        OREG     
  O_uart_tx      OUTPUT         A4        LVCMOS18           8            NONE        OREG     
  IO_i2c_sda      INOUT         H3        LVCMOS18           8           PULLUP     OREG;TREG  

Report Hierarchy Area:
+------------------------------------------------------------------------------------------------+
|Instance                |Module            |le     |lut     |ripple  |seq     |bram    |dsp     |
+------------------------------------------------------------------------------------------------+
|top                     |TOP_test          |3581   |2258    |955     |1333    |11      |10      |
|  u_foc_controller      |foc_controller    |3181   |1966    |851     |1157    |11      |10      |
|    u_adc_ad7928        |adc_ad7928        |144    |71      |28      |83      |0       |0       |
|    u_as5600_encoder    |as5600_encoder    |304    |188     |94      |77      |0       |0       |
|      u_as5600_read     |i2c_register_read |268    |173     |82      |59      |0       |0       |
|    u_foc_top           |foc_top           |2732   |1706    |729     |997     |11      |10      |
|      u_adc_sn_ctrl     |hold_detect       |18     |14      |4       |12      |0       |0       |
|      u_cartesian2polar |cartesian2polar   |616    |501     |98      |197     |8       |0       |
|      u_clark_tr        |clark_tr          |162    |58      |44      |95      |0       |0       |
|      u_id_pi           |pi_controller     |570    |315     |207     |168     |0       |3       |
|      u_iq_pi           |pi_controller     |578    |314     |212     |162     |0       |3       |
|      u_park_tr         |park_tr           |196    |127     |44      |88      |2       |4       |
|        u_sincos        |sincos            |136    |109     |26      |60      |2       |0       |
|      u_svpwm           |svpwm             |459    |305     |95      |189     |1       |0       |
|    u_hall_encoder      |hall_encoder      |1      |1       |0       |0       |0       |0       |
|  u_pll                 |pll               |0      |0       |0       |0       |0       |0       |
|  u_uart_monitor        |uart_monitor      |324    |238     |82      |129     |0       |0       |
+------------------------------------------------------------------------------------------------+


DataNet Average Fanout:

   Index     Fanout     Nets  
    #1          1       3003  
    #2          2       578   
    #3          3       404   
    #4          4        83   
    #5        5-10      168   
    #6        11-50     135   
    #7       51-100      4    
    #8       101-500     2    
  Average     2.36            

RUN-1002 : start command "export_db FOC_Controller_pr.db"
RUN-1001 : Exported /
RUN-1001 : Exported flow parameters
RUN-1001 : Exported libs
RUN-1001 : Exported entities
RUN-1001 : Exported ports
RUN-1001 : Exported pins
RUN-1001 : Exported instances
RUN-1001 : Exported nets
RUN-1001 : Exported buses
RUN-1001 : Exported models
RUN-1001 : Exported congestions
RUN-1001 : Exported violations
RUN-1001 : Exported IO constraints
RUN-1001 : Exported Inst constraints
RUN-1003 : finish command "export_db FOC_Controller_pr.db" in  1.175274s wall, 1.015625s user + 0.015625s system = 1.031250s CPU (87.7%)

RUN-1004 : used memory is 402 MB, reserved memory is 384 MB, peak memory is 479 MB
RUN-1002 : start command "export_bid FOC_Controller_inst.bid"
PRG-1000 : <!-- HMAC is: 6b861322dd0de563203fbe03c30b788e711c277bbb67479877cd6350b45f30ee -->
RUN-1002 : start command "bitgen -bit FOC_Controller.bit"
BIT-1003 : Start to generate bitstream. 
BIT-1002 : Init instances with 12 threads.
BIT-1002 : Init instances completely, inst num: 1885
BIT-1002 : Init pips with 12 threads.
BIT-1002 : Init pips completely, net num: 4401, pip num: 34169
BIT-1002 : Init feedthrough with 12 threads.
BIT-1002 : Init feedthrough completely, num: 15
BIT-1003 : Multithreading accelaration with 12 threads.
BIT-1003 : Generate bitstream completely, there are 1077 valid insts, and 107922 bits set as '1'.
BIT-1004 : the usercode register value: 00000000110001010000000000000000
BIT-1004 : Generate bits file FOC_Controller.bit.
RUN-1003 : finish command "bitgen -bit FOC_Controller.bit" in  3.023074s wall, 21.156250s user + 0.078125s system = 21.234375s CPU (702.4%)

RUN-1004 : used memory is 407 MB, reserved memory is 393 MB, peak memory is 584 MB
RUN-1002 : start command "backup_run_log run.log ../.logs/phy_1/td_20231108_204144.log"
