============================================================
   Tang Dynasty, V5.6.71036
      Copyright (c) 2012-2023 Anlogic Inc.
   Executable = D:/Anlogic/TD5.6.2/bin/td.exe
   Built at =   20:34:38 Mar 21 2023
   Run by =     15597
   Run Date =   Tue Nov  7 00:06:21 2023

   Run on =     XR097-DELL-G7
============================================================
RUN-1002 : start command "open_project FOC_Controller.prj"
RUN-1001 : Print Global Property
RUN-1001 : ---------------------------------------------------------------
RUN-1001 :        Parameters        |  Settings  |  Default Values  |  Note  
RUN-1001 : ---------------------------------------------------------------
RUN-1001 :          message         |  standard  |     standard     |        
RUN-1001 :   mixed_pack_place_flow  |     on     |        on        |        
RUN-1001 :        qor_monitor       |    off     |       off        |        
RUN-1001 :        syn_ip_flow       |    off     |       off        |        
RUN-1001 :          thread          |    auto    |       auto       |        
RUN-1001 : ---------------------------------------------------------------
RUN-1001 : Print Design Property
RUN-1001 : --------------------------------------------------------------
RUN-1001 :        Parameters       |  Settings  |  Default Values  |  Note  
RUN-1001 : --------------------------------------------------------------
RUN-1001 :   default_reg_initial   |    auto    |       auto       |        
RUN-1001 :        infer_add        |     on     |        on        |        
RUN-1001 :        infer_fsm        |    off     |       off        |        
RUN-1001 :        infer_mult       |     on     |        on        |        
RUN-1001 :        infer_ram        |     on     |        on        |        
RUN-1001 :        infer_reg        |     on     |        on        |        
RUN-1001 :   infer_reg_init_value  |     on     |        on        |        
RUN-1001 :        infer_rom        |     on     |        on        |        
RUN-1001 :      infer_shifter      |     on     |        on        |        
RUN-1001 : --------------------------------------------------------------
RUN-1001 : Print Rtl Property
RUN-1001 : --------------------------------------------------------------
RUN-1001 :        Parameters       |  Settings  |  Default Values  |  Note  
RUN-1001 : --------------------------------------------------------------
RUN-1001 :       compress_add      |   ripple   |      ripple      |        
RUN-1001 :        elf_sload        |    off     |       off        |        
RUN-1001 :       fix_undriven      |     0      |        0         |        
RUN-1001 :         flatten         |    off     |       off        |        
RUN-1001 :       gate_sharing      |     on     |        on        |        
RUN-1001 :    hdl_warning_level    |   normal   |      normal      |        
RUN-1001 :   impl_internal_tribuf  |     on     |        on        |        
RUN-1001 :      impl_set_reset     |     on     |        on        |        
RUN-1001 :        infer_gsr        |    off     |       off        |        
RUN-1001 :      keep_hierarchy     |    auto    |       auto       |        
RUN-1001 :        max_fanout       |    9999    |       9999       |        
RUN-1001 :      max_oh2bin_len     |     10     |        10        |        
RUN-1001 :       merge_equal       |     on     |        on        |        
RUN-1001 :       merge_equiv       |     on     |        on        |        
RUN-1001 :        merge_mux        |    off     |       off        |        
RUN-1001 :     min_control_set     |     8      |        8         |        
RUN-1001 :      min_ripple_len     |    auto    |       auto       |        
RUN-1001 :       oh2bin_ratio      |    0.08    |       0.08       |        
RUN-1001 :     opt_adder_fanout    |     on     |        on        |        
RUN-1001 :        opt_arith        |     on     |        on        |        
RUN-1001 :       opt_big_gate      |    off     |       off        |        
RUN-1001 :        opt_const        |     on     |        on        |        
RUN-1001 :      opt_const_mult     |     on     |        on        |        
RUN-1001 :       opt_lessthan      |     on     |        on        |        
RUN-1001 :         opt_mux         |    off     |       off        |        
RUN-1001 :         opt_ram         |    high    |       high       |        
RUN-1001 :      rtl_sim_model      |    off     |       off        |        
RUN-1001 :         seq_syn         |     on     |        on        |        
RUN-1001 : --------------------------------------------------------------
HDL-1007 : analyze verilog file ../../al_ip/pll.v
HDL-1007 : undeclared symbol 'open', assumed default net type 'wire' in ../../al_ip/pll.v(78)
HDL-1007 : analyze verilog file ../../RTL/adc_ad7928.v
HDL-1007 : analyze verilog file ../../RTL/fpga_top.v
HDL-5007 WARNING: identifier 'cnt' is used before its declaration in ../../RTL/fpga_top.v(33)
HDL-1007 : analyze verilog file ../../RTL/i2c_register_read.v
HDL-1007 : analyze verilog file ../../RTL/uart_monitor.v
RUN-1001 : Project manager successfully analyzed 5 source files.
RUN-1002 : start command "import_device sf1_6.db -package SF1S60CG121I"
ARC-1001 : Device Initialization.
ARC-1001 : -------------------------------------------------
ARC-1001 :       OPTION       |      IO       |   SETTING   
ARC-1001 : -------------------------------------------------
ARC-1001 :        done        |      B4       |    gpio    
ARC-1001 :        initn       |      A5       |    gpio    
ARC-1001 :       jtagen       |      B7       |    gpio    
ARC-1001 :      programn      |      B5       |  dedicate  
ARC-1001 :   tdi/tms/tck/tdo  |  C4/A6/A7/C5  |  dedicate  
ARC-1001 : -------------------------------------------------
ARC-1004 : Device setting, marked 5 dedicate IOs in total.
RUN-1002 : start command "import_db ../syn_1/FOC_Controller_gate.db"
RUN-1001 : Importing database generated by Tang Dynasty, V5.6.71036.
RUN-1001 : Database version number 46146.
RUN-1001 : Import flow parameters
RUN-1001 : Import IO constraints
RUN-1001 : Import Inst constraints
RUN-1001 : Import design success TD_VERSION=5.6.71036 , DB_VERSION=46146
RUN-1002 : start command "place"
RUN-1001 : Open license file D:/Anlogic/TD5.6.2/license/Anlogic.lic
RUN-1001 : Print Global Property
RUN-1001 : ---------------------------------------------------------------
RUN-1001 :        Parameters        |  Settings  |  Default Values  |  Note  
RUN-1001 : ---------------------------------------------------------------
RUN-1001 :          message         |  standard  |     standard     |        
RUN-1001 :   mixed_pack_place_flow  |     on     |        on        |        
RUN-1001 :        qor_monitor       |    off     |       off        |        
RUN-1001 :        syn_ip_flow       |    off     |       off        |        
RUN-1001 :          thread          |    auto    |       auto       |        
RUN-1001 : ---------------------------------------------------------------
RUN-1001 : Print Place Property
RUN-1001 : --------------------------------------------------------------
RUN-1001 :        Parameters       |  Settings  |  Default Values  |  Note  
RUN-1001 : --------------------------------------------------------------
RUN-1001 :      detailed_place     |     on     |        on        |        
RUN-1001 :          effort         |   medium   |      medium      |        
RUN-1001 :         fix_hold        |    off     |       off        |        
RUN-1001 :       legalization      |    ori     |       ori        |        
RUN-1001 :      new_spreading      |     on     |        on        |        
RUN-1001 :        opt_timing       |   medium   |      medium      |        
RUN-1001 :   post_clock_route_opt  |    off     |       off        |        
RUN-1001 :       pr_strategy       |     1      |        1         |        
RUN-1001 :        relaxation       |    1.00    |       1.00       |        
RUN-1001 :         retiming        |    off     |       off        |        
RUN-1001 : --------------------------------------------------------------
PHY-3001 : Placer runs in 12 thread(s).
RUN-1002 : start command "legalize_phy_inst"
SYN-1011 : Flatten model TOP
RUN-1002 : start command "phys_opt -simplify_lut"
SYN-4016 : Net u_adc_ad7928/clk driven by BUFG (180 clock/control pins, 1 other pins).
SYN-4019 : Net clk_25m_dup_1 is refclk of pll pll_inst/pll_inst.
SYN-4020 : Net clk_25m_dup_1 is fbclk of pll pll_inst/pll_inst.
SYN-4025 : Tag rtl::Net clk_25m_dup_1 as clock net
SYN-4025 : Tag rtl::Net u_adc_ad7928/clk as clock net
SYN-4026 : Tagged 2 rtl::Net as clock net
PHY-1001 : Populate physical database on model TOP.
RUN-1001 : There are total 508 instances
RUN-0007 : 217 luts, 173 seqs, 81 mslices, 18 lslices, 14 pads, 0 brams, 0 dsps
RUN-1001 : There are total 567 nets
RUN-1001 : 363 nets have 2 pins
RUN-1001 : 142 nets have [3 - 5] pins
RUN-1001 : 37 nets have [6 - 10] pins
RUN-1001 : 12 nets have [11 - 20] pins
RUN-1001 : 10 nets have [21 - 99] pins
RUN-1001 : 3 nets have 100+ pins
RUN-1001 : Report Control nets information:
RUN-1001 : DFF Distribution
RUN-1001 : ----------------------------------
RUN-1001 :   CE   |  SSR  |  ASR  |  DFF Count  
RUN-1001 : ----------------------------------
RUN-1001 :   No   |  No   |  No   |      0      
RUN-1001 :   No   |  No   |  Yes  |     129     
RUN-1001 :   No   |  Yes  |  No   |      0      
RUN-1001 :   Yes  |  No   |  No   |      0      
RUN-1001 :   Yes  |  No   |  Yes  |     44      
RUN-1001 :   Yes  |  Yes  |  No   |      0      
RUN-1001 : ----------------------------------
RUN-0007 : Control Group Statistic
RUN-0007 : ---------------------------
RUN-0007 :   #CLK  |  #CE  |  #SSR/ASR  
RUN-0007 : ---------------------------
RUN-0007 :    1    |   3   |     2      
RUN-0007 : ---------------------------
RUN-0007 : Control Set = 3
PHY-3001 : Initial placement ...
PHY-3001 : design contains 506 instances, 217 luts, 173 seqs, 99 slices, 21 macros(99 instances: 81 mslices 18 lslices)
PHY-0007 : Cell area utilization is 7%
PHY-3001 : Global placement ...
PHY-3001 : Initial: Len = 63223.2
PHY-3001 : Run with size of 3
PHY-3001 : Cell area utilization is 7%
PHY-3001 : :::0::: Try harder cell spreading with beta_ = 0
PHY-3002 : Step(1): len = 36955.2, overlap = 0
PHY-3002 : Step(2): len = 23935.2, overlap = 0
PHY-3002 : Step(3): len = 17171.6, overlap = 0
PHY-3002 : Step(4): len = 13665, overlap = 0
PHY-3002 : Step(5): len = 13022.5, overlap = 0
PHY-3002 : Step(6): len = 11015.5, overlap = 0
PHY-3002 : Step(7): len = 8774.8, overlap = 11.125
PHY-3002 : Step(8): len = 8760.7, overlap = 18.5
PHY-3002 : Step(9): len = 8428.8, overlap = 22.5312
PHY-3001 : :::1::: Try harder cell spreading with beta_ = 0.00111948
PHY-3002 : Step(10): len = 8324.4, overlap = 6.90625
PHY-3002 : Step(11): len = 6886.7, overlap = 7.28125
PHY-3002 : Step(12): len = 6750.7, overlap = 8.46875
PHY-3002 : Step(13): len = 6719.4, overlap = 10.5
PHY-3002 : Step(14): len = 6804, overlap = 9
PHY-3001 : :::2::: Try harder cell spreading with beta_ = 0.00223895
PHY-3002 : Step(15): len = 5924.8, overlap = 10
PHY-3002 : Step(16): len = 5953.1, overlap = 9.9375
PHY-3002 : Step(17): len = 5953.1, overlap = 9.9375
PHY-3001 : :::3::: Try harder cell spreading with beta_ = 0.0044779
PHY-3002 : Step(18): len = 5858.2, overlap = 10.5312
PHY-3002 : Step(19): len = 5983.2, overlap = 10.5938
PHY-3001 : Legalization ...
PHY-3001 : End legalization;  0.002192s wall, 0.000000s user + 0.000000s system = 0.000000s CPU (n/a%)

PHY-3001 : Run with size of 3
PHY-3001 : Cell area utilization is 9%
PHY-3001 : :::0::: Try harder cell spreading with beta_ = 5.85031e-06
PHY-3002 : Step(20): len = 5665.6, overlap = 25.5312
PHY-3002 : Step(21): len = 5692.2, overlap = 25.4375
PHY-3001 : :::1::: Try harder cell spreading with beta_ = 1.17006e-05
PHY-3002 : Step(22): len = 5877.7, overlap = 25.4688
PHY-3002 : Step(23): len = 5877.7, overlap = 25.4688
PHY-3002 : Step(24): len = 5664.7, overlap = 25.2188
PHY-3001 : :::2::: Try harder cell spreading with beta_ = 2.34013e-05
PHY-3002 : Step(25): len = 5998.5, overlap = 23.1562
PHY-3002 : Step(26): len = 5998.5, overlap = 23.1562
PHY-3002 : Step(27): len = 5812.4, overlap = 23.2812
PHY-3001 : Run with size of 1
PHY-3001 : Cell area utilization is 9%
PHY-3001 : :::0::: Try harder cell spreading with beta_ = 9.62912e-06
PHY-3002 : Step(28): len = 6132.9, overlap = 41.2188
PHY-3002 : Step(29): len = 6132.9, overlap = 41.2188
PHY-3002 : Step(30): len = 5896.9, overlap = 40.7812
PHY-3001 : :::1::: Try harder cell spreading with beta_ = 1.92582e-05
PHY-3002 : Step(31): len = 6368.2, overlap = 34.875
PHY-3002 : Step(32): len = 6368.2, overlap = 34.875
PHY-3002 : Step(33): len = 6161.3, overlap = 34.875
PHY-3001 : :::2::: Try harder cell spreading with beta_ = 3.85165e-05
PHY-3002 : Step(34): len = 6853, overlap = 31.4375
PHY-3002 : Step(35): len = 6947.3, overlap = 31.0625
PHY-3002 : Step(36): len = 6828.4, overlap = 30.3125
PHY-3001 : :::3::: Try harder cell spreading with beta_ = 7.7033e-05
PHY-3002 : Step(37): len = 7341.9, overlap = 29.8125
PHY-3002 : Step(38): len = 7438.2, overlap = 30.9062
PHY-3002 : Step(39): len = 7357.1, overlap = 26.8125
PHY-3002 : Step(40): len = 7369.1, overlap = 26.8438
PHY-3002 : Step(41): len = 7387.4, overlap = 27.1562
PHY-3001 : :::4::: Try harder cell spreading with beta_ = 0.000154066
PHY-3002 : Step(42): len = 7449.6, overlap = 27.3125
PHY-3002 : Step(43): len = 7449.6, overlap = 27.3125
PHY-3001 : :::5::: Try harder cell spreading with beta_ = 0.000272168
PHY-3002 : Step(44): len = 7535.8, overlap = 27.5938
PHY-3002 : Step(45): len = 7577.1, overlap = 27.3125
PHY-3002 : Step(46): len = 7814.5, overlap = 27.3125
PHY-3002 : Step(47): len = 7765.2, overlap = 26.3438
PHY-3002 : Step(48): len = 7751.6, overlap = 26.3438
PHY-3001 : :::6::: Try harder cell spreading with beta_ = 0.00049027
PHY-3002 : Step(49): len = 7864, overlap = 26.125
PHY-3002 : Step(50): len = 8083.4, overlap = 27.3125
PHY-3002 : Step(51): len = 8276.3, overlap = 24.7812
PHY-3001 : :::7::: Try harder cell spreading with beta_ = 0.00098054
PHY-3002 : Step(52): len = 8280.6, overlap = 24.2812
PHY-3002 : Step(53): len = 8280.9, overlap = 24.25
PHY-3002 : Step(54): len = 8301.5, overlap = 25.4375
PHY-3001 : :::8::: Try harder cell spreading with beta_ = 0.00162573
PHY-3002 : Step(55): len = 8336.7, overlap = 25.1562
PHY-3002 : Step(56): len = 8345.6, overlap = 25.25
PHY-3002 : Step(57): len = 8455, overlap = 25.3125
PHY-3001 : :::9::: Try harder cell spreading with beta_ = 0.00263043
PHY-3002 : Step(58): len = 8488.2, overlap = 24.7812
PHY-3002 : Step(59): len = 8488.2, overlap = 24.7812
PHY-3002 : Step(60): len = 8517.8, overlap = 24.6562
PHY-3001 : :::10::: Try harder cell spreading with beta_ = 0.00425604
PHY-3002 : Step(61): len = 8551.7, overlap = 24.7188
PHY-3002 : Step(62): len = 8684.5, overlap = 23.8438
PHY-3001 : :::11::: Try harder cell spreading with beta_ = 0.00688628
PHY-3002 : Step(63): len = 8707.8, overlap = 23.8438
PHY-3002 : Step(64): len = 8711.6, overlap = 23.8438
PHY-3002 : Step(65): len = 8738.4, overlap = 23.8438
PHY-3001 : :::12::: Try harder cell spreading with beta_ = 0.011142
PHY-3002 : Step(66): len = 8789.5, overlap = 23.8438
PHY-3002 : Step(67): len = 8840.2, overlap = 23.8438
PHY-3001 : :::13::: Try harder cell spreading with beta_ = 0.0180277
PHY-3002 : Step(68): len = 8837.1, overlap = 23.8438
PHY-3002 : Step(69): len = 8836.7, overlap = 23.9688
PHY-3002 : Step(70): len = 8843.4, overlap = 23.8125
PHY-3001 : :::14::: Try harder cell spreading with beta_ = 0.0291689
PHY-3002 : Step(71): len = 8884.3, overlap = 23.5625
PHY-3002 : Step(72): len = 8958.7, overlap = 23.4062
PHY-3002 : Step(73): len = 8956.9, overlap = 22.9062
PHY-3002 : Step(74): len = 8955.5, overlap = 22.8438
PHY-3002 : Step(75): len = 8950.2, overlap = 22.8438
OPT-1001 : Start physical optimization ...
OPT-1001 : Total overflow 22.84 peak overflow 1.19
OPT-1001 : Start high-fanout net optimization ...
OPT-1001 : Update timing in global mode
PHY-1001 : Start incremental global routing, caller is place ...
RUN-1001 : Generating global routing grids ...
RUN-1001 : Building simple global routing graph ...
PHY-1001 : Generate routing nets ...
PHY-1001 : Reuse net number 0/567.
PHY-1001 : Global iterations in 12 thread ...
PHY-1002 : len = 11904, over cnt = 41(0%), over = 82, worst = 7
PHY-1001 : End global iterations;  0.043836s wall, 0.000000s user + 0.000000s system = 0.000000s CPU (n/a%)

PHY-1001 : Congestion index: top1 = 22.78, top5 = 16.06, top10 = 11.99, top15 = 9.24.
PHY-1001 : End incremental global routing;  0.063687s wall, 0.000000s user + 0.000000s system = 0.000000s CPU (n/a%)

RUN-1002 : start command "start_timer -report"
TMR-5001 WARNING: No sdc constraints found while initiating timer.
TMR-2505 : Start building timing graph for model TOP.
TMR-2506 : Build timing graph completely. Port num: 14, tpin num: 2218, tnet num: 565, tinst num: 506, tnode num: 2806, tedge num: 3468.
TMR-2508 : Levelizing timing graph completed, there are 21 levels in total.
TMR-2501 : Timing graph initialized successfully.
OPT-1001 : End timing update;  0.151961s wall, 0.078125s user + 0.000000s system = 0.078125s CPU (51.4%)

OPT-1001 : 0 high-fanout net processed.
OPT-1001 : End high-fanout net optimization;  0.223648s wall, 0.078125s user + 0.000000s system = 0.078125s CPU (34.9%)

OPT-1001 : Current memory(MB): used = 145, reserve = 113, peak = 145.
OPT-1001 : End physical optimization;  0.228539s wall, 0.093750s user + 0.000000s system = 0.093750s CPU (41.0%)

PHY-3001 : Start packing ...
SYN-4007 : Packing 0 MUX to BLE ...
SYN-4008 : Packed 0 MUX and 0 SEQ to BLE.
SYN-4007 : Packing 217 LUT to BLE ...
SYN-4008 : Packed 217 LUT and 103 SEQ to BLE.
SYN-4003 : Packing 70 remaining SEQ's ...
SYN-4005 : Packed 43 SEQ with LUT/SLICE
SYN-4006 : 78 single LUT's are left
SYN-4006 : 27 single SEQ's are left
SYN-4011 : Packing model "TOP" (AL_USER_NORMAL) with 244/362 primitive instances ...
PHY-3001 : End packing;  0.017209s wall, 0.015625s user + 0.000000s system = 0.015625s CPU (90.8%)

PHY-1001 : Populate physical database on model TOP.
RUN-1001 : There are total 246 instances
RUN-1001 : 113 mslices, 114 lslices, 14 pads, 0 brams, 0 dsps
RUN-1001 : There are total 472 nets
RUN-1001 : 272 nets have 2 pins
RUN-1001 : 138 nets have [3 - 5] pins
RUN-1001 : 37 nets have [6 - 10] pins
RUN-1001 : 12 nets have [11 - 20] pins
RUN-1001 : 10 nets have [21 - 99] pins
RUN-1001 : 3 nets have 100+ pins
PHY-3001 : design contains 244 instances, 227 slices, 21 macros(99 instances: 81 mslices 18 lslices)
PHY-3001 : Cell area utilization is 10%
PHY-3001 : After packing: Len = 9089.2, Over = 24.5
PHY-3001 : Run with size of 1
PHY-3001 : Cell area utilization is 10%
PHY-3001 : :::0::: Try harder cell spreading with beta_ = 4.8618e-05
PHY-3002 : Step(76): len = 8326.1, overlap = 25.75
PHY-3002 : Step(77): len = 8274.2, overlap = 25.75
PHY-3002 : Step(78): len = 7955.8, overlap = 27.5
PHY-3002 : Step(79): len = 7732, overlap = 27.25
PHY-3002 : Step(80): len = 7731.8, overlap = 26.75
PHY-3002 : Step(81): len = 7726.9, overlap = 26.5
PHY-3001 : :::1::: Try harder cell spreading with beta_ = 9.72361e-05
PHY-3002 : Step(82): len = 8107.4, overlap = 25.5
PHY-3002 : Step(83): len = 8180.4, overlap = 25.25
PHY-3002 : Step(84): len = 8371.9, overlap = 24.75
PHY-3001 : :::2::: Try harder cell spreading with beta_ = 0.000194472
PHY-3002 : Step(85): len = 8639.2, overlap = 23.25
PHY-3002 : Step(86): len = 8639.2, overlap = 23.25
PHY-3002 : Step(87): len = 8596.7, overlap = 24.25
PHY-3001 : :::3::: Try harder cell spreading with beta_ = 0.000388944
PHY-3002 : Step(88): len = 8907.2, overlap = 22.75
PHY-3002 : Step(89): len = 9056.5, overlap = 23
PHY-3002 : Step(90): len = 9181.1, overlap = 21.75
PHY-3001 : Legalization ...
PHY-3001 : End legalization;  0.074708s wall, 0.000000s user + 0.015625s system = 0.015625s CPU (20.9%)

PHY-3001 : Trial Legalized: Len = 10658.2
PHY-3001 : Run with size of 1
PHY-3001 : Cell area utilization is 9%
PHY-3001 : :::0::: Try harder cell spreading with beta_ = 0.000419985
PHY-3002 : Step(91): len = 9657.2, overlap = 5.25
PHY-3002 : Step(92): len = 9181.6, overlap = 8.5
PHY-3002 : Step(93): len = 9141.6, overlap = 11.75
PHY-3002 : Step(94): len = 9130.1, overlap = 12.25
PHY-3002 : Step(95): len = 9046.8, overlap = 13
PHY-3002 : Step(96): len = 9007.2, overlap = 12
PHY-3002 : Step(97): len = 8974.9, overlap = 12.5
PHY-3001 : :::1::: Try harder cell spreading with beta_ = 0.000802486
PHY-3002 : Step(98): len = 9061.9, overlap = 12.75
PHY-3002 : Step(99): len = 9079.1, overlap = 12.5
PHY-3002 : Step(100): len = 9090.1, overlap = 11.75
PHY-3001 : :::2::: Try harder cell spreading with beta_ = 0.00160497
PHY-3002 : Step(101): len = 9115.7, overlap = 11.75
PHY-3002 : Step(102): len = 9141.9, overlap = 11.5
PHY-3001 : Legalization ...
PHY-3001 : End legalization;  0.002832s wall, 0.000000s user + 0.000000s system = 0.000000s CPU (n/a%)

PHY-3001 : Legalized: Len = 9832.2, Over = 0
PHY-3001 : End spreading;  0.001478s wall, 0.000000s user + 0.000000s system = 0.000000s CPU (n/a%)

PHY-3001 : Final: Len = 9832.2, Over = 0
RUN-1003 : finish command "place" in  2.859323s wall, 0.734375s user + 0.437500s system = 1.171875s CPU (41.0%)

RUN-1004 : used memory is 138 MB, reserved memory is 106 MB, peak memory is 145 MB
RUN-1002 : start command "export_db FOC_Controller_place.db"
RUN-1001 : Exported /
RUN-1001 : Exported flow parameters
RUN-1001 : Exported libs
RUN-1001 : Exported entities
RUN-1001 : Exported ports
RUN-1001 : Exported pins
RUN-1001 : Exported instances
RUN-1001 : Exported nets
RUN-1001 : Exported buses
RUN-1001 : Exported models
RUN-1001 : Exported congestions
RUN-1001 : Exported violations
RUN-1001 : Exported IO constraints
RUN-1001 : Exported Inst constraints
RUN-1002 : start command "route"
RUN-1001 : Open license file D:/Anlogic/TD5.6.2/license/Anlogic.lic
RUN-1001 : Print Global Property
RUN-1001 : ---------------------------------------------------------------
RUN-1001 :        Parameters        |  Settings  |  Default Values  |  Note  
RUN-1001 : ---------------------------------------------------------------
RUN-1001 :          message         |  standard  |     standard     |        
RUN-1001 :   mixed_pack_place_flow  |     on     |        on        |        
RUN-1001 :        qor_monitor       |    off     |       off        |        
RUN-1001 :        syn_ip_flow       |    off     |       off        |        
RUN-1001 :          thread          |    auto    |       auto       |        
RUN-1001 : ---------------------------------------------------------------
RUN-1001 : Print Route Property
RUN-1001 : -------------------------------------------------------
RUN-1001 :    Parameters    |  Settings  |  Default Values  |  Note  
RUN-1001 : -------------------------------------------------------
RUN-1001 :      effort      |   medium   |      medium      |        
RUN-1001 :     fix_hold     |    off     |       off        |        
RUN-1001 :    opt_timing    |   medium   |      medium      |        
RUN-1001 :   phy_sim_model  |    off     |       off        |        
RUN-1001 :     priority     |   timing   |      timing      |        
RUN-1001 :     swap_pin     |     on     |        on        |        
RUN-1001 : -------------------------------------------------------
PHY-1001 : Route runs in 12 thread(s)
RUN-1001 : There are total 246 instances
RUN-1001 : 113 mslices, 114 lslices, 14 pads, 0 brams, 0 dsps
RUN-1001 : There are total 472 nets
RUN-1001 : 272 nets have 2 pins
RUN-1001 : 138 nets have [3 - 5] pins
RUN-1001 : 37 nets have [6 - 10] pins
RUN-1001 : 12 nets have [11 - 20] pins
RUN-1001 : 10 nets have [21 - 99] pins
RUN-1001 : 3 nets have 100+ pins
RUN-1002 : start command "start_timer -report"
TMR-5001 WARNING: No sdc constraints found while initiating timer.
TMR-2505 : Start building timing graph for model TOP.
TMR-2506 : Build timing graph completely. Port num: 14, tpin num: 1862, tnet num: 470, tinst num: 244, tnode num: 2292, tedge num: 3050.
TMR-2508 : Levelizing timing graph completed, there are 21 levels in total.
TMR-2501 : Timing graph initialized successfully.
PHY-1001 : 113 mslices, 114 lslices, 14 pads, 0 brams, 0 dsps
TMR-2503 : Start to update net delay, extr mode = 3.
TMR-2504 : Update delay of 470 nets completely.
TMR-2502 : Annotate delay completely, extr mode = 3.
TMR-3002 : No user constraint, initiate default constraint.
TMR-1501 : Assign derive clock DeriveClock to 220 clock pins, and constraint 424 relative nodes.
TMR-3003 : Constraints initiated successfully.
TMR-3501 : Forward propagation: start to calculate arrival time...
TMR-3502 : Backward propagation: start to calculate required time...
TMR-3503 : Timing propagation completes.
PHY-1001 : Start global routing, caller is route ...
RUN-1001 : Generating global routing grids ...
PHY-1001 : Generate routing nets ...
PHY-1001 : Global iterations in 12 thread ...
PHY-1002 : len = 12824, over cnt = 44(0%), over = 57, worst = 3
PHY-1002 : len = 13040, over cnt = 16(0%), over = 17, worst = 2
PHY-1002 : len = 13248, over cnt = 0(0%), over = 0, worst = 0
PHY-1001 : End global iterations;  0.058837s wall, 0.000000s user + 0.000000s system = 0.000000s CPU (n/a%)

PHY-1001 : Congestion index: top1 = 22.92, top5 = 16.24, top10 = 12.20, top15 = 9.58.
PHY-1001 : End global routing;  0.075462s wall, 0.000000s user + 0.000000s system = 0.000000s CPU (n/a%)

PHY-1001 : Start detail routing ...
PHY-1001 : Current memory(MB): used = 168, reserve = 136, peak = 173.
PHY-1001 : Detailed router is running in normal mode.
PHY-1001 : Generate detailed routing grids ...
PHY-1001 : Generate nets ...
PHY-1001 : net clk_25m_dup_1 will be routed on clock mesh
PHY-1001 : clock net u_adc_ad7928/clk will be merged with clock pll_inst/clk0_buf
PHY-1001 : Current memory(MB): used = 259, reserve = 229, peak = 259.
PHY-1001 : End build detailed router design. 1.646170s wall, 0.578125s user + 0.031250s system = 0.609375s CPU (37.0%)

PHY-1001 : Detail Route ...
PHY-1001 : ===== Detail Route Phase 1 =====
PHY-1001 : Clock net routing.....
PHY-1001 : Routed 0% nets.
PHY-1022 : len = 5920, over cnt = 0(0%), over = 0, worst = 0, crit = 0
PHY-1001 : End initial clock net routed; 0.103974s wall, 0.031250s user + 0.000000s system = 0.031250s CPU (30.1%)

PHY-1001 : Current memory(MB): used = 270, reserve = 240, peak = 270.
PHY-1001 : End phase 1; 0.105684s wall, 0.031250s user + 0.000000s system = 0.031250s CPU (29.6%)

PHY-1001 : ===== Detail Route Phase 2 =====
PHY-1001 : Initial routing.....
PHY-1001 : Routed 39% nets.
PHY-1001 : Routed 47% nets.
PHY-1001 : Routed 51% nets.
PHY-1001 : Routed 63% nets.
PHY-1001 : Routed 79% nets.
PHY-1022 : len = 40456, over cnt = 5(0%), over = 5, worst = 1, crit = 0
PHY-1001 : Current memory(MB): used = 270, reserve = 240, peak = 270.
PHY-1001 : End initial routed; 0.326652s wall, 0.171875s user + 0.000000s system = 0.171875s CPU (52.6%)

PHY-1001 : Current memory(MB): used = 270, reserve = 240, peak = 270.
PHY-1001 : End phase 2; 0.326698s wall, 0.171875s user + 0.000000s system = 0.171875s CPU (52.6%)

PHY-1001 : ===== Detail Route Phase 3 =====
PHY-1001 : Ripup-reroute.....
PHY-1001 : ===== DR Iter 1 =====
PHY-1022 : len = 40424, over cnt = 0(0%), over = 0, worst = 0, crit = 0
PHY-1001 : End DR Iter 1; 0.007772s wall, 0.000000s user + 0.000000s system = 0.000000s CPU (n/a%)

PHY-1001 : Commit to database.....
PHY-5014 WARNING: Detail route doesn't find pib for pll_inst/pll_inst.ssc_en[0]
PHY-5014 WARNING: Detail route doesn't find pib for pll_inst/pll_inst.dsm_refclk[0]
PHY-5014 WARNING: Detail route doesn't find pib for pll_inst/pll_inst.frac_offset_valid[0]
PHY-5014 WARNING: Detail route doesn't find pib for pll_inst/pll_inst.dsm_rst[0]
PHY-1001 : 2 feed throughs used by 2 nets
PHY-1001 : End commit to database; 0.072330s wall, 0.046875s user + 0.015625s system = 0.062500s CPU (86.4%)

PHY-1001 : Current memory(MB): used = 277, reserve = 247, peak = 277.
PHY-1001 : End phase 3; 0.111750s wall, 0.046875s user + 0.031250s system = 0.078125s CPU (69.9%)

PHY-1003 : Routed, final wirelength = 40424
PHY-1001 : Current memory(MB): used = 277, reserve = 247, peak = 277.
PHY-1001 : End export database. 0.002778s wall, 0.000000s user + 0.000000s system = 0.000000s CPU (n/a%)

PHY-1001 : End detail routing;  2.288642s wall, 0.859375s user + 0.078125s system = 0.937500s CPU (41.0%)

RUN-1003 : finish command "route" in  2.526101s wall, 0.953125s user + 0.078125s system = 1.031250s CPU (40.8%)

RUN-1004 : used memory is 246 MB, reserved memory is 216 MB, peak memory is 277 MB
RUN-1002 : start command "report_area -io_info -file FOC_Controller_phy.area"
RUN-1001 : standard
***Report Model: TOP Device: SF1S60CG121I***

IO Statistics
#IO                        14
  #input                    3
  #output                  10
  #inout                    1

Utilization Statistics
#lut                      415   out of   5824    7.13%
#reg                      173   out of   5824    2.97%
#le                       442
  #lut only               269   out of    442   60.86%
  #reg only                27   out of    442    6.11%
  #lut&reg                146   out of    442   33.03%
#dsp                        0   out of     10    0.00%
#bram                       0   out of     26    0.00%
  #bram9k                   0
  #fifo9k                   0
#hard-ip                    0
  #mcu                      0   out of      1    0.00%
  #dsc                      0   out of      1    0.00%
  #dsi                      0   out of      2    0.00%
  #psram controller         0   out of      2    0.00%
#pad                       14   out of     55   25.45%
  #ireg                     0
  #oreg                     7
  #treg                     1
#pll                        1   out of      2   50.00%
#gclk                       1   out of     16    6.25%

Clock Resource Statistics
Index     ClockNet             Type               DriverType         Driver                     Fanout
#1        pll_inst/clk0_buf    GCLK               pll                pll_inst/pll_inst.clkc0    111
#2        clk_25m_dup_1        GCLK               io                 clk_25m_syn_2.di           1


Detailed IO Report

    Name      Direction    Location    IOStandard    DriveStrength    PullType     PackReg   
  clk_25m       INPUT         D7        LVCMOS18          N/A          PULLUP       NONE     
    rstn        INPUT         J2        LVCMOS18          N/A           NONE        NONE     
  spi_miso      INPUT         B9        LVCMOS18          N/A          PULLUP       NONE     
  i2c_scl      OUTPUT         G3        LVCMOS18           8            NONE        OREG     
    led0       OUTPUT         J5        LVCMOS18           8            NONE        OREG     
   pwm_a       OUTPUT        C10        LVCMOS18           8            NONE        NONE     
   pwm_b       OUTPUT        C11        LVCMOS18           8            NONE        NONE     
   pwm_c       OUTPUT        E11        LVCMOS18           8            NONE        NONE     
   pwm_en      OUTPUT        F11        LVCMOS18           8            NONE        NONE     
  spi_mosi     OUTPUT         B8        LVCMOS18           8            NONE        OREG     
  spi_sck      OUTPUT         A9        LVCMOS18           8            NONE        OREG     
   spi_ss      OUTPUT         A8        LVCMOS18           8            NONE        OREG     
  uart_tx      OUTPUT         A4        LVCMOS18           8            NONE        OREG     
  i2c_sda       INOUT         H3        LVCMOS18           8           PULLUP     OREG;TREG  

Report Hierarchy Area:
+-----------------------------------------------------------------------------------------+
|Instance         |Module            |le     |lut     |ripple  |seq     |bram    |dsp     |
+-----------------------------------------------------------------------------------------+
|top              |TOP               |442    |316     |99      |181     |0       |0       |
|  pll_inst       |pll               |0      |0       |0       |0       |0       |0       |
|  u_adc_ad7928   |adc_ad7928        |48     |44      |4       |24      |0       |0       |
|  u_as5600_read  |i2c_register_read |241    |158     |80      |35      |0       |0       |
|  u_uart_monitor |uart_monitor      |106    |101     |3       |87      |0       |0       |
+-----------------------------------------------------------------------------------------+


DataNet Average Fanout:

   Index     Fanout     Nets  
    #1          1       257   
    #2          2        93   
    #3          3        28   
    #4          4        17   
    #5        5-10       40   
    #6        11-50      18   
    #7       101-500     1    
  Average     2.79            

RUN-1002 : start command "export_db FOC_Controller_pr.db"
RUN-1001 : Exported /
RUN-1001 : Exported flow parameters
RUN-1001 : Exported libs
RUN-1001 : Exported entities
RUN-1001 : Exported ports
RUN-1001 : Exported pins
RUN-1001 : Exported instances
RUN-1001 : Exported nets
RUN-1001 : Exported buses
RUN-1001 : Exported models
RUN-1001 : Exported congestions
RUN-1001 : Exported violations
RUN-1001 : Exported IO constraints
RUN-1001 : Exported Inst constraints
RUN-1002 : start command "export_bid FOC_Controller_inst.bid"
RUN-1002 : start command "bitgen -bit FOC_Controller.bit"
BIT-1003 : Start to generate bitstream. 
BIT-1002 : Init instances with 12 threads.
BIT-1002 : Init instances completely, inst num: 244
BIT-1002 : Init pips with 12 threads.
BIT-1002 : Init pips completely, net num: 472, pip num: 3970
BIT-1002 : Init feedthrough completely, num: 2
BIT-1003 : Multithreading accelaration with 12 threads.
BIT-1003 : Generate bitstream completely, there are 407 valid insts, and 12782 bits set as '1'.
BIT-1004 : Generate bits file FOC_Controller.bit.
RUN-1003 : finish command "bitgen -bit FOC_Controller.bit" in  1.046932s wall, 2.687500s user + 0.062500s system = 2.750000s CPU (262.7%)

RUN-1004 : used memory is 251 MB, reserved memory is 223 MB, peak memory is 429 MB
RUN-1002 : start command "backup_run_log run.log ../.logs/phy_1/td_20231107_000621.log"
