============================================================
   Tang Dynasty, V5.6.71036
      Copyright (c) 2012-2023 Anlogic Inc.
   Executable = D:/Anlogic/TD5.6.2/bin/td.exe
   Built at =   20:34:38 Mar 21 2023
   Run by =     15597
   Run Date =   Wed Nov  8 21:36:44 2023

   Run on =     XR097-DELL-G7
============================================================
RUN-1002 : start command "open_project FOC_Controller.prj"
RUN-1001 : Print Global Property
RUN-1001 : ---------------------------------------------------------------
RUN-1001 :        Parameters        |  Settings  |  Default Values  |  Note  
RUN-1001 : ---------------------------------------------------------------
RUN-1001 :          message         |  standard  |     standard     |        
RUN-1001 :   mixed_pack_place_flow  |     on     |        on        |        
RUN-1001 :        qor_monitor       |    off     |       off        |        
RUN-1001 :        syn_ip_flow       |    off     |       off        |        
RUN-1001 :          thread          |    auto    |       auto       |        
RUN-1001 : ---------------------------------------------------------------
RUN-1001 : Print Design Property
RUN-1001 : --------------------------------------------------------------
RUN-1001 :        Parameters       |  Settings  |  Default Values  |  Note  
RUN-1001 : --------------------------------------------------------------
RUN-1001 :   default_reg_initial   |    auto    |       auto       |        
RUN-1001 :        infer_add        |     on     |        on        |        
RUN-1001 :        infer_fsm        |    off     |       off        |        
RUN-1001 :        infer_mult       |     on     |        on        |        
RUN-1001 :        infer_ram        |     on     |        on        |        
RUN-1001 :        infer_reg        |     on     |        on        |        
RUN-1001 :   infer_reg_init_value  |     on     |        on        |        
RUN-1001 :        infer_rom        |     on     |        on        |        
RUN-1001 :      infer_shifter      |     on     |        on        |        
RUN-1001 : --------------------------------------------------------------
RUN-1001 : Print Rtl Property
RUN-1001 : --------------------------------------------------------------
RUN-1001 :        Parameters       |  Settings  |  Default Values  |  Note  
RUN-1001 : --------------------------------------------------------------
RUN-1001 :       compress_add      |   ripple   |      ripple      |        
RUN-1001 :        elf_sload        |    off     |       off        |        
RUN-1001 :       fix_undriven      |     0      |        0         |        
RUN-1001 :         flatten         |    off     |       off        |        
RUN-1001 :       gate_sharing      |     on     |        on        |        
RUN-1001 :    hdl_warning_level    |   normal   |      normal      |        
RUN-1001 :   impl_internal_tribuf  |     on     |        on        |        
RUN-1001 :      impl_set_reset     |     on     |        on        |        
RUN-1001 :        infer_gsr        |    off     |       off        |        
RUN-1001 :      keep_hierarchy     |    auto    |       auto       |        
RUN-1001 :        max_fanout       |    9999    |       9999       |        
RUN-1001 :      max_oh2bin_len     |     10     |        10        |        
RUN-1001 :       merge_equal       |     on     |        on        |        
RUN-1001 :       merge_equiv       |     on     |        on        |        
RUN-1001 :        merge_mux        |    off     |       off        |        
RUN-1001 :     min_control_set     |     8      |        8         |        
RUN-1001 :      min_ripple_len     |    auto    |       auto       |        
RUN-1001 :       oh2bin_ratio      |    0.08    |       0.08       |        
RUN-1001 :     opt_adder_fanout    |     on     |        on        |        
RUN-1001 :        opt_arith        |     on     |        on        |        
RUN-1001 :       opt_big_gate      |    off     |       off        |        
RUN-1001 :        opt_const        |     on     |        on        |        
RUN-1001 :      opt_const_mult     |     on     |        on        |        
RUN-1001 :       opt_lessthan      |     on     |        on        |        
RUN-1001 :         opt_mux         |    off     |       off        |        
RUN-1001 :         opt_ram         |    high    |       high       |        
RUN-1001 :      rtl_sim_model      |    off     |       off        |        
RUN-1001 :         seq_syn         |     on     |        on        |        
RUN-1001 : --------------------------------------------------------------
HDL-1007 : analyze verilog file ../../al_ip/pll.v
HDL-1007 : undeclared symbol 'open', assumed default net type 'wire' in ../../al_ip/pll.v(88)
HDL-1007 : analyze verilog file ../../RTL/adc_ad7928.v
HDL-1007 : analyze verilog file ../../RTL/foc/cartesian2polar.v
HDL-1007 : analyze verilog file ../../RTL/foc/clark_tr.v
HDL-1007 : analyze verilog file ../../RTL/foc/foc_top.v
HDL-1007 : analyze verilog file ../../RTL/foc/hold_detect.v
HDL-1007 : analyze verilog file ../../RTL/foc/park_tr.v
HDL-1007 : analyze verilog file ../../RTL/foc/pi_controller.v
HDL-1007 : analyze verilog file ../../RTL/foc/sincos.v
HDL-1007 : analyze verilog file ../../RTL/foc/svpwm.v
HDL-1007 : analyze verilog file ../../RTL/fpga_top.v
HDL-1007 : analyze verilog file ../../RTL/i2c_register_read.v
HDL-1007 : analyze verilog file ../../RTL/uart_monitor.v
HDL-1007 : analyze verilog file ../../hall_sensor.v
HDL-1007 : analyze verilog file ../../TOP_test.v
HDL-1007 : analyze verilog file ../../AS5600_sensor.v
RUN-1001 : Project manager successfully analyzed 16 source files.
RUN-1002 : start command "import_device sf1_6.db -package SF1S60CG121I"
ARC-1001 : Device Initialization.
ARC-1001 : -------------------------------------------------
ARC-1001 :       OPTION       |      IO       |   SETTING   
ARC-1001 : -------------------------------------------------
ARC-1001 :        done        |      B4       |    gpio    
ARC-1001 :        initn       |      A5       |    gpio    
ARC-1001 :       jtagen       |      B7       |    gpio    
ARC-1001 :      programn      |      B5       |  dedicate  
ARC-1001 :   tdi/tms/tck/tdo  |  C4/A6/A7/C5  |  dedicate  
ARC-1001 : -------------------------------------------------
ARC-1004 : Device setting, marked 5 dedicate IOs in total.
RUN-1002 : start command "import_db ../syn_1/FOC_Controller_gate.db"
RUN-1001 : Importing database generated by Tang Dynasty, V5.6.71036.
RUN-1001 : Database version number 46146.
RUN-1001 : Import flow parameters
RUN-1001 : Import IO constraints
RUN-1001 : Import Inst constraints
RUN-1001 : Import design success TD_VERSION=5.6.71036 , DB_VERSION=46146
RUN-1003 : finish command "import_db ../syn_1/FOC_Controller_gate.db" in  1.160172s wall, 0.718750s user + 0.046875s system = 0.765625s CPU (66.0%)

RUN-1004 : used memory is 229 MB, reserved memory is 203 MB, peak memory is 232 MB
RUN-1002 : start command "place"
RUN-1001 : Open license file D:/Anlogic/TD5.6.2/license/Anlogic.lic
RUN-1001 : Print Global Property
RUN-1001 : ---------------------------------------------------------------
RUN-1001 :        Parameters        |  Settings  |  Default Values  |  Note  
RUN-1001 : ---------------------------------------------------------------
RUN-1001 :          message         |  standard  |     standard     |        
RUN-1001 :   mixed_pack_place_flow  |     on     |        on        |        
RUN-1001 :        qor_monitor       |    off     |       off        |        
RUN-1001 :        syn_ip_flow       |    off     |       off        |        
RUN-1001 :          thread          |    auto    |       auto       |        
RUN-1001 : ---------------------------------------------------------------
RUN-1001 : Print Place Property
RUN-1001 : --------------------------------------------------------------
RUN-1001 :        Parameters       |  Settings  |  Default Values  |  Note  
RUN-1001 : --------------------------------------------------------------
RUN-1001 :      detailed_place     |     on     |        on        |        
RUN-1001 :          effort         |   medium   |      medium      |        
RUN-1001 :         fix_hold        |    off     |       off        |        
RUN-1001 :       legalization      |    ori     |       ori        |        
RUN-1001 :      new_spreading      |     on     |        on        |        
RUN-1001 :        opt_timing       |   medium   |      medium      |        
RUN-1001 :   post_clock_route_opt  |    off     |       off        |        
RUN-1001 :       pr_strategy       |     1      |        1         |        
RUN-1001 :        relaxation       |    1.00    |       1.00       |        
RUN-1001 :         retiming        |    off     |       off        |        
RUN-1001 : --------------------------------------------------------------
PHY-3001 : Placer runs in 12 thread(s).
RUN-1002 : start command "legalize_phy_inst"
SYN-1011 : Flatten model TOP_test
RUN-1002 : start command "phys_opt -simplify_lut"
SYN-4016 : Net u_pll/clk0_out driven by BUFG (0 clock/control pins, 1 other pins).
SYN-4027 : Net u_foc_controller/u_adc_ad7928/clk is clkc1 of pll u_pll/pll_inst.
SYN-4019 : Net I_clk_25m_dup_1 is refclk of pll u_pll/pll_inst.
SYN-4020 : Net I_clk_25m_dup_1 is fbclk of pll u_pll/pll_inst.
SYN-4024 : Net "u_foc_controller/u_foc_top/init_done" drives clk pins.
SYN-4025 : Tag rtl::Net I_clk_25m_dup_1 as clock net
SYN-4025 : Tag rtl::Net u_foc_controller/u_adc_ad7928/clk as clock net
SYN-4025 : Tag rtl::Net u_foc_controller/u_foc_top/init_done as clock net
SYN-4025 : Tag rtl::Net u_pll/clk0_out as clock net
SYN-4026 : Tagged 4 rtl::Net as clock net
SYN-4015 : Create BUFG instance for clk Net u_foc_controller/u_foc_top/init_done to drive 12 clock pins.
PHY-1001 : Populate physical database on model TOP_test.
RUN-1001 : There are total 3447 instances
RUN-0007 : 1168 luts, 1296 seqs, 605 mslices, 332 lslices, 18 pads, 11 brams, 10 dsps
RUN-1001 : There are total 4818 nets
RUN-1001 : 3360 nets have 2 pins
RUN-1001 : 1125 nets have [3 - 5] pins
RUN-1001 : 186 nets have [6 - 10] pins
RUN-1001 : 92 nets have [11 - 20] pins
RUN-1001 : 48 nets have [21 - 99] pins
RUN-1001 : 7 nets have 100+ pins
RUN-1001 : Report Control nets information:
RUN-1001 : DFF Distribution
RUN-1001 : ----------------------------------
RUN-1001 :   CE   |  SSR  |  ASR  |  DFF Count  
RUN-1001 : ----------------------------------
RUN-1001 :   No   |  No   |  No   |     40      
RUN-1001 :   No   |  No   |  Yes  |     433     
RUN-1001 :   No   |  Yes  |  No   |      9      
RUN-1001 :   Yes  |  No   |  No   |      0      
RUN-1001 :   Yes  |  No   |  Yes  |     814     
RUN-1001 :   Yes  |  Yes  |  No   |      0      
RUN-1001 : ----------------------------------
RUN-0007 : Control Group Statistic
RUN-0007 : ---------------------------
RUN-0007 :   #CLK  |  #CE  |  #SSR/ASR  
RUN-0007 : ---------------------------
RUN-0007 :    2    |  30   |     4      
RUN-0007 : ---------------------------
RUN-0007 : Control Set = 34
PHY-3001 : Initial placement ...
PHY-3001 : design contains 3444 instances, 1168 luts, 1296 seqs, 937 slices, 126 macros(937 instances: 605 mslices 332 lslices)
PHY-0007 : Cell area utilization is 52%
PHY-3001 : Global placement ...
PHY-3001 : Initial: Len = 657430
PHY-3001 : Run with size of 3
PHY-3001 : Cell area utilization is 52%
PHY-3001 : :::0::: Try harder cell spreading with beta_ = 0
PHY-3002 : Step(1): len = 423752, overlap = 73.5625
PHY-3002 : Step(2): len = 394574, overlap = 94.875
PHY-3002 : Step(3): len = 248044, overlap = 132.375
PHY-3002 : Step(4): len = 218920, overlap = 145.188
PHY-3002 : Step(5): len = 206645, overlap = 142.844
PHY-3002 : Step(6): len = 170872, overlap = 147.062
PHY-3002 : Step(7): len = 161532, overlap = 145.781
PHY-3002 : Step(8): len = 147098, overlap = 156.781
PHY-3002 : Step(9): len = 137574, overlap = 167.062
PHY-3002 : Step(10): len = 122428, overlap = 175
PHY-3002 : Step(11): len = 108652, overlap = 196.938
PHY-3002 : Step(12): len = 94591.1, overlap = 195.812
PHY-3002 : Step(13): len = 91754.9, overlap = 199.406
PHY-3002 : Step(14): len = 88362.7, overlap = 201.125
PHY-3001 : :::1::: Try harder cell spreading with beta_ = 9.16759e-06
PHY-3002 : Step(15): len = 90119.6, overlap = 191.875
PHY-3002 : Step(16): len = 92315.4, overlap = 185.25
PHY-3002 : Step(17): len = 94421.3, overlap = 173.656
PHY-3002 : Step(18): len = 97326.6, overlap = 160.469
PHY-3002 : Step(19): len = 101461, overlap = 108.438
PHY-3002 : Step(20): len = 97545.2, overlap = 111.281
PHY-3002 : Step(21): len = 95936.2, overlap = 108.531
PHY-3002 : Step(22): len = 93814.4, overlap = 112.531
PHY-3002 : Step(23): len = 89917.8, overlap = 110.656
PHY-3002 : Step(24): len = 88233.6, overlap = 99.1875
PHY-3002 : Step(25): len = 86883.2, overlap = 97.5625
PHY-3002 : Step(26): len = 86529.7, overlap = 101.969
PHY-3002 : Step(27): len = 84940.7, overlap = 104.125
PHY-3002 : Step(28): len = 82453.4, overlap = 96.0312
PHY-3002 : Step(29): len = 81646.5, overlap = 86.2188
PHY-3002 : Step(30): len = 82697.6, overlap = 84.2812
PHY-3002 : Step(31): len = 82720.1, overlap = 81.0625
PHY-3002 : Step(32): len = 81248.1, overlap = 77.7812
PHY-3002 : Step(33): len = 80975.6, overlap = 74.4062
PHY-3002 : Step(34): len = 78923.5, overlap = 80.6875
PHY-3002 : Step(35): len = 78650.5, overlap = 82.4062
PHY-3002 : Step(36): len = 78459.1, overlap = 90.9062
PHY-3002 : Step(37): len = 77670.7, overlap = 90.3125
PHY-3002 : Step(38): len = 77204.7, overlap = 93.6875
PHY-3002 : Step(39): len = 76861.6, overlap = 95.25
PHY-3001 : :::2::: Try harder cell spreading with beta_ = 1.83352e-05
PHY-3002 : Step(40): len = 77354.1, overlap = 92.7188
PHY-3002 : Step(41): len = 77431.8, overlap = 92.5625
PHY-3002 : Step(42): len = 78036.1, overlap = 86.7812
PHY-3001 : :::3::: Try harder cell spreading with beta_ = 3.05394e-05
PHY-3002 : Step(43): len = 79079.4, overlap = 85.6875
PHY-3002 : Step(44): len = 79511, overlap = 85.4688
PHY-3002 : Step(45): len = 80299.1, overlap = 86.5
PHY-3001 : Legalization ...
PHY-3001 : End legalization;  0.013156s wall, 0.000000s user + 0.000000s system = 0.000000s CPU (n/a%)

PHY-3001 : Run with size of 3
PHY-3001 : Cell area utilization is 59%
PHY-3001 : Analyzing congestion ...
RUN-1001 : Generating global routing grids ...
RUN-1001 : Building simple global routing graph ...
PHY-1001 : Generate routing nets ...
PHY-1001 : Reuse net number 0/4818.
PHY-1001 : Global iterations in 12 thread ...
PHY-1002 : len = 116184, over cnt = 559(5%), over = 3337, worst = 45
PHY-1001 : End global iterations;  0.245117s wall, 0.093750s user + 0.015625s system = 0.109375s CPU (44.6%)

PHY-1001 : Congestion index: top1 = 133.40, top5 = 77.58, top10 = 60.58, top15 = 51.80.
PHY-3001 : End congestion estimation;  0.302964s wall, 0.140625s user + 0.015625s system = 0.156250s CPU (51.6%)

PHY-3001 : Update density targets...
PHY-3001 : Update congestion history...
PHY-3001 : :::0::: Try harder cell spreading with beta_ = 1.58141e-06
PHY-3002 : Step(46): len = 100372, overlap = 107.406
PHY-3002 : Step(47): len = 100535, overlap = 120.688
PHY-3002 : Step(48): len = 94508.5, overlap = 125.094
PHY-3002 : Step(49): len = 94693, overlap = 124.25
PHY-3002 : Step(50): len = 89535.6, overlap = 162
PHY-3002 : Step(51): len = 88674, overlap = 201.219
PHY-3002 : Step(52): len = 81727.3, overlap = 211.969
PHY-3002 : Step(53): len = 78999.1, overlap = 216.625
PHY-3002 : Step(54): len = 78717.6, overlap = 225.812
PHY-3002 : Step(55): len = 77535.2, overlap = 211.438
PHY-3002 : Step(56): len = 77003.7, overlap = 203.406
PHY-3002 : Step(57): len = 75082.7, overlap = 204.469
PHY-3002 : Step(58): len = 73295, overlap = 206.938
PHY-3002 : Step(59): len = 73307.9, overlap = 208.219
PHY-3002 : Step(60): len = 73133, overlap = 208.719
PHY-3001 : :::1::: Try harder cell spreading with beta_ = 3.16283e-06
PHY-3002 : Step(61): len = 73177.5, overlap = 209.594
PHY-3002 : Step(62): len = 73423.5, overlap = 209.594
PHY-3002 : Step(63): len = 75433.8, overlap = 202.656
PHY-3002 : Step(64): len = 75910.8, overlap = 193.969
PHY-3002 : Step(65): len = 77309.6, overlap = 178.625
PHY-3002 : Step(66): len = 78326, overlap = 165.875
PHY-3002 : Step(67): len = 77916.1, overlap = 153.062
PHY-3002 : Step(68): len = 78284.9, overlap = 150.656
PHY-3002 : Step(69): len = 78480.5, overlap = 147.312
PHY-3001 : :::2::: Try harder cell spreading with beta_ = 6.32565e-06
PHY-3002 : Step(70): len = 79038.5, overlap = 150
PHY-3002 : Step(71): len = 79306.7, overlap = 158.125
PHY-3002 : Step(72): len = 83108.8, overlap = 147.094
PHY-3002 : Step(73): len = 83108.8, overlap = 147.094
PHY-3002 : Step(74): len = 81395.5, overlap = 143.188
PHY-3002 : Step(75): len = 81395.5, overlap = 143.188
PHY-3002 : Step(76): len = 80931.1, overlap = 144.438
PHY-3001 : :::3::: Try harder cell spreading with beta_ = 1.10195e-05
PHY-3002 : Step(77): len = 88509.3, overlap = 128.562
PHY-3002 : Step(78): len = 89511.2, overlap = 133.875
PHY-3002 : Step(79): len = 88027.5, overlap = 126.125
PHY-3002 : Step(80): len = 88892.3, overlap = 121.375
PHY-3002 : Step(81): len = 90219.5, overlap = 98.4688
PHY-3001 : :::4::: Try harder cell spreading with beta_ = 2.20389e-05
PHY-3002 : Step(82): len = 91190.2, overlap = 90
PHY-3002 : Step(83): len = 91997.5, overlap = 89.5938
PHY-3002 : Step(84): len = 98587.5, overlap = 56.875
PHY-3002 : Step(85): len = 100860, overlap = 50.2812
PHY-3002 : Step(86): len = 98085.7, overlap = 60.0625
PHY-3002 : Step(87): len = 96638.6, overlap = 61.5625
PHY-3002 : Step(88): len = 96045.3, overlap = 60.0625
PHY-3001 : :::5::: Try harder cell spreading with beta_ = 4.40778e-05
PHY-3002 : Step(89): len = 99122.9, overlap = 55.7188
PHY-3002 : Step(90): len = 100133, overlap = 55.6875
PHY-3002 : Step(91): len = 103855, overlap = 52.7812
PHY-3002 : Step(92): len = 105754, overlap = 42.3438
PHY-3002 : Step(93): len = 103880, overlap = 36.7812
PHY-3002 : Step(94): len = 102908, overlap = 46.3438
PHY-3002 : Step(95): len = 101765, overlap = 47.1562
PHY-3001 : :::6::: Try harder cell spreading with beta_ = 8.81556e-05
PHY-3002 : Step(96): len = 104431, overlap = 41.0625
PHY-3002 : Step(97): len = 105209, overlap = 42.4688
PHY-3002 : Step(98): len = 106269, overlap = 43.375
PHY-3001 : :::7::: Try harder cell spreading with beta_ = 0.000176311
PHY-3002 : Step(99): len = 109698, overlap = 40.1562
PHY-3002 : Step(100): len = 112983, overlap = 50.9062
PHY-3002 : Step(101): len = 112636, overlap = 41.5
PHY-3002 : Step(102): len = 112516, overlap = 41.25
PHY-3002 : Step(103): len = 111281, overlap = 41.9062
PHY-3002 : Step(104): len = 110481, overlap = 43.875
PHY-3002 : Step(105): len = 110083, overlap = 38.9688
PHY-3001 : :::8::: Try harder cell spreading with beta_ = 0.000344669
PHY-3002 : Step(106): len = 111817, overlap = 37.8438
PHY-3002 : Step(107): len = 113787, overlap = 35.625
PHY-3002 : Step(108): len = 115240, overlap = 39.4375
PHY-3002 : Step(109): len = 115539, overlap = 40.4688
PHY-3002 : Step(110): len = 115794, overlap = 39.4375
PHY-3002 : Step(111): len = 116226, overlap = 33.9375
PHY-3002 : Step(112): len = 116762, overlap = 32.4062
PHY-3001 : :::9::: Try harder cell spreading with beta_ = 0.000689338
PHY-3002 : Step(113): len = 117377, overlap = 37.5625
PHY-3002 : Step(114): len = 118226, overlap = 37.8125
PHY-3002 : Step(115): len = 118840, overlap = 36.6875
PHY-3001 : Run with size of 1
PHY-3001 : Cell area utilization is 59%
PHY-3001 : Analyzing congestion ...
RUN-1001 : Generating global routing grids ...
PHY-1001 : Generate routing nets ...
PHY-1001 : Reuse net number 3/4818.
PHY-1001 : Global iterations in 12 thread ...
PHY-1002 : len = 130848, over cnt = 587(5%), over = 2850, worst = 25
PHY-1001 : End global iterations;  0.256381s wall, 0.140625s user + 0.015625s system = 0.156250s CPU (60.9%)

PHY-1001 : Congestion index: top1 = 65.49, top5 = 52.65, top10 = 45.72, top15 = 41.23.
PHY-3001 : End congestion estimation;  0.313070s wall, 0.140625s user + 0.015625s system = 0.156250s CPU (49.9%)

PHY-3001 : Update density targets...
PHY-3001 : Update congestion history...
PHY-3001 : :::0::: Try harder cell spreading with beta_ = 4.97324e-05
PHY-3002 : Step(116): len = 119099, overlap = 185.562
PHY-3002 : Step(117): len = 119248, overlap = 187.938
PHY-3002 : Step(118): len = 114182, overlap = 158.344
PHY-3002 : Step(119): len = 113580, overlap = 157.938
PHY-3002 : Step(120): len = 111992, overlap = 169.375
PHY-3002 : Step(121): len = 110291, overlap = 161.781
PHY-3002 : Step(122): len = 108058, overlap = 166.312
PHY-3002 : Step(123): len = 106182, overlap = 174.844
PHY-3002 : Step(124): len = 104810, overlap = 174.438
PHY-3002 : Step(125): len = 102679, overlap = 165.719
PHY-3002 : Step(126): len = 102088, overlap = 165.469
PHY-3002 : Step(127): len = 100308, overlap = 173.094
PHY-3002 : Step(128): len = 100083, overlap = 171.531
PHY-3002 : Step(129): len = 99316.4, overlap = 171.875
PHY-3002 : Step(130): len = 99151.1, overlap = 173.375
PHY-3002 : Step(131): len = 98352.1, overlap = 153.719
PHY-3002 : Step(132): len = 97983.4, overlap = 160.156
PHY-3002 : Step(133): len = 97737.5, overlap = 158.969
PHY-3001 : :::1::: Try harder cell spreading with beta_ = 9.94649e-05
PHY-3002 : Step(134): len = 99451.4, overlap = 157.969
PHY-3002 : Step(135): len = 100535, overlap = 158.969
PHY-3002 : Step(136): len = 101730, overlap = 157.25
PHY-3001 : :::2::: Try harder cell spreading with beta_ = 0.000179481
PHY-3002 : Step(137): len = 102731, overlap = 151.594
PHY-3002 : Step(138): len = 103937, overlap = 145.344
PHY-3002 : Step(139): len = 105922, overlap = 134
PHY-3002 : Step(140): len = 107634, overlap = 132.781
PHY-3002 : Step(141): len = 108440, overlap = 127.781
PHY-3002 : Step(142): len = 108621, overlap = 121.812
PHY-3001 : :::3::: Try harder cell spreading with beta_ = 0.000358962
PHY-3002 : Step(143): len = 109388, overlap = 122.406
PHY-3002 : Step(144): len = 110069, overlap = 122.969
PHY-3002 : Step(145): len = 111008, overlap = 134.938
PHY-3001 : :::4::: Try harder cell spreading with beta_ = 0.000580801
PHY-3002 : Step(146): len = 111171, overlap = 131.094
PHY-3002 : Step(147): len = 112749, overlap = 129.469
PHY-3002 : Step(148): len = 115032, overlap = 133.656
PHY-3002 : Step(149): len = 116016, overlap = 130.875
PHY-3002 : Step(150): len = 116131, overlap = 132.344
PHY-3002 : Step(151): len = 116006, overlap = 131.438
PHY-3001 : :::5::: Try harder cell spreading with beta_ = 0.000939735
PHY-3002 : Step(152): len = 116665, overlap = 131.5
PHY-3002 : Step(153): len = 117107, overlap = 130.719
PHY-3002 : Step(154): len = 117761, overlap = 130.375
PHY-3002 : Step(155): len = 119164, overlap = 122.312
PHY-3002 : Step(156): len = 120247, overlap = 121.25
PHY-3002 : Step(157): len = 120392, overlap = 119.594
PHY-3002 : Step(158): len = 120374, overlap = 116.625
PHY-3002 : Step(159): len = 120327, overlap = 117.562
PHY-3002 : Step(160): len = 120299, overlap = 115.875
PHY-3002 : Step(161): len = 120273, overlap = 114.344
PHY-3001 : :::6::: Try harder cell spreading with beta_ = 0.00152049
PHY-3002 : Step(162): len = 120601, overlap = 113.438
PHY-3002 : Step(163): len = 121720, overlap = 111.344
PHY-3002 : Step(164): len = 122555, overlap = 111.75
PHY-3002 : Step(165): len = 122961, overlap = 113.156
PHY-3002 : Step(166): len = 123298, overlap = 111.594
PHY-3002 : Step(167): len = 123530, overlap = 111.5
PHY-3002 : Step(168): len = 123517, overlap = 111.188
PHY-3001 : :::7::: Try harder cell spreading with beta_ = 0.0025812
PHY-3002 : Step(169): len = 123922, overlap = 110.531
PHY-3002 : Step(170): len = 124232, overlap = 111.062
PHY-3001 : :::8::: Try harder cell spreading with beta_ = 0.00417638
PHY-3002 : Step(171): len = 124332, overlap = 110
PHY-3002 : Step(172): len = 124800, overlap = 108.406
PHY-3002 : Step(173): len = 125245, overlap = 107.406
PHY-3002 : Step(174): len = 125609, overlap = 107.312
PHY-3002 : Step(175): len = 126099, overlap = 106.594
PHY-3002 : Step(176): len = 126486, overlap = 104.031
PHY-3002 : Step(177): len = 126908, overlap = 92.7812
PHY-3002 : Step(178): len = 127213, overlap = 92.6875
PHY-3002 : Step(179): len = 127426, overlap = 90.9688
PHY-3002 : Step(180): len = 127478, overlap = 91.2812
PHY-3002 : Step(181): len = 127612, overlap = 90.6562
OPT-1001 : Start physical optimization ...
OPT-1001 : Total overflow 90.66 peak overflow 1.62
OPT-1001 : Start high-fanout net optimization ...
OPT-1001 : Update timing in global mode
PHY-1001 : Start incremental global routing, caller is place ...
RUN-1001 : Generating global routing grids ...
PHY-1001 : Generate routing nets ...
PHY-1001 : Reuse net number 211/4818.
PHY-1001 : Global iterations in 12 thread ...
PHY-1002 : len = 147616, over cnt = 688(6%), over = 2236, worst = 15
PHY-1001 : End global iterations;  0.317987s wall, 0.140625s user + 0.000000s system = 0.140625s CPU (44.2%)

PHY-1001 : Congestion index: top1 = 58.54, top5 = 48.52, top10 = 43.23, top15 = 39.77.
PHY-1001 : End incremental global routing;  0.372226s wall, 0.171875s user + 0.000000s system = 0.171875s CPU (46.2%)

RUN-1002 : start command "start_timer -report"
TMR-5001 WARNING: No sdc constraints found while initiating timer.
TMR-2505 : Start building timing graph for model TOP_test.
TMR-2506 : Build timing graph completely. Port num: 18, tpin num: 17721, tnet num: 4815, tinst num: 3444, tnode num: 22550, tedge num: 30906.
TMR-2508 : Levelizing timing graph completed, there are 61 levels in total.
TMR-2501 : Timing graph initialized successfully.
OPT-1001 : End timing update;  0.446000s wall, 0.203125s user + 0.015625s system = 0.218750s CPU (49.0%)

OPT-1001 : 0 high-fanout net processed.
OPT-1001 : End high-fanout net optimization;  0.892215s wall, 0.390625s user + 0.015625s system = 0.406250s CPU (45.5%)

OPT-1001 : Current memory(MB): used = 299, reserve = 274, peak = 299.
OPT-1001 : End physical optimization;  0.928663s wall, 0.421875s user + 0.031250s system = 0.453125s CPU (48.8%)

PHY-3001 : Start packing ...
SYN-4007 : Packing 0 MUX to BLE ...
SYN-4008 : Packed 0 MUX and 0 SEQ to BLE.
SYN-4007 : Packing 1168 LUT to BLE ...
SYN-4008 : Packed 1168 LUT and 699 SEQ to BLE.
SYN-4003 : Packing 597 remaining SEQ's ...
SYN-4005 : Packed 260 SEQ with LUT/SLICE
SYN-4006 : 305 single LUT's are left
SYN-4006 : 337 single SEQ's are left
SYN-4011 : Packing model "TOP_test" (AL_USER_NORMAL) with 1505/2488 primitive instances ...
PHY-3001 : End packing;  0.150087s wall, 0.031250s user + 0.000000s system = 0.031250s CPU (20.8%)

PHY-1001 : Populate physical database on model TOP_test.
RUN-1001 : There are total 1795 instances
RUN-1001 : 875 mslices, 874 lslices, 18 pads, 11 brams, 10 dsps
RUN-1001 : There are total 4196 nets
RUN-1001 : 2797 nets have 2 pins
RUN-1001 : 1066 nets have [3 - 5] pins
RUN-1001 : 194 nets have [6 - 10] pins
RUN-1001 : 90 nets have [11 - 20] pins
RUN-1001 : 44 nets have [21 - 99] pins
RUN-1001 : 5 nets have 100+ pins
PHY-3001 : design contains 1792 instances, 1749 slices, 126 macros(937 instances: 605 mslices 332 lslices)
PHY-3001 : Cell area utilization is 66%
PHY-3001 : After packing: Len = 126745, Over = 119.75
PHY-3001 : Run with size of 1
PHY-3001 : Cell area utilization is 66%
PHY-3001 : Analyzing congestion ...
RUN-1001 : Generating global routing grids ...
PHY-1001 : Generate routing nets ...
PHY-1001 : Reuse net number 2534/4196.
PHY-1001 : Global iterations in 12 thread ...
PHY-1002 : len = 146576, over cnt = 507(4%), over = 1355, worst = 14
PHY-1002 : len = 151424, over cnt = 313(2%), over = 617, worst = 9
PHY-1002 : len = 154136, over cnt = 102(0%), over = 194, worst = 9
PHY-1002 : len = 156496, over cnt = 1(0%), over = 1, worst = 1
PHY-1002 : len = 156512, over cnt = 0(0%), over = 0, worst = 0
PHY-1001 : End global iterations;  0.386811s wall, 0.046875s user + 0.000000s system = 0.046875s CPU (12.1%)

PHY-1001 : Congestion index: top1 = 53.40, top5 = 43.11, top10 = 38.47, top15 = 35.64.
PHY-3001 : End congestion estimation;  0.452834s wall, 0.109375s user + 0.000000s system = 0.109375s CPU (24.2%)

PHY-3001 : Update density targets...
PHY-3001 : Update congestion history...
PHY-3001 : :::0::: Try harder cell spreading with beta_ = 3.37141e-05
PHY-3002 : Step(182): len = 110862, overlap = 133.25
PHY-3002 : Step(183): len = 108018, overlap = 137
PHY-3002 : Step(184): len = 106664, overlap = 141.75
PHY-3002 : Step(185): len = 105879, overlap = 142
PHY-3002 : Step(186): len = 104889, overlap = 139.25
PHY-3002 : Step(187): len = 104259, overlap = 139.5
PHY-3002 : Step(188): len = 104010, overlap = 143
PHY-3002 : Step(189): len = 103218, overlap = 136.25
PHY-3002 : Step(190): len = 102672, overlap = 134.25
PHY-3002 : Step(191): len = 102404, overlap = 133.75
PHY-3001 : :::1::: Try harder cell spreading with beta_ = 6.74282e-05
PHY-3002 : Step(192): len = 105789, overlap = 124
PHY-3002 : Step(193): len = 107488, overlap = 119.5
PHY-3002 : Step(194): len = 109691, overlap = 113.75
PHY-3001 : :::2::: Try harder cell spreading with beta_ = 0.000134856
PHY-3002 : Step(195): len = 111959, overlap = 110
PHY-3002 : Step(196): len = 113440, overlap = 108.25
PHY-3002 : Step(197): len = 116398, overlap = 102.25
PHY-3002 : Step(198): len = 117923, overlap = 99.5
PHY-3002 : Step(199): len = 118787, overlap = 96.75
PHY-3002 : Step(200): len = 119030, overlap = 96.75
PHY-3002 : Step(201): len = 118968, overlap = 90
PHY-3002 : Step(202): len = 119017, overlap = 87.75
PHY-3002 : Step(203): len = 119181, overlap = 85.5
PHY-3001 : :::3::: Try harder cell spreading with beta_ = 0.000260646
PHY-3002 : Step(204): len = 122083, overlap = 79.25
PHY-3002 : Step(205): len = 123637, overlap = 79
PHY-3002 : Step(206): len = 123830, overlap = 81.25
PHY-3002 : Step(207): len = 123957, overlap = 80
PHY-3002 : Step(208): len = 124251, overlap = 79.25
PHY-3001 : :::4::: Try harder cell spreading with beta_ = 0.000443687
PHY-3002 : Step(209): len = 125714, overlap = 76.75
PHY-3002 : Step(210): len = 127026, overlap = 71.75
PHY-3002 : Step(211): len = 127951, overlap = 70.5
PHY-3002 : Step(212): len = 128254, overlap = 72.5
PHY-3002 : Step(213): len = 128064, overlap = 69.5
PHY-3002 : Step(214): len = 128035, overlap = 69.75
PHY-3001 : Legalization ...
PHY-3001 : End legalization;  0.576520s wall, 0.078125s user + 0.125000s system = 0.203125s CPU (35.2%)

PHY-3001 : Trial Legalized: Len = 135404
PHY-3001 : Run with size of 1
PHY-3001 : Cell area utilization is 64%
PHY-3001 : Analyzing congestion ...
RUN-1001 : Generating global routing grids ...
PHY-1001 : Generate routing nets ...
PHY-1001 : Reuse net number 434/4196.
PHY-1001 : Global iterations in 12 thread ...
PHY-1002 : len = 157736, over cnt = 409(3%), over = 665, worst = 9
PHY-1002 : len = 159976, over cnt = 247(2%), over = 362, worst = 5
PHY-1002 : len = 162984, over cnt = 100(0%), over = 131, worst = 5
PHY-1002 : len = 164928, over cnt = 0(0%), over = 0, worst = 0
PHY-1001 : End global iterations;  0.479892s wall, 0.171875s user + 0.000000s system = 0.171875s CPU (35.8%)

PHY-1001 : Congestion index: top1 = 49.03, top5 = 40.92, top10 = 36.79, top15 = 34.40.
PHY-3001 : End congestion estimation;  0.550281s wall, 0.203125s user + 0.000000s system = 0.203125s CPU (36.9%)

PHY-3001 : Update density targets...
PHY-3001 : Update congestion history...
PHY-3001 : :::0::: Try harder cell spreading with beta_ = 6.75675e-05
PHY-3002 : Step(215): len = 125073, overlap = 43.25
PHY-3002 : Step(216): len = 122003, overlap = 59.5
PHY-3002 : Step(217): len = 121590, overlap = 61.75
PHY-3002 : Step(218): len = 121723, overlap = 60.75
PHY-3002 : Step(219): len = 121560, overlap = 58.75
PHY-3001 : :::1::: Try harder cell spreading with beta_ = 0.000135135
PHY-3002 : Step(220): len = 123460, overlap = 55
PHY-3002 : Step(221): len = 124351, overlap = 51.25
PHY-3002 : Step(222): len = 125135, overlap = 49
PHY-3001 : :::2::: Try harder cell spreading with beta_ = 0.00027027
PHY-3002 : Step(223): len = 126146, overlap = 43.25
PHY-3002 : Step(224): len = 126704, overlap = 43.75
PHY-3002 : Step(225): len = 127744, overlap = 42
PHY-3002 : Step(226): len = 128044, overlap = 41
PHY-3002 : Step(227): len = 128226, overlap = 42
PHY-3001 : Legalization ...
PHY-3001 : End legalization;  0.005053s wall, 0.000000s user + 0.000000s system = 0.000000s CPU (n/a%)

PHY-3001 : Legalized: Len = 129747, Over = 0
PHY-3001 : Spreading special nets. 1 overflows in 930 tiles.
PHY-3001 : End spreading;  0.009474s wall, 0.000000s user + 0.000000s system = 0.000000s CPU (n/a%)

PHY-3001 : 1 instances has been re-located, deltaX = 0, deltaY = 1, maxDist = 1.
PHY-3001 : Final: Len = 129755, Over = 0
RUN-1003 : finish command "place" in  11.083165s wall, 3.234375s user + 0.687500s system = 3.921875s CPU (35.4%)

RUN-1004 : used memory is 284 MB, reserved memory is 259 MB, peak memory is 300 MB
RUN-1002 : start command "export_db FOC_Controller_place.db"
RUN-1001 : Exported /
RUN-1001 : Exported flow parameters
RUN-1001 : Exported libs
RUN-1001 : Exported entities
RUN-1001 : Exported ports
RUN-1001 : Exported pins
RUN-1001 : Exported instances
RUN-1001 : Exported nets
RUN-1001 : Exported buses
RUN-1001 : Exported models
RUN-1001 : Exported congestions
RUN-1001 : Exported violations
RUN-1001 : Exported IO constraints
RUN-1001 : Exported Inst constraints
RUN-1003 : finish command "export_db FOC_Controller_place.db" in  1.065359s wall, 0.765625s user + 0.015625s system = 0.781250s CPU (73.3%)

RUN-1004 : used memory is 273 MB, reserved memory is 248 MB, peak memory is 359 MB
RUN-1002 : start command "route"
RUN-1001 : Open license file D:/Anlogic/TD5.6.2/license/Anlogic.lic
RUN-1001 : Print Global Property
RUN-1001 : ---------------------------------------------------------------
RUN-1001 :        Parameters        |  Settings  |  Default Values  |  Note  
RUN-1001 : ---------------------------------------------------------------
RUN-1001 :          message         |  standard  |     standard     |        
RUN-1001 :   mixed_pack_place_flow  |     on     |        on        |        
RUN-1001 :        qor_monitor       |    off     |       off        |        
RUN-1001 :        syn_ip_flow       |    off     |       off        |        
RUN-1001 :          thread          |    auto    |       auto       |        
RUN-1001 : ---------------------------------------------------------------
RUN-1001 : Print Route Property
RUN-1001 : -------------------------------------------------------
RUN-1001 :    Parameters    |  Settings  |  Default Values  |  Note  
RUN-1001 : -------------------------------------------------------
RUN-1001 :      effort      |   medium   |      medium      |        
RUN-1001 :     fix_hold     |    off     |       off        |        
RUN-1001 :    opt_timing    |   medium   |      medium      |        
RUN-1001 :   phy_sim_model  |    off     |       off        |        
RUN-1001 :     priority     |   timing   |      timing      |        
RUN-1001 :     swap_pin     |     on     |        on        |        
RUN-1001 : -------------------------------------------------------
PHY-1001 : Route runs in 12 thread(s)
RUN-1001 : There are total 1795 instances
RUN-1001 : 875 mslices, 874 lslices, 18 pads, 11 brams, 10 dsps
RUN-1001 : There are total 4196 nets
RUN-1001 : 2797 nets have 2 pins
RUN-1001 : 1066 nets have [3 - 5] pins
RUN-1001 : 194 nets have [6 - 10] pins
RUN-1001 : 90 nets have [11 - 20] pins
RUN-1001 : 44 nets have [21 - 99] pins
RUN-1001 : 5 nets have 100+ pins
RUN-1002 : start command "start_timer -report"
TMR-5001 WARNING: No sdc constraints found while initiating timer.
TMR-2505 : Start building timing graph for model TOP_test.
TMR-2506 : Build timing graph completely. Port num: 18, tpin num: 15009, tnet num: 4193, tinst num: 1792, tnode num: 18383, tedge num: 27550.
TMR-2508 : Levelizing timing graph completed, there are 59 levels in total.
TMR-2501 : Timing graph initialized successfully.
PHY-1001 : 875 mslices, 874 lslices, 18 pads, 11 brams, 10 dsps
TMR-2503 : Start to update net delay, extr mode = 3.
TMR-2504 : Update delay of 4193 nets completely.
TMR-2502 : Annotate delay completely, extr mode = 3.
TMR-3002 : No user constraint, initiate default constraint.
TMR-1501 : Assign derive clock DeriveClock to 1562 clock pins, and constraint 3372 relative nodes.
TMR-3003 : Constraints initiated successfully.
TMR-3501 : Forward propagation: start to calculate arrival time...
TMR-3502 : Backward propagation: start to calculate required time...
TMR-3503 : Timing propagation completes.
PHY-1001 : Start global routing, caller is route ...
RUN-1001 : Generating global routing grids ...
PHY-1001 : Generate routing nets ...
PHY-1001 : Global iterations in 12 thread ...
PHY-1002 : len = 149288, over cnt = 410(3%), over = 681, worst = 8
PHY-1002 : len = 151616, over cnt = 259(2%), over = 374, worst = 5
PHY-1002 : len = 154880, over cnt = 90(0%), over = 132, worst = 5
PHY-1002 : len = 156720, over cnt = 2(0%), over = 2, worst = 1
PHY-1002 : len = 156816, over cnt = 0(0%), over = 0, worst = 0
PHY-1001 : End global iterations;  0.533007s wall, 0.203125s user + 0.000000s system = 0.203125s CPU (38.1%)

PHY-1001 : Congestion index: top1 = 48.75, top5 = 40.38, top10 = 36.58, top15 = 34.01.
PHY-1001 : End global routing;  0.605734s wall, 0.203125s user + 0.000000s system = 0.203125s CPU (33.5%)

PHY-1001 : Start detail routing ...
PHY-1001 : Current memory(MB): used = 345, reserve = 321, peak = 359.
PHY-1001 : Detailed router is running in normal mode.
PHY-1001 : Generate detailed routing grids ...
PHY-1001 : Generate nets ...
PHY-1001 : net I_clk_25m_dup_1 will be routed on clock mesh
PHY-1001 : net u_foc_controller/u_adc_ad7928/clk will be routed on clock mesh
PHY-1001 : clock net u_foc_controller/u_foc_top/init_done_syn_4 will be merged with clock u_foc_controller/u_foc_top/init_done
PHY-1001 : clock net u_pll/clk0_out will be merged with clock u_pll/clk0_buf
PHY-1001 : Current memory(MB): used = 431, reserve = 408, peak = 431.
PHY-1001 : End build detailed router design. 1.907139s wall, 0.859375s user + 0.000000s system = 0.859375s CPU (45.1%)

PHY-1001 : Detail Route ...
PHY-1001 : ===== Detail Route Phase 1 =====
PHY-1001 : Clock net routing.....
PHY-1001 : Routed 0% nets.
PHY-1022 : len = 70432, over cnt = 0(0%), over = 0, worst = 0, crit = 0
PHY-1001 : End initial clock net routed; 0.361968s wall, 0.093750s user + 0.000000s system = 0.093750s CPU (25.9%)

PHY-1001 : Current memory(MB): used = 442, reserve = 420, peak = 442.
PHY-1001 : End phase 1; 0.364140s wall, 0.093750s user + 0.000000s system = 0.093750s CPU (25.7%)

PHY-1001 : ===== Detail Route Phase 2 =====
PHY-1001 : Initial routing.....
PHY-1001 : Routed 33% nets.
PHY-1001 : Routed 40% nets.
PHY-1001 : Routed 48% nets.
PHY-1001 : Routed 60% nets.
PHY-1001 : Routed 80% nets.
PHY-1022 : len = 377664, over cnt = 101(0%), over = 101, worst = 1, crit = 0
PHY-1001 : Current memory(MB): used = 443, reserve = 420, peak = 443.
PHY-1001 : End initial routed; 2.781381s wall, 1.140625s user + 0.031250s system = 1.171875s CPU (42.1%)

PHY-1001 : Current memory(MB): used = 443, reserve = 420, peak = 443.
PHY-1001 : End phase 2; 2.781429s wall, 1.140625s user + 0.031250s system = 1.171875s CPU (42.1%)

PHY-1001 : ===== Detail Route Phase 3 =====
PHY-1001 : Ripup-reroute.....
PHY-1001 : ===== DR Iter 1 =====
PHY-1022 : len = 376968, over cnt = 30(0%), over = 30, worst = 1, crit = 0
PHY-1001 : End DR Iter 1; 0.070433s wall, 0.031250s user + 0.000000s system = 0.031250s CPU (44.4%)

PHY-1001 : ===== DR Iter 2 =====
PHY-1022 : len = 377184, over cnt = 7(0%), over = 7, worst = 1, crit = 0
PHY-1001 : End DR Iter 2; 0.043263s wall, 0.031250s user + 0.000000s system = 0.031250s CPU (72.2%)

PHY-1001 : ===== DR Iter 3 =====
PHY-1022 : len = 377320, over cnt = 0(0%), over = 0, worst = 0, crit = 0
PHY-1001 : End DR Iter 3; 0.034215s wall, 0.015625s user + 0.000000s system = 0.015625s CPU (45.7%)

PHY-1001 : Commit to database.....
PHY-5014 WARNING: Detail route doesn't find pib for u_pll/pll_inst.frac_offset_valid[0]
PHY-5014 WARNING: Detail route doesn't find pib for u_pll/pll_inst.ssc_en[0]
PHY-5014 WARNING: Detail route doesn't find pib for u_pll/pll_inst.dsm_refclk[0]
PHY-5014 WARNING: Detail route doesn't find pib for u_pll/pll_inst.dsm_rst[0]
PHY-1001 : 9 feed throughs used by 9 nets
PHY-1001 : End commit to database; 0.560350s wall, 0.203125s user + 0.000000s system = 0.203125s CPU (36.2%)

PHY-1001 : Current memory(MB): used = 461, reserve = 439, peak = 461.
PHY-1001 : End phase 3; 0.765475s wall, 0.281250s user + 0.000000s system = 0.281250s CPU (36.7%)

PHY-1003 : Routed, final wirelength = 377320
PHY-1001 : Current memory(MB): used = 462, reserve = 440, peak = 462.
PHY-1001 : End export database. 0.011395s wall, 0.000000s user + 0.000000s system = 0.000000s CPU (n/a%)

PHY-1001 : End detail routing;  5.957829s wall, 2.421875s user + 0.046875s system = 2.468750s CPU (41.4%)

RUN-1003 : finish command "route" in  7.225693s wall, 2.812500s user + 0.062500s system = 2.875000s CPU (39.8%)

RUN-1004 : used memory is 395 MB, reserved memory is 377 MB, peak memory is 462 MB
RUN-1002 : start command "report_area -io_info -file FOC_Controller_phy.area"
RUN-1001 : standard
***Report Model: TOP_test Device: SF1S60CG121I***

IO Statistics
#IO                        18
  #input                    8
  #output                   9
  #inout                    1

Utilization Statistics
#lut                     3058   out of   5824   52.51%
#reg                     1308   out of   5824   22.46%
#le                      3395
  #lut only              2087   out of   3395   61.47%
  #reg only               337   out of   3395    9.93%
  #lut&reg                971   out of   3395   28.60%
#dsp                       10   out of     10  100.00%
#bram                      11   out of     26   42.31%
  #bram9k                  11
  #fifo9k                   0
#hard-ip                    0
  #mcu                      0   out of      1    0.00%
  #dsc                      0   out of      1    0.00%
  #dsi                      0   out of      2    0.00%
  #psram controller         0   out of      2    0.00%
#pad                       18   out of     55   32.73%
  #ireg                     1
  #oreg                    10
  #treg                     1
#pll                        1   out of      2   50.00%
#gclk                       2   out of     16   12.50%

Clock Resource Statistics
Index     ClockNet                                Type               DriverType         Driver                                                  Fanout
#1        u_foc_controller/u_adc_ad7928/clk       GCLK               pll                u_pll/pll_inst.clkc1                                    774
#2        u_foc_controller/u_foc_top/init_done    GCLK               lslice             u_foc_controller/u_foc_top/u_svpwm/mult0_syn_1406.q0    8
#3        I_clk_25m_dup_1                         GeneralRouting     io                 I_clk_25m_syn_2.di                                      1


Detailed IO Report

     Name       Direction    Location    IOStandard    DriveStrength    PullType     PackReg   
  I_clk_25m       INPUT         D7        LVCMOS18          N/A          PULLUP       NONE     
   I_hall_u       INPUT        G10        LVCMOS18          N/A          PULLUP       NONE     
   I_hall_v       INPUT        H11        LVCMOS18          N/A          PULLUP       NONE     
   I_hall_w       INPUT        H10        LVCMOS18          N/A          PULLUP       NONE     
    I_rstn        INPUT         J2        LVCMOS18          N/A          PULLUP       NONE     
  I_spi_miso      INPUT         B9        LVCMOS18          N/A          PULLUP       IREG     
     key1         INPUT         H2        LVCMOS18          N/A          PULLUP       NONE     
     key2         INPUT         J4        LVCMOS18          N/A          PULLUP       NONE     
  O_i2c_scl      OUTPUT         G3        LVCMOS18           8            NONE        OREG     
   O_pwm_a       OUTPUT        C10        LVCMOS18           8            NONE        OREG     
   O_pwm_b       OUTPUT        C11        LVCMOS18           8            NONE        OREG     
   O_pwm_c       OUTPUT        E11        LVCMOS18           8            NONE        OREG     
   O_pwm_en      OUTPUT        F11        LVCMOS18           8            NONE        OREG     
  O_spi_mosi     OUTPUT         B8        LVCMOS18           8            NONE        OREG     
  O_spi_sck      OUTPUT         A9        LVCMOS18           8            NONE        OREG     
   O_spi_ss      OUTPUT         A8        LVCMOS18           8            NONE        OREG     
  O_uart_tx      OUTPUT         A4        LVCMOS18           8            NONE        OREG     
  IO_i2c_sda      INOUT         H3        LVCMOS18           8           PULLUP     OREG;TREG  

Report Hierarchy Area:
+------------------------------------------------------------------------------------------------+
|Instance                |Module            |le     |lut     |ripple  |seq     |bram    |dsp     |
+------------------------------------------------------------------------------------------------+
|top                     |TOP_test          |3395   |2121    |937     |1320    |11      |10      |
|  u_foc_controller      |foc_controller    |3129   |1895    |901     |1165    |11      |10      |
|    u_adc_ad7928        |adc_ad7928        |141    |79      |28      |77      |0       |0       |
|    u_as5600_encoder    |as5600_encoder    |416    |250     |156     |87      |0       |0       |
|      u_as5600_read     |i2c_register_read |259    |176     |82      |59      |0       |0       |
|    u_foc_top           |foc_top           |2571   |1565    |717     |1001    |11      |10      |
|      u_adc_sn_ctrl     |hold_detect       |18     |14      |4       |9       |0       |0       |
|      u_cartesian2polar |cartesian2polar   |367    |292     |59      |189     |8       |1       |
|      u_clark_tr        |clark_tr          |164    |53      |44      |92      |0       |0       |
|      u_id_pi           |pi_controller     |569    |316     |206     |168     |0       |3       |
|      u_iq_pi           |pi_controller     |648    |367     |240     |165     |0       |2       |
|      u_park_tr         |park_tr           |198    |132     |44      |95      |2       |4       |
|        u_sincos        |sincos            |132    |106     |26      |61      |2       |0       |
|      u_svpwm           |svpwm             |473    |314     |95      |196     |1       |0       |
|    u_hall_encoder      |hall_encoder      |1      |1       |0       |0       |0       |0       |
|  u_pll                 |pll               |0      |0       |0       |0       |0       |0       |
|  u_uart_monitor        |uart_monitor      |190    |172     |14      |107     |0       |0       |
+------------------------------------------------------------------------------------------------+


DataNet Average Fanout:

   Index     Fanout     Nets  
    #1          1       2776  
    #2          2       578   
    #3          3       422   
    #4          4        66   
    #5        5-10      213   
    #6        11-50     109   
    #7       51-100      5    
    #8       101-500     2    
  Average     2.40            

RUN-1002 : start command "export_db FOC_Controller_pr.db"
RUN-1001 : Exported /
RUN-1001 : Exported flow parameters
RUN-1001 : Exported libs
RUN-1001 : Exported entities
RUN-1001 : Exported ports
RUN-1001 : Exported pins
RUN-1001 : Exported instances
RUN-1001 : Exported nets
RUN-1001 : Exported buses
RUN-1001 : Exported models
RUN-1001 : Exported congestions
RUN-1001 : Exported violations
RUN-1001 : Exported IO constraints
RUN-1001 : Exported Inst constraints
RUN-1003 : finish command "export_db FOC_Controller_pr.db" in  1.199858s wall, 1.000000s user + 0.015625s system = 1.015625s CPU (84.6%)

RUN-1004 : used memory is 402 MB, reserved memory is 383 MB, peak memory is 478 MB
RUN-1002 : start command "export_bid FOC_Controller_inst.bid"
PRG-1000 : <!-- HMAC is: 6b861322dd0de563203fbe03c30b788e711c277bbb67479877cd6350b45f30ee -->
RUN-1002 : start command "bitgen -bit FOC_Controller.bit"
BIT-1003 : Start to generate bitstream. 
BIT-1002 : Init instances with 12 threads.
BIT-1002 : Init instances completely, inst num: 1792
BIT-1002 : Init pips with 12 threads.
BIT-1002 : Init pips completely, net num: 4196, pip num: 32893
BIT-1002 : Init feedthrough with 12 threads.
BIT-1002 : Init feedthrough completely, num: 9
BIT-1003 : Multithreading accelaration with 12 threads.
BIT-1003 : Generate bitstream completely, there are 1056 valid insts, and 104174 bits set as '1'.
BIT-1004 : the usercode register value: 00000000110001010000000000000000
BIT-1004 : Generate bits file FOC_Controller.bit.
RUN-1003 : finish command "bitgen -bit FOC_Controller.bit" in  3.124606s wall, 22.156250s user + 0.031250s system = 22.187500s CPU (710.1%)

RUN-1004 : used memory is 407 MB, reserved memory is 393 MB, peak memory is 583 MB
RUN-1002 : start command "backup_run_log run.log ../.logs/phy_1/td_20231108_213644.log"
