============================================================
   Tang Dynasty, V5.6.71036
      Copyright (c) 2012-2023 Anlogic Inc.
   Executable = D:/Anlogic/TD5.6.2/bin/td.exe
   Built at =   20:34:38 Mar 21 2023
   Run by =     15597
   Run Date =   Sat Nov 11 13:33:06 2023

   Run on =     XR097-DELL-G7
============================================================
RUN-1002 : start command "open_project FOC_Controller.prj"
RUN-1001 : Print Global Property
RUN-1001 : ---------------------------------------------------------------
RUN-1001 :        Parameters        |  Settings  |  Default Values  |  Note  
RUN-1001 : ---------------------------------------------------------------
RUN-1001 :          message         |  standard  |     standard     |        
RUN-1001 :   mixed_pack_place_flow  |     on     |        on        |        
RUN-1001 :        qor_monitor       |    off     |       off        |        
RUN-1001 :        syn_ip_flow       |    off     |       off        |        
RUN-1001 :          thread          |    auto    |       auto       |        
RUN-1001 : ---------------------------------------------------------------
RUN-1001 : Print Design Property
RUN-1001 : --------------------------------------------------------------
RUN-1001 :        Parameters       |  Settings  |  Default Values  |  Note  
RUN-1001 : --------------------------------------------------------------
RUN-1001 :   default_reg_initial   |    auto    |       auto       |        
RUN-1001 :        infer_add        |     on     |        on        |        
RUN-1001 :        infer_fsm        |    off     |       off        |        
RUN-1001 :        infer_mult       |     on     |        on        |        
RUN-1001 :        infer_ram        |     on     |        on        |        
RUN-1001 :        infer_reg        |     on     |        on        |        
RUN-1001 :   infer_reg_init_value  |     on     |        on        |        
RUN-1001 :        infer_rom        |     on     |        on        |        
RUN-1001 :      infer_shifter      |     on     |        on        |        
RUN-1001 : --------------------------------------------------------------
RUN-1001 : Print Rtl Property
RUN-1001 : --------------------------------------------------------------
RUN-1001 :        Parameters       |  Settings  |  Default Values  |  Note  
RUN-1001 : --------------------------------------------------------------
RUN-1001 :       compress_add      |   ripple   |      ripple      |        
RUN-1001 :        elf_sload        |    off     |       off        |        
RUN-1001 :       fix_undriven      |     0      |        0         |        
RUN-1001 :         flatten         |    off     |       off        |        
RUN-1001 :       gate_sharing      |     on     |        on        |        
RUN-1001 :    hdl_warning_level    |   normal   |      normal      |        
RUN-1001 :   impl_internal_tribuf  |     on     |        on        |        
RUN-1001 :      impl_set_reset     |     on     |        on        |        
RUN-1001 :        infer_gsr        |    off     |       off        |        
RUN-1001 :      keep_hierarchy     |    auto    |       auto       |        
RUN-1001 :        max_fanout       |    9999    |       9999       |        
RUN-1001 :      max_oh2bin_len     |     10     |        10        |        
RUN-1001 :       merge_equal       |     on     |        on        |        
RUN-1001 :       merge_equiv       |     on     |        on        |        
RUN-1001 :        merge_mux        |    off     |       off        |        
RUN-1001 :     min_control_set     |     8      |        8         |        
RUN-1001 :      min_ripple_len     |    auto    |       auto       |        
RUN-1001 :       oh2bin_ratio      |    0.08    |       0.08       |        
RUN-1001 :     opt_adder_fanout    |     on     |        on        |        
RUN-1001 :        opt_arith        |     on     |        on        |        
RUN-1001 :       opt_big_gate      |    off     |       off        |        
RUN-1001 :        opt_const        |     on     |        on        |        
RUN-1001 :      opt_const_mult     |     on     |        on        |        
RUN-1001 :       opt_lessthan      |     on     |        on        |        
RUN-1001 :         opt_mux         |    off     |       off        |        
RUN-1001 :         opt_ram         |    high    |       high       |        
RUN-1001 :      rtl_sim_model      |    off     |       off        |        
RUN-1001 :         seq_syn         |     on     |        on        |        
RUN-1001 : --------------------------------------------------------------
HDL-1007 : analyze verilog file ../../al_ip/pll.v
HDL-1007 : undeclared symbol 'open', assumed default net type 'wire' in ../../al_ip/pll.v(88)
HDL-1007 : analyze verilog file ../../al_ip/MCU.v
HDL-1007 : analyze verilog file ../../al_ip/divider_gate.v
HDL-1007 : undeclared symbol 'open_n2', assumed default net type 'wire' in ../../al_ip/divider_gate.v(209)
HDL-1007 : undeclared symbol 'open_n3', assumed default net type 'wire' in ../../al_ip/divider_gate.v(216)
HDL-1007 : undeclared symbol 'open_n4', assumed default net type 'wire' in ../../al_ip/divider_gate.v(223)
HDL-1007 : undeclared symbol 'open_n5', assumed default net type 'wire' in ../../al_ip/divider_gate.v(230)
HDL-1007 : undeclared symbol 'open_n6', assumed default net type 'wire' in ../../al_ip/divider_gate.v(237)
HDL-1007 : undeclared symbol 'open_n7', assumed default net type 'wire' in ../../al_ip/divider_gate.v(244)
HDL-1007 : undeclared symbol 'open_n8', assumed default net type 'wire' in ../../al_ip/divider_gate.v(251)
HDL-1007 : undeclared symbol 'open_n9', assumed default net type 'wire' in ../../al_ip/divider_gate.v(258)
HDL-1007 : undeclared symbol 'open_n10', assumed default net type 'wire' in ../../al_ip/divider_gate.v(265)
HDL-1007 : undeclared symbol 'open_n11', assumed default net type 'wire' in ../../al_ip/divider_gate.v(272)
HDL-1007 : undeclared symbol 'open_n12', assumed default net type 'wire' in ../../al_ip/divider_gate.v(279)
HDL-1007 : undeclared symbol 'open_n13', assumed default net type 'wire' in ../../al_ip/divider_gate.v(286)
HDL-1007 : undeclared symbol 'open_n14', assumed default net type 'wire' in ../../al_ip/divider_gate.v(293)
HDL-1007 : undeclared symbol 'open_n15', assumed default net type 'wire' in ../../al_ip/divider_gate.v(300)
HDL-1007 : undeclared symbol 'open_n16', assumed default net type 'wire' in ../../al_ip/divider_gate.v(307)
HDL-1007 : undeclared symbol 'open_n17', assumed default net type 'wire' in ../../al_ip/divider_gate.v(314)
HDL-1007 : undeclared symbol 'open_n18', assumed default net type 'wire' in ../../al_ip/divider_gate.v(321)
HDL-1007 : undeclared symbol 'open_n19', assumed default net type 'wire' in ../../al_ip/divider_gate.v(328)
HDL-1007 : undeclared symbol 'open_n20', assumed default net type 'wire' in ../../al_ip/divider_gate.v(335)
HDL-1007 : undeclared symbol 'open_n21', assumed default net type 'wire' in ../../al_ip/divider_gate.v(342)
HDL-1007 : undeclared symbol 'open_n22', assumed default net type 'wire' in ../../al_ip/divider_gate.v(349)
HDL-1007 : undeclared symbol 'open_n23', assumed default net type 'wire' in ../../al_ip/divider_gate.v(356)
HDL-1007 : undeclared symbol 'open_n24', assumed default net type 'wire' in ../../al_ip/divider_gate.v(363)
HDL-1007 : undeclared symbol 'open_n25', assumed default net type 'wire' in ../../al_ip/divider_gate.v(370)
HDL-1007 : undeclared symbol 'open_n26', assumed default net type 'wire' in ../../al_ip/divider_gate.v(377)
HDL-1007 : undeclared symbol 'open_n29', assumed default net type 'wire' in ../../al_ip/divider_gate.v(1424)
HDL-1007 : undeclared symbol 'open_n30', assumed default net type 'wire' in ../../al_ip/divider_gate.v(1431)
HDL-1007 : analyze verilog file ../../RTL/adc_ad7928.v
HDL-1007 : analyze verilog file ../../RTL/fpga_top.v
HDL-1007 : analyze verilog file ../../RTL/i2c_register_read.v
HDL-1007 : analyze verilog file ../../hall_sensor.v
HDL-1007 : analyze verilog file ../../TOP.v
HDL-1007 : analyze verilog file ../../AS5600_sensor.v
HDL-1007 : analyze verilog file ../../ahb_foc_controller.v
RUN-1001 : Project manager successfully analyzed 10 source files.
RUN-1002 : start command "import_device sf1_6.db -package SF1S60CG121I"
ARC-1001 : Device Initialization.
ARC-1001 : -------------------------------------------------
ARC-1001 :       OPTION       |      IO       |   SETTING   
ARC-1001 : -------------------------------------------------
ARC-1001 :        done        |      B4       |    gpio    
ARC-1001 :        initn       |      A5       |    gpio    
ARC-1001 :       jtagen       |      B7       |    gpio    
ARC-1001 :      programn      |      B5       |  dedicate  
ARC-1001 :   tdi/tms/tck/tdo  |  C4/A6/A7/C5  |  dedicate  
ARC-1001 : -------------------------------------------------
ARC-1004 : Device setting, marked 5 dedicate IOs in total.
RUN-1002 : start command "import_db ../syn_1/FOC_Controller_gate.db"
RUN-1001 : Importing database generated by Tang Dynasty, V5.6.71036.
RUN-1001 : Database version number 46146.
RUN-1001 : Import flow parameters
RUN-1001 : Import IO constraints
RUN-1001 : Import Inst constraints
RUN-1001 : Import design success TD_VERSION=5.6.71036 , DB_VERSION=46146
RUN-1002 : start command "place"
RUN-1001 : Open license file D:/Anlogic/TD5.6.2/license/Anlogic.lic
RUN-1001 : Print Global Property
RUN-1001 : ---------------------------------------------------------------
RUN-1001 :        Parameters        |  Settings  |  Default Values  |  Note  
RUN-1001 : ---------------------------------------------------------------
RUN-1001 :          message         |  standard  |     standard     |        
RUN-1001 :   mixed_pack_place_flow  |     on     |        on        |        
RUN-1001 :        qor_monitor       |    off     |       off        |        
RUN-1001 :        syn_ip_flow       |    off     |       off        |        
RUN-1001 :          thread          |    auto    |       auto       |        
RUN-1001 : ---------------------------------------------------------------
RUN-1001 : Print Place Property
RUN-1001 : --------------------------------------------------------------
RUN-1001 :        Parameters       |  Settings  |  Default Values  |  Note  
RUN-1001 : --------------------------------------------------------------
RUN-1001 :      detailed_place     |     on     |        on        |        
RUN-1001 :          effort         |   medium   |      medium      |        
RUN-1001 :         fix_hold        |    off     |       off        |        
RUN-1001 :       legalization      |    ori     |       ori        |        
RUN-1001 :      new_spreading      |     on     |        on        |        
RUN-1001 :        opt_timing       |   medium   |      medium      |        
RUN-1001 :   post_clock_route_opt  |    off     |       off        |        
RUN-1001 :       pr_strategy       |     1      |        1         |        
RUN-1001 :        relaxation       |    1.00    |       1.00       |        
RUN-1001 :         retiming        |    off     |       off        |        
RUN-1001 : --------------------------------------------------------------
PHY-3001 : Placer runs in 12 thread(s).
RUN-1002 : start command "legalize_phy_inst"
SYN-1011 : Flatten model fpga_top
SYN-5055 WARNING: The kept net u_mcu/hsize_int[2] will be merged to another kept net u_ahb_foc_controller/I_ahb_hsize[2]
SYN-5055 WARNING: The kept net u_mcu/hsize_int[1] will be merged to another kept net u_ahb_foc_controller/I_ahb_hsize[1]
SYN-5055 WARNING: The kept net u_mcu/hsize_int[0] will be merged to another kept net u_ahb_foc_controller/I_ahb_hsize[0]
SYN-5055 WARNING: The kept net u_mcu/hrdata[31] will be merged to another kept net u_ahb_foc_controller/O_ahb_hrdata[31]
SYN-5055 WARNING: The kept net u_mcu/hrdata[30] will be merged to another kept net u_ahb_foc_controller/O_ahb_hrdata[30]
SYN-5055 WARNING: The kept net u_mcu/hrdata[29] will be merged to another kept net u_ahb_foc_controller/O_ahb_hrdata[29]
SYN-5055 WARNING: The kept net u_mcu/hrdata[28] will be merged to another kept net u_ahb_foc_controller/O_ahb_hrdata[28]
SYN-5055 WARNING: The kept net u_mcu/hrdata[27] will be merged to another kept net u_ahb_foc_controller/O_ahb_hrdata[27]
SYN-5055 WARNING: The kept net u_mcu/hrdata[26] will be merged to another kept net u_ahb_foc_controller/O_ahb_hrdata[26]
SYN-5055 WARNING: The kept net u_mcu/hrdata[25] will be merged to another kept net u_ahb_foc_controller/O_ahb_hrdata[25]
SYN-5055 Similar messages will be suppressed.
RUN-1002 : start command "phys_opt -simplify_lut"
SYN-4016 : Net u_mcu/hclk driven by BUFG (956 clock/control pins, 1 other pins).
SYN-4027 : Net u_ahb_foc_controller/u_foc_controller/u_hall_encoder/u_divider/clk is clkc1 of pll u_pll/pll_inst.
SYN-4019 : Net I_clk_25m_dup_1 is refclk of pll u_pll/pll_inst.
SYN-4020 : Net I_clk_25m_dup_1 is fbclk of pll u_pll/pll_inst.
SYN-4024 : Net "u_ahb_foc_controller/u_foc_controller/S_angle_velocity_clk" drives clk pins.
SYN-4025 : Tag rtl::Net I_clk_25m_dup_1 as clock net
SYN-4025 : Tag rtl::Net u_ahb_foc_controller/u_foc_controller/S_angle_velocity_clk as clock net
SYN-4025 : Tag rtl::Net u_ahb_foc_controller/u_foc_controller/u_hall_encoder/u_divider/clk as clock net
SYN-4025 : Tag rtl::Net u_mcu/hclk as clock net
SYN-4026 : Tagged 4 rtl::Net as clock net
SYN-4015 : Create BUFG instance for clk Net u_ahb_foc_controller/u_foc_controller/S_angle_velocity_clk to drive 38 clock pins.
PHY-1001 : Populate physical database on model fpga_top.
RUN-1001 : There are total 2281 instances
RUN-0007 : 901 luts, 1185 seqs, 126 mslices, 34 lslices, 27 pads, 0 brams, 1 dsps
RUN-1001 : There are total 2481 nets
RUN-6004 WARNING: There are 3 nets with only 1 pin.
RUN-1001 : 1965 nets have 2 pins
RUN-1001 : 345 nets have [3 - 5] pins
RUN-1001 : 61 nets have [6 - 10] pins
RUN-1001 : 18 nets have [11 - 20] pins
RUN-1001 : 80 nets have [21 - 99] pins
RUN-1001 : 9 nets have 100+ pins
RUN-1001 : Report Control nets information:
RUN-1001 : DFF Distribution
RUN-1001 : ----------------------------------
RUN-1001 :   CE   |  SSR  |  ASR  |  DFF Count  
RUN-1001 : ----------------------------------
RUN-1001 :   No   |  No   |  No   |     59      
RUN-1001 :   No   |  No   |  Yes  |     163     
RUN-1001 :   No   |  Yes  |  No   |     29      
RUN-1001 :   Yes  |  No   |  No   |     14      
RUN-1001 :   Yes  |  No   |  Yes  |     920     
RUN-1001 :   Yes  |  Yes  |  No   |      0      
RUN-1001 : ----------------------------------
RUN-0007 : Control Group Statistic
RUN-0007 : ---------------------------
RUN-0007 :   #CLK  |  #CE  |  #SSR/ASR  
RUN-0007 : ---------------------------
RUN-0007 :    3    |  33   |     3      
RUN-0007 : ---------------------------
RUN-0007 : Control Set = 38
PHY-3001 : Initial placement ...
PHY-3001 : design contains 2279 instances, 901 luts, 1185 seqs, 160 slices, 33 macros(160 instances: 126 mslices 34 lslices)
PHY-3001 : Huge net I_rstn_dup_3 with 1094 pins
PHY-0007 : Cell area utilization is 20%
PHY-3001 : Global placement ...
PHY-3001 : Initial: Len = 302312
PHY-3001 : Run with size of 3
PHY-3001 : Cell area utilization is 20%
PHY-3001 : :::0::: Try harder cell spreading with beta_ = 0
PHY-3002 : Step(1): len = 210981, overlap = 2
PHY-3002 : Step(2): len = 168843, overlap = 2.375
PHY-3002 : Step(3): len = 117261, overlap = 6.96875
PHY-3002 : Step(4): len = 101607, overlap = 20.9375
PHY-3002 : Step(5): len = 78586.2, overlap = 28.9375
PHY-3002 : Step(6): len = 74572.3, overlap = 34.6562
PHY-3002 : Step(7): len = 64720.2, overlap = 37.4062
PHY-3002 : Step(8): len = 63047.5, overlap = 38.7188
PHY-3002 : Step(9): len = 61664.6, overlap = 42.4062
PHY-3001 : :::1::: Try harder cell spreading with beta_ = 1.36759e-05
PHY-3002 : Step(10): len = 58317.1, overlap = 37.4062
PHY-3002 : Step(11): len = 58221.3, overlap = 39.5938
PHY-3002 : Step(12): len = 58882, overlap = 33.1875
PHY-3002 : Step(13): len = 56834.5, overlap = 30.0625
PHY-3002 : Step(14): len = 56559.8, overlap = 30.0938
PHY-3002 : Step(15): len = 55111.2, overlap = 25
PHY-3002 : Step(16): len = 55508.3, overlap = 21.9688
PHY-3002 : Step(17): len = 56010.1, overlap = 17.0625
PHY-3002 : Step(18): len = 53296.5, overlap = 26.4062
PHY-3002 : Step(19): len = 52678.9, overlap = 29.7812
PHY-3002 : Step(20): len = 52862.6, overlap = 37.9688
PHY-3002 : Step(21): len = 52621, overlap = 33.3438
PHY-3002 : Step(22): len = 52618.5, overlap = 32.75
PHY-3002 : Step(23): len = 52793.5, overlap = 35.9062
PHY-3002 : Step(24): len = 51359.5, overlap = 34.375
PHY-3002 : Step(25): len = 50577.6, overlap = 29.9688
PHY-3002 : Step(26): len = 50350.5, overlap = 23.9375
PHY-3002 : Step(27): len = 48720.5, overlap = 23.5
PHY-3002 : Step(28): len = 48722.2, overlap = 21.2812
PHY-3002 : Step(29): len = 47458.7, overlap = 26.1562
PHY-3002 : Step(30): len = 46282.7, overlap = 27.1875
PHY-3002 : Step(31): len = 44246.5, overlap = 28.1562
PHY-3002 : Step(32): len = 44077, overlap = 27.5
PHY-3002 : Step(33): len = 43890.5, overlap = 27.5938
PHY-3001 : :::2::: Try harder cell spreading with beta_ = 2.73518e-05
PHY-3002 : Step(34): len = 43575.2, overlap = 27.9062
PHY-3002 : Step(35): len = 43587, overlap = 27.9062
PHY-3002 : Step(36): len = 43706.7, overlap = 28.2812
PHY-3002 : Step(37): len = 44376.3, overlap = 27.0312
PHY-3002 : Step(38): len = 43550, overlap = 28.4688
PHY-3002 : Step(39): len = 43490.6, overlap = 28.5625
PHY-3002 : Step(40): len = 43472.1, overlap = 28.875
PHY-3001 : :::3::: Try harder cell spreading with beta_ = 5.47037e-05
PHY-3002 : Step(41): len = 43536.1, overlap = 28.9375
PHY-3002 : Step(42): len = 43601.2, overlap = 29.125
PHY-3002 : Step(43): len = 43639.2, overlap = 29.0625
PHY-3001 : Legalization ...
PHY-3001 : End legalization;  0.003492s wall, 0.000000s user + 0.000000s system = 0.000000s CPU (n/a%)

PHY-3001 : Run with size of 3
PHY-3001 : Cell area utilization is 26%
PHY-3001 : :::0::: Try harder cell spreading with beta_ = 1.48423e-06
PHY-3002 : Step(44): len = 43865.9, overlap = 74.1875
PHY-3002 : Step(45): len = 44480.6, overlap = 78.8125
PHY-3002 : Step(46): len = 43263.5, overlap = 96.4375
PHY-3002 : Step(47): len = 43047.4, overlap = 95.9688
PHY-3002 : Step(48): len = 39733.2, overlap = 99
PHY-3002 : Step(49): len = 39186.2, overlap = 107.938
PHY-3002 : Step(50): len = 39408.3, overlap = 108.188
PHY-3002 : Step(51): len = 36890.2, overlap = 118
PHY-3002 : Step(52): len = 37398.1, overlap = 124.906
PHY-3002 : Step(53): len = 37173.5, overlap = 124.469
PHY-3002 : Step(54): len = 35860, overlap = 126.062
PHY-3002 : Step(55): len = 35635.6, overlap = 127.062
PHY-3002 : Step(56): len = 36507, overlap = 125.562
PHY-3002 : Step(57): len = 36133.8, overlap = 125.406
PHY-3002 : Step(58): len = 35702.3, overlap = 126.062
PHY-3002 : Step(59): len = 36255.1, overlap = 120.719
PHY-3002 : Step(60): len = 34049.7, overlap = 119.688
PHY-3002 : Step(61): len = 34474.2, overlap = 119.062
PHY-3002 : Step(62): len = 34728.6, overlap = 116.75
PHY-3002 : Step(63): len = 33304.1, overlap = 118.125
PHY-3002 : Step(64): len = 32501.1, overlap = 116.906
PHY-3002 : Step(65): len = 32026.3, overlap = 114.719
PHY-3002 : Step(66): len = 30318.3, overlap = 119.062
PHY-3002 : Step(67): len = 29508, overlap = 118.312
PHY-3002 : Step(68): len = 29561.3, overlap = 122.094
PHY-3002 : Step(69): len = 29223.4, overlap = 122.875
PHY-3001 : :::1::: Try harder cell spreading with beta_ = 2.96846e-06
PHY-3002 : Step(70): len = 27746, overlap = 123.469
PHY-3002 : Step(71): len = 27969.5, overlap = 124.188
PHY-3002 : Step(72): len = 28137, overlap = 124.125
PHY-3001 : :::2::: Try harder cell spreading with beta_ = 5.93691e-06
PHY-3002 : Step(73): len = 28465.3, overlap = 121.438
PHY-3002 : Step(74): len = 29407.6, overlap = 119.656
PHY-3002 : Step(75): len = 32621.2, overlap = 92.2188
PHY-3002 : Step(76): len = 33156.1, overlap = 82.125
PHY-3002 : Step(77): len = 30413.2, overlap = 78.8125
PHY-3002 : Step(78): len = 30553.6, overlap = 79.7188
PHY-3002 : Step(79): len = 30727.6, overlap = 80.8125
PHY-3001 : :::3::: Try harder cell spreading with beta_ = 1.18738e-05
PHY-3002 : Step(80): len = 31319.9, overlap = 69.0312
PHY-3002 : Step(81): len = 32501.5, overlap = 64.4062
PHY-3002 : Step(82): len = 34101.8, overlap = 46.5312
PHY-3002 : Step(83): len = 33261.6, overlap = 45.9688
PHY-3002 : Step(84): len = 31385, overlap = 47.25
PHY-3002 : Step(85): len = 30886.1, overlap = 51.8438
PHY-3002 : Step(86): len = 30886.1, overlap = 51.8438
PHY-3001 : :::4::: Try harder cell spreading with beta_ = 2.37477e-05
PHY-3002 : Step(87): len = 33301.9, overlap = 38.9062
PHY-3002 : Step(88): len = 34017.4, overlap = 37.3438
PHY-3002 : Step(89): len = 33350.6, overlap = 35.9688
PHY-3002 : Step(90): len = 33615.4, overlap = 35.875
PHY-3002 : Step(91): len = 33886.5, overlap = 33.375
PHY-3001 : Run with size of 1
PHY-3001 : Cell area utilization is 26%
PHY-3001 : :::0::: Try harder cell spreading with beta_ = 2.0197e-05
PHY-3002 : Step(92): len = 35666.9, overlap = 96.2188
PHY-3002 : Step(93): len = 36534.5, overlap = 94.9062
PHY-3002 : Step(94): len = 35083.1, overlap = 87.4688
PHY-3002 : Step(95): len = 34557, overlap = 89.4688
PHY-3002 : Step(96): len = 34368, overlap = 91.4062
PHY-3002 : Step(97): len = 33484.6, overlap = 91.0625
PHY-3002 : Step(98): len = 33090.9, overlap = 89.875
PHY-3002 : Step(99): len = 32538.3, overlap = 95.5
PHY-3001 : :::1::: Try harder cell spreading with beta_ = 4.03939e-05
PHY-3002 : Step(100): len = 32852.5, overlap = 90.7188
PHY-3002 : Step(101): len = 33511.6, overlap = 88.6562
PHY-3002 : Step(102): len = 33753.7, overlap = 83.5312
PHY-3001 : :::2::: Try harder cell spreading with beta_ = 8.07878e-05
PHY-3002 : Step(103): len = 34136.3, overlap = 80.9688
PHY-3002 : Step(104): len = 34488.8, overlap = 81.0625
PHY-3002 : Step(105): len = 35206.4, overlap = 75.75
PHY-3001 : :::3::: Try harder cell spreading with beta_ = 0.000130715
PHY-3002 : Step(106): len = 35097.3, overlap = 73.7188
PHY-3002 : Step(107): len = 35144.8, overlap = 71.6562
PHY-3002 : Step(108): len = 35533.1, overlap = 69.4375
PHY-3001 : :::4::: Try harder cell spreading with beta_ = 0.000211496
PHY-3002 : Step(109): len = 36069.6, overlap = 65.4688
PHY-3002 : Step(110): len = 36615.4, overlap = 65.25
PHY-3002 : Step(111): len = 37271.5, overlap = 63.8125
PHY-3001 : :::5::: Try harder cell spreading with beta_ = 0.000342201
PHY-3002 : Step(112): len = 37271, overlap = 63.2188
PHY-3002 : Step(113): len = 37487, overlap = 63.5
PHY-3002 : Step(114): len = 38018.9, overlap = 64.3125
PHY-3002 : Step(115): len = 38972.6, overlap = 61.5625
PHY-3002 : Step(116): len = 39623, overlap = 57.125
PHY-3002 : Step(117): len = 40093.3, overlap = 58.4375
PHY-3002 : Step(118): len = 40329.6, overlap = 59.3438
PHY-3002 : Step(119): len = 40234.4, overlap = 60.4375
PHY-3002 : Step(120): len = 40248.6, overlap = 58.8438
PHY-3002 : Step(121): len = 40319.9, overlap = 60.1562
PHY-3001 : :::6::: Try harder cell spreading with beta_ = 0.000569998
PHY-3002 : Step(122): len = 40434.8, overlap = 59.375
PHY-3002 : Step(123): len = 40787.3, overlap = 59.1562
PHY-3002 : Step(124): len = 40787.3, overlap = 59.1562
PHY-3001 : :::7::: Try harder cell spreading with beta_ = 0.000922257
PHY-3002 : Step(125): len = 41132.9, overlap = 59.1562
PHY-3002 : Step(126): len = 41348.1, overlap = 58.0625
PHY-3002 : Step(127): len = 42192.3, overlap = 58.3125
PHY-3002 : Step(128): len = 42979.3, overlap = 58.4375
PHY-3002 : Step(129): len = 43629.6, overlap = 57.8125
PHY-3002 : Step(130): len = 44110.8, overlap = 57.875
PHY-3002 : Step(131): len = 44398.3, overlap = 54.4375
PHY-3002 : Step(132): len = 44512.9, overlap = 55.2188
PHY-3002 : Step(133): len = 44525.9, overlap = 55.4062
PHY-3001 : :::8::: Try harder cell spreading with beta_ = 0.00149221
PHY-3002 : Step(134): len = 44662, overlap = 55.6875
PHY-3002 : Step(135): len = 44803.3, overlap = 55.25
PHY-3002 : Step(136): len = 44936, overlap = 54.4375
PHY-3001 : :::9::: Try harder cell spreading with beta_ = 0.0024144
PHY-3002 : Step(137): len = 45098.3, overlap = 54.5625
PHY-3002 : Step(138): len = 45389, overlap = 56.5312
OPT-1001 : Start physical optimization ...
OPT-1001 : Total overflow 56.53 peak overflow 1.94
OPT-1001 : Start high-fanout net optimization ...
OPT-1001 : Update timing in global mode
PHY-1001 : Start incremental global routing, caller is place ...
RUN-1001 : Generating global routing grids ...
RUN-1001 : Building simple global routing graph ...
PHY-1001 : Generate routing nets ...
PHY-1001 : Reuse net number 0/2481.
PHY-1001 : Global iterations in 12 thread ...
PHY-1002 : len = 66160, over cnt = 373(3%), over = 1264, worst = 13
PHY-1001 : End global iterations;  0.253493s wall, 0.078125s user + 0.000000s system = 0.078125s CPU (30.8%)

PHY-1001 : Congestion index: top1 = 61.04, top5 = 45.99, top10 = 39.37, top15 = 34.79.
PHY-1001 : End incremental global routing;  0.288275s wall, 0.078125s user + 0.000000s system = 0.078125s CPU (27.1%)

RUN-1002 : start command "start_timer -report"
TMR-5001 WARNING: No sdc constraints found while initiating timer.
TMR-2505 : Start building timing graph for model fpga_top.
TMR-2506 : Build timing graph completely. Port num: 21, tpin num: 11247, tnet num: 2479, tinst num: 2279, tnode num: 15687, tedge num: 18020.
TMR-2508 : Levelizing timing graph completed, there are 31 levels in total.
TMR-2501 : Timing graph initialized successfully.
OPT-1001 : End timing update;  0.333759s wall, 0.156250s user + 0.000000s system = 0.156250s CPU (46.8%)

OPT-1001 : 0 high-fanout net processed.
OPT-1001 : End high-fanout net optimization;  0.670100s wall, 0.250000s user + 0.000000s system = 0.250000s CPU (37.3%)

OPT-1001 : Current memory(MB): used = 190, reserve = 161, peak = 190.
OPT-1001 : End physical optimization;  0.695244s wall, 0.281250s user + 0.000000s system = 0.281250s CPU (40.5%)

PHY-3001 : Start packing ...
SYN-4007 : Packing 0 MUX to BLE ...
SYN-4008 : Packed 0 MUX and 0 SEQ to BLE.
SYN-4007 : Packing 901 LUT to BLE ...
SYN-4008 : Packed 901 LUT and 186 SEQ to BLE.
SYN-4003 : Packing 999 remaining SEQ's ...
SYN-4005 : Packed 679 SEQ with LUT/SLICE
SYN-4006 : 62 single LUT's are left
SYN-4006 : 320 single SEQ's are left
SYN-4011 : Packing model "fpga_top" (AL_USER_NORMAL) with 1221/1486 primitive instances ...
PHY-3001 : End packing;  0.146285s wall, 0.062500s user + 0.000000s system = 0.062500s CPU (42.7%)

PHY-1001 : Populate physical database on model fpga_top.
RUN-1001 : There are total 979 instances
RUN-1001 : 472 mslices, 472 lslices, 27 pads, 0 brams, 1 dsps
RUN-1001 : There are total 2317 nets
RUN-6004 WARNING: There are 3 nets with only 1 pin.
RUN-1001 : 1757 nets have 2 pins
RUN-1001 : 383 nets have [3 - 5] pins
RUN-1001 : 68 nets have [6 - 10] pins
RUN-1001 : 20 nets have [11 - 20] pins
RUN-1001 : 77 nets have [21 - 99] pins
RUN-1001 : 9 nets have 100+ pins
PHY-3001 : design contains 977 instances, 944 slices, 33 macros(160 instances: 126 mslices 34 lslices)
PHY-3001 : Cell area utilization is 39%
PHY-3001 : After packing: Len = 49895.6, Over = 88
PHY-3001 : Run with size of 1
PHY-3001 : Cell area utilization is 39%
PHY-3001 : :::0::: Try harder cell spreading with beta_ = 2.55874e-05
PHY-3002 : Step(139): len = 46219.9, overlap = 86
PHY-3002 : Step(140): len = 45849.9, overlap = 89.75
PHY-3002 : Step(141): len = 45057, overlap = 93
PHY-3002 : Step(142): len = 43541, overlap = 92
PHY-3002 : Step(143): len = 43364.2, overlap = 94.25
PHY-3002 : Step(144): len = 42804.2, overlap = 91.75
PHY-3002 : Step(145): len = 42458.4, overlap = 91.75
PHY-3002 : Step(146): len = 42243.4, overlap = 92.5
PHY-3001 : :::1::: Try harder cell spreading with beta_ = 5.11747e-05
PHY-3002 : Step(147): len = 43359, overlap = 88.25
PHY-3002 : Step(148): len = 44240.9, overlap = 87.75
PHY-3002 : Step(149): len = 44361.4, overlap = 87.5
PHY-3001 : :::2::: Try harder cell spreading with beta_ = 0.000102349
PHY-3002 : Step(150): len = 45313.5, overlap = 86
PHY-3002 : Step(151): len = 46709.1, overlap = 81.25
PHY-3002 : Step(152): len = 46930.4, overlap = 81.5
PHY-3002 : Step(153): len = 47147.4, overlap = 78.75
PHY-3002 : Step(154): len = 47575.9, overlap = 76
PHY-3002 : Step(155): len = 47909, overlap = 76.25
PHY-3002 : Step(156): len = 48029, overlap = 74.5
PHY-3001 : :::3::: Try harder cell spreading with beta_ = 0.000176001
PHY-3002 : Step(157): len = 48614.7, overlap = 74.75
PHY-3002 : Step(158): len = 49458.9, overlap = 71
PHY-3002 : Step(159): len = 50018, overlap = 70
PHY-3002 : Step(160): len = 50718.8, overlap = 67.5
PHY-3002 : Step(161): len = 51204.5, overlap = 65
PHY-3002 : Step(162): len = 51347.7, overlap = 67.75
PHY-3002 : Step(163): len = 51463.9, overlap = 63.75
PHY-3002 : Step(164): len = 51607.3, overlap = 60
PHY-3001 : Legalization ...
PHY-3001 : End legalization;  0.243964s wall, 0.046875s user + 0.078125s system = 0.125000s CPU (51.2%)

PHY-3001 : Trial Legalized: Len = 71865.6
PHY-3001 : Run with size of 1
PHY-3001 : Cell area utilization is 38%
PHY-3001 : :::0::: Try harder cell spreading with beta_ = 0.000135947
PHY-3002 : Step(165): len = 58097.6, overlap = 48
PHY-3002 : Step(166): len = 56781.6, overlap = 51.5
PHY-3002 : Step(167): len = 54926.5, overlap = 51
PHY-3002 : Step(168): len = 53854.9, overlap = 54
PHY-3002 : Step(169): len = 53038.9, overlap = 54
PHY-3002 : Step(170): len = 52589.4, overlap = 51.75
PHY-3002 : Step(171): len = 52292.7, overlap = 50
PHY-3002 : Step(172): len = 52170.9, overlap = 51.75
PHY-3001 : :::1::: Try harder cell spreading with beta_ = 0.00024521
PHY-3002 : Step(173): len = 52425.3, overlap = 49.25
PHY-3002 : Step(174): len = 53026.3, overlap = 52
PHY-3002 : Step(175): len = 53538.3, overlap = 49.5
PHY-3001 : :::2::: Try harder cell spreading with beta_ = 0.000456987
PHY-3002 : Step(176): len = 53812.2, overlap = 49.75
PHY-3002 : Step(177): len = 54493.1, overlap = 49.5
PHY-3002 : Step(178): len = 55376.8, overlap = 47
PHY-3002 : Step(179): len = 56360.6, overlap = 45.25
PHY-3002 : Step(180): len = 56581.3, overlap = 46.75
PHY-3002 : Step(181): len = 56707.6, overlap = 46.25
PHY-3002 : Step(182): len = 56777.5, overlap = 47.5
PHY-3001 : Legalization ...
PHY-3001 : End legalization;  0.004568s wall, 0.000000s user + 0.000000s system = 0.000000s CPU (n/a%)

PHY-3001 : Legalized: Len = 59187.4, Over = 0
PHY-3001 : Spreading special nets. 6 overflows in 930 tiles.
PHY-3001 : End spreading;  0.007199s wall, 0.000000s user + 0.000000s system = 0.000000s CPU (n/a%)

PHY-3001 : 8 instances has been re-located, deltaX = 2, deltaY = 2, maxDist = 1.
PHY-3001 : Final: Len = 59355.4, Over = 0
RUN-1003 : finish command "place" in  6.095752s wall, 1.609375s user + 0.593750s system = 2.203125s CPU (36.1%)

RUN-1004 : used memory is 167 MB, reserved memory is 137 MB, peak memory is 191 MB
RUN-1002 : start command "export_db FOC_Controller_place.db"
RUN-1001 : Exported /
RUN-1001 : Exported flow parameters
RUN-1001 : Exported libs
RUN-1001 : Exported entities
RUN-1001 : Exported ports
RUN-1001 : Exported pins
RUN-1001 : Exported instances
RUN-1001 : Exported nets
RUN-1001 : Exported buses
RUN-1001 : Exported models
RUN-1001 : Exported congestions
RUN-1001 : Exported violations
RUN-1001 : Exported IO constraints
RUN-1001 : Exported Inst constraints
RUN-1002 : start command "route"
RUN-1001 : Open license file D:/Anlogic/TD5.6.2/license/Anlogic.lic
RUN-1001 : Print Global Property
RUN-1001 : ---------------------------------------------------------------
RUN-1001 :        Parameters        |  Settings  |  Default Values  |  Note  
RUN-1001 : ---------------------------------------------------------------
RUN-1001 :          message         |  standard  |     standard     |        
RUN-1001 :   mixed_pack_place_flow  |     on     |        on        |        
RUN-1001 :        qor_monitor       |    off     |       off        |        
RUN-1001 :        syn_ip_flow       |    off     |       off        |        
RUN-1001 :          thread          |    auto    |       auto       |        
RUN-1001 : ---------------------------------------------------------------
RUN-1001 : Print Route Property
RUN-1001 : -------------------------------------------------------
RUN-1001 :    Parameters    |  Settings  |  Default Values  |  Note  
RUN-1001 : -------------------------------------------------------
RUN-1001 :      effort      |   medium   |      medium      |        
RUN-1001 :     fix_hold     |    off     |       off        |        
RUN-1001 :    opt_timing    |   medium   |      medium      |        
RUN-1001 :   phy_sim_model  |    off     |       off        |        
RUN-1001 :     priority     |   timing   |      timing      |        
RUN-1001 :     swap_pin     |     on     |        on        |        
RUN-1001 : -------------------------------------------------------
PHY-1001 : Route runs in 12 thread(s)
RUN-1001 : There are total 979 instances
RUN-1001 : 472 mslices, 472 lslices, 27 pads, 0 brams, 1 dsps
RUN-1001 : There are total 2317 nets
RUN-6004 WARNING: There are 3 nets with only 1 pin.
RUN-1001 : 1757 nets have 2 pins
RUN-1001 : 383 nets have [3 - 5] pins
RUN-1001 : 68 nets have [6 - 10] pins
RUN-1001 : 20 nets have [11 - 20] pins
RUN-1001 : 77 nets have [21 - 99] pins
RUN-1001 : 9 nets have 100+ pins
RUN-1002 : start command "start_timer -report"
TMR-5001 WARNING: No sdc constraints found while initiating timer.
TMR-2505 : Start building timing graph for model fpga_top.
TMR-2506 : Build timing graph completely. Port num: 21, tpin num: 9984, tnet num: 2315, tinst num: 977, tnode num: 13307, tedge num: 16313.
TMR-2508 : Levelizing timing graph completed, there are 29 levels in total.
TMR-2501 : Timing graph initialized successfully.
PHY-1001 : 472 mslices, 472 lslices, 27 pads, 0 brams, 1 dsps
TMR-2503 : Start to update net delay, extr mode = 3.
TMR-2504 : Update delay of 2315 nets completely.
TMR-2502 : Annotate delay completely, extr mode = 3.
TMR-3002 : No user constraint, initiate default constraint.
TMR-1501 : Assign derive clock DeriveClock to 1562 clock pins, and constraint 3317 relative nodes.
TMR-3003 : Constraints initiated successfully.
TMR-3501 : Forward propagation: start to calculate arrival time...
TMR-3502 : Backward propagation: start to calculate required time...
TMR-3503 : Timing propagation completes.
PHY-1001 : Start global routing, caller is route ...
RUN-1001 : Generating global routing grids ...
PHY-1001 : Generate routing nets ...
PHY-1001 : Global iterations in 12 thread ...
PHY-1002 : len = 81568, over cnt = 291(2%), over = 428, worst = 5
PHY-1002 : len = 83704, over cnt = 145(1%), over = 185, worst = 3
PHY-1002 : len = 86000, over cnt = 4(0%), over = 4, worst = 1
PHY-1002 : len = 86032, over cnt = 1(0%), over = 1, worst = 1
PHY-1002 : len = 86064, over cnt = 0(0%), over = 0, worst = 0
PHY-1001 : End global iterations;  0.390358s wall, 0.156250s user + 0.000000s system = 0.156250s CPU (40.0%)

PHY-1001 : Congestion index: top1 = 51.81, top5 = 41.21, top10 = 36.78, top15 = 33.83.
PHY-1001 : End global routing;  0.438328s wall, 0.203125s user + 0.000000s system = 0.203125s CPU (46.3%)

PHY-1001 : Start detail routing ...
PHY-1001 : Current memory(MB): used = 232, reserve = 204, peak = 232.
PHY-1001 : Detailed router is running in normal mode.
PHY-1001 : Generate detailed routing grids ...
PHY-1001 : Generate nets ...
PHY-1001 : net I_clk_25m_dup_1 will be routed on clock mesh
PHY-5010 WARNING: Net u_ahb_foc_controller/I_ahb_hsize[2] is skipped due to 0 input or output
PHY-5010 WARNING: Net u_ahb_foc_controller/I_ahb_hsize[1] is skipped due to 0 input or output
PHY-5010 WARNING: Net u_ahb_foc_controller/I_ahb_hsize[0] is skipped due to 0 input or output
PHY-1001 : clock net u_mcu/hclk will be merged with clock u_pll/clk0_buf
PHY-1001 : clock net u_ahb_foc_controller/u_foc_controller/S_angle_velocity_clk_syn_4 will be merged with clock u_ahb_foc_controller/u_foc_controller/S_angle_velocity_clk
PHY-1001 : net u_ahb_foc_controller/u_foc_controller/u_hall_encoder/u_divider/clk will be routed on clock mesh
PHY-5010 WARNING: Net u_ahb_foc_controller/I_ahb_hsize[2] is skipped due to 0 input or output
PHY-5010 WARNING: Net u_ahb_foc_controller/I_ahb_hsize[1] is skipped due to 0 input or output
PHY-5010 WARNING: Net u_ahb_foc_controller/I_ahb_hsize[0] is skipped due to 0 input or output
PHY-1001 : Current memory(MB): used = 318, reserve = 291, peak = 318.
PHY-1001 : End build detailed router design. 1.785775s wall, 0.781250s user + 0.000000s system = 0.781250s CPU (43.7%)

PHY-1001 : Detail Route ...
PHY-1001 : ===== Detail Route Phase 1 =====
PHY-1001 : Clock net routing.....
PHY-1001 : Routed 0% nets.
PHY-1022 : len = 22272, over cnt = 0(0%), over = 0, worst = 0, crit = 0
PHY-1001 : End initial clock net routed; 0.334895s wall, 0.125000s user + 0.000000s system = 0.125000s CPU (37.3%)

PHY-1001 : Current memory(MB): used = 330, reserve = 303, peak = 330.
PHY-1001 : End phase 1; 0.336693s wall, 0.125000s user + 0.000000s system = 0.125000s CPU (37.1%)

PHY-1001 : ===== Detail Route Phase 2 =====
PHY-1001 : Initial routing.....
PHY-1001 : Routed 49% nets.
PHY-1001 : Routed 55% nets.
PHY-1001 : Routed 67% nets.
PHY-1001 : Routed 79% nets.
PHY-1001 : Routed 93% nets.
PHY-1022 : len = 281216, over cnt = 494(0%), over = 505, worst = 2, crit = 0
PHY-1001 : Current memory(MB): used = 332, reserve = 305, peak = 332.
PHY-1001 : End initial routed; 2.357147s wall, 0.781250s user + 0.031250s system = 0.812500s CPU (34.5%)

PHY-1001 : Current memory(MB): used = 332, reserve = 305, peak = 332.
PHY-1001 : End phase 2; 2.357197s wall, 0.781250s user + 0.031250s system = 0.812500s CPU (34.5%)

PHY-1001 : ===== Detail Route Phase 3 =====
PHY-1001 : Ripup-reroute.....
PHY-1001 : ===== DR Iter 1 =====
PHY-1022 : len = 263216, over cnt = 119(0%), over = 119, worst = 1, crit = 0
PHY-1001 : End DR Iter 1; 1.262135s wall, 0.578125s user + 0.000000s system = 0.578125s CPU (45.8%)

PHY-1001 : ===== DR Iter 2 =====
PHY-1022 : len = 262952, over cnt = 32(0%), over = 32, worst = 1, crit = 0
PHY-1001 : End DR Iter 2; 0.236070s wall, 0.093750s user + 0.000000s system = 0.093750s CPU (39.7%)

PHY-1001 : ===== DR Iter 3 =====
PHY-1022 : len = 263248, over cnt = 7(0%), over = 7, worst = 1, crit = 0
PHY-1001 : End DR Iter 3; 0.105601s wall, 0.062500s user + 0.000000s system = 0.062500s CPU (59.2%)

PHY-1001 : ===== DR Iter 4 =====
PHY-1022 : len = 263256, over cnt = 1(0%), over = 1, worst = 1, crit = 0
PHY-1001 : End DR Iter 4; 0.088872s wall, 0.062500s user + 0.000000s system = 0.062500s CPU (70.3%)

PHY-1001 : ===== DR Iter 5 =====
PHY-1022 : len = 263256, over cnt = 1(0%), over = 1, worst = 1, crit = 0
PHY-1001 : End DR Iter 5; 0.051683s wall, 0.031250s user + 0.000000s system = 0.031250s CPU (60.5%)

PHY-1001 : ===== DR Iter 6 =====
PHY-1022 : len = 263256, over cnt = 1(0%), over = 1, worst = 1, crit = 0
PHY-1001 : End DR Iter 6; 0.094694s wall, 0.015625s user + 0.000000s system = 0.015625s CPU (16.5%)

PHY-1001 : ===== DR Iter 7 =====
PHY-1022 : len = 263256, over cnt = 1(0%), over = 1, worst = 1, crit = 0
PHY-1001 : End DR Iter 7; 0.148461s wall, 0.093750s user + 0.000000s system = 0.093750s CPU (63.1%)

PHY-1001 : ===== DR Iter 8 =====
PHY-1022 : len = 263264, over cnt = 1(0%), over = 1, worst = 1, crit = 0
PHY-1001 : End DR Iter 8; 0.031662s wall, 0.015625s user + 0.000000s system = 0.015625s CPU (49.3%)

PHY-1001 : ==== DR Iter 9 ====
PHY-1022 : len = 263280, over cnt = 0(0%), over = 0, worst = 0, crit = 0
PHY-1001 : End DR Iter 9; 0.021679s wall, 0.031250s user + 0.000000s system = 0.031250s CPU (144.1%)

PHY-1001 : Commit to database.....
PHY-5014 WARNING: Detail route doesn't find pib for u_pll/pll_inst.dsm_rst[0]
PHY-5014 WARNING: Detail route doesn't find pib for u_pll/pll_inst.frac_offset_valid[0]
PHY-5014 WARNING: Detail route doesn't find pib for u_pll/pll_inst.dsm_refclk[0]
PHY-5014 WARNING: Detail route doesn't find pib for u_pll/pll_inst.ssc_en[0]
PHY-1001 : 187 feed throughs used by 91 nets
PHY-1001 : End commit to database; 0.354288s wall, 0.078125s user + 0.000000s system = 0.078125s CPU (22.1%)

PHY-1001 : Current memory(MB): used = 347, reserve = 321, peak = 347.
PHY-1001 : End phase 3; 2.454521s wall, 1.078125s user + 0.000000s system = 1.078125s CPU (43.9%)

PHY-1003 : Routed, final wirelength = 263280
PHY-1001 : Current memory(MB): used = 348, reserve = 321, peak = 348.
PHY-1001 : End export database. 0.011421s wall, 0.000000s user + 0.000000s system = 0.000000s CPU (n/a%)

PHY-1001 : End detail routing;  7.056639s wall, 2.765625s user + 0.031250s system = 2.796875s CPU (39.6%)

RUN-1003 : finish command "route" in  7.993438s wall, 3.187500s user + 0.031250s system = 3.218750s CPU (40.3%)

RUN-1004 : used memory is 290 MB, reserved memory is 263 MB, peak memory is 348 MB
RUN-1002 : start command "report_area -io_info -file FOC_Controller_phy.area"
RUN-1001 : standard
***Report Model: fpga_top Device: SF1S60CG121I***

IO Statistics
#IO                        21
  #input                   10
  #output                  10
  #inout                    1

Utilization Statistics
#lut                     1272   out of   5824   21.84%
#reg                     1186   out of   5824   20.36%
#le                      1590
  #lut only               404   out of   1590   25.41%
  #reg only               318   out of   1590   20.00%
  #lut&reg                868   out of   1590   54.59%
#dsp                        1   out of     10   10.00%
#bram                       0   out of     26    0.00%
  #bram9k                   0
  #fifo9k                   0
#hard-ip                    1
  #mcu                      1   out of      1  100.00%
  #dsc                      0   out of      1    0.00%
  #dsi                      0   out of      2    0.00%
  #psram controller         0   out of      2    0.00%
#pad                       21   out of     55   38.18%
  #ireg                     0
  #oreg                     5
  #treg                     1
#pll                        1   out of      2   50.00%
#gclk                       2   out of     16   12.50%

Clock Resource Statistics
Index     ClockNet                                                              Type               DriverType         Driver                                                                      Fanout
#1        u_pll/clk0_buf                                                        GCLK               pll                u_pll/pll_inst.clkc0                                                        626
#2        u_ahb_foc_controller/u_foc_controller/u_hall_encoder/u_divider/clk    GCLK               pll                u_pll/pll_inst.clkc1                                                        131
#3        u_ahb_foc_controller/u_foc_controller/S_angle_velocity_clk            GCLK               lslice             u_ahb_foc_controller/u_foc_controller/S_angle_velocity_clk_reg_syn_12.q0    28
#4        I_clk_25m_dup_1                                                       GCLK               io                 I_clk_25m_syn_2.di                                                          1


Detailed IO Report

     Name       Direction    Location    IOStandard    DriveStrength    PullType     PackReg   
  I_clk_25m       INPUT         D7        LVCMOS18          N/A          PULLUP       NONE     
   I_hall_u       INPUT        G10        LVCMOS18          N/A          PULLUP       NONE     
   I_hall_v       INPUT        H11        LVCMOS18          N/A          PULLUP       NONE     
   I_hall_w       INPUT        H10        LVCMOS18          N/A          PULLUP       NONE     
  I_jtag_tck      INPUT         C7        LVCMOS18          N/A          PULLUP       NONE     
  I_jtag_tdi      INPUT         D5        LVCMOS18          N/A          PULLUP       NONE     
  I_jtag_tms      INPUT         D6        LVCMOS18          N/A          PULLUP       NONE     
    I_rstn        INPUT         J2        LVCMOS18          N/A          PULLUP       NONE     
  I_spi_miso      INPUT         B9        LVCMOS18          N/A          PULLUP       NONE     
  I_uart_rx       INPUT         E4        LVCMOS18          N/A          PULLUP       NONE     
  O_i2c_scl      OUTPUT         G3        LVCMOS18           8            NONE        OREG     
  O_jtag_tdo     OUTPUT         C6        LVCMOS18           8            NONE        NONE     
   O_pwm_a       OUTPUT        C10        LVCMOS18           8            NONE        NONE     
   O_pwm_b       OUTPUT        C11        LVCMOS18           8            NONE        NONE     
   O_pwm_c       OUTPUT        E11        LVCMOS18           8            NONE        NONE     
   O_pwm_en      OUTPUT        F11        LVCMOS18           8            NONE        NONE     
  O_spi_mosi     OUTPUT         B8        LVCMOS18           8            NONE        OREG     
  O_spi_sck      OUTPUT         A9        LVCMOS18           8            NONE        OREG     
   O_spi_ss      OUTPUT         A8        LVCMOS18           8            NONE        OREG     
  O_uart_tx      OUTPUT         A4        LVCMOS18           8            NONE        NONE     
  IO_i2c_sda      INOUT         H3        LVCMOS18           8           PULLUP     OREG;TREG  
  hold_n_io3     OUTPUT        S6_1       LVCMOS18           8            NONE        NONE     
   mosi_io0       INOUT        S6_5       LVCMOS18           8           PULLUP       NONE     

Report Hierarchy Area:
+------------------------------------------------------------------------------------------------+
|Instance               |Module             |le     |lut     |ripple  |seq     |bram    |dsp     |
+------------------------------------------------------------------------------------------------+
|top                    |fpga_top           |1590   |1112    |160     |1192    |0       |1       |
|  u_ahb_foc_controller |ahb_foc_controller |1582   |1108    |156     |1184    |0       |1       |
|    u_foc_controller   |foc_controller     |626    |419     |156     |239     |0       |1       |
|      u_adc_ad7928     |adc_ad7928         |55     |51      |4       |24      |0       |0       |
|      u_as5600_encoder |as5600_encoder     |276    |176     |85      |66      |0       |1       |
|        u_as5600_read  |i2c_register_read  |276    |176     |85      |66      |0       |0       |
|      u_hall_encoder   |hall_encoder       |170    |107     |33      |97      |0       |0       |
|        u_divider      |Divider            |110    |71      |18      |67      |0       |0       |
|  u_mcu                |MCU                |0      |0       |0       |0       |0       |0       |
|  u_pll                |pll                |0      |0       |0       |0       |0       |0       |
+------------------------------------------------------------------------------------------------+


DataNet Average Fanout:

   Index     Fanout     Nets  
    #1          1       1736  
    #2          2       207   
    #3          3       125   
    #4          4        50   
    #5        5-10       70   
    #6        11-50      92   
    #7       51-100      2    
    #8       101-500     4    
    #9        >500       1    
  Average     3.00            

RUN-1002 : start command "export_db FOC_Controller_pr.db"
RUN-1001 : Exported /
RUN-1001 : Exported flow parameters
RUN-1001 : Exported libs
RUN-1001 : Exported entities
RUN-1001 : Exported ports
RUN-1001 : Exported pins
RUN-1001 : Exported instances
RUN-1001 : Exported nets
RUN-1001 : Exported buses
RUN-1001 : Exported models
RUN-1001 : Exported congestions
RUN-1001 : Exported violations
RUN-1001 : Exported IO constraints
RUN-1001 : Exported Inst constraints
RUN-1002 : start command "export_bid FOC_Controller_inst.bid"
RUN-1002 : start command "bitgen -bit FOC_Controller.bit"
BIT-1003 : Start to generate bitstream. 
BIT-1002 : Init instances with 12 threads.
BIT-1002 : Init instances completely, inst num: 977
BIT-1002 : Init pips with 12 threads.
BIT-1002 : Init pips completely, net num: 2317, pip num: 22738
BIT-1002 : Init feedthrough with 12 threads.
BIT-1002 : Init feedthrough completely, num: 187
BIT-1003 : Multithreading accelaration with 12 threads.
BIT-1003 : Generate bitstream completely, there are 738 valid insts, and 60268 bits set as '1'.
BIT-1004 : Generate bits file FOC_Controller.bit.
RUN-1003 : finish command "bitgen -bit FOC_Controller.bit" in  2.144666s wall, 9.546875s user + 0.031250s system = 9.578125s CPU (446.6%)

RUN-1004 : used memory is 297 MB, reserved memory is 277 MB, peak memory is 480 MB
RUN-1002 : start command "backup_run_log run.log ../.logs/phy_1/td_20231111_133306.log"
