============================================================
   Tang Dynasty, V5.6.71036
      Copyright (c) 2012-2023 Anlogic Inc.
   Executable = D:/Anlogic/TD5.6.2/bin/td.exe
   Built at =   20:34:38 Mar 21 2023
   Run by =     15597
   Run Date =   Tue Nov  7 00:20:33 2023

   Run on =     XR097-DELL-G7
============================================================
RUN-1002 : start command "open_project FOC_Controller.prj"
RUN-1001 : Print Global Property
RUN-1001 : ---------------------------------------------------------------
RUN-1001 :        Parameters        |  Settings  |  Default Values  |  Note  
RUN-1001 : ---------------------------------------------------------------
RUN-1001 :          message         |  standard  |     standard     |        
RUN-1001 :   mixed_pack_place_flow  |     on     |        on        |        
RUN-1001 :        qor_monitor       |    off     |       off        |        
RUN-1001 :        syn_ip_flow       |    off     |       off        |        
RUN-1001 :          thread          |    auto    |       auto       |        
RUN-1001 : ---------------------------------------------------------------
RUN-1001 : Print Design Property
RUN-1001 : --------------------------------------------------------------
RUN-1001 :        Parameters       |  Settings  |  Default Values  |  Note  
RUN-1001 : --------------------------------------------------------------
RUN-1001 :   default_reg_initial   |    auto    |       auto       |        
RUN-1001 :        infer_add        |     on     |        on        |        
RUN-1001 :        infer_fsm        |    off     |       off        |        
RUN-1001 :        infer_mult       |     on     |        on        |        
RUN-1001 :        infer_ram        |     on     |        on        |        
RUN-1001 :        infer_reg        |     on     |        on        |        
RUN-1001 :   infer_reg_init_value  |     on     |        on        |        
RUN-1001 :        infer_rom        |     on     |        on        |        
RUN-1001 :      infer_shifter      |     on     |        on        |        
RUN-1001 : --------------------------------------------------------------
RUN-1001 : Print Rtl Property
RUN-1001 : --------------------------------------------------------------
RUN-1001 :        Parameters       |  Settings  |  Default Values  |  Note  
RUN-1001 : --------------------------------------------------------------
RUN-1001 :       compress_add      |   ripple   |      ripple      |        
RUN-1001 :        elf_sload        |    off     |       off        |        
RUN-1001 :       fix_undriven      |     0      |        0         |        
RUN-1001 :         flatten         |    off     |       off        |        
RUN-1001 :       gate_sharing      |     on     |        on        |        
RUN-1001 :    hdl_warning_level    |   normal   |      normal      |        
RUN-1001 :   impl_internal_tribuf  |     on     |        on        |        
RUN-1001 :      impl_set_reset     |     on     |        on        |        
RUN-1001 :        infer_gsr        |    off     |       off        |        
RUN-1001 :      keep_hierarchy     |    auto    |       auto       |        
RUN-1001 :        max_fanout       |    9999    |       9999       |        
RUN-1001 :      max_oh2bin_len     |     10     |        10        |        
RUN-1001 :       merge_equal       |     on     |        on        |        
RUN-1001 :       merge_equiv       |     on     |        on        |        
RUN-1001 :        merge_mux        |    off     |       off        |        
RUN-1001 :     min_control_set     |     8      |        8         |        
RUN-1001 :      min_ripple_len     |    auto    |       auto       |        
RUN-1001 :       oh2bin_ratio      |    0.08    |       0.08       |        
RUN-1001 :     opt_adder_fanout    |     on     |        on        |        
RUN-1001 :        opt_arith        |     on     |        on        |        
RUN-1001 :       opt_big_gate      |    off     |       off        |        
RUN-1001 :        opt_const        |     on     |        on        |        
RUN-1001 :      opt_const_mult     |     on     |        on        |        
RUN-1001 :       opt_lessthan      |     on     |        on        |        
RUN-1001 :         opt_mux         |    off     |       off        |        
RUN-1001 :         opt_ram         |    high    |       high       |        
RUN-1001 :      rtl_sim_model      |    off     |       off        |        
RUN-1001 :         seq_syn         |     on     |        on        |        
RUN-1001 : --------------------------------------------------------------
HDL-1007 : analyze verilog file ../../RTL/adc_ad7928.v
HDL-1007 : analyze verilog file ../../RTL/foc/cartesian2polar.v
HDL-1007 : analyze verilog file ../../RTL/foc/clark_tr.v
HDL-1007 : analyze verilog file ../../RTL/foc/foc_top.v
HDL-1007 : analyze verilog file ../../RTL/foc/hold_detect.v
HDL-1007 : analyze verilog file ../../RTL/foc/park_tr.v
HDL-1007 : analyze verilog file ../../RTL/foc/pi_controller.v
HDL-1007 : analyze verilog file ../../RTL/foc/sincos.v
HDL-1007 : analyze verilog file ../../RTL/foc/svpwm.v
HDL-1007 : analyze verilog file ../../RTL/fpga_top.v
HDL-1007 : analyze verilog file ../../RTL/i2c_register_read.v
HDL-1007 : analyze verilog file ../../RTL/uart_monitor.v
RUN-1001 : Project manager successfully analyzed 12 source files.
RUN-1002 : start command "import_device sf1_6.db -package SF1S60CG121I"
ARC-1001 : Device Initialization.
ARC-1001 : -------------------------------------------------
ARC-1001 :       OPTION       |      IO       |   SETTING   
ARC-1001 : -------------------------------------------------
ARC-1001 :        done        |      B4       |    gpio    
ARC-1001 :        initn       |      A5       |    gpio    
ARC-1001 :       jtagen       |      B7       |    gpio    
ARC-1001 :      programn      |      B5       |  dedicate  
ARC-1001 :   tdi/tms/tck/tdo  |  C4/A6/A7/C5  |  dedicate  
ARC-1001 : -------------------------------------------------
ARC-1004 : Device setting, marked 5 dedicate IOs in total.
RUN-1002 : start command "import_db ../syn_1/FOC_Controller_gate.db"
RUN-1001 : Importing database generated by Tang Dynasty, V5.6.71036.
RUN-1001 : Database version number 46146.
RUN-1001 : Import flow parameters
RUN-1001 : Import IO constraints
RUN-1001 : Import Inst constraints
RUN-1001 : Import design success TD_VERSION=5.6.71036 , DB_VERSION=46146
RUN-1003 : finish command "import_db ../syn_1/FOC_Controller_gate.db" in  1.053051s wall, 0.437500s user + 0.000000s system = 0.437500s CPU (41.5%)

RUN-1004 : used memory is 220 MB, reserved memory is 193 MB, peak memory is 223 MB
RUN-1002 : start command "place"
RUN-1001 : Open license file D:/Anlogic/TD5.6.2/license/Anlogic.lic
RUN-1001 : Print Global Property
RUN-1001 : ---------------------------------------------------------------
RUN-1001 :        Parameters        |  Settings  |  Default Values  |  Note  
RUN-1001 : ---------------------------------------------------------------
RUN-1001 :          message         |  standard  |     standard     |        
RUN-1001 :   mixed_pack_place_flow  |     on     |        on        |        
RUN-1001 :        qor_monitor       |    off     |       off        |        
RUN-1001 :        syn_ip_flow       |    off     |       off        |        
RUN-1001 :          thread          |    auto    |       auto       |        
RUN-1001 : ---------------------------------------------------------------
RUN-1001 : Print Place Property
RUN-1001 : --------------------------------------------------------------
RUN-1001 :        Parameters       |  Settings  |  Default Values  |  Note  
RUN-1001 : --------------------------------------------------------------
RUN-1001 :      detailed_place     |     on     |        on        |        
RUN-1001 :          effort         |   medium   |      medium      |        
RUN-1001 :         fix_hold        |    off     |       off        |        
RUN-1001 :       legalization      |    ori     |       ori        |        
RUN-1001 :      new_spreading      |     on     |        on        |        
RUN-1001 :        opt_timing       |   medium   |      medium      |        
RUN-1001 :   post_clock_route_opt  |    off     |       off        |        
RUN-1001 :       pr_strategy       |     1      |        1         |        
RUN-1001 :        relaxation       |    1.00    |       1.00       |        
RUN-1001 :         retiming        |    off     |       off        |        
RUN-1001 : --------------------------------------------------------------
PHY-3001 : Placer runs in 12 thread(s).
RUN-1002 : start command "legalize_phy_inst"
SYN-1011 : Flatten model TOP
RUN-1002 : start command "phys_opt -simplify_lut"
SYN-4024 : Net "clk_25m_dup_1" drives clk pins.
SYN-4025 : Tag rtl::Net clk_25m_dup_1 as clock net
SYN-4026 : Tagged 1 rtl::Net as clock net
PHY-1001 : Populate physical database on model TOP.
RUN-1001 : There are total 3539 instances
RUN-0007 : 1272 luts, 1300 seqs, 598 mslices, 331 lslices, 14 pads, 11 brams, 10 dsps
RUN-1001 : There are total 4935 nets
RUN-1001 : 3517 nets have 2 pins
RUN-1001 : 1111 nets have [3 - 5] pins
RUN-1001 : 132 nets have [6 - 10] pins
RUN-1001 : 117 nets have [11 - 20] pins
RUN-1001 : 51 nets have [21 - 99] pins
RUN-1001 : 7 nets have 100+ pins
RUN-1001 : Report Control nets information:
RUN-1001 : DFF Distribution
RUN-1001 : ----------------------------------
RUN-1001 :   CE   |  SSR  |  ASR  |  DFF Count  
RUN-1001 : ----------------------------------
RUN-1001 :   No   |  No   |  No   |     28      
RUN-1001 :   No   |  No   |  Yes  |     440     
RUN-1001 :   No   |  Yes  |  No   |      9      
RUN-1001 :   Yes  |  No   |  No   |      0      
RUN-1001 :   Yes  |  No   |  Yes  |     823     
RUN-1001 :   Yes  |  Yes  |  No   |      0      
RUN-1001 : ----------------------------------
RUN-0007 : Control Group Statistic
RUN-0007 : ---------------------------
RUN-0007 :   #CLK  |  #CE  |  #SSR/ASR  
RUN-0007 : ---------------------------
RUN-0007 :    1    |  30   |     4      
RUN-0007 : ---------------------------
RUN-0007 : Control Set = 33
PHY-3001 : Initial placement ...
PHY-3001 : design contains 3537 instances, 1272 luts, 1300 seqs, 929 slices, 123 macros(929 instances: 598 mslices 331 lslices)
PHY-0007 : Cell area utilization is 53%
PHY-3001 : Global placement ...
PHY-3001 : Initial: Len = 632745
PHY-3001 : Run with size of 3
PHY-3001 : Cell area utilization is 53%
PHY-3001 : :::0::: Try harder cell spreading with beta_ = 0
PHY-3002 : Step(1): len = 423136, overlap = 63.8125
PHY-3002 : Step(2): len = 395452, overlap = 84.1562
PHY-3002 : Step(3): len = 247349, overlap = 96.3438
PHY-3002 : Step(4): len = 229458, overlap = 102.844
PHY-3002 : Step(5): len = 200682, overlap = 113.531
PHY-3002 : Step(6): len = 180006, overlap = 119.219
PHY-3002 : Step(7): len = 162452, overlap = 144.812
PHY-3002 : Step(8): len = 147681, overlap = 155.469
PHY-3002 : Step(9): len = 126528, overlap = 161.562
PHY-3002 : Step(10): len = 117494, overlap = 172.594
PHY-3002 : Step(11): len = 110366, overlap = 199.812
PHY-3002 : Step(12): len = 100071, overlap = 199.656
PHY-3002 : Step(13): len = 95599.2, overlap = 204.625
PHY-3002 : Step(14): len = 90978.3, overlap = 206.906
PHY-3001 : :::1::: Try harder cell spreading with beta_ = 1.0676e-05
PHY-3002 : Step(15): len = 95202.6, overlap = 214.094
PHY-3002 : Step(16): len = 99294.7, overlap = 203.031
PHY-3002 : Step(17): len = 101950, overlap = 189.438
PHY-3002 : Step(18): len = 103973, overlap = 175.156
PHY-3002 : Step(19): len = 103181, overlap = 171.906
PHY-3002 : Step(20): len = 103122, overlap = 147.656
PHY-3002 : Step(21): len = 96743.5, overlap = 140.094
PHY-3002 : Step(22): len = 96368.7, overlap = 141.906
PHY-3002 : Step(23): len = 96232.3, overlap = 143.531
PHY-3002 : Step(24): len = 94676.9, overlap = 140.031
PHY-3002 : Step(25): len = 92757.3, overlap = 126.844
PHY-3002 : Step(26): len = 91110.2, overlap = 124.438
PHY-3002 : Step(27): len = 88902.2, overlap = 112.938
PHY-3002 : Step(28): len = 87856.1, overlap = 118.75
PHY-3002 : Step(29): len = 87759, overlap = 117.344
PHY-3002 : Step(30): len = 87422.1, overlap = 107.469
PHY-3002 : Step(31): len = 87576.4, overlap = 110.938
PHY-3002 : Step(32): len = 86507.5, overlap = 106.438
PHY-3002 : Step(33): len = 86691.5, overlap = 106.281
PHY-3002 : Step(34): len = 85692.2, overlap = 109.531
PHY-3002 : Step(35): len = 85594.6, overlap = 107.875
PHY-3002 : Step(36): len = 85765.9, overlap = 108.062
PHY-3001 : :::2::: Try harder cell spreading with beta_ = 2.1352e-05
PHY-3002 : Step(37): len = 85787.6, overlap = 107.094
PHY-3002 : Step(38): len = 86096.8, overlap = 107.125
PHY-3002 : Step(39): len = 86718.6, overlap = 101.125
PHY-3001 : :::3::: Try harder cell spreading with beta_ = 4.2704e-05
PHY-3002 : Step(40): len = 88235.1, overlap = 103.469
PHY-3002 : Step(41): len = 88517.3, overlap = 103.656
PHY-3002 : Step(42): len = 96882, overlap = 90.9688
PHY-3002 : Step(43): len = 100495, overlap = 84.3125
PHY-3002 : Step(44): len = 97841.2, overlap = 81.0938
PHY-3002 : Step(45): len = 97083.6, overlap = 79.8438
PHY-3002 : Step(46): len = 97230.9, overlap = 80.3125
PHY-3002 : Step(47): len = 98579.8, overlap = 75.375
PHY-3002 : Step(48): len = 100005, overlap = 73.7188
PHY-3002 : Step(49): len = 100743, overlap = 61.9062
PHY-3002 : Step(50): len = 99673.1, overlap = 62
PHY-3002 : Step(51): len = 99331.1, overlap = 61.2188
PHY-3002 : Step(52): len = 99427, overlap = 65
PHY-3002 : Step(53): len = 99803.4, overlap = 58.3438
PHY-3002 : Step(54): len = 99796.1, overlap = 51.75
PHY-3002 : Step(55): len = 99174.7, overlap = 48.4062
PHY-3002 : Step(56): len = 98450.6, overlap = 52.875
PHY-3002 : Step(57): len = 97732.3, overlap = 50.875
PHY-3002 : Step(58): len = 96965.3, overlap = 45.7812
PHY-3002 : Step(59): len = 96671.7, overlap = 43.2812
PHY-3002 : Step(60): len = 95808, overlap = 44.7188
PHY-3001 : :::4::: Try harder cell spreading with beta_ = 8.5408e-05
PHY-3002 : Step(61): len = 97548.9, overlap = 46.9688
PHY-3002 : Step(62): len = 98067.2, overlap = 46.9688
PHY-3002 : Step(63): len = 98870.3, overlap = 45.75
PHY-3001 : :::5::: Try harder cell spreading with beta_ = 0.000154754
PHY-3002 : Step(64): len = 99314.8, overlap = 43.25
PHY-3002 : Step(65): len = 99409.8, overlap = 43.3125
PHY-3002 : Step(66): len = 99800.4, overlap = 47.4375
PHY-3001 : Legalization ...
PHY-3001 : End legalization;  0.010435s wall, 0.000000s user + 0.000000s system = 0.000000s CPU (n/a%)

PHY-3001 : Run with size of 3
PHY-3001 : Cell area utilization is 60%
PHY-3001 : Analyzing congestion ...
RUN-1001 : Generating global routing grids ...
RUN-1001 : Building simple global routing graph ...
PHY-1001 : Generate routing nets ...
PHY-1001 : Reuse net number 0/4935.
PHY-1001 : Global iterations in 12 thread ...
PHY-1002 : len = 140840, over cnt = 664(6%), over = 3464, worst = 40
PHY-1001 : End global iterations;  0.277656s wall, 0.046875s user + 0.000000s system = 0.046875s CPU (16.9%)

PHY-1001 : Congestion index: top1 = 97.01, top5 = 68.32, top10 = 56.75, top15 = 50.77.
PHY-3001 : End congestion estimation;  0.333904s wall, 0.062500s user + 0.000000s system = 0.062500s CPU (18.7%)

PHY-3001 : Update density targets...
PHY-3001 : Update congestion history...
PHY-3001 : :::0::: Try harder cell spreading with beta_ = 4.48941e-06
PHY-3002 : Step(67): len = 113513, overlap = 63.9062
PHY-3002 : Step(68): len = 113091, overlap = 62.625
PHY-3002 : Step(69): len = 104492, overlap = 67.5938
PHY-3002 : Step(70): len = 104097, overlap = 75.2812
PHY-3002 : Step(71): len = 102067, overlap = 95.375
PHY-3002 : Step(72): len = 101835, overlap = 104.688
PHY-3002 : Step(73): len = 96518.2, overlap = 138.906
PHY-3002 : Step(74): len = 93975.8, overlap = 140.5
PHY-3002 : Step(75): len = 88263.6, overlap = 144.781
PHY-3002 : Step(76): len = 87918.9, overlap = 149.969
PHY-3002 : Step(77): len = 86312.1, overlap = 150.688
PHY-3002 : Step(78): len = 86139.5, overlap = 151.781
PHY-3002 : Step(79): len = 86342.5, overlap = 165.312
PHY-3002 : Step(80): len = 85469.5, overlap = 151
PHY-3002 : Step(81): len = 85016.7, overlap = 147.375
PHY-3002 : Step(82): len = 84948.4, overlap = 140.938
PHY-3002 : Step(83): len = 84172.9, overlap = 141
PHY-3002 : Step(84): len = 84393.8, overlap = 140.656
PHY-3002 : Step(85): len = 84308.4, overlap = 141.531
PHY-3001 : :::1::: Try harder cell spreading with beta_ = 8.97883e-06
PHY-3002 : Step(86): len = 85550, overlap = 131.562
PHY-3002 : Step(87): len = 85921.9, overlap = 130.312
PHY-3002 : Step(88): len = 88976.3, overlap = 117.438
PHY-3002 : Step(89): len = 90122.3, overlap = 113.938
PHY-3002 : Step(90): len = 90401.3, overlap = 105.188
PHY-3002 : Step(91): len = 90816.6, overlap = 97.9688
PHY-3002 : Step(92): len = 90487, overlap = 91.3438
PHY-3001 : :::2::: Try harder cell spreading with beta_ = 1.79577e-05
PHY-3002 : Step(93): len = 93503.3, overlap = 88.9688
PHY-3002 : Step(94): len = 93503.3, overlap = 88.9688
PHY-3002 : Step(95): len = 92397.2, overlap = 87.0312
PHY-3002 : Step(96): len = 92622.4, overlap = 86.3125
PHY-3002 : Step(97): len = 94861.6, overlap = 75.5
PHY-3002 : Step(98): len = 96864.6, overlap = 74.75
PHY-3002 : Step(99): len = 95707.6, overlap = 76.5
PHY-3002 : Step(100): len = 96840.6, overlap = 79.0938
PHY-3002 : Step(101): len = 97595.2, overlap = 79.1875
PHY-3001 : :::3::: Try harder cell spreading with beta_ = 3.59153e-05
PHY-3002 : Step(102): len = 98436.1, overlap = 76.9688
PHY-3002 : Step(103): len = 99291.9, overlap = 73.5625
PHY-3002 : Step(104): len = 101665, overlap = 70.1562
PHY-3001 : :::4::: Try harder cell spreading with beta_ = 7.18306e-05
PHY-3002 : Step(105): len = 105056, overlap = 65.4688
PHY-3002 : Step(106): len = 107287, overlap = 65.4062
PHY-3002 : Step(107): len = 109490, overlap = 62.6562
PHY-3002 : Step(108): len = 109680, overlap = 55.3438
PHY-3002 : Step(109): len = 110050, overlap = 46.9062
PHY-3002 : Step(110): len = 108975, overlap = 46.1562
PHY-3002 : Step(111): len = 108989, overlap = 41.375
PHY-3002 : Step(112): len = 107447, overlap = 39.0938
PHY-3002 : Step(113): len = 106483, overlap = 40.2188
PHY-3002 : Step(114): len = 106455, overlap = 40.2188
PHY-3001 : :::5::: Try harder cell spreading with beta_ = 0.000143661
PHY-3002 : Step(115): len = 107968, overlap = 33.9062
PHY-3002 : Step(116): len = 108778, overlap = 34.4375
PHY-3002 : Step(117): len = 110010, overlap = 32.7188
PHY-3001 : :::6::: Try harder cell spreading with beta_ = 0.000287323
PHY-3002 : Step(118): len = 111115, overlap = 27
PHY-3002 : Step(119): len = 114550, overlap = 22
PHY-3002 : Step(120): len = 117307, overlap = 22.1562
PHY-3002 : Step(121): len = 117147, overlap = 21.4688
PHY-3002 : Step(122): len = 116884, overlap = 21.8125
PHY-3002 : Step(123): len = 116244, overlap = 20.875
PHY-3002 : Step(124): len = 115691, overlap = 24.0312
PHY-3002 : Step(125): len = 114842, overlap = 25.3125
PHY-3001 : :::7::: Try harder cell spreading with beta_ = 0.000574645
PHY-3002 : Step(126): len = 115956, overlap = 22.9062
PHY-3002 : Step(127): len = 116931, overlap = 21.875
PHY-3002 : Step(128): len = 117766, overlap = 21.8125
PHY-3002 : Step(129): len = 119174, overlap = 20.7812
PHY-3002 : Step(130): len = 121057, overlap = 19.5312
PHY-3002 : Step(131): len = 121300, overlap = 19.2188
PHY-3002 : Step(132): len = 121121, overlap = 18.9062
PHY-3002 : Step(133): len = 120589, overlap = 18
PHY-3002 : Step(134): len = 120404, overlap = 17.9688
PHY-3002 : Step(135): len = 120433, overlap = 19.8125
PHY-3002 : Step(136): len = 120387, overlap = 17.125
PHY-3002 : Step(137): len = 120513, overlap = 18.2812
PHY-3002 : Step(138): len = 120404, overlap = 18.5625
PHY-3001 : :::8::: Try harder cell spreading with beta_ = 0.00114929
PHY-3002 : Step(139): len = 120495, overlap = 18.8125
PHY-3002 : Step(140): len = 121643, overlap = 17.3125
PHY-3001 : Run with size of 1
PHY-3001 : Cell area utilization is 60%
PHY-3001 : Analyzing congestion ...
RUN-1001 : Generating global routing grids ...
PHY-1001 : Generate routing nets ...
PHY-1001 : Reuse net number 48/4935.
PHY-1001 : Global iterations in 12 thread ...
PHY-1002 : len = 134208, over cnt = 630(5%), over = 2898, worst = 34
PHY-1001 : End global iterations;  0.272033s wall, 0.140625s user + 0.000000s system = 0.140625s CPU (51.7%)

PHY-1001 : Congestion index: top1 = 73.75, top5 = 54.82, top10 = 45.99, top15 = 40.58.
PHY-3001 : End congestion estimation;  0.326479s wall, 0.171875s user + 0.000000s system = 0.171875s CPU (52.6%)

PHY-3001 : Update density targets...
PHY-3001 : Update congestion history...
PHY-3001 : :::0::: Try harder cell spreading with beta_ = 6.37021e-05
PHY-3002 : Step(141): len = 122641, overlap = 147.844
PHY-3002 : Step(142): len = 123416, overlap = 145.156
PHY-3002 : Step(143): len = 119351, overlap = 141.125
PHY-3002 : Step(144): len = 115989, overlap = 143.375
PHY-3002 : Step(145): len = 114979, overlap = 137.062
PHY-3002 : Step(146): len = 114247, overlap = 132.156
PHY-3002 : Step(147): len = 114065, overlap = 134.188
PHY-3002 : Step(148): len = 111469, overlap = 141.781
PHY-3002 : Step(149): len = 110907, overlap = 143.219
PHY-3002 : Step(150): len = 111128, overlap = 140.656
PHY-3001 : :::1::: Try harder cell spreading with beta_ = 0.000127404
PHY-3002 : Step(151): len = 111937, overlap = 135.156
PHY-3002 : Step(152): len = 112713, overlap = 132.5
PHY-3002 : Step(153): len = 113256, overlap = 124.906
PHY-3002 : Step(154): len = 113207, overlap = 127.531
PHY-3002 : Step(155): len = 113455, overlap = 128.062
PHY-3001 : :::2::: Try harder cell spreading with beta_ = 0.000254809
PHY-3002 : Step(156): len = 114608, overlap = 125.188
PHY-3002 : Step(157): len = 115668, overlap = 119.812
PHY-3002 : Step(158): len = 116830, overlap = 118.75
PHY-3001 : :::3::: Try harder cell spreading with beta_ = 0.000429684
PHY-3002 : Step(159): len = 117189, overlap = 114.375
PHY-3002 : Step(160): len = 118074, overlap = 113.312
PHY-3002 : Step(161): len = 120441, overlap = 110.344
PHY-3002 : Step(162): len = 122081, overlap = 105.25
PHY-3002 : Step(163): len = 122020, overlap = 104.969
PHY-3001 : :::4::: Try harder cell spreading with beta_ = 0.000859367
PHY-3002 : Step(164): len = 122354, overlap = 104.281
PHY-3002 : Step(165): len = 123766, overlap = 97.9688
PHY-3002 : Step(166): len = 124909, overlap = 103.375
PHY-3002 : Step(167): len = 125323, overlap = 100.188
PHY-3002 : Step(168): len = 125653, overlap = 100.812
PHY-3002 : Step(169): len = 125963, overlap = 95.8438
PHY-3001 : :::5::: Try harder cell spreading with beta_ = 0.00157384
PHY-3002 : Step(170): len = 126359, overlap = 96
PHY-3002 : Step(171): len = 127344, overlap = 92.2188
OPT-1001 : Start physical optimization ...
OPT-1001 : Total overflow 92.22 peak overflow 1.69
OPT-1001 : Start high-fanout net optimization ...
OPT-1001 : Update timing in global mode
PHY-1001 : Start incremental global routing, caller is place ...
RUN-1001 : Generating global routing grids ...
PHY-1001 : Generate routing nets ...
PHY-1001 : Reuse net number 341/4935.
PHY-1001 : Global iterations in 12 thread ...
PHY-1002 : len = 148944, over cnt = 722(6%), over = 2594, worst = 20
PHY-1001 : End global iterations;  0.272854s wall, 0.218750s user + 0.000000s system = 0.218750s CPU (80.2%)

PHY-1001 : Congestion index: top1 = 62.78, top5 = 50.45, top10 = 43.87, top15 = 39.86.
PHY-1001 : End incremental global routing;  0.325373s wall, 0.234375s user + 0.000000s system = 0.234375s CPU (72.0%)

RUN-1002 : start command "start_timer -report"
TMR-5001 WARNING: No sdc constraints found while initiating timer.
TMR-2505 : Start building timing graph for model TOP.
TMR-2506 : Build timing graph completely. Port num: 14, tpin num: 18073, tnet num: 4933, tinst num: 3537, tnode num: 22937, tedge num: 31578.
TMR-2508 : Levelizing timing graph completed, there are 61 levels in total.
TMR-2501 : Timing graph initialized successfully.
OPT-1001 : End timing update;  0.395632s wall, 0.203125s user + 0.000000s system = 0.203125s CPU (51.3%)

OPT-1001 : 0 high-fanout net processed.
OPT-1001 : End high-fanout net optimization;  0.790720s wall, 0.468750s user + 0.000000s system = 0.468750s CPU (59.3%)

OPT-1001 : Current memory(MB): used = 291, reserve = 265, peak = 291.
OPT-1001 : End physical optimization;  0.825351s wall, 0.484375s user + 0.000000s system = 0.484375s CPU (58.7%)

PHY-3001 : Start packing ...
SYN-4007 : Packing 0 MUX to BLE ...
SYN-4008 : Packed 0 MUX and 0 SEQ to BLE.
SYN-4007 : Packing 1272 LUT to BLE ...
SYN-4008 : Packed 1272 LUT and 675 SEQ to BLE.
SYN-4003 : Packing 625 remaining SEQ's ...
SYN-4005 : Packed 235 SEQ with LUT/SLICE
SYN-4006 : 464 single LUT's are left
SYN-4006 : 390 single SEQ's are left
SYN-4011 : Packing model "TOP" (AL_USER_NORMAL) with 1662/2629 primitive instances ...
PHY-3001 : End packing;  0.156451s wall, 0.109375s user + 0.000000s system = 0.109375s CPU (69.9%)

PHY-1001 : Populate physical database on model TOP.
RUN-1001 : There are total 1856 instances
RUN-1001 : 909 mslices, 909 lslices, 14 pads, 11 brams, 10 dsps
RUN-1001 : There are total 4335 nets
RUN-1001 : 2983 nets have 2 pins
RUN-1001 : 1044 nets have [3 - 5] pins
RUN-1001 : 143 nets have [6 - 10] pins
RUN-1001 : 113 nets have [11 - 20] pins
RUN-1001 : 47 nets have [21 - 99] pins
RUN-1001 : 5 nets have 100+ pins
PHY-3001 : design contains 1854 instances, 1818 slices, 123 macros(929 instances: 598 mslices 331 lslices)
PHY-3001 : Cell area utilization is 68%
PHY-3001 : After packing: Len = 126747, Over = 125.25
PHY-3001 : Run with size of 1
PHY-3001 : Cell area utilization is 68%
PHY-3001 : Analyzing congestion ...
RUN-1001 : Generating global routing grids ...
PHY-1001 : Generate routing nets ...
PHY-1001 : Reuse net number 2648/4335.
PHY-1001 : Global iterations in 12 thread ...
PHY-1002 : len = 149920, over cnt = 541(4%), over = 1649, worst = 19
PHY-1002 : len = 158600, over cnt = 292(2%), over = 557, worst = 13
PHY-1002 : len = 161472, over cnt = 110(0%), over = 200, worst = 8
PHY-1002 : len = 163856, over cnt = 7(0%), over = 7, worst = 1
PHY-1002 : len = 164272, over cnt = 0(0%), over = 0, worst = 0
PHY-1001 : End global iterations;  0.366264s wall, 0.203125s user + 0.000000s system = 0.203125s CPU (55.5%)

PHY-1001 : Congestion index: top1 = 48.89, top5 = 42.09, top10 = 38.48, top15 = 36.08.
PHY-3001 : End congestion estimation;  0.427104s wall, 0.234375s user + 0.000000s system = 0.234375s CPU (54.9%)

PHY-3001 : Update density targets...
PHY-3001 : Update congestion history...
PHY-3001 : :::0::: Try harder cell spreading with beta_ = 2.8968e-05
PHY-3002 : Step(172): len = 114313, overlap = 135.25
PHY-3002 : Step(173): len = 111516, overlap = 138
PHY-3002 : Step(174): len = 110345, overlap = 148.5
PHY-3002 : Step(175): len = 109722, overlap = 151.25
PHY-3002 : Step(176): len = 109528, overlap = 147
PHY-3002 : Step(177): len = 108728, overlap = 137
PHY-3002 : Step(178): len = 108373, overlap = 133
PHY-3002 : Step(179): len = 106667, overlap = 135.5
PHY-3002 : Step(180): len = 106239, overlap = 141.25
PHY-3002 : Step(181): len = 105708, overlap = 147.75
PHY-3001 : :::1::: Try harder cell spreading with beta_ = 5.79361e-05
PHY-3002 : Step(182): len = 109421, overlap = 129.75
PHY-3002 : Step(183): len = 110652, overlap = 127
PHY-3002 : Step(184): len = 111972, overlap = 125.25
PHY-3001 : :::2::: Try harder cell spreading with beta_ = 0.000115872
PHY-3002 : Step(185): len = 114125, overlap = 119
PHY-3002 : Step(186): len = 115509, overlap = 120.25
PHY-3002 : Step(187): len = 117995, overlap = 108.25
PHY-3002 : Step(188): len = 118440, overlap = 103.75
PHY-3002 : Step(189): len = 118651, overlap = 100.5
PHY-3002 : Step(190): len = 118574, overlap = 94.75
PHY-3002 : Step(191): len = 118583, overlap = 90.25
PHY-3002 : Step(192): len = 118624, overlap = 88.75
PHY-3002 : Step(193): len = 118594, overlap = 88.75
PHY-3001 : :::3::: Try harder cell spreading with beta_ = 0.000231744
PHY-3002 : Step(194): len = 120702, overlap = 86.5
PHY-3002 : Step(195): len = 122101, overlap = 83
PHY-3002 : Step(196): len = 122956, overlap = 82.75
PHY-3001 : :::4::: Try harder cell spreading with beta_ = 0.000463489
PHY-3002 : Step(197): len = 124184, overlap = 79.25
PHY-3002 : Step(198): len = 125203, overlap = 81.25
PHY-3002 : Step(199): len = 126133, overlap = 83.75
PHY-3002 : Step(200): len = 127135, overlap = 82.5
PHY-3002 : Step(201): len = 127937, overlap = 80.25
PHY-3002 : Step(202): len = 128072, overlap = 78.5
PHY-3002 : Step(203): len = 128019, overlap = 75.5
PHY-3001 : Legalization ...
PHY-3001 : End legalization;  0.582040s wall, 0.093750s user + 0.125000s system = 0.218750s CPU (37.6%)

PHY-3001 : Trial Legalized: Len = 136203
PHY-3001 : Run with size of 1
PHY-3001 : Cell area utilization is 66%
PHY-3001 : Analyzing congestion ...
RUN-1001 : Generating global routing grids ...
PHY-1001 : Generate routing nets ...
PHY-1001 : Reuse net number 294/4335.
PHY-1001 : Global iterations in 12 thread ...
PHY-1002 : len = 158952, over cnt = 430(3%), over = 747, worst = 9
PHY-1002 : len = 162784, over cnt = 171(1%), over = 240, worst = 7
PHY-1002 : len = 164976, over cnt = 53(0%), over = 67, worst = 4
PHY-1002 : len = 166208, over cnt = 2(0%), over = 2, worst = 1
PHY-1002 : len = 166336, over cnt = 0(0%), over = 0, worst = 0
PHY-1001 : End global iterations;  0.512465s wall, 0.156250s user + 0.000000s system = 0.156250s CPU (30.5%)

PHY-1001 : Congestion index: top1 = 45.69, top5 = 40.05, top10 = 36.08, top15 = 33.74.
PHY-3001 : End congestion estimation;  0.581711s wall, 0.187500s user + 0.000000s system = 0.187500s CPU (32.2%)

PHY-3001 : Update density targets...
PHY-3001 : Update congestion history...
PHY-3001 : :::0::: Try harder cell spreading with beta_ = 6.27894e-05
PHY-3002 : Step(204): len = 127171, overlap = 43.75
PHY-3002 : Step(205): len = 124173, overlap = 63.75
PHY-3002 : Step(206): len = 123727, overlap = 62
PHY-3002 : Step(207): len = 124154, overlap = 60.75
PHY-3002 : Step(208): len = 124432, overlap = 62.75
PHY-3002 : Step(209): len = 124546, overlap = 60.5
PHY-3001 : :::1::: Try harder cell spreading with beta_ = 0.000125579
PHY-3002 : Step(210): len = 126363, overlap = 52.5
PHY-3002 : Step(211): len = 127269, overlap = 51.25
PHY-3002 : Step(212): len = 128012, overlap = 49.25
PHY-3001 : :::2::: Try harder cell spreading with beta_ = 0.000251158
PHY-3002 : Step(213): len = 128622, overlap = 46.25
PHY-3002 : Step(214): len = 128926, overlap = 46
PHY-3002 : Step(215): len = 129974, overlap = 42.75
PHY-3001 : Legalization ...
PHY-3001 : End legalization;  0.005193s wall, 0.000000s user + 0.000000s system = 0.000000s CPU (n/a%)

PHY-3001 : Legalized: Len = 130932, Over = 0
PHY-3001 : End spreading;  0.009423s wall, 0.000000s user + 0.000000s system = 0.000000s CPU (n/a%)

PHY-3001 : Final: Len = 130932, Over = 0
RUN-1003 : finish command "place" in  10.212383s wall, 3.750000s user + 0.625000s system = 4.375000s CPU (42.8%)

RUN-1004 : used memory is 275 MB, reserved memory is 248 MB, peak memory is 292 MB
RUN-1002 : start command "export_db FOC_Controller_place.db"
RUN-1001 : Exported /
RUN-1001 : Exported flow parameters
RUN-1001 : Exported libs
RUN-1001 : Exported entities
RUN-1001 : Exported ports
RUN-1001 : Exported pins
RUN-1001 : Exported instances
RUN-1001 : Exported nets
RUN-1001 : Exported buses
RUN-1001 : Exported models
RUN-1001 : Exported congestions
RUN-1001 : Exported violations
RUN-1001 : Exported IO constraints
RUN-1001 : Exported Inst constraints
RUN-1002 : start command "route"
RUN-1001 : Open license file D:/Anlogic/TD5.6.2/license/Anlogic.lic
RUN-1001 : Print Global Property
RUN-1001 : ---------------------------------------------------------------
RUN-1001 :        Parameters        |  Settings  |  Default Values  |  Note  
RUN-1001 : ---------------------------------------------------------------
RUN-1001 :          message         |  standard  |     standard     |        
RUN-1001 :   mixed_pack_place_flow  |     on     |        on        |        
RUN-1001 :        qor_monitor       |    off     |       off        |        
RUN-1001 :        syn_ip_flow       |    off     |       off        |        
RUN-1001 :          thread          |    auto    |       auto       |        
RUN-1001 : ---------------------------------------------------------------
RUN-1001 : Print Route Property
RUN-1001 : -------------------------------------------------------
RUN-1001 :    Parameters    |  Settings  |  Default Values  |  Note  
RUN-1001 : -------------------------------------------------------
RUN-1001 :      effort      |   medium   |      medium      |        
RUN-1001 :     fix_hold     |    off     |       off        |        
RUN-1001 :    opt_timing    |   medium   |      medium      |        
RUN-1001 :   phy_sim_model  |    off     |       off        |        
RUN-1001 :     priority     |   timing   |      timing      |        
RUN-1001 :     swap_pin     |     on     |        on        |        
RUN-1001 : -------------------------------------------------------
PHY-1001 : Route runs in 12 thread(s)
RUN-1001 : There are total 1856 instances
RUN-1001 : 909 mslices, 909 lslices, 14 pads, 11 brams, 10 dsps
RUN-1001 : There are total 4335 nets
RUN-1001 : 2983 nets have 2 pins
RUN-1001 : 1044 nets have [3 - 5] pins
RUN-1001 : 143 nets have [6 - 10] pins
RUN-1001 : 113 nets have [11 - 20] pins
RUN-1001 : 47 nets have [21 - 99] pins
RUN-1001 : 5 nets have 100+ pins
RUN-1002 : start command "start_timer -report"
TMR-5001 WARNING: No sdc constraints found while initiating timer.
TMR-2505 : Start building timing graph for model TOP.
TMR-2506 : Build timing graph completely. Port num: 14, tpin num: 15391, tnet num: 4333, tinst num: 1854, tnode num: 18808, tedge num: 28194.
TMR-2508 : Levelizing timing graph completed, there are 59 levels in total.
TMR-2501 : Timing graph initialized successfully.
PHY-1001 : 909 mslices, 909 lslices, 14 pads, 11 brams, 10 dsps
TMR-2503 : Start to update net delay, extr mode = 3.
TMR-2504 : Update delay of 4333 nets completely.
TMR-2502 : Annotate delay completely, extr mode = 3.
TMR-3002 : No user constraint, initiate default constraint.
TMR-1501 : Assign derive clock DeriveClock to 1586 clock pins, and constraint 3415 relative nodes.
TMR-3003 : Constraints initiated successfully.
TMR-3501 : Forward propagation: start to calculate arrival time...
TMR-3502 : Backward propagation: start to calculate required time...
TMR-3503 : Timing propagation completes.
PHY-1001 : Start global routing, caller is route ...
RUN-1001 : Generating global routing grids ...
PHY-1001 : Generate routing nets ...
PHY-1001 : Global iterations in 12 thread ...
PHY-1002 : len = 151264, over cnt = 437(3%), over = 783, worst = 9
PHY-1002 : len = 155952, over cnt = 178(1%), over = 243, worst = 7
PHY-1002 : len = 158592, over cnt = 23(0%), over = 23, worst = 1
PHY-1002 : len = 159072, over cnt = 1(0%), over = 1, worst = 1
PHY-1002 : len = 159152, over cnt = 0(0%), over = 0, worst = 0
PHY-1001 : End global iterations;  0.505005s wall, 0.281250s user + 0.000000s system = 0.281250s CPU (55.7%)

PHY-1001 : Congestion index: top1 = 45.76, top5 = 39.63, top10 = 35.87, top15 = 33.39.
PHY-1001 : End global routing;  0.575238s wall, 0.296875s user + 0.015625s system = 0.312500s CPU (54.3%)

PHY-1001 : Start detail routing ...
PHY-1001 : Current memory(MB): used = 337, reserve = 311, peak = 346.
PHY-1001 : Detailed router is running in normal mode.
PHY-1001 : Generate detailed routing grids ...
PHY-1001 : Generate nets ...
PHY-1001 : net clk_25m_dup_1 will be routed on clock mesh
PHY-1001 : Current memory(MB): used = 422, reserve = 398, peak = 422.
PHY-1001 : End build detailed router design. 1.843479s wall, 1.250000s user + 0.031250s system = 1.281250s CPU (69.5%)

PHY-1001 : Detail Route ...
PHY-1001 : ===== Detail Route Phase 1 =====
PHY-1001 : Clock net routing.....
PHY-1001 : Routed 0% nets.
PHY-1022 : len = 30240, over cnt = 0(0%), over = 0, worst = 0, crit = 0
PHY-1001 : End initial clock net routed; 0.007321s wall, 0.015625s user + 0.000000s system = 0.015625s CPU (213.4%)

PHY-1001 : Current memory(MB): used = 424, reserve = 399, peak = 424.
PHY-1001 : End phase 1; 0.009631s wall, 0.015625s user + 0.000000s system = 0.015625s CPU (162.2%)

PHY-1001 : ===== Detail Route Phase 2 =====
PHY-1001 : Initial routing.....
PHY-1001 : Routed 35% nets.
PHY-1001 : Routed 43% nets.
PHY-1001 : Routed 52% nets.
PHY-1001 : Routed 62% nets.
PHY-1001 : Routed 81% nets.
PHY-1022 : len = 378024, over cnt = 175(0%), over = 175, worst = 1, crit = 0
PHY-1001 : Current memory(MB): used = 432, reserve = 408, peak = 432.
PHY-1001 : End initial routed; 2.893372s wall, 1.687500s user + 0.031250s system = 1.718750s CPU (59.4%)

PHY-1001 : Current memory(MB): used = 432, reserve = 408, peak = 432.
PHY-1001 : End phase 2; 2.893420s wall, 1.687500s user + 0.031250s system = 1.718750s CPU (59.4%)

PHY-1001 : ===== Detail Route Phase 3 =====
PHY-1001 : Ripup-reroute.....
PHY-1001 : ===== DR Iter 1 =====
PHY-1022 : len = 376152, over cnt = 56(0%), over = 56, worst = 1, crit = 0
PHY-1001 : End DR Iter 1; 0.121902s wall, 0.031250s user + 0.000000s system = 0.031250s CPU (25.6%)

PHY-1001 : ===== DR Iter 2 =====
PHY-1022 : len = 376648, over cnt = 12(0%), over = 12, worst = 1, crit = 0
PHY-1001 : End DR Iter 2; 0.065680s wall, 0.031250s user + 0.000000s system = 0.031250s CPU (47.6%)

PHY-1001 : ===== DR Iter 3 =====
PHY-1022 : len = 377048, over cnt = 0(0%), over = 0, worst = 0, crit = 0
PHY-1001 : End DR Iter 3; 0.038272s wall, 0.000000s user + 0.000000s system = 0.000000s CPU (n/a%)

PHY-1001 : Commit to database.....
PHY-1001 : 14 feed throughs used by 14 nets
PHY-1001 : End commit to database; 0.606267s wall, 0.343750s user + 0.000000s system = 0.343750s CPU (56.7%)

PHY-1001 : Current memory(MB): used = 451, reserve = 427, peak = 451.
PHY-1001 : End phase 3; 0.887503s wall, 0.437500s user + 0.000000s system = 0.437500s CPU (49.3%)

PHY-1003 : Routed, final wirelength = 377048
PHY-1001 : Current memory(MB): used = 452, reserve = 428, peak = 452.
PHY-1001 : End export database. 0.016517s wall, 0.000000s user + 0.000000s system = 0.000000s CPU (n/a%)

PHY-1001 : End detail routing;  5.774438s wall, 3.468750s user + 0.062500s system = 3.531250s CPU (61.2%)

RUN-1003 : finish command "route" in  7.005349s wall, 4.046875s user + 0.078125s system = 4.125000s CPU (58.9%)

RUN-1004 : used memory is 386 MB, reserved memory is 363 MB, peak memory is 452 MB
RUN-1002 : start command "report_area -io_info -file FOC_Controller_phy.area"
RUN-1001 : standard
***Report Model: TOP Device: SF1S60CG121I***

IO Statistics
#IO                        14
  #input                    3
  #output                  10
  #inout                    1

Utilization Statistics
#lut                     3140   out of   5824   53.91%
#reg                     1312   out of   5824   22.53%
#le                      3530
  #lut only              2218   out of   3530   62.83%
  #reg only               390   out of   3530   11.05%
  #lut&reg                922   out of   3530   26.12%
#dsp                       10   out of     10  100.00%
#bram                      11   out of     26   42.31%
  #bram9k                  11
  #fifo9k                   0
#hard-ip                    0
  #mcu                      0   out of      1    0.00%
  #dsc                      0   out of      1    0.00%
  #dsi                      0   out of      2    0.00%
  #psram controller         0   out of      2    0.00%
#pad                       14   out of     55   25.45%
  #ireg                     1
  #oreg                    11
  #treg                     1
#pll                        0   out of      2    0.00%
#gclk                       0   out of     16    0.00%

Clock Resource Statistics
Index     ClockNet         Type               DriverType         Driver              Fanout
#1        clk_25m_dup_1    GCLK               io                 clk_25m_syn_2.di    793


Detailed IO Report

    Name      Direction    Location    IOStandard    DriveStrength    PullType     PackReg   
  clk_25m       INPUT         D7        LVCMOS18          N/A          PULLUP       NONE     
    rstn        INPUT         J2        LVCMOS18          N/A           NONE        NONE     
  spi_miso      INPUT         B9        LVCMOS18          N/A          PULLUP       IREG     
  i2c_scl      OUTPUT         G3        LVCMOS18           8            NONE        OREG     
    led0       OUTPUT         J5        LVCMOS18           8            NONE        OREG     
   pwm_a       OUTPUT        C10        LVCMOS18           8            NONE        OREG     
   pwm_b       OUTPUT        C11        LVCMOS18           8            NONE        OREG     
   pwm_c       OUTPUT        E11        LVCMOS18           8            NONE        OREG     
   pwm_en      OUTPUT        F11        LVCMOS18           8            NONE        OREG     
  spi_mosi     OUTPUT         B8        LVCMOS18           8            NONE        OREG     
  spi_sck      OUTPUT         A9        LVCMOS18           8            NONE        OREG     
   spi_ss      OUTPUT         A8        LVCMOS18           8            NONE        OREG     
  uart_tx      OUTPUT         A4        LVCMOS18           8            NONE        OREG     
  i2c_sda       INOUT         H3        LVCMOS18           8           PULLUP     OREG;TREG  

Report Hierarchy Area:
+----------------------------------------------------------------------------------------------+
|Instance              |Module            |le     |lut     |ripple  |seq     |bram    |dsp     |
+----------------------------------------------------------------------------------------------+
|top                   |TOP               |3530   |2211    |929     |1325    |11      |10      |
|  u_adc_ad7928        |adc_ad7928        |145    |81      |28      |74      |0       |0       |
|  u_as5600_read       |i2c_register_read |267    |169     |87      |69      |0       |0       |
|  u_foc_top           |foc_top           |2875   |1769    |791     |1029    |11      |10      |
|    u_adc_sn_ctrl     |hold_detect       |18     |14      |4       |12      |0       |0       |
|    u_cartesian2polar |cartesian2polar   |607    |497     |98      |194     |8       |0       |
|    u_clark_tr        |clark_tr          |155    |43      |42      |92      |0       |0       |
|    u_id_pi           |pi_controller     |573    |318     |207     |170     |0       |3       |
|    u_iq_pi           |pi_controller     |704    |383     |274     |186     |0       |3       |
|    u_park_tr         |park_tr           |209    |139     |44      |90      |2       |4       |
|      u_sincos        |sincos            |146    |120     |26      |62      |2       |0       |
|    u_svpwm           |svpwm             |456    |308     |93      |184     |1       |0       |
|  u_uart_monitor      |uart_monitor      |205    |183     |16      |114     |0       |0       |
+----------------------------------------------------------------------------------------------+


DataNet Average Fanout:

   Index     Fanout     Nets  
    #1          1       2969  
    #2          2       551   
    #3          3       421   
    #4          4        72   
    #5        5-10      164   
    #6        11-50     135   
    #7       51-100      4    
    #8       101-500     2    
  Average     2.37            

RUN-1002 : start command "export_db FOC_Controller_pr.db"
RUN-1001 : Exported /
RUN-1001 : Exported flow parameters
RUN-1001 : Exported libs
RUN-1001 : Exported entities
RUN-1001 : Exported ports
RUN-1001 : Exported pins
RUN-1001 : Exported instances
RUN-1001 : Exported nets
RUN-1001 : Exported buses
RUN-1001 : Exported models
RUN-1001 : Exported congestions
RUN-1001 : Exported violations
RUN-1001 : Exported IO constraints
RUN-1001 : Exported Inst constraints
RUN-1003 : finish command "export_db FOC_Controller_pr.db" in  1.076700s wall, 0.906250s user + 0.000000s system = 0.906250s CPU (84.2%)

RUN-1004 : used memory is 392 MB, reserved memory is 373 MB, peak memory is 466 MB
RUN-1002 : start command "export_bid FOC_Controller_inst.bid"
PRG-1000 : <!-- HMAC is: 7094e746a9b3a9fc3b4ed42cf74d118601410328f2312c834dddc4b70e308358 -->
RUN-1002 : start command "bitgen -bit FOC_Controller.bit"
BIT-1003 : Start to generate bitstream. 
BIT-1002 : Init instances with 12 threads.
BIT-1002 : Init instances completely, inst num: 1854
BIT-1002 : Init pips with 12 threads.
BIT-1002 : Init pips completely, net num: 4335, pip num: 33736
BIT-1002 : Init feedthrough with 12 threads.
BIT-1002 : Init feedthrough completely, num: 14
BIT-1003 : Multithreading accelaration with 12 threads.
BIT-1003 : Generate bitstream completely, there are 1068 valid insts, and 106197 bits set as '1'.
BIT-1004 : the usercode register value: 00000000010110010000000000000000
BIT-1004 : Generate bits file FOC_Controller.bit.
RUN-1003 : finish command "bitgen -bit FOC_Controller.bit" in  3.020774s wall, 21.875000s user + 0.031250s system = 21.906250s CPU (725.2%)

RUN-1004 : used memory is 404 MB, reserved memory is 382 MB, peak memory is 575 MB
RUN-1002 : start command "backup_run_log run.log ../.logs/phy_1/td_20231107_002033.log"
