============================================================
   Tang Dynasty, V5.6.71036
      Copyright (c) 2012-2023 Anlogic Inc.
   Executable = D:/Anlogic/TD5.6.2/bin/td.exe
   Built at =   20:34:38 Mar 21 2023
   Run by =     15597
   Run Date =   Tue Nov  7 00:02:56 2023

   Run on =     XR097-DELL-G7
============================================================
RUN-1002 : start command "open_project FOC_Controller.prj"
RUN-1001 : Print Global Property
RUN-1001 : ---------------------------------------------------------------
RUN-1001 :        Parameters        |  Settings  |  Default Values  |  Note  
RUN-1001 : ---------------------------------------------------------------
RUN-1001 :          message         |  standard  |     standard     |        
RUN-1001 :   mixed_pack_place_flow  |     on     |        on        |        
RUN-1001 :        qor_monitor       |    off     |       off        |        
RUN-1001 :        syn_ip_flow       |    off     |       off        |        
RUN-1001 :          thread          |    auto    |       auto       |        
RUN-1001 : ---------------------------------------------------------------
RUN-1001 : Print Design Property
RUN-1001 : --------------------------------------------------------------
RUN-1001 :        Parameters       |  Settings  |  Default Values  |  Note  
RUN-1001 : --------------------------------------------------------------
RUN-1001 :   default_reg_initial   |    auto    |       auto       |        
RUN-1001 :        infer_add        |     on     |        on        |        
RUN-1001 :        infer_fsm        |    off     |       off        |        
RUN-1001 :        infer_mult       |     on     |        on        |        
RUN-1001 :        infer_ram        |     on     |        on        |        
RUN-1001 :        infer_reg        |     on     |        on        |        
RUN-1001 :   infer_reg_init_value  |     on     |        on        |        
RUN-1001 :        infer_rom        |     on     |        on        |        
RUN-1001 :      infer_shifter      |     on     |        on        |        
RUN-1001 : --------------------------------------------------------------
RUN-1001 : Print Rtl Property
RUN-1001 : --------------------------------------------------------------
RUN-1001 :        Parameters       |  Settings  |  Default Values  |  Note  
RUN-1001 : --------------------------------------------------------------
RUN-1001 :       compress_add      |   ripple   |      ripple      |        
RUN-1001 :        elf_sload        |    off     |       off        |        
RUN-1001 :       fix_undriven      |     0      |        0         |        
RUN-1001 :         flatten         |    off     |       off        |        
RUN-1001 :       gate_sharing      |     on     |        on        |        
RUN-1001 :    hdl_warning_level    |   normal   |      normal      |        
RUN-1001 :   impl_internal_tribuf  |     on     |        on        |        
RUN-1001 :      impl_set_reset     |     on     |        on        |        
RUN-1001 :        infer_gsr        |    off     |       off        |        
RUN-1001 :      keep_hierarchy     |    auto    |       auto       |        
RUN-1001 :        max_fanout       |    9999    |       9999       |        
RUN-1001 :      max_oh2bin_len     |     10     |        10        |        
RUN-1001 :       merge_equal       |     on     |        on        |        
RUN-1001 :       merge_equiv       |     on     |        on        |        
RUN-1001 :        merge_mux        |    off     |       off        |        
RUN-1001 :     min_control_set     |     8      |        8         |        
RUN-1001 :      min_ripple_len     |    auto    |       auto       |        
RUN-1001 :       oh2bin_ratio      |    0.08    |       0.08       |        
RUN-1001 :     opt_adder_fanout    |     on     |        on        |        
RUN-1001 :        opt_arith        |     on     |        on        |        
RUN-1001 :       opt_big_gate      |    off     |       off        |        
RUN-1001 :        opt_const        |     on     |        on        |        
RUN-1001 :      opt_const_mult     |     on     |        on        |        
RUN-1001 :       opt_lessthan      |     on     |        on        |        
RUN-1001 :         opt_mux         |    off     |       off        |        
RUN-1001 :         opt_ram         |    high    |       high       |        
RUN-1001 :      rtl_sim_model      |    off     |       off        |        
RUN-1001 :         seq_syn         |     on     |        on        |        
RUN-1001 : --------------------------------------------------------------
HDL-1007 : analyze verilog file ../../al_ip/pll.v
HDL-1007 : undeclared symbol 'open', assumed default net type 'wire' in ../../al_ip/pll.v(78)
HDL-1007 : analyze verilog file ../../RTL/adc_ad7928.v
HDL-1007 : analyze verilog file ../../RTL/fpga_top.v
HDL-1007 : analyze verilog file ../../RTL/i2c_register_read.v
HDL-1007 : analyze verilog file ../../RTL/uart_monitor.v
RUN-1001 : Project manager successfully analyzed 5 source files.
RUN-1002 : start command "import_device sf1_6.db -package SF1S60CG121I"
ARC-1001 : Device Initialization.
ARC-1001 : -------------------------------------------------
ARC-1001 :       OPTION       |      IO       |   SETTING   
ARC-1001 : -------------------------------------------------
ARC-1001 :        done        |      B4       |    gpio    
ARC-1001 :        initn       |      A5       |    gpio    
ARC-1001 :       jtagen       |      B7       |    gpio    
ARC-1001 :      programn      |      B5       |  dedicate  
ARC-1001 :   tdi/tms/tck/tdo  |  C4/A6/A7/C5  |  dedicate  
ARC-1001 : -------------------------------------------------
ARC-1004 : Device setting, marked 5 dedicate IOs in total.
RUN-1002 : start command "import_db ../syn_1/FOC_Controller_gate.db"
RUN-1001 : Importing database generated by Tang Dynasty, V5.6.71036.
RUN-1001 : Database version number 46146.
RUN-1001 : Import flow parameters
RUN-1001 : Import IO constraints
RUN-1001 : Import Inst constraints
RUN-1001 : Import design success TD_VERSION=5.6.71036 , DB_VERSION=46146
RUN-1002 : start command "place"
RUN-1001 : Open license file D:/Anlogic/TD5.6.2/license/Anlogic.lic
RUN-1001 : Print Global Property
RUN-1001 : ---------------------------------------------------------------
RUN-1001 :        Parameters        |  Settings  |  Default Values  |  Note  
RUN-1001 : ---------------------------------------------------------------
RUN-1001 :          message         |  standard  |     standard     |        
RUN-1001 :   mixed_pack_place_flow  |     on     |        on        |        
RUN-1001 :        qor_monitor       |    off     |       off        |        
RUN-1001 :        syn_ip_flow       |    off     |       off        |        
RUN-1001 :          thread          |    auto    |       auto       |        
RUN-1001 : ---------------------------------------------------------------
RUN-1001 : Print Place Property
RUN-1001 : --------------------------------------------------------------
RUN-1001 :        Parameters       |  Settings  |  Default Values  |  Note  
RUN-1001 : --------------------------------------------------------------
RUN-1001 :      detailed_place     |     on     |        on        |        
RUN-1001 :          effort         |   medium   |      medium      |        
RUN-1001 :         fix_hold        |    off     |       off        |        
RUN-1001 :       legalization      |    ori     |       ori        |        
RUN-1001 :      new_spreading      |     on     |        on        |        
RUN-1001 :        opt_timing       |   medium   |      medium      |        
RUN-1001 :   post_clock_route_opt  |    off     |       off        |        
RUN-1001 :       pr_strategy       |     1      |        1         |        
RUN-1001 :        relaxation       |    1.00    |       1.00       |        
RUN-1001 :         retiming        |    off     |       off        |        
RUN-1001 : --------------------------------------------------------------
PHY-3001 : Placer runs in 12 thread(s).
RUN-1002 : start command "legalize_phy_inst"
SYN-1011 : Flatten model TOP
RUN-1002 : start command "phys_opt -simplify_lut"
SYN-4016 : Net u_adc_ad7928/clk driven by BUFG (179 clock/control pins, 1 other pins).
SYN-4019 : Net clk_25m_dup_1 is refclk of pll pll_inst/pll_inst.
SYN-4020 : Net clk_25m_dup_1 is fbclk of pll pll_inst/pll_inst.
SYN-4025 : Tag rtl::Net clk_25m_dup_1 as clock net
SYN-4025 : Tag rtl::Net u_adc_ad7928/clk as clock net
SYN-4026 : Tagged 2 rtl::Net as clock net
PHY-1001 : Populate physical database on model TOP.
RUN-1001 : There are total 507 instances
RUN-0007 : 217 luts, 173 seqs, 81 mslices, 18 lslices, 13 pads, 0 brams, 0 dsps
RUN-1001 : There are total 566 nets
RUN-1001 : 363 nets have 2 pins
RUN-1001 : 141 nets have [3 - 5] pins
RUN-1001 : 37 nets have [6 - 10] pins
RUN-1001 : 12 nets have [11 - 20] pins
RUN-1001 : 10 nets have [21 - 99] pins
RUN-1001 : 3 nets have 100+ pins
RUN-1001 : Report Control nets information:
RUN-1001 : DFF Distribution
RUN-1001 : ----------------------------------
RUN-1001 :   CE   |  SSR  |  ASR  |  DFF Count  
RUN-1001 : ----------------------------------
RUN-1001 :   No   |  No   |  No   |      0      
RUN-1001 :   No   |  No   |  Yes  |     129     
RUN-1001 :   No   |  Yes  |  No   |      0      
RUN-1001 :   Yes  |  No   |  No   |      0      
RUN-1001 :   Yes  |  No   |  Yes  |     44      
RUN-1001 :   Yes  |  Yes  |  No   |      0      
RUN-1001 : ----------------------------------
RUN-0007 : Control Group Statistic
RUN-0007 : ---------------------------
RUN-0007 :   #CLK  |  #CE  |  #SSR/ASR  
RUN-0007 : ---------------------------
RUN-0007 :    1    |   3   |     2      
RUN-0007 : ---------------------------
RUN-0007 : Control Set = 3
PHY-3001 : Initial placement ...
PHY-3001 : design contains 505 instances, 217 luts, 173 seqs, 99 slices, 21 macros(99 instances: 81 mslices 18 lslices)
PHY-0007 : Cell area utilization is 7%
PHY-3001 : Global placement ...
PHY-3001 : Initial: Len = 62683.2
PHY-3001 : Run with size of 3
PHY-3001 : Cell area utilization is 7%
PHY-3001 : :::0::: Try harder cell spreading with beta_ = 0
PHY-3002 : Step(1): len = 37740.3, overlap = 0
PHY-3002 : Step(2): len = 23947.2, overlap = 0
PHY-3002 : Step(3): len = 17205, overlap = 0
PHY-3002 : Step(4): len = 13662.3, overlap = 0
PHY-3002 : Step(5): len = 13005.2, overlap = 0.5
PHY-3002 : Step(6): len = 10963.8, overlap = 3.375
PHY-3002 : Step(7): len = 9268.5, overlap = 10.8125
PHY-3002 : Step(8): len = 9179.4, overlap = 14.5625
PHY-3002 : Step(9): len = 8017.8, overlap = 16.2188
PHY-3001 : :::1::: Try harder cell spreading with beta_ = 0.000898578
PHY-3002 : Step(10): len = 8119.2, overlap = 9.21875
PHY-3002 : Step(11): len = 7085.4, overlap = 6.4375
PHY-3002 : Step(12): len = 7045.2, overlap = 6.34375
PHY-3002 : Step(13): len = 6667.5, overlap = 6.375
PHY-3002 : Step(14): len = 6586.2, overlap = 6.3125
PHY-3002 : Step(15): len = 6187.6, overlap = 6.5
PHY-3002 : Step(16): len = 6213.1, overlap = 7
PHY-3002 : Step(17): len = 6069.3, overlap = 9.5625
PHY-3002 : Step(18): len = 5955.3, overlap = 9.65625
PHY-3002 : Step(19): len = 5788.2, overlap = 9.9375
PHY-3001 : :::2::: Try harder cell spreading with beta_ = 0.00179716
PHY-3002 : Step(20): len = 5772.5, overlap = 9.875
PHY-3002 : Step(21): len = 5708.6, overlap = 9.78125
PHY-3002 : Step(22): len = 5339.6, overlap = 10.3125
PHY-3001 : Legalization ...
PHY-3001 : End legalization;  0.002783s wall, 0.000000s user + 0.000000s system = 0.000000s CPU (n/a%)

PHY-3001 : Run with size of 3
PHY-3001 : Cell area utilization is 9%
PHY-3001 : :::0::: Try harder cell spreading with beta_ = 4.17475e-06
PHY-3002 : Step(23): len = 5262.1, overlap = 27.3125
PHY-3002 : Step(24): len = 5262.1, overlap = 27.3125
PHY-3001 : :::1::: Try harder cell spreading with beta_ = 8.3495e-06
PHY-3002 : Step(25): len = 5036.1, overlap = 27.25
PHY-3002 : Step(26): len = 5162.1, overlap = 27.0312
PHY-3001 : :::2::: Try harder cell spreading with beta_ = 1.6699e-05
PHY-3002 : Step(27): len = 5478.9, overlap = 27
PHY-3002 : Step(28): len = 5537.6, overlap = 26.9062
PHY-3002 : Step(29): len = 5712, overlap = 24
PHY-3001 : Run with size of 1
PHY-3001 : Cell area utilization is 9%
PHY-3001 : :::0::: Try harder cell spreading with beta_ = 9.29701e-06
PHY-3002 : Step(30): len = 5469, overlap = 48.9062
PHY-3002 : Step(31): len = 5469, overlap = 48.9062
PHY-3002 : Step(32): len = 5530.3, overlap = 43.0312
PHY-3001 : :::1::: Try harder cell spreading with beta_ = 1.83635e-05
PHY-3002 : Step(33): len = 5970.3, overlap = 39.75
PHY-3002 : Step(34): len = 6134.9, overlap = 39.3438
PHY-3002 : Step(35): len = 6256.8, overlap = 35.3125
PHY-3002 : Step(36): len = 6372.5, overlap = 34.9375
PHY-3002 : Step(37): len = 6563.1, overlap = 33.5625
PHY-3001 : :::2::: Try harder cell spreading with beta_ = 3.6727e-05
PHY-3002 : Step(38): len = 6337, overlap = 32.375
PHY-3002 : Step(39): len = 6463, overlap = 32.0312
PHY-3002 : Step(40): len = 6509.6, overlap = 31.9688
PHY-3001 : :::3::: Try harder cell spreading with beta_ = 7.3454e-05
PHY-3002 : Step(41): len = 6674.8, overlap = 31.5
PHY-3002 : Step(42): len = 6898.7, overlap = 31.4688
PHY-3002 : Step(43): len = 7064.7, overlap = 31.1562
PHY-3001 : :::4::: Try harder cell spreading with beta_ = 0.000146908
PHY-3002 : Step(44): len = 7035.7, overlap = 29.8438
PHY-3002 : Step(45): len = 7107.8, overlap = 29.7188
PHY-3002 : Step(46): len = 7378, overlap = 27.8438
PHY-3001 : :::5::: Try harder cell spreading with beta_ = 0.000293816
PHY-3002 : Step(47): len = 7447.4, overlap = 27.7812
PHY-3002 : Step(48): len = 7447.4, overlap = 27.7812
PHY-3002 : Step(49): len = 7457.7, overlap = 27.1875
PHY-3001 : :::6::: Try harder cell spreading with beta_ = 0.000573067
PHY-3002 : Step(50): len = 7584.3, overlap = 27.4688
PHY-3002 : Step(51): len = 7798.5, overlap = 26.1875
PHY-3002 : Step(52): len = 7928.4, overlap = 25.4688
PHY-3001 : :::7::: Try harder cell spreading with beta_ = 0.00114613
PHY-3002 : Step(53): len = 7921.5, overlap = 23.0625
PHY-3002 : Step(54): len = 7921.5, overlap = 23.0625
PHY-3001 : :::8::: Try harder cell spreading with beta_ = 0.00202475
PHY-3002 : Step(55): len = 7952.3, overlap = 23.125
PHY-3002 : Step(56): len = 7967.1, overlap = 24.0312
PHY-3001 : :::9::: Try harder cell spreading with beta_ = 0.00327604
PHY-3002 : Step(57): len = 8010.2, overlap = 24.0312
PHY-3002 : Step(58): len = 8063.7, overlap = 23.6562
PHY-3002 : Step(59): len = 8131.2, overlap = 23.75
PHY-3001 : :::10::: Try harder cell spreading with beta_ = 0.00530064
PHY-3002 : Step(60): len = 8141.6, overlap = 23.9688
PHY-3002 : Step(61): len = 8153, overlap = 23.1562
PHY-3002 : Step(62): len = 8165.4, overlap = 22.6562
OPT-1001 : Start physical optimization ...
OPT-1001 : Total overflow 22.66 peak overflow 1.06
OPT-1001 : Start high-fanout net optimization ...
OPT-1001 : Update timing in global mode
PHY-1001 : Start incremental global routing, caller is place ...
RUN-1001 : Generating global routing grids ...
RUN-1001 : Building simple global routing graph ...
PHY-1001 : Generate routing nets ...
PHY-1001 : Reuse net number 0/566.
PHY-1001 : Global iterations in 12 thread ...
PHY-1002 : len = 11440, over cnt = 37(0%), over = 89, worst = 8
PHY-1001 : End global iterations;  0.036075s wall, 0.000000s user + 0.000000s system = 0.000000s CPU (n/a%)

PHY-1001 : Congestion index: top1 = 23.47, top5 = 16.33, top10 = 11.85, top15 = 8.96.
PHY-1001 : End incremental global routing;  0.057190s wall, 0.000000s user + 0.000000s system = 0.000000s CPU (n/a%)

RUN-1002 : start command "start_timer -report"
TMR-5001 WARNING: No sdc constraints found while initiating timer.
TMR-2505 : Start building timing graph for model TOP.
TMR-2506 : Build timing graph completely. Port num: 13, tpin num: 2213, tnet num: 564, tinst num: 505, tnode num: 2798, tedge num: 3461.
TMR-2508 : Levelizing timing graph completed, there are 21 levels in total.
TMR-2501 : Timing graph initialized successfully.
OPT-1001 : End timing update;  0.149394s wall, 0.078125s user + 0.000000s system = 0.078125s CPU (52.3%)

OPT-1001 : 0 high-fanout net processed.
OPT-1001 : End high-fanout net optimization;  0.217149s wall, 0.078125s user + 0.000000s system = 0.078125s CPU (36.0%)

OPT-1001 : Current memory(MB): used = 145, reserve = 113, peak = 145.
OPT-1001 : End physical optimization;  0.221575s wall, 0.078125s user + 0.000000s system = 0.078125s CPU (35.3%)

PHY-3001 : Start packing ...
SYN-4007 : Packing 0 MUX to BLE ...
SYN-4008 : Packed 0 MUX and 0 SEQ to BLE.
SYN-4007 : Packing 217 LUT to BLE ...
SYN-4008 : Packed 217 LUT and 103 SEQ to BLE.
SYN-4003 : Packing 70 remaining SEQ's ...
SYN-4005 : Packed 41 SEQ with LUT/SLICE
SYN-4006 : 80 single LUT's are left
SYN-4006 : 29 single SEQ's are left
SYN-4011 : Packing model "TOP" (AL_USER_NORMAL) with 246/363 primitive instances ...
PHY-3001 : End packing;  0.017505s wall, 0.000000s user + 0.000000s system = 0.000000s CPU (n/a%)

PHY-1001 : Populate physical database on model TOP.
RUN-1001 : There are total 246 instances
RUN-1001 : 114 mslices, 114 lslices, 13 pads, 0 brams, 0 dsps
RUN-1001 : There are total 471 nets
RUN-1001 : 272 nets have 2 pins
RUN-1001 : 137 nets have [3 - 5] pins
RUN-1001 : 37 nets have [6 - 10] pins
RUN-1001 : 12 nets have [11 - 20] pins
RUN-1001 : 10 nets have [21 - 99] pins
RUN-1001 : 3 nets have 100+ pins
PHY-3001 : design contains 244 instances, 228 slices, 21 macros(99 instances: 81 mslices 18 lslices)
PHY-3001 : Cell area utilization is 10%
PHY-3001 : After packing: Len = 8162.2, Over = 26.5
PHY-3001 : Run with size of 1
PHY-3001 : Cell area utilization is 10%
PHY-3001 : :::0::: Try harder cell spreading with beta_ = 2.73472e-05
PHY-3002 : Step(63): len = 7543, overlap = 27
PHY-3002 : Step(64): len = 7577.7, overlap = 29.5
PHY-3002 : Step(65): len = 7444, overlap = 30.5
PHY-3002 : Step(66): len = 6928, overlap = 30
PHY-3002 : Step(67): len = 6892.4, overlap = 30
PHY-3002 : Step(68): len = 6827.8, overlap = 30
PHY-3001 : :::1::: Try harder cell spreading with beta_ = 5.46945e-05
PHY-3002 : Step(69): len = 7299.2, overlap = 29.75
PHY-3002 : Step(70): len = 7365.6, overlap = 29.5
PHY-3002 : Step(71): len = 7482.8, overlap = 29.75
PHY-3002 : Step(72): len = 7461.1, overlap = 30.25
PHY-3002 : Step(73): len = 7416.2, overlap = 30.5
PHY-3001 : :::2::: Try harder cell spreading with beta_ = 0.000106325
PHY-3002 : Step(74): len = 7711.8, overlap = 29.25
PHY-3002 : Step(75): len = 7796.2, overlap = 29.5
PHY-3002 : Step(76): len = 7879.7, overlap = 29
PHY-3001 : :::3::: Try harder cell spreading with beta_ = 0.000212649
PHY-3002 : Step(77): len = 8163.1, overlap = 25
PHY-3002 : Step(78): len = 8242.6, overlap = 25
PHY-3002 : Step(79): len = 8410.9, overlap = 25.25
PHY-3002 : Step(80): len = 8453.1, overlap = 25.5
PHY-3002 : Step(81): len = 8487.7, overlap = 25.5
PHY-3001 : Legalization ...
PHY-3001 : End legalization;  0.074762s wall, 0.015625s user + 0.000000s system = 0.015625s CPU (20.9%)

PHY-3001 : Trial Legalized: Len = 10258.5
PHY-3001 : Run with size of 1
PHY-3001 : Cell area utilization is 9%
PHY-3001 : :::0::: Try harder cell spreading with beta_ = 0.000300709
PHY-3002 : Step(82): len = 9293.4, overlap = 4
PHY-3002 : Step(83): len = 8915.2, overlap = 8.5
PHY-3002 : Step(84): len = 8909.4, overlap = 8.25
PHY-3002 : Step(85): len = 8904.1, overlap = 8.75
PHY-3002 : Step(86): len = 8853.2, overlap = 9.75
PHY-3002 : Step(87): len = 8749.9, overlap = 10.25
PHY-3002 : Step(88): len = 8688.1, overlap = 10.25
PHY-3001 : :::1::: Try harder cell spreading with beta_ = 0.000566055
PHY-3002 : Step(89): len = 8753.4, overlap = 9.75
PHY-3002 : Step(90): len = 8807.3, overlap = 9.5
PHY-3002 : Step(91): len = 8834.2, overlap = 9.5
PHY-3001 : :::2::: Try harder cell spreading with beta_ = 0.00113211
PHY-3002 : Step(92): len = 8904.7, overlap = 10
PHY-3002 : Step(93): len = 8986.5, overlap = 10
PHY-3001 : Legalization ...
PHY-3001 : End legalization;  0.003350s wall, 0.000000s user + 0.000000s system = 0.000000s CPU (n/a%)

PHY-3001 : Legalized: Len = 9692.5, Over = 0
PHY-3001 : End spreading;  0.001497s wall, 0.000000s user + 0.000000s system = 0.000000s CPU (n/a%)

PHY-3001 : Final: Len = 9692.5, Over = 0
RUN-1003 : finish command "place" in  2.568458s wall, 0.546875s user + 0.187500s system = 0.734375s CPU (28.6%)

RUN-1004 : used memory is 138 MB, reserved memory is 106 MB, peak memory is 145 MB
RUN-1002 : start command "export_db FOC_Controller_place.db"
RUN-1001 : Exported /
RUN-1001 : Exported flow parameters
RUN-1001 : Exported libs
RUN-1001 : Exported entities
RUN-1001 : Exported ports
RUN-1001 : Exported pins
RUN-1001 : Exported instances
RUN-1001 : Exported nets
RUN-1001 : Exported buses
RUN-1001 : Exported models
RUN-1001 : Exported congestions
RUN-1001 : Exported violations
RUN-1001 : Exported IO constraints
RUN-1001 : Exported Inst constraints
RUN-1002 : start command "route"
RUN-1001 : Open license file D:/Anlogic/TD5.6.2/license/Anlogic.lic
RUN-1001 : Print Global Property
RUN-1001 : ---------------------------------------------------------------
RUN-1001 :        Parameters        |  Settings  |  Default Values  |  Note  
RUN-1001 : ---------------------------------------------------------------
RUN-1001 :          message         |  standard  |     standard     |        
RUN-1001 :   mixed_pack_place_flow  |     on     |        on        |        
RUN-1001 :        qor_monitor       |    off     |       off        |        
RUN-1001 :        syn_ip_flow       |    off     |       off        |        
RUN-1001 :          thread          |    auto    |       auto       |        
RUN-1001 : ---------------------------------------------------------------
RUN-1001 : Print Route Property
RUN-1001 : -------------------------------------------------------
RUN-1001 :    Parameters    |  Settings  |  Default Values  |  Note  
RUN-1001 : -------------------------------------------------------
RUN-1001 :      effort      |   medium   |      medium      |        
RUN-1001 :     fix_hold     |    off     |       off        |        
RUN-1001 :    opt_timing    |   medium   |      medium      |        
RUN-1001 :   phy_sim_model  |    off     |       off        |        
RUN-1001 :     priority     |   timing   |      timing      |        
RUN-1001 :     swap_pin     |     on     |        on        |        
RUN-1001 : -------------------------------------------------------
PHY-1001 : Route runs in 12 thread(s)
RUN-1001 : There are total 246 instances
RUN-1001 : 114 mslices, 114 lslices, 13 pads, 0 brams, 0 dsps
RUN-1001 : There are total 471 nets
RUN-1001 : 272 nets have 2 pins
RUN-1001 : 137 nets have [3 - 5] pins
RUN-1001 : 37 nets have [6 - 10] pins
RUN-1001 : 12 nets have [11 - 20] pins
RUN-1001 : 10 nets have [21 - 99] pins
RUN-1001 : 3 nets have 100+ pins
RUN-1002 : start command "start_timer -report"
TMR-5001 WARNING: No sdc constraints found while initiating timer.
TMR-2505 : Start building timing graph for model TOP.
TMR-2506 : Build timing graph completely. Port num: 13, tpin num: 1859, tnet num: 469, tinst num: 244, tnode num: 2288, tedge num: 3046.
TMR-2508 : Levelizing timing graph completed, there are 21 levels in total.
TMR-2501 : Timing graph initialized successfully.
PHY-1001 : 114 mslices, 114 lslices, 13 pads, 0 brams, 0 dsps
TMR-2503 : Start to update net delay, extr mode = 3.
TMR-2504 : Update delay of 469 nets completely.
TMR-2502 : Annotate delay completely, extr mode = 3.
TMR-3002 : No user constraint, initiate default constraint.
TMR-1501 : Assign derive clock DeriveClock to 220 clock pins, and constraint 423 relative nodes.
TMR-3003 : Constraints initiated successfully.
TMR-3501 : Forward propagation: start to calculate arrival time...
TMR-3502 : Backward propagation: start to calculate required time...
TMR-3503 : Timing propagation completes.
PHY-1001 : Start global routing, caller is route ...
RUN-1001 : Generating global routing grids ...
PHY-1001 : Generate routing nets ...
PHY-1001 : Global iterations in 12 thread ...
PHY-1002 : len = 12304, over cnt = 30(0%), over = 45, worst = 4
PHY-1002 : len = 12568, over cnt = 4(0%), over = 4, worst = 1
PHY-1002 : len = 12600, over cnt = 1(0%), over = 1, worst = 1
PHY-1002 : len = 12616, over cnt = 0(0%), over = 0, worst = 0
PHY-1001 : End global iterations;  0.057069s wall, 0.015625s user + 0.000000s system = 0.015625s CPU (27.4%)

PHY-1001 : Congestion index: top1 = 22.85, top5 = 16.09, top10 = 12.07, top15 = 9.41.
PHY-1001 : End global routing;  0.076405s wall, 0.015625s user + 0.015625s system = 0.031250s CPU (40.9%)

PHY-1001 : Start detail routing ...
PHY-1001 : Current memory(MB): used = 169, reserve = 137, peak = 174.
PHY-1001 : Detailed router is running in normal mode.
PHY-1001 : Generate detailed routing grids ...
PHY-1001 : Generate nets ...
PHY-1001 : net clk_25m_dup_1 will be routed on clock mesh
PHY-1001 : clock net u_adc_ad7928/clk will be merged with clock pll_inst/clk0_buf
PHY-1001 : Current memory(MB): used = 258, reserve = 228, peak = 258.
PHY-1001 : End build detailed router design. 1.655365s wall, 0.921875s user + 0.000000s system = 0.921875s CPU (55.7%)

PHY-1001 : Detail Route ...
PHY-1001 : ===== Detail Route Phase 1 =====
PHY-1001 : Clock net routing.....
PHY-1001 : Routed 0% nets.
PHY-1022 : len = 5256, over cnt = 0(0%), over = 0, worst = 0, crit = 0
PHY-1001 : End initial clock net routed; 0.105533s wall, 0.046875s user + 0.000000s system = 0.046875s CPU (44.4%)

PHY-1001 : Current memory(MB): used = 269, reserve = 239, peak = 269.
PHY-1001 : End phase 1; 0.107725s wall, 0.046875s user + 0.000000s system = 0.046875s CPU (43.5%)

PHY-1001 : ===== Detail Route Phase 2 =====
PHY-1001 : Initial routing.....
PHY-1001 : Routed 40% nets.
PHY-1001 : Routed 45% nets.
PHY-1001 : Routed 52% nets.
PHY-1001 : Routed 64% nets.
PHY-1001 : Routed 80% nets.
PHY-1022 : len = 38160, over cnt = 4(0%), over = 4, worst = 1, crit = 0
PHY-1001 : Current memory(MB): used = 270, reserve = 240, peak = 270.
PHY-1001 : End initial routed; 0.305658s wall, 0.156250s user + 0.000000s system = 0.156250s CPU (51.1%)

PHY-1001 : Current memory(MB): used = 270, reserve = 240, peak = 270.
PHY-1001 : End phase 2; 0.305704s wall, 0.156250s user + 0.000000s system = 0.156250s CPU (51.1%)

PHY-1001 : ===== Detail Route Phase 3 =====
PHY-1001 : Ripup-reroute.....
PHY-1001 : ===== DR Iter 1 =====
PHY-1022 : len = 38120, over cnt = 1(0%), over = 1, worst = 1, crit = 0
PHY-1001 : End DR Iter 1; 0.007036s wall, 0.015625s user + 0.000000s system = 0.015625s CPU (222.1%)

PHY-1001 : ===== DR Iter 2 =====
PHY-1022 : len = 38120, over cnt = 0(0%), over = 0, worst = 0, crit = 0
PHY-1001 : End DR Iter 2; 0.006296s wall, 0.000000s user + 0.000000s system = 0.000000s CPU (n/a%)

PHY-1001 : Commit to database.....
PHY-5014 WARNING: Detail route doesn't find pib for pll_inst/pll_inst.ssc_en[0]
PHY-5014 WARNING: Detail route doesn't find pib for pll_inst/pll_inst.dsm_refclk[0]
PHY-5014 WARNING: Detail route doesn't find pib for pll_inst/pll_inst.frac_offset_valid[0]
PHY-5014 WARNING: Detail route doesn't find pib for pll_inst/pll_inst.dsm_rst[0]
PHY-1001 : 0 feed throughs used by 0 nets
PHY-1001 : End commit to database; 0.061491s wall, 0.015625s user + 0.000000s system = 0.015625s CPU (25.4%)

PHY-1001 : Current memory(MB): used = 277, reserve = 247, peak = 277.
PHY-1001 : End phase 3; 0.107447s wall, 0.046875s user + 0.000000s system = 0.046875s CPU (43.6%)

PHY-1003 : Routed, final wirelength = 38120
PHY-1001 : Current memory(MB): used = 277, reserve = 247, peak = 277.
PHY-1001 : End export database. 0.002881s wall, 0.000000s user + 0.000000s system = 0.000000s CPU (n/a%)

PHY-1001 : End detail routing;  2.277411s wall, 1.250000s user + 0.015625s system = 1.265625s CPU (55.6%)

RUN-1003 : finish command "route" in  2.521695s wall, 1.343750s user + 0.031250s system = 1.375000s CPU (54.5%)

RUN-1004 : used memory is 246 MB, reserved memory is 215 MB, peak memory is 277 MB
RUN-1002 : start command "report_area -io_info -file FOC_Controller_phy.area"
RUN-1001 : standard
***Report Model: TOP Device: SF1S60CG121I***

IO Statistics
#IO                        13
  #input                    3
  #output                   9
  #inout                    1

Utilization Statistics
#lut                      415   out of   5824    7.13%
#reg                      173   out of   5824    2.97%
#le                       444
  #lut only               271   out of    444   61.04%
  #reg only                29   out of    444    6.53%
  #lut&reg                144   out of    444   32.43%
#dsp                        0   out of     10    0.00%
#bram                       0   out of     26    0.00%
  #bram9k                   0
  #fifo9k                   0
#hard-ip                    0
  #mcu                      0   out of      1    0.00%
  #dsc                      0   out of      1    0.00%
  #dsi                      0   out of      2    0.00%
  #psram controller         0   out of      2    0.00%
#pad                       13   out of     55   23.64%
  #ireg                     0
  #oreg                     6
  #treg                     1
#pll                        1   out of      2   50.00%
#gclk                       1   out of     16    6.25%

Clock Resource Statistics
Index     ClockNet             Type               DriverType         Driver                     Fanout
#1        pll_inst/clk0_buf    GCLK               pll                pll_inst/pll_inst.clkc0    111
#2        clk_25m_dup_1        GCLK               io                 clk_25m_syn_2.di           1


Detailed IO Report

    Name      Direction    Location    IOStandard    DriveStrength    PullType     PackReg   
  clk_25m       INPUT         D7        LVCMOS18          N/A          PULLUP       NONE     
    rstn        INPUT         J2        LVCMOS18          N/A           NONE        NONE     
  spi_miso      INPUT         B9        LVCMOS18          N/A          PULLUP       NONE     
  i2c_scl      OUTPUT         G3        LVCMOS18           8            NONE        OREG     
   pwm_a       OUTPUT        C10        LVCMOS18           8            NONE        NONE     
   pwm_b       OUTPUT        C11        LVCMOS18           8            NONE        NONE     
   pwm_c       OUTPUT        E11        LVCMOS18           8            NONE        NONE     
   pwm_en      OUTPUT        F11        LVCMOS18           8            NONE        NONE     
  spi_mosi     OUTPUT         B8        LVCMOS18           8            NONE        OREG     
  spi_sck      OUTPUT         A9        LVCMOS18           8            NONE        OREG     
   spi_ss      OUTPUT         A8        LVCMOS18           8            NONE        OREG     
  uart_tx      OUTPUT         A4        LVCMOS18           8            NONE        OREG     
  i2c_sda       INOUT         H3        LVCMOS18           8           PULLUP     OREG;TREG  

Report Hierarchy Area:
+-----------------------------------------------------------------------------------------+
|Instance         |Module            |le     |lut     |ripple  |seq     |bram    |dsp     |
+-----------------------------------------------------------------------------------------+
|top              |TOP               |444    |316     |99      |180     |0       |0       |
|  pll_inst       |pll               |0      |0       |0       |0       |0       |0       |
|  u_adc_ad7928   |adc_ad7928        |45     |41      |4       |23      |0       |0       |
|  u_as5600_read  |i2c_register_read |244    |159     |80      |35      |0       |0       |
|  u_uart_monitor |uart_monitor      |107    |101     |3       |87      |0       |0       |
+-----------------------------------------------------------------------------------------+


DataNet Average Fanout:

   Index     Fanout     Nets  
    #1          1       258   
    #2          2        92   
    #3          3        28   
    #4          4        17   
    #5        5-10       40   
    #6        11-50      18   
    #7       101-500     1    
  Average     2.79            

RUN-1002 : start command "export_db FOC_Controller_pr.db"
RUN-1001 : Exported /
RUN-1001 : Exported flow parameters
RUN-1001 : Exported libs
RUN-1001 : Exported entities
RUN-1001 : Exported ports
RUN-1001 : Exported pins
RUN-1001 : Exported instances
RUN-1001 : Exported nets
RUN-1001 : Exported buses
RUN-1001 : Exported models
RUN-1001 : Exported congestions
RUN-1001 : Exported violations
RUN-1001 : Exported IO constraints
RUN-1001 : Exported Inst constraints
RUN-1002 : start command "export_bid FOC_Controller_inst.bid"
RUN-1002 : start command "bitgen -bit FOC_Controller.bit"
BIT-1003 : Start to generate bitstream. 
BIT-1002 : Init instances with 12 threads.
BIT-1002 : Init instances completely, inst num: 244
BIT-1002 : Init pips with 12 threads.
BIT-1002 : Init pips completely, net num: 471, pip num: 3895
BIT-1003 : Multithreading accelaration with 12 threads.
BIT-1003 : Generate bitstream completely, there are 381 valid insts, and 12613 bits set as '1'.
BIT-1004 : Generate bits file FOC_Controller.bit.
RUN-1003 : finish command "bitgen -bit FOC_Controller.bit" in  1.022553s wall, 2.843750s user + 0.046875s system = 2.890625s CPU (282.7%)

RUN-1004 : used memory is 252 MB, reserved memory is 226 MB, peak memory is 427 MB
RUN-1002 : start command "backup_run_log run.log ../.logs/phy_1/td_20231107_000256.log"
