============================================================
   Tang Dynasty, V5.6.71036
      Copyright (c) 2012-2023 Anlogic Inc.
   Executable = D:/Anlogic/TD5.6.2/bin/td.exe
   Built at =   20:34:38 Mar 21 2023
   Run by =     15597
   Run Date =   Tue Nov  7 00:23:02 2023

   Run on =     XR097-DELL-G7
============================================================
RUN-1002 : start command "open_project FOC_Controller.prj"
RUN-1001 : Print Global Property
RUN-1001 : ---------------------------------------------------------------
RUN-1001 :        Parameters        |  Settings  |  Default Values  |  Note  
RUN-1001 : ---------------------------------------------------------------
RUN-1001 :          message         |  standard  |     standard     |        
RUN-1001 :   mixed_pack_place_flow  |     on     |        on        |        
RUN-1001 :        qor_monitor       |    off     |       off        |        
RUN-1001 :        syn_ip_flow       |    off     |       off        |        
RUN-1001 :          thread          |    auto    |       auto       |        
RUN-1001 : ---------------------------------------------------------------
RUN-1001 : Print Design Property
RUN-1001 : --------------------------------------------------------------
RUN-1001 :        Parameters       |  Settings  |  Default Values  |  Note  
RUN-1001 : --------------------------------------------------------------
RUN-1001 :   default_reg_initial   |    auto    |       auto       |        
RUN-1001 :        infer_add        |     on     |        on        |        
RUN-1001 :        infer_fsm        |    off     |       off        |        
RUN-1001 :        infer_mult       |     on     |        on        |        
RUN-1001 :        infer_ram        |     on     |        on        |        
RUN-1001 :        infer_reg        |     on     |        on        |        
RUN-1001 :   infer_reg_init_value  |     on     |        on        |        
RUN-1001 :        infer_rom        |     on     |        on        |        
RUN-1001 :      infer_shifter      |     on     |        on        |        
RUN-1001 : --------------------------------------------------------------
RUN-1001 : Print Rtl Property
RUN-1001 : --------------------------------------------------------------
RUN-1001 :        Parameters       |  Settings  |  Default Values  |  Note  
RUN-1001 : --------------------------------------------------------------
RUN-1001 :       compress_add      |   ripple   |      ripple      |        
RUN-1001 :        elf_sload        |    off     |       off        |        
RUN-1001 :       fix_undriven      |     0      |        0         |        
RUN-1001 :         flatten         |    off     |       off        |        
RUN-1001 :       gate_sharing      |     on     |        on        |        
RUN-1001 :    hdl_warning_level    |   normal   |      normal      |        
RUN-1001 :   impl_internal_tribuf  |     on     |        on        |        
RUN-1001 :      impl_set_reset     |     on     |        on        |        
RUN-1001 :        infer_gsr        |    off     |       off        |        
RUN-1001 :      keep_hierarchy     |    auto    |       auto       |        
RUN-1001 :        max_fanout       |    9999    |       9999       |        
RUN-1001 :      max_oh2bin_len     |     10     |        10        |        
RUN-1001 :       merge_equal       |     on     |        on        |        
RUN-1001 :       merge_equiv       |     on     |        on        |        
RUN-1001 :        merge_mux        |    off     |       off        |        
RUN-1001 :     min_control_set     |     8      |        8         |        
RUN-1001 :      min_ripple_len     |    auto    |       auto       |        
RUN-1001 :       oh2bin_ratio      |    0.08    |       0.08       |        
RUN-1001 :     opt_adder_fanout    |     on     |        on        |        
RUN-1001 :        opt_arith        |     on     |        on        |        
RUN-1001 :       opt_big_gate      |    off     |       off        |        
RUN-1001 :        opt_const        |     on     |        on        |        
RUN-1001 :      opt_const_mult     |     on     |        on        |        
RUN-1001 :       opt_lessthan      |     on     |        on        |        
RUN-1001 :         opt_mux         |    off     |       off        |        
RUN-1001 :         opt_ram         |    high    |       high       |        
RUN-1001 :      rtl_sim_model      |    off     |       off        |        
RUN-1001 :         seq_syn         |     on     |        on        |        
RUN-1001 : --------------------------------------------------------------
HDL-1007 : analyze verilog file ../../RTL/adc_ad7928.v
HDL-1007 : analyze verilog file ../../RTL/foc/cartesian2polar.v
HDL-1007 : analyze verilog file ../../RTL/foc/clark_tr.v
HDL-1007 : analyze verilog file ../../RTL/foc/foc_top.v
HDL-1007 : analyze verilog file ../../RTL/foc/hold_detect.v
HDL-1007 : analyze verilog file ../../RTL/foc/park_tr.v
HDL-1007 : analyze verilog file ../../RTL/foc/pi_controller.v
HDL-1007 : analyze verilog file ../../RTL/foc/sincos.v
HDL-1007 : analyze verilog file ../../RTL/foc/svpwm.v
HDL-1007 : analyze verilog file ../../RTL/fpga_top.v
HDL-1007 : analyze verilog file ../../RTL/i2c_register_read.v
HDL-1007 : analyze verilog file ../../RTL/uart_monitor.v
RUN-1001 : Project manager successfully analyzed 12 source files.
RUN-1002 : start command "import_device sf1_6.db -package SF1S60CG121I"
ARC-1001 : Device Initialization.
ARC-1001 : -------------------------------------------------
ARC-1001 :       OPTION       |      IO       |   SETTING   
ARC-1001 : -------------------------------------------------
ARC-1001 :        done        |      B4       |    gpio    
ARC-1001 :        initn       |      A5       |    gpio    
ARC-1001 :       jtagen       |      B7       |    gpio    
ARC-1001 :      programn      |      B5       |  dedicate  
ARC-1001 :   tdi/tms/tck/tdo  |  C4/A6/A7/C5  |  dedicate  
ARC-1001 : -------------------------------------------------
ARC-1004 : Device setting, marked 5 dedicate IOs in total.
RUN-1002 : start command "import_db ../syn_1/FOC_Controller_gate.db"
RUN-1001 : Importing database generated by Tang Dynasty, V5.6.71036.
RUN-1001 : Database version number 46146.
RUN-1001 : Import flow parameters
RUN-1001 : Import IO constraints
RUN-1001 : Import Inst constraints
RUN-1001 : Import design success TD_VERSION=5.6.71036 , DB_VERSION=46146
RUN-1003 : finish command "import_db ../syn_1/FOC_Controller_gate.db" in  1.044986s wall, 0.734375s user + 0.046875s system = 0.781250s CPU (74.8%)

RUN-1004 : used memory is 220 MB, reserved memory is 193 MB, peak memory is 223 MB
RUN-1002 : start command "place"
RUN-1001 : Open license file D:/Anlogic/TD5.6.2/license/Anlogic.lic
RUN-1001 : Print Global Property
RUN-1001 : ---------------------------------------------------------------
RUN-1001 :        Parameters        |  Settings  |  Default Values  |  Note  
RUN-1001 : ---------------------------------------------------------------
RUN-1001 :          message         |  standard  |     standard     |        
RUN-1001 :   mixed_pack_place_flow  |     on     |        on        |        
RUN-1001 :        qor_monitor       |    off     |       off        |        
RUN-1001 :        syn_ip_flow       |    off     |       off        |        
RUN-1001 :          thread          |    auto    |       auto       |        
RUN-1001 : ---------------------------------------------------------------
RUN-1001 : Print Place Property
RUN-1001 : --------------------------------------------------------------
RUN-1001 :        Parameters       |  Settings  |  Default Values  |  Note  
RUN-1001 : --------------------------------------------------------------
RUN-1001 :      detailed_place     |     on     |        on        |        
RUN-1001 :          effort         |   medium   |      medium      |        
RUN-1001 :         fix_hold        |    off     |       off        |        
RUN-1001 :       legalization      |    ori     |       ori        |        
RUN-1001 :      new_spreading      |     on     |        on        |        
RUN-1001 :        opt_timing       |   medium   |      medium      |        
RUN-1001 :   post_clock_route_opt  |    off     |       off        |        
RUN-1001 :       pr_strategy       |     1      |        1         |        
RUN-1001 :        relaxation       |    1.00    |       1.00       |        
RUN-1001 :         retiming        |    off     |       off        |        
RUN-1001 : --------------------------------------------------------------
PHY-3001 : Placer runs in 12 thread(s).
RUN-1002 : start command "legalize_phy_inst"
SYN-1011 : Flatten model TOP
RUN-1002 : start command "phys_opt -simplify_lut"
SYN-4024 : Net "clk_25m_dup_1" drives clk pins.
SYN-4025 : Tag rtl::Net clk_25m_dup_1 as clock net
SYN-4026 : Tagged 1 rtl::Net as clock net
PHY-1001 : Populate physical database on model TOP.
RUN-1001 : There are total 3539 instances
RUN-0007 : 1272 luts, 1300 seqs, 598 mslices, 331 lslices, 14 pads, 11 brams, 10 dsps
RUN-1001 : There are total 4935 nets
RUN-1001 : 3517 nets have 2 pins
RUN-1001 : 1111 nets have [3 - 5] pins
RUN-1001 : 132 nets have [6 - 10] pins
RUN-1001 : 117 nets have [11 - 20] pins
RUN-1001 : 51 nets have [21 - 99] pins
RUN-1001 : 7 nets have 100+ pins
RUN-1001 : Report Control nets information:
RUN-1001 : DFF Distribution
RUN-1001 : ----------------------------------
RUN-1001 :   CE   |  SSR  |  ASR  |  DFF Count  
RUN-1001 : ----------------------------------
RUN-1001 :   No   |  No   |  No   |     28      
RUN-1001 :   No   |  No   |  Yes  |     440     
RUN-1001 :   No   |  Yes  |  No   |      9      
RUN-1001 :   Yes  |  No   |  No   |      0      
RUN-1001 :   Yes  |  No   |  Yes  |     823     
RUN-1001 :   Yes  |  Yes  |  No   |      0      
RUN-1001 : ----------------------------------
RUN-0007 : Control Group Statistic
RUN-0007 : ---------------------------
RUN-0007 :   #CLK  |  #CE  |  #SSR/ASR  
RUN-0007 : ---------------------------
RUN-0007 :    1    |  30   |     4      
RUN-0007 : ---------------------------
RUN-0007 : Control Set = 33
PHY-3001 : Initial placement ...
PHY-3001 : design contains 3537 instances, 1272 luts, 1300 seqs, 929 slices, 123 macros(929 instances: 598 mslices 331 lslices)
PHY-0007 : Cell area utilization is 53%
PHY-3001 : Global placement ...
PHY-3001 : Initial: Len = 632769
PHY-3001 : Run with size of 3
PHY-3001 : Cell area utilization is 53%
PHY-3001 : :::0::: Try harder cell spreading with beta_ = 0
PHY-3002 : Step(1): len = 423132, overlap = 63.8125
PHY-3002 : Step(2): len = 395438, overlap = 84.1562
PHY-3002 : Step(3): len = 247355, overlap = 96.3438
PHY-3002 : Step(4): len = 229491, overlap = 102.844
PHY-3002 : Step(5): len = 200695, overlap = 113.531
PHY-3002 : Step(6): len = 180013, overlap = 119.125
PHY-3002 : Step(7): len = 163076, overlap = 144.781
PHY-3002 : Step(8): len = 143561, overlap = 155.281
PHY-3002 : Step(9): len = 124910, overlap = 165.594
PHY-3002 : Step(10): len = 113764, overlap = 182.562
PHY-3002 : Step(11): len = 108129, overlap = 203.344
PHY-3002 : Step(12): len = 96892.1, overlap = 200.375
PHY-3002 : Step(13): len = 93913.9, overlap = 216.344
PHY-3002 : Step(14): len = 87421.7, overlap = 229.219
PHY-3001 : :::1::: Try harder cell spreading with beta_ = 1.02653e-05
PHY-3002 : Step(15): len = 88850.4, overlap = 220
PHY-3002 : Step(16): len = 91617.6, overlap = 214.656
PHY-3002 : Step(17): len = 96590, overlap = 209.969
PHY-3002 : Step(18): len = 98647, overlap = 186.656
PHY-3002 : Step(19): len = 97831.4, overlap = 180.75
PHY-3002 : Step(20): len = 98217, overlap = 158.094
PHY-3002 : Step(21): len = 93695.1, overlap = 150.156
PHY-3002 : Step(22): len = 94177.9, overlap = 144.406
PHY-3002 : Step(23): len = 94469.7, overlap = 140.875
PHY-3002 : Step(24): len = 91812.3, overlap = 138.844
PHY-3002 : Step(25): len = 91253.4, overlap = 135.781
PHY-3002 : Step(26): len = 90132.5, overlap = 127.312
PHY-3002 : Step(27): len = 86820, overlap = 122.656
PHY-3002 : Step(28): len = 87530.3, overlap = 122.469
PHY-3002 : Step(29): len = 87305.3, overlap = 116.969
PHY-3002 : Step(30): len = 86465.6, overlap = 117.75
PHY-3002 : Step(31): len = 86528.4, overlap = 109.281
PHY-3002 : Step(32): len = 85613, overlap = 108.625
PHY-3002 : Step(33): len = 85802, overlap = 108.281
PHY-3002 : Step(34): len = 85921.6, overlap = 104.875
PHY-3002 : Step(35): len = 84889.3, overlap = 104.75
PHY-3002 : Step(36): len = 85043.4, overlap = 103.75
PHY-3002 : Step(37): len = 83336.6, overlap = 102.219
PHY-3002 : Step(38): len = 83096.1, overlap = 102.156
PHY-3002 : Step(39): len = 83215, overlap = 96.5312
PHY-3002 : Step(40): len = 81198.4, overlap = 97.5938
PHY-3002 : Step(41): len = 81315, overlap = 93.7812
PHY-3002 : Step(42): len = 80592.2, overlap = 99.0938
PHY-3002 : Step(43): len = 79687.6, overlap = 100
PHY-3002 : Step(44): len = 79530.3, overlap = 87.4062
PHY-3002 : Step(45): len = 78115.5, overlap = 79.4375
PHY-3002 : Step(46): len = 76876.3, overlap = 82.6562
PHY-3002 : Step(47): len = 76529.1, overlap = 78.4688
PHY-3002 : Step(48): len = 75420.9, overlap = 81.9062
PHY-3002 : Step(49): len = 75566.3, overlap = 84.5312
PHY-3002 : Step(50): len = 75025.7, overlap = 89
PHY-3001 : :::2::: Try harder cell spreading with beta_ = 2.05305e-05
PHY-3002 : Step(51): len = 75186.5, overlap = 94.5312
PHY-3002 : Step(52): len = 75255.7, overlap = 93.8125
PHY-3002 : Step(53): len = 75311.8, overlap = 96.0625
PHY-3001 : :::3::: Try harder cell spreading with beta_ = 4.0151e-05
PHY-3002 : Step(54): len = 76476.2, overlap = 95.25
PHY-3002 : Step(55): len = 76769.1, overlap = 95.2188
PHY-3002 : Step(56): len = 79278.8, overlap = 76.625
PHY-3002 : Step(57): len = 83638.7, overlap = 69.3125
PHY-3002 : Step(58): len = 87257.6, overlap = 65.4375
PHY-3002 : Step(59): len = 86551.2, overlap = 57.3438
PHY-3002 : Step(60): len = 86617.8, overlap = 63.8125
PHY-3002 : Step(61): len = 87063.1, overlap = 71
PHY-3002 : Step(62): len = 87379.8, overlap = 70.4375
PHY-3002 : Step(63): len = 87590.4, overlap = 60.375
PHY-3002 : Step(64): len = 87315.8, overlap = 58.3125
PHY-3002 : Step(65): len = 87638.6, overlap = 54.0312
PHY-3002 : Step(66): len = 87924.6, overlap = 52.4688
PHY-3002 : Step(67): len = 87319, overlap = 52.25
PHY-3002 : Step(68): len = 86631.1, overlap = 58.75
PHY-3002 : Step(69): len = 86131.6, overlap = 55.7812
PHY-3001 : :::4::: Try harder cell spreading with beta_ = 8.0302e-05
PHY-3002 : Step(70): len = 87375.5, overlap = 56.0312
PHY-3002 : Step(71): len = 87876.1, overlap = 55.9688
PHY-3002 : Step(72): len = 89598, overlap = 55.25
PHY-3001 : :::5::: Try harder cell spreading with beta_ = 0.000135702
PHY-3002 : Step(73): len = 89685.8, overlap = 54.75
PHY-3002 : Step(74): len = 90794.9, overlap = 51.2812
PHY-3002 : Step(75): len = 93324.3, overlap = 48.5625
PHY-3002 : Step(76): len = 94066.9, overlap = 50
PHY-3002 : Step(77): len = 94358.3, overlap = 51.5312
PHY-3002 : Step(78): len = 94425.5, overlap = 49.4688
PHY-3002 : Step(79): len = 94177.3, overlap = 49.6562
PHY-3002 : Step(80): len = 95009.1, overlap = 49.9688
PHY-3002 : Step(81): len = 96668.7, overlap = 51.2812
PHY-3002 : Step(82): len = 97952, overlap = 51.125
PHY-3002 : Step(83): len = 97955.1, overlap = 49.5
PHY-3002 : Step(84): len = 98262.4, overlap = 47.5938
PHY-3002 : Step(85): len = 98407, overlap = 47.7188
PHY-3001 : :::6::: Try harder cell spreading with beta_ = 0.000269692
PHY-3002 : Step(86): len = 99597.4, overlap = 48.1562
PHY-3002 : Step(87): len = 100111, overlap = 46
PHY-3002 : Step(88): len = 100552, overlap = 45.75
PHY-3002 : Step(89): len = 101051, overlap = 46.3125
PHY-3002 : Step(90): len = 102289, overlap = 44.3438
PHY-3001 : Legalization ...
PHY-3001 : End legalization;  0.016516s wall, 0.000000s user + 0.000000s system = 0.000000s CPU (n/a%)

PHY-3001 : Run with size of 3
PHY-3001 : Cell area utilization is 60%
PHY-3001 : Analyzing congestion ...
RUN-1001 : Generating global routing grids ...
RUN-1001 : Building simple global routing graph ...
PHY-1001 : Generate routing nets ...
PHY-1001 : Reuse net number 0/4935.
PHY-1001 : Global iterations in 12 thread ...
PHY-1002 : len = 129632, over cnt = 642(5%), over = 3491, worst = 50
PHY-1001 : End global iterations;  0.276609s wall, 0.140625s user + 0.000000s system = 0.140625s CPU (50.8%)

PHY-1001 : Congestion index: top1 = 79.79, top5 = 63.18, top10 = 53.91, top15 = 47.91.
PHY-3001 : End congestion estimation;  0.332270s wall, 0.156250s user + 0.000000s system = 0.156250s CPU (47.0%)

PHY-3001 : Update density targets...
PHY-3001 : Update congestion history...
PHY-3001 : :::0::: Try harder cell spreading with beta_ = 6.31006e-06
PHY-3002 : Step(91): len = 107205, overlap = 51.2812
PHY-3002 : Step(92): len = 106275, overlap = 63.2188
PHY-3002 : Step(93): len = 99743.2, overlap = 89.0938
PHY-3002 : Step(94): len = 99507.8, overlap = 106.688
PHY-3002 : Step(95): len = 94435.1, overlap = 118.812
PHY-3002 : Step(96): len = 90489, overlap = 135.281
PHY-3002 : Step(97): len = 88743.1, overlap = 137.812
PHY-3002 : Step(98): len = 88437.4, overlap = 130
PHY-3002 : Step(99): len = 85821.9, overlap = 142.625
PHY-3002 : Step(100): len = 83441.8, overlap = 145.375
PHY-3002 : Step(101): len = 82486, overlap = 136.5
PHY-3002 : Step(102): len = 82653, overlap = 134.906
PHY-3002 : Step(103): len = 82619.3, overlap = 121.875
PHY-3002 : Step(104): len = 82852.3, overlap = 117.312
PHY-3002 : Step(105): len = 81679.7, overlap = 118.781
PHY-3002 : Step(106): len = 82133.4, overlap = 118.656
PHY-3002 : Step(107): len = 82508.2, overlap = 116.094
PHY-3001 : :::1::: Try harder cell spreading with beta_ = 1.26201e-05
PHY-3002 : Step(108): len = 84281.1, overlap = 107.688
PHY-3002 : Step(109): len = 85075.8, overlap = 105.938
PHY-3002 : Step(110): len = 87353, overlap = 102.531
PHY-3001 : :::2::: Try harder cell spreading with beta_ = 2.52402e-05
PHY-3002 : Step(111): len = 90438.5, overlap = 97.5938
PHY-3002 : Step(112): len = 92675.8, overlap = 85.1875
PHY-3002 : Step(113): len = 98247.7, overlap = 67.6875
PHY-3002 : Step(114): len = 99954, overlap = 70.4062
PHY-3002 : Step(115): len = 97822.2, overlap = 66.2812
PHY-3002 : Step(116): len = 97468.1, overlap = 61.1562
PHY-3002 : Step(117): len = 95800.2, overlap = 55.0938
PHY-3002 : Step(118): len = 95672.9, overlap = 59.3438
PHY-3002 : Step(119): len = 95729.8, overlap = 55.0312
PHY-3001 : :::3::: Try harder cell spreading with beta_ = 5.04805e-05
PHY-3002 : Step(120): len = 99296.8, overlap = 42.9375
PHY-3002 : Step(121): len = 100252, overlap = 43.125
PHY-3002 : Step(122): len = 102056, overlap = 38.5312
PHY-3002 : Step(123): len = 103181, overlap = 34.1875
PHY-3002 : Step(124): len = 104788, overlap = 27
PHY-3001 : :::4::: Try harder cell spreading with beta_ = 0.000100961
PHY-3002 : Step(125): len = 105497, overlap = 24.7812
PHY-3002 : Step(126): len = 106328, overlap = 24.9688
PHY-3002 : Step(127): len = 108518, overlap = 24.4688
PHY-3002 : Step(128): len = 109180, overlap = 21.375
PHY-3002 : Step(129): len = 108484, overlap = 20.5625
PHY-3002 : Step(130): len = 107761, overlap = 17.125
PHY-3002 : Step(131): len = 107211, overlap = 13.9688
PHY-3002 : Step(132): len = 106480, overlap = 16.0625
PHY-3002 : Step(133): len = 106036, overlap = 16.1875
PHY-3002 : Step(134): len = 105827, overlap = 17.0625
PHY-3001 : :::5::: Try harder cell spreading with beta_ = 0.000201922
PHY-3002 : Step(135): len = 106666, overlap = 18.4688
PHY-3002 : Step(136): len = 108585, overlap = 19.1875
PHY-3002 : Step(137): len = 109558, overlap = 17.1875
PHY-3002 : Step(138): len = 110394, overlap = 16.5
PHY-3001 : :::6::: Try harder cell spreading with beta_ = 0.000403844
PHY-3002 : Step(139): len = 111124, overlap = 18
PHY-3002 : Step(140): len = 112089, overlap = 17.6562
PHY-3002 : Step(141): len = 115412, overlap = 17.6562
PHY-3002 : Step(142): len = 116907, overlap = 15.7188
PHY-3002 : Step(143): len = 117104, overlap = 16.625
PHY-3002 : Step(144): len = 116853, overlap = 17.5938
PHY-3002 : Step(145): len = 116866, overlap = 16.5938
PHY-3002 : Step(146): len = 116790, overlap = 17.0625
PHY-3002 : Step(147): len = 116820, overlap = 17
PHY-3002 : Step(148): len = 116547, overlap = 15.9062
PHY-3002 : Step(149): len = 115702, overlap = 16.4062
PHY-3001 : :::7::: Try harder cell spreading with beta_ = 0.000807687
PHY-3002 : Step(150): len = 116148, overlap = 16.75
PHY-3002 : Step(151): len = 116531, overlap = 16.25
PHY-3001 : Run with size of 1
PHY-3001 : Cell area utilization is 60%
PHY-3001 : Analyzing congestion ...
RUN-1001 : Generating global routing grids ...
PHY-1001 : Generate routing nets ...
PHY-1001 : Reuse net number 12/4935.
PHY-1001 : Global iterations in 12 thread ...
PHY-1002 : len = 128968, over cnt = 597(5%), over = 2802, worst = 31
PHY-1001 : End global iterations;  0.267149s wall, 0.062500s user + 0.000000s system = 0.062500s CPU (23.4%)

PHY-1001 : Congestion index: top1 = 65.21, top5 = 50.20, top10 = 44.00, top15 = 39.99.
PHY-3001 : End congestion estimation;  0.324258s wall, 0.125000s user + 0.000000s system = 0.125000s CPU (38.5%)

PHY-3001 : Update density targets...
PHY-3001 : Update congestion history...
PHY-3001 : :::0::: Try harder cell spreading with beta_ = 5.02133e-05
PHY-3002 : Step(152): len = 117324, overlap = 183.938
PHY-3002 : Step(153): len = 117575, overlap = 176.875
PHY-3002 : Step(154): len = 112662, overlap = 160.969
PHY-3002 : Step(155): len = 111780, overlap = 153.219
PHY-3002 : Step(156): len = 111737, overlap = 127.156
PHY-3002 : Step(157): len = 109460, overlap = 139.344
PHY-3002 : Step(158): len = 106401, overlap = 152
PHY-3002 : Step(159): len = 104958, overlap = 167.438
PHY-3002 : Step(160): len = 103243, overlap = 166.562
PHY-3002 : Step(161): len = 101629, overlap = 160.5
PHY-3002 : Step(162): len = 100927, overlap = 156.156
PHY-3002 : Step(163): len = 101115, overlap = 152.969
PHY-3002 : Step(164): len = 99881.5, overlap = 149.5
PHY-3002 : Step(165): len = 99771.3, overlap = 158.219
PHY-3002 : Step(166): len = 99026.6, overlap = 159.625
PHY-3002 : Step(167): len = 98343.5, overlap = 159.75
PHY-3002 : Step(168): len = 98088.6, overlap = 148.562
PHY-3001 : :::1::: Try harder cell spreading with beta_ = 0.000100427
PHY-3002 : Step(169): len = 99070.1, overlap = 145.688
PHY-3002 : Step(170): len = 99462.2, overlap = 148.938
PHY-3002 : Step(171): len = 100739, overlap = 144.312
PHY-3002 : Step(172): len = 101187, overlap = 144.656
PHY-3002 : Step(173): len = 101469, overlap = 141.062
PHY-3001 : :::2::: Try harder cell spreading with beta_ = 0.000200853
PHY-3002 : Step(174): len = 102492, overlap = 141.469
PHY-3002 : Step(175): len = 103940, overlap = 140.344
PHY-3002 : Step(176): len = 105699, overlap = 135.562
PHY-3001 : :::3::: Try harder cell spreading with beta_ = 0.00034687
PHY-3002 : Step(177): len = 105774, overlap = 135.719
PHY-3002 : Step(178): len = 106312, overlap = 131.281
PHY-3002 : Step(179): len = 107802, overlap = 128.656
PHY-3002 : Step(180): len = 108984, overlap = 125.938
PHY-3002 : Step(181): len = 109412, overlap = 122.531
PHY-3002 : Step(182): len = 109820, overlap = 116.969
PHY-3001 : :::4::: Try harder cell spreading with beta_ = 0.00069374
PHY-3002 : Step(183): len = 110469, overlap = 115.875
PHY-3002 : Step(184): len = 111243, overlap = 113.5
PHY-3002 : Step(185): len = 111876, overlap = 112.875
PHY-3002 : Step(186): len = 112154, overlap = 115.594
PHY-3002 : Step(187): len = 112437, overlap = 113.781
PHY-3002 : Step(188): len = 112764, overlap = 111.812
PHY-3001 : :::5::: Try harder cell spreading with beta_ = 0.00112359
PHY-3002 : Step(189): len = 112937, overlap = 110.438
PHY-3002 : Step(190): len = 113557, overlap = 109.906
PHY-3001 : :::6::: Try harder cell spreading with beta_ = 0.00181796
PHY-3002 : Step(191): len = 113758, overlap = 109.844
PHY-3002 : Step(192): len = 114723, overlap = 106.656
PHY-3002 : Step(193): len = 115537, overlap = 102.781
PHY-3002 : Step(194): len = 115724, overlap = 102
PHY-3002 : Step(195): len = 115902, overlap = 102.656
PHY-3002 : Step(196): len = 116111, overlap = 102.812
PHY-3001 : :::7::: Try harder cell spreading with beta_ = 0.00294146
PHY-3002 : Step(197): len = 116255, overlap = 101.844
PHY-3002 : Step(198): len = 116925, overlap = 101.062
PHY-3002 : Step(199): len = 117227, overlap = 99.25
PHY-3002 : Step(200): len = 117422, overlap = 99.125
PHY-3002 : Step(201): len = 117590, overlap = 98.7188
PHY-3002 : Step(202): len = 117868, overlap = 98.5625
OPT-1001 : Start physical optimization ...
OPT-1001 : Total overflow 98.56 peak overflow 2.19
OPT-1001 : Start high-fanout net optimization ...
OPT-1001 : Update timing in global mode
PHY-1001 : Start incremental global routing, caller is place ...
RUN-1001 : Generating global routing grids ...
PHY-1001 : Generate routing nets ...
PHY-1001 : Reuse net number 188/4935.
PHY-1001 : Global iterations in 12 thread ...
PHY-1002 : len = 138992, over cnt = 722(6%), over = 2436, worst = 15
PHY-1001 : End global iterations;  0.282731s wall, 0.187500s user + 0.015625s system = 0.203125s CPU (71.8%)

PHY-1001 : Congestion index: top1 = 53.89, top5 = 45.22, top10 = 40.63, top15 = 37.76.
PHY-1001 : End incremental global routing;  0.332993s wall, 0.187500s user + 0.015625s system = 0.203125s CPU (61.0%)

RUN-1002 : start command "start_timer -report"
TMR-5001 WARNING: No sdc constraints found while initiating timer.
TMR-2505 : Start building timing graph for model TOP.
TMR-2506 : Build timing graph completely. Port num: 14, tpin num: 18073, tnet num: 4933, tinst num: 3537, tnode num: 22937, tedge num: 31578.
TMR-2508 : Levelizing timing graph completed, there are 61 levels in total.
TMR-2501 : Timing graph initialized successfully.
OPT-1001 : End timing update;  0.401560s wall, 0.281250s user + 0.000000s system = 0.281250s CPU (70.0%)

OPT-1001 : 0 high-fanout net processed.
OPT-1001 : End high-fanout net optimization;  0.805363s wall, 0.531250s user + 0.015625s system = 0.546875s CPU (67.9%)

OPT-1001 : Current memory(MB): used = 291, reserve = 265, peak = 291.
OPT-1001 : End physical optimization;  0.840742s wall, 0.546875s user + 0.015625s system = 0.562500s CPU (66.9%)

PHY-3001 : Start packing ...
SYN-4007 : Packing 0 MUX to BLE ...
SYN-4008 : Packed 0 MUX and 0 SEQ to BLE.
SYN-4007 : Packing 1272 LUT to BLE ...
SYN-4008 : Packed 1272 LUT and 675 SEQ to BLE.
SYN-4003 : Packing 625 remaining SEQ's ...
SYN-4005 : Packed 265 SEQ with LUT/SLICE
SYN-4006 : 454 single LUT's are left
SYN-4006 : 360 single SEQ's are left
SYN-4011 : Packing model "TOP" (AL_USER_NORMAL) with 1632/2599 primitive instances ...
PHY-3001 : End packing;  0.147786s wall, 0.078125s user + 0.000000s system = 0.078125s CPU (52.9%)

PHY-1001 : Populate physical database on model TOP.
RUN-1001 : There are total 1844 instances
RUN-1001 : 903 mslices, 903 lslices, 14 pads, 11 brams, 10 dsps
RUN-1001 : There are total 4335 nets
RUN-1001 : 2981 nets have 2 pins
RUN-1001 : 1040 nets have [3 - 5] pins
RUN-1001 : 149 nets have [6 - 10] pins
RUN-1001 : 113 nets have [11 - 20] pins
RUN-1001 : 47 nets have [21 - 99] pins
RUN-1001 : 5 nets have 100+ pins
PHY-3001 : design contains 1842 instances, 1806 slices, 123 macros(929 instances: 598 mslices 331 lslices)
PHY-3001 : Cell area utilization is 68%
PHY-3001 : After packing: Len = 117390, Over = 125
PHY-3001 : Run with size of 1
PHY-3001 : Cell area utilization is 68%
PHY-3001 : Analyzing congestion ...
RUN-1001 : Generating global routing grids ...
PHY-1001 : Generate routing nets ...
PHY-1001 : Reuse net number 2565/4335.
PHY-1001 : Global iterations in 12 thread ...
PHY-1002 : len = 139936, over cnt = 568(5%), over = 1530, worst = 14
PHY-1002 : len = 144112, over cnt = 300(2%), over = 633, worst = 12
PHY-1002 : len = 149176, over cnt = 74(0%), over = 146, worst = 8
PHY-1002 : len = 151104, over cnt = 1(0%), over = 1, worst = 1
PHY-1002 : len = 151136, over cnt = 0(0%), over = 0, worst = 0
PHY-1001 : End global iterations;  0.426778s wall, 0.187500s user + 0.000000s system = 0.187500s CPU (43.9%)

PHY-1001 : Congestion index: top1 = 48.89, top5 = 40.57, top10 = 36.53, top15 = 34.11.
PHY-3001 : End congestion estimation;  0.487758s wall, 0.218750s user + 0.000000s system = 0.218750s CPU (44.8%)

PHY-3001 : Update density targets...
PHY-3001 : Update congestion history...
PHY-3001 : :::0::: Try harder cell spreading with beta_ = 3.08168e-05
PHY-3002 : Step(203): len = 105197, overlap = 136.75
PHY-3002 : Step(204): len = 102626, overlap = 139.25
PHY-3002 : Step(205): len = 101200, overlap = 148.75
PHY-3002 : Step(206): len = 100408, overlap = 154.75
PHY-3002 : Step(207): len = 99693.5, overlap = 154.75
PHY-3002 : Step(208): len = 99784.8, overlap = 152.5
PHY-3002 : Step(209): len = 100001, overlap = 146.5
PHY-3001 : :::1::: Try harder cell spreading with beta_ = 6.16336e-05
PHY-3002 : Step(210): len = 103039, overlap = 135.5
PHY-3002 : Step(211): len = 104109, overlap = 132.5
PHY-3002 : Step(212): len = 105348, overlap = 130.5
PHY-3001 : :::2::: Try harder cell spreading with beta_ = 0.000123267
PHY-3002 : Step(213): len = 107697, overlap = 125
PHY-3002 : Step(214): len = 109338, overlap = 121.75
PHY-3002 : Step(215): len = 111367, overlap = 117.75
PHY-3002 : Step(216): len = 111741, overlap = 112.75
PHY-3002 : Step(217): len = 111683, overlap = 113.5
PHY-3002 : Step(218): len = 111650, overlap = 113
PHY-3001 : Legalization ...
PHY-3001 : End legalization;  0.462322s wall, 0.015625s user + 0.031250s system = 0.046875s CPU (10.1%)

PHY-3001 : Trial Legalized: Len = 122145
PHY-3001 : Run with size of 1
PHY-3001 : Cell area utilization is 65%
PHY-3001 : Analyzing congestion ...
RUN-1001 : Generating global routing grids ...
PHY-1001 : Generate routing nets ...
PHY-1001 : Reuse net number 435/4335.
PHY-1001 : Global iterations in 12 thread ...
PHY-1002 : len = 144416, over cnt = 504(4%), over = 874, worst = 9
PHY-1002 : len = 148288, over cnt = 318(2%), over = 468, worst = 7
PHY-1002 : len = 153424, over cnt = 45(0%), over = 58, worst = 4
PHY-1002 : len = 154288, over cnt = 2(0%), over = 2, worst = 1
PHY-1002 : len = 154480, over cnt = 0(0%), over = 0, worst = 0
PHY-1001 : End global iterations;  0.537754s wall, 0.171875s user + 0.000000s system = 0.171875s CPU (32.0%)

PHY-1001 : Congestion index: top1 = 45.14, top5 = 38.17, top10 = 35.19, top15 = 33.30.
PHY-3001 : End congestion estimation;  0.604970s wall, 0.218750s user + 0.000000s system = 0.218750s CPU (36.2%)

PHY-3001 : Update density targets...
PHY-3001 : Update congestion history...
PHY-3001 : :::0::: Try harder cell spreading with beta_ = 4.97698e-05
PHY-3002 : Step(219): len = 114139, overlap = 51.5
PHY-3002 : Step(220): len = 112232, overlap = 75.75
PHY-3002 : Step(221): len = 111839, overlap = 76.5
PHY-3002 : Step(222): len = 111924, overlap = 72.5
PHY-3001 : :::1::: Try harder cell spreading with beta_ = 9.93233e-05
PHY-3002 : Step(223): len = 114654, overlap = 59.75
PHY-3002 : Step(224): len = 115375, overlap = 56.5
PHY-3002 : Step(225): len = 116082, overlap = 54.5
PHY-3001 : :::2::: Try harder cell spreading with beta_ = 0.000198647
PHY-3002 : Step(226): len = 118132, overlap = 50.5
PHY-3002 : Step(227): len = 118981, overlap = 49.25
PHY-3002 : Step(228): len = 120514, overlap = 44.25
PHY-3002 : Step(229): len = 120403, overlap = 45.75
PHY-3002 : Step(230): len = 120378, overlap = 45.75
PHY-3001 : Legalization ...
PHY-3001 : End legalization;  0.004984s wall, 0.000000s user + 0.000000s system = 0.000000s CPU (n/a%)

PHY-3001 : Legalized: Len = 121819, Over = 0
PHY-3001 : End spreading;  0.008618s wall, 0.000000s user + 0.000000s system = 0.000000s CPU (n/a%)

PHY-3001 : Final: Len = 121819, Over = 0
RUN-1003 : finish command "place" in  10.676974s wall, 3.906250s user + 0.609375s system = 4.515625s CPU (42.3%)

RUN-1004 : used memory is 274 MB, reserved memory is 247 MB, peak memory is 292 MB
RUN-1002 : start command "export_db FOC_Controller_place.db"
RUN-1001 : Exported /
RUN-1001 : Exported flow parameters
RUN-1001 : Exported libs
RUN-1001 : Exported entities
RUN-1001 : Exported ports
RUN-1001 : Exported pins
RUN-1001 : Exported instances
RUN-1001 : Exported nets
RUN-1001 : Exported buses
RUN-1001 : Exported models
RUN-1001 : Exported congestions
RUN-1001 : Exported violations
RUN-1001 : Exported IO constraints
RUN-1001 : Exported Inst constraints
RUN-1002 : start command "route"
RUN-1001 : Open license file D:/Anlogic/TD5.6.2/license/Anlogic.lic
RUN-1001 : Print Global Property
RUN-1001 : ---------------------------------------------------------------
RUN-1001 :        Parameters        |  Settings  |  Default Values  |  Note  
RUN-1001 : ---------------------------------------------------------------
RUN-1001 :          message         |  standard  |     standard     |        
RUN-1001 :   mixed_pack_place_flow  |     on     |        on        |        
RUN-1001 :        qor_monitor       |    off     |       off        |        
RUN-1001 :        syn_ip_flow       |    off     |       off        |        
RUN-1001 :          thread          |    auto    |       auto       |        
RUN-1001 : ---------------------------------------------------------------
RUN-1001 : Print Route Property
RUN-1001 : -------------------------------------------------------
RUN-1001 :    Parameters    |  Settings  |  Default Values  |  Note  
RUN-1001 : -------------------------------------------------------
RUN-1001 :      effort      |   medium   |      medium      |        
RUN-1001 :     fix_hold     |    off     |       off        |        
RUN-1001 :    opt_timing    |   medium   |      medium      |        
RUN-1001 :   phy_sim_model  |    off     |       off        |        
RUN-1001 :     priority     |   timing   |      timing      |        
RUN-1001 :     swap_pin     |     on     |        on        |        
RUN-1001 : -------------------------------------------------------
PHY-1001 : Route runs in 12 thread(s)
RUN-1001 : There are total 1844 instances
RUN-1001 : 903 mslices, 903 lslices, 14 pads, 11 brams, 10 dsps
RUN-1001 : There are total 4335 nets
RUN-1001 : 2981 nets have 2 pins
RUN-1001 : 1040 nets have [3 - 5] pins
RUN-1001 : 149 nets have [6 - 10] pins
RUN-1001 : 113 nets have [11 - 20] pins
RUN-1001 : 47 nets have [21 - 99] pins
RUN-1001 : 5 nets have 100+ pins
RUN-1002 : start command "start_timer -report"
TMR-5001 WARNING: No sdc constraints found while initiating timer.
TMR-2505 : Start building timing graph for model TOP.
TMR-2506 : Build timing graph completely. Port num: 14, tpin num: 15374, tnet num: 4333, tinst num: 1842, tnode num: 18766, tedge num: 28170.
TMR-2508 : Levelizing timing graph completed, there are 59 levels in total.
TMR-2501 : Timing graph initialized successfully.
PHY-1001 : 903 mslices, 903 lslices, 14 pads, 11 brams, 10 dsps
TMR-2503 : Start to update net delay, extr mode = 3.
TMR-2504 : Update delay of 4333 nets completely.
TMR-2502 : Annotate delay completely, extr mode = 3.
TMR-3002 : No user constraint, initiate default constraint.
TMR-1501 : Assign derive clock DeriveClock to 1566 clock pins, and constraint 3390 relative nodes.
TMR-3003 : Constraints initiated successfully.
TMR-3501 : Forward propagation: start to calculate arrival time...
TMR-3502 : Backward propagation: start to calculate required time...
TMR-3503 : Timing propagation completes.
PHY-1001 : Start global routing, caller is route ...
RUN-1001 : Generating global routing grids ...
PHY-1001 : Generate routing nets ...
PHY-1001 : Global iterations in 12 thread ...
PHY-1002 : len = 141360, over cnt = 487(4%), over = 834, worst = 9
PHY-1002 : len = 145096, over cnt = 329(2%), over = 451, worst = 6
PHY-1002 : len = 148440, over cnt = 111(1%), over = 176, worst = 6
PHY-1002 : len = 151024, over cnt = 3(0%), over = 3, worst = 1
PHY-1002 : len = 151168, over cnt = 0(0%), over = 0, worst = 0
PHY-1001 : End global iterations;  0.518358s wall, 0.187500s user + 0.000000s system = 0.187500s CPU (36.2%)

PHY-1001 : Congestion index: top1 = 44.51, top5 = 38.55, top10 = 35.30, top15 = 33.39.
PHY-1001 : End global routing;  0.589337s wall, 0.203125s user + 0.000000s system = 0.203125s CPU (34.5%)

PHY-1001 : Start detail routing ...
PHY-1001 : Current memory(MB): used = 336, reserve = 311, peak = 345.
PHY-1001 : Detailed router is running in normal mode.
PHY-1001 : Generate detailed routing grids ...
PHY-1001 : Generate nets ...
PHY-1001 : net clk_25m_dup_1 will be routed on clock mesh
PHY-1001 : Current memory(MB): used = 422, reserve = 398, peak = 422.
PHY-1001 : End build detailed router design. 1.794980s wall, 1.000000s user + 0.000000s system = 1.000000s CPU (55.7%)

PHY-1001 : Detail Route ...
PHY-1001 : ===== Detail Route Phase 1 =====
PHY-1001 : Clock net routing.....
PHY-1001 : Routed 0% nets.
PHY-1022 : len = 29600, over cnt = 0(0%), over = 0, worst = 0, crit = 0
PHY-1001 : End initial clock net routed; 0.006404s wall, 0.000000s user + 0.000000s system = 0.000000s CPU (n/a%)

PHY-1001 : Current memory(MB): used = 424, reserve = 399, peak = 424.
PHY-1001 : End phase 1; 0.008239s wall, 0.000000s user + 0.000000s system = 0.000000s CPU (n/a%)

PHY-1001 : ===== Detail Route Phase 2 =====
PHY-1001 : Initial routing.....
PHY-1001 : Routed 36% nets.
PHY-1001 : Routed 43% nets.
PHY-1001 : Routed 50% nets.
PHY-1001 : Routed 65% nets.
PHY-1001 : Routed 81% nets.
PHY-1022 : len = 362864, over cnt = 169(0%), over = 169, worst = 1, crit = 0
PHY-1001 : Current memory(MB): used = 432, reserve = 407, peak = 432.
PHY-1001 : End initial routed; 2.443574s wall, 1.500000s user + 0.015625s system = 1.515625s CPU (62.0%)

PHY-1001 : Current memory(MB): used = 432, reserve = 407, peak = 432.
PHY-1001 : End phase 2; 2.443623s wall, 1.500000s user + 0.015625s system = 1.515625s CPU (62.0%)

PHY-1001 : ===== Detail Route Phase 3 =====
PHY-1001 : Ripup-reroute.....
PHY-1001 : ===== DR Iter 1 =====
PHY-1022 : len = 360624, over cnt = 43(0%), over = 43, worst = 1, crit = 0
PHY-1001 : End DR Iter 1; 0.113142s wall, 0.078125s user + 0.000000s system = 0.078125s CPU (69.1%)

PHY-1001 : ===== DR Iter 2 =====
PHY-1022 : len = 360472, over cnt = 7(0%), over = 7, worst = 1, crit = 0
PHY-1001 : End DR Iter 2; 0.073069s wall, 0.015625s user + 0.000000s system = 0.015625s CPU (21.4%)

PHY-1001 : ===== DR Iter 3 =====
PHY-1022 : len = 360592, over cnt = 0(0%), over = 0, worst = 0, crit = 0
PHY-1001 : End DR Iter 3; 0.039092s wall, 0.031250s user + 0.000000s system = 0.031250s CPU (79.9%)

PHY-1001 : Commit to database.....
PHY-1001 : 25 feed throughs used by 24 nets
PHY-1001 : End commit to database; 0.513227s wall, 0.453125s user + 0.000000s system = 0.453125s CPU (88.3%)

PHY-1001 : Current memory(MB): used = 452, reserve = 428, peak = 452.
PHY-1001 : End phase 3; 0.795244s wall, 0.578125s user + 0.000000s system = 0.578125s CPU (72.7%)

PHY-1003 : Routed, final wirelength = 360592
PHY-1001 : Current memory(MB): used = 453, reserve = 429, peak = 453.
PHY-1001 : End export database. 0.011236s wall, 0.000000s user + 0.000000s system = 0.000000s CPU (n/a%)

PHY-1001 : End detail routing;  5.176987s wall, 3.140625s user + 0.015625s system = 3.156250s CPU (61.0%)

RUN-1003 : finish command "route" in  6.423609s wall, 3.656250s user + 0.015625s system = 3.671875s CPU (57.2%)

RUN-1004 : used memory is 389 MB, reserved memory is 370 MB, peak memory is 453 MB
RUN-1002 : start command "report_area -io_info -file FOC_Controller_phy.area"
RUN-1001 : standard
***Report Model: TOP Device: SF1S60CG121I***

IO Statistics
#IO                        14
  #input                    3
  #output                  10
  #inout                    1

Utilization Statistics
#lut                     3142   out of   5824   53.95%
#reg                     1312   out of   5824   22.53%
#le                      3502
  #lut only              2190   out of   3502   62.54%
  #reg only               360   out of   3502   10.28%
  #lut&reg                952   out of   3502   27.18%
#dsp                       10   out of     10  100.00%
#bram                      11   out of     26   42.31%
  #bram9k                  11
  #fifo9k                   0
#hard-ip                    0
  #mcu                      0   out of      1    0.00%
  #dsc                      0   out of      1    0.00%
  #dsi                      0   out of      2    0.00%
  #psram controller         0   out of      2    0.00%
#pad                       14   out of     55   25.45%
  #ireg                     1
  #oreg                    11
  #treg                     1
#pll                        0   out of      2    0.00%
#gclk                       0   out of     16    0.00%

Clock Resource Statistics
Index     ClockNet         Type               DriverType         Driver              Fanout
#1        clk_25m_dup_1    GCLK               io                 clk_25m_syn_2.di    783


Detailed IO Report

    Name      Direction    Location    IOStandard    DriveStrength    PullType     PackReg   
  clk_25m       INPUT         D7        LVCMOS18          N/A          PULLUP       NONE     
    rstn        INPUT         J2        LVCMOS18          N/A           NONE        NONE     
  spi_miso      INPUT         B9        LVCMOS18          N/A          PULLUP       IREG     
  i2c_scl      OUTPUT         G3        LVCMOS18           8            NONE        OREG     
    led0       OUTPUT         J5        LVCMOS18           8            NONE        OREG     
   pwm_a       OUTPUT        C10        LVCMOS18           8            NONE        OREG     
   pwm_b       OUTPUT        C11        LVCMOS18           8            NONE        OREG     
   pwm_c       OUTPUT        E11        LVCMOS18           8            NONE        OREG     
   pwm_en      OUTPUT        F11        LVCMOS18           8            NONE        OREG     
  spi_mosi     OUTPUT         B8        LVCMOS18           8            NONE        OREG     
  spi_sck      OUTPUT         A9        LVCMOS18           8            NONE        OREG     
   spi_ss      OUTPUT         A8        LVCMOS18           8            NONE        OREG     
  uart_tx      OUTPUT         A4        LVCMOS18           8            NONE        OREG     
  i2c_sda       INOUT         H3        LVCMOS18           8           PULLUP     OREG;TREG  

Report Hierarchy Area:
+----------------------------------------------------------------------------------------------+
|Instance              |Module            |le     |lut     |ripple  |seq     |bram    |dsp     |
+----------------------------------------------------------------------------------------------+
|top                   |TOP               |3502   |2213    |929     |1325    |11      |10      |
|  u_adc_ad7928        |adc_ad7928        |144    |82      |28      |76      |0       |0       |
|  u_as5600_read       |i2c_register_read |269    |173     |87      |66      |0       |0       |
|  u_foc_top           |foc_top           |2831   |1750    |791     |1028    |11      |10      |
|    u_adc_sn_ctrl     |hold_detect       |16     |12      |4       |10      |0       |0       |
|    u_cartesian2polar |cartesian2polar   |596    |489     |98      |194     |8       |0       |
|    u_clark_tr        |clark_tr          |148    |48      |42      |89      |0       |0       |
|    u_id_pi           |pi_controller     |570    |322     |207     |165     |0       |3       |
|    u_iq_pi           |pi_controller     |703    |388     |274     |196     |0       |3       |
|    u_park_tr         |park_tr           |192    |122     |44      |88      |2       |4       |
|      u_sincos        |sincos            |129    |103     |26      |58      |2       |0       |
|    u_svpwm           |svpwm             |450    |299     |93      |182     |1       |0       |
|  u_uart_monitor      |uart_monitor      |218    |200     |16      |114     |0       |0       |
+----------------------------------------------------------------------------------------------+


DataNet Average Fanout:

   Index     Fanout     Nets  
    #1          1       2967  
    #2          2       551   
    #3          3       422   
    #4          4        67   
    #5        5-10      170   
    #6        11-50     135   
    #7       51-100      4    
    #8       101-500     2    
  Average     2.37            

RUN-1002 : start command "export_db FOC_Controller_pr.db"
RUN-1001 : Exported /
RUN-1001 : Exported flow parameters
RUN-1001 : Exported libs
RUN-1001 : Exported entities
RUN-1001 : Exported ports
RUN-1001 : Exported pins
RUN-1001 : Exported instances
RUN-1001 : Exported nets
RUN-1001 : Exported buses
RUN-1001 : Exported models
RUN-1001 : Exported congestions
RUN-1001 : Exported violations
RUN-1001 : Exported IO constraints
RUN-1001 : Exported Inst constraints
RUN-1003 : finish command "export_db FOC_Controller_pr.db" in  1.045568s wall, 0.984375s user + 0.000000s system = 0.984375s CPU (94.1%)

RUN-1004 : used memory is 392 MB, reserved memory is 371 MB, peak memory is 467 MB
RUN-1002 : start command "export_bid FOC_Controller_inst.bid"
PRG-1000 : <!-- HMAC is: 7094e746a9b3a9fc3b4ed42cf74d118601410328f2312c834dddc4b70e308358 -->
RUN-1002 : start command "bitgen -bit FOC_Controller.bit"
BIT-1003 : Start to generate bitstream. 
BIT-1002 : Init instances with 12 threads.
BIT-1002 : Init instances completely, inst num: 1842
BIT-1002 : Init pips with 12 threads.
BIT-1002 : Init pips completely, net num: 4335, pip num: 33265
BIT-1002 : Init feedthrough with 12 threads.
BIT-1002 : Init feedthrough completely, num: 25
BIT-1003 : Multithreading accelaration with 12 threads.
BIT-1003 : Generate bitstream completely, there are 1059 valid insts, and 105504 bits set as '1'.
BIT-1004 : the usercode register value: 00000000010110010000000000000000
BIT-1004 : Generate bits file FOC_Controller.bit.
RUN-1003 : finish command "bitgen -bit FOC_Controller.bit" in  2.951373s wall, 22.015625s user + 0.046875s system = 22.062500s CPU (747.5%)

RUN-1004 : used memory is 398 MB, reserved memory is 382 MB, peak memory is 574 MB
RUN-1002 : start command "backup_run_log run.log ../.logs/phy_1/td_20231107_002302.log"
