============================================================
   Tang Dynasty, V5.6.71036
      Copyright (c) 2012-2023 Anlogic Inc.
   Executable = D:/Anlogic/TD5.6.2/bin/td.exe
   Built at =   20:34:38 Mar 21 2023
   Run by =     15597
   Run Date =   Wed Nov  8 13:17:19 2023

   Run on =     XR097-DELL-G7
============================================================
RUN-1002 : start command "open_project FOC_Controller.prj"
RUN-1001 : Print Global Property
RUN-1001 : ---------------------------------------------------------------
RUN-1001 :        Parameters        |  Settings  |  Default Values  |  Note  
RUN-1001 : ---------------------------------------------------------------
RUN-1001 :          message         |  standard  |     standard     |        
RUN-1001 :   mixed_pack_place_flow  |     on     |        on        |        
RUN-1001 :        qor_monitor       |    off     |       off        |        
RUN-1001 :        syn_ip_flow       |    off     |       off        |        
RUN-1001 :          thread          |    auto    |       auto       |        
RUN-1001 : ---------------------------------------------------------------
RUN-1001 : Print Design Property
RUN-1001 : --------------------------------------------------------------
RUN-1001 :        Parameters       |  Settings  |  Default Values  |  Note  
RUN-1001 : --------------------------------------------------------------
RUN-1001 :   default_reg_initial   |    auto    |       auto       |        
RUN-1001 :        infer_add        |     on     |        on        |        
RUN-1001 :        infer_fsm        |    off     |       off        |        
RUN-1001 :        infer_mult       |     on     |        on        |        
RUN-1001 :        infer_ram        |     on     |        on        |        
RUN-1001 :        infer_reg        |     on     |        on        |        
RUN-1001 :   infer_reg_init_value  |     on     |        on        |        
RUN-1001 :        infer_rom        |     on     |        on        |        
RUN-1001 :      infer_shifter      |     on     |        on        |        
RUN-1001 : --------------------------------------------------------------
RUN-1001 : Print Rtl Property
RUN-1001 : --------------------------------------------------------------
RUN-1001 :        Parameters       |  Settings  |  Default Values  |  Note  
RUN-1001 : --------------------------------------------------------------
RUN-1001 :       compress_add      |   ripple   |      ripple      |        
RUN-1001 :        elf_sload        |    off     |       off        |        
RUN-1001 :       fix_undriven      |     0      |        0         |        
RUN-1001 :         flatten         |    off     |       off        |        
RUN-1001 :       gate_sharing      |     on     |        on        |        
RUN-1001 :    hdl_warning_level    |   normal   |      normal      |        
RUN-1001 :   impl_internal_tribuf  |     on     |        on        |        
RUN-1001 :      impl_set_reset     |     on     |        on        |        
RUN-1001 :        infer_gsr        |    off     |       off        |        
RUN-1001 :      keep_hierarchy     |    auto    |       auto       |        
RUN-1001 :        max_fanout       |    9999    |       9999       |        
RUN-1001 :      max_oh2bin_len     |     10     |        10        |        
RUN-1001 :       merge_equal       |     on     |        on        |        
RUN-1001 :       merge_equiv       |     on     |        on        |        
RUN-1001 :        merge_mux        |    off     |       off        |        
RUN-1001 :     min_control_set     |     8      |        8         |        
RUN-1001 :      min_ripple_len     |    auto    |       auto       |        
RUN-1001 :       oh2bin_ratio      |    0.08    |       0.08       |        
RUN-1001 :     opt_adder_fanout    |     on     |        on        |        
RUN-1001 :        opt_arith        |     on     |        on        |        
RUN-1001 :       opt_big_gate      |    off     |       off        |        
RUN-1001 :        opt_const        |     on     |        on        |        
RUN-1001 :      opt_const_mult     |     on     |        on        |        
RUN-1001 :       opt_lessthan      |     on     |        on        |        
RUN-1001 :         opt_mux         |    off     |       off        |        
RUN-1001 :         opt_ram         |    high    |       high       |        
RUN-1001 :      rtl_sim_model      |    off     |       off        |        
RUN-1001 :         seq_syn         |     on     |        on        |        
RUN-1001 : --------------------------------------------------------------
HDL-1007 : analyze verilog file ../../al_ip/pll.v
HDL-1007 : undeclared symbol 'open', assumed default net type 'wire' in ../../al_ip/pll.v(88)
HDL-1007 : analyze verilog file ../../RTL/adc_ad7928.v
HDL-1007 : analyze verilog file ../../RTL/foc/cartesian2polar.v
HDL-1007 : analyze verilog file ../../RTL/foc/clark_tr.v
HDL-1007 : analyze verilog file ../../RTL/foc/foc_top.v
HDL-1007 : analyze verilog file ../../RTL/foc/hold_detect.v
HDL-1007 : analyze verilog file ../../RTL/foc/park_tr.v
HDL-1007 : analyze verilog file ../../RTL/foc/pi_controller.v
HDL-1007 : analyze verilog file ../../RTL/foc/sincos.v
HDL-1007 : analyze verilog file ../../RTL/foc/svpwm.v
HDL-1007 : analyze verilog file ../../RTL/fpga_top.v
HDL-1007 : analyze verilog file ../../RTL/i2c_register_read.v
HDL-1007 : analyze verilog file ../../hall_sensor.v
HDL-1007 : analyze verilog file ../../TOP_test.v
HDL-1007 : analyze verilog file ../../AS5600_sensor.v
RUN-1001 : Project manager successfully analyzed 15 source files.
RUN-1002 : start command "import_device sf1_6.db -package SF1S60CG121I"
ARC-1001 : Device Initialization.
ARC-1001 : -------------------------------------------------
ARC-1001 :       OPTION       |      IO       |   SETTING   
ARC-1001 : -------------------------------------------------
ARC-1001 :        done        |      B4       |    gpio    
ARC-1001 :        initn       |      A5       |    gpio    
ARC-1001 :       jtagen       |      B7       |    gpio    
ARC-1001 :      programn      |      B5       |  dedicate  
ARC-1001 :   tdi/tms/tck/tdo  |  C4/A6/A7/C5  |  dedicate  
ARC-1001 : -------------------------------------------------
ARC-1004 : Device setting, marked 5 dedicate IOs in total.
RUN-1002 : start command "import_db ../syn_1/FOC_Controller_gate.db"
RUN-1001 : Importing database generated by Tang Dynasty, V5.6.71036.
RUN-1001 : Database version number 46146.
RUN-1001 : Import flow parameters
RUN-1001 : Import IO constraints
RUN-1001 : Import Inst constraints
RUN-1001 : Import design success TD_VERSION=5.6.71036 , DB_VERSION=46146
RUN-1003 : finish command "import_db ../syn_1/FOC_Controller_gate.db" in  1.142459s wall, 0.453125s user + 0.000000s system = 0.453125s CPU (39.7%)

RUN-1004 : used memory is 229 MB, reserved memory is 203 MB, peak memory is 233 MB
RUN-1002 : start command "place"
RUN-1001 : Open license file D:/Anlogic/TD5.6.2/license/Anlogic.lic
RUN-1001 : Print Global Property
RUN-1001 : ---------------------------------------------------------------
RUN-1001 :        Parameters        |  Settings  |  Default Values  |  Note  
RUN-1001 : ---------------------------------------------------------------
RUN-1001 :          message         |  standard  |     standard     |        
RUN-1001 :   mixed_pack_place_flow  |     on     |        on        |        
RUN-1001 :        qor_monitor       |    off     |       off        |        
RUN-1001 :        syn_ip_flow       |    off     |       off        |        
RUN-1001 :          thread          |    auto    |       auto       |        
RUN-1001 : ---------------------------------------------------------------
RUN-1001 : Print Place Property
RUN-1001 : --------------------------------------------------------------
RUN-1001 :        Parameters       |  Settings  |  Default Values  |  Note  
RUN-1001 : --------------------------------------------------------------
RUN-1001 :      detailed_place     |     on     |        on        |        
RUN-1001 :          effort         |   medium   |      medium      |        
RUN-1001 :         fix_hold        |    off     |       off        |        
RUN-1001 :       legalization      |    ori     |       ori        |        
RUN-1001 :      new_spreading      |     on     |        on        |        
RUN-1001 :        opt_timing       |   medium   |      medium      |        
RUN-1001 :   post_clock_route_opt  |    off     |       off        |        
RUN-1001 :       pr_strategy       |     1      |        1         |        
RUN-1001 :        relaxation       |    1.00    |       1.00       |        
RUN-1001 :         retiming        |    off     |       off        |        
RUN-1001 : --------------------------------------------------------------
PHY-3001 : Placer runs in 12 thread(s).
RUN-1002 : start command "legalize_phy_inst"
SYN-1011 : Flatten model TOP_test
RUN-1002 : start command "phys_opt -simplify_lut"
SYN-4016 : Net u_pll/clk0_out driven by BUFG (0 clock/control pins, 1 other pins).
SYN-4027 : Net u_foc_controller/u_adc_ad7928/clk is clkc1 of pll u_pll/pll_inst.
SYN-4019 : Net I_clk_25m_dup_1 is refclk of pll u_pll/pll_inst.
SYN-4020 : Net I_clk_25m_dup_1 is fbclk of pll u_pll/pll_inst.
SYN-4025 : Tag rtl::Net I_clk_25m_dup_1 as clock net
SYN-4025 : Tag rtl::Net u_foc_controller/u_adc_ad7928/clk as clock net
SYN-4025 : Tag rtl::Net u_pll/clk0_out as clock net
SYN-4026 : Tagged 3 rtl::Net as clock net
PHY-1001 : Populate physical database on model TOP_test.
RUN-1001 : There are total 3758 instances
RUN-0007 : 1205 luts, 1497 seqs, 657 mslices, 358 lslices, 15 pads, 11 brams, 10 dsps
RUN-1001 : There are total 5307 nets
RUN-1001 : 3926 nets have 2 pins
RUN-1001 : 1098 nets have [3 - 5] pins
RUN-1001 : 105 nets have [6 - 10] pins
RUN-1001 : 125 nets have [11 - 20] pins
RUN-1001 : 45 nets have [21 - 99] pins
RUN-1001 : 8 nets have 100+ pins
RUN-1001 : Report Control nets information:
RUN-1001 : DFF Distribution
RUN-1001 : ----------------------------------
RUN-1001 :   CE   |  SSR  |  ASR  |  DFF Count  
RUN-1001 : ----------------------------------
RUN-1001 :   No   |  No   |  No   |     28      
RUN-1001 :   No   |  No   |  Yes  |     377     
RUN-1001 :   No   |  Yes  |  No   |      9      
RUN-1001 :   Yes  |  No   |  No   |     65      
RUN-1001 :   Yes  |  No   |  Yes  |    1018     
RUN-1001 :   Yes  |  Yes  |  No   |      0      
RUN-1001 : ----------------------------------
RUN-0007 : Control Group Statistic
RUN-0007 : ---------------------------
RUN-0007 :   #CLK  |  #CE  |  #SSR/ASR  
RUN-0007 : ---------------------------
RUN-0007 :    1    |  27   |     4      
RUN-0007 : ---------------------------
RUN-0007 : Control Set = 30
PHY-3001 : Initial placement ...
PHY-3001 : design contains 3756 instances, 1205 luts, 1497 seqs, 1015 slices, 130 macros(1015 instances: 657 mslices 358 lslices)
PHY-0007 : Cell area utilization is 55%
PHY-3001 : Global placement ...
PHY-3001 : Initial: Len = 748294
PHY-3001 : Run with size of 3
PHY-3001 : Cell area utilization is 55%
PHY-3001 : :::0::: Try harder cell spreading with beta_ = 0
PHY-3002 : Step(1): len = 485668, overlap = 75.9688
PHY-3002 : Step(2): len = 455420, overlap = 90.9375
PHY-3002 : Step(3): len = 278822, overlap = 119.625
PHY-3002 : Step(4): len = 248329, overlap = 147.938
PHY-3002 : Step(5): len = 228217, overlap = 145.156
PHY-3002 : Step(6): len = 190304, overlap = 156.938
PHY-3002 : Step(7): len = 167020, overlap = 194.156
PHY-3002 : Step(8): len = 148907, overlap = 207.875
PHY-3002 : Step(9): len = 129323, overlap = 230.5
PHY-3002 : Step(10): len = 111572, overlap = 250.719
PHY-3002 : Step(11): len = 97094.1, overlap = 256
PHY-3002 : Step(12): len = 88195.9, overlap = 265.969
PHY-3002 : Step(13): len = 83435, overlap = 269.906
PHY-3002 : Step(14): len = 79744.4, overlap = 273.719
PHY-3001 : :::1::: Try harder cell spreading with beta_ = 7.65206e-06
PHY-3002 : Step(15): len = 79844.5, overlap = 260.688
PHY-3002 : Step(16): len = 81403.1, overlap = 256.719
PHY-3002 : Step(17): len = 86638.7, overlap = 221.781
PHY-3002 : Step(18): len = 91024.2, overlap = 217.344
PHY-3002 : Step(19): len = 83682.8, overlap = 213.375
PHY-3002 : Step(20): len = 83287.8, overlap = 203.25
PHY-3002 : Step(21): len = 85536.1, overlap = 186.312
PHY-3002 : Step(22): len = 84332.6, overlap = 182.156
PHY-3002 : Step(23): len = 85431.3, overlap = 178.188
PHY-3002 : Step(24): len = 83585.5, overlap = 161.719
PHY-3002 : Step(25): len = 81377.5, overlap = 159
PHY-3002 : Step(26): len = 81130.1, overlap = 157.75
PHY-3002 : Step(27): len = 80712.7, overlap = 153.406
PHY-3002 : Step(28): len = 80875.8, overlap = 141.625
PHY-3002 : Step(29): len = 79470.3, overlap = 129.406
PHY-3002 : Step(30): len = 78428.4, overlap = 133.781
PHY-3002 : Step(31): len = 76727.1, overlap = 132.781
PHY-3002 : Step(32): len = 76516.1, overlap = 122.594
PHY-3002 : Step(33): len = 74622.8, overlap = 120.656
PHY-3002 : Step(34): len = 74662.4, overlap = 115.375
PHY-3002 : Step(35): len = 73653.1, overlap = 116.875
PHY-3002 : Step(36): len = 73423.7, overlap = 119.188
PHY-3002 : Step(37): len = 73143.4, overlap = 115.688
PHY-3002 : Step(38): len = 72305.4, overlap = 116.438
PHY-3002 : Step(39): len = 71241.9, overlap = 121.375
PHY-3002 : Step(40): len = 71181.8, overlap = 117.438
PHY-3002 : Step(41): len = 69819, overlap = 121.75
PHY-3002 : Step(42): len = 69092, overlap = 120.562
PHY-3002 : Step(43): len = 68524.7, overlap = 124.625
PHY-3002 : Step(44): len = 68468, overlap = 123.406
PHY-3002 : Step(45): len = 68085.4, overlap = 126.25
PHY-3001 : :::2::: Try harder cell spreading with beta_ = 1.53041e-05
PHY-3002 : Step(46): len = 68734.5, overlap = 126.469
PHY-3002 : Step(47): len = 68949.9, overlap = 124.25
PHY-3002 : Step(48): len = 69181.4, overlap = 126.125
PHY-3001 : :::3::: Try harder cell spreading with beta_ = 2.67218e-05
PHY-3002 : Step(49): len = 70288.2, overlap = 123
PHY-3002 : Step(50): len = 70511.8, overlap = 120.906
PHY-3002 : Step(51): len = 75461.7, overlap = 111.969
PHY-3002 : Step(52): len = 77301, overlap = 113.781
PHY-3002 : Step(53): len = 77348, overlap = 111.469
PHY-3002 : Step(54): len = 77889, overlap = 118.812
PHY-3002 : Step(55): len = 79083, overlap = 120.188
PHY-3002 : Step(56): len = 79922.4, overlap = 119.906
PHY-3002 : Step(57): len = 80262.7, overlap = 120.938
PHY-3002 : Step(58): len = 80618.5, overlap = 117.688
PHY-3002 : Step(59): len = 80934.3, overlap = 113.594
PHY-3002 : Step(60): len = 81044.2, overlap = 118.281
PHY-3002 : Step(61): len = 81112.3, overlap = 116.875
PHY-3002 : Step(62): len = 80749.4, overlap = 116
PHY-3001 : :::4::: Try harder cell spreading with beta_ = 5.34436e-05
PHY-3002 : Step(63): len = 82352.2, overlap = 114.156
PHY-3002 : Step(64): len = 82452.4, overlap = 111.062
PHY-3002 : Step(65): len = 82813.8, overlap = 108.969
PHY-3001 : Legalization ...
PHY-3001 : End legalization;  0.011247s wall, 0.000000s user + 0.000000s system = 0.000000s CPU (n/a%)

PHY-3001 : Run with size of 3
PHY-3001 : Cell area utilization is 62%
PHY-3001 : Analyzing congestion ...
RUN-1001 : Generating global routing grids ...
RUN-1001 : Building simple global routing graph ...
PHY-1001 : Generate routing nets ...
PHY-1001 : Reuse net number 0/5307.
PHY-1001 : Global iterations in 12 thread ...
PHY-1002 : len = 123800, over cnt = 631(5%), over = 3358, worst = 40
PHY-1001 : End global iterations;  0.265453s wall, 0.031250s user + 0.000000s system = 0.031250s CPU (11.8%)

PHY-1001 : Congestion index: top1 = 90.42, top5 = 64.04, top10 = 52.96, top15 = 46.68.
PHY-3001 : End congestion estimation;  0.330191s wall, 0.046875s user + 0.000000s system = 0.046875s CPU (14.2%)

PHY-3001 : Update density targets...
PHY-3001 : Update congestion history...
PHY-3001 : :::0::: Try harder cell spreading with beta_ = 2.46037e-06
PHY-3002 : Step(66): len = 106360, overlap = 128.062
PHY-3002 : Step(67): len = 106656, overlap = 128.344
PHY-3002 : Step(68): len = 102010, overlap = 131.938
PHY-3002 : Step(69): len = 100724, overlap = 159.031
PHY-3002 : Step(70): len = 99292.3, overlap = 172.75
PHY-3002 : Step(71): len = 98448.9, overlap = 204.344
PHY-3002 : Step(72): len = 92432.7, overlap = 234.094
PHY-3002 : Step(73): len = 90103.9, overlap = 229.156
PHY-3002 : Step(74): len = 90084.6, overlap = 239.812
PHY-3002 : Step(75): len = 87771, overlap = 206.594
PHY-3002 : Step(76): len = 87600, overlap = 203.719
PHY-3002 : Step(77): len = 87030.5, overlap = 192.656
PHY-3002 : Step(78): len = 85884.6, overlap = 193.719
PHY-3002 : Step(79): len = 85614.8, overlap = 193.406
PHY-3002 : Step(80): len = 84839.4, overlap = 199.625
PHY-3001 : :::1::: Try harder cell spreading with beta_ = 4.92074e-06
PHY-3002 : Step(81): len = 86050.7, overlap = 196.188
PHY-3002 : Step(82): len = 86546.2, overlap = 194.031
PHY-3002 : Step(83): len = 90112, overlap = 191.25
PHY-3001 : :::2::: Try harder cell spreading with beta_ = 9.84148e-06
PHY-3002 : Step(84): len = 92432.9, overlap = 188.938
PHY-3002 : Step(85): len = 93355.5, overlap = 193.875
PHY-3002 : Step(86): len = 98735.9, overlap = 180.969
PHY-3002 : Step(87): len = 100254, overlap = 178.844
PHY-3002 : Step(88): len = 99414.3, overlap = 179.375
PHY-3002 : Step(89): len = 101136, overlap = 174.938
PHY-3002 : Step(90): len = 102846, overlap = 166.75
PHY-3002 : Step(91): len = 100634, overlap = 161.938
PHY-3002 : Step(92): len = 100806, overlap = 146.812
PHY-3002 : Step(93): len = 101158, overlap = 142.125
PHY-3001 : :::3::: Try harder cell spreading with beta_ = 1.9683e-05
PHY-3002 : Step(94): len = 101331, overlap = 142.062
PHY-3002 : Step(95): len = 102151, overlap = 141.875
PHY-3002 : Step(96): len = 104982, overlap = 139.062
PHY-3001 : :::4::: Try harder cell spreading with beta_ = 3.93659e-05
PHY-3002 : Step(97): len = 109401, overlap = 101.75
PHY-3002 : Step(98): len = 113451, overlap = 95.9375
PHY-3002 : Step(99): len = 117854, overlap = 84.1875
PHY-3002 : Step(100): len = 119655, overlap = 87.875
PHY-3002 : Step(101): len = 117081, overlap = 82.7188
PHY-3002 : Step(102): len = 114686, overlap = 80.9062
PHY-3002 : Step(103): len = 114402, overlap = 73.125
PHY-3002 : Step(104): len = 114294, overlap = 67.0625
PHY-3002 : Step(105): len = 113995, overlap = 71.625
PHY-3002 : Step(106): len = 114203, overlap = 70.4062
PHY-3002 : Step(107): len = 114485, overlap = 72.5312
PHY-3002 : Step(108): len = 114700, overlap = 70.8125
PHY-3001 : :::5::: Try harder cell spreading with beta_ = 7.87318e-05
PHY-3002 : Step(109): len = 116983, overlap = 62.0312
PHY-3002 : Step(110): len = 116983, overlap = 62.0312
PHY-3002 : Step(111): len = 116338, overlap = 58.3438
PHY-3002 : Step(112): len = 116686, overlap = 56.8125
PHY-3002 : Step(113): len = 117944, overlap = 45.625
PHY-3002 : Step(114): len = 118910, overlap = 44.6875
PHY-3002 : Step(115): len = 119318, overlap = 32.9062
PHY-3002 : Step(116): len = 119143, overlap = 36.2812
PHY-3002 : Step(117): len = 118079, overlap = 36.9062
PHY-3001 : :::6::: Try harder cell spreading with beta_ = 0.000157464
PHY-3002 : Step(118): len = 120571, overlap = 38.3125
PHY-3002 : Step(119): len = 122401, overlap = 43.75
PHY-3002 : Step(120): len = 124701, overlap = 43.5938
PHY-3002 : Step(121): len = 125992, overlap = 40.6562
PHY-3001 : Run with size of 1
PHY-3001 : Cell area utilization is 62%
PHY-3001 : Analyzing congestion ...
RUN-1001 : Generating global routing grids ...
PHY-1001 : Generate routing nets ...
PHY-1001 : Reuse net number 9/5307.
PHY-1001 : Global iterations in 12 thread ...
PHY-1002 : len = 137504, over cnt = 631(5%), over = 3106, worst = 30
PHY-1001 : End global iterations;  0.259094s wall, 0.062500s user + 0.000000s system = 0.062500s CPU (24.1%)

PHY-1001 : Congestion index: top1 = 73.33, top5 = 53.86, top10 = 46.25, top15 = 41.81.
PHY-3001 : End congestion estimation;  0.317169s wall, 0.062500s user + 0.000000s system = 0.062500s CPU (19.7%)

PHY-3001 : Update density targets...
PHY-3001 : Update congestion history...
PHY-3001 : :::0::: Try harder cell spreading with beta_ = 3.71731e-05
PHY-3002 : Step(122): len = 126231, overlap = 199.25
PHY-3002 : Step(123): len = 126983, overlap = 172.375
PHY-3002 : Step(124): len = 123102, overlap = 191.281
PHY-3002 : Step(125): len = 122217, overlap = 190.438
PHY-3002 : Step(126): len = 120963, overlap = 176.406
PHY-3002 : Step(127): len = 119490, overlap = 166.812
PHY-3002 : Step(128): len = 117794, overlap = 182.25
PHY-3002 : Step(129): len = 114827, overlap = 188.75
PHY-3002 : Step(130): len = 113886, overlap = 188
PHY-3002 : Step(131): len = 112133, overlap = 195.688
PHY-3002 : Step(132): len = 111122, overlap = 194.844
PHY-3002 : Step(133): len = 109676, overlap = 178.562
PHY-3002 : Step(134): len = 108938, overlap = 168.844
PHY-3002 : Step(135): len = 108018, overlap = 172.094
PHY-3002 : Step(136): len = 107581, overlap = 172.031
PHY-3002 : Step(137): len = 106351, overlap = 171.125
PHY-3002 : Step(138): len = 106222, overlap = 167.688
PHY-3002 : Step(139): len = 105369, overlap = 179.688
PHY-3002 : Step(140): len = 105372, overlap = 179.812
PHY-3002 : Step(141): len = 104615, overlap = 177.75
PHY-3001 : :::1::: Try harder cell spreading with beta_ = 7.43463e-05
PHY-3002 : Step(142): len = 107563, overlap = 170.844
PHY-3002 : Step(143): len = 108283, overlap = 175.188
PHY-3002 : Step(144): len = 109551, overlap = 176.094
PHY-3001 : :::2::: Try harder cell spreading with beta_ = 0.000134769
PHY-3002 : Step(145): len = 110932, overlap = 167.531
PHY-3002 : Step(146): len = 114483, overlap = 154.062
PHY-3002 : Step(147): len = 117039, overlap = 144.719
PHY-3002 : Step(148): len = 116974, overlap = 143.5
PHY-3002 : Step(149): len = 116873, overlap = 141.312
PHY-3002 : Step(150): len = 116669, overlap = 148.688
PHY-3002 : Step(151): len = 116584, overlap = 148.125
PHY-3002 : Step(152): len = 116460, overlap = 150.406
PHY-3001 : :::3::: Try harder cell spreading with beta_ = 0.000269538
PHY-3002 : Step(153): len = 117616, overlap = 139.406
PHY-3002 : Step(154): len = 118322, overlap = 138.219
PHY-3002 : Step(155): len = 120108, overlap = 132.719
PHY-3002 : Step(156): len = 121140, overlap = 118.688
PHY-3002 : Step(157): len = 121941, overlap = 114.625
PHY-3001 : :::4::: Try harder cell spreading with beta_ = 0.000529173
PHY-3002 : Step(158): len = 122382, overlap = 117.375
PHY-3002 : Step(159): len = 123342, overlap = 116.406
PHY-3002 : Step(160): len = 126271, overlap = 108
PHY-3002 : Step(161): len = 128293, overlap = 103.688
PHY-3002 : Step(162): len = 128693, overlap = 103.25
PHY-3002 : Step(163): len = 128859, overlap = 104.906
PHY-3002 : Step(164): len = 128811, overlap = 107.656
PHY-3001 : :::5::: Try harder cell spreading with beta_ = 0.000989174
PHY-3002 : Step(165): len = 129408, overlap = 105.781
PHY-3002 : Step(166): len = 130639, overlap = 102.156
PHY-3002 : Step(167): len = 131838, overlap = 100.219
PHY-3002 : Step(168): len = 132825, overlap = 98.6875
PHY-3002 : Step(169): len = 133698, overlap = 98.2812
PHY-3002 : Step(170): len = 134247, overlap = 99.5
PHY-3002 : Step(171): len = 134749, overlap = 98.6875
PHY-3002 : Step(172): len = 135609, overlap = 92.3438
PHY-3002 : Step(173): len = 136188, overlap = 89.8125
PHY-3002 : Step(174): len = 136389, overlap = 88.9688
PHY-3002 : Step(175): len = 136414, overlap = 89.125
PHY-3001 : :::6::: Try harder cell spreading with beta_ = 0.00179005
PHY-3002 : Step(176): len = 136776, overlap = 88.2188
PHY-3002 : Step(177): len = 137115, overlap = 88.625
OPT-1001 : Start physical optimization ...
OPT-1001 : Total overflow 88.62 peak overflow 2.00
OPT-1001 : Start high-fanout net optimization ...
OPT-1001 : Update timing in global mode
PHY-1001 : Start incremental global routing, caller is place ...
RUN-1001 : Generating global routing grids ...
PHY-1001 : Generate routing nets ...
PHY-1001 : Reuse net number 106/5307.
PHY-1001 : Global iterations in 12 thread ...
PHY-1002 : len = 156808, over cnt = 775(7%), over = 2902, worst = 24
PHY-1001 : End global iterations;  0.280012s wall, 0.125000s user + 0.000000s system = 0.125000s CPU (44.6%)

PHY-1001 : Congestion index: top1 = 68.61, top5 = 52.61, top10 = 45.26, top15 = 41.28.
PHY-1001 : End incremental global routing;  0.333239s wall, 0.140625s user + 0.000000s system = 0.140625s CPU (42.2%)

RUN-1002 : start command "start_timer -report"
TMR-5001 WARNING: No sdc constraints found while initiating timer.
TMR-2505 : Start building timing graph for model TOP_test.
TMR-2506 : Build timing graph completely. Port num: 15, tpin num: 19383, tnet num: 5305, tinst num: 3756, tnode num: 25030, tedge num: 34211.
TMR-2508 : Levelizing timing graph completed, there are 61 levels in total.
TMR-2501 : Timing graph initialized successfully.
OPT-1001 : End timing update;  0.431594s wall, 0.171875s user + 0.015625s system = 0.187500s CPU (43.4%)

OPT-1001 : 0 high-fanout net processed.
OPT-1001 : End high-fanout net optimization;  0.842650s wall, 0.375000s user + 0.015625s system = 0.390625s CPU (46.4%)

OPT-1001 : Current memory(MB): used = 305, reserve = 279, peak = 305.
OPT-1001 : End physical optimization;  0.879552s wall, 0.390625s user + 0.015625s system = 0.406250s CPU (46.2%)

PHY-3001 : Start packing ...
SYN-4007 : Packing 0 MUX to BLE ...
SYN-4008 : Packed 0 MUX and 0 SEQ to BLE.
SYN-4007 : Packing 1205 LUT to BLE ...
SYN-4008 : Packed 1205 LUT and 676 SEQ to BLE.
SYN-4003 : Packing 821 remaining SEQ's ...
SYN-4005 : Packed 228 SEQ with LUT/SLICE
SYN-4006 : 441 single LUT's are left
SYN-4006 : 593 single SEQ's are left
SYN-4011 : Packing model "TOP_test" (AL_USER_NORMAL) with 1798/2854 primitive instances ...
PHY-3001 : End packing;  0.174944s wall, 0.062500s user + 0.000000s system = 0.062500s CPU (35.7%)

PHY-1001 : Populate physical database on model TOP_test.
RUN-1001 : There are total 2004 instances
RUN-1001 : 981 mslices, 982 lslices, 15 pads, 11 brams, 10 dsps
RUN-1001 : There are total 4716 nets
RUN-1001 : 3387 nets have 2 pins
RUN-1001 : 1051 nets have [3 - 5] pins
RUN-1001 : 112 nets have [6 - 10] pins
RUN-1001 : 118 nets have [11 - 20] pins
RUN-1001 : 42 nets have [21 - 99] pins
RUN-1001 : 6 nets have 100+ pins
PHY-3001 : design contains 2002 instances, 1963 slices, 130 macros(1015 instances: 657 mslices 358 lslices)
PHY-3001 : Cell area utilization is 73%
PHY-3001 : After packing: Len = 137678, Over = 146.75
PHY-3001 : Run with size of 1
PHY-3001 : Cell area utilization is 73%
PHY-3001 : Analyzing congestion ...
RUN-1001 : Generating global routing grids ...
PHY-1001 : Generate routing nets ...
PHY-1001 : Reuse net number 2812/4716.
PHY-1001 : Global iterations in 12 thread ...
PHY-1002 : len = 158632, over cnt = 576(5%), over = 1819, worst = 21
PHY-1002 : len = 165904, over cnt = 363(3%), over = 846, worst = 18
PHY-1002 : len = 173544, over cnt = 86(0%), over = 130, worst = 10
PHY-1002 : len = 174280, over cnt = 2(0%), over = 2, worst = 1
PHY-1002 : len = 174344, over cnt = 0(0%), over = 0, worst = 0
PHY-1001 : End global iterations;  0.487750s wall, 0.140625s user + 0.000000s system = 0.140625s CPU (28.8%)

PHY-1001 : Congestion index: top1 = 54.93, top5 = 46.68, top10 = 41.68, top15 = 38.73.
PHY-3001 : End congestion estimation;  0.553360s wall, 0.140625s user + 0.000000s system = 0.140625s CPU (25.4%)

PHY-3001 : Update density targets...
PHY-3001 : Update congestion history...
PHY-3001 : :::0::: Try harder cell spreading with beta_ = 2.21983e-05
PHY-3002 : Step(178): len = 121431, overlap = 160.25
PHY-3002 : Step(179): len = 117685, overlap = 169.5
PHY-3002 : Step(180): len = 116564, overlap = 177.5
PHY-3002 : Step(181): len = 115352, overlap = 180.5
PHY-3002 : Step(182): len = 113208, overlap = 185.75
PHY-3002 : Step(183): len = 110996, overlap = 173.5
PHY-3002 : Step(184): len = 110392, overlap = 176.5
PHY-3002 : Step(185): len = 109561, overlap = 180.5
PHY-3002 : Step(186): len = 108931, overlap = 182.25
PHY-3002 : Step(187): len = 108703, overlap = 184.25
PHY-3001 : :::1::: Try harder cell spreading with beta_ = 4.43966e-05
PHY-3002 : Step(188): len = 112535, overlap = 164.75
PHY-3002 : Step(189): len = 113888, overlap = 166.25
PHY-3002 : Step(190): len = 115995, overlap = 162.25
PHY-3001 : :::2::: Try harder cell spreading with beta_ = 8.87932e-05
PHY-3002 : Step(191): len = 118411, overlap = 152
PHY-3002 : Step(192): len = 119436, overlap = 148.25
PHY-3002 : Step(193): len = 122764, overlap = 141.75
PHY-3002 : Step(194): len = 124402, overlap = 129.75
PHY-3002 : Step(195): len = 124963, overlap = 132.25
PHY-3002 : Step(196): len = 125163, overlap = 129.5
PHY-3002 : Step(197): len = 125230, overlap = 129.75
PHY-3001 : :::3::: Try harder cell spreading with beta_ = 0.000165748
PHY-3002 : Step(198): len = 126999, overlap = 127.25
PHY-3002 : Step(199): len = 128587, overlap = 123.5
PHY-3002 : Step(200): len = 129927, overlap = 116.25
PHY-3001 : :::4::: Try harder cell spreading with beta_ = 0.000331497
PHY-3002 : Step(201): len = 130761, overlap = 110.5
PHY-3002 : Step(202): len = 132606, overlap = 109.75
PHY-3002 : Step(203): len = 134540, overlap = 110.25
PHY-3002 : Step(204): len = 135008, overlap = 109
PHY-3002 : Step(205): len = 135565, overlap = 110.5
PHY-3002 : Step(206): len = 136365, overlap = 117
PHY-3002 : Step(207): len = 137324, overlap = 110.5
PHY-3002 : Step(208): len = 138030, overlap = 115.5
PHY-3002 : Step(209): len = 138199, overlap = 116.5
PHY-3002 : Step(210): len = 138292, overlap = 116.75
PHY-3002 : Step(211): len = 138322, overlap = 117.5
PHY-3002 : Step(212): len = 138359, overlap = 116.25
PHY-3002 : Step(213): len = 138619, overlap = 116
PHY-3002 : Step(214): len = 138914, overlap = 116.25
PHY-3002 : Step(215): len = 139235, overlap = 115.25
PHY-3001 : Legalization ...
PHY-3001 : End legalization;  0.504308s wall, 0.015625s user + 0.031250s system = 0.046875s CPU (9.3%)

PHY-3001 : Trial Legalized: Len = 149543
PHY-3001 : Run with size of 1
PHY-3001 : Cell area utilization is 71%
PHY-3001 : Analyzing congestion ...
RUN-1001 : Generating global routing grids ...
PHY-1001 : Generate routing nets ...
PHY-1001 : Reuse net number 326/4716.
PHY-1001 : Global iterations in 12 thread ...
PHY-1002 : len = 175512, over cnt = 536(4%), over = 944, worst = 10
PHY-1002 : len = 180232, over cnt = 320(2%), over = 440, worst = 6
PHY-1002 : len = 182800, over cnt = 150(1%), over = 195, worst = 4
PHY-1002 : len = 185504, over cnt = 4(0%), over = 4, worst = 1
PHY-1002 : len = 185728, over cnt = 0(0%), over = 0, worst = 0
PHY-1001 : End global iterations;  0.573326s wall, 0.281250s user + 0.000000s system = 0.281250s CPU (49.1%)

PHY-1001 : Congestion index: top1 = 51.11, top5 = 43.55, top10 = 39.54, top15 = 37.21.
PHY-3001 : End congestion estimation;  0.644226s wall, 0.312500s user + 0.000000s system = 0.312500s CPU (48.5%)

PHY-3001 : Update density targets...
PHY-3001 : Update congestion history...
PHY-3001 : :::0::: Try harder cell spreading with beta_ = 6.09688e-05
PHY-3002 : Step(216): len = 139146, overlap = 60.5
PHY-3002 : Step(217): len = 136291, overlap = 83
PHY-3002 : Step(218): len = 136018, overlap = 80
PHY-3002 : Step(219): len = 136185, overlap = 82.75
PHY-3002 : Step(220): len = 136294, overlap = 80
PHY-3001 : :::1::: Try harder cell spreading with beta_ = 0.000121938
PHY-3002 : Step(221): len = 137495, overlap = 69
PHY-3002 : Step(222): len = 138080, overlap = 67.25
PHY-3002 : Step(223): len = 138684, overlap = 64.25
PHY-3001 : :::2::: Try harder cell spreading with beta_ = 0.000243875
PHY-3002 : Step(224): len = 139893, overlap = 61.75
PHY-3002 : Step(225): len = 140492, overlap = 59
PHY-3002 : Step(226): len = 141598, overlap = 57.75
PHY-3001 : Legalization ...
PHY-3001 : End legalization;  0.005433s wall, 0.000000s user + 0.000000s system = 0.000000s CPU (n/a%)

PHY-3001 : Legalized: Len = 143764, Over = 0
PHY-3001 : End spreading;  0.009231s wall, 0.000000s user + 0.000000s system = 0.000000s CPU (n/a%)

PHY-3001 : Final: Len = 143764, Over = 0
RUN-1003 : finish command "place" in  10.939865s wall, 3.890625s user + 0.640625s system = 4.531250s CPU (41.4%)

RUN-1004 : used memory is 286 MB, reserved memory is 260 MB, peak memory is 306 MB
RUN-1002 : start command "export_db FOC_Controller_place.db"
RUN-1001 : Exported /
RUN-1001 : Exported flow parameters
RUN-1001 : Exported libs
RUN-1001 : Exported entities
RUN-1001 : Exported ports
RUN-1001 : Exported pins
RUN-1001 : Exported instances
RUN-1001 : Exported nets
RUN-1001 : Exported buses
RUN-1001 : Exported models
RUN-1001 : Exported congestions
RUN-1001 : Exported violations
RUN-1001 : Exported IO constraints
RUN-1001 : Exported Inst constraints
RUN-1003 : finish command "export_db FOC_Controller_place.db" in  1.081054s wall, 0.671875s user + 0.015625s system = 0.687500s CPU (63.6%)

RUN-1004 : used memory is 276 MB, reserved memory is 252 MB, peak memory is 361 MB
RUN-1002 : start command "route"
RUN-1001 : Open license file D:/Anlogic/TD5.6.2/license/Anlogic.lic
RUN-1001 : Print Global Property
RUN-1001 : ---------------------------------------------------------------
RUN-1001 :        Parameters        |  Settings  |  Default Values  |  Note  
RUN-1001 : ---------------------------------------------------------------
RUN-1001 :          message         |  standard  |     standard     |        
RUN-1001 :   mixed_pack_place_flow  |     on     |        on        |        
RUN-1001 :        qor_monitor       |    off     |       off        |        
RUN-1001 :        syn_ip_flow       |    off     |       off        |        
RUN-1001 :          thread          |    auto    |       auto       |        
RUN-1001 : ---------------------------------------------------------------
RUN-1001 : Print Route Property
RUN-1001 : -------------------------------------------------------
RUN-1001 :    Parameters    |  Settings  |  Default Values  |  Note  
RUN-1001 : -------------------------------------------------------
RUN-1001 :      effort      |   medium   |      medium      |        
RUN-1001 :     fix_hold     |    off     |       off        |        
RUN-1001 :    opt_timing    |   medium   |      medium      |        
RUN-1001 :   phy_sim_model  |    off     |       off        |        
RUN-1001 :     priority     |   timing   |      timing      |        
RUN-1001 :     swap_pin     |     on     |        on        |        
RUN-1001 : -------------------------------------------------------
PHY-1001 : Route runs in 12 thread(s)
RUN-1001 : There are total 2004 instances
RUN-1001 : 981 mslices, 982 lslices, 15 pads, 11 brams, 10 dsps
RUN-1001 : There are total 4716 nets
RUN-1001 : 3387 nets have 2 pins
RUN-1001 : 1051 nets have [3 - 5] pins
RUN-1001 : 112 nets have [6 - 10] pins
RUN-1001 : 118 nets have [11 - 20] pins
RUN-1001 : 42 nets have [21 - 99] pins
RUN-1001 : 6 nets have 100+ pins
RUN-1002 : start command "start_timer -report"
TMR-5001 WARNING: No sdc constraints found while initiating timer.
TMR-2505 : Start building timing graph for model TOP_test.
TMR-2506 : Build timing graph completely. Port num: 15, tpin num: 16356, tnet num: 4714, tinst num: 2002, tnode num: 20195, tedge num: 30301.
TMR-2508 : Levelizing timing graph completed, there are 59 levels in total.
TMR-2501 : Timing graph initialized successfully.
PHY-1001 : 981 mslices, 982 lslices, 15 pads, 11 brams, 10 dsps
TMR-2503 : Start to update net delay, extr mode = 3.
TMR-2504 : Update delay of 4714 nets completely.
TMR-2502 : Annotate delay completely, extr mode = 3.
TMR-3002 : No user constraint, initiate default constraint.
TMR-1501 : Assign derive clock DeriveClock to 1722 clock pins, and constraint 3837 relative nodes.
TMR-3003 : Constraints initiated successfully.
TMR-3501 : Forward propagation: start to calculate arrival time...
TMR-3502 : Backward propagation: start to calculate required time...
TMR-3503 : Timing propagation completes.
PHY-1001 : Start global routing, caller is route ...
RUN-1001 : Generating global routing grids ...
PHY-1001 : Generate routing nets ...
PHY-1001 : Global iterations in 12 thread ...
PHY-1002 : len = 166232, over cnt = 544(4%), over = 999, worst = 9
PHY-1002 : len = 171440, over cnt = 327(2%), over = 485, worst = 9
PHY-1002 : len = 175424, over cnt = 87(0%), over = 124, worst = 9
PHY-1002 : len = 177272, over cnt = 5(0%), over = 5, worst = 1
PHY-1002 : len = 177560, over cnt = 0(0%), over = 0, worst = 0
PHY-1001 : End global iterations;  0.581487s wall, 0.343750s user + 0.000000s system = 0.343750s CPU (59.1%)

PHY-1001 : Congestion index: top1 = 54.58, top5 = 43.12, top10 = 38.91, top15 = 36.59.
PHY-1001 : End global routing;  0.658137s wall, 0.359375s user + 0.000000s system = 0.359375s CPU (54.6%)

PHY-1001 : Start detail routing ...
PHY-1001 : Current memory(MB): used = 352, reserve = 327, peak = 361.
PHY-1001 : Detailed router is running in normal mode.
PHY-1001 : Generate detailed routing grids ...
PHY-1001 : Generate nets ...
PHY-1001 : net I_clk_25m_dup_1 will be routed on clock mesh
PHY-1001 : clock net u_pll/clk0_out will be merged with clock u_pll/clk0_buf
PHY-1001 : net u_foc_controller/u_adc_ad7928/clk will be routed on clock mesh
PHY-1001 : Current memory(MB): used = 437, reserve = 413, peak = 437.
PHY-1001 : End build detailed router design. 1.865385s wall, 0.687500s user + 0.000000s system = 0.687500s CPU (36.9%)

PHY-1001 : Detail Route ...
PHY-1001 : ===== Detail Route Phase 1 =====
PHY-1001 : Clock net routing.....
PHY-1001 : Routed 0% nets.
PHY-1022 : len = 32336, over cnt = 0(0%), over = 0, worst = 0, crit = 0
PHY-1001 : End initial clock net routed; 0.121580s wall, 0.031250s user + 0.000000s system = 0.031250s CPU (25.7%)

PHY-1001 : Current memory(MB): used = 448, reserve = 425, peak = 448.
PHY-1001 : End phase 1; 0.123355s wall, 0.031250s user + 0.000000s system = 0.031250s CPU (25.3%)

PHY-1001 : ===== Detail Route Phase 2 =====
PHY-1001 : Initial routing.....
PHY-1001 : Routed 32% nets.
PHY-1001 : Routed 38% nets.
PHY-1001 : Routed 49% nets.
PHY-1001 : Routed 60% nets.
PHY-1001 : Routed 80% nets.
PHY-1022 : len = 401088, over cnt = 249(0%), over = 249, worst = 1, crit = 0
PHY-1001 : Current memory(MB): used = 449, reserve = 425, peak = 449.
PHY-1001 : End initial routed; 3.084448s wall, 1.484375s user + 0.046875s system = 1.531250s CPU (49.6%)

PHY-1001 : Current memory(MB): used = 449, reserve = 425, peak = 449.
PHY-1001 : End phase 2; 3.084504s wall, 1.484375s user + 0.046875s system = 1.531250s CPU (49.6%)

PHY-1001 : ===== Detail Route Phase 3 =====
PHY-1001 : Ripup-reroute.....
PHY-1001 : ===== DR Iter 1 =====
PHY-1022 : len = 398240, over cnt = 59(0%), over = 59, worst = 1, crit = 0
PHY-1001 : End DR Iter 1; 0.228068s wall, 0.109375s user + 0.000000s system = 0.109375s CPU (48.0%)

PHY-1001 : ===== DR Iter 2 =====
PHY-1022 : len = 398608, over cnt = 3(0%), over = 3, worst = 1, crit = 0
PHY-1001 : End DR Iter 2; 0.086460s wall, 0.031250s user + 0.000000s system = 0.031250s CPU (36.1%)

PHY-1001 : ===== DR Iter 3 =====
PHY-1022 : len = 398648, over cnt = 0(0%), over = 0, worst = 0, crit = 0
PHY-1001 : End DR Iter 3; 0.033592s wall, 0.000000s user + 0.000000s system = 0.000000s CPU (n/a%)

PHY-1001 : Commit to database.....
PHY-5014 WARNING: Detail route doesn't find pib for u_pll/pll_inst.frac_offset_valid[0]
PHY-5014 WARNING: Detail route doesn't find pib for u_pll/pll_inst.ssc_en[0]
PHY-5014 WARNING: Detail route doesn't find pib for u_pll/pll_inst.dsm_rst[0]
PHY-5014 WARNING: Detail route doesn't find pib for u_pll/pll_inst.dsm_refclk[0]
PHY-1001 : 24 feed throughs used by 22 nets
PHY-1001 : End commit to database; 0.561857s wall, 0.187500s user + 0.000000s system = 0.187500s CPU (33.4%)

PHY-1001 : Current memory(MB): used = 475, reserve = 452, peak = 475.
PHY-1001 : End phase 3; 0.971434s wall, 0.359375s user + 0.000000s system = 0.359375s CPU (37.0%)

PHY-1003 : Routed, final wirelength = 398648
PHY-1001 : Current memory(MB): used = 476, reserve = 453, peak = 476.
PHY-1001 : End export database. 0.011686s wall, 0.000000s user + 0.000000s system = 0.000000s CPU (n/a%)

PHY-1001 : End detail routing;  6.182155s wall, 2.593750s user + 0.046875s system = 2.640625s CPU (42.7%)

RUN-1003 : finish command "route" in  7.525090s wall, 3.265625s user + 0.093750s system = 3.359375s CPU (44.6%)

RUN-1004 : used memory is 407 MB, reserved memory is 388 MB, peak memory is 476 MB
RUN-1002 : start command "report_area -io_info -file FOC_Controller_phy.area"
RUN-1001 : standard
***Report Model: TOP_test Device: SF1S60CG121I***

IO Statistics
#IO                        15
  #input                    6
  #output                   8
  #inout                    1

Utilization Statistics
#lut                     3247   out of   5824   55.75%
#reg                     1509   out of   5824   25.91%
#le                      3840
  #lut only              2331   out of   3840   60.70%
  #reg only               593   out of   3840   15.44%
  #lut&reg                916   out of   3840   23.85%
#dsp                       10   out of     10  100.00%
#bram                      11   out of     26   42.31%
  #bram9k                  11
  #fifo9k                   0
#hard-ip                    0
  #mcu                      0   out of      1    0.00%
  #dsc                      0   out of      1    0.00%
  #dsi                      0   out of      2    0.00%
  #psram controller         0   out of      2    0.00%
#pad                       15   out of     55   27.27%
  #ireg                     1
  #oreg                     9
  #treg                     1
#pll                        1   out of      2   50.00%
#gclk                       1   out of     16    6.25%

Clock Resource Statistics
Index     ClockNet                             Type               DriverType         Driver                  Fanout
#1        u_foc_controller/u_adc_ad7928/clk    GCLK               pll                u_pll/pll_inst.clkc1    861
#2        I_clk_25m_dup_1                      GeneralRouting     io                 I_clk_25m_syn_2.di      1


Detailed IO Report

     Name       Direction    Location    IOStandard    DriveStrength    PullType     PackReg   
  I_clk_25m       INPUT         D7        LVCMOS18          N/A          PULLUP       NONE     
   I_hall_u       INPUT        G10        LVCMOS18          N/A          PULLUP       NONE     
   I_hall_v       INPUT        H11        LVCMOS18          N/A          PULLUP       NONE     
   I_hall_w       INPUT        H10        LVCMOS18          N/A          PULLUP       NONE     
    I_rstn        INPUT         J2        LVCMOS18          N/A          PULLUP       NONE     
  I_spi_miso      INPUT         B9        LVCMOS18          N/A          PULLUP       IREG     
  O_i2c_scl      OUTPUT         G3        LVCMOS18           8            NONE        OREG     
   O_pwm_a       OUTPUT        C10        LVCMOS18           8            NONE        OREG     
   O_pwm_b       OUTPUT        C11        LVCMOS18           8            NONE        OREG     
   O_pwm_c       OUTPUT        E11        LVCMOS18           8            NONE        OREG     
   O_pwm_en      OUTPUT        F11        LVCMOS18           8            NONE        OREG     
  O_spi_mosi     OUTPUT         B8        LVCMOS18           8            NONE        OREG     
  O_spi_sck      OUTPUT         A9        LVCMOS18           8            NONE        OREG     
   O_spi_ss      OUTPUT         A8        LVCMOS18           8            NONE        OREG     
  IO_i2c_sda      INOUT         H3        LVCMOS18           8           PULLUP     OREG;TREG  

Report Hierarchy Area:
+------------------------------------------------------------------------------------------------+
|Instance                |Module            |le     |lut     |ripple  |seq     |bram    |dsp     |
+------------------------------------------------------------------------------------------------+
|top                     |TOP_test          |3840   |2232    |1015    |1520    |11      |10      |
|  u_foc_controller      |foc_controller    |3840   |2232    |1015    |1509    |11      |10      |
|    u_adc_ad7928        |adc_ad7928        |132    |66      |28      |74      |0       |0       |
|    u_as5600_encoder    |as5600_encoder    |253    |164     |87      |39      |0       |0       |
|      u_as5600_read     |i2c_register_read |253    |164     |87      |39      |0       |0       |
|    u_foc_top           |foc_top           |2926   |1815    |824     |1029    |11      |10      |
|      u_adc_sn_ctrl     |hold_detect       |17     |13      |4       |11      |0       |0       |
|      u_cartesian2polar |cartesian2polar   |597    |497     |98      |204     |8       |0       |
|      u_clark_tr        |clark_tr          |164    |46      |44      |95      |0       |0       |
|      u_id_pi           |pi_controller     |570    |310     |207     |168     |0       |3       |
|      u_iq_pi           |pi_controller     |758    |402     |301     |200     |0       |3       |
|      u_park_tr         |park_tr           |215    |159     |44      |85      |2       |4       |
|        u_sincos        |sincos            |159    |133     |26      |62      |2       |0       |
|      u_svpwm           |svpwm             |484    |329     |101     |193     |1       |0       |
|    u_hall_encoder      |hall_encoder      |527    |185     |76      |366     |0       |0       |
|  u_pll                 |pll               |0      |0       |0       |0       |0       |0       |
+------------------------------------------------------------------------------------------------+


DataNet Average Fanout:

   Index     Fanout     Nets  
    #1          1       3370  
    #2          2       532   
    #3          3       455   
    #4          4        64   
    #5        5-10      135   
    #6        11-50     132   
    #7       51-100      5    
    #8       101-500     3    
  Average     2.29            

RUN-1002 : start command "export_db FOC_Controller_pr.db"
RUN-1001 : Exported /
RUN-1001 : Exported flow parameters
RUN-1001 : Exported libs
RUN-1001 : Exported entities
RUN-1001 : Exported ports
RUN-1001 : Exported pins
RUN-1001 : Exported instances
RUN-1001 : Exported nets
RUN-1001 : Exported buses
RUN-1001 : Exported models
RUN-1001 : Exported congestions
RUN-1001 : Exported violations
RUN-1001 : Exported IO constraints
RUN-1001 : Exported Inst constraints
RUN-1003 : finish command "export_db FOC_Controller_pr.db" in  1.192799s wall, 0.984375s user + 0.000000s system = 0.984375s CPU (82.5%)

RUN-1004 : used memory is 409 MB, reserved memory is 391 MB, peak memory is 485 MB
RUN-1002 : start command "export_bid FOC_Controller_inst.bid"
PRG-1000 : <!-- HMAC is: 6b861322dd0de563203fbe03c30b788e711c277bbb67479877cd6350b45f30ee -->
RUN-1002 : start command "bitgen -bit FOC_Controller.bit"
BIT-1003 : Start to generate bitstream. 
BIT-1002 : Init instances with 12 threads.
BIT-1002 : Init instances completely, inst num: 2002
BIT-1002 : Init pips with 12 threads.
BIT-1002 : Init pips completely, net num: 4716, pip num: 35414
BIT-1002 : Init feedthrough with 12 threads.
BIT-1002 : Init feedthrough completely, num: 24
BIT-1003 : Multithreading accelaration with 12 threads.
BIT-1003 : Generate bitstream completely, there are 1062 valid insts, and 109557 bits set as '1'.
BIT-1004 : the usercode register value: 00000000110001010000000000000000
BIT-1004 : Generate bits file FOC_Controller.bit.
RUN-1003 : finish command "bitgen -bit FOC_Controller.bit" in  3.179972s wall, 22.515625s user + 0.140625s system = 22.656250s CPU (712.5%)

RUN-1004 : used memory is 415 MB, reserved memory is 396 MB, peak memory is 591 MB
RUN-1002 : start command "backup_run_log run.log ../.logs/phy_1/td_20231108_131719.log"
