============================================================
   Tang Dynasty, V5.6.71036
      Copyright (c) 2012-2023 Anlogic Inc.
   Executable = D:/Anlogic/TD5.6.2/bin/td.exe
   Built at =   20:34:38 Mar 21 2023
   Run by =     15597
   Run Date =   Sat Nov 11 23:35:00 2023

   Run on =     XR097-DELL-G7
============================================================
RUN-1002 : start command "open_project FOC_Controller.prj"
RUN-1001 : Print Global Property
RUN-1001 : ---------------------------------------------------------------
RUN-1001 :        Parameters        |  Settings  |  Default Values  |  Note  
RUN-1001 : ---------------------------------------------------------------
RUN-1001 :          message         |  standard  |     standard     |        
RUN-1001 :   mixed_pack_place_flow  |     on     |        on        |        
RUN-1001 :        qor_monitor       |    off     |       off        |        
RUN-1001 :        syn_ip_flow       |    off     |       off        |        
RUN-1001 :          thread          |    auto    |       auto       |        
RUN-1001 : ---------------------------------------------------------------
RUN-1001 : Print Design Property
RUN-1001 : --------------------------------------------------------------
RUN-1001 :        Parameters       |  Settings  |  Default Values  |  Note  
RUN-1001 : --------------------------------------------------------------
RUN-1001 :   default_reg_initial   |    auto    |       auto       |        
RUN-1001 :        infer_add        |     on     |        on        |        
RUN-1001 :        infer_fsm        |    off     |       off        |        
RUN-1001 :        infer_mult       |     on     |        on        |        
RUN-1001 :        infer_ram        |     on     |        on        |        
RUN-1001 :        infer_reg        |     on     |        on        |        
RUN-1001 :   infer_reg_init_value  |     on     |        on        |        
RUN-1001 :        infer_rom        |     on     |        on        |        
RUN-1001 :      infer_shifter      |     on     |        on        |        
RUN-1001 : --------------------------------------------------------------
RUN-1001 : Print Rtl Property
RUN-1001 : --------------------------------------------------------------
RUN-1001 :        Parameters       |  Settings  |  Default Values  |  Note  
RUN-1001 : --------------------------------------------------------------
RUN-1001 :       compress_add      |   ripple   |      ripple      |        
RUN-1001 :        elf_sload        |    off     |       off        |        
RUN-1001 :       fix_undriven      |     0      |        0         |        
RUN-1001 :         flatten         |    off     |       off        |        
RUN-1001 :       gate_sharing      |     on     |        on        |        
RUN-1001 :    hdl_warning_level    |   normal   |      normal      |        
RUN-1001 :   impl_internal_tribuf  |     on     |        on        |        
RUN-1001 :      impl_set_reset     |     on     |        on        |        
RUN-1001 :        infer_gsr        |    off     |       off        |        
RUN-1001 :      keep_hierarchy     |    auto    |       auto       |        
RUN-1001 :        max_fanout       |    9999    |       9999       |        
RUN-1001 :      max_oh2bin_len     |     10     |        10        |        
RUN-1001 :       merge_equal       |     on     |        on        |        
RUN-1001 :       merge_equiv       |     on     |        on        |        
RUN-1001 :        merge_mux        |    off     |       off        |        
RUN-1001 :     min_control_set     |     8      |        8         |        
RUN-1001 :      min_ripple_len     |    auto    |       auto       |        
RUN-1001 :       oh2bin_ratio      |    0.08    |       0.08       |        
RUN-1001 :     opt_adder_fanout    |     on     |        on        |        
RUN-1001 :        opt_arith        |     on     |        on        |        
RUN-1001 :       opt_big_gate      |    off     |       off        |        
RUN-1001 :        opt_const        |     on     |        on        |        
RUN-1001 :      opt_const_mult     |     on     |        on        |        
RUN-1001 :       opt_lessthan      |     on     |        on        |        
RUN-1001 :         opt_mux         |    off     |       off        |        
RUN-1001 :         opt_ram         |    high    |       high       |        
RUN-1001 :      rtl_sim_model      |    off     |       off        |        
RUN-1001 :         seq_syn         |     on     |        on        |        
RUN-1001 : --------------------------------------------------------------
HDL-1007 : analyze verilog file ../../al_ip/pll.v
HDL-1007 : undeclared symbol 'open', assumed default net type 'wire' in ../../al_ip/pll.v(88)
HDL-1007 : analyze verilog file ../../al_ip/MCU.v
HDL-1007 : analyze verilog file ../../RTL/adc_ad7928.v
HDL-1007 : analyze verilog file ../../RTL/foc/cartesian2polar.v
HDL-1007 : analyze verilog file ../../RTL/foc/clark_tr.v
HDL-1007 : analyze verilog file ../../RTL/foc/foc_top.v
HDL-1007 : analyze verilog file ../../RTL/foc/hold_detect.v
HDL-1007 : analyze verilog file ../../RTL/foc/park_tr.v
HDL-1007 : analyze verilog file ../../RTL/foc/pi_controller.v
HDL-1007 : analyze verilog file ../../RTL/foc/sincos.v
HDL-1007 : analyze verilog file ../../RTL/foc/svpwm.v
HDL-1007 : analyze verilog file ../../RTL/fpga_top.v
HDL-1007 : analyze verilog file ../../RTL/i2c_register_read.v
HDL-1007 : analyze verilog file ../../TOP.v
HDL-1007 : analyze verilog file ../../AS5600_sensor.v
HDL-1007 : analyze verilog file ../../ahb_foc_controller.v
RUN-1001 : Project manager successfully analyzed 16 source files.
RUN-1002 : start command "import_device sf1_6.db -package SF1S60CG121I"
ARC-1001 : Device Initialization.
ARC-1001 : -------------------------------------------------
ARC-1001 :       OPTION       |      IO       |   SETTING   
ARC-1001 : -------------------------------------------------
ARC-1001 :        done        |      B4       |    gpio    
ARC-1001 :        initn       |      A5       |    gpio    
ARC-1001 :       jtagen       |      B7       |    gpio    
ARC-1001 :      programn      |      B5       |  dedicate  
ARC-1001 :   tdi/tms/tck/tdo  |  C4/A6/A7/C5  |  dedicate  
ARC-1001 : -------------------------------------------------
ARC-1004 : Device setting, marked 5 dedicate IOs in total.
RUN-1002 : start command "import_db ../syn_1/FOC_Controller_gate.db"
RUN-1001 : Importing database generated by Tang Dynasty, V5.6.71036.
RUN-1001 : Database version number 46146.
RUN-1001 : Import flow parameters
RUN-1001 : Import IO constraints
RUN-1001 : Import Inst constraints
RUN-1001 : Import design success TD_VERSION=5.6.71036 , DB_VERSION=46146
RUN-1002 : start command "place"
RUN-1001 : Open license file D:/Anlogic/TD5.6.2/license/Anlogic.lic
RUN-1001 : Print Global Property
RUN-1001 : ---------------------------------------------------------------
RUN-1001 :        Parameters        |  Settings  |  Default Values  |  Note  
RUN-1001 : ---------------------------------------------------------------
RUN-1001 :          message         |  standard  |     standard     |        
RUN-1001 :   mixed_pack_place_flow  |     on     |        on        |        
RUN-1001 :        qor_monitor       |    off     |       off        |        
RUN-1001 :        syn_ip_flow       |    off     |       off        |        
RUN-1001 :          thread          |    auto    |       auto       |        
RUN-1001 : ---------------------------------------------------------------
RUN-1001 : Print Place Property
RUN-1001 : --------------------------------------------------------------
RUN-1001 :        Parameters       |  Settings  |  Default Values  |  Note  
RUN-1001 : --------------------------------------------------------------
RUN-1001 :      detailed_place     |     on     |        on        |        
RUN-1001 :          effort         |   medium   |      medium      |        
RUN-1001 :         fix_hold        |    off     |       off        |        
RUN-1001 :       legalization      |    ori     |       ori        |        
RUN-1001 :      new_spreading      |     on     |        on        |        
RUN-1001 :        opt_timing       |   medium   |      medium      |        
RUN-1001 :   post_clock_route_opt  |    off     |       off        |        
RUN-1001 :       pr_strategy       |     1      |        1         |        
RUN-1001 :        relaxation       |    1.00    |       1.00       |        
RUN-1001 :         retiming        |    off     |       off        |        
RUN-1001 : --------------------------------------------------------------
PHY-3001 : Placer runs in 12 thread(s).
RUN-1002 : start command "legalize_phy_inst"
SYN-1011 : Flatten model fpga_top
SYN-5055 WARNING: The kept net u_mcu/hsize_int[2] will be merged to another kept net u_ahb_foc_controller/I_ahb_hsize[2]
SYN-5055 WARNING: The kept net u_mcu/hsize_int[1] will be merged to another kept net u_ahb_foc_controller/I_ahb_hsize[1]
SYN-5055 WARNING: The kept net u_mcu/hsize_int[0] will be merged to another kept net u_ahb_foc_controller/I_ahb_hsize[0]
SYN-5055 WARNING: The kept net u_mcu/hrdata[31] will be merged to another kept net u_ahb_foc_controller/O_ahb_hrdata[31]
SYN-5055 WARNING: The kept net u_mcu/hrdata[30] will be merged to another kept net u_ahb_foc_controller/O_ahb_hrdata[30]
SYN-5055 WARNING: The kept net u_mcu/hrdata[29] will be merged to another kept net u_ahb_foc_controller/O_ahb_hrdata[29]
SYN-5055 WARNING: The kept net u_mcu/hrdata[28] will be merged to another kept net u_ahb_foc_controller/O_ahb_hrdata[28]
SYN-5055 WARNING: The kept net u_mcu/hrdata[27] will be merged to another kept net u_ahb_foc_controller/O_ahb_hrdata[27]
SYN-5055 WARNING: The kept net u_mcu/hrdata[26] will be merged to another kept net u_ahb_foc_controller/O_ahb_hrdata[26]
SYN-5055 WARNING: The kept net u_mcu/hrdata[25] will be merged to another kept net u_ahb_foc_controller/O_ahb_hrdata[25]
SYN-5055 Similar messages will be suppressed.
RUN-1002 : start command "phys_opt -simplify_lut"
SYN-4016 : Net u_mcu/hclk driven by BUFG (1094 clock/control pins, 1 other pins).
SYN-4027 : Net u_ahb_foc_controller/u_foc_controller/u_adc_ad7928/clk is clkc1 of pll u_pll/pll_inst.
SYN-4019 : Net I_clk_25m_dup_1 is refclk of pll u_pll/pll_inst.
SYN-4020 : Net I_clk_25m_dup_1 is fbclk of pll u_pll/pll_inst.
SYN-4024 : Net "u_ahb_foc_controller/u_foc_controller/S_angle_velocity_clk" drives clk pins.
SYN-4024 : Net "u_ahb_foc_controller/u_foc_controller/S_angle_position_clk" drives clk pins.
SYN-4024 : Net "u_ahb_foc_controller/u_foc_controller/u_foc_top/O_init_done" drives clk pins.
SYN-4025 : Tag rtl::Net I_clk_25m_dup_1 as clock net
SYN-4025 : Tag rtl::Net u_ahb_foc_controller/u_foc_controller/S_angle_position_clk as clock net
SYN-4025 : Tag rtl::Net u_ahb_foc_controller/u_foc_controller/S_angle_velocity_clk as clock net
SYN-4025 : Tag rtl::Net u_ahb_foc_controller/u_foc_controller/u_adc_ad7928/clk as clock net
SYN-4025 : Tag rtl::Net u_ahb_foc_controller/u_foc_controller/u_foc_top/O_init_done as clock net
SYN-4025 : Tag rtl::Net u_mcu/hclk as clock net
SYN-4026 : Tagged 6 rtl::Net as clock net
SYN-4015 : Create BUFG instance for clk Net u_ahb_foc_controller/u_foc_controller/S_angle_velocity_clk to drive 156 clock pins.
SYN-4015 : Create BUFG instance for clk Net u_ahb_foc_controller/u_foc_controller/S_angle_position_clk to drive 24 clock pins.
SYN-4015 : Create BUFG instance for clk Net u_ahb_foc_controller/u_foc_controller/u_foc_top/O_init_done to drive 12 clock pins.
PHY-1001 : Populate physical database on model fpga_top.
RUN-1001 : There are total 4699 instances
RUN-0007 : 1750 luts, 2236 seqs, 423 mslices, 233 lslices, 27 pads, 11 brams, 10 dsps
RUN-1001 : There are total 5914 nets
RUN-6004 WARNING: There are 3 nets with only 1 pin.
RUN-1001 : 4308 nets have 2 pins
RUN-1001 : 1248 nets have [3 - 5] pins
RUN-1001 : 154 nets have [6 - 10] pins
RUN-1001 : 90 nets have [11 - 20] pins
RUN-1001 : 100 nets have [21 - 99] pins
RUN-1001 : 11 nets have 100+ pins
RUN-1001 : Report Control nets information:
RUN-1001 : DFF Distribution
RUN-1001 : ----------------------------------
RUN-1001 :   CE   |  SSR  |  ASR  |  DFF Count  
RUN-1001 : ----------------------------------
RUN-1001 :   No   |  No   |  No   |     74      
RUN-1001 :   No   |  No   |  Yes  |     675     
RUN-1001 :   No   |  Yes  |  No   |      9      
RUN-1001 :   Yes  |  No   |  No   |     57      
RUN-1001 :   Yes  |  No   |  Yes  |    1421     
RUN-1001 :   Yes  |  Yes  |  No   |      0      
RUN-1001 : ----------------------------------
RUN-0007 : Control Group Statistic
RUN-0007 : ---------------------------
RUN-0007 :   #CLK  |  #CE  |  #SSR/ASR  
RUN-0007 : ---------------------------
RUN-0007 :    5    |  52   |     4      
RUN-0007 : ---------------------------
RUN-0007 : Control Set = 60
PHY-3001 : Initial placement ...
PHY-3001 : design contains 4697 instances, 1750 luts, 2236 seqs, 656 slices, 109 macros(656 instances: 423 mslices 233 lslices)
PHY-3001 : Huge net I_rstn_dup_3 with 1602 pins
PHY-0007 : Cell area utilization is 52%
PHY-3001 : Global placement ...
PHY-3001 : Initial: Len = 778032
PHY-3001 : Run with size of 3
PHY-3001 : Cell area utilization is 52%
PHY-3001 : :::0::: Try harder cell spreading with beta_ = 0
PHY-3002 : Step(1): len = 525749, overlap = 67.4062
PHY-3002 : Step(2): len = 497034, overlap = 86.3125
PHY-3002 : Step(3): len = 353134, overlap = 95.125
PHY-3002 : Step(4): len = 308073, overlap = 124.312
PHY-3002 : Step(5): len = 277129, overlap = 132.562
PHY-3002 : Step(6): len = 239359, overlap = 131.625
PHY-3002 : Step(7): len = 220005, overlap = 127.094
PHY-3002 : Step(8): len = 203712, overlap = 146.938
PHY-3002 : Step(9): len = 187086, overlap = 162.219
PHY-3002 : Step(10): len = 167732, overlap = 176.5
PHY-3002 : Step(11): len = 157906, overlap = 199.812
PHY-3002 : Step(12): len = 144091, overlap = 205
PHY-3002 : Step(13): len = 135471, overlap = 210.906
PHY-3002 : Step(14): len = 130326, overlap = 219.156
PHY-3001 : :::1::: Try harder cell spreading with beta_ = 9.19615e-06
PHY-3002 : Step(15): len = 128798, overlap = 212.875
PHY-3002 : Step(16): len = 129261, overlap = 211.594
PHY-3002 : Step(17): len = 131640, overlap = 199.875
PHY-3002 : Step(18): len = 134981, overlap = 187.625
PHY-3002 : Step(19): len = 132270, overlap = 172.281
PHY-3002 : Step(20): len = 131498, overlap = 157.906
PHY-3002 : Step(21): len = 131741, overlap = 152.812
PHY-3002 : Step(22): len = 131647, overlap = 159
PHY-3002 : Step(23): len = 129329, overlap = 160.469
PHY-3002 : Step(24): len = 129621, overlap = 146.156
PHY-3002 : Step(25): len = 126498, overlap = 138.906
PHY-3002 : Step(26): len = 124727, overlap = 135.188
PHY-3002 : Step(27): len = 123867, overlap = 140.188
PHY-3002 : Step(28): len = 123945, overlap = 138.531
PHY-3002 : Step(29): len = 122880, overlap = 125.5
PHY-3002 : Step(30): len = 120283, overlap = 127.844
PHY-3002 : Step(31): len = 120040, overlap = 124.562
PHY-3002 : Step(32): len = 119430, overlap = 117.469
PHY-3002 : Step(33): len = 119051, overlap = 114.219
PHY-3002 : Step(34): len = 118712, overlap = 114.375
PHY-3002 : Step(35): len = 118733, overlap = 105.469
PHY-3001 : :::2::: Try harder cell spreading with beta_ = 1.83923e-05
PHY-3002 : Step(36): len = 118735, overlap = 108.562
PHY-3002 : Step(37): len = 119142, overlap = 110.781
PHY-3002 : Step(38): len = 119723, overlap = 111
PHY-3001 : Legalization ...
PHY-3001 : End legalization;  0.010893s wall, 0.000000s user + 0.015625s system = 0.015625s CPU (143.4%)

PHY-3001 : Run with size of 3
PHY-3001 : Cell area utilization is 59%
PHY-3001 : Analyzing congestion ...
RUN-1001 : Generating global routing grids ...
RUN-1001 : Building simple global routing graph ...
PHY-1001 : Generate routing nets ...
PHY-1001 : Reuse net number 0/5914.
PHY-1001 : Global iterations in 12 thread ...
PHY-1002 : len = 165176, over cnt = 792(7%), over = 4752, worst = 37
PHY-1001 : End global iterations;  0.393239s wall, 0.093750s user + 0.015625s system = 0.109375s CPU (27.8%)

PHY-1001 : Congestion index: top1 = 138.40, top5 = 96.63, top10 = 77.18, top15 = 67.24.
PHY-3001 : End congestion estimation;  0.463894s wall, 0.125000s user + 0.015625s system = 0.140625s CPU (30.3%)

PHY-3001 : Update density targets...
PHY-3001 : Update congestion history...
PHY-3001 : :::0::: Try harder cell spreading with beta_ = 1.33755e-06
PHY-3002 : Step(39): len = 133941, overlap = 161.188
PHY-3002 : Step(40): len = 133239, overlap = 174.062
PHY-3002 : Step(41): len = 127984, overlap = 194.156
PHY-3002 : Step(42): len = 126723, overlap = 208.5
PHY-3002 : Step(43): len = 123657, overlap = 221.156
PHY-3002 : Step(44): len = 118094, overlap = 241.562
PHY-3002 : Step(45): len = 115997, overlap = 240.156
PHY-3002 : Step(46): len = 112060, overlap = 239.531
PHY-3002 : Step(47): len = 111049, overlap = 252.188
PHY-3002 : Step(48): len = 109496, overlap = 252.188
PHY-3002 : Step(49): len = 107339, overlap = 255.812
PHY-3002 : Step(50): len = 106887, overlap = 257.344
PHY-3002 : Step(51): len = 105661, overlap = 262.25
PHY-3002 : Step(52): len = 105434, overlap = 262.219
PHY-3002 : Step(53): len = 104391, overlap = 263.062
PHY-3002 : Step(54): len = 103813, overlap = 261.688
PHY-3002 : Step(55): len = 103112, overlap = 260.406
PHY-3001 : :::1::: Try harder cell spreading with beta_ = 2.6751e-06
PHY-3002 : Step(56): len = 103297, overlap = 257.094
PHY-3002 : Step(57): len = 103574, overlap = 256.219
PHY-3002 : Step(58): len = 106039, overlap = 241.25
PHY-3002 : Step(59): len = 107759, overlap = 235.344
PHY-3002 : Step(60): len = 108226, overlap = 212.25
PHY-3002 : Step(61): len = 109063, overlap = 200.844
PHY-3002 : Step(62): len = 109948, overlap = 184.406
PHY-3001 : :::2::: Try harder cell spreading with beta_ = 5.3502e-06
PHY-3002 : Step(63): len = 109885, overlap = 178.219
PHY-3002 : Step(64): len = 110638, overlap = 176.406
PHY-3002 : Step(65): len = 113266, overlap = 159.906
PHY-3002 : Step(66): len = 115260, overlap = 157.438
PHY-3002 : Step(67): len = 115544, overlap = 139.5
PHY-3002 : Step(68): len = 115683, overlap = 131.312
PHY-3002 : Step(69): len = 115378, overlap = 123.875
PHY-3002 : Step(70): len = 115635, overlap = 123.688
PHY-3002 : Step(71): len = 114594, overlap = 129.312
PHY-3002 : Step(72): len = 114594, overlap = 129.312
PHY-3002 : Step(73): len = 113804, overlap = 126.844
PHY-3001 : :::3::: Try harder cell spreading with beta_ = 1.07004e-05
PHY-3002 : Step(74): len = 118893, overlap = 114.312
PHY-3002 : Step(75): len = 120295, overlap = 109.375
PHY-3002 : Step(76): len = 119986, overlap = 105.031
PHY-3002 : Step(77): len = 121219, overlap = 95.0938
PHY-3002 : Step(78): len = 122578, overlap = 89.5938
PHY-3001 : :::4::: Try harder cell spreading with beta_ = 2.14008e-05
PHY-3002 : Step(79): len = 123500, overlap = 84.6562
PHY-3002 : Step(80): len = 124536, overlap = 75.3438
PHY-3002 : Step(81): len = 130004, overlap = 63.875
PHY-3002 : Step(82): len = 132212, overlap = 56.6562
PHY-3002 : Step(83): len = 130558, overlap = 54.9688
PHY-3002 : Step(84): len = 130009, overlap = 50.9062
PHY-3002 : Step(85): len = 130040, overlap = 50.5625
PHY-3001 : :::5::: Try harder cell spreading with beta_ = 4.28016e-05
PHY-3002 : Step(86): len = 132494, overlap = 55.125
PHY-3002 : Step(87): len = 134100, overlap = 53.9375
PHY-3002 : Step(88): len = 137328, overlap = 52.0625
PHY-3001 : :::6::: Try harder cell spreading with beta_ = 8.56032e-05
PHY-3002 : Step(89): len = 137836, overlap = 50.3438
PHY-3002 : Step(90): len = 145086, overlap = 43.25
PHY-3002 : Step(91): len = 146729, overlap = 38.75
PHY-3002 : Step(92): len = 147653, overlap = 39.0938
PHY-3002 : Step(93): len = 146397, overlap = 35.2812
PHY-3002 : Step(94): len = 145696, overlap = 31.9375
PHY-3002 : Step(95): len = 144968, overlap = 31.0312
PHY-3002 : Step(96): len = 144813, overlap = 28.1875
PHY-3002 : Step(97): len = 144548, overlap = 25.8438
PHY-3001 : :::7::: Try harder cell spreading with beta_ = 0.000168064
PHY-3002 : Step(98): len = 146664, overlap = 23.3125
PHY-3002 : Step(99): len = 150869, overlap = 22.2188
PHY-3002 : Step(100): len = 152485, overlap = 23.5
PHY-3002 : Step(101): len = 153002, overlap = 22.4375
PHY-3001 : :::8::: Try harder cell spreading with beta_ = 0.000336127
PHY-3002 : Step(102): len = 153921, overlap = 19.6875
PHY-3002 : Step(103): len = 155506, overlap = 17.7188
PHY-3002 : Step(104): len = 158970, overlap = 14.9062
PHY-3002 : Step(105): len = 160081, overlap = 15.7812
PHY-3002 : Step(106): len = 160016, overlap = 15.1875
PHY-3002 : Step(107): len = 159950, overlap = 17.8438
PHY-3002 : Step(108): len = 159791, overlap = 18.2812
PHY-3002 : Step(109): len = 159627, overlap = 16.4062
PHY-3002 : Step(110): len = 158988, overlap = 15
PHY-3002 : Step(111): len = 158182, overlap = 16.8125
PHY-3002 : Step(112): len = 157741, overlap = 14.125
PHY-3001 : :::9::: Try harder cell spreading with beta_ = 0.000594207
PHY-3002 : Step(113): len = 158505, overlap = 13.8438
PHY-3002 : Step(114): len = 159247, overlap = 13.6875
PHY-3002 : Step(115): len = 159813, overlap = 14.7812
PHY-3001 : Run with size of 1
PHY-3001 : Cell area utilization is 59%
PHY-3001 : Analyzing congestion ...
RUN-1001 : Generating global routing grids ...
PHY-1001 : Generate routing nets ...
PHY-1001 : Reuse net number 31/5914.
PHY-1001 : Global iterations in 12 thread ...
PHY-1002 : len = 192696, over cnt = 858(7%), over = 3934, worst = 29
PHY-1001 : End global iterations;  0.405343s wall, 0.156250s user + 0.000000s system = 0.156250s CPU (38.5%)

PHY-1001 : Congestion index: top1 = 79.10, top5 = 63.95, top10 = 55.39, top15 = 50.47.
PHY-3001 : End congestion estimation;  0.476231s wall, 0.171875s user + 0.000000s system = 0.171875s CPU (36.1%)

PHY-3001 : Update density targets...
PHY-3001 : Update congestion history...
PHY-3001 : :::0::: Try harder cell spreading with beta_ = 5.602e-05
PHY-3002 : Step(116): len = 158874, overlap = 143.469
PHY-3002 : Step(117): len = 159598, overlap = 129.156
PHY-3002 : Step(118): len = 156495, overlap = 132.031
PHY-3002 : Step(119): len = 153565, overlap = 131.812
PHY-3002 : Step(120): len = 150166, overlap = 133.625
PHY-3002 : Step(121): len = 148434, overlap = 144.094
PHY-3002 : Step(122): len = 145733, overlap = 131.969
PHY-3002 : Step(123): len = 143595, overlap = 140.5
PHY-3002 : Step(124): len = 140506, overlap = 147
PHY-3002 : Step(125): len = 139222, overlap = 152.375
PHY-3002 : Step(126): len = 137288, overlap = 155.25
PHY-3002 : Step(127): len = 136665, overlap = 157.188
PHY-3002 : Step(128): len = 135267, overlap = 152.688
PHY-3002 : Step(129): len = 134773, overlap = 149.75
PHY-3002 : Step(130): len = 133686, overlap = 149.688
PHY-3002 : Step(131): len = 132819, overlap = 165.312
PHY-3002 : Step(132): len = 132194, overlap = 161.75
PHY-3001 : :::1::: Try harder cell spreading with beta_ = 0.00011204
PHY-3002 : Step(133): len = 133786, overlap = 153.344
PHY-3002 : Step(134): len = 134980, overlap = 148.781
PHY-3002 : Step(135): len = 135277, overlap = 142.5
PHY-3002 : Step(136): len = 135768, overlap = 139.25
PHY-3002 : Step(137): len = 136862, overlap = 136.625
PHY-3001 : :::2::: Try harder cell spreading with beta_ = 0.000205976
PHY-3002 : Step(138): len = 137683, overlap = 128.719
PHY-3002 : Step(139): len = 138609, overlap = 122.438
PHY-3002 : Step(140): len = 141022, overlap = 119.938
PHY-3002 : Step(141): len = 143178, overlap = 117.906
PHY-3002 : Step(142): len = 143387, overlap = 112
PHY-3002 : Step(143): len = 143368, overlap = 108.75
PHY-3002 : Step(144): len = 143511, overlap = 114.531
PHY-3001 : :::3::: Try harder cell spreading with beta_ = 0.000395566
PHY-3002 : Step(145): len = 144707, overlap = 101.656
PHY-3002 : Step(146): len = 145708, overlap = 100.5
PHY-3002 : Step(147): len = 146400, overlap = 99.6875
PHY-3001 : :::4::: Try harder cell spreading with beta_ = 0.000640025
PHY-3002 : Step(148): len = 146815, overlap = 96.7812
PHY-3002 : Step(149): len = 148708, overlap = 96.4688
PHY-3002 : Step(150): len = 151091, overlap = 95.25
PHY-3002 : Step(151): len = 152625, overlap = 96.0625
PHY-3002 : Step(152): len = 152946, overlap = 95.25
PHY-3002 : Step(153): len = 153105, overlap = 91.875
PHY-3002 : Step(154): len = 153155, overlap = 94
PHY-3002 : Step(155): len = 153358, overlap = 96.6562
PHY-3002 : Step(156): len = 153448, overlap = 95.9062
PHY-3002 : Step(157): len = 153843, overlap = 93.5312
OPT-1001 : Start physical optimization ...
OPT-1001 : Total overflow 93.53 peak overflow 1.94
OPT-1001 : Start high-fanout net optimization ...
OPT-1001 : Update timing in global mode
PHY-1001 : Start incremental global routing, caller is place ...
RUN-1001 : Generating global routing grids ...
PHY-1001 : Generate routing nets ...
PHY-1001 : Reuse net number 189/5914.
PHY-1001 : Global iterations in 12 thread ...
PHY-1002 : len = 190968, over cnt = 971(8%), over = 3664, worst = 26
PHY-1001 : End global iterations;  0.475150s wall, 0.156250s user + 0.000000s system = 0.156250s CPU (32.9%)

PHY-1001 : Congestion index: top1 = 80.07, top5 = 61.52, top10 = 54.67, top15 = 50.77.
PHY-1001 : End incremental global routing;  0.543071s wall, 0.171875s user + 0.000000s system = 0.171875s CPU (31.6%)

RUN-1002 : start command "start_timer -report"
TMR-5001 WARNING: No sdc constraints found while initiating timer.
TMR-2505 : Start building timing graph for model fpga_top.
TMR-2506 : Build timing graph completely. Port num: 21, tpin num: 23975, tnet num: 5912, tinst num: 4697, tnode num: 32296, tedge num: 40286.
TMR-2508 : Levelizing timing graph completed, there are 39 levels in total.
TMR-2501 : Timing graph initialized successfully.
OPT-1001 : End timing update;  0.516412s wall, 0.234375s user + 0.000000s system = 0.234375s CPU (45.4%)

OPT-1001 : 0 high-fanout net processed.
OPT-1001 : End high-fanout net optimization;  1.163750s wall, 0.453125s user + 0.000000s system = 0.453125s CPU (38.9%)

OPT-1001 : Current memory(MB): used = 287, reserve = 263, peak = 287.
OPT-1001 : End physical optimization;  1.212499s wall, 0.468750s user + 0.000000s system = 0.468750s CPU (38.7%)

PHY-3001 : Start packing ...
SYN-4007 : Packing 0 MUX to BLE ...
SYN-4008 : Packed 0 MUX and 0 SEQ to BLE.
SYN-4007 : Packing 1750 LUT to BLE ...
SYN-4008 : Packed 1750 LUT and 555 SEQ to BLE.
SYN-4003 : Packing 1681 remaining SEQ's ...
SYN-4005 : Packed 1189 SEQ with LUT/SLICE
SYN-4006 : 156 single LUT's are left
SYN-4006 : 492 single SEQ's are left
SYN-4011 : Packing model "fpga_top" (AL_USER_NORMAL) with 2242/3025 primitive instances ...
PHY-3001 : End packing;  0.306123s wall, 0.187500s user + 0.000000s system = 0.187500s CPU (61.2%)

PHY-1001 : Populate physical database on model fpga_top.
RUN-1001 : There are total 2019 instances
RUN-1001 : 981 mslices, 981 lslices, 27 pads, 11 brams, 10 dsps
RUN-1001 : There are total 5431 nets
RUN-6004 WARNING: There are 3 nets with only 1 pin.
RUN-1001 : 3767 nets have 2 pins
RUN-1001 : 1297 nets have [3 - 5] pins
RUN-1001 : 169 nets have [6 - 10] pins
RUN-1001 : 95 nets have [11 - 20] pins
RUN-1001 : 90 nets have [21 - 99] pins
RUN-1001 : 10 nets have 100+ pins
PHY-3001 : design contains 2017 instances, 1962 slices, 109 macros(656 instances: 423 mslices 233 lslices)
PHY-3001 : Cell area utilization is 73%
PHY-3001 : After packing: Len = 158916, Over = 152.75
PHY-3001 : Run with size of 1
PHY-3001 : Cell area utilization is 73%
PHY-3001 : Analyzing congestion ...
RUN-1001 : Generating global routing grids ...
PHY-1001 : Generate routing nets ...
PHY-1001 : Reuse net number 2642/5431.
PHY-1001 : Global iterations in 12 thread ...
PHY-1002 : len = 199320, over cnt = 887(8%), over = 2382, worst = 20
PHY-1002 : len = 212816, over cnt = 596(5%), over = 1139, worst = 20
PHY-1002 : len = 224200, over cnt = 200(1%), over = 329, worst = 20
PHY-1002 : len = 228936, over cnt = 16(0%), over = 16, worst = 1
PHY-1002 : len = 230232, over cnt = 0(0%), over = 0, worst = 0
PHY-1001 : End global iterations;  1.034695s wall, 0.343750s user + 0.015625s system = 0.359375s CPU (34.7%)

PHY-1001 : Congestion index: top1 = 66.74, top5 = 57.76, top10 = 52.60, top15 = 49.46.
PHY-3001 : End congestion estimation;  1.119836s wall, 0.375000s user + 0.015625s system = 0.390625s CPU (34.9%)

PHY-3001 : Update density targets...
PHY-3001 : Update congestion history...
PHY-3001 : :::0::: Try harder cell spreading with beta_ = 2.36427e-05
PHY-3002 : Step(158): len = 147596, overlap = 159.5
PHY-3002 : Step(159): len = 145216, overlap = 160.5
PHY-3002 : Step(160): len = 142455, overlap = 167
PHY-3002 : Step(161): len = 140967, overlap = 164.25
PHY-3002 : Step(162): len = 139138, overlap = 168.75
PHY-3002 : Step(163): len = 136884, overlap = 164
PHY-3002 : Step(164): len = 135877, overlap = 175.5
PHY-3002 : Step(165): len = 134606, overlap = 178.25
PHY-3002 : Step(166): len = 134507, overlap = 182.75
PHY-3002 : Step(167): len = 133274, overlap = 177
PHY-3002 : Step(168): len = 133175, overlap = 178
PHY-3002 : Step(169): len = 132425, overlap = 178.75
PHY-3001 : :::1::: Try harder cell spreading with beta_ = 4.72854e-05
PHY-3002 : Step(170): len = 135706, overlap = 164.5
PHY-3002 : Step(171): len = 137825, overlap = 157
PHY-3002 : Step(172): len = 140220, overlap = 154.25
PHY-3001 : :::2::: Try harder cell spreading with beta_ = 9.45708e-05
PHY-3002 : Step(173): len = 142786, overlap = 142.5
PHY-3002 : Step(174): len = 144800, overlap = 144
PHY-3002 : Step(175): len = 147443, overlap = 134.75
PHY-3002 : Step(176): len = 149684, overlap = 132.25
PHY-3002 : Step(177): len = 151308, overlap = 117.25
PHY-3002 : Step(178): len = 152400, overlap = 115.25
PHY-3002 : Step(179): len = 152798, overlap = 113.25
PHY-3002 : Step(180): len = 152821, overlap = 113.25
PHY-3002 : Step(181): len = 152925, overlap = 114.25
PHY-3002 : Step(182): len = 152883, overlap = 113.25
PHY-3001 : :::3::: Try harder cell spreading with beta_ = 0.000184715
PHY-3002 : Step(183): len = 155634, overlap = 111.75
PHY-3002 : Step(184): len = 157565, overlap = 107
PHY-3002 : Step(185): len = 158382, overlap = 104.5
PHY-3002 : Step(186): len = 158811, overlap = 106.25
PHY-3002 : Step(187): len = 159651, overlap = 100.75
PHY-3002 : Step(188): len = 160569, overlap = 104.25
PHY-3002 : Step(189): len = 161977, overlap = 100.25
PHY-3002 : Step(190): len = 162553, overlap = 95.5
PHY-3002 : Step(191): len = 162944, overlap = 94.5
PHY-3002 : Step(192): len = 163390, overlap = 94
PHY-3001 : :::4::: Try harder cell spreading with beta_ = 0.000349365
PHY-3002 : Step(193): len = 164873, overlap = 94
PHY-3002 : Step(194): len = 167080, overlap = 88.5
PHY-3002 : Step(195): len = 169077, overlap = 86
PHY-3002 : Step(196): len = 170083, overlap = 84.25
PHY-3002 : Step(197): len = 171166, overlap = 80
PHY-3002 : Step(198): len = 172171, overlap = 79.25
PHY-3002 : Step(199): len = 172410, overlap = 78.75
PHY-3002 : Step(200): len = 172617, overlap = 82.25
PHY-3002 : Step(201): len = 172703, overlap = 81
PHY-3001 : :::5::: Try harder cell spreading with beta_ = 0.000659183
PHY-3002 : Step(202): len = 173905, overlap = 80.5
PHY-3002 : Step(203): len = 176027, overlap = 79.75
PHY-3002 : Step(204): len = 176932, overlap = 78
PHY-3002 : Step(205): len = 177478, overlap = 77
PHY-3002 : Step(206): len = 178589, overlap = 76.75
PHY-3002 : Step(207): len = 179698, overlap = 76.5
PHY-3002 : Step(208): len = 180315, overlap = 76.25
PHY-3002 : Step(209): len = 180630, overlap = 73.5
PHY-3001 : :::6::: Try harder cell spreading with beta_ = 0.00114483
PHY-3002 : Step(210): len = 181246, overlap = 73
PHY-3002 : Step(211): len = 182652, overlap = 69.75
PHY-3002 : Step(212): len = 183962, overlap = 69
PHY-3002 : Step(213): len = 185046, overlap = 68.75
PHY-3002 : Step(214): len = 185767, overlap = 69.25
PHY-3002 : Step(215): len = 186244, overlap = 71
PHY-3002 : Step(216): len = 186714, overlap = 71.5
PHY-3002 : Step(217): len = 187277, overlap = 71.75
PHY-3001 : Legalization ...
PHY-3001 : End legalization;  0.742688s wall, 0.078125s user + 0.140625s system = 0.218750s CPU (29.5%)

PHY-3001 : Trial Legalized: Len = 196965
PHY-3001 : Run with size of 1
PHY-3001 : Cell area utilization is 72%
PHY-3001 : Analyzing congestion ...
RUN-1001 : Generating global routing grids ...
PHY-1001 : Generate routing nets ...
PHY-1001 : Reuse net number 60/5431.
PHY-1001 : Global iterations in 12 thread ...
PHY-1002 : len = 238496, over cnt = 756(6%), over = 1322, worst = 7
PHY-1002 : len = 243664, over cnt = 434(3%), over = 703, worst = 7
PHY-1002 : len = 251640, over cnt = 73(0%), over = 102, worst = 7
PHY-1002 : len = 253472, over cnt = 3(0%), over = 3, worst = 1
PHY-1002 : len = 253616, over cnt = 0(0%), over = 0, worst = 0
PHY-1001 : End global iterations;  0.906953s wall, 0.312500s user + 0.000000s system = 0.312500s CPU (34.5%)

PHY-1001 : Congestion index: top1 = 56.74, top5 = 50.94, top10 = 47.78, top15 = 45.67.
PHY-3001 : End congestion estimation;  0.999669s wall, 0.328125s user + 0.000000s system = 0.328125s CPU (32.8%)

PHY-3001 : Update density targets...
PHY-3001 : Update congestion history...
PHY-3001 : :::0::: Try harder cell spreading with beta_ = 8.32141e-05
PHY-3002 : Step(218): len = 182337, overlap = 68.25
PHY-3002 : Step(219): len = 176997, overlap = 91.75
PHY-3002 : Step(220): len = 174559, overlap = 95.5
PHY-3002 : Step(221): len = 173057, overlap = 86.75
PHY-3002 : Step(222): len = 172245, overlap = 85.5
PHY-3002 : Step(223): len = 171421, overlap = 90.5
PHY-3002 : Step(224): len = 171152, overlap = 89.75
PHY-3001 : :::1::: Try harder cell spreading with beta_ = 0.000166428
PHY-3002 : Step(225): len = 173088, overlap = 79.25
PHY-3002 : Step(226): len = 174249, overlap = 77.25
PHY-3002 : Step(227): len = 174917, overlap = 71.5
PHY-3001 : :::2::: Try harder cell spreading with beta_ = 0.000332856
PHY-3002 : Step(228): len = 175776, overlap = 67.75
PHY-3002 : Step(229): len = 176521, overlap = 65.5
PHY-3002 : Step(230): len = 177671, overlap = 65.5
PHY-3002 : Step(231): len = 178912, overlap = 63
PHY-3002 : Step(232): len = 179814, overlap = 64.5
PHY-3001 : Legalization ...
PHY-3001 : End legalization;  0.006496s wall, 0.000000s user + 0.000000s system = 0.000000s CPU (n/a%)

PHY-3001 : Legalized: Len = 184070, Over = 0
PHY-3001 : Spreading special nets. 68 overflows in 930 tiles.
PHY-3001 : End spreading;  0.026092s wall, 0.015625s user + 0.000000s system = 0.015625s CPU (59.9%)

PHY-3001 : 111 instances has been re-located, deltaX = 44, deltaY = 68, maxDist = 2.
PHY-3001 : Final: Len = 185716, Over = 0
RUN-1003 : finish command "place" in  13.157572s wall, 4.578125s user + 0.750000s system = 5.328125s CPU (40.5%)

RUN-1004 : used memory is 252 MB, reserved memory is 227 MB, peak memory is 289 MB
RUN-1002 : start command "export_db FOC_Controller_place.db"
RUN-1001 : Exported /
RUN-1001 : Exported flow parameters
RUN-1001 : Exported libs
RUN-1001 : Exported entities
RUN-1001 : Exported ports
RUN-1001 : Exported pins
RUN-1001 : Exported instances
RUN-1001 : Exported nets
RUN-1001 : Exported buses
RUN-1001 : Exported models
RUN-1001 : Exported congestions
RUN-1001 : Exported violations
RUN-1001 : Exported IO constraints
RUN-1001 : Exported Inst constraints
RUN-1002 : start command "route"
RUN-1001 : Open license file D:/Anlogic/TD5.6.2/license/Anlogic.lic
RUN-1001 : Print Global Property
RUN-1001 : ---------------------------------------------------------------
RUN-1001 :        Parameters        |  Settings  |  Default Values  |  Note  
RUN-1001 : ---------------------------------------------------------------
RUN-1001 :          message         |  standard  |     standard     |        
RUN-1001 :   mixed_pack_place_flow  |     on     |        on        |        
RUN-1001 :        qor_monitor       |    off     |       off        |        
RUN-1001 :        syn_ip_flow       |    off     |       off        |        
RUN-1001 :          thread          |    auto    |       auto       |        
RUN-1001 : ---------------------------------------------------------------
RUN-1001 : Print Route Property
RUN-1001 : -------------------------------------------------------
RUN-1001 :    Parameters    |  Settings  |  Default Values  |  Note  
RUN-1001 : -------------------------------------------------------
RUN-1001 :      effort      |   medium   |      medium      |        
RUN-1001 :     fix_hold     |    off     |       off        |        
RUN-1001 :    opt_timing    |   medium   |      medium      |        
RUN-1001 :   phy_sim_model  |    off     |       off        |        
RUN-1001 :     priority     |   timing   |      timing      |        
RUN-1001 :     swap_pin     |     on     |        on        |        
RUN-1001 : -------------------------------------------------------
PHY-1001 : Route runs in 12 thread(s)
RUN-1001 : There are total 2019 instances
RUN-1001 : 981 mslices, 981 lslices, 27 pads, 11 brams, 10 dsps
RUN-1001 : There are total 5431 nets
RUN-6004 WARNING: There are 3 nets with only 1 pin.
RUN-1001 : 3767 nets have 2 pins
RUN-1001 : 1297 nets have [3 - 5] pins
RUN-1001 : 169 nets have [6 - 10] pins
RUN-1001 : 95 nets have [11 - 20] pins
RUN-1001 : 90 nets have [21 - 99] pins
RUN-1001 : 10 nets have 100+ pins
RUN-1002 : start command "start_timer -report"
TMR-5001 WARNING: No sdc constraints found while initiating timer.
TMR-2505 : Start building timing graph for model fpga_top.
TMR-2506 : Build timing graph completely. Port num: 21, tpin num: 20920, tnet num: 5429, tinst num: 2017, tnode num: 26880, tedge num: 36422.
TMR-2508 : Levelizing timing graph completed, there are 37 levels in total.
TMR-2501 : Timing graph initialized successfully.
PHY-1001 : 981 mslices, 981 lslices, 27 pads, 11 brams, 10 dsps
TMR-2503 : Start to update net delay, extr mode = 3.
TMR-2504 : Update delay of 5429 nets completely.
TMR-2502 : Annotate delay completely, extr mode = 3.
TMR-3002 : No user constraint, initiate default constraint.
TMR-1501 : Assign derive clock DeriveClock to 2784 clock pins, and constraint 5958 relative nodes.
TMR-3003 : Constraints initiated successfully.
TMR-3501 : Forward propagation: start to calculate arrival time...
TMR-3502 : Backward propagation: start to calculate required time...
TMR-3503 : Timing propagation completes.
PHY-1001 : Start global routing, caller is route ...
RUN-1001 : Generating global routing grids ...
PHY-1001 : Generate routing nets ...
PHY-1001 : Global iterations in 12 thread ...
PHY-1002 : len = 225104, over cnt = 796(7%), over = 1373, worst = 10
PHY-1002 : len = 230512, over cnt = 486(4%), over = 738, worst = 6
PHY-1002 : len = 237688, over cnt = 177(1%), over = 243, worst = 6
PHY-1002 : len = 241536, over cnt = 7(0%), over = 7, worst = 1
PHY-1002 : len = 242032, over cnt = 0(0%), over = 0, worst = 0
PHY-1001 : End global iterations;  0.933499s wall, 0.343750s user + 0.000000s system = 0.343750s CPU (36.8%)

PHY-1001 : Congestion index: top1 = 57.78, top5 = 51.06, top10 = 48.15, top15 = 46.17.
PHY-1001 : End global routing;  1.024850s wall, 0.406250s user + 0.000000s system = 0.406250s CPU (39.6%)

PHY-1001 : Start detail routing ...
PHY-1001 : Current memory(MB): used = 342, reserve = 319, peak = 342.
PHY-1001 : Detailed router is running in normal mode.
PHY-1001 : Generate detailed routing grids ...
PHY-1001 : Generate nets ...
PHY-1001 : net I_clk_25m_dup_1 will be routed on clock mesh
PHY-5010 WARNING: Net u_ahb_foc_controller/I_ahb_hsize[2] is skipped due to 0 input or output
PHY-5010 WARNING: Net u_ahb_foc_controller/I_ahb_hsize[1] is skipped due to 0 input or output
PHY-5010 WARNING: Net u_ahb_foc_controller/I_ahb_hsize[0] is skipped due to 0 input or output
PHY-1001 : clock net u_ahb_foc_controller/u_foc_controller/S_angle_position_clk_syn_4 will be merged with clock u_ahb_foc_controller/u_foc_controller/S_angle_position_clk
PHY-1001 : clock net u_ahb_foc_controller/u_foc_controller/S_angle_velocity_clk_syn_4 will be merged with clock u_ahb_foc_controller/u_foc_controller/S_angle_velocity_clk
PHY-1001 : clock net u_mcu/hclk will be merged with clock u_pll/clk0_buf
PHY-1001 : net u_ahb_foc_controller/u_foc_controller/u_adc_ad7928/clk will be routed on clock mesh
PHY-1001 : clock net u_ahb_foc_controller/u_foc_controller/u_foc_top/O_init_done_syn_6 will be merged with clock u_ahb_foc_controller/u_foc_controller/u_foc_top/O_init_done
PHY-5010 WARNING: Net u_ahb_foc_controller/I_ahb_hsize[2] is skipped due to 0 input or output
PHY-5010 WARNING: Net u_ahb_foc_controller/I_ahb_hsize[1] is skipped due to 0 input or output
PHY-5010 WARNING: Net u_ahb_foc_controller/I_ahb_hsize[0] is skipped due to 0 input or output
PHY-1001 : Current memory(MB): used = 426, reserve = 403, peak = 426.
PHY-1001 : End build detailed router design. 1.901065s wall, 0.765625s user + 0.015625s system = 0.781250s CPU (41.1%)

PHY-1001 : Detail Route ...
PHY-1001 : ===== Detail Route Phase 1 =====
PHY-1001 : Clock net routing.....
PHY-1001 : Routed 0% nets.
PHY-1022 : len = 74088, over cnt = 0(0%), over = 0, worst = 0, crit = 0
PHY-1001 : End initial clock net routed; 0.726609s wall, 0.265625s user + 0.000000s system = 0.265625s CPU (36.6%)

PHY-1001 : Current memory(MB): used = 438, reserve = 416, peak = 438.
PHY-1001 : End phase 1; 0.730367s wall, 0.265625s user + 0.000000s system = 0.265625s CPU (36.4%)

PHY-1001 : ===== Detail Route Phase 2 =====
PHY-1001 : Initial routing.....
PHY-1001 : Routed 44% nets.
PHY-1001 : Routed 50% nets.
PHY-1001 : Routed 58% nets.
PHY-1001 : Routed 70% nets.
PHY-1001 : Routed 89% nets.
PHY-1022 : len = 639696, over cnt = 904(0%), over = 905, worst = 2, crit = 0
PHY-1001 : Current memory(MB): used = 440, reserve = 418, peak = 440.
PHY-1001 : End initial routed; 5.343433s wall, 1.734375s user + 0.015625s system = 1.750000s CPU (32.8%)

PHY-1001 : Current memory(MB): used = 440, reserve = 418, peak = 440.
PHY-1001 : End phase 2; 5.343482s wall, 1.734375s user + 0.015625s system = 1.750000s CPU (32.8%)

PHY-1001 : ===== Detail Route Phase 3 =====
PHY-1001 : Ripup-reroute.....
PHY-1001 : ===== DR Iter 1 =====
PHY-1022 : len = 598744, over cnt = 313(0%), over = 317, worst = 2, crit = 0
PHY-1001 : End DR Iter 1; 1.994095s wall, 0.796875s user + 0.000000s system = 0.796875s CPU (40.0%)

PHY-1001 : ===== DR Iter 2 =====
PHY-1022 : len = 597456, over cnt = 84(0%), over = 84, worst = 1, crit = 0
PHY-1001 : End DR Iter 2; 0.525536s wall, 0.250000s user + 0.015625s system = 0.265625s CPU (50.5%)

PHY-1001 : ===== DR Iter 3 =====
PHY-1022 : len = 597816, over cnt = 13(0%), over = 13, worst = 1, crit = 0
PHY-1001 : End DR Iter 3; 0.281948s wall, 0.078125s user + 0.000000s system = 0.078125s CPU (27.7%)

PHY-1001 : ===== DR Iter 4 =====
PHY-1022 : len = 598064, over cnt = 2(0%), over = 2, worst = 1, crit = 0
PHY-1001 : End DR Iter 4; 0.110954s wall, 0.015625s user + 0.000000s system = 0.015625s CPU (14.1%)

PHY-1001 : ===== DR Iter 5 =====
PHY-1022 : len = 598112, over cnt = 1(0%), over = 1, worst = 1, crit = 0
PHY-1001 : End DR Iter 5; 0.128016s wall, 0.046875s user + 0.000000s system = 0.046875s CPU (36.6%)

PHY-1001 : ===== DR Iter 6 =====
PHY-1022 : len = 598112, over cnt = 1(0%), over = 1, worst = 1, crit = 0
PHY-1001 : End DR Iter 6; 0.174434s wall, 0.078125s user + 0.000000s system = 0.078125s CPU (44.8%)

PHY-1001 : ===== DR Iter 7 =====
PHY-1022 : len = 598112, over cnt = 1(0%), over = 1, worst = 1, crit = 0
PHY-1001 : End DR Iter 7; 0.248623s wall, 0.093750s user + 0.000000s system = 0.093750s CPU (37.7%)

PHY-1001 : ===== DR Iter 8 =====
PHY-1022 : len = 598112, over cnt = 1(0%), over = 1, worst = 1, crit = 0
PHY-1001 : End DR Iter 8; 0.044553s wall, 0.015625s user + 0.000000s system = 0.015625s CPU (35.1%)

PHY-1001 : ==== DR Iter 9 ====
PHY-1022 : len = 598112, over cnt = 1(0%), over = 1, worst = 1, crit = 0
PHY-1001 : End DR Iter 9; 0.060637s wall, 0.046875s user + 0.000000s system = 0.046875s CPU (77.3%)

PHY-1001 : ==== DR Iter 10 ====
PHY-1022 : len = 598112, over cnt = 1(0%), over = 1, worst = 1, crit = 0
PHY-1001 : End DR Iter 10; 0.139276s wall, 0.093750s user + 0.000000s system = 0.093750s CPU (67.3%)

PHY-1001 : ==== DR Iter 11 ====
PHY-1022 : len = 598112, over cnt = 1(0%), over = 1, worst = 1, crit = 0
PHY-1001 : End DR Iter 11; 0.209408s wall, 0.062500s user + 0.015625s system = 0.078125s CPU (37.3%)

PHY-1001 : ==== DR Iter 12 ====
PHY-1022 : len = 598112, over cnt = 1(0%), over = 1, worst = 1, crit = 0
PHY-1001 : End DR Iter 12; 0.247189s wall, 0.062500s user + 0.031250s system = 0.093750s CPU (37.9%)

PHY-1001 : ===== DR Iter 13 =====
PHY-1022 : len = 598112, over cnt = 1(0%), over = 1, worst = 1, crit = 0
PHY-1001 : End DR Iter 13; 0.049064s wall, 0.000000s user + 0.000000s system = 0.000000s CPU (n/a%)

PHY-1001 : ==== DR Iter 14 ====
PHY-1022 : len = 598112, over cnt = 1(0%), over = 1, worst = 1, crit = 0
PHY-1001 : End DR Iter 14; 0.082758s wall, 0.031250s user + 0.000000s system = 0.031250s CPU (37.8%)

PHY-1001 : ==== DR Iter 15 ====
PHY-1022 : len = 598112, over cnt = 1(0%), over = 1, worst = 1, crit = 0
PHY-1001 : End DR Iter 15; 0.159033s wall, 0.062500s user + 0.000000s system = 0.062500s CPU (39.3%)

PHY-1001 : ==== DR Iter 16 ====
PHY-1022 : len = 598112, over cnt = 1(0%), over = 1, worst = 1, crit = 0
PHY-1001 : End DR Iter 16; 0.218795s wall, 0.046875s user + 0.000000s system = 0.046875s CPU (21.4%)

PHY-1001 : ==== DR Iter 17 ====
PHY-1022 : len = 598112, over cnt = 1(0%), over = 1, worst = 1, crit = 0
PHY-1001 : End DR Iter 17; 0.260374s wall, 0.093750s user + 0.000000s system = 0.093750s CPU (36.0%)

PHY-1001 : ==== DR Iter 18 ====
PHY-1022 : len = 598112, over cnt = 1(0%), over = 1, worst = 1, crit = 0
PHY-1001 : End DR Iter 18; 0.250971s wall, 0.109375s user + 0.015625s system = 0.125000s CPU (49.8%)

PHY-1001 : ===== DR Iter 19 =====
PHY-1022 : len = 598112, over cnt = 1(0%), over = 1, worst = 1, crit = 0
PHY-1001 : End DR Iter 19; 0.046805s wall, 0.031250s user + 0.000000s system = 0.031250s CPU (66.8%)

PHY-1001 : ==== DR Iter 20 ====
PHY-1022 : len = 598112, over cnt = 1(0%), over = 1, worst = 1, crit = 0
PHY-1001 : End DR Iter 20; 0.078842s wall, 0.046875s user + 0.000000s system = 0.046875s CPU (59.5%)

PHY-1001 : ==== DR Iter 21 ====
PHY-1022 : len = 598112, over cnt = 1(0%), over = 1, worst = 1, crit = 0
PHY-1001 : End DR Iter 21; 0.132646s wall, 0.015625s user + 0.000000s system = 0.015625s CPU (11.8%)

PHY-1001 : ==== DR Iter 22 ====
PHY-1022 : len = 598112, over cnt = 1(0%), over = 1, worst = 1, crit = 0
PHY-1001 : End DR Iter 22; 0.211039s wall, 0.093750s user + 0.000000s system = 0.093750s CPU (44.4%)

PHY-1001 : ==== DR Iter 23 ====
PHY-1022 : len = 598112, over cnt = 1(0%), over = 1, worst = 1, crit = 0
PHY-1001 : End DR Iter 23; 0.247520s wall, 0.125000s user + 0.000000s system = 0.125000s CPU (50.5%)

PHY-1001 : ==== DR Iter 24 ====
PHY-1022 : len = 598112, over cnt = 1(0%), over = 1, worst = 1, crit = 0
PHY-1001 : End DR Iter 24; 0.260728s wall, 0.093750s user + 0.000000s system = 0.093750s CPU (36.0%)

PHY-1001 : ==== DR Iter 25 ====
PHY-1022 : len = 598112, over cnt = 1(0%), over = 1, worst = 1, crit = 0
PHY-1001 : End DR Iter 25; 0.260577s wall, 0.093750s user + 0.000000s system = 0.093750s CPU (36.0%)

PHY-1001 : ===== DR Iter 26 =====
PHY-1022 : len = 598112, over cnt = 1(0%), over = 1, worst = 1, crit = 0
PHY-1001 : End DR Iter 26; 0.045169s wall, 0.015625s user + 0.000000s system = 0.015625s CPU (34.6%)

PHY-1001 : ==== DR Iter 27 ====
PHY-1022 : len = 598112, over cnt = 1(0%), over = 1, worst = 1, crit = 0
PHY-1001 : End DR Iter 27; 0.076079s wall, 0.031250s user + 0.000000s system = 0.031250s CPU (41.1%)

PHY-1001 : ==== DR Iter 28 ====
PHY-1022 : len = 598112, over cnt = 1(0%), over = 1, worst = 1, crit = 0
PHY-1001 : End DR Iter 28; 0.136689s wall, 0.046875s user + 0.000000s system = 0.046875s CPU (34.3%)

PHY-1001 : ==== DR Iter 29 ====
PHY-1022 : len = 598112, over cnt = 1(0%), over = 1, worst = 1, crit = 0
PHY-1001 : End DR Iter 29; 0.210538s wall, 0.046875s user + 0.000000s system = 0.046875s CPU (22.3%)

PHY-1001 : ==== DR Iter 30 ====
PHY-1022 : len = 598112, over cnt = 1(0%), over = 1, worst = 1, crit = 0
PHY-1001 : End DR Iter 30; 0.252454s wall, 0.156250s user + 0.000000s system = 0.156250s CPU (61.9%)

PHY-1001 : ==== DR Iter 31 ====
PHY-1022 : len = 598112, over cnt = 1(0%), over = 1, worst = 1, crit = 0
PHY-1001 : End DR Iter 31; 0.254313s wall, 0.046875s user + 0.000000s system = 0.046875s CPU (18.4%)

PHY-1001 : ==== DR Iter 32 ====
PHY-1022 : len = 598112, over cnt = 1(0%), over = 1, worst = 1, crit = 0
PHY-1001 : End DR Iter 32; 0.261408s wall, 0.125000s user + 0.000000s system = 0.125000s CPU (47.8%)

PHY-1001 : ==== DR Iter 33 ====
PHY-1022 : len = 598112, over cnt = 1(0%), over = 1, worst = 1, crit = 0
PHY-1001 : End DR Iter 33; 0.310650s wall, 0.093750s user + 0.000000s system = 0.093750s CPU (30.2%)

PHY-1001 : ===== DR Iter 34 =====
PHY-1022 : len = 598112, over cnt = 1(0%), over = 1, worst = 1, crit = 0
PHY-1001 : End DR Iter 34; 0.046709s wall, 0.015625s user + 0.000000s system = 0.015625s CPU (33.5%)

PHY-1001 : ==== DR Iter 35 ====
PHY-1022 : len = 598112, over cnt = 1(0%), over = 1, worst = 1, crit = 0
PHY-1001 : End DR Iter 35; 0.076586s wall, 0.015625s user + 0.000000s system = 0.015625s CPU (20.4%)

PHY-1001 : ==== DR Iter 36 ====
PHY-1022 : len = 598112, over cnt = 1(0%), over = 1, worst = 1, crit = 0
PHY-1001 : End DR Iter 36; 0.133465s wall, 0.046875s user + 0.000000s system = 0.046875s CPU (35.1%)

PHY-1001 : ==== DR Iter 37 ====
PHY-1022 : len = 598112, over cnt = 1(0%), over = 1, worst = 1, crit = 0
PHY-1001 : End DR Iter 37; 0.284804s wall, 0.109375s user + 0.000000s system = 0.109375s CPU (38.4%)

PHY-1001 : ==== DR Iter 38 ====
PHY-1022 : len = 598112, over cnt = 1(0%), over = 1, worst = 1, crit = 0
PHY-1001 : End DR Iter 38; 0.254374s wall, 0.078125s user + 0.000000s system = 0.078125s CPU (30.7%)

PHY-1001 : ==== DR Iter 39 ====
PHY-1022 : len = 598112, over cnt = 1(0%), over = 1, worst = 1, crit = 0
PHY-1001 : End DR Iter 39; 0.256639s wall, 0.109375s user + 0.015625s system = 0.125000s CPU (48.7%)

PHY-1001 : ==== DR Iter 40 ====
PHY-1022 : len = 598112, over cnt = 1(0%), over = 1, worst = 1, crit = 0
PHY-1001 : End DR Iter 40; 0.261187s wall, 0.093750s user + 0.000000s system = 0.093750s CPU (35.9%)

PHY-1001 : ==== DR Iter 41 ====
PHY-1022 : len = 598112, over cnt = 1(0%), over = 1, worst = 1, crit = 0
PHY-1001 : End DR Iter 41; 0.259541s wall, 0.078125s user + 0.015625s system = 0.093750s CPU (36.1%)

PHY-1001 : ==== DR Iter 42 ====
PHY-1022 : len = 598112, over cnt = 1(0%), over = 1, worst = 1, crit = 0
PHY-1001 : End DR Iter 42; 0.255120s wall, 0.093750s user + 0.000000s system = 0.093750s CPU (36.7%)

PHY-1001 : ===== DR Iter 43 =====
PHY-1022 : len = 598112, over cnt = 1(0%), over = 1, worst = 1, crit = 0
PHY-1001 : End DR Iter 43; 0.042486s wall, 0.015625s user + 0.015625s system = 0.031250s CPU (73.6%)

PHY-1001 : ==== DR Iter 44 ====
PHY-1022 : len = 598112, over cnt = 1(0%), over = 1, worst = 1, crit = 0
PHY-1001 : End DR Iter 44; 0.073995s wall, 0.015625s user + 0.000000s system = 0.015625s CPU (21.1%)

PHY-1001 : ==== DR Iter 45 ====
PHY-1022 : len = 598112, over cnt = 1(0%), over = 1, worst = 1, crit = 0
PHY-1001 : End DR Iter 45; 0.132067s wall, 0.046875s user + 0.000000s system = 0.046875s CPU (35.5%)

PHY-1001 : ==== DR Iter 46 ====
PHY-1022 : len = 598112, over cnt = 1(0%), over = 1, worst = 1, crit = 0
PHY-1001 : End DR Iter 46; 0.205575s wall, 0.062500s user + 0.000000s system = 0.062500s CPU (30.4%)

PHY-1001 : ==== DR Iter 47 ====
PHY-1022 : len = 598112, over cnt = 1(0%), over = 1, worst = 1, crit = 0
PHY-1001 : End DR Iter 47; 0.254040s wall, 0.062500s user + 0.000000s system = 0.062500s CPU (24.6%)

PHY-1001 : ==== DR Iter 48 ====
PHY-1022 : len = 598112, over cnt = 1(0%), over = 1, worst = 1, crit = 0
PHY-1001 : End DR Iter 48; 0.258355s wall, 0.078125s user + 0.000000s system = 0.078125s CPU (30.2%)

PHY-1001 : ==== DR Iter 49 ====
PHY-1022 : len = 598112, over cnt = 1(0%), over = 1, worst = 1, crit = 0
PHY-1001 : End DR Iter 49; 0.249173s wall, 0.109375s user + 0.000000s system = 0.109375s CPU (43.9%)

PHY-1001 : ==== DR Iter 50 ====
PHY-1022 : len = 598112, over cnt = 1(0%), over = 1, worst = 1, crit = 0
PHY-1001 : End DR Iter 50; 0.263134s wall, 0.140625s user + 0.000000s system = 0.140625s CPU (53.4%)

PHY-1001 : ==== DR Iter 51 ====
PHY-1022 : len = 598112, over cnt = 1(0%), over = 1, worst = 1, crit = 0
PHY-1001 : End DR Iter 51; 0.256933s wall, 0.109375s user + 0.000000s system = 0.109375s CPU (42.6%)

PHY-1001 : ==== DR Iter 52 ====
PHY-1022 : len = 598112, over cnt = 1(0%), over = 1, worst = 1, crit = 0
PHY-1001 : End DR Iter 52; 0.258313s wall, 0.031250s user + 0.000000s system = 0.031250s CPU (12.1%)

PHY-1001 : ===== DR Iter 53 =====
PHY-1022 : len = 598112, over cnt = 1(0%), over = 1, worst = 1, crit = 0
PHY-1001 : End DR Iter 53; 0.041724s wall, 0.000000s user + 0.000000s system = 0.000000s CPU (n/a%)

PHY-1001 : ==== DR Iter 54 ====
PHY-1022 : len = 598112, over cnt = 1(0%), over = 1, worst = 1, crit = 0
PHY-1001 : End DR Iter 54; 0.080909s wall, 0.046875s user + 0.000000s system = 0.046875s CPU (57.9%)

PHY-1001 : ==== DR Iter 55 ====
PHY-1022 : len = 598112, over cnt = 1(0%), over = 1, worst = 1, crit = 0
PHY-1001 : End DR Iter 55; 0.134618s wall, 0.062500s user + 0.000000s system = 0.062500s CPU (46.4%)

PHY-1001 : ==== DR Iter 56 ====
PHY-1022 : len = 598112, over cnt = 1(0%), over = 1, worst = 1, crit = 0
PHY-1001 : End DR Iter 56; 0.206137s wall, 0.062500s user + 0.000000s system = 0.062500s CPU (30.3%)

PHY-1001 : ==== DR Iter 57 ====
PHY-1022 : len = 598112, over cnt = 1(0%), over = 1, worst = 1, crit = 0
PHY-1001 : End DR Iter 57; 0.249423s wall, 0.078125s user + 0.000000s system = 0.078125s CPU (31.3%)

PHY-1001 : ==== DR Iter 58 ====
PHY-1022 : len = 598112, over cnt = 1(0%), over = 1, worst = 1, crit = 0
PHY-1001 : End DR Iter 58; 0.253807s wall, 0.031250s user + 0.000000s system = 0.031250s CPU (12.3%)

PHY-1001 : ==== DR Iter 59 ====
PHY-1022 : len = 598112, over cnt = 1(0%), over = 1, worst = 1, crit = 0
PHY-1001 : End DR Iter 59; 0.250224s wall, 0.093750s user + 0.015625s system = 0.109375s CPU (43.7%)

PHY-1001 : ==== DR Iter 60 ====
PHY-1022 : len = 598112, over cnt = 1(0%), over = 1, worst = 1, crit = 0
PHY-1001 : End DR Iter 60; 0.267911s wall, 0.156250s user + 0.000000s system = 0.156250s CPU (58.3%)

PHY-1001 : ==== DR Iter 61 ====
PHY-1022 : len = 598112, over cnt = 1(0%), over = 1, worst = 1, crit = 0
PHY-1001 : End DR Iter 61; 0.251668s wall, 0.078125s user + 0.000000s system = 0.078125s CPU (31.0%)

PHY-1001 : ==== DR Iter 62 ====
PHY-1022 : len = 598112, over cnt = 1(0%), over = 1, worst = 1, crit = 0
PHY-1001 : End DR Iter 62; 0.252762s wall, 0.093750s user + 0.000000s system = 0.093750s CPU (37.1%)

PHY-1001 : ==== DR Iter 63 ====
PHY-1022 : len = 598112, over cnt = 1(0%), over = 1, worst = 1, crit = 0
PHY-1001 : End DR Iter 63; 0.254242s wall, 0.140625s user + 0.000000s system = 0.140625s CPU (55.3%)

PHY-1001 : ===== DR Iter 64 =====
PHY-1022 : len = 598112, over cnt = 1(0%), over = 1, worst = 1, crit = 0
PHY-1001 : End DR Iter 64; 0.043239s wall, 0.015625s user + 0.000000s system = 0.015625s CPU (36.1%)

PHY-1001 : ==== DR Iter 65 ====
PHY-1022 : len = 598112, over cnt = 1(0%), over = 1, worst = 1, crit = 0
PHY-1001 : End DR Iter 65; 0.076113s wall, 0.015625s user + 0.000000s system = 0.015625s CPU (20.5%)

PHY-1001 : ==== DR Iter 66 ====
PHY-1022 : len = 598112, over cnt = 1(0%), over = 1, worst = 1, crit = 0
PHY-1001 : End DR Iter 66; 0.129791s wall, 0.031250s user + 0.015625s system = 0.046875s CPU (36.1%)

PHY-1001 : ==== DR Iter 67 ====
PHY-1022 : len = 598112, over cnt = 1(0%), over = 1, worst = 1, crit = 0
PHY-1001 : End DR Iter 67; 0.234479s wall, 0.093750s user + 0.000000s system = 0.093750s CPU (40.0%)

PHY-1001 : ==== DR Iter 68 ====
PHY-1022 : len = 598112, over cnt = 1(0%), over = 1, worst = 1, crit = 0
PHY-1001 : End DR Iter 68; 0.261634s wall, 0.046875s user + 0.015625s system = 0.062500s CPU (23.9%)

PHY-1001 : ==== DR Iter 69 ====
PHY-1022 : len = 598112, over cnt = 1(0%), over = 1, worst = 1, crit = 0
PHY-1001 : End DR Iter 69; 0.250626s wall, 0.078125s user + 0.000000s system = 0.078125s CPU (31.2%)

PHY-1001 : ==== DR Iter 70 ====
PHY-1022 : len = 598112, over cnt = 1(0%), over = 1, worst = 1, crit = 0
PHY-1001 : End DR Iter 70; 0.252666s wall, 0.140625s user + 0.000000s system = 0.140625s CPU (55.7%)

PHY-1001 : ==== DR Iter 71 ====
PHY-1022 : len = 598112, over cnt = 1(0%), over = 1, worst = 1, crit = 0
PHY-1001 : End DR Iter 71; 0.255713s wall, 0.125000s user + 0.015625s system = 0.140625s CPU (55.0%)

PHY-1001 : ==== DR Iter 72 ====
PHY-1022 : len = 598112, over cnt = 1(0%), over = 1, worst = 1, crit = 0
PHY-1001 : End DR Iter 72; 0.258932s wall, 0.125000s user + 0.000000s system = 0.125000s CPU (48.3%)

PHY-1001 : ==== DR Iter 73 ====
PHY-1022 : len = 598112, over cnt = 1(0%), over = 1, worst = 1, crit = 0
PHY-1001 : End DR Iter 73; 0.252877s wall, 0.093750s user + 0.000000s system = 0.093750s CPU (37.1%)

PHY-1001 : ==== DR Iter 74 ====
PHY-1022 : len = 598112, over cnt = 1(0%), over = 1, worst = 1, crit = 0
PHY-1001 : End DR Iter 74; 0.252876s wall, 0.093750s user + 0.000000s system = 0.093750s CPU (37.1%)

PHY-1001 : ==== DR Iter 75 ====
PHY-1022 : len = 598112, over cnt = 1(0%), over = 1, worst = 1, crit = 0
PHY-1001 : End DR Iter 75; 0.256469s wall, 0.078125s user + 0.000000s system = 0.078125s CPU (30.5%)

PHY-1001 : Current memory(MB): used = 441, reserve = 419, peak = 442.
PHY-1001 : End phase 3; 16.640616s wall, 6.171875s user + 0.187500s system = 6.359375s CPU (38.2%)

PHY-1003 : Routed, final wirelength = 598112
PHY-5014 WARNING: Detail route doesn't find pib for u_pll/pll_inst.frac_offset_valid[0]
PHY-5014 WARNING: Detail route doesn't find pib for u_pll/pll_inst.dsm_refclk[0]
PHY-5014 WARNING: Detail route doesn't find pib for u_pll/pll_inst.ssc_en[0]
PHY-5014 WARNING: Detail route doesn't find pib for u_pll/pll_inst.dsm_rst[0]
PHY-1001 : 291 feed throughs used by 154 nets
PHY-1001 : Current memory(MB): used = 473, reserve = 451, peak = 473.
PHY-1001 : End export database. 0.776866s wall, 0.281250s user + 0.000000s system = 0.281250s CPU (36.2%)

PHY-1001 : Routing violations:
PHY-8023 ERROR: Location: (x13y9_e1beg2), nets: u_ahb_foc_controller/S_ahb_wr_data[9] u_ahb_foc_controller/S_ahb_wr_data[13]
PHY-1001 : End of Routing Violations.
RUN-1003 : finish command "route" in  27.398897s wall, 9.859375s user + 0.218750s system = 10.078125s CPU (36.8%)

RUN-1004 : used memory is 440 MB, reserved memory is 418 MB, peak memory is 473 MB
RUN-1002 : start command "backup_run_log run.log ../.logs/phy_1/td_20231111_233500.log"
