============================================================
   Tang Dynasty, V5.6.71036
      Copyright (c) 2012-2023 Anlogic Inc.
   Executable = D:/Anlogic/TD5.6.2/bin/td.exe
   Built at =   20:34:38 Mar 21 2023
   Run by =     15597
   Run Date =   Mon Nov  6 13:12:24 2023

   Run on =     XR097-DELL-G7
============================================================
RUN-1002 : start command "open_project FOC_Controller.prj"
RUN-1001 : Print Global Property
RUN-1001 : ---------------------------------------------------------------
RUN-1001 :        Parameters        |  Settings  |  Default Values  |  Note  
RUN-1001 : ---------------------------------------------------------------
RUN-1001 :          message         |  standard  |     standard     |        
RUN-1001 :   mixed_pack_place_flow  |     on     |        on        |        
RUN-1001 :        qor_monitor       |    off     |       off        |        
RUN-1001 :        syn_ip_flow       |    off     |       off        |        
RUN-1001 :          thread          |    auto    |       auto       |        
RUN-1001 : ---------------------------------------------------------------
RUN-1001 : Print Design Property
RUN-1001 : --------------------------------------------------------------
RUN-1001 :        Parameters       |  Settings  |  Default Values  |  Note  
RUN-1001 : --------------------------------------------------------------
RUN-1001 :   default_reg_initial   |    auto    |       auto       |        
RUN-1001 :        infer_add        |     on     |        on        |        
RUN-1001 :        infer_fsm        |    off     |       off        |        
RUN-1001 :        infer_mult       |     on     |        on        |        
RUN-1001 :        infer_ram        |     on     |        on        |        
RUN-1001 :        infer_reg        |     on     |        on        |        
RUN-1001 :   infer_reg_init_value  |     on     |        on        |        
RUN-1001 :        infer_rom        |     on     |        on        |        
RUN-1001 :      infer_shifter      |     on     |        on        |        
RUN-1001 : --------------------------------------------------------------
RUN-1001 : Print Rtl Property
RUN-1001 : --------------------------------------------------------------
RUN-1001 :        Parameters       |  Settings  |  Default Values  |  Note  
RUN-1001 : --------------------------------------------------------------
RUN-1001 :       compress_add      |   ripple   |      ripple      |        
RUN-1001 :        elf_sload        |    off     |       off        |        
RUN-1001 :       fix_undriven      |     0      |        0         |        
RUN-1001 :         flatten         |    off     |       off        |        
RUN-1001 :       gate_sharing      |     on     |        on        |        
RUN-1001 :    hdl_warning_level    |   normal   |      normal      |        
RUN-1001 :   impl_internal_tribuf  |     on     |        on        |        
RUN-1001 :      impl_set_reset     |     on     |        on        |        
RUN-1001 :        infer_gsr        |    off     |       off        |        
RUN-1001 :      keep_hierarchy     |    auto    |       auto       |        
RUN-1001 :        max_fanout       |    9999    |       9999       |        
RUN-1001 :      max_oh2bin_len     |     10     |        10        |        
RUN-1001 :       merge_equal       |     on     |        on        |        
RUN-1001 :       merge_equiv       |     on     |        on        |        
RUN-1001 :        merge_mux        |    off     |       off        |        
RUN-1001 :     min_control_set     |     8      |        8         |        
RUN-1001 :      min_ripple_len     |    auto    |       auto       |        
RUN-1001 :       oh2bin_ratio      |    0.08    |       0.08       |        
RUN-1001 :     opt_adder_fanout    |     on     |        on        |        
RUN-1001 :        opt_arith        |     on     |        on        |        
RUN-1001 :       opt_big_gate      |    off     |       off        |        
RUN-1001 :        opt_const        |     on     |        on        |        
RUN-1001 :      opt_const_mult     |     on     |        on        |        
RUN-1001 :       opt_lessthan      |     on     |        on        |        
RUN-1001 :         opt_mux         |    off     |       off        |        
RUN-1001 :         opt_ram         |    high    |       high       |        
RUN-1001 :      rtl_sim_model      |    off     |       off        |        
RUN-1001 :         seq_syn         |     on     |        on        |        
RUN-1001 : --------------------------------------------------------------
HDL-1007 : analyze verilog file ../../al_ip/pll.v
HDL-1007 : undeclared symbol 'open', assumed default net type 'wire' in ../../al_ip/pll.v(96)
HDL-1007 : analyze verilog file ../../al_ip/MCU.v
HDL-1007 : analyze verilog file ../../hall_sensor.v
HDL-1007 : analyze verilog file ../../shift_filter.v
HDL-1007 : analyze verilog file ../../ahb2hall_sensor.v
HDL-1007 : analyze verilog file ../../TOP.v
HDL-1007 : undeclared symbol 'S_sys_clk_40m', assumed default net type 'wire' in ../../TOP.v(26)
RUN-1001 : Project manager successfully analyzed 6 source files.
RUN-1002 : start command "import_device sf1_6.db -package SF1S60CG121I"
ARC-1001 : Device Initialization.
ARC-1001 : -------------------------------------------------
ARC-1001 :       OPTION       |      IO       |   SETTING   
ARC-1001 : -------------------------------------------------
ARC-1001 :        done        |      B4       |    gpio    
ARC-1001 :        initn       |      A5       |    gpio    
ARC-1001 :       jtagen       |      B7       |    gpio    
ARC-1001 :      programn      |      B5       |  dedicate  
ARC-1001 :   tdi/tms/tck/tdo  |  C4/A6/A7/C5  |  dedicate  
ARC-1001 : -------------------------------------------------
ARC-1004 : Device setting, marked 5 dedicate IOs in total.
RUN-1002 : start command "import_db ../syn_1/FOC_Controller_gate.db"
RUN-1001 : Importing database generated by Tang Dynasty, V5.6.71036.
RUN-1001 : Database version number 46146.
RUN-1001 : Import flow parameters
RUN-1001 : Import IO constraints
RUN-1001 : Import Inst constraints
RUN-1001 : Import design success TD_VERSION=5.6.71036 , DB_VERSION=46146
RUN-1002 : start command "place"
RUN-1001 : Open license file D:/Anlogic/TD5.6.2/license/Anlogic.lic
RUN-1001 : Print Global Property
RUN-1001 : ---------------------------------------------------------------
RUN-1001 :        Parameters        |  Settings  |  Default Values  |  Note  
RUN-1001 : ---------------------------------------------------------------
RUN-1001 :          message         |  standard  |     standard     |        
RUN-1001 :   mixed_pack_place_flow  |     on     |        on        |        
RUN-1001 :        qor_monitor       |    off     |       off        |        
RUN-1001 :        syn_ip_flow       |    off     |       off        |        
RUN-1001 :          thread          |    auto    |       auto       |        
RUN-1001 : ---------------------------------------------------------------
RUN-1001 : Print Place Property
RUN-1001 : --------------------------------------------------------------
RUN-1001 :        Parameters       |  Settings  |  Default Values  |  Note  
RUN-1001 : --------------------------------------------------------------
RUN-1001 :      detailed_place     |     on     |        on        |        
RUN-1001 :          effort         |   medium   |      medium      |        
RUN-1001 :         fix_hold        |    off     |       off        |        
RUN-1001 :       legalization      |    ori     |       ori        |        
RUN-1001 :      new_spreading      |     on     |        on        |        
RUN-1001 :        opt_timing       |   medium   |      medium      |        
RUN-1001 :   post_clock_route_opt  |    off     |       off        |        
RUN-1001 :       pr_strategy       |     1      |        1         |        
RUN-1001 :        relaxation       |    1.00    |       1.00       |        
RUN-1001 :         retiming        |    off     |       off        |        
RUN-1001 : --------------------------------------------------------------
PHY-3001 : Placer runs in 12 thread(s).
RUN-1002 : start command "legalize_phy_inst"
SYN-1011 : Flatten model fpga_top
SYN-5055 WARNING: The kept net u_mcu/hsize_int[2] will be merged to another kept net u_ahb_hall_sensor/I_ahb_hsize[2]
SYN-5055 WARNING: The kept net u_mcu/hsize_int[1] will be merged to another kept net u_ahb_hall_sensor/I_ahb_hsize[1]
SYN-5055 WARNING: The kept net u_mcu/hsize_int[0] will be merged to another kept net u_ahb_hall_sensor/I_ahb_hsize[0]
SYN-5055 WARNING: The kept net u_mcu/hrdata[31] will be merged to another kept net u_ahb_hall_sensor/O_ahb_hrdata[31]
SYN-5055 WARNING: The kept net u_mcu/hrdata[30] will be merged to another kept net u_ahb_hall_sensor/O_ahb_hrdata[30]
SYN-5055 WARNING: The kept net u_mcu/hrdata[29] will be merged to another kept net u_ahb_hall_sensor/O_ahb_hrdata[29]
SYN-5055 WARNING: The kept net u_mcu/hrdata[28] will be merged to another kept net u_ahb_hall_sensor/O_ahb_hrdata[28]
SYN-5055 WARNING: The kept net u_mcu/hrdata[27] will be merged to another kept net u_ahb_hall_sensor/O_ahb_hrdata[27]
SYN-5055 WARNING: The kept net u_mcu/hrdata[26] will be merged to another kept net u_ahb_hall_sensor/O_ahb_hrdata[26]
SYN-5055 WARNING: The kept net u_mcu/hrdata[25] will be merged to another kept net u_ahb_hall_sensor/O_ahb_hrdata[25]
SYN-5055 Similar messages will be suppressed.
RUN-1002 : start command "phys_opt -simplify_lut"
SYN-4016 : Net u_mcu/hclk driven by BUFG (119 clock/control pins, 1 other pins).
SYN-4027 : Net u_ahb_hall_sensor/hall_sendor_u1/clk is clkc1 of pll u_pll/pll_inst.
SYN-4019 : Net I_clk_25m_dup_1 is refclk of pll u_pll/pll_inst.
SYN-4020 : Net I_clk_25m_dup_1 is fbclk of pll u_pll/pll_inst.
SYN-4025 : Tag rtl::Net I_clk_25m_dup_1 as clock net
SYN-4025 : Tag rtl::Net u_ahb_hall_sensor/hall_sendor_u1/clk as clock net
SYN-4025 : Tag rtl::Net u_mcu/hclk as clock net
SYN-4026 : Tagged 3 rtl::Net as clock net
PHY-1001 : Populate physical database on model fpga_top.
RUN-1001 : There are total 554 instances
RUN-0007 : 228 luts, 225 seqs, 50 mslices, 26 lslices, 17 pads, 0 brams, 2 dsps
RUN-1001 : There are total 759 nets
RUN-6004 WARNING: There are 3 nets with only 1 pin.
RUN-1001 : 533 nets have 2 pins
RUN-1001 : 172 nets have [3 - 5] pins
RUN-1001 : 20 nets have [6 - 10] pins
RUN-1001 : 7 nets have [11 - 20] pins
RUN-1001 : 19 nets have [21 - 99] pins
RUN-1001 : 5 nets have 100+ pins
RUN-1001 : Report Control nets information:
RUN-1001 : DFF Distribution
RUN-1001 : ----------------------------------
RUN-1001 :   CE   |  SSR  |  ASR  |  DFF Count  
RUN-1001 : ----------------------------------
RUN-1001 :   No   |  No   |  No   |     19      
RUN-1001 :   No   |  No   |  Yes  |     50      
RUN-1001 :   No   |  Yes  |  No   |      0      
RUN-1001 :   Yes  |  No   |  No   |     68      
RUN-1001 :   Yes  |  No   |  Yes  |     88      
RUN-1001 :   Yes  |  Yes  |  No   |      0      
RUN-1001 : ----------------------------------
RUN-0007 : Control Group Statistic
RUN-0007 : ---------------------------
RUN-0007 :   #CLK  |  #CE  |  #SSR/ASR  
RUN-0007 : ---------------------------
RUN-0007 :    2    |   6   |     3      
RUN-0007 : ---------------------------
RUN-0007 : Control Set = 9
PHY-3001 : Initial placement ...
PHY-3001 : design contains 552 instances, 228 luts, 225 seqs, 76 slices, 9 macros(76 instances: 50 mslices 26 lslices)
PHY-0007 : Cell area utilization is 6%
PHY-3001 : Global placement ...
PHY-3001 : Initial: Len = 121141
PHY-3001 : Run with size of 3
PHY-3001 : Cell area utilization is 6%
PHY-3001 : :::0::: Try harder cell spreading with beta_ = 0
PHY-3002 : Step(1): len = 74470.5, overlap = 4
PHY-3002 : Step(2): len = 68613.8, overlap = 4
PHY-3002 : Step(3): len = 46115.1, overlap = 4
PHY-3002 : Step(4): len = 41445.7, overlap = 4
PHY-3002 : Step(5): len = 35542.8, overlap = 0
PHY-3002 : Step(6): len = 31256.8, overlap = 2
PHY-3002 : Step(7): len = 29691.9, overlap = 2
PHY-3002 : Step(8): len = 27355.2, overlap = 4
PHY-3002 : Step(9): len = 26153.6, overlap = 2
PHY-3002 : Step(10): len = 25916, overlap = 2
PHY-3002 : Step(11): len = 24717.6, overlap = 0
PHY-3002 : Step(12): len = 23441, overlap = 4.3125
PHY-3002 : Step(13): len = 23171.3, overlap = 4.59375
PHY-3002 : Step(14): len = 20917.3, overlap = 0.90625
PHY-3002 : Step(15): len = 20719.1, overlap = 0.5
PHY-3002 : Step(16): len = 19410.3, overlap = 4.75
PHY-3002 : Step(17): len = 18630.7, overlap = 5
PHY-3002 : Step(18): len = 18838.9, overlap = 5
PHY-3001 : :::1::: Try harder cell spreading with beta_ = 0.000264334
PHY-3002 : Step(19): len = 18811.7, overlap = 5
PHY-3002 : Step(20): len = 19035.7, overlap = 5
PHY-3002 : Step(21): len = 19076.6, overlap = 5.25
PHY-3002 : Step(22): len = 18998.1, overlap = 3.25
PHY-3002 : Step(23): len = 18773.3, overlap = 3.3125
PHY-3002 : Step(24): len = 18697.3, overlap = 3.3125
PHY-3001 : :::2::: Try harder cell spreading with beta_ = 0.000528668
PHY-3002 : Step(25): len = 18734, overlap = 3.3125
PHY-3002 : Step(26): len = 18675.1, overlap = 3.375
PHY-3002 : Step(27): len = 18646.1, overlap = 3.375
PHY-3001 : :::3::: Try harder cell spreading with beta_ = 0.00105734
PHY-3002 : Step(28): len = 18624.3, overlap = 3.4375
PHY-3002 : Step(29): len = 18595.3, overlap = 3.5
PHY-3001 : Legalization ...
PHY-3001 : End legalization;  0.003816s wall, 0.000000s user + 0.000000s system = 0.000000s CPU (n/a%)

PHY-3001 : Run with size of 3
PHY-3001 : Cell area utilization is 8%
PHY-3001 : :::0::: Try harder cell spreading with beta_ = 0.001138
PHY-3002 : Step(30): len = 19395.6, overlap = 6.78125
PHY-3002 : Step(31): len = 19818.2, overlap = 3.71875
PHY-3002 : Step(32): len = 18021.1, overlap = 6.4375
PHY-3002 : Step(33): len = 18787.1, overlap = 6.03125
PHY-3002 : Step(34): len = 16231.8, overlap = 8.65625
PHY-3002 : Step(35): len = 16065.5, overlap = 12.0625
PHY-3002 : Step(36): len = 15027.3, overlap = 11.2188
PHY-3002 : Step(37): len = 14610.9, overlap = 11.9062
PHY-3002 : Step(38): len = 14128.6, overlap = 10.7812
PHY-3002 : Step(39): len = 14136, overlap = 10.0938
PHY-3002 : Step(40): len = 13729.6, overlap = 9.53125
PHY-3002 : Step(41): len = 13648.9, overlap = 9.8125
PHY-3002 : Step(42): len = 13678.2, overlap = 9.6875
PHY-3001 : :::1::: Try harder cell spreading with beta_ = 0.002276
PHY-3002 : Step(43): len = 13388.5, overlap = 9.625
PHY-3002 : Step(44): len = 13388.5, overlap = 9.625
PHY-3001 : :::2::: Try harder cell spreading with beta_ = 0.004552
PHY-3002 : Step(45): len = 13165.5, overlap = 9.625
PHY-3002 : Step(46): len = 13101.2, overlap = 9.625
PHY-3001 : Run with size of 1
PHY-3001 : Cell area utilization is 8%
PHY-3001 : :::0::: Try harder cell spreading with beta_ = 1.59409e-05
PHY-3002 : Step(47): len = 13805.7, overlap = 39.0312
PHY-3002 : Step(48): len = 14084.8, overlap = 41.5938
PHY-3002 : Step(49): len = 14067.4, overlap = 37.8125
PHY-3002 : Step(50): len = 14108.6, overlap = 36.0938
PHY-3002 : Step(51): len = 13644.7, overlap = 36.3438
PHY-3002 : Step(52): len = 13278.9, overlap = 37.3438
PHY-3002 : Step(53): len = 12851.6, overlap = 38.6875
PHY-3002 : Step(54): len = 12806.7, overlap = 38.9688
PHY-3001 : :::1::: Try harder cell spreading with beta_ = 3.18819e-05
PHY-3002 : Step(55): len = 13201.7, overlap = 37.5938
PHY-3002 : Step(56): len = 13201.7, overlap = 37.5938
PHY-3002 : Step(57): len = 13111, overlap = 36.125
PHY-3001 : :::2::: Try harder cell spreading with beta_ = 6.3694e-05
PHY-3002 : Step(58): len = 14040.6, overlap = 35.5938
PHY-3002 : Step(59): len = 14312.3, overlap = 35.7188
PHY-3002 : Step(60): len = 14511.2, overlap = 33.0938
PHY-3001 : :::3::: Try harder cell spreading with beta_ = 0.000127388
PHY-3002 : Step(61): len = 14813.3, overlap = 29.2812
PHY-3002 : Step(62): len = 15029.5, overlap = 28.7188
PHY-3002 : Step(63): len = 15239.7, overlap = 27.4375
PHY-3002 : Step(64): len = 15088.3, overlap = 27.2812
PHY-3002 : Step(65): len = 15076.3, overlap = 27.6875
PHY-3002 : Step(66): len = 15063.1, overlap = 27.625
PHY-3001 : :::4::: Try harder cell spreading with beta_ = 0.000245389
PHY-3002 : Step(67): len = 15481.1, overlap = 26.5
PHY-3002 : Step(68): len = 15650.1, overlap = 25.7188
PHY-3002 : Step(69): len = 15687.4, overlap = 25.0312
PHY-3001 : :::5::: Try harder cell spreading with beta_ = 0.000478307
PHY-3002 : Step(70): len = 15883, overlap = 24.2812
PHY-3002 : Step(71): len = 15792.2, overlap = 24.2188
PHY-3002 : Step(72): len = 15871, overlap = 25.7812
PHY-3001 : :::6::: Try harder cell spreading with beta_ = 0.0007739
PHY-3002 : Step(73): len = 16064.2, overlap = 25.1562
PHY-3002 : Step(74): len = 16326.4, overlap = 25.125
PHY-3002 : Step(75): len = 16427.9, overlap = 24.0312
PHY-3002 : Step(76): len = 16412.1, overlap = 23.9688
PHY-3001 : :::7::: Try harder cell spreading with beta_ = 0.0015478
PHY-3002 : Step(77): len = 16515.7, overlap = 23.9375
PHY-3002 : Step(78): len = 16496.7, overlap = 23.8125
PHY-3001 : :::8::: Try harder cell spreading with beta_ = 0.00250434
PHY-3002 : Step(79): len = 16639, overlap = 23.9375
PHY-3002 : Step(80): len = 16785.4, overlap = 22.9688
PHY-3001 : :::9::: Try harder cell spreading with beta_ = 0.00493162
PHY-3002 : Step(81): len = 16847.5, overlap = 22.4688
PHY-3002 : Step(82): len = 16880.8, overlap = 22.625
PHY-3001 : :::10::: Try harder cell spreading with beta_ = 0.00797935
PHY-3002 : Step(83): len = 16933.3, overlap = 22.4375
PHY-3002 : Step(84): len = 16978.5, overlap = 21.75
PHY-3001 : :::11::: Try harder cell spreading with beta_ = 0.0129106
PHY-3002 : Step(85): len = 17034.6, overlap = 21.625
PHY-3002 : Step(86): len = 17063.7, overlap = 21.375
OPT-1001 : Start physical optimization ...
OPT-1001 : Total overflow 21.38 peak overflow 1.50
OPT-1001 : Start high-fanout net optimization ...
OPT-1001 : Update timing in global mode
PHY-1001 : Start incremental global routing, caller is place ...
RUN-1001 : Generating global routing grids ...
RUN-1001 : Building simple global routing graph ...
PHY-1001 : Generate routing nets ...
PHY-1001 : Reuse net number 0/759.
PHY-1001 : Global iterations in 12 thread ...
PHY-1002 : len = 20128, over cnt = 99(0%), over = 349, worst = 16
PHY-1001 : End global iterations;  0.045970s wall, 0.015625s user + 0.000000s system = 0.015625s CPU (34.0%)

PHY-1001 : Congestion index: top1 = 40.21, top5 = 25.86, top10 = 18.54, top15 = 13.98.
PHY-1001 : End incremental global routing;  0.067371s wall, 0.015625s user + 0.000000s system = 0.015625s CPU (23.2%)

RUN-1002 : start command "start_timer -report"
TMR-5001 WARNING: No sdc constraints found while initiating timer.
TMR-2505 : Start building timing graph for model fpga_top.
TMR-2506 : Build timing graph completely. Port num: 11, tpin num: 2838, tnet num: 757, tinst num: 552, tnode num: 3621, tedge num: 4689.
TMR-2508 : Levelizing timing graph completed, there are 41 levels in total.
TMR-2501 : Timing graph initialized successfully.
OPT-1001 : End timing update;  0.190533s wall, 0.093750s user + 0.000000s system = 0.093750s CPU (49.2%)

OPT-1001 : 0 high-fanout net processed.
OPT-1001 : End high-fanout net optimization;  0.268623s wall, 0.109375s user + 0.000000s system = 0.109375s CPU (40.7%)

OPT-1001 : Current memory(MB): used = 148, reserve = 117, peak = 148.
OPT-1001 : End physical optimization;  0.274261s wall, 0.109375s user + 0.000000s system = 0.109375s CPU (39.9%)

PHY-3001 : Start packing ...
SYN-4007 : Packing 0 MUX to BLE ...
SYN-4008 : Packed 0 MUX and 0 SEQ to BLE.
SYN-4007 : Packing 228 LUT to BLE ...
SYN-4008 : Packed 228 LUT and 133 SEQ to BLE.
SYN-4003 : Packing 92 remaining SEQ's ...
SYN-4005 : Packed 43 SEQ with LUT/SLICE
SYN-4006 : 52 single LUT's are left
SYN-4006 : 49 single SEQ's are left
SYN-4011 : Packing model "fpga_top" (AL_USER_NORMAL) with 277/448 primitive instances ...
PHY-3001 : End packing;  0.020969s wall, 0.031250s user + 0.000000s system = 0.031250s CPU (149.0%)

PHY-1001 : Populate physical database on model fpga_top.
RUN-1001 : There are total 254 instances
RUN-1001 : 114 mslices, 115 lslices, 17 pads, 0 brams, 2 dsps
RUN-1001 : There are total 660 nets
RUN-6004 WARNING: There are 3 nets with only 1 pin.
RUN-1001 : 451 nets have 2 pins
RUN-1001 : 153 nets have [3 - 5] pins
RUN-1001 : 22 nets have [6 - 10] pins
RUN-1001 : 7 nets have [11 - 20] pins
RUN-1001 : 23 nets have [21 - 99] pins
RUN-1001 : 1 nets have 100+ pins
PHY-3001 : design contains 252 instances, 229 slices, 9 macros(76 instances: 50 mslices 26 lslices)
PHY-3001 : Cell area utilization is 10%
PHY-3001 : After packing: Len = 16745.4, Over = 21.25
PHY-3001 : Run with size of 1
PHY-3001 : Cell area utilization is 10%
PHY-3001 : :::0::: Try harder cell spreading with beta_ = 3.51367e-05
PHY-3002 : Step(87): len = 14798.6, overlap = 27.25
PHY-3002 : Step(88): len = 14718, overlap = 28
PHY-3002 : Step(89): len = 14251.1, overlap = 27.5
PHY-3002 : Step(90): len = 14245, overlap = 27.75
PHY-3002 : Step(91): len = 14225, overlap = 28
PHY-3001 : :::1::: Try harder cell spreading with beta_ = 6.11348e-05
PHY-3002 : Step(92): len = 14550.4, overlap = 27.25
PHY-3002 : Step(93): len = 14661.6, overlap = 28.25
PHY-3002 : Step(94): len = 14686.4, overlap = 27.25
PHY-3001 : :::2::: Try harder cell spreading with beta_ = 0.00012227
PHY-3002 : Step(95): len = 15206.4, overlap = 25.5
PHY-3002 : Step(96): len = 15641.6, overlap = 24
PHY-3002 : Step(97): len = 15885.1, overlap = 21.5
PHY-3001 : :::3::: Try harder cell spreading with beta_ = 0.000244539
PHY-3002 : Step(98): len = 16386.7, overlap = 22
PHY-3002 : Step(99): len = 16386.7, overlap = 22
PHY-3002 : Step(100): len = 16437.6, overlap = 21.75
PHY-3002 : Step(101): len = 16483.1, overlap = 22.25
PHY-3002 : Step(102): len = 16642.8, overlap = 21.25
PHY-3001 : Legalization ...
PHY-3001 : End legalization;  0.084168s wall, 0.000000s user + 0.000000s system = 0.000000s CPU (n/a%)

PHY-3001 : Trial Legalized: Len = 18505
PHY-3001 : Run with size of 1
PHY-3001 : Cell area utilization is 10%
PHY-3001 : :::0::: Try harder cell spreading with beta_ = 0.000283079
PHY-3002 : Step(103): len = 17069.6, overlap = 6.5
PHY-3002 : Step(104): len = 16325.4, overlap = 9.75
PHY-3002 : Step(105): len = 16265.1, overlap = 10
PHY-3002 : Step(106): len = 16283, overlap = 10.5
PHY-3002 : Step(107): len = 16330.6, overlap = 10.75
PHY-3002 : Step(108): len = 16309, overlap = 12.25
PHY-3002 : Step(109): len = 16294.7, overlap = 12
PHY-3001 : :::1::: Try harder cell spreading with beta_ = 0.000566158
PHY-3002 : Step(110): len = 16440.6, overlap = 12.5
PHY-3002 : Step(111): len = 16522.1, overlap = 12.25
PHY-3002 : Step(112): len = 16570.2, overlap = 11.75
PHY-3001 : :::2::: Try harder cell spreading with beta_ = 0.0010595
PHY-3002 : Step(113): len = 16649.3, overlap = 10.25
PHY-3002 : Step(114): len = 16735.4, overlap = 10.75
PHY-3001 : Legalization ...
PHY-3001 : End legalization;  0.003069s wall, 0.000000s user + 0.000000s system = 0.000000s CPU (n/a%)

PHY-3001 : Legalized: Len = 17235, Over = 0
PHY-3001 : End spreading;  0.001611s wall, 0.000000s user + 0.000000s system = 0.000000s CPU (n/a%)

PHY-3001 : Final: Len = 17235, Over = 0
RUN-1003 : finish command "place" in  3.111900s wall, 0.656250s user + 0.359375s system = 1.015625s CPU (32.6%)

RUN-1004 : used memory is 135 MB, reserved memory is 105 MB, peak memory is 148 MB
RUN-1002 : start command "export_db FOC_Controller_place.db"
RUN-1001 : Exported /
RUN-1001 : Exported flow parameters
RUN-1001 : Exported libs
RUN-1001 : Exported entities
RUN-1001 : Exported ports
RUN-1001 : Exported pins
RUN-1001 : Exported instances
RUN-1001 : Exported nets
RUN-1001 : Exported buses
RUN-1001 : Exported models
RUN-1001 : Exported congestions
RUN-1001 : Exported violations
RUN-1001 : Exported IO constraints
RUN-1001 : Exported Inst constraints
RUN-1002 : start command "route"
RUN-1001 : Open license file D:/Anlogic/TD5.6.2/license/Anlogic.lic
RUN-1001 : Print Global Property
RUN-1001 : ---------------------------------------------------------------
RUN-1001 :        Parameters        |  Settings  |  Default Values  |  Note  
RUN-1001 : ---------------------------------------------------------------
RUN-1001 :          message         |  standard  |     standard     |        
RUN-1001 :   mixed_pack_place_flow  |     on     |        on        |        
RUN-1001 :        qor_monitor       |    off     |       off        |        
RUN-1001 :        syn_ip_flow       |    off     |       off        |        
RUN-1001 :          thread          |    auto    |       auto       |        
RUN-1001 : ---------------------------------------------------------------
RUN-1001 : Print Route Property
RUN-1001 : -------------------------------------------------------
RUN-1001 :    Parameters    |  Settings  |  Default Values  |  Note  
RUN-1001 : -------------------------------------------------------
RUN-1001 :      effort      |   medium   |      medium      |        
RUN-1001 :     fix_hold     |    off     |       off        |        
RUN-1001 :    opt_timing    |   medium   |      medium      |        
RUN-1001 :   phy_sim_model  |    off     |       off        |        
RUN-1001 :     priority     |   timing   |      timing      |        
RUN-1001 :     swap_pin     |     on     |        on        |        
RUN-1001 : -------------------------------------------------------
PHY-1001 : Route runs in 12 thread(s)
RUN-1001 : There are total 254 instances
RUN-1001 : 114 mslices, 115 lslices, 17 pads, 0 brams, 2 dsps
RUN-1001 : There are total 660 nets
RUN-6004 WARNING: There are 3 nets with only 1 pin.
RUN-1001 : 451 nets have 2 pins
RUN-1001 : 153 nets have [3 - 5] pins
RUN-1001 : 22 nets have [6 - 10] pins
RUN-1001 : 7 nets have [11 - 20] pins
RUN-1001 : 23 nets have [21 - 99] pins
RUN-1001 : 1 nets have 100+ pins
RUN-1002 : start command "start_timer -report"
TMR-5001 WARNING: No sdc constraints found while initiating timer.
TMR-2505 : Start building timing graph for model fpga_top.
TMR-2506 : Build timing graph completely. Port num: 11, tpin num: 2439, tnet num: 658, tinst num: 252, tnode num: 2991, tedge num: 4258.
TMR-2508 : Levelizing timing graph completed, there are 39 levels in total.
TMR-2501 : Timing graph initialized successfully.
PHY-1001 : 114 mslices, 115 lslices, 17 pads, 0 brams, 2 dsps
TMR-2503 : Start to update net delay, extr mode = 3.
TMR-2504 : Update delay of 658 nets completely.
TMR-2502 : Annotate delay completely, extr mode = 3.
TMR-3002 : No user constraint, initiate default constraint.
TMR-1501 : Assign derive clock DeriveClock to 272 clock pins, and constraint 552 relative nodes.
TMR-3003 : Constraints initiated successfully.
TMR-3501 : Forward propagation: start to calculate arrival time...
TMR-3502 : Backward propagation: start to calculate required time...
TMR-3503 : Timing propagation completes.
PHY-1001 : Start global routing, caller is route ...
RUN-1001 : Generating global routing grids ...
PHY-1001 : Generate routing nets ...
PHY-1001 : Global iterations in 12 thread ...
PHY-1002 : len = 21048, over cnt = 50(0%), over = 90, worst = 6
PHY-1002 : len = 21720, over cnt = 18(0%), over = 19, worst = 2
PHY-1002 : len = 21960, over cnt = 0(0%), over = 0, worst = 0
PHY-1001 : End global iterations;  0.069824s wall, 0.000000s user + 0.000000s system = 0.000000s CPU (n/a%)

PHY-1001 : Congestion index: top1 = 29.65, top5 = 22.67, top10 = 17.38, top15 = 13.68.
PHY-1001 : End global routing;  0.089893s wall, 0.000000s user + 0.000000s system = 0.000000s CPU (n/a%)

PHY-1001 : Start detail routing ...
PHY-1001 : Current memory(MB): used = 167, reserve = 136, peak = 177.
PHY-1001 : Detailed router is running in normal mode.
PHY-1001 : Generate detailed routing grids ...
PHY-1001 : Generate nets ...
PHY-1001 : net I_clk_25m_dup_1 will be routed on clock mesh
PHY-5010 WARNING: Net u_ahb_hall_sensor/I_ahb_hsize[2] is skipped due to 0 input or output
PHY-5010 WARNING: Net u_ahb_hall_sensor/I_ahb_hsize[1] is skipped due to 0 input or output
PHY-5010 WARNING: Net u_ahb_hall_sensor/I_ahb_hsize[0] is skipped due to 0 input or output
PHY-1001 : clock net u_mcu/hclk will be merged with clock u_pll/clk0_buf
PHY-1001 : net u_ahb_hall_sensor/hall_sendor_u1/clk will be routed on clock mesh
PHY-5010 WARNING: Net u_ahb_hall_sensor/I_ahb_hsize[2] is skipped due to 0 input or output
PHY-5010 WARNING: Net u_ahb_hall_sensor/I_ahb_hsize[1] is skipped due to 0 input or output
PHY-5010 WARNING: Net u_ahb_hall_sensor/I_ahb_hsize[0] is skipped due to 0 input or output
PHY-1001 : Current memory(MB): used = 263, reserve = 234, peak = 263.
PHY-1001 : End build detailed router design. 1.727438s wall, 0.843750s user + 0.000000s system = 0.843750s CPU (48.8%)

PHY-1001 : Detail Route ...
PHY-1001 : ===== Detail Route Phase 1 =====
PHY-1001 : Clock net routing.....
PHY-1001 : Routed 0% nets.
PHY-1022 : len = 6608, over cnt = 0(0%), over = 0, worst = 0, crit = 0
PHY-1001 : End initial clock net routed; 0.204329s wall, 0.187500s user + 0.000000s system = 0.187500s CPU (91.8%)

PHY-1001 : Current memory(MB): used = 273, reserve = 244, peak = 273.
PHY-1001 : End phase 1; 0.206092s wall, 0.187500s user + 0.000000s system = 0.187500s CPU (91.0%)

PHY-1001 : ===== Detail Route Phase 2 =====
PHY-1001 : Initial routing.....
PHY-1001 : Routed 39% nets.
PHY-1001 : Routed 46% nets.
PHY-1001 : Routed 57% nets.
PHY-1001 : Routed 71% nets.
PHY-1001 : Routed 87% nets.
PHY-1022 : len = 54368, over cnt = 17(0%), over = 17, worst = 1, crit = 0
PHY-1001 : Current memory(MB): used = 273, reserve = 244, peak = 274.
PHY-1001 : End initial routed; 0.473817s wall, 0.125000s user + 0.000000s system = 0.125000s CPU (26.4%)

PHY-1001 : Current memory(MB): used = 273, reserve = 244, peak = 274.
PHY-1001 : End phase 2; 0.473892s wall, 0.125000s user + 0.000000s system = 0.125000s CPU (26.4%)

PHY-1001 : ===== Detail Route Phase 3 =====
PHY-1001 : Ripup-reroute.....
PHY-1001 : ===== DR Iter 1 =====
PHY-1022 : len = 54336, over cnt = 5(0%), over = 5, worst = 1, crit = 0
PHY-1001 : End DR Iter 1; 0.015897s wall, 0.000000s user + 0.000000s system = 0.000000s CPU (n/a%)

PHY-1001 : ===== DR Iter 2 =====
PHY-1022 : len = 54416, over cnt = 0(0%), over = 0, worst = 0, crit = 0
PHY-1001 : End DR Iter 2; 0.010795s wall, 0.000000s user + 0.000000s system = 0.000000s CPU (n/a%)

PHY-1001 : Commit to database.....
PHY-5014 WARNING: Detail route doesn't find pib for u_pll/pll_inst.frac_offset_valid[0]
PHY-5014 WARNING: Detail route doesn't find pib for u_pll/pll_inst.ssc_en[0]
PHY-5014 WARNING: Detail route doesn't find pib for u_pll/pll_inst.dsm_rst[0]
PHY-5014 WARNING: Detail route doesn't find pib for u_pll/pll_inst.dsm_refclk[0]
PHY-1001 : 1 feed throughs used by 1 nets
PHY-1001 : End commit to database; 0.086361s wall, 0.046875s user + 0.000000s system = 0.046875s CPU (54.3%)

PHY-1001 : Current memory(MB): used = 282, reserve = 253, peak = 282.
PHY-1001 : End phase 3; 0.150517s wall, 0.078125s user + 0.000000s system = 0.078125s CPU (51.9%)

PHY-1003 : Routed, final wirelength = 54416
PHY-1001 : Current memory(MB): used = 282, reserve = 253, peak = 282.
PHY-1001 : End export database. 0.003259s wall, 0.000000s user + 0.000000s system = 0.000000s CPU (n/a%)

PHY-1001 : End detail routing;  2.664713s wall, 1.265625s user + 0.000000s system = 1.265625s CPU (47.5%)

RUN-1003 : finish command "route" in  2.952093s wall, 1.375000s user + 0.015625s system = 1.390625s CPU (47.1%)

RUN-1004 : used memory is 249 MB, reserved memory is 221 MB, peak memory is 282 MB
RUN-1002 : start command "report_area -io_info -file FOC_Controller_phy.area"
RUN-1001 : standard
***Report Model: fpga_top Device: SF1S60CG121I***

IO Statistics
#IO                        11
  #input                    9
  #output                   2
  #inout                    0

Utilization Statistics
#lut                      396   out of   5824    6.80%
#reg                      238   out of   5824    4.09%
#le                       444
  #lut only               206   out of    444   46.40%
  #reg only                48   out of    444   10.81%
  #lut&reg                190   out of    444   42.79%
#dsp                        2   out of     10   20.00%
#bram                       0   out of     26    0.00%
  #bram9k                   0
  #fifo9k                   0
#hard-ip                    1
  #mcu                      1   out of      1  100.00%
  #dsc                      0   out of      1    0.00%
  #dsi                      0   out of      2    0.00%
  #psram controller         0   out of      2    0.00%
#pad                       11   out of     55   20.00%
  #ireg                     0
  #oreg                     0
  #treg                     0
#pll                        1   out of      2   50.00%
#gclk                       1   out of     16    6.25%

Clock Resource Statistics
Index     ClockNet                                Type               DriverType         Driver                  Fanout
#1        u_ahb_hall_sensor/hall_sendor_u1/clk    GCLK               pll                u_pll/pll_inst.clkc1    71
#2        u_pll/clk0_buf                          GCLK               pll                u_pll/pll_inst.clkc0    68
#3        I_clk_25m_dup_1                         GCLK               io                 I_clk_25m_syn_2.di      1


Detailed IO Report

     Name       Direction    Location    IOStandard    DriveStrength    PullType    PackReg  
  I_clk_25m       INPUT         D7        LVCMOS18          N/A          PULLUP      NONE    
   I_hall_u       INPUT        C10        LVCMOS18          N/A          PULLUP      NONE    
   I_hall_v       INPUT        C11        LVCMOS18          N/A          PULLUP      NONE    
   I_hall_w       INPUT        E11        LVCMOS18          N/A          PULLUP      NONE    
  I_jtag_tck      INPUT         C7        LVCMOS18          N/A          PULLUP      NONE    
  I_jtag_tdi      INPUT         D5        LVCMOS18          N/A          PULLUP      NONE    
  I_jtag_tms      INPUT         D6        LVCMOS18          N/A          PULLUP      NONE    
   I_rst_n        INPUT         J2        LVCMOS18          N/A          PULLUP      NONE    
  I_uart_rx       INPUT         E4        LVCMOS18          N/A          PULLUP      NONE    
  O_jtag_tdo     OUTPUT         C6        LVCMOS18           8            NONE       NONE    
  O_uart_tx      OUTPUT         A4        LVCMOS18           8            NONE       NONE    
  hold_n_io3     OUTPUT        S6_1       LVCMOS18           8            NONE       NONE    
   mosi_io0       INOUT        S6_5       LVCMOS18           8           PULLUP      NONE    

Report Hierarchy Area:
+------------------------------------------------------------------------------------------+
|Instance            |Module          |le     |lut     |ripple  |seq     |bram    |dsp     |
+------------------------------------------------------------------------------------------+
|top                 |fpga_top        |444    |320     |76      |238     |0       |2       |
|  u_ahb_hall_sensor |ahb2hall_sensor |432    |314     |70      |238     |0       |2       |
|    hall_sendor_u1  |hall_sensor     |282    |204     |70      |104     |0       |2       |
|  u_mcu             |MCU             |0      |0       |0       |0       |0       |0       |
|  u_pll             |pll             |0      |0       |0       |0       |0       |0       |
+------------------------------------------------------------------------------------------+


DataNet Average Fanout:

   Index     Fanout    Nets  
    #1         1       440   
    #2         2       139   
    #3         3        9    
    #4         4        4    
    #5        5-10      24   
    #6       11-50      22   
    #7       51-100     3    
  Average     2.53           

RUN-1002 : start command "export_db FOC_Controller_pr.db"
RUN-1001 : Exported /
RUN-1001 : Exported flow parameters
RUN-1001 : Exported libs
RUN-1001 : Exported entities
RUN-1001 : Exported ports
RUN-1001 : Exported pins
RUN-1001 : Exported instances
RUN-1001 : Exported nets
RUN-1001 : Exported buses
RUN-1001 : Exported models
RUN-1001 : Exported congestions
RUN-1001 : Exported violations
RUN-1001 : Exported IO constraints
RUN-1001 : Exported Inst constraints
RUN-1002 : start command "export_bid FOC_Controller_inst.bid"
RUN-1002 : start command "bitgen -bit FOC_Controller.bit"
BIT-1003 : Start to generate bitstream. 
BIT-1002 : Init instances with 12 threads.
BIT-1002 : Init instances completely, inst num: 252
BIT-1002 : Init pips with 12 threads.
BIT-1002 : Init pips completely, net num: 660, pip num: 5421
BIT-1002 : Init feedthrough completely, num: 1
BIT-1003 : Multithreading accelaration with 12 threads.
BIT-1003 : Generate bitstream completely, there are 519 valid insts, and 14557 bits set as '1'.
BIT-1004 : Generate bits file FOC_Controller.bit.
RUN-1003 : finish command "bitgen -bit FOC_Controller.bit" in  1.177812s wall, 4.562500s user + 0.062500s system = 4.625000s CPU (392.7%)

RUN-1004 : used memory is 247 MB, reserved memory is 218 MB, peak memory is 431 MB
RUN-1002 : start command "backup_run_log run.log ../.logs/phy_1/td_20231106_131224.log"
