============================================================
   Tang Dynasty, V5.6.71036
      Copyright (c) 2012-2023 Anlogic Inc.
   Executable = D:/Anlogic/TD5.6.2/bin/td.exe
   Built at =   20:34:38 Mar 21 2023
   Run by =     15597
   Run Date =   Tue Nov  7 21:29:54 2023

   Run on =     XR097-DELL-G7
============================================================
RUN-1002 : start command "open_project FOC_Controller.prj"
RUN-1001 : Print Global Property
RUN-1001 : ---------------------------------------------------------------
RUN-1001 :        Parameters        |  Settings  |  Default Values  |  Note  
RUN-1001 : ---------------------------------------------------------------
RUN-1001 :          message         |  standard  |     standard     |        
RUN-1001 :   mixed_pack_place_flow  |     on     |        on        |        
RUN-1001 :        qor_monitor       |    off     |       off        |        
RUN-1001 :        syn_ip_flow       |    off     |       off        |        
RUN-1001 :          thread          |    auto    |       auto       |        
RUN-1001 : ---------------------------------------------------------------
RUN-1001 : Print Design Property
RUN-1001 : --------------------------------------------------------------
RUN-1001 :        Parameters       |  Settings  |  Default Values  |  Note  
RUN-1001 : --------------------------------------------------------------
RUN-1001 :   default_reg_initial   |    auto    |       auto       |        
RUN-1001 :        infer_add        |     on     |        on        |        
RUN-1001 :        infer_fsm        |    off     |       off        |        
RUN-1001 :        infer_mult       |     on     |        on        |        
RUN-1001 :        infer_ram        |     on     |        on        |        
RUN-1001 :        infer_reg        |     on     |        on        |        
RUN-1001 :   infer_reg_init_value  |     on     |        on        |        
RUN-1001 :        infer_rom        |     on     |        on        |        
RUN-1001 :      infer_shifter      |     on     |        on        |        
RUN-1001 : --------------------------------------------------------------
RUN-1001 : Print Rtl Property
RUN-1001 : --------------------------------------------------------------
RUN-1001 :        Parameters       |  Settings  |  Default Values  |  Note  
RUN-1001 : --------------------------------------------------------------
RUN-1001 :       compress_add      |   ripple   |      ripple      |        
RUN-1001 :        elf_sload        |    off     |       off        |        
RUN-1001 :       fix_undriven      |     0      |        0         |        
RUN-1001 :         flatten         |    off     |       off        |        
RUN-1001 :       gate_sharing      |     on     |        on        |        
RUN-1001 :    hdl_warning_level    |   normal   |      normal      |        
RUN-1001 :   impl_internal_tribuf  |     on     |        on        |        
RUN-1001 :      impl_set_reset     |     on     |        on        |        
RUN-1001 :        infer_gsr        |    off     |       off        |        
RUN-1001 :      keep_hierarchy     |    auto    |       auto       |        
RUN-1001 :        max_fanout       |    9999    |       9999       |        
RUN-1001 :      max_oh2bin_len     |     10     |        10        |        
RUN-1001 :       merge_equal       |     on     |        on        |        
RUN-1001 :       merge_equiv       |     on     |        on        |        
RUN-1001 :        merge_mux        |    off     |       off        |        
RUN-1001 :     min_control_set     |     8      |        8         |        
RUN-1001 :      min_ripple_len     |    auto    |       auto       |        
RUN-1001 :       oh2bin_ratio      |    0.08    |       0.08       |        
RUN-1001 :     opt_adder_fanout    |     on     |        on        |        
RUN-1001 :        opt_arith        |     on     |        on        |        
RUN-1001 :       opt_big_gate      |    off     |       off        |        
RUN-1001 :        opt_const        |     on     |        on        |        
RUN-1001 :      opt_const_mult     |     on     |        on        |        
RUN-1001 :       opt_lessthan      |     on     |        on        |        
RUN-1001 :         opt_mux         |    off     |       off        |        
RUN-1001 :         opt_ram         |    high    |       high       |        
RUN-1001 :      rtl_sim_model      |    off     |       off        |        
RUN-1001 :         seq_syn         |     on     |        on        |        
RUN-1001 : --------------------------------------------------------------
HDL-1007 : analyze verilog file ../../RTL/foc/svpwm.v
HDL-1007 : analyze verilog file ../../TOP_test.v
RUN-1001 : Project manager successfully analyzed 2 source files.
RUN-1002 : start command "import_device sf1_6.db -package SF1S60CG121I"
ARC-1001 : Device Initialization.
ARC-1001 : -------------------------------------------------
ARC-1001 :       OPTION       |      IO       |   SETTING   
ARC-1001 : -------------------------------------------------
ARC-1001 :        done        |      B4       |    gpio    
ARC-1001 :        initn       |      A5       |    gpio    
ARC-1001 :       jtagen       |      B7       |    gpio    
ARC-1001 :      programn      |      B5       |  dedicate  
ARC-1001 :   tdi/tms/tck/tdo  |  C4/A6/A7/C5  |  dedicate  
ARC-1001 : -------------------------------------------------
ARC-1004 : Device setting, marked 5 dedicate IOs in total.
RUN-1002 : start command "import_db ../syn_1/FOC_Controller_gate.db"
RUN-1001 : Importing database generated by Tang Dynasty, V5.6.71036.
RUN-1001 : Database version number 46146.
RUN-1001 : Import flow parameters
RUN-1001 : Import IO constraints
RUN-1001 : Import Inst constraints
RUN-1001 : Import design success TD_VERSION=5.6.71036 , DB_VERSION=46146
RUN-1002 : start command "place"
RUN-1001 : Open license file D:/Anlogic/TD5.6.2/license/Anlogic.lic
RUN-1001 : Print Global Property
RUN-1001 : ---------------------------------------------------------------
RUN-1001 :        Parameters        |  Settings  |  Default Values  |  Note  
RUN-1001 : ---------------------------------------------------------------
RUN-1001 :          message         |  standard  |     standard     |        
RUN-1001 :   mixed_pack_place_flow  |     on     |        on        |        
RUN-1001 :        qor_monitor       |    off     |       off        |        
RUN-1001 :        syn_ip_flow       |    off     |       off        |        
RUN-1001 :          thread          |    auto    |       auto       |        
RUN-1001 : ---------------------------------------------------------------
RUN-1001 : Print Place Property
RUN-1001 : --------------------------------------------------------------
RUN-1001 :        Parameters       |  Settings  |  Default Values  |  Note  
RUN-1001 : --------------------------------------------------------------
RUN-1001 :      detailed_place     |     on     |        on        |        
RUN-1001 :          effort         |   medium   |      medium      |        
RUN-1001 :         fix_hold        |    off     |       off        |        
RUN-1001 :       legalization      |    ori     |       ori        |        
RUN-1001 :      new_spreading      |     on     |        on        |        
RUN-1001 :        opt_timing       |   medium   |      medium      |        
RUN-1001 :   post_clock_route_opt  |    off     |       off        |        
RUN-1001 :       pr_strategy       |     1      |        1         |        
RUN-1001 :        relaxation       |    1.00    |       1.00       |        
RUN-1001 :         retiming        |    off     |       off        |        
RUN-1001 : --------------------------------------------------------------
PHY-3001 : Placer runs in 12 thread(s).
RUN-1002 : start command "legalize_phy_inst"
SYN-1011 : Flatten model TOP_test
RUN-1002 : start command "phys_opt -simplify_lut"
SYN-4024 : Net "clk_25m_dup_1" drives clk pins.
SYN-4025 : Tag rtl::Net clk_25m_dup_1 as clock net
SYN-4026 : Tagged 1 rtl::Net as clock net
PHY-1001 : Populate physical database on model TOP_test.
RUN-1001 : There are total 455 instances
RUN-0007 : 119 luts, 215 seqs, 67 mslices, 37 lslices, 12 pads, 1 brams, 1 dsps
RUN-1001 : There are total 597 nets
RUN-1001 : 430 nets have 2 pins
RUN-1001 : 124 nets have [3 - 5] pins
RUN-1001 : 23 nets have [6 - 10] pins
RUN-1001 : 11 nets have [11 - 20] pins
RUN-1001 : 5 nets have [21 - 99] pins
RUN-1001 : 4 nets have 100+ pins
RUN-1001 : Report Control nets information:
RUN-1001 : DFF Distribution
RUN-1001 : ----------------------------------
RUN-1001 :   CE   |  SSR  |  ASR  |  DFF Count  
RUN-1001 : ----------------------------------
RUN-1001 :   No   |  No   |  No   |     26      
RUN-1001 :   No   |  No   |  Yes  |     58      
RUN-1001 :   No   |  Yes  |  No   |      9      
RUN-1001 :   Yes  |  No   |  No   |      0      
RUN-1001 :   Yes  |  No   |  Yes  |     122     
RUN-1001 :   Yes  |  Yes  |  No   |      0      
RUN-1001 : ----------------------------------
RUN-0007 : Control Group Statistic
RUN-0007 : ---------------------------
RUN-0007 :   #CLK  |  #CE  |  #SSR/ASR  
RUN-0007 : ---------------------------
RUN-0007 :    1    |   6   |     3      
RUN-0007 : ---------------------------
RUN-0007 : Control Set = 8
PHY-3001 : Initial placement ...
PHY-3001 : design contains 453 instances, 119 luts, 215 seqs, 104 slices, 21 macros(104 instances: 67 mslices 37 lslices)
PHY-0007 : Cell area utilization is 5%
PHY-3001 : Global placement ...
PHY-3001 : Initial: Len = 91662.8
PHY-3001 : Run with size of 3
PHY-3001 : Cell area utilization is 5%
PHY-3001 : :::0::: Try harder cell spreading with beta_ = 0
PHY-3002 : Step(1): len = 56564.6, overlap = 4.25
PHY-3002 : Step(2): len = 48820.6, overlap = 4.25
PHY-3002 : Step(3): len = 28762.3, overlap = 4.25
PHY-3002 : Step(4): len = 23410.8, overlap = 4.25
PHY-3002 : Step(5): len = 20105.5, overlap = 4.25
PHY-3002 : Step(6): len = 17765.2, overlap = 0
PHY-3002 : Step(7): len = 15431.5, overlap = 2
PHY-3002 : Step(8): len = 13566.2, overlap = 4.25
PHY-3002 : Step(9): len = 12466.1, overlap = 4.75
PHY-3002 : Step(10): len = 10804.6, overlap = 5
PHY-3002 : Step(11): len = 10270.5, overlap = 5.875
PHY-3002 : Step(12): len = 10177.4, overlap = 5.84375
PHY-3001 : :::1::: Try harder cell spreading with beta_ = 0.000149869
PHY-3002 : Step(13): len = 10164, overlap = 6
PHY-3002 : Step(14): len = 10055.6, overlap = 1.75
PHY-3002 : Step(15): len = 10013.3, overlap = 1.75
PHY-3002 : Step(16): len = 9568.6, overlap = 3.75
PHY-3002 : Step(17): len = 9491.6, overlap = 6
PHY-3002 : Step(18): len = 8844.6, overlap = 3
PHY-3002 : Step(19): len = 8632.6, overlap = 2.78125
PHY-3002 : Step(20): len = 8683.4, overlap = 2.90625
PHY-3002 : Step(21): len = 8403.4, overlap = 3.25
PHY-3002 : Step(22): len = 8403.4, overlap = 3.25
PHY-3002 : Step(23): len = 8354.8, overlap = 3
PHY-3002 : Step(24): len = 8331.4, overlap = 3
PHY-3002 : Step(25): len = 8209.8, overlap = 2.9375
PHY-3001 : :::2::: Try harder cell spreading with beta_ = 0.000299737
PHY-3002 : Step(26): len = 8292.1, overlap = 2.9375
PHY-3002 : Step(27): len = 8309.3, overlap = 2.9375
PHY-3001 : :::3::: Try harder cell spreading with beta_ = 0.000599475
PHY-3002 : Step(28): len = 8303.5, overlap = 3.0625
PHY-3002 : Step(29): len = 8288.8, overlap = 3.0625
PHY-3001 : Legalization ...
PHY-3001 : End legalization;  0.003994s wall, 0.000000s user + 0.000000s system = 0.000000s CPU (n/a%)

PHY-3001 : Run with size of 3
PHY-3001 : Cell area utilization is 7%
PHY-3001 : :::0::: Try harder cell spreading with beta_ = 1.80243e-05
PHY-3002 : Step(30): len = 9424.9, overlap = 6.0625
PHY-3002 : Step(31): len = 9621.9, overlap = 5.6875
PHY-3002 : Step(32): len = 8697.9, overlap = 14.7812
PHY-3002 : Step(33): len = 8322.1, overlap = 18.0938
PHY-3002 : Step(34): len = 7814.6, overlap = 16.9375
PHY-3002 : Step(35): len = 7840.9, overlap = 17.2188
PHY-3002 : Step(36): len = 7523.5, overlap = 19.4375
PHY-3002 : Step(37): len = 7566.9, overlap = 19.0625
PHY-3002 : Step(38): len = 7590.2, overlap = 20.125
PHY-3002 : Step(39): len = 7528.7, overlap = 21.5625
PHY-3002 : Step(40): len = 7224.9, overlap = 22
PHY-3002 : Step(41): len = 7269.1, overlap = 22
PHY-3002 : Step(42): len = 7255.7, overlap = 23.5625
PHY-3001 : :::1::: Try harder cell spreading with beta_ = 3.60486e-05
PHY-3002 : Step(43): len = 7085.5, overlap = 23.25
PHY-3002 : Step(44): len = 7145.4, overlap = 22.75
PHY-3002 : Step(45): len = 7209.9, overlap = 22.75
PHY-3001 : :::2::: Try harder cell spreading with beta_ = 7.20971e-05
PHY-3002 : Step(46): len = 7401.1, overlap = 22.0625
PHY-3002 : Step(47): len = 7401.1, overlap = 22.0625
PHY-3002 : Step(48): len = 7303.5, overlap = 22.6875
PHY-3001 : :::3::: Try harder cell spreading with beta_ = 0.000144194
PHY-3002 : Step(49): len = 7608.4, overlap = 20.4688
PHY-3002 : Step(50): len = 7650.6, overlap = 20.4688
PHY-3002 : Step(51): len = 7760.2, overlap = 20.3438
PHY-3001 : :::4::: Try harder cell spreading with beta_ = 0.000288388
PHY-3002 : Step(52): len = 7784.6, overlap = 12.5938
PHY-3002 : Step(53): len = 7802.7, overlap = 12.5938
PHY-3002 : Step(54): len = 7808.2, overlap = 11.0312
PHY-3001 : Run with size of 1
PHY-3001 : Cell area utilization is 7%
PHY-3001 : :::0::: Try harder cell spreading with beta_ = 1.15358e-05
PHY-3002 : Step(55): len = 8057.9, overlap = 48.1562
PHY-3002 : Step(56): len = 8057.9, overlap = 48.1562
PHY-3002 : Step(57): len = 7730.6, overlap = 47.5
PHY-3002 : Step(58): len = 7743.5, overlap = 47.0938
PHY-3002 : Step(59): len = 7937.6, overlap = 41.6875
PHY-3002 : Step(60): len = 8084, overlap = 40.8438
PHY-3002 : Step(61): len = 7867.4, overlap = 39.2812
PHY-3002 : Step(62): len = 7861.9, overlap = 39.4062
PHY-3002 : Step(63): len = 7870.6, overlap = 39.1562
PHY-3001 : :::1::: Try harder cell spreading with beta_ = 2.30715e-05
PHY-3002 : Step(64): len = 7764.4, overlap = 38.6562
PHY-3002 : Step(65): len = 7897.4, overlap = 37.375
PHY-3002 : Step(66): len = 7897.4, overlap = 37.375
PHY-3001 : :::2::: Try harder cell spreading with beta_ = 4.6143e-05
PHY-3002 : Step(67): len = 8104.3, overlap = 36.4375
PHY-3002 : Step(68): len = 8224.2, overlap = 36
PHY-3002 : Step(69): len = 8382.2, overlap = 35.3438
PHY-3001 : :::3::: Try harder cell spreading with beta_ = 9.22861e-05
PHY-3002 : Step(70): len = 8469.9, overlap = 34.0312
PHY-3002 : Step(71): len = 8594.8, overlap = 35.25
PHY-3002 : Step(72): len = 8732.8, overlap = 30.1562
PHY-3002 : Step(73): len = 8774.7, overlap = 29.0938
PHY-3002 : Step(74): len = 8804, overlap = 28.8438
PHY-3001 : :::4::: Try harder cell spreading with beta_ = 0.000184572
PHY-3002 : Step(75): len = 8918, overlap = 27.5
PHY-3002 : Step(76): len = 8944.6, overlap = 28
PHY-3002 : Step(77): len = 9114.5, overlap = 27.2812
PHY-3001 : :::5::: Try harder cell spreading with beta_ = 0.000369144
PHY-3002 : Step(78): len = 9337.1, overlap = 27.3125
PHY-3002 : Step(79): len = 9432.7, overlap = 27.3125
PHY-3002 : Step(80): len = 9409.2, overlap = 27.4062
PHY-3001 : :::6::: Try harder cell spreading with beta_ = 0.000698695
PHY-3002 : Step(81): len = 9572.8, overlap = 26.9688
PHY-3002 : Step(82): len = 9810.1, overlap = 26.2188
PHY-3002 : Step(83): len = 9889.4, overlap = 24.7812
PHY-3002 : Step(84): len = 9893.1, overlap = 24.7188
PHY-3002 : Step(85): len = 9814.7, overlap = 24.4688
PHY-3001 : :::7::: Try harder cell spreading with beta_ = 0.00139739
PHY-3002 : Step(86): len = 9878.1, overlap = 24.3125
PHY-3002 : Step(87): len = 9912.2, overlap = 24.1875
PHY-3001 : :::8::: Try harder cell spreading with beta_ = 0.00279478
PHY-3002 : Step(88): len = 10090.7, overlap = 24.2188
PHY-3002 : Step(89): len = 10090.7, overlap = 24.2188
PHY-3002 : Step(90): len = 10095.3, overlap = 24.3125
PHY-3001 : :::9::: Try harder cell spreading with beta_ = 0.00558956
PHY-3002 : Step(91): len = 10276.7, overlap = 24
PHY-3002 : Step(92): len = 10369.4, overlap = 23.75
PHY-3002 : Step(93): len = 10398.7, overlap = 23.3438
PHY-3002 : Step(94): len = 10404.7, overlap = 23.25
PHY-3002 : Step(95): len = 10378.3, overlap = 23.3125
PHY-3001 : :::10::: Try harder cell spreading with beta_ = 0.0111791
PHY-3002 : Step(96): len = 10385.8, overlap = 23.5
PHY-3002 : Step(97): len = 10393, overlap = 23.375
PHY-3001 : :::11::: Try harder cell spreading with beta_ = 0.0205761
PHY-3002 : Step(98): len = 10409.5, overlap = 23.125
PHY-3002 : Step(99): len = 10427.2, overlap = 23.125
PHY-3001 : :::12::: Try harder cell spreading with beta_ = 0.0332922
PHY-3002 : Step(100): len = 10443, overlap = 23.1875
PHY-3002 : Step(101): len = 10538.2, overlap = 23.2812
OPT-1001 : Start physical optimization ...
OPT-1001 : Total overflow 23.28 peak overflow 1.25
OPT-1001 : Start high-fanout net optimization ...
OPT-1001 : Update timing in global mode
PHY-1001 : Start incremental global routing, caller is place ...
RUN-1001 : Generating global routing grids ...
RUN-1001 : Building simple global routing graph ...
PHY-1001 : Generate routing nets ...
PHY-1001 : Reuse net number 0/597.
PHY-1001 : Global iterations in 12 thread ...
PHY-1002 : len = 12728, over cnt = 80(0%), over = 254, worst = 10
PHY-1001 : End global iterations;  0.040047s wall, 0.015625s user + 0.000000s system = 0.015625s CPU (39.0%)

PHY-1001 : Congestion index: top1 = 29.65, top5 = 20.49, top10 = 14.62, top15 = 10.59.
PHY-1001 : End incremental global routing;  0.060367s wall, 0.015625s user + 0.000000s system = 0.015625s CPU (25.9%)

RUN-1002 : start command "start_timer -report"
TMR-5001 WARNING: No sdc constraints found while initiating timer.
TMR-2505 : Start building timing graph for model TOP_test.
TMR-2506 : Build timing graph completely. Port num: 12, tpin num: 2173, tnet num: 595, tinst num: 453, tnode num: 2935, tedge num: 3521.
TMR-2508 : Levelizing timing graph completed, there are 21 levels in total.
TMR-2501 : Timing graph initialized successfully.
OPT-1001 : End timing update;  0.148722s wall, 0.062500s user + 0.000000s system = 0.062500s CPU (42.0%)

OPT-1001 : 0 high-fanout net processed.
OPT-1001 : End high-fanout net optimization;  0.217067s wall, 0.078125s user + 0.000000s system = 0.078125s CPU (36.0%)

OPT-1001 : Current memory(MB): used = 145, reserve = 114, peak = 145.
OPT-1001 : End physical optimization;  0.221509s wall, 0.078125s user + 0.000000s system = 0.078125s CPU (35.3%)

PHY-3001 : Start packing ...
SYN-4007 : Packing 0 MUX to BLE ...
SYN-4008 : Packed 0 MUX and 0 SEQ to BLE.
SYN-4007 : Packing 119 LUT to BLE ...
SYN-4008 : Packed 119 LUT and 95 SEQ to BLE.
SYN-4003 : Packing 120 remaining SEQ's ...
SYN-4005 : Packed 48 SEQ with LUT/SLICE
SYN-4006 : 5 single LUT's are left
SYN-4006 : 72 single SEQ's are left
SYN-4011 : Packing model "TOP_test" (AL_USER_NORMAL) with 191/312 primitive instances ...
PHY-3001 : End packing;  0.013283s wall, 0.000000s user + 0.000000s system = 0.000000s CPU (n/a%)

PHY-1001 : Populate physical database on model TOP_test.
RUN-1001 : There are total 229 instances
RUN-1001 : 106 mslices, 106 lslices, 12 pads, 1 brams, 1 dsps
RUN-1001 : There are total 523 nets
RUN-1001 : 377 nets have 2 pins
RUN-1001 : 103 nets have [3 - 5] pins
RUN-1001 : 24 nets have [6 - 10] pins
RUN-1001 : 12 nets have [11 - 20] pins
RUN-1001 : 3 nets have [21 - 99] pins
RUN-1001 : 4 nets have 100+ pins
PHY-3001 : design contains 227 instances, 212 slices, 21 macros(104 instances: 67 mslices 37 lslices)
PHY-3001 : Cell area utilization is 9%
PHY-3001 : After packing: Len = 10720, Over = 24.25
PHY-3001 : Run with size of 1
PHY-3001 : Cell area utilization is 9%
PHY-3001 : :::0::: Try harder cell spreading with beta_ = 4.38486e-05
PHY-3002 : Step(102): len = 9700.9, overlap = 24.25
PHY-3002 : Step(103): len = 9520.2, overlap = 26.75
PHY-3002 : Step(104): len = 9528.4, overlap = 29.5
PHY-3001 : :::1::: Try harder cell spreading with beta_ = 8.76972e-05
PHY-3002 : Step(105): len = 9810.4, overlap = 26
PHY-3002 : Step(106): len = 10027.1, overlap = 24.5
PHY-3002 : Step(107): len = 10082.1, overlap = 24.5
PHY-3001 : :::2::: Try harder cell spreading with beta_ = 0.000175394
PHY-3002 : Step(108): len = 10423.7, overlap = 23.75
PHY-3002 : Step(109): len = 10582.4, overlap = 23
PHY-3002 : Step(110): len = 10758.3, overlap = 22.25
PHY-3001 : Legalization ...
PHY-3001 : End legalization;  0.072364s wall, 0.000000s user + 0.000000s system = 0.000000s CPU (n/a%)

PHY-3001 : Trial Legalized: Len = 12564
PHY-3001 : Run with size of 1
PHY-3001 : Cell area utilization is 9%
PHY-3001 : :::0::: Try harder cell spreading with beta_ = 0.000280195
PHY-3002 : Step(111): len = 11534.9, overlap = 5.75
PHY-3002 : Step(112): len = 11237.7, overlap = 9.5
PHY-3002 : Step(113): len = 11209.5, overlap = 9.75
PHY-3002 : Step(114): len = 11216.4, overlap = 11
PHY-3002 : Step(115): len = 11154.9, overlap = 9.25
PHY-3001 : :::1::: Try harder cell spreading with beta_ = 0.000560389
PHY-3002 : Step(116): len = 11212.5, overlap = 9
PHY-3002 : Step(117): len = 11239.3, overlap = 8.75
PHY-3002 : Step(118): len = 11273, overlap = 8.25
PHY-3001 : :::2::: Try harder cell spreading with beta_ = 0.00112078
PHY-3002 : Step(119): len = 11358, overlap = 8.25
PHY-3002 : Step(120): len = 11358, overlap = 8.25
PHY-3001 : Legalization ...
PHY-3001 : End legalization;  0.002872s wall, 0.000000s user + 0.000000s system = 0.000000s CPU (n/a%)

PHY-3001 : Legalized: Len = 11812, Over = 0
PHY-3001 : End spreading;  0.001504s wall, 0.000000s user + 0.000000s system = 0.000000s CPU (n/a%)

PHY-3001 : Final: Len = 11812, Over = 0
RUN-1003 : finish command "place" in  3.184462s wall, 0.593750s user + 0.312500s system = 0.906250s CPU (28.5%)

RUN-1004 : used memory is 137 MB, reserved memory is 106 MB, peak memory is 146 MB
RUN-1002 : start command "export_db FOC_Controller_place.db"
RUN-1001 : Exported /
RUN-1001 : Exported flow parameters
RUN-1001 : Exported libs
RUN-1001 : Exported entities
RUN-1001 : Exported ports
RUN-1001 : Exported pins
RUN-1001 : Exported instances
RUN-1001 : Exported nets
RUN-1001 : Exported buses
RUN-1001 : Exported models
RUN-1001 : Exported congestions
RUN-1001 : Exported violations
RUN-1001 : Exported IO constraints
RUN-1001 : Exported Inst constraints
RUN-1002 : start command "route"
RUN-1001 : Open license file D:/Anlogic/TD5.6.2/license/Anlogic.lic
RUN-1001 : Print Global Property
RUN-1001 : ---------------------------------------------------------------
RUN-1001 :        Parameters        |  Settings  |  Default Values  |  Note  
RUN-1001 : ---------------------------------------------------------------
RUN-1001 :          message         |  standard  |     standard     |        
RUN-1001 :   mixed_pack_place_flow  |     on     |        on        |        
RUN-1001 :        qor_monitor       |    off     |       off        |        
RUN-1001 :        syn_ip_flow       |    off     |       off        |        
RUN-1001 :          thread          |    auto    |       auto       |        
RUN-1001 : ---------------------------------------------------------------
RUN-1001 : Print Route Property
RUN-1001 : -------------------------------------------------------
RUN-1001 :    Parameters    |  Settings  |  Default Values  |  Note  
RUN-1001 : -------------------------------------------------------
RUN-1001 :      effort      |   medium   |      medium      |        
RUN-1001 :     fix_hold     |    off     |       off        |        
RUN-1001 :    opt_timing    |   medium   |      medium      |        
RUN-1001 :   phy_sim_model  |    off     |       off        |        
RUN-1001 :     priority     |   timing   |      timing      |        
RUN-1001 :     swap_pin     |     on     |        on        |        
RUN-1001 : -------------------------------------------------------
PHY-1001 : Route runs in 12 thread(s)
RUN-1001 : There are total 229 instances
RUN-1001 : 106 mslices, 106 lslices, 12 pads, 1 brams, 1 dsps
RUN-1001 : There are total 523 nets
RUN-1001 : 377 nets have 2 pins
RUN-1001 : 103 nets have [3 - 5] pins
RUN-1001 : 24 nets have [6 - 10] pins
RUN-1001 : 12 nets have [11 - 20] pins
RUN-1001 : 3 nets have [21 - 99] pins
RUN-1001 : 4 nets have 100+ pins
RUN-1002 : start command "start_timer -report"
TMR-5001 WARNING: No sdc constraints found while initiating timer.
TMR-2505 : Start building timing graph for model TOP_test.
TMR-2506 : Build timing graph completely. Port num: 12, tpin num: 1777, tnet num: 521, tinst num: 227, tnode num: 2312, tedge num: 3063.
TMR-2508 : Levelizing timing graph completed, there are 19 levels in total.
TMR-2501 : Timing graph initialized successfully.
PHY-1001 : 106 mslices, 106 lslices, 12 pads, 1 brams, 1 dsps
TMR-2503 : Start to update net delay, extr mode = 3.
TMR-2504 : Update delay of 521 nets completely.
TMR-2502 : Annotate delay completely, extr mode = 3.
TMR-3002 : No user constraint, initiate default constraint.
TMR-1501 : Assign derive clock DeriveClock to 258 clock pins, and constraint 535 relative nodes.
TMR-3003 : Constraints initiated successfully.
TMR-3501 : Forward propagation: start to calculate arrival time...
TMR-3502 : Backward propagation: start to calculate required time...
TMR-3503 : Timing propagation completes.
PHY-1001 : Start global routing, caller is route ...
RUN-1001 : Generating global routing grids ...
PHY-1001 : Generate routing nets ...
PHY-1001 : Global iterations in 12 thread ...
PHY-1002 : len = 13856, over cnt = 39(0%), over = 66, worst = 5
PHY-1002 : len = 14200, over cnt = 17(0%), over = 18, worst = 2
PHY-1002 : len = 14464, over cnt = 0(0%), over = 0, worst = 0
PHY-1001 : End global iterations;  0.054334s wall, 0.000000s user + 0.000000s system = 0.000000s CPU (n/a%)

PHY-1001 : Congestion index: top1 = 25.76, top5 = 19.12, top10 = 14.19, top15 = 10.75.
PHY-1001 : End global routing;  0.071641s wall, 0.015625s user + 0.000000s system = 0.015625s CPU (21.8%)

PHY-1001 : Start detail routing ...
PHY-1001 : Current memory(MB): used = 164, reserve = 133, peak = 173.
PHY-1001 : Detailed router is running in normal mode.
PHY-1001 : Generate detailed routing grids ...
PHY-1001 : Generate nets ...
PHY-1001 : net clk_25m_dup_1 will be routed on clock mesh
PHY-1001 : Current memory(MB): used = 259, reserve = 229, peak = 259.
PHY-1001 : End build detailed router design. 1.692366s wall, 0.859375s user + 0.000000s system = 0.859375s CPU (50.8%)

PHY-1001 : Detail Route ...
PHY-1001 : ===== Detail Route Phase 1 =====
PHY-1001 : Clock net routing.....
PHY-1001 : Routed 0% nets.
PHY-1022 : len = 3624, over cnt = 0(0%), over = 0, worst = 0, crit = 0
PHY-1001 : End initial clock net routed; 0.004331s wall, 0.000000s user + 0.000000s system = 0.000000s CPU (n/a%)

PHY-1001 : Current memory(MB): used = 260, reserve = 230, peak = 260.
PHY-1001 : End phase 1; 0.006086s wall, 0.000000s user + 0.000000s system = 0.000000s CPU (n/a%)

PHY-1001 : ===== Detail Route Phase 2 =====
PHY-1001 : Initial routing.....
PHY-1001 : Routed 35% nets.
PHY-1001 : Routed 42% nets.
PHY-1001 : Routed 50% nets.
PHY-1001 : Routed 64% nets.
PHY-1001 : Routed 81% nets.
PHY-1022 : len = 35104, over cnt = 24(0%), over = 24, worst = 1, crit = 0
PHY-1001 : Current memory(MB): used = 266, reserve = 236, peak = 266.
PHY-1001 : End initial routed; 0.240386s wall, 0.062500s user + 0.015625s system = 0.078125s CPU (32.5%)

PHY-1001 : Current memory(MB): used = 266, reserve = 236, peak = 266.
PHY-1001 : End phase 2; 0.240433s wall, 0.062500s user + 0.015625s system = 0.078125s CPU (32.5%)

PHY-1001 : ===== Detail Route Phase 3 =====
PHY-1001 : Ripup-reroute.....
PHY-1001 : ===== DR Iter 1 =====
PHY-1022 : len = 34928, over cnt = 4(0%), over = 4, worst = 1, crit = 0
PHY-1001 : End DR Iter 1; 0.024772s wall, 0.000000s user + 0.000000s system = 0.000000s CPU (n/a%)

PHY-1001 : ===== DR Iter 2 =====
PHY-1022 : len = 34968, over cnt = 0(0%), over = 0, worst = 0, crit = 0
PHY-1001 : End DR Iter 2; 0.007534s wall, 0.000000s user + 0.000000s system = 0.000000s CPU (n/a%)

PHY-1001 : Commit to database.....
PHY-1001 : 1 feed throughs used by 1 nets
PHY-1001 : End commit to database; 0.062667s wall, 0.015625s user + 0.000000s system = 0.015625s CPU (24.9%)

PHY-1001 : Current memory(MB): used = 274, reserve = 244, peak = 274.
PHY-1001 : End phase 3; 0.128783s wall, 0.031250s user + 0.000000s system = 0.031250s CPU (24.3%)

PHY-1003 : Routed, final wirelength = 34968
PHY-1001 : Current memory(MB): used = 274, reserve = 244, peak = 274.
PHY-1001 : End export database. 0.003038s wall, 0.000000s user + 0.000000s system = 0.000000s CPU (n/a%)

PHY-1001 : End detail routing;  2.168014s wall, 1.015625s user + 0.015625s system = 1.031250s CPU (47.6%)

RUN-1003 : finish command "route" in  2.395189s wall, 1.125000s user + 0.015625s system = 1.140625s CPU (47.6%)

RUN-1004 : used memory is 247 MB, reserved memory is 218 MB, peak memory is 274 MB
RUN-1002 : start command "report_area -io_info -file FOC_Controller_phy.area"
RUN-1001 : standard
***Report Model: TOP_test Device: SF1S60CG121I***

IO Statistics
#IO                        12
  #input                    5
  #output                   7
  #inout                    0

Utilization Statistics
#lut                      327   out of   5824    5.61%
#reg                      216   out of   5824    3.71%
#le                       399
  #lut only               183   out of    399   45.86%
  #reg only                72   out of    399   18.05%
  #lut&reg                144   out of    399   36.09%
#dsp                        1   out of     10   10.00%
#bram                       1   out of     26    3.85%
  #bram9k                   1
  #fifo9k                   0
#hard-ip                    0
  #mcu                      0   out of      1    0.00%
  #dsc                      0   out of      1    0.00%
  #dsi                      0   out of      2    0.00%
  #psram controller         0   out of      2    0.00%
#pad                       12   out of     55   21.82%
  #ireg                     0
  #oreg                     4
  #treg                     0
#pll                        0   out of      2    0.00%
#gclk                       0   out of     16    0.00%

Clock Resource Statistics
Index     ClockNet         Type               DriverType         Driver              Fanout
#1        clk_25m_dup_1    GCLK               io                 clk_25m_syn_2.di    129


Detailed IO Report

   Name      Direction    Location    IOStandard    DriveStrength    PullType    PackReg  
  clk_25m      INPUT         D7        LVCMOS18          N/A          PULLUP      NONE    
  hall_u       INPUT        G10        LVCMOS18          N/A          PULLUP      NONE    
  hall_v       INPUT        H11        LVCMOS18          N/A          PULLUP      NONE    
  hall_w       INPUT        H10        LVCMOS18          N/A          PULLUP      NONE    
   rstn        INPUT         J2        LVCMOS18          N/A           NONE       NONE    
   LED0       OUTPUT         J5        LVCMOS18           8            NONE       NONE    
   LED1       OUTPUT         H5        LVCMOS18           8            NONE       NONE    
   LED2       OUTPUT         G4        LVCMOS18           8            NONE       NONE    
   pwm_a      OUTPUT        C10        LVCMOS18           8            NONE       OREG    
   pwm_b      OUTPUT        C11        LVCMOS18           8            NONE       OREG    
   pwm_c      OUTPUT        E11        LVCMOS18           8            NONE       OREG    
  pwm_en      OUTPUT        F11        LVCMOS18           8            NONE       OREG    

Report Hierarchy Area:
+-------------------------------------------------------------------------+
|Instance  |Module   |le     |lut     |ripple  |seq     |bram    |dsp     |
+-------------------------------------------------------------------------+
|top       |TOP_test |399    |223     |104     |220     |1       |1       |
|  u_svpwm |svpwm    |347    |194     |90      |193     |1       |1       |
+-------------------------------------------------------------------------+


DataNet Average Fanout:

   Index     Fanout     Nets  
    #1          1       365   
    #2          2        78   
    #3          3        2    
    #4          4        23   
    #5        5-10       29   
    #6        11-50      10   
    #7       101-500     1    
  Average     2.19            

RUN-1002 : start command "export_db FOC_Controller_pr.db"
RUN-1001 : Exported /
RUN-1001 : Exported flow parameters
RUN-1001 : Exported libs
RUN-1001 : Exported entities
RUN-1001 : Exported ports
RUN-1001 : Exported pins
RUN-1001 : Exported instances
RUN-1001 : Exported nets
RUN-1001 : Exported buses
RUN-1001 : Exported models
RUN-1001 : Exported congestions
RUN-1001 : Exported violations
RUN-1001 : Exported IO constraints
RUN-1001 : Exported Inst constraints
RUN-1002 : start command "export_bid FOC_Controller_inst.bid"
PRG-1000 : <!-- HMAC is: 09106ca1dc0a596e4e6edd5b5da86f69732b707f282e92cd27115529081b1dec -->
RUN-1002 : start command "bitgen -bit FOC_Controller.bit"
BIT-1003 : Start to generate bitstream. 
BIT-1002 : Init instances with 12 threads.
BIT-1002 : Init instances completely, inst num: 227
BIT-1002 : Init pips with 12 threads.
BIT-1002 : Init pips completely, net num: 523, pip num: 3776
BIT-1002 : Init feedthrough completely, num: 1
BIT-1003 : Multithreading accelaration with 12 threads.
BIT-1003 : Generate bitstream completely, there are 360 valid insts, and 11739 bits set as '1'.
BIT-1004 : the usercode register value: 00000000110010000000000000000000
BIT-1004 : Generate bits file FOC_Controller.bit.
RUN-1003 : finish command "bitgen -bit FOC_Controller.bit" in  1.031433s wall, 3.031250s user + 0.015625s system = 3.046875s CPU (295.4%)

RUN-1004 : used memory is 252 MB, reserved memory is 223 MB, peak memory is 428 MB
RUN-1002 : start command "backup_run_log run.log ../.logs/phy_1/td_20231107_212954.log"
