============================================================
   Tang Dynasty, V5.6.71036
      Copyright (c) 2012-2023 Anlogic Inc.
   Executable = D:/Anlogic/TD5.6.2/bin/td.exe
   Built at =   20:34:38 Mar 21 2023
   Run by =     15597
   Run Date =   Wed Nov  8 21:35:00 2023

   Run on =     XR097-DELL-G7
============================================================
RUN-1002 : start command "open_project FOC_Controller.prj"
RUN-1001 : Print Global Property
RUN-1001 : ---------------------------------------------------------------
RUN-1001 :        Parameters        |  Settings  |  Default Values  |  Note  
RUN-1001 : ---------------------------------------------------------------
RUN-1001 :          message         |  standard  |     standard     |        
RUN-1001 :   mixed_pack_place_flow  |     on     |        on        |        
RUN-1001 :        qor_monitor       |    off     |       off        |        
RUN-1001 :        syn_ip_flow       |    off     |       off        |        
RUN-1001 :          thread          |    auto    |       auto       |        
RUN-1001 : ---------------------------------------------------------------
RUN-1001 : Print Design Property
RUN-1001 : --------------------------------------------------------------
RUN-1001 :        Parameters       |  Settings  |  Default Values  |  Note  
RUN-1001 : --------------------------------------------------------------
RUN-1001 :   default_reg_initial   |    auto    |       auto       |        
RUN-1001 :        infer_add        |     on     |        on        |        
RUN-1001 :        infer_fsm        |    off     |       off        |        
RUN-1001 :        infer_mult       |     on     |        on        |        
RUN-1001 :        infer_ram        |     on     |        on        |        
RUN-1001 :        infer_reg        |     on     |        on        |        
RUN-1001 :   infer_reg_init_value  |     on     |        on        |        
RUN-1001 :        infer_rom        |     on     |        on        |        
RUN-1001 :      infer_shifter      |     on     |        on        |        
RUN-1001 : --------------------------------------------------------------
RUN-1001 : Print Rtl Property
RUN-1001 : --------------------------------------------------------------
RUN-1001 :        Parameters       |  Settings  |  Default Values  |  Note  
RUN-1001 : --------------------------------------------------------------
RUN-1001 :       compress_add      |   ripple   |      ripple      |        
RUN-1001 :        elf_sload        |    off     |       off        |        
RUN-1001 :       fix_undriven      |     0      |        0         |        
RUN-1001 :         flatten         |    off     |       off        |        
RUN-1001 :       gate_sharing      |     on     |        on        |        
RUN-1001 :    hdl_warning_level    |   normal   |      normal      |        
RUN-1001 :   impl_internal_tribuf  |     on     |        on        |        
RUN-1001 :      impl_set_reset     |     on     |        on        |        
RUN-1001 :        infer_gsr        |    off     |       off        |        
RUN-1001 :      keep_hierarchy     |    auto    |       auto       |        
RUN-1001 :        max_fanout       |    9999    |       9999       |        
RUN-1001 :      max_oh2bin_len     |     10     |        10        |        
RUN-1001 :       merge_equal       |     on     |        on        |        
RUN-1001 :       merge_equiv       |     on     |        on        |        
RUN-1001 :        merge_mux        |    off     |       off        |        
RUN-1001 :     min_control_set     |     8      |        8         |        
RUN-1001 :      min_ripple_len     |    auto    |       auto       |        
RUN-1001 :       oh2bin_ratio      |    0.08    |       0.08       |        
RUN-1001 :     opt_adder_fanout    |     on     |        on        |        
RUN-1001 :        opt_arith        |     on     |        on        |        
RUN-1001 :       opt_big_gate      |    off     |       off        |        
RUN-1001 :        opt_const        |     on     |        on        |        
RUN-1001 :      opt_const_mult     |     on     |        on        |        
RUN-1001 :       opt_lessthan      |     on     |        on        |        
RUN-1001 :         opt_mux         |    off     |       off        |        
RUN-1001 :         opt_ram         |    high    |       high       |        
RUN-1001 :      rtl_sim_model      |    off     |       off        |        
RUN-1001 :         seq_syn         |     on     |        on        |        
RUN-1001 : --------------------------------------------------------------
HDL-1007 : analyze verilog file ../../al_ip/pll.v
HDL-1007 : undeclared symbol 'open', assumed default net type 'wire' in ../../al_ip/pll.v(88)
HDL-1007 : analyze verilog file ../../RTL/adc_ad7928.v
HDL-1007 : analyze verilog file ../../RTL/foc/cartesian2polar.v
HDL-1007 : analyze verilog file ../../RTL/foc/clark_tr.v
HDL-1007 : analyze verilog file ../../RTL/foc/foc_top.v
HDL-1007 : analyze verilog file ../../RTL/foc/hold_detect.v
HDL-1007 : analyze verilog file ../../RTL/foc/park_tr.v
HDL-1007 : analyze verilog file ../../RTL/foc/pi_controller.v
HDL-1007 : analyze verilog file ../../RTL/foc/sincos.v
HDL-1007 : analyze verilog file ../../RTL/foc/svpwm.v
HDL-1007 : analyze verilog file ../../RTL/fpga_top.v
HDL-1007 : analyze verilog file ../../RTL/i2c_register_read.v
HDL-1007 : analyze verilog file ../../RTL/uart_monitor.v
HDL-1007 : analyze verilog file ../../hall_sensor.v
HDL-1007 : analyze verilog file ../../TOP_test.v
HDL-1007 : analyze verilog file ../../AS5600_sensor.v
RUN-1001 : Project manager successfully analyzed 16 source files.
RUN-1002 : start command "import_device sf1_6.db -package SF1S60CG121I"
ARC-1001 : Device Initialization.
ARC-1001 : -------------------------------------------------
ARC-1001 :       OPTION       |      IO       |   SETTING   
ARC-1001 : -------------------------------------------------
ARC-1001 :        done        |      B4       |    gpio    
ARC-1001 :        initn       |      A5       |    gpio    
ARC-1001 :       jtagen       |      B7       |    gpio    
ARC-1001 :      programn      |      B5       |  dedicate  
ARC-1001 :   tdi/tms/tck/tdo  |  C4/A6/A7/C5  |  dedicate  
ARC-1001 : -------------------------------------------------
ARC-1004 : Device setting, marked 5 dedicate IOs in total.
RUN-1002 : start command "import_db ../syn_1/FOC_Controller_gate.db"
RUN-1001 : Importing database generated by Tang Dynasty, V5.6.71036.
RUN-1001 : Database version number 46146.
RUN-1001 : Import flow parameters
RUN-1001 : Import IO constraints
RUN-1001 : Import Inst constraints
RUN-1001 : Import design success TD_VERSION=5.6.71036 , DB_VERSION=46146
RUN-1003 : finish command "import_db ../syn_1/FOC_Controller_gate.db" in  1.153334s wall, 0.500000s user + 0.078125s system = 0.578125s CPU (50.1%)

RUN-1004 : used memory is 229 MB, reserved memory is 204 MB, peak memory is 232 MB
RUN-1002 : start command "place"
RUN-1001 : Open license file D:/Anlogic/TD5.6.2/license/Anlogic.lic
RUN-1001 : Print Global Property
RUN-1001 : ---------------------------------------------------------------
RUN-1001 :        Parameters        |  Settings  |  Default Values  |  Note  
RUN-1001 : ---------------------------------------------------------------
RUN-1001 :          message         |  standard  |     standard     |        
RUN-1001 :   mixed_pack_place_flow  |     on     |        on        |        
RUN-1001 :        qor_monitor       |    off     |       off        |        
RUN-1001 :        syn_ip_flow       |    off     |       off        |        
RUN-1001 :          thread          |    auto    |       auto       |        
RUN-1001 : ---------------------------------------------------------------
RUN-1001 : Print Place Property
RUN-1001 : --------------------------------------------------------------
RUN-1001 :        Parameters       |  Settings  |  Default Values  |  Note  
RUN-1001 : --------------------------------------------------------------
RUN-1001 :      detailed_place     |     on     |        on        |        
RUN-1001 :          effort         |   medium   |      medium      |        
RUN-1001 :         fix_hold        |    off     |       off        |        
RUN-1001 :       legalization      |    ori     |       ori        |        
RUN-1001 :      new_spreading      |     on     |        on        |        
RUN-1001 :        opt_timing       |   medium   |      medium      |        
RUN-1001 :   post_clock_route_opt  |    off     |       off        |        
RUN-1001 :       pr_strategy       |     1      |        1         |        
RUN-1001 :        relaxation       |    1.00    |       1.00       |        
RUN-1001 :         retiming        |    off     |       off        |        
RUN-1001 : --------------------------------------------------------------
PHY-3001 : Placer runs in 12 thread(s).
RUN-1002 : start command "legalize_phy_inst"
SYN-1011 : Flatten model TOP_test
RUN-1002 : start command "phys_opt -simplify_lut"
SYN-4016 : Net u_pll/clk0_out driven by BUFG (0 clock/control pins, 1 other pins).
SYN-4027 : Net u_foc_controller/u_adc_ad7928/clk is clkc1 of pll u_pll/pll_inst.
SYN-4019 : Net I_clk_25m_dup_1 is refclk of pll u_pll/pll_inst.
SYN-4020 : Net I_clk_25m_dup_1 is fbclk of pll u_pll/pll_inst.
SYN-4024 : Net "u_foc_controller/u_foc_top/init_done" drives clk pins.
SYN-4025 : Tag rtl::Net I_clk_25m_dup_1 as clock net
SYN-4025 : Tag rtl::Net u_foc_controller/u_adc_ad7928/clk as clock net
SYN-4025 : Tag rtl::Net u_foc_controller/u_foc_top/init_done as clock net
SYN-4025 : Tag rtl::Net u_pll/clk0_out as clock net
SYN-4026 : Tagged 4 rtl::Net as clock net
SYN-4015 : Create BUFG instance for clk Net u_foc_controller/u_foc_top/init_done to drive 12 clock pins.
PHY-1001 : Populate physical database on model TOP_test.
RUN-1001 : There are total 3452 instances
RUN-0007 : 1172 luts, 1297 seqs, 605 mslices, 332 lslices, 18 pads, 11 brams, 10 dsps
RUN-1001 : There are total 4824 nets
RUN-1001 : 3364 nets have 2 pins
RUN-1001 : 1126 nets have [3 - 5] pins
RUN-1001 : 184 nets have [6 - 10] pins
RUN-1001 : 95 nets have [11 - 20] pins
RUN-1001 : 48 nets have [21 - 99] pins
RUN-1001 : 7 nets have 100+ pins
RUN-1001 : Report Control nets information:
RUN-1001 : DFF Distribution
RUN-1001 : ----------------------------------
RUN-1001 :   CE   |  SSR  |  ASR  |  DFF Count  
RUN-1001 : ----------------------------------
RUN-1001 :   No   |  No   |  No   |     40      
RUN-1001 :   No   |  No   |  Yes  |     434     
RUN-1001 :   No   |  Yes  |  No   |      9      
RUN-1001 :   Yes  |  No   |  No   |      0      
RUN-1001 :   Yes  |  No   |  Yes  |     814     
RUN-1001 :   Yes  |  Yes  |  No   |      0      
RUN-1001 : ----------------------------------
RUN-0007 : Control Group Statistic
RUN-0007 : ---------------------------
RUN-0007 :   #CLK  |  #CE  |  #SSR/ASR  
RUN-0007 : ---------------------------
RUN-0007 :    2    |  30   |     4      
RUN-0007 : ---------------------------
RUN-0007 : Control Set = 34
PHY-3001 : Initial placement ...
PHY-3001 : design contains 3449 instances, 1172 luts, 1297 seqs, 937 slices, 126 macros(937 instances: 605 mslices 332 lslices)
PHY-0007 : Cell area utilization is 52%
PHY-3001 : Global placement ...
PHY-3001 : Initial: Len = 629158
PHY-3001 : Run with size of 3
PHY-3001 : Cell area utilization is 52%
PHY-3001 : :::0::: Try harder cell spreading with beta_ = 0
PHY-3002 : Step(1): len = 438321, overlap = 79.0312
PHY-3002 : Step(2): len = 406254, overlap = 113.625
PHY-3002 : Step(3): len = 246908, overlap = 117.531
PHY-3002 : Step(4): len = 226425, overlap = 144.188
PHY-3002 : Step(5): len = 203305, overlap = 146.875
PHY-3002 : Step(6): len = 181491, overlap = 135.031
PHY-3002 : Step(7): len = 164006, overlap = 137.062
PHY-3002 : Step(8): len = 148563, overlap = 140.656
PHY-3002 : Step(9): len = 130523, overlap = 165.594
PHY-3002 : Step(10): len = 114882, overlap = 182.281
PHY-3002 : Step(11): len = 102408, overlap = 212.781
PHY-3002 : Step(12): len = 96069.2, overlap = 229.281
PHY-3002 : Step(13): len = 89864.5, overlap = 234
PHY-3002 : Step(14): len = 84569.1, overlap = 247.469
PHY-3002 : Step(15): len = 82046.7, overlap = 255.938
PHY-3001 : :::1::: Try harder cell spreading with beta_ = 6.83626e-06
PHY-3002 : Step(16): len = 80689.9, overlap = 239.125
PHY-3002 : Step(17): len = 82214.3, overlap = 235.094
PHY-3002 : Step(18): len = 83440.4, overlap = 231
PHY-3002 : Step(19): len = 85530.6, overlap = 208.062
PHY-3002 : Step(20): len = 89810.8, overlap = 178.625
PHY-3002 : Step(21): len = 88488.5, overlap = 169.844
PHY-3002 : Step(22): len = 88454.5, overlap = 174.812
PHY-3002 : Step(23): len = 85770.9, overlap = 149.594
PHY-3002 : Step(24): len = 85334.9, overlap = 150.719
PHY-3002 : Step(25): len = 84553.7, overlap = 154.688
PHY-3002 : Step(26): len = 83181.2, overlap = 153.031
PHY-3002 : Step(27): len = 83603, overlap = 163.375
PHY-3002 : Step(28): len = 83938.6, overlap = 150.625
PHY-3002 : Step(29): len = 82964.4, overlap = 148.969
PHY-3002 : Step(30): len = 82554.2, overlap = 158.375
PHY-3002 : Step(31): len = 81898.6, overlap = 158.719
PHY-3001 : :::2::: Try harder cell spreading with beta_ = 1.36725e-05
PHY-3002 : Step(32): len = 81893.1, overlap = 158.031
PHY-3002 : Step(33): len = 82721.3, overlap = 156.75
PHY-3002 : Step(34): len = 83119.1, overlap = 156.531
PHY-3001 : :::3::: Try harder cell spreading with beta_ = 2.21221e-05
PHY-3002 : Step(35): len = 84498.4, overlap = 155.188
PHY-3002 : Step(36): len = 84977.4, overlap = 154.844
PHY-3002 : Step(37): len = 91892.8, overlap = 137.625
PHY-3002 : Step(38): len = 98802.8, overlap = 131.438
PHY-3002 : Step(39): len = 96348.8, overlap = 132.344
PHY-3002 : Step(40): len = 94547.2, overlap = 116.219
PHY-3002 : Step(41): len = 95227.4, overlap = 104.344
PHY-3002 : Step(42): len = 96368.6, overlap = 99.5938
PHY-3002 : Step(43): len = 97536, overlap = 94.6562
PHY-3002 : Step(44): len = 96709.3, overlap = 96.4062
PHY-3002 : Step(45): len = 95204.7, overlap = 87.2188
PHY-3002 : Step(46): len = 94145.5, overlap = 84.2188
PHY-3002 : Step(47): len = 93885, overlap = 79.4375
PHY-3002 : Step(48): len = 93975.4, overlap = 85.6562
PHY-3002 : Step(49): len = 93839.9, overlap = 81.2812
PHY-3002 : Step(50): len = 92821.4, overlap = 79.5
PHY-3002 : Step(51): len = 92556, overlap = 82.625
PHY-3002 : Step(52): len = 92214.9, overlap = 81.7188
PHY-3002 : Step(53): len = 92479.8, overlap = 82.1875
PHY-3002 : Step(54): len = 92185.6, overlap = 83.2812
PHY-3002 : Step(55): len = 91816.1, overlap = 73.1875
PHY-3002 : Step(56): len = 91431.8, overlap = 74.1562
PHY-3002 : Step(57): len = 91183.7, overlap = 73.75
PHY-3002 : Step(58): len = 91570.9, overlap = 72.875
PHY-3002 : Step(59): len = 90818, overlap = 71.3125
PHY-3002 : Step(60): len = 90655.9, overlap = 74.5625
PHY-3002 : Step(61): len = 90326.6, overlap = 73.9062
PHY-3001 : :::4::: Try harder cell spreading with beta_ = 4.42443e-05
PHY-3002 : Step(62): len = 91300.4, overlap = 69.9688
PHY-3002 : Step(63): len = 91619.2, overlap = 68.4688
PHY-3002 : Step(64): len = 91761.4, overlap = 68.7188
PHY-3001 : :::5::: Try harder cell spreading with beta_ = 8.84885e-05
PHY-3002 : Step(65): len = 92056, overlap = 72.4062
PHY-3002 : Step(66): len = 92116.5, overlap = 72.1562
PHY-3002 : Step(67): len = 92798.1, overlap = 66.1562
PHY-3002 : Step(68): len = 92864.4, overlap = 66.0625
PHY-3002 : Step(69): len = 92838.1, overlap = 65.8438
PHY-3001 : Legalization ...
PHY-3001 : End legalization;  0.016672s wall, 0.000000s user + 0.000000s system = 0.000000s CPU (n/a%)

PHY-3001 : Run with size of 3
PHY-3001 : Cell area utilization is 59%
PHY-3001 : Analyzing congestion ...
RUN-1001 : Generating global routing grids ...
RUN-1001 : Building simple global routing graph ...
PHY-1001 : Generate routing nets ...
PHY-1001 : Reuse net number 0/4824.
PHY-1001 : Global iterations in 12 thread ...
PHY-1002 : len = 127072, over cnt = 587(5%), over = 3437, worst = 28
PHY-1001 : End global iterations;  0.262495s wall, 0.046875s user + 0.000000s system = 0.046875s CPU (17.9%)

PHY-1001 : Congestion index: top1 = 97.15, top5 = 67.98, top10 = 56.36, top15 = 49.29.
PHY-3001 : End congestion estimation;  0.319535s wall, 0.046875s user + 0.000000s system = 0.046875s CPU (14.7%)

PHY-3001 : Update density targets...
PHY-3001 : Update congestion history...
PHY-3001 : :::0::: Try harder cell spreading with beta_ = 2.93299e-06
PHY-3002 : Step(70): len = 107911, overlap = 94.0312
PHY-3002 : Step(71): len = 107903, overlap = 93.6562
PHY-3002 : Step(72): len = 101298, overlap = 115.031
PHY-3002 : Step(73): len = 101316, overlap = 134.406
PHY-3002 : Step(74): len = 95381.8, overlap = 139.312
PHY-3002 : Step(75): len = 93167.9, overlap = 140.406
PHY-3002 : Step(76): len = 88746.2, overlap = 141.281
PHY-3002 : Step(77): len = 86897.8, overlap = 171.812
PHY-3002 : Step(78): len = 85428.5, overlap = 170.875
PHY-3002 : Step(79): len = 84020.9, overlap = 169.625
PHY-3002 : Step(80): len = 84157.5, overlap = 158.031
PHY-3002 : Step(81): len = 82836.2, overlap = 158.5
PHY-3002 : Step(82): len = 83043.7, overlap = 159
PHY-3002 : Step(83): len = 83216.8, overlap = 158.781
PHY-3001 : :::1::: Try harder cell spreading with beta_ = 5.86598e-06
PHY-3002 : Step(84): len = 84600.7, overlap = 151.719
PHY-3002 : Step(85): len = 85330.1, overlap = 145.812
PHY-3002 : Step(86): len = 88161.1, overlap = 143.562
PHY-3001 : :::2::: Try harder cell spreading with beta_ = 1.1732e-05
PHY-3002 : Step(87): len = 90835.7, overlap = 137.969
PHY-3002 : Step(88): len = 92241.2, overlap = 131.812
PHY-3002 : Step(89): len = 98646.4, overlap = 87.9062
PHY-3002 : Step(90): len = 99829.1, overlap = 81
PHY-3002 : Step(91): len = 97141.2, overlap = 78.2812
PHY-3002 : Step(92): len = 97092.2, overlap = 77.5312
PHY-3002 : Step(93): len = 94706.3, overlap = 85.875
PHY-3002 : Step(94): len = 94349.9, overlap = 86.625
PHY-3002 : Step(95): len = 94066.9, overlap = 88.625
PHY-3001 : :::3::: Try harder cell spreading with beta_ = 2.34639e-05
PHY-3002 : Step(96): len = 99836.8, overlap = 81.4062
PHY-3002 : Step(97): len = 101019, overlap = 76.3125
PHY-3002 : Step(98): len = 102265, overlap = 79.4375
PHY-3002 : Step(99): len = 103601, overlap = 78.5312
PHY-3002 : Step(100): len = 105488, overlap = 69.0938
PHY-3002 : Step(101): len = 106064, overlap = 65.5
PHY-3002 : Step(102): len = 106609, overlap = 59.0625
PHY-3002 : Step(103): len = 105496, overlap = 59.2188
PHY-3002 : Step(104): len = 105340, overlap = 60.3125
PHY-3002 : Step(105): len = 104482, overlap = 50.5625
PHY-3002 : Step(106): len = 104213, overlap = 52.9375
PHY-3002 : Step(107): len = 103995, overlap = 53.25
PHY-3001 : :::4::: Try harder cell spreading with beta_ = 4.69278e-05
PHY-3002 : Step(108): len = 107601, overlap = 44
PHY-3002 : Step(109): len = 108484, overlap = 45.8125
PHY-3002 : Step(110): len = 109295, overlap = 42.5625
PHY-3002 : Step(111): len = 109993, overlap = 40.0625
PHY-3002 : Step(112): len = 110269, overlap = 41
PHY-3001 : :::5::: Try harder cell spreading with beta_ = 9.38556e-05
PHY-3002 : Step(113): len = 112704, overlap = 41.375
PHY-3002 : Step(114): len = 113877, overlap = 42.2188
PHY-3002 : Step(115): len = 115887, overlap = 42.125
PHY-3002 : Step(116): len = 116055, overlap = 35.8438
PHY-3002 : Step(117): len = 115740, overlap = 39.8125
PHY-3002 : Step(118): len = 115376, overlap = 40.875
PHY-3002 : Step(119): len = 114094, overlap = 39.3438
PHY-3002 : Step(120): len = 113555, overlap = 34.8438
PHY-3002 : Step(121): len = 113134, overlap = 34.0625
PHY-3001 : :::6::: Try harder cell spreading with beta_ = 0.000187711
PHY-3002 : Step(122): len = 114785, overlap = 36
PHY-3002 : Step(123): len = 116122, overlap = 34.625
PHY-3002 : Step(124): len = 117398, overlap = 33.4375
PHY-3001 : :::7::: Try harder cell spreading with beta_ = 0.000375423
PHY-3002 : Step(125): len = 118414, overlap = 32.5938
PHY-3002 : Step(126): len = 121550, overlap = 29.4062
PHY-3002 : Step(127): len = 122666, overlap = 26.6875
PHY-3002 : Step(128): len = 123295, overlap = 26.7812
PHY-3002 : Step(129): len = 123746, overlap = 27.0625
PHY-3001 : :::8::: Try harder cell spreading with beta_ = 0.000750845
PHY-3002 : Step(130): len = 124339, overlap = 26.8125
PHY-3002 : Step(131): len = 125478, overlap = 27.1875
PHY-3002 : Step(132): len = 126421, overlap = 26.5
PHY-3002 : Step(133): len = 127081, overlap = 27.75
PHY-3002 : Step(134): len = 127892, overlap = 26.8125
PHY-3002 : Step(135): len = 128705, overlap = 27.3125
PHY-3002 : Step(136): len = 128782, overlap = 25.8125
PHY-3002 : Step(137): len = 128668, overlap = 25.8125
PHY-3001 : :::9::: Try harder cell spreading with beta_ = 0.0014316
PHY-3002 : Step(138): len = 128977, overlap = 25.875
PHY-3002 : Step(139): len = 129723, overlap = 25.875
PHY-3001 : Run with size of 1
PHY-3001 : Cell area utilization is 59%
PHY-3001 : Analyzing congestion ...
RUN-1001 : Generating global routing grids ...
PHY-1001 : Generate routing nets ...
PHY-1001 : Reuse net number 21/4824.
PHY-1001 : Global iterations in 12 thread ...
PHY-1002 : len = 144064, over cnt = 651(5%), over = 2899, worst = 35
PHY-1001 : End global iterations;  0.237407s wall, 0.140625s user + 0.000000s system = 0.140625s CPU (59.2%)

PHY-1001 : Congestion index: top1 = 72.85, top5 = 53.37, top10 = 45.87, top15 = 41.38.
PHY-3001 : End congestion estimation;  0.292012s wall, 0.140625s user + 0.000000s system = 0.140625s CPU (48.2%)

PHY-3001 : Update density targets...
PHY-3001 : Update congestion history...
PHY-3001 : :::0::: Try harder cell spreading with beta_ = 7.28744e-05
PHY-3002 : Step(140): len = 130476, overlap = 173.062
PHY-3002 : Step(141): len = 131159, overlap = 162.438
PHY-3002 : Step(142): len = 124566, overlap = 162.406
PHY-3002 : Step(143): len = 122046, overlap = 150.969
PHY-3002 : Step(144): len = 120764, overlap = 154.594
PHY-3002 : Step(145): len = 120180, overlap = 156.125
PHY-3002 : Step(146): len = 119285, overlap = 136.781
PHY-3002 : Step(147): len = 117666, overlap = 132.031
PHY-3002 : Step(148): len = 114827, overlap = 148.844
PHY-3002 : Step(149): len = 112926, overlap = 136.562
PHY-3002 : Step(150): len = 112205, overlap = 143.75
PHY-3002 : Step(151): len = 111984, overlap = 137.562
PHY-3002 : Step(152): len = 111800, overlap = 136.844
PHY-3001 : :::1::: Try harder cell spreading with beta_ = 0.000145749
PHY-3002 : Step(153): len = 112485, overlap = 141
PHY-3002 : Step(154): len = 112953, overlap = 140.938
PHY-3002 : Step(155): len = 114268, overlap = 139.844
PHY-3002 : Step(156): len = 114857, overlap = 138.438
PHY-3002 : Step(157): len = 115181, overlap = 129.969
PHY-3001 : :::2::: Try harder cell spreading with beta_ = 0.000291497
PHY-3002 : Step(158): len = 116368, overlap = 124.375
PHY-3002 : Step(159): len = 116626, overlap = 121.844
PHY-3002 : Step(160): len = 117411, overlap = 119.125
PHY-3002 : Step(161): len = 117748, overlap = 120
PHY-3002 : Step(162): len = 118213, overlap = 118.938
PHY-3002 : Step(163): len = 118411, overlap = 117.031
PHY-3002 : Step(164): len = 119178, overlap = 116.625
PHY-3001 : :::3::: Try harder cell spreading with beta_ = 0.000518667
PHY-3002 : Step(165): len = 119935, overlap = 115.719
PHY-3002 : Step(166): len = 120767, overlap = 113.438
PHY-3002 : Step(167): len = 121801, overlap = 114.469
PHY-3001 : :::4::: Try harder cell spreading with beta_ = 0.000839202
PHY-3002 : Step(168): len = 121910, overlap = 110.688
PHY-3002 : Step(169): len = 122995, overlap = 111.281
PHY-3002 : Step(170): len = 123831, overlap = 103.844
PHY-3002 : Step(171): len = 124286, overlap = 104.156
PHY-3002 : Step(172): len = 125354, overlap = 106.125
PHY-3002 : Step(173): len = 126358, overlap = 104.781
PHY-3002 : Step(174): len = 126602, overlap = 105.562
PHY-3002 : Step(175): len = 126925, overlap = 104.469
PHY-3002 : Step(176): len = 127420, overlap = 104.438
PHY-3001 : :::5::: Try harder cell spreading with beta_ = 0.00138613
PHY-3002 : Step(177): len = 127783, overlap = 104.188
PHY-3002 : Step(178): len = 128138, overlap = 103.375
PHY-3002 : Step(179): len = 128489, overlap = 102.344
PHY-3001 : :::6::: Try harder cell spreading with beta_ = 0.00224276
PHY-3002 : Step(180): len = 128665, overlap = 102.094
PHY-3002 : Step(181): len = 129918, overlap = 101.219
PHY-3002 : Step(182): len = 130992, overlap = 101.625
PHY-3002 : Step(183): len = 131572, overlap = 95.0938
PHY-3002 : Step(184): len = 131943, overlap = 96.2188
PHY-3002 : Step(185): len = 132336, overlap = 92.1562
PHY-3002 : Step(186): len = 132626, overlap = 90.3125
PHY-3002 : Step(187): len = 132955, overlap = 91.0312
PHY-3002 : Step(188): len = 133198, overlap = 90.4688
PHY-3001 : :::7::: Try harder cell spreading with beta_ = 0.00369641
PHY-3002 : Step(189): len = 133244, overlap = 90.375
PHY-3002 : Step(190): len = 133420, overlap = 90.4688
OPT-1001 : Start physical optimization ...
OPT-1001 : Total overflow 90.47 peak overflow 1.81
OPT-1001 : Start high-fanout net optimization ...
OPT-1001 : Update timing in global mode
PHY-1001 : Start incremental global routing, caller is place ...
RUN-1001 : Generating global routing grids ...
PHY-1001 : Generate routing nets ...
PHY-1001 : Reuse net number 204/4824.
PHY-1001 : Global iterations in 12 thread ...
PHY-1002 : len = 151592, over cnt = 668(6%), over = 2324, worst = 21
PHY-1001 : End global iterations;  0.282358s wall, 0.218750s user + 0.000000s system = 0.218750s CPU (77.5%)

PHY-1001 : Congestion index: top1 = 66.11, top5 = 51.01, top10 = 43.84, top15 = 39.96.
PHY-1001 : End incremental global routing;  0.338072s wall, 0.234375s user + 0.000000s system = 0.234375s CPU (69.3%)

RUN-1002 : start command "start_timer -report"
TMR-5001 WARNING: No sdc constraints found while initiating timer.
TMR-2505 : Start building timing graph for model TOP_test.
TMR-2506 : Build timing graph completely. Port num: 18, tpin num: 17733, tnet num: 4821, tinst num: 3449, tnode num: 22565, tedge num: 30920.
TMR-2508 : Levelizing timing graph completed, there are 61 levels in total.
TMR-2501 : Timing graph initialized successfully.
OPT-1001 : End timing update;  0.444243s wall, 0.187500s user + 0.000000s system = 0.187500s CPU (42.2%)

OPT-1001 : 0 high-fanout net processed.
OPT-1001 : End high-fanout net optimization;  0.857870s wall, 0.453125s user + 0.000000s system = 0.453125s CPU (52.8%)

OPT-1001 : Current memory(MB): used = 300, reserve = 275, peak = 300.
OPT-1001 : End physical optimization;  0.892796s wall, 0.468750s user + 0.000000s system = 0.468750s CPU (52.5%)

PHY-3001 : Start packing ...
SYN-4007 : Packing 0 MUX to BLE ...
SYN-4008 : Packed 0 MUX and 0 SEQ to BLE.
SYN-4007 : Packing 1172 LUT to BLE ...
SYN-4008 : Packed 1172 LUT and 700 SEQ to BLE.
SYN-4003 : Packing 597 remaining SEQ's ...
SYN-4005 : Packed 285 SEQ with LUT/SLICE
SYN-4006 : 308 single LUT's are left
SYN-4006 : 312 single SEQ's are left
SYN-4011 : Packing model "TOP_test" (AL_USER_NORMAL) with 1484/2467 primitive instances ...
PHY-3001 : End packing;  0.145626s wall, 0.031250s user + 0.000000s system = 0.031250s CPU (21.5%)

PHY-1001 : Populate physical database on model TOP_test.
RUN-1001 : There are total 1788 instances
RUN-1001 : 871 mslices, 871 lslices, 18 pads, 11 brams, 10 dsps
RUN-1001 : There are total 4201 nets
RUN-1001 : 2792 nets have 2 pins
RUN-1001 : 1073 nets have [3 - 5] pins
RUN-1001 : 191 nets have [6 - 10] pins
RUN-1001 : 96 nets have [11 - 20] pins
RUN-1001 : 44 nets have [21 - 99] pins
RUN-1001 : 5 nets have 100+ pins
PHY-3001 : design contains 1785 instances, 1742 slices, 126 macros(937 instances: 605 mslices 332 lslices)
PHY-3001 : Cell area utilization is 66%
PHY-3001 : After packing: Len = 132906, Over = 127.5
PHY-3001 : Run with size of 1
PHY-3001 : Cell area utilization is 66%
PHY-3001 : Analyzing congestion ...
RUN-1001 : Generating global routing grids ...
PHY-1001 : Generate routing nets ...
PHY-1001 : Reuse net number 2505/4201.
PHY-1001 : Global iterations in 12 thread ...
PHY-1002 : len = 151000, over cnt = 479(4%), over = 1428, worst = 21
PHY-1002 : len = 157968, over cnt = 311(2%), over = 609, worst = 13
PHY-1002 : len = 160664, over cnt = 169(1%), over = 328, worst = 9
PHY-1002 : len = 164296, over cnt = 7(0%), over = 7, worst = 1
PHY-1002 : len = 164648, over cnt = 0(0%), over = 0, worst = 0
PHY-1001 : End global iterations;  0.399236s wall, 0.125000s user + 0.000000s system = 0.125000s CPU (31.3%)

PHY-1001 : Congestion index: top1 = 54.31, top5 = 44.54, top10 = 40.13, top15 = 37.40.
PHY-3001 : End congestion estimation;  0.464207s wall, 0.156250s user + 0.000000s system = 0.156250s CPU (33.7%)

PHY-3001 : Update density targets...
PHY-3001 : Update congestion history...
PHY-3001 : :::0::: Try harder cell spreading with beta_ = 3.39386e-05
PHY-3002 : Step(191): len = 119092, overlap = 137.75
PHY-3002 : Step(192): len = 116516, overlap = 134.25
PHY-3002 : Step(193): len = 115119, overlap = 135.5
PHY-3002 : Step(194): len = 114523, overlap = 137.75
PHY-3002 : Step(195): len = 112984, overlap = 135.75
PHY-3002 : Step(196): len = 111679, overlap = 142.25
PHY-3002 : Step(197): len = 111112, overlap = 150.5
PHY-3002 : Step(198): len = 109899, overlap = 148.5
PHY-3002 : Step(199): len = 109790, overlap = 150.25
PHY-3002 : Step(200): len = 108879, overlap = 146
PHY-3002 : Step(201): len = 107909, overlap = 148.75
PHY-3002 : Step(202): len = 107909, overlap = 148.75
PHY-3002 : Step(203): len = 107757, overlap = 154.25
PHY-3001 : :::1::: Try harder cell spreading with beta_ = 6.78469e-05
PHY-3002 : Step(204): len = 111744, overlap = 139.5
PHY-3002 : Step(205): len = 113755, overlap = 136
PHY-3002 : Step(206): len = 116065, overlap = 131.5
PHY-3002 : Step(207): len = 115836, overlap = 129
PHY-3002 : Step(208): len = 115745, overlap = 127.75
PHY-3002 : Step(209): len = 115748, overlap = 129.75
PHY-3001 : :::2::: Try harder cell spreading with beta_ = 0.000123244
PHY-3002 : Step(210): len = 118785, overlap = 125.75
PHY-3002 : Step(211): len = 121728, overlap = 121
PHY-3002 : Step(212): len = 122411, overlap = 119
PHY-3002 : Step(213): len = 121688, overlap = 122.75
PHY-3002 : Step(214): len = 121556, overlap = 120.5
PHY-3002 : Step(215): len = 121873, overlap = 117.25
PHY-3001 : Legalization ...
PHY-3001 : End legalization;  0.439842s wall, 0.062500s user + 0.046875s system = 0.109375s CPU (24.9%)

PHY-3001 : Trial Legalized: Len = 132925
PHY-3001 : Run with size of 1
PHY-3001 : Cell area utilization is 63%
PHY-3001 : Analyzing congestion ...
RUN-1001 : Generating global routing grids ...
PHY-1001 : Generate routing nets ...
PHY-1001 : Reuse net number 382/4201.
PHY-1001 : Global iterations in 12 thread ...
PHY-1002 : len = 156776, over cnt = 430(3%), over = 731, worst = 9
PHY-1002 : len = 159600, over cnt = 194(1%), over = 265, worst = 6
PHY-1002 : len = 161136, over cnt = 110(0%), over = 137, worst = 5
PHY-1002 : len = 163144, over cnt = 5(0%), over = 5, worst = 1
PHY-1002 : len = 163576, over cnt = 0(0%), over = 0, worst = 0
PHY-1001 : End global iterations;  0.522312s wall, 0.171875s user + 0.000000s system = 0.171875s CPU (32.9%)

PHY-1001 : Congestion index: top1 = 51.18, top5 = 43.86, top10 = 39.80, top15 = 36.98.
PHY-3001 : End congestion estimation;  0.591395s wall, 0.187500s user + 0.000000s system = 0.187500s CPU (31.7%)

PHY-3001 : Update density targets...
PHY-3001 : Update congestion history...
PHY-3001 : :::0::: Try harder cell spreading with beta_ = 5.65302e-05
PHY-3002 : Step(216): len = 124601, overlap = 53.75
PHY-3002 : Step(217): len = 122803, overlap = 68.25
PHY-3002 : Step(218): len = 122128, overlap = 70
PHY-3002 : Step(219): len = 122085, overlap = 69.25
PHY-3002 : Step(220): len = 122109, overlap = 64
PHY-3001 : :::1::: Try harder cell spreading with beta_ = 0.00011306
PHY-3002 : Step(221): len = 124378, overlap = 59.5
PHY-3002 : Step(222): len = 125233, overlap = 56.25
PHY-3002 : Step(223): len = 126174, overlap = 53.25
PHY-3001 : :::2::: Try harder cell spreading with beta_ = 0.000226121
PHY-3002 : Step(224): len = 127593, overlap = 52.25
PHY-3002 : Step(225): len = 128269, overlap = 50.25
PHY-3002 : Step(226): len = 129537, overlap = 46.5
PHY-3002 : Step(227): len = 130135, overlap = 46.75
PHY-3002 : Step(228): len = 130346, overlap = 45
PHY-3001 : Legalization ...
PHY-3001 : End legalization;  0.005034s wall, 0.000000s user + 0.000000s system = 0.000000s CPU (n/a%)

PHY-3001 : Legalized: Len = 132022, Over = 0
PHY-3001 : End spreading;  0.009930s wall, 0.000000s user + 0.000000s system = 0.000000s CPU (n/a%)

PHY-3001 : Final: Len = 132022, Over = 0
RUN-1003 : finish command "place" in  10.708025s wall, 3.218750s user + 0.578125s system = 3.796875s CPU (35.5%)

RUN-1004 : used memory is 285 MB, reserved memory is 260 MB, peak memory is 301 MB
RUN-1002 : start command "export_db FOC_Controller_place.db"
RUN-1001 : Exported /
RUN-1001 : Exported flow parameters
RUN-1001 : Exported libs
RUN-1001 : Exported entities
RUN-1001 : Exported ports
RUN-1001 : Exported pins
RUN-1001 : Exported instances
RUN-1001 : Exported nets
RUN-1001 : Exported buses
RUN-1001 : Exported models
RUN-1001 : Exported congestions
RUN-1001 : Exported violations
RUN-1001 : Exported IO constraints
RUN-1001 : Exported Inst constraints
RUN-1003 : finish command "export_db FOC_Controller_place.db" in  1.086573s wall, 0.796875s user + 0.031250s system = 0.828125s CPU (76.2%)

RUN-1004 : used memory is 274 MB, reserved memory is 249 MB, peak memory is 360 MB
RUN-1002 : start command "route"
RUN-1001 : Open license file D:/Anlogic/TD5.6.2/license/Anlogic.lic
RUN-1001 : Print Global Property
RUN-1001 : ---------------------------------------------------------------
RUN-1001 :        Parameters        |  Settings  |  Default Values  |  Note  
RUN-1001 : ---------------------------------------------------------------
RUN-1001 :          message         |  standard  |     standard     |        
RUN-1001 :   mixed_pack_place_flow  |     on     |        on        |        
RUN-1001 :        qor_monitor       |    off     |       off        |        
RUN-1001 :        syn_ip_flow       |    off     |       off        |        
RUN-1001 :          thread          |    auto    |       auto       |        
RUN-1001 : ---------------------------------------------------------------
RUN-1001 : Print Route Property
RUN-1001 : -------------------------------------------------------
RUN-1001 :    Parameters    |  Settings  |  Default Values  |  Note  
RUN-1001 : -------------------------------------------------------
RUN-1001 :      effort      |   medium   |      medium      |        
RUN-1001 :     fix_hold     |    off     |       off        |        
RUN-1001 :    opt_timing    |   medium   |      medium      |        
RUN-1001 :   phy_sim_model  |    off     |       off        |        
RUN-1001 :     priority     |   timing   |      timing      |        
RUN-1001 :     swap_pin     |     on     |        on        |        
RUN-1001 : -------------------------------------------------------
PHY-1001 : Route runs in 12 thread(s)
RUN-1001 : There are total 1788 instances
RUN-1001 : 871 mslices, 871 lslices, 18 pads, 11 brams, 10 dsps
RUN-1001 : There are total 4201 nets
RUN-1001 : 2792 nets have 2 pins
RUN-1001 : 1073 nets have [3 - 5] pins
RUN-1001 : 191 nets have [6 - 10] pins
RUN-1001 : 96 nets have [11 - 20] pins
RUN-1001 : 44 nets have [21 - 99] pins
RUN-1001 : 5 nets have 100+ pins
RUN-1002 : start command "start_timer -report"
TMR-5001 WARNING: No sdc constraints found while initiating timer.
TMR-2505 : Start building timing graph for model TOP_test.
TMR-2506 : Build timing graph completely. Port num: 18, tpin num: 15020, tnet num: 4198, tinst num: 1785, tnode num: 18378, tedge num: 27574.
TMR-2508 : Levelizing timing graph completed, there are 59 levels in total.
TMR-2501 : Timing graph initialized successfully.
PHY-1001 : 871 mslices, 871 lslices, 18 pads, 11 brams, 10 dsps
TMR-2503 : Start to update net delay, extr mode = 3.
TMR-2504 : Update delay of 4198 nets completely.
TMR-2502 : Annotate delay completely, extr mode = 3.
TMR-3002 : No user constraint, initiate default constraint.
TMR-1501 : Assign derive clock DeriveClock to 1544 clock pins, and constraint 3356 relative nodes.
TMR-3003 : Constraints initiated successfully.
TMR-3501 : Forward propagation: start to calculate arrival time...
TMR-3502 : Backward propagation: start to calculate required time...
TMR-3503 : Timing propagation completes.
PHY-1001 : Start global routing, caller is route ...
RUN-1001 : Generating global routing grids ...
PHY-1001 : Generate routing nets ...
PHY-1001 : Global iterations in 12 thread ...
PHY-1002 : len = 151776, over cnt = 412(3%), over = 768, worst = 9
PHY-1002 : len = 156184, over cnt = 206(1%), over = 279, worst = 5
PHY-1002 : len = 158264, over cnt = 99(0%), over = 125, worst = 5
PHY-1002 : len = 160232, over cnt = 2(0%), over = 2, worst = 1
PHY-1002 : len = 160328, over cnt = 0(0%), over = 0, worst = 0
PHY-1001 : End global iterations;  0.530902s wall, 0.203125s user + 0.000000s system = 0.203125s CPU (38.3%)

PHY-1001 : Congestion index: top1 = 50.56, top5 = 42.05, top10 = 37.61, top15 = 35.28.
PHY-1001 : End global routing;  0.605309s wall, 0.218750s user + 0.000000s system = 0.218750s CPU (36.1%)

PHY-1001 : Start detail routing ...
PHY-1001 : Current memory(MB): used = 348, reserve = 324, peak = 360.
PHY-1001 : Detailed router is running in normal mode.
PHY-1001 : Generate detailed routing grids ...
PHY-1001 : Generate nets ...
PHY-1001 : net I_clk_25m_dup_1 will be routed on clock mesh
PHY-1001 : net u_foc_controller/u_adc_ad7928/clk will be routed on clock mesh
PHY-1001 : clock net u_foc_controller/u_foc_top/init_done_syn_4 will be merged with clock u_foc_controller/u_foc_top/init_done
PHY-1001 : clock net u_pll/clk0_out will be merged with clock u_pll/clk0_buf
PHY-1001 : Current memory(MB): used = 431, reserve = 409, peak = 431.
PHY-1001 : End build detailed router design. 1.910861s wall, 0.765625s user + 0.000000s system = 0.765625s CPU (40.1%)

PHY-1001 : Detail Route ...
PHY-1001 : ===== Detail Route Phase 1 =====
PHY-1001 : Clock net routing.....
PHY-1001 : Routed 0% nets.
PHY-1022 : len = 65488, over cnt = 0(0%), over = 0, worst = 0, crit = 0
PHY-1001 : End initial clock net routed; 0.346168s wall, 0.125000s user + 0.000000s system = 0.125000s CPU (36.1%)

PHY-1001 : Current memory(MB): used = 443, reserve = 420, peak = 443.
PHY-1001 : End phase 1; 0.348029s wall, 0.125000s user + 0.000000s system = 0.125000s CPU (35.9%)

PHY-1001 : ===== Detail Route Phase 2 =====
PHY-1001 : Initial routing.....
PHY-1001 : Routed 36% nets.
PHY-1001 : Routed 43% nets.
PHY-1001 : Routed 52% nets.
PHY-1001 : Routed 62% nets.
PHY-1001 : Routed 80% nets.
PHY-1022 : len = 374864, over cnt = 158(0%), over = 158, worst = 1, crit = 0
PHY-1001 : Current memory(MB): used = 444, reserve = 421, peak = 444.
PHY-1001 : End initial routed; 3.369172s wall, 1.453125s user + 0.062500s system = 1.515625s CPU (45.0%)

PHY-1001 : Current memory(MB): used = 444, reserve = 421, peak = 444.
PHY-1001 : End phase 2; 3.369221s wall, 1.453125s user + 0.062500s system = 1.515625s CPU (45.0%)

PHY-1001 : ===== Detail Route Phase 3 =====
PHY-1001 : Ripup-reroute.....
PHY-1001 : ===== DR Iter 1 =====
PHY-1022 : len = 373168, over cnt = 36(0%), over = 36, worst = 1, crit = 0
PHY-1001 : End DR Iter 1; 0.123822s wall, 0.046875s user + 0.000000s system = 0.046875s CPU (37.9%)

PHY-1001 : ===== DR Iter 2 =====
PHY-1022 : len = 373392, over cnt = 4(0%), over = 4, worst = 1, crit = 0
PHY-1001 : End DR Iter 2; 0.051867s wall, 0.000000s user + 0.000000s system = 0.000000s CPU (n/a%)

PHY-1001 : ===== DR Iter 3 =====
PHY-1022 : len = 373456, over cnt = 1(0%), over = 1, worst = 1, crit = 0
PHY-1001 : End DR Iter 3; 0.033012s wall, 0.015625s user + 0.000000s system = 0.015625s CPU (47.3%)

PHY-1001 : ===== DR Iter 4 =====
PHY-1022 : len = 373488, over cnt = 0(0%), over = 0, worst = 0, crit = 0
PHY-1001 : End DR Iter 4; 0.029882s wall, 0.000000s user + 0.000000s system = 0.000000s CPU (n/a%)

PHY-1001 : Commit to database.....
PHY-5014 WARNING: Detail route doesn't find pib for u_pll/pll_inst.dsm_rst[0]
PHY-5014 WARNING: Detail route doesn't find pib for u_pll/pll_inst.ssc_en[0]
PHY-5014 WARNING: Detail route doesn't find pib for u_pll/pll_inst.dsm_refclk[0]
PHY-5014 WARNING: Detail route doesn't find pib for u_pll/pll_inst.frac_offset_valid[0]
PHY-1001 : 16 feed throughs used by 16 nets
PHY-1001 : End commit to database; 0.556545s wall, 0.281250s user + 0.000000s system = 0.281250s CPU (50.5%)

PHY-1001 : Current memory(MB): used = 462, reserve = 440, peak = 462.
PHY-1001 : End phase 3; 0.854159s wall, 0.406250s user + 0.000000s system = 0.406250s CPU (47.6%)

PHY-1003 : Routed, final wirelength = 373488
PHY-1001 : Current memory(MB): used = 463, reserve = 441, peak = 463.
PHY-1001 : End export database. 0.012142s wall, 0.000000s user + 0.000000s system = 0.000000s CPU (n/a%)

PHY-1001 : End detail routing;  6.622819s wall, 2.781250s user + 0.078125s system = 2.859375s CPU (43.2%)

RUN-1003 : finish command "route" in  7.905884s wall, 3.281250s user + 0.078125s system = 3.359375s CPU (42.5%)

RUN-1004 : used memory is 394 MB, reserved memory is 374 MB, peak memory is 463 MB
RUN-1002 : start command "report_area -io_info -file FOC_Controller_phy.area"
RUN-1001 : standard
***Report Model: TOP_test Device: SF1S60CG121I***

IO Statistics
#IO                        18
  #input                    8
  #output                   9
  #inout                    1

Utilization Statistics
#lut                     3067   out of   5824   52.66%
#reg                     1309   out of   5824   22.48%
#le                      3379
  #lut only              2070   out of   3379   61.26%
  #reg only               312   out of   3379    9.23%
  #lut&reg                997   out of   3379   29.51%
#dsp                       10   out of     10  100.00%
#bram                      11   out of     26   42.31%
  #bram9k                  11
  #fifo9k                   0
#hard-ip                    0
  #mcu                      0   out of      1    0.00%
  #dsc                      0   out of      1    0.00%
  #dsi                      0   out of      2    0.00%
  #psram controller         0   out of      2    0.00%
#pad                       18   out of     55   32.73%
  #ireg                     1
  #oreg                    10
  #treg                     1
#pll                        1   out of      2   50.00%
#gclk                       2   out of     16   12.50%

Clock Resource Statistics
Index     ClockNet                                Type               DriverType         Driver                                                  Fanout
#1        u_foc_controller/u_adc_ad7928/clk       GCLK               pll                u_pll/pll_inst.clkc1                                    765
#2        u_foc_controller/u_foc_top/init_done    GCLK               lslice             u_foc_controller/u_foc_top/u_svpwm/mult0_syn_1407.q0    8
#3        I_clk_25m_dup_1                         GeneralRouting     io                 I_clk_25m_syn_2.di                                      1


Detailed IO Report

     Name       Direction    Location    IOStandard    DriveStrength    PullType     PackReg   
  I_clk_25m       INPUT         D7        LVCMOS18          N/A          PULLUP       NONE     
   I_hall_u       INPUT        G10        LVCMOS18          N/A          PULLUP       NONE     
   I_hall_v       INPUT        H11        LVCMOS18          N/A          PULLUP       NONE     
   I_hall_w       INPUT        H10        LVCMOS18          N/A          PULLUP       NONE     
    I_rstn        INPUT         J2        LVCMOS18          N/A          PULLUP       NONE     
  I_spi_miso      INPUT         B9        LVCMOS18          N/A          PULLUP       IREG     
     key1         INPUT         H2        LVCMOS18          N/A          PULLUP       NONE     
     key2         INPUT         J4        LVCMOS18          N/A          PULLUP       NONE     
  O_i2c_scl      OUTPUT         G3        LVCMOS18           8            NONE        OREG     
   O_pwm_a       OUTPUT        C10        LVCMOS18           8            NONE        OREG     
   O_pwm_b       OUTPUT        C11        LVCMOS18           8            NONE        OREG     
   O_pwm_c       OUTPUT        E11        LVCMOS18           8            NONE        OREG     
   O_pwm_en      OUTPUT        F11        LVCMOS18           8            NONE        OREG     
  O_spi_mosi     OUTPUT         B8        LVCMOS18           8            NONE        OREG     
  O_spi_sck      OUTPUT         A9        LVCMOS18           8            NONE        OREG     
   O_spi_ss      OUTPUT         A8        LVCMOS18           8            NONE        OREG     
  O_uart_tx      OUTPUT         A4        LVCMOS18           8            NONE        OREG     
  IO_i2c_sda      INOUT         H3        LVCMOS18           8           PULLUP     OREG;TREG  

Report Hierarchy Area:
+------------------------------------------------------------------------------------------------+
|Instance                |Module            |le     |lut     |ripple  |seq     |bram    |dsp     |
+------------------------------------------------------------------------------------------------+
|top                     |TOP_test          |3379   |2130    |937     |1321    |11      |10      |
|  u_foc_controller      |foc_controller    |3107   |1894    |901     |1163    |11      |10      |
|    u_adc_ad7928        |adc_ad7928        |151    |87      |28      |77      |0       |0       |
|    u_as5600_encoder    |as5600_encoder    |405    |239     |156     |91      |0       |0       |
|      u_as5600_read     |i2c_register_read |249    |160     |82      |59      |0       |0       |
|    u_foc_top           |foc_top           |2551   |1568    |717     |995     |11      |10      |
|      u_adc_sn_ctrl     |hold_detect       |20     |16      |4       |10      |0       |0       |
|      u_cartesian2polar |cartesian2polar   |356    |278     |59      |188     |8       |1       |
|      u_clark_tr        |clark_tr          |170    |55      |44      |105     |0       |0       |
|      u_id_pi           |pi_controller     |568    |339     |206     |162     |0       |3       |
|      u_iq_pi           |pi_controller     |631    |360     |240     |170     |0       |2       |
|      u_park_tr         |park_tr           |206    |143     |44      |87      |2       |4       |
|        u_sincos        |sincos            |145    |119     |26      |58      |2       |0       |
|      u_svpwm           |svpwm             |465    |310     |95      |184     |1       |0       |
|  u_pll                 |pll               |0      |0       |0       |0       |0       |0       |
|  u_uart_monitor        |uart_monitor      |195    |181     |14      |110     |0       |0       |
+------------------------------------------------------------------------------------------------+


DataNet Average Fanout:

   Index     Fanout     Nets  
    #1          1       2771  
    #2          2       586   
    #3          3       425   
    #4          4        62   
    #5        5-10      214   
    #6        11-50     111   
    #7       51-100      5    
    #8       101-500     2    
  Average     2.40            

RUN-1002 : start command "export_db FOC_Controller_pr.db"
RUN-1001 : Exported /
RUN-1001 : Exported flow parameters
RUN-1001 : Exported libs
RUN-1001 : Exported entities
RUN-1001 : Exported ports
RUN-1001 : Exported pins
RUN-1001 : Exported instances
RUN-1001 : Exported nets
RUN-1001 : Exported buses
RUN-1001 : Exported models
RUN-1001 : Exported congestions
RUN-1001 : Exported violations
RUN-1001 : Exported IO constraints
RUN-1001 : Exported Inst constraints
RUN-1003 : finish command "export_db FOC_Controller_pr.db" in  1.230285s wall, 1.015625s user + 0.015625s system = 1.031250s CPU (83.8%)

RUN-1004 : used memory is 401 MB, reserved memory is 383 MB, peak memory is 477 MB
RUN-1002 : start command "export_bid FOC_Controller_inst.bid"
PRG-1000 : <!-- HMAC is: 6b861322dd0de563203fbe03c30b788e711c277bbb67479877cd6350b45f30ee -->
RUN-1002 : start command "bitgen -bit FOC_Controller.bit"
BIT-1003 : Start to generate bitstream. 
BIT-1002 : Init instances with 12 threads.
BIT-1002 : Init instances completely, inst num: 1785
BIT-1002 : Init pips with 12 threads.
BIT-1002 : Init pips completely, net num: 4201, pip num: 33112
BIT-1002 : Init feedthrough with 12 threads.
BIT-1002 : Init feedthrough completely, num: 16
BIT-1003 : Multithreading accelaration with 12 threads.
BIT-1003 : Generate bitstream completely, there are 1053 valid insts, and 104864 bits set as '1'.
BIT-1004 : the usercode register value: 00000000110001010000000000000000
BIT-1004 : Generate bits file FOC_Controller.bit.
RUN-1003 : finish command "bitgen -bit FOC_Controller.bit" in  3.147409s wall, 20.218750s user + 0.031250s system = 20.250000s CPU (643.4%)

RUN-1004 : used memory is 412 MB, reserved memory is 394 MB, peak memory is 582 MB
RUN-1002 : start command "backup_run_log run.log ../.logs/phy_1/td_20231108_213500.log"
